  0.487   730165.001
  0.487   730165.008
  0.000   730165.015
  0.487   730165.022
  0.000   730165.028
  1.048   730165.035
  1.450   730165.042
  1.529   730165.049
  1.490   730165.056
  1.293   730165.063
  1.500   730165.070
  1.458   730165.077
  1.443   730165.084
  1.394   730165.091
  1.430   730165.098
  1.331   730165.105
  1.213   730165.112
  1.336   730165.119
  1.227   730165.126
  1.482   730165.133
  1.453   730165.140
  1.464   730165.147
  1.245   730165.153
  1.291   730165.160
  1.448   730165.167
  1.346   730165.174
  1.269   730165.181
  1.423   730165.188
  1.580   730165.195
  1.374   730165.202
  1.453   730165.209
  1.289   730165.216
  1.203   730165.223
  1.424   730165.230
  1.328   730165.237
  1.461   730165.244
  1.288   730165.251
  1.325   730165.258
  1.340   730165.265
  1.259   730165.272
  1.177   730165.278
  1.511   730165.285
  1.285   730165.292
  1.323   730165.299
  1.293   730165.306
  1.319   730165.313
  1.553   730165.320
  1.224   730165.327
  1.419   730165.334
  1.223   730165.341
  1.290   730165.348
  1.313   730165.355
  1.167   730165.362
  1.248   730165.369
  1.545   730165.376
  1.211   730165.383
  1.313   730165.390
  1.287   730165.397
  1.470   730165.403
  1.286   730165.410
  1.670   730165.417
  1.354   730165.424
  1.345   730165.431
  1.283   730165.438
  1.389   730165.445
  1.239   730165.466
  1.305   730165.473
  1.246   730165.480
  1.305   730165.487
  1.443   730165.494
  1.240   730165.501
  1.298   730165.508
  1.411   730165.515
  1.128   730165.522
  1.388   730165.528
    NaN   730165.535
  1.291   730165.542
  1.215   730165.549
  1.337   730165.556
  1.339   730165.563
  1.268   730165.570
  1.323   730165.577
  1.220   730165.584
  1.179   730165.591
  1.242   730165.598
  1.103   730165.605
  1.347   730165.612
  1.223   730165.619
  1.064   730165.626
  1.118   730165.633
  1.229   730165.640
  1.389   730165.647
  1.188   730165.653
  1.089   730165.660
  1.118   730165.667
  1.211   730165.674
  1.121   730165.681
  0.937   730165.688
  1.042   730165.695
  1.216   730165.702
  1.185   730165.709
  1.008   730165.716
  1.043   730165.723
  1.197   730165.730
  1.011   730165.737
  1.043   730165.744
  1.088   730165.751
  1.056   730165.758
  1.051   730165.765
  1.037   730165.772
  1.016   730165.778
  0.949   730165.785
  0.950   730165.792
  1.006   730165.799
  0.984   730165.806
  0.979   730165.813
  0.878   730165.820
  1.075   730165.827
  1.018   730165.834
  0.977   730165.841
  0.921   730165.848
  1.042   730165.855
  0.892   730165.862
  0.939   730165.869
  0.971   730165.876
  0.963   730165.883
  1.026   730165.890
  1.140   730165.897
  0.912   730165.903
  0.990   730165.910
  0.919   730165.917
  1.133   730165.924
  1.043   730165.932
  0.934   730165.939
  0.972   730165.945
  1.116   730165.952
  0.944   730165.959
  0.920   730165.966
  0.946   730165.973
  0.971   730165.980
  1.039   730165.987
  1.056   730165.994
