  0.320   730026.000
  0.360   730026.000
  0.360   730026.010
  1.450   730026.020
  0.390   730026.020
  0.380   730026.030
  0.340   730026.040
  0.370   730026.050
  0.370   730026.050
  0.380   730026.060
  0.340   730026.070
  0.330   730026.070
  0.350   730026.080
  0.340   730026.090
  0.360   730026.090
  3.880   730026.100
  3.880   730026.110
  0.360   730026.110
  0.360   730026.120
  0.360   730026.130
  0.360   730026.140
  0.390   730026.140
  0.370   730026.150
  0.390   730026.160
  0.390   730026.160
  0.380   730026.170
  0.380   730026.180
  0.400   730026.180
  0.400   730026.190
  0.400   730026.200
  0.410   730026.200
  0.410   730026.210
  0.410   730026.220
  0.390   730026.230
  0.390   730026.230
  0.360   730026.240
  0.370   730026.250
  0.380   730026.250
  0.400   730026.260
  0.400   730026.270
  0.380   730026.270
  0.390   730026.280
  0.360   730026.290
  0.390   730026.300
  0.350   730026.300
  0.360   730026.310
  0.380   730026.320
  0.380   730026.320
  0.380   730026.340
  0.390   730026.350
  0.400   730026.360
  0.360   730026.360
  0.380   730026.370
  0.400   730026.380
  0.360   730026.390
  0.410   730026.390
  0.410   730026.400
  0.420   730026.410
  0.380   730026.410
  0.410   730026.420
  0.450   730026.430
  0.460   730026.430
  0.460   730026.440
  0.460   730026.450
  0.530   730026.450
  0.480   730026.460
  0.460   730026.470
  0.460   730026.480
  0.490   730026.480
  0.470   730026.490
  0.460   730026.500
  0.460   730026.500
  0.460   730026.510
  0.460   730026.520
  0.500   730026.520
  0.490   730026.530
  0.450   730026.540
  0.470   730026.550
  0.440   730026.550
  0.450   730026.560
  0.770   730026.570
  0.800   730026.570
  0.480   730026.580
  0.530   730026.590
  0.550   730026.590
  0.470   730026.600
  0.500   730026.610
  0.500   730026.610
  0.480   730026.620
  0.520   730026.630
  0.500   730026.640
  0.540   730026.640
  0.570   730026.650
  0.610   730026.660
  0.520   730026.660
  0.550   730026.670
  0.550   730026.680
  0.530   730026.680
  0.540   730026.690
  0.520   730026.700
  0.510   730026.700
  0.540   730026.710
  0.530   730026.720
  0.560   730026.730
  0.560   730026.730
  0.500   730026.740
  0.490   730026.750
  0.500   730026.750
  0.530   730026.760
  0.510   730026.770
  0.570   730026.770
  0.590   730026.780
  0.560   730026.790
  0.560   730026.800
  0.570   730026.800
  0.840   730026.810
  0.590   730026.820
  0.500   730026.820
  0.520   730026.830
  0.490   730026.840
  0.990   730026.840
  0.990   730026.850
  0.570   730026.860
    NaN   730026.860
    NaN   730026.870
  0.560   730026.880
  0.610   730026.890
  0.570   730026.890
  0.510   730026.900
  0.550   730026.910
  0.530   730026.910
  0.560   730026.920
  0.590   730026.930
  0.580   730026.930
  0.590   730026.940
  0.610   730026.950
  0.610   730026.950
  0.580   730026.960
  0.660   730026.970
  0.650   730026.980
  0.660   730026.980
  0.660   730026.990
