  0.050   730026.000
  0.050   730026.000
  0.050   730026.010
  0.050   730026.020
  0.050   730026.030
  0.050   730026.030
  0.050   730026.040
  0.050   730026.050
  0.060   730026.050
  0.060   730026.060
  0.060   730026.070
  0.060   730026.070
  0.050   730026.080
  0.060   730026.090
  0.060   730026.090
  0.060   730026.100
  0.060   730026.110
  0.060   730026.120
  0.050   730026.120
  0.060   730026.130
  0.060   730026.140
  0.050   730026.140
  0.050   730026.150
  0.050   730026.160
  0.060   730026.160
  0.060   730026.170
  0.080   730026.180
  0.050   730026.180
  0.050   730026.190
  0.040   730026.200
  0.040   730026.210
  0.050   730026.210
  0.040   730026.220
  0.040   730026.230
  0.040   730026.230
  0.040   730026.240
  0.050   730026.250
  0.040   730026.250
  0.040   730026.260
  0.040   730026.270
  0.040   730026.280
  0.040   730026.280
  0.040   730026.290
  0.040   730026.300
  0.040   730026.300
  0.040   730026.310
  0.040   730026.320
  0.040   730026.320
  0.040   730026.330
  0.040   730026.340
  0.040   730026.340
  0.040   730026.350
  0.040   730026.360
  0.040   730026.370
  0.050   730026.370
  0.050   730026.380
  0.050   730026.390
  0.050   730026.390
  0.060   730026.400
  0.060   730026.410
  0.060   730026.410
  0.060   730026.420
  0.070   730026.430
  0.070   730026.430
  0.070   730026.440
  0.070   730026.450
  0.070   730026.460
  0.070   730026.460
  0.070   730026.470
  0.080   730026.480
  0.070   730026.480
  0.070   730026.490
  0.060   730026.500
  0.070   730026.500
  0.070   730026.510
  0.070   730026.520
  0.070   730026.530
  0.080   730026.530
  0.070   730026.540
  0.070   730026.550
  0.070   730026.550
  0.070   730026.560
  0.070   730026.570
  0.090   730026.570
  0.080   730026.580
  0.070   730026.590
  0.060   730026.590
  0.050   730026.600
  0.060   730026.610
  0.060   730026.620
  0.070   730026.620
  0.060   730026.630
  0.060   730026.640
  0.060   730026.640
  0.060   730026.650
  0.050   730026.660
  0.050   730026.660
  0.050   730026.670
  0.050   730026.680
  0.050   730026.680
  0.040   730026.690
  0.040   730026.700
  0.050   730026.710
  0.040   730026.710
  0.040   730026.720
  0.040   730026.730
  0.040   730026.730
  0.040   730026.740
  0.040   730026.750
  0.050   730026.750
  0.040   730026.760
  0.040   730026.770
  0.040   730026.780
  0.030   730026.780
  0.030   730026.790
  0.030   730026.800
  0.030   730026.800
  0.060   730026.810
  0.050   730026.820
  0.040   730026.820
  0.040   730026.830
  0.030   730026.840
  0.030   730026.840
  0.030   730026.850
  0.030   730026.860
  0.030   730026.870
  0.030   730026.870
  0.030   730026.880
  0.020   730026.890
  0.030   730026.890
  0.030   730026.900
  0.030   730026.910
  0.030   730026.910
  0.020   730026.920
  0.030   730026.930
  0.030   730026.930
  0.030   730026.940
  0.030   730026.950
  0.030   730026.960
  0.050   730026.960
  0.030   730026.970
  0.020   730026.980
  0.020   730026.980
  0.020   730026.990
