  0.823   730337.002
  0.823   730337.002
  0.019   730337.002
  0.019   730337.002
  0.603   730337.002
  0.603   730337.002
  0.840   730337.009
  0.840   730337.009
  0.751   730337.015
  0.751   730337.015
  0.935   730337.022
  0.935   730337.022
  0.851   730337.029
  0.851   730337.029
  0.754   730337.036
  0.754   730337.036
  0.867   730337.043
  0.867   730337.043
  0.817   730337.050
  0.817   730337.050
  0.794   730337.056
  0.794   730337.056
  0.863   730337.064
  0.863   730337.064
  0.868   730337.071
  0.868   730337.071
  0.785   730337.078
  0.785   730337.078
  0.804   730337.085
  0.804   730337.085
  0.803   730337.092
  0.803   730337.092
  0.832   730337.099
  0.832   730337.099
  0.697   730337.106
  0.697   730337.106
  0.825   730337.113
  0.825   730337.113
  0.789   730337.119
  0.789   730337.119
  0.807   730337.126
  0.807   730337.126
  0.900   730337.133
  0.900   730337.133
  0.844   730337.140
  0.844   730337.140
  0.899   730337.147
  0.899   730337.147
  0.845   730337.154
  0.845   730337.154
  0.853   730337.161
  0.853   730337.161
  0.905   730337.168
  0.905   730337.168
  0.859   730337.175
  0.859   730337.175
  0.903   730337.182
  0.903   730337.182
  0.846   730337.189
  0.846   730337.189
  0.761   730337.196
  0.761   730337.196
  0.943   730337.203
  0.943   730337.203
  0.870   730337.210
  0.870   730337.210
  0.790   730337.217
  0.790   730337.217
  0.827   730337.224
  0.827   730337.224
  0.731   730337.231
  0.731   730337.231
  0.866   730337.238
  0.866   730337.238
  0.798   730337.245
  0.798   730337.245
  0.859   730337.251
  0.859   730337.251
  0.867   730337.258
  0.867   730337.258
  0.816   730337.265
  0.816   730337.265
  0.800   730337.272
  0.800   730337.272
  0.838   730337.279
  0.838   730337.279
  0.844   730337.286
  0.844   730337.286
  0.822   730337.293
  0.822   730337.293
  0.759   730337.300
  0.759   730337.300
  0.748   730337.307
  0.748   730337.307
  0.753   730337.314
  0.753   730337.314
  0.704   730337.321
  0.704   730337.321
  0.678   730337.328
  0.678   730337.328
  0.760   730337.335
  0.760   730337.335
  0.729   730337.342
  0.729   730337.342
  0.739   730337.349
  0.739   730337.349
  0.690   730337.356
  0.690   730337.356
  0.810   730337.363
  0.810   730337.363
  0.795   730337.369
  0.795   730337.369
  0.708   730337.376
  0.708   730337.376
  0.729   730337.383
  0.729   730337.383
  0.609   730337.390
  0.609   730337.390
  0.601   730337.397
  0.601   730337.397
  0.666   730337.404
  0.666   730337.404
  0.731   730337.411
  0.731   730337.411
  0.713   730337.418
  0.713   730337.418
  0.673   730337.425
  0.673   730337.425
  0.729   730337.432
  0.729   730337.432
  0.733   730337.439
  0.733   730337.439
  0.712   730337.446
  0.712   730337.446
  0.694   730337.453
  0.694   730337.453
  0.739   730337.460
  0.739   730337.460
  0.805   730337.467
  0.805   730337.467
  0.686   730337.474
  0.686   730337.474
  0.804   730337.481
  0.804   730337.481
  0.673   730337.487
  0.673   730337.487
  0.745   730337.494
  0.745   730337.494
  0.804   730337.501
  0.804   730337.501
  0.767   730337.508
  0.767   730337.508
  0.819   730337.515
  0.819   730337.515
  0.859   730337.522
  0.859   730337.522
  0.741   730337.529
  0.741   730337.529
  0.778   730337.536
  0.778   730337.536
  0.809   730337.543
  0.809   730337.543
  0.843   730337.550
  0.843   730337.550
  0.892   730337.557
  0.892   730337.557
  0.823   730337.564
  0.823   730337.564
  0.922   730337.571
  0.922   730337.571
  0.893   730337.578
  0.893   730337.578
  0.831   730337.585
  0.831   730337.585
  0.868   730337.592
  0.868   730337.592
  0.862   730337.599
  0.862   730337.599
  0.773   730337.606
  0.773   730337.606
  0.757   730337.613
  0.757   730337.613
  0.829   730337.619
  0.829   730337.619
  0.871   730337.626
  0.871   730337.626
  0.785   730337.633
  0.785   730337.633
  0.894   730337.640
  0.894   730337.640
  0.836   730337.647
  0.836   730337.647
  0.809   730337.654
  0.809   730337.654
  0.905   730337.661
  0.905   730337.661
  0.723   730337.668
  0.723   730337.668
  0.774   730337.675
  0.774   730337.675
  0.820   730337.682
  0.820   730337.682
  0.876   730337.689
  0.876   730337.689
  0.698   730337.696
  0.698   730337.696
  0.860   730337.703
  0.860   730337.703
  0.809   730337.710
  0.809   730337.710
  0.707   730337.779
  0.707   730337.779
  0.819   730337.786
  0.819   730337.786
  0.692   730337.793
  0.692   730337.793
  0.785   730337.800
  0.785   730337.800
  0.577   730337.807
  0.577   730337.807
  0.676   730337.814
  0.676   730337.814
  8.207   730337.821
  8.207   730337.821
  0.735   730337.828
  0.735   730337.828
  0.671   730337.835
  0.671   730337.835
  0.657   730337.842
  0.657   730337.842
  0.719   730337.849
  0.719   730337.849
  0.683   730337.856
  0.683   730337.856
  0.641   730337.863
  0.641   730337.863
  0.763   730337.870
  0.763   730337.870
  0.664   730337.877
  0.664   730337.877
  0.631   730337.884
  0.631   730337.884
  0.756   730337.891
  0.756   730337.891
  0.669   730337.897
  0.669   730337.897
  0.676   730337.904
  0.676   730337.904
  0.642   730337.911
  0.642   730337.911
  0.599   730337.918
  0.599   730337.918
  0.668   730337.925
  0.668   730337.925
  0.630   730337.932
  0.630   730337.932
  0.604   730337.939
  0.604   730337.939
  0.695   730337.946
  0.695   730337.946
  0.635   730337.953
  0.635   730337.953
  0.665   730337.960
  0.665   730337.960
  0.661   730337.967
  0.661   730337.967
  0.692   730337.974
  0.692   730337.974
  0.701   730337.981
  0.701   730337.981
  0.601   730337.988
  0.601   730337.988
  0.626   730337.995
  0.626   730337.995
