  1.002   730337.002
  0.006   730337.002
  0.600   730337.002
  0.853   730337.008
  0.803   730337.015
  0.915   730337.022
  1.065   730337.029
  1.070   730337.036
  0.949   730337.043
  0.897   730337.050
  0.842   730337.056
  0.970   730337.063
  0.897   730337.071
  0.818   730337.077
  0.885   730337.084
  1.019   730337.092
  0.833   730337.098
  0.980   730337.105
  0.992   730337.112
  0.947   730337.119
  0.858   730337.126
  1.031   730337.133
  3.481   730337.140
  0.968   730337.147
  0.913   730337.154
  0.825   730337.161
  0.810   730337.168
  0.895   730337.175
  0.852   730337.182
  0.998   730337.189
  1.000   730337.195
  0.949   730337.202
  0.722   730337.209
  0.851   730337.216
  0.809   730337.223
  0.988   730337.230
  0.854   730337.237
  0.890   730337.244
  0.964   730337.251
  0.924   730337.258
  0.818   730337.265
  0.986   730337.272
  1.057   730337.279
  1.051   730337.286
  1.051   730337.293
  1.045   730337.300
  1.088   730337.307
  0.992   730337.314
  1.084   730337.320
  1.031   730337.327
  1.048   730337.334
  0.953   730337.341
  0.991   730337.348
  1.117   730337.355
  1.171   730337.362
  0.982   730337.369
  1.011   730337.376
  1.164   730337.383
  1.072   730337.390
  1.105   730337.397
  1.106   730337.404
  5.952   730337.411
  1.067   730337.418
  1.194   730337.425
  1.102   730337.432
  1.125   730337.438
  1.167   730337.445
  0.978   730337.452
  1.144   730337.459
  1.234   730337.466
  1.278   730337.473
  1.129   730337.480
  1.100   730337.487
  1.060   730337.494
  0.990   730337.501
  1.009   730337.508
  1.109   730337.515
  1.072   730337.522
  1.135   730337.529
  1.172   730337.536
  1.205   730337.543
  1.209   730337.550
  1.007   730337.557
  1.077   730337.564
  1.097   730337.571
  1.080   730337.577
  1.005   730337.584
  0.926   730337.591
  1.160   730337.598
  0.975   730337.605
  1.020   730337.612
  1.018   730337.619
  1.110   730337.626
  1.064   730337.633
  2.328   730337.640
  1.238   730337.647
  0.974   730337.654
  0.972   730337.661
  0.956   730337.668
  0.910   730337.675
  0.955   730337.682
  1.054   730337.689
  1.055   730337.695
  0.981   730337.702
  1.061   730337.709
  1.100   730337.716
  0.939   730337.723
  0.942   730337.730
  0.992   730337.737
  1.185   730337.744
  1.092   730337.751
  0.929   730337.758
  1.075   730337.765
  1.148   730337.772
  1.085   730337.779
  0.985   730337.786
  1.011   730337.793
  0.986   730337.800
  1.091   730337.807
  1.039   730337.814
  1.080   730337.820
  1.089   730337.827
  1.217   730337.834
  1.091   730337.841
  1.113   730337.848
  1.107   730337.855
  0.872   730337.862
  1.061   730337.869
  1.111   730337.876
  1.089   730337.883
  1.046   730337.890
  5.503   730337.897
  1.000   730337.904
  0.989   730337.911
  1.037   730337.918
  1.031   730337.925
  0.998   730337.932
  1.029   730337.939
  0.903   730337.946
  0.910   730337.953
  1.031   730337.959
  0.913   730337.966
  0.947   730337.973
  1.044   730337.980
  0.984   730337.987
  0.995   730337.994
