  0.011   730337.001
  0.002   730337.001
  0.003   730337.001
  0.011   730337.007
  0.008   730337.014
  0.009   730337.021
  0.008   730337.028
  0.009   730337.035
  0.009   730337.042
  0.011   730337.049
  0.022   730337.055
  0.011   730337.063
  0.013   730337.070
  0.013   730337.077
  0.011   730337.084
  0.011   730337.091
  0.009   730337.098
  0.007   730337.105
  0.010   730337.111
  0.010   730337.118
  0.008   730337.125
  0.007   730337.132
  0.007   730337.139
  0.006   730337.146
  0.005   730337.153
  0.005   730337.160
  0.005   730337.167
  0.005   730337.174
  0.004   730337.181
  0.004   730337.188
  0.006   730337.195
  0.005   730337.202
  0.006   730337.209
  0.006   730337.216
  0.006   730337.223
  0.006   730337.230
  0.005   730337.236
  0.006   730337.243
  0.005   730337.250
  0.005   730337.257
  0.004   730337.264
  0.005   730337.271
  0.005   730337.278
  0.005   730337.285
  0.005   730337.292
  0.006   730337.299
  0.004   730337.306
  0.004   730337.313
  0.005   730337.320
  0.005   730337.327
  0.004   730337.334
  0.005   730337.341
  0.005   730337.348
  0.005   730337.355
  0.005   730337.361
  0.006   730337.368
  0.005   730337.375
  0.005   730337.382
  0.005   730337.389
  0.005   730337.396
  0.005   730337.403
  0.005   730337.410
  0.005   730337.417
  0.006   730337.424
  0.005   730337.431
  0.006   730337.438
  0.005   730337.445
  0.005   730337.452
  0.005   730337.459
  0.005   730337.466
  0.005   730337.473
  0.005   730337.480
  0.657   730337.486
  0.005   730337.493
  0.005   730337.500
  0.004   730337.507
  0.005   730337.514
  0.005   730337.521
  0.004   730337.528
  0.004   730337.535
  0.005   730337.542
  0.005   730337.549
  0.004   730337.556
  0.005   730337.563
  0.005   730337.570
  0.005   730337.577
  0.004   730337.584
  0.005   730337.591
  0.004   730337.598
  0.005   730337.604
  0.004   730337.611
  0.004   730337.618
  0.004   730337.625
  0.004   730337.632
  0.004   730337.639
  0.004   730337.646
  0.004   730337.653
  0.004   730337.660
  0.003   730337.667
  0.004   730337.674
  0.004   730337.681
  0.004   730337.688
  0.005   730337.695
  0.004   730337.702
  0.005   730337.709
  0.005   730337.716
  0.006   730337.722
  0.004   730337.730
  0.004   730337.737
  0.005   730337.743
  0.006   730337.750
  0.004   730337.757
  0.004   730337.764
  0.004   730337.771
  0.004   730337.778
  0.004   730337.785
  0.004   730337.792
  0.004   730337.799
  0.004   730337.806
  0.004   730337.813
  0.003   730337.820
  0.003   730337.827
  0.003   730337.834
  0.004   730337.841
  0.003   730337.848
  0.003   730337.854
  0.003   730337.862
  0.003   730337.868
  0.004   730337.875
  0.004   730337.882
  0.003   730337.889
  0.003   730337.896
  0.004   730337.903
  0.003   730337.910
  0.004   730337.917
  0.003   730337.924
  0.004   730337.931
  0.003   730337.938
  0.003   730337.945
  0.003   730337.952
  0.004   730337.959
  0.004   730337.966
  0.025   730337.973
  0.005   730337.980
  0.972   730337.986
  0.004   730337.993
