  0.335   730337.000
  0.003   730337.007
  0.265   730337.007
  0.280   730337.014
  0.310   730337.021
  0.289   730337.028
  0.323   730337.035
  0.301   730337.042
  0.283   730337.049
  0.323   730337.055
  0.367   730337.062
  0.339   730337.069
  0.325   730337.076
  0.428   730337.083
  0.344   730337.090
  0.346   730337.097
  0.356   730337.104
  0.397   730337.111
  0.372   730337.118
  0.396   730337.125
  0.348   730337.132
  0.399   730337.139
  0.383   730337.146
  0.398   730337.153
  0.380   730337.160
  0.378   730337.167
  0.376   730337.174
  0.354   730337.180
  0.484   730337.187
  0.392   730337.194
  0.416   730337.201
  1.114   730337.208
  1.197   730337.215
  0.630   730337.222
  0.669   730337.229
  0.443   730337.236
  0.515   730337.243
  0.442   730337.250
  0.585   730337.257
  0.370   730337.264
  0.336   730337.271
  0.386   730337.278
  0.348   730337.285
  0.345   730337.292
  0.339   730337.298
  0.332   730337.305
  0.330   730337.312
  0.315   730337.319
  0.336   730337.326
  0.348   730337.333
  0.282   730337.340
  0.315   730337.347
  0.282   730337.354
  0.294   730337.361
  0.309   730337.368
  0.304   730337.375
  0.521   730337.382
  0.314   730337.389
  0.286   730337.396
  0.280   730337.403
  0.289   730337.410
  0.266   730337.417
  0.300   730337.424
  0.262   730337.430
  0.269   730337.437
  0.271   730337.444
  0.284   730337.451
  0.305   730337.458
  0.281   730337.465
  0.281   730337.472
  0.305   730337.479
  0.302   730337.486
  0.287   730337.493
  0.271   730337.500
  0.276   730337.507
  0.320   730337.514
  0.301   730337.521
  0.277   730337.528
  0.282   730337.535
  0.279   730337.542
  0.292   730337.548
  0.298   730337.555
  0.261   730337.562
  0.291   730337.569
  0.300   730337.576
  0.276   730337.583
    NaN   730337.590
    NaN   730337.597
  0.314   730337.604
  0.288   730337.611
  0.335   730337.618
  0.304   730337.625
  0.321   730337.632
  0.621   730337.639
  0.299   730337.646
  0.320   730337.653
  0.307   730337.660
  0.289   730337.667
  0.329   730337.673
  0.319   730337.680
  0.309   730337.687
  0.286   730337.694
  0.301   730337.701
  0.295   730337.708
  0.293   730337.715
  0.328   730337.722
  0.271   730337.729
  0.280   730337.736
  0.291   730337.743
  0.294   730337.750
  0.301   730337.757
  0.234   730337.764
  0.260   730337.771
  0.288   730337.778
  0.257   730337.785
  0.258   730337.792
  0.246   730337.798
  0.261   730337.805
  0.215   730337.812
  0.261   730337.819
  0.228   730337.826
  0.247   730337.833
  0.242   730337.840
  0.255   730337.847
  0.260   730337.854
  0.221   730337.861
  0.240   730337.868
  0.208   730337.875
  0.216   730337.882
  0.239   730337.889
  0.207   730337.896
  0.203   730337.903
  0.217   730337.910
  0.205   730337.917
  0.220   730337.923
  0.208   730337.931
  0.206   730337.937
  0.215   730337.944
  0.233   730337.951
  0.225   730337.958
  0.209   730337.965
  0.242   730337.972
  0.200   730337.979
  0.194   730337.986
  0.206   730337.993
  0.194   730338.000
