  0.000   730004.000
  0.000   730004.000
  2.050   730004.010
  3.660   730004.020
  2.390   730004.030
  2.960   730004.030
  3.750   730004.040
  0.000   730004.050
  0.000   730004.050
  0.000   730004.060
  0.000   730004.070
  0.000   730004.070
  4.660   730004.080
  7.230   730004.090
 11.050   730004.100
    NaN   730004.100
  6.800   730004.110
  7.070   730004.120
  2.540   730004.120
  5.230   730004.130
  4.170   730004.140
  8.390   730004.140
  8.840   730004.150
  4.230   730004.160
  0.000   730004.160
  0.000   730004.170
  0.000   730004.180
  0.000   730004.180
  0.000   730004.190
  0.000   730004.200
  0.000   730004.210
  0.000   730004.210
  0.000   730004.220
  0.000   730004.230
  0.000   730004.230
  0.000   730004.240
  0.000   730004.250
  0.000   730004.250
  6.970   730004.260
  3.360   730004.270
  0.000   730004.280
  0.000   730004.280
  0.000   730004.290
  0.000   730004.300
  0.000   730004.300
  0.000   730004.310
  0.000   730004.320
  0.000   730004.320
  0.000   730004.330
  0.000   730004.340
  0.000   730004.350
  0.000   730004.350
  0.000   730004.360
  0.000   730004.370
  0.000   730004.370
  0.000   730004.380
  0.000   730004.390
  0.000   730004.390
  0.000   730004.400
  5.350   730004.410
  2.060   730004.410
  0.000   730004.420
  0.000   730004.430
  0.000   730004.430
  0.000   730004.440
  0.000   730004.450
  0.000   730004.460
  0.000   730004.460
  0.000   730004.470
  0.000   730004.480
  0.000   730004.480
  0.000   730004.490
  0.000   730004.500
  0.000   730004.500
  0.000   730004.510
  0.000   730004.520
  0.000   730004.530
  0.000   730004.530
  0.000   730004.540
  0.000   730004.550
  0.000   730004.550
  0.000   730004.560
  0.000   730004.570
  0.000   730004.570
  0.000   730004.580
  0.000   730004.590
  0.000   730004.600
  0.000   730004.600
  0.000   730004.610
  0.000   730004.620
  0.000   730004.620
  0.000   730004.630
  0.000   730004.640
  0.000   730004.640
  0.000   730004.650
  0.000   730004.660
  0.000   730004.660
  0.000   730004.670
  0.000   730004.680
  0.000   730004.690
  0.000   730004.690
  0.000   730004.700
  0.000   730004.710
  0.000   730004.710
  0.000   730004.720
  0.690   730004.730
  0.480   730004.730
  0.000   730004.740
  0.000   730004.750
  0.000   730004.750
  0.000   730004.760
  0.000   730004.770
  0.000   730004.780
  0.000   730004.780
  0.000   730004.790
  0.000   730004.800
  0.000   730004.800
  0.000   730004.810
  0.000   730004.820
  0.000   730004.820
  0.000   730004.830
  2.540   730004.840
  3.910   730004.850
  0.000   730004.850
  0.000   730004.860
  0.000   730004.870
  0.000   730004.870
  0.000   730004.880
  0.000   730004.890
    NaN   730004.890
    NaN   730004.900
  0.000   730004.910
  0.000   730004.910
  0.000   730004.920
  0.000   730004.930
  5.060   730004.940
  4.480   730004.940
  0.000   730004.950
  0.000   730004.960
  0.000   730004.960
  0.000   730004.970
  0.000   730004.980
  0.000   730004.980
  0.000   730004.990
