    NaN   729323.000
  1.446   729323.010
  1.309   729323.021
  1.338   729323.031
  1.247   729323.042
  1.403   729323.052
  1.174   729323.063
  1.255   729323.073
  1.229   729323.083
  1.431   729323.094
  1.619   729323.104
  1.457   729323.115
  1.463   729323.125
  1.380   729323.135
  1.413   729323.146
  1.678   729323.156
  1.731   729323.167
  1.739   729323.177
  1.648   729323.188
  1.596   729323.198
  1.439   729323.208
  1.492   729323.219
  1.465   729323.229
  1.558   729323.240
  1.564   729323.250
  1.668   729323.260
  1.433   729323.271
  1.581   729323.281
  1.510   729323.292
  1.470   729323.302
  1.390   729323.313
  1.261   729323.323
  1.393   729323.333
  1.365   729323.344
  1.337   729323.354
  1.321   729323.365
  1.380   729323.396
  1.124   729323.406
  1.160   729323.417
  1.070   729323.427
  1.206   729323.438
  1.239   729323.448
  1.493   729323.458
  1.380   729323.469
  1.455   729323.479
  1.438   729323.490
  1.485   729323.500
  1.686   729323.510
  1.415   729323.521
  1.444   729323.531
  1.511   729323.542
  1.413   729323.552
  1.105   729323.563
  1.127   729323.573
  1.239   729323.583
  1.358   729323.594
  1.241   729323.604
  1.295   729323.615
  1.262   729323.625
  1.265   729323.635
  1.280   729323.646
  1.123   729323.656
  1.121   729323.667
  1.121   729323.677
  1.287   729323.688
  1.151   729323.698
  1.139   729323.708
  1.056   729323.719
  1.232   729323.729
  1.182   729323.740
  1.260   729323.750
  1.092   729323.760
  1.188   729323.771
  1.168   729323.781
  1.119   729323.792
  1.251   729323.802
  1.171   729323.813
  1.263   729323.823
  1.132   729323.833
  1.149   729323.844
  1.312   729323.854
  1.209   729323.865
  1.180   729323.875
  1.153   729323.885
  1.339   729323.896
  1.060   729323.906
  1.129   729323.917
  1.214   729323.927
  1.060   729323.938
  0.929   729323.948
  1.210   729323.958
  1.098   729323.969
  1.000   729323.979
  0.955   729323.990
