  0.633   730136.209
  0.689   730136.216
  0.879   730136.223
  1.010   730136.230
  1.038   730136.237
  0.885   730136.244
  0.992   730136.251
  1.385   730136.258
  1.835   730136.265
  1.452   730136.272
  1.323   730136.278
  0.811   730136.285
  0.663   730136.292
  0.955   730136.299
  1.258   730136.306
  1.068   730136.313
  0.892   730136.320
  0.799   730136.327
  0.885   730136.334
  1.253   730136.341
  1.098   730136.348
  0.871   730136.355
  0.724   730136.362
  0.701   730136.369
  0.939   730136.376
  1.144   730136.383
  0.824   730136.390
  0.810   730136.397
  0.790   730136.403
  0.900   730136.410
  0.817   730136.417
    NaN   730136.424
  0.822   730136.431
  0.822   730136.438
 24.956   730136.445
  2.557   730136.453
  1.117   730136.459
  0.975   730136.466
  1.008   730136.473
  1.024   730136.480
  0.858   730136.487
  0.916   730136.494
  1.003   730136.501
  0.974   730136.508
  0.922   730136.515
  0.875   730136.522
  0.880   730136.528
  0.862   730136.535
  1.064   730136.542
  0.825   730136.549
  0.952   730136.556
  0.951   730136.563
  0.884   730136.570
  1.103   730136.577
  0.988   730136.584
  1.200   730136.591
  0.934   730136.598
  0.856   730136.605
  0.822   730136.612
  0.617   730136.619
  0.704   730136.626
  0.623   730136.633
  0.659   730136.640
  0.668   730136.647
  1.063   730136.653
  0.631   730136.660
  0.615   730136.667
  0.560   730136.674
  0.561   730136.681
  0.591   730136.688
  0.599   730136.695
  0.602   730136.702
  0.594   730136.709
  0.619   730136.716
  0.632   730136.723
  0.660   730136.730
  0.537   730136.737
  0.629   730136.744
  0.620   730136.751
  0.826   730136.758
  0.614   730136.765
  0.779   730136.772
  0.537   730136.778
  0.558   730136.785
  0.658   730136.792
  0.570   730136.800
  0.584   730136.806
  0.612   730136.813
  0.618   730136.820
  0.564   730136.827
  0.666   730136.834
  0.580   730136.841
  0.656   730136.848
  0.628   730136.855
  0.624   730136.862
  0.618   730136.869
  0.645   730136.876
  0.578   730136.883
  0.682   730136.890
  0.717   730136.897
  0.775   730136.903
  0.739   730136.910
  0.675   730136.917
  0.737   730136.924
  0.747   730136.931
  0.707   730136.938
  0.779   730136.945
  0.807   730136.952
  0.763   730136.959
  0.750   730136.966
  0.753   730136.973
  0.761   730136.980
  0.682   730136.987
  0.784   730136.994
