  0.202   730106.001
    NaN   730106.008
    NaN   730106.015
  0.188   730106.022
  0.172   730106.028
    NaN   730106.035
    NaN   730106.042
    NaN   730106.049
  0.208   730106.056
    NaN   730106.063
  0.191   730106.070
    NaN   730106.077
    NaN   730106.084
  0.169   730106.091
    NaN   730106.098
  0.190   730106.105
  0.217   730106.112
  0.209   730106.119
  0.201   730106.126
  0.213   730106.133
  0.202   730106.140
  0.195   730106.147
  0.197   730106.153
    NaN   730106.160
  0.206   730106.167
  0.207   730106.174
    NaN   730106.181
    NaN   730106.188
  0.190   730106.195
  0.183   730106.202
  0.198   730106.209
    NaN   730106.216
  0.168   730106.223
  0.168   730106.230
    NaN   730106.237
  0.171   730106.244
    NaN   730106.251
  0.182   730106.258
  0.176   730106.265
  0.173   730106.272
  0.165   730106.278
    NaN   730106.285
    NaN   730106.292
  0.167   730106.299
    NaN   730106.306
  0.168   730106.313
  0.170   730106.320
  0.158   730106.327
    NaN   730106.334
    NaN   730106.341
    NaN   730106.348
  0.174   730106.355
  0.167   730106.362
  0.173   730106.369
  0.183   730106.376
  0.193   730106.383
    NaN   730106.390
  0.158   730106.397
  0.159   730106.403
  0.173   730106.410
    NaN   730106.417
  0.182   730106.424
  0.171   730106.431
  0.195   730106.438
    NaN   730106.445
    NaN   730106.453
    NaN   730106.459
  0.206   730106.466
  0.206   730106.473
  0.206   730106.480
    NaN   730106.487
    NaN   730106.494
  0.226   730106.501
  0.242   730106.508
  0.232   730106.515
    NaN   730106.522
    NaN   730106.528
  0.224   730106.535
    NaN   730106.542
  0.243   730106.549
    NaN   730106.556
  0.246   730106.563
  0.227   730106.570
    NaN   730106.577
  0.208   730106.584
    NaN   730106.591
  0.219   730106.598
    NaN   730106.605
  0.225   730106.612
  0.235   730106.619
  0.194   730106.626
    NaN   730106.633
  0.181   730106.640
  0.174   730106.647
    NaN   730106.653
  0.184   730106.660
  0.154   730106.667
  0.184   730106.674
  0.161   730106.681
  0.172   730106.688
  0.158   730106.695
  0.150   730106.702
  0.152   730106.709
  0.143   730106.716
  0.160   730106.723
  0.163   730106.730
  0.150   730106.737
    NaN   730106.744
  0.145   730106.751
  0.140   730106.758
  0.162   730106.765
  0.137   730106.772
  0.137   730106.778
  0.147   730106.785
  0.152   730106.792
  0.134   730106.799
  0.145   730106.806
  0.251   730106.813
  0.224   730106.820
  0.170   730106.827
  0.148   730106.834
    NaN   730106.841
    NaN   730106.848
  0.124   730106.855
    NaN   730106.861
  0.144   730106.869
  0.131   730106.876
  0.131   730106.883
  0.134   730106.890
    NaN   730106.897
    NaN   730106.903
  0.153   730106.910
    NaN   730106.917
  0.135   730106.924
    NaN   730106.931
  0.154   730106.938
  0.162   730106.945
  0.135   730106.952
    NaN   730106.959
  0.139   730106.966
  0.140   730106.973
  0.140   730106.980
  0.163   730106.987
  0.171   730106.994
