  0.397   730106.001
  0.372   730106.008
  0.330   730106.015
  0.366   730106.022
  0.361   730106.029
  0.388   730106.036
  0.341   730106.043
  0.410   730106.050
  0.302   730106.057
  0.385   730106.064
  0.365   730106.071
  0.360   730106.078
  0.319   730106.085
  0.384   730106.092
  0.372   730106.099
  0.357   730106.106
  0.431   730106.113
  0.368   730106.119
  0.383   730106.126
  0.356   730106.133
  0.391   730106.140
  0.413   730106.147
  0.377   730106.154
  0.375   730106.161
  0.422   730106.168
  0.325   730106.175
  0.399   730106.182
  0.385   730106.189
  0.392   730106.196
  0.376   730106.203
  0.341   730106.210
  0.363   730106.217
  0.380   730106.224
  0.383   730106.231
  0.374   730106.238
  0.398   730106.244
  0.363   730106.251
  0.381   730106.258
  0.388   730106.265
  0.382   730106.272
  0.407   730106.279
  0.382   730106.286
  0.399   730106.293
  0.346   730106.300
  0.367   730106.307
  0.354   730106.314
  0.399   730106.321
  0.419   730106.328
  0.382   730106.335
  0.347   730106.342
  0.337   730106.349
  0.375   730106.356
  0.415   730106.363
  0.414   730106.369
  0.400   730106.376
  0.380   730106.383
  0.429   730106.390
  0.363   730106.397
  0.378   730106.404
  0.399   730106.411
  0.369   730106.418
  0.374   730106.425
  0.405   730106.432
  0.421   730106.439
  0.343   730106.446
  0.420   730106.453
  0.352   730106.460
  0.392   730106.467
    NaN   730106.474
  0.379   730106.481
  0.384   730106.488
  0.383   730106.494
  0.410   730106.501
  0.384   730106.508
  0.429   730106.515
  0.374   730106.522
  0.426   730106.529
  0.315   730106.536
  0.385   730106.543
  0.379   730106.550
  0.408   730106.557
  0.420   730106.564
  0.417   730106.571
  0.445   730106.578
  0.414   730106.585
  0.397   730106.592
  0.415   730106.599
  0.409   730106.606
  0.412   730106.613
  0.381   730106.619
  0.423   730106.626
  0.411   730106.633
  0.434   730106.640
  0.478   730106.647
  0.375   730106.654
  0.440   730106.661
  0.451   730106.668
  0.372   730106.675
  0.455   730106.682
  0.423   730106.689
  0.420   730106.696
  0.432   730106.703
  0.411   730106.710
  0.427   730106.717
  0.398   730106.724
  0.428   730106.731
  0.403   730106.738
  0.451   730106.744
  0.399   730106.751
  0.453   730106.758
  0.437   730106.765
  0.440   730106.772
  0.419   730106.779
  0.458   730106.786
  0.496   730106.793
  0.471   730106.800
  0.471   730106.807
  0.486   730106.814
  0.475   730106.821
  0.519   730106.828
  0.459   730106.835
  0.423   730106.842
  0.415   730106.849
  0.468   730106.856
  0.456   730106.863
  0.442   730106.869
  0.464   730106.876
  0.421   730106.883
  0.462   730106.890
  0.442   730106.897
  0.459   730106.904
  0.425   730106.911
  0.510   730106.918
  0.501   730106.925
  0.440   730106.932
  0.467   730106.939
  0.405   730106.946
  0.528   730106.953
  0.473   730106.960
  0.391   730106.967
    NaN   730106.974
  0.486   730106.981
  0.418   730106.988
  0.484   730106.994
