  2.687   730060.006
  2.551   730060.013
  2.914   730060.020
  2.829   730060.027
  2.613   730060.034
  2.625   730060.041
  2.368   730060.048
  2.640   730060.055
  2.037   730060.062
  2.235   730060.069
  2.222   730060.076
  2.608   730060.083
  2.529   730060.090
  2.289   730060.097
  2.382   730060.103
  2.317   730060.110
  2.562   730060.117
  2.388   730060.124
  2.641   730060.131
  2.812   730060.138
  3.085   730060.145
  2.815   730060.152
  2.767   730060.159
  2.225   730060.166
  2.059   730060.173
  3.149   730060.180
  2.730   730060.187
  2.220   730060.194
  2.632   730060.201
  2.735   730060.208
  2.910   730060.215
  3.190   730060.222
  2.608   730060.228
  2.902   730060.235
  2.586   730060.242
  2.724   730060.249
  3.022   730060.256
  2.592   730060.263
  2.320   730060.270
  2.332   730060.277
  2.332   730060.284
  3.018   730060.291
  2.348   730060.298
  2.438   730060.305
  2.647   730060.312
  2.899   730060.319
  2.806   730060.326
  2.828   730060.333
  2.003   730060.340
  2.861   730060.347
  2.585   730060.353
  2.739   730060.360
  2.778   730060.367
  2.371   730060.374
  2.742   730060.381
  2.696   730060.388
  2.807   730060.395
  2.148   730060.402
  2.706   730060.409
  2.816   730060.416
  2.525   730060.423
  2.525   730060.430
  2.210   730060.437
  2.541   730060.444
  2.425   730060.451
  2.964   730060.458
  2.774   730060.465
  2.711   730060.472
  4.761   730060.478
  4.738   730060.485
  2.921   730060.492
  2.819   730060.499
  2.630   730060.506
  2.536   730060.513
  2.711   730060.520
  2.438   730060.527
  2.481   730060.534
  2.613   730060.541
  2.086   730060.548
  2.447   730060.555
  2.898   730060.562
  2.899   730060.569
  2.781   730060.576
  2.151   730060.583
  2.387   730060.590
  2.618   730060.597
  2.479   730060.603
  2.338   730060.610
  2.035   730060.617
  2.922   730060.624
  3.229   730060.631
  2.906   730060.638
  3.056   730060.645
  2.637   730060.652
  2.505   730060.659
  2.931   730060.666
  2.797   730060.673
  2.486   730060.680
  3.004   730060.687
  2.634   730060.694
  2.937   730060.701
  3.112   730060.708
  2.726   730060.715
  3.033   730060.722
  2.968   730060.728
  2.514   730060.735
  2.737   730060.742
  3.052   730060.749
  3.062   730060.756
  3.288   730060.763
  3.057   730060.770
  2.549   730060.777
  3.082   730060.784
  1.885   730060.791
  2.564   730060.798
  2.299   730060.805
  2.670   730060.812
  2.974   730060.819
  2.027   730060.826
  3.018   730060.833
  2.568   730060.840
  2.200   730060.847
  2.609   730060.853
  2.297   730060.860
  2.464   730060.867
  1.969   730060.874
  2.662   730060.881
  2.768   730060.888
  2.667   730060.895
  2.737   730060.902
  1.923   730060.909
  2.565   730060.916
  2.679   730060.923
    NaN   730060.930
    NaN   730060.937
  2.125   730060.944
  2.504   730060.965
  2.876   730060.972
  1.828   730060.978
  2.282   730060.985
  2.448   730060.992
  3.416   730060.999
