  2.747   730089.003
  2.599   730089.010
  2.500   730089.018
  2.319   730089.024
  2.606   730089.031
  2.791   730089.037
  2.321   730089.044
  2.400   730089.051
  2.409   730089.060
  1.898   730089.067
  2.455   730089.073
  2.338   730089.079
  2.331   730089.086
  2.369   730089.093
  2.150   730089.101
  2.446   730089.108
  2.331   730089.115
  2.000   730089.121
  2.048   730089.128
  1.911   730089.135
  2.071   730089.142
  2.221   730089.149
  2.294   730089.156
  2.345   730089.162
  2.191   730089.169
  2.182   730089.176
  1.918   730089.183
  2.045   730089.190
  1.973   730089.197
  2.040   730089.204
  2.167   730089.211
  2.175   730089.218
  2.020   730089.225
  2.024   730089.232
  1.904   730089.239
  2.181   730089.246
  1.870   730089.253
  1.912   730089.260
  1.982   730089.267
  1.927   730089.274
  1.759   730089.281
  1.900   730089.287
  1.651   730089.294
  1.963   730089.301
  1.919   730089.308
  1.729   730089.315
  1.758   730089.322
  1.647   730089.329
  1.844   730089.336
  1.880   730089.343
  1.802   730089.350
  1.753   730089.357
  2.028   730089.364
  1.960   730089.371
  1.941   730089.377
  1.981   730089.384
  2.072   730089.392
  1.835   730089.399
  1.994   730089.406
  1.779   730089.412
  1.892   730089.419
  1.711   730089.426
  1.727   730089.433
  1.744   730089.440
  1.422   730089.447
  1.936   730089.455
  1.601   730089.461
  1.958   730089.468
  1.679   730089.475
  1.734   730089.482
  1.856   730089.489
  1.726   730089.496
  1.768   730089.503
  2.094   730089.510
  1.710   730089.517
  1.876   730089.524
  1.679   730089.531
  1.972   730089.537
  1.918   730089.544
  1.746   730089.551
  1.807   730089.558
  1.981   730089.565
  1.942   730089.572
  1.981   730089.579
  2.067   730089.586
  1.928   730089.593
  2.042   730089.600
  2.228   730089.607
  2.440   730089.614
  2.294   730089.621
  2.642   730089.628
  2.362   730089.635
  2.640   730089.642
  2.694   730089.649
  2.561   730089.656
  2.790   730089.662
  2.387   730089.669
  2.209   730089.676
  1.971   730089.683
  1.852   730089.690
  1.733   730089.697
  1.693   730089.704
  1.769   730089.713
  1.691   730089.718
  1.808   730089.725
  1.804   730089.732
  1.796   730089.739
  1.802   730089.746
  1.778   730089.753
  1.856   730089.760
  1.916   730089.767
  1.630   730089.774
  1.966   730089.781
  1.790   730089.787
  1.569   730089.801
    NaN   730089.813
  1.656   730089.827
  1.800   730089.899
  1.624   730089.905
  1.708   730089.912
  1.570   730089.919
  1.854   730089.926
  1.630   730089.933
  1.788   730089.940
  1.669   730089.947
  1.739   730089.954
  1.610   730089.961
  1.706   730089.968
  1.606   730089.975
  1.653   730089.982
  1.681   730089.989
  1.412   730089.996
