  0.131   730089.000
  0.126   730089.007
  0.119   730089.015
  0.128   730089.022
  0.125   730089.028
  0.125   730089.035
  0.131   730089.042
  0.121   730089.049
  0.120   730089.057
  0.123   730089.063
  0.132   730089.070
  0.118   730089.076
  0.106   730089.083
  0.133   730089.090
  0.127   730089.098
  0.118   730089.105
  0.110   730089.112
  0.112   730089.118
  0.130   730089.125
  0.101   730089.132
  0.111   730089.139
  0.109   730089.146
  0.105   730089.153
  0.110   730089.160
  0.105   730089.167
  0.115   730089.174
  0.103   730089.181
  0.090   730089.188
  0.087   730089.194
  0.099   730089.201
  0.102   730089.208
  0.095   730089.215
  0.086   730089.222
  0.080   730089.229
  0.088   730089.236
  0.083   730089.243
  0.085   730089.250
  0.081   730089.257
  0.080   730089.264
  0.085   730089.271
  0.080   730089.278
  0.064   730089.285
  0.077   730089.292
  0.065   730089.299
  0.067   730089.306
  0.065   730089.312
  0.064   730089.319
  0.069   730089.326
  0.063   730089.333
  0.073   730089.340
  0.079   730089.347
  0.069   730089.354
  0.133   730089.361
  0.186   730089.368
  0.236   730089.375
  0.300   730089.382
  0.417   730089.389
  0.449   730089.396
  0.392   730089.403
  0.342   730089.410
  0.357   730089.417
  0.251   730089.424
  0.233   730089.431
  0.154   730089.438
  0.157   730089.444
  0.098   730089.452
  0.074   730089.458
  0.078   730089.465
  0.081   730089.472
  0.069   730089.479
  0.060   730089.486
  0.056   730089.493
  0.057   730089.500
  0.054   730089.507
  0.048   730089.514
  0.056   730089.521
  0.053   730089.528
  0.047   730089.535
  0.063   730089.542
  0.235   730089.549
  0.210   730089.556
  0.170   730089.562
  0.144   730089.569
  0.165   730089.576
  0.117   730089.583
  0.104   730089.590
  0.116   730089.597
  0.098   730089.604
  0.052   730089.611
  0.060   730089.618
  0.051   730089.625
  0.054   730089.632
  0.054   730089.639
  0.050   730089.646
  0.048   730089.653
  0.052   730089.660
  0.061   730089.667
  0.056   730089.674
  0.060   730089.681
  0.064   730089.688
  0.068   730089.694
  0.074   730089.701
  0.065   730089.710
  0.074   730089.716
  0.073   730089.722
  0.066   730089.729
  0.065   730089.736
  0.083   730089.743
  0.068   730089.750
  0.067   730089.757
  0.082   730089.764
  0.092   730089.771
  0.089   730089.778
  0.079   730089.785
  0.083   730089.793
  0.094   730089.808
  0.108   730089.821
  0.096   730089.890
  0.091   730089.903
  0.082   730089.910
  0.073   730089.917
  0.085   730089.924
  0.073   730089.931
  0.081   730089.938
  0.078   730089.944
  0.071   730089.952
  0.076   730089.958
  0.080   730089.965
  0.073   730089.972
  0.065   730089.979
  0.085   730089.986
  0.066   730089.993
