  1.950   729979.000
  2.050   729979.010
  1.870   729979.010
  1.950   729979.020
  2.040   729979.030
  1.890   729979.030
  1.980   729979.040
  2.100   729979.050
  2.010   729979.050
  1.860   729979.060
  1.750   729979.070
  1.850   729979.070
  1.810   729979.080
  1.990   729979.090
  1.980   729979.100
  1.880   729979.100
  2.030   729979.110
  2.260   729979.120
  2.150   729979.120
  2.030   729979.130
  2.120   729979.140
  2.410   729979.140
  2.250   729979.150
  2.210   729979.160
  2.140   729979.170
  2.130   729979.170
  2.260   729979.180
  2.260   729979.190
  2.500   729979.190
  2.280   729979.200
  2.490   729979.210
  2.440   729979.210
  2.460   729979.220
  2.390   729979.230
  2.190   729979.240
  2.180   729979.240
  2.100   729979.250
  2.410   729979.260
  2.230   729979.260
  2.330   729979.270
  2.380   729979.280
  2.260   729979.280
  2.120   729979.290
  2.240   729979.300
  2.310   729979.300
  2.220   729979.310
  2.130   729979.320
  2.250   729979.320
  2.370   729979.330
  2.480   729979.340
  2.470   729979.350
  2.240   729979.350
  2.460   729979.360
  2.450   729979.370
  2.460   729979.370
  2.340   729979.380
  2.380   729979.390
  2.290   729979.400
  2.420   729979.400
  2.390   729979.410
  2.670   729979.420
  2.640   729979.420
  2.850   729979.430
  2.820   729979.440
  2.740   729979.440
  2.800   729979.450
  3.190   729979.460
  3.540   729979.460
  4.470   729979.470
  5.470   729979.480
  6.570   729979.490
  7.730   729979.490
  8.220   729979.500
  8.360   729979.510
 10.220   729979.510
 11.290   729979.520
 12.380   729979.530
 11.540   729979.530
 10.820   729979.540
 10.670   729979.550
 10.410   729979.550
 10.040   729979.560
 10.520   729979.570
 11.100   729979.580
 11.240   729979.580
 11.070   729979.590
 11.540   729979.600
 12.140   729979.600
 11.950   729979.610
 13.820   729979.620
 12.880   729979.620
 11.880   729979.630
 11.860   729979.640
 12.080   729979.650
 12.100   729979.650
 12.110   729979.660
 12.780   729979.670
 10.070   729979.670
 10.650   729979.680
 12.010   729979.690
 10.920   729979.690
 10.520   729979.700
 10.470   729979.710
 10.040   729979.710
  9.670   729979.720
 10.630   729979.730
 10.850   729979.740
 11.530   729979.740
 11.010   729979.750
  9.990   729979.760
  9.780   729979.760
 10.030   729979.770
 10.890   729979.780
 10.290   729979.780
  9.680   729979.790
  9.430   729979.800
  9.470   729979.800
  8.650   729979.820
  9.280   729979.820
  8.770   729979.830
  8.140   729979.840
  8.050   729979.850
  8.450   729979.850
    NaN   729979.860
    NaN   729979.870
  6.780   729979.870
  5.820   729979.880
  5.610   729979.890
  4.930   729979.900
  5.140   729979.900
  6.230   729979.910
  5.680   729979.920
  5.240   729979.920
  4.680   729979.930
  4.880   729979.940
  5.400   729979.940
  5.160   729979.950
  5.370   729979.960
  5.470   729979.960
  5.390   729979.970
  4.580   729979.980
  5.390   729979.990
  5.340   729979.990
