  0.664   730129.001
  0.676   730129.008
  0.598   730129.015
  0.701   730129.022
  0.665   730129.028
  0.641   730129.035
  0.741   730129.042
  0.759   730129.049
  0.832   730129.056
  0.724   730129.063
  0.718   730129.070
  0.837   730129.077
  0.768   730129.084
  0.758   730129.091
  0.922   730129.098
  0.811   730129.105
  0.895   730129.112
  0.870   730129.119
  0.822   730129.126
  0.995   730129.133
  0.856   730129.140
  1.100   730129.147
  1.052   730129.153
  0.988   730129.160
  1.046   730129.167
  0.932   730129.174
  0.906   730129.181
  0.787   730129.188
  1.004   730129.195
  0.883   730129.202
  0.875   730129.209
  0.836   730129.216
  0.750   730129.223
  0.788   730129.230
  0.837   730129.237
  0.834   730129.244
  0.789   730129.251
  0.740   730129.258
  0.837   730129.265
  0.814   730129.272
  0.798   730129.278
  0.766   730129.285
  0.963   730129.292
  0.762   730129.299
  0.747   730129.306
  0.848   730129.313
  0.596   730129.320
  0.806   730129.327
  0.879   730129.334
  1.264   730129.341
  0.798   730129.348
    NaN   730129.355
  0.726   730129.362
  0.812   730129.369
  0.911   730129.376
  0.646   730129.383
  0.652   730129.390
  0.700   730129.397
  0.698   730129.403
  0.608   730129.410
  0.651   730129.417
  0.743   730129.424
  0.527   730129.431
  0.738   730129.438
  0.682   730129.445
  0.439   730129.453
  0.474   730129.459
  0.458   730129.466
  0.571   730129.473
  0.816   730129.480
  0.808   730129.487
  0.512   730129.494
  0.515   730129.501
  0.471   730129.508
  0.501   730129.515
  0.489   730129.522
  0.521   730129.528
  0.477   730129.535
  0.511   730129.542
  0.545   730129.549
  0.518   730129.556
  0.654   730129.563
  0.579   730129.570
  0.777   730129.577
  0.771   730129.584
  0.857   730129.591
  0.956   730129.598
  0.936   730129.605
  1.075   730129.612
  1.031   730129.619
  1.125   730129.626
  1.080   730129.633
  0.951   730129.640
  1.035   730129.647
  0.979   730129.653
  1.033   730129.660
  1.006   730129.667
  1.044   730129.674
  1.001   730129.681
  0.995   730129.688
  1.020   730129.695
  1.063   730129.702
  0.981   730129.709
  1.188   730129.716
  1.091   730129.723
  1.034   730129.730
  0.966   730129.737
  1.015   730129.744
  0.829   730129.751
  0.795   730129.758
  0.774   730129.765
  0.756   730129.772
  0.732   730129.778
  0.799   730129.785
  0.718   730129.792
  0.712   730129.799
  0.667   730129.806
  0.632   730129.813
  0.565   730129.820
  0.577   730129.827
  0.634   730129.834
  0.554   730129.841
  0.564   730129.848
    NaN   730129.855
  0.478   730129.862
  0.494   730129.869
  0.422   730129.876
  0.623   730129.883
  0.478   730129.890
  0.527   730129.897
  0.481   730129.903
  0.444   730129.910
  0.518   730129.917
  0.426   730129.924
  0.480   730129.931
  0.450   730129.938
  0.411   730129.945
  0.425   730129.952
  0.393   730129.959
  0.435   730129.966
  0.432   730129.973
  0.548   730129.980
  0.469   730129.987
  0.462   730129.994
