  0.957   730129.002
  0.935   730129.009
  0.863   730129.016
  1.069   730129.023
  0.882   730129.030
  0.940   730129.037
  0.972   730129.044
  1.077   730129.051
  0.958   730129.058
  0.891   730129.064
  0.924   730129.072
  0.994   730129.078
  0.964   730129.085
  0.971   730129.092
  0.980   730129.099
  0.916   730129.106
  0.980   730129.113
  0.889   730129.120
  0.828   730129.126
  0.911   730129.133
  0.986   730129.141
  0.836   730129.147
  1.024   730129.155
  0.781   730129.162
  0.826   730129.169
  0.752   730129.176
  0.806   730129.183
  0.752   730129.189
  0.956   730129.196
  0.882   730129.203
  0.836   730129.210
  0.722   730129.217
  0.859   730129.224
  0.737   730129.231
  0.712   730129.238
  0.868   730129.245
  0.779   730129.252
  0.822   730129.259
  0.778   730129.265
  0.802   730129.273
  0.735   730129.279
  0.794   730129.287
  0.779   730129.293
  0.858   730129.300
  0.750   730129.307
  0.667   730129.315
  0.803   730129.321
  0.835   730129.328
  0.725   730129.335
  0.809   730129.342
  0.673   730129.349
  0.761   730129.356
  0.734   730129.363
  0.768   730129.370
  0.747   730129.376
  0.664   730129.384
  0.721   730129.391
  0.708   730129.398
  0.683   730129.404
  0.702   730129.412
  0.757   730129.419
  0.699   730129.425
    NaN   730129.432
  0.771   730129.439
  0.672   730129.447
  0.671   730129.453
  0.840   730129.460
  0.786   730129.467
  0.746   730129.474
  0.706   730129.481
  0.695   730129.488
  0.758   730129.495
  0.642   730129.502
  0.734   730129.509
  0.675   730129.515
  0.670   730129.523
  0.758   730129.530
  0.638   730129.536
  0.632   730129.543
  0.739   730129.550
  0.729   730129.557
  0.661   730129.564
  0.701   730129.572
  0.774   730129.578
  0.769   730129.585
  0.598   730129.592
  0.681   730129.599
  0.666   730129.606
  0.771   730129.613
  0.686   730129.620
  0.775   730129.627
  0.701   730129.634
  0.603   730129.641
  0.725   730129.647
  0.675   730129.654
  0.633   730129.662
  0.664   730129.668
  0.633   730129.675
  0.589   730129.683
  0.519   730129.690
  0.598   730129.696
  0.576   730129.703
  0.561   730129.710
  0.539   730129.717
  0.544   730129.724
  0.562   730129.731
  0.557   730129.738
  0.603   730129.745
  0.569   730129.752
  0.505   730129.759
  0.593   730129.766
  0.487   730129.773
  0.529   730129.780
  0.535   730129.787
  0.540   730129.793
  0.546   730129.800
  0.542   730129.808
  0.535   730129.815
  0.485   730129.822
  0.501   730129.828
  0.517   730129.835
  0.547   730129.842
  0.522   730129.849
  0.526   730129.856
  0.509   730129.863
  0.601   730129.870
  0.521   730129.876
  0.538   730129.883
  0.585   730129.891
  0.591   730129.897
  0.544   730129.904
  0.560   730129.911
  0.536   730129.918
  0.600   730129.925
    NaN   730129.933
  0.560   730129.940
  0.531   730129.947
  0.552   730129.953
  0.572   730129.960
  0.539   730129.967
  0.529   730129.974
  0.517   730129.981
  0.444   730129.988
  0.523   730129.995
