  2.612   730220.000
  2.873   730220.007
  3.033   730220.013
  2.654   730220.021
  3.363   730220.027
  3.213   730220.034
  3.431   730220.041
  3.465   730220.048
  3.857   730220.055
 13.354   730220.062
  3.722   730220.069
 12.370   730220.076
  3.857   730220.083
  4.023   730220.090
  4.005   730220.097
  4.122   730220.104
  4.694   730220.111
  4.418   730220.118
  4.858   730220.125
  5.348   730220.132
  4.862   730220.138
  4.679   730220.145
  5.188   730220.152
  4.943   730220.159
  5.284   730220.166
  5.022   730220.173
  5.485   730220.180
  5.269   730220.187
  4.859   730220.194
  6.162   730220.201
  5.485   730220.208
  5.157   730220.215
  5.276   730220.222
  5.815   730220.229
  6.005   730220.236
  6.159   730220.243
  6.190   730220.250
 16.592   730220.257
  6.832   730220.263
  7.410   730220.270
  8.680   730220.277
  7.501   730220.284
  7.817   730220.291
  8.510   730220.298
  8.560   730220.305
  9.683   730220.312
  8.016   730220.319
  9.218   730220.326
  9.302   730220.333
  9.454   730220.340
  9.876   730220.347
  9.868   730220.354
 10.460   730220.361
  9.804   730220.368
 11.163   730220.375
 13.011   730220.382
  9.597   730220.389
 11.349   730220.396
 10.532   730220.403
  9.946   730220.410
 11.017   730220.417
 11.540   730220.424
 12.103   730220.431
 11.166   730220.438
 11.988   730220.445
 13.556   730220.451
 12.603   730220.459
 12.553   730220.465
 12.094   730220.472
 12.831   730220.479
 12.093   730220.486
 14.021   730220.493
 13.670   730220.500
 13.812   730220.507
 13.297   730220.514
 13.918   730220.521
 15.163   730220.528
 12.237   730220.535
 14.265   730220.542
 13.422   730220.549
 15.518   730220.556
 14.316   730220.563
 15.819   730220.570
 13.919   730220.577
 14.591   730220.584
 13.687   730220.591
 15.001   730220.597
 15.179   730220.604
 13.057   730220.611
 15.739   730220.618
 15.855   730220.625
 15.023   730220.632
 15.082   730220.639
 13.539   730220.646
 13.532   730220.653
 14.421   730220.660
 14.314   730220.667
 14.762   730220.674
 16.513   730220.681
 15.729   730220.688
 16.496   730220.695
 14.422   730220.701
 15.212   730220.709
 14.794   730220.715
 14.444   730220.722
 14.707   730220.729
 17.052   730220.736
 15.376   730220.743
 13.235   730220.751
 16.541   730220.758
 16.041   730220.764
 17.024   730220.771
 18.275   730220.778
 16.081   730220.785
 13.913   730220.792
 14.810   730220.799
 15.583   730220.806
 17.346   730220.813
 15.317   730220.820
 14.864   730220.826
 14.732   730220.834
 15.685   730220.840
 16.605   730220.847
 16.799   730220.854
 16.141   730220.861
 15.313   730220.868
 15.230   730220.875
 14.010   730220.882
 15.227   730220.889
 13.833   730220.896
 13.323   730220.903
 12.823   730220.910
 12.797   730220.918
 12.345   730220.924
 11.010   730220.931
 11.256   730220.938
 10.765   730220.945
 10.605   730220.951
  9.739   730220.959
  9.526   730220.965
 10.752   730220.972
  9.583   730220.979
  8.043   730220.986
  8.642   730220.993
