  1.642   730220.001
  4.034   730220.007
  4.310   730220.014
  3.996   730220.021
  3.809   730220.028
  4.647   730220.035
  4.235   730220.042
  4.156   730220.048
  3.854   730220.055
  4.544   730220.062
  3.829   730220.069
  3.871   730220.077
  4.605   730220.084
  4.341   730220.090
 19.395   730220.097
  3.900   730220.104
  4.593   730220.111
  4.419   730220.118
  4.424   730220.125
  4.331   730220.132
  3.903   730220.139
 25.199   730220.146
  4.342   730220.153
  5.356   730220.160
  4.674   730220.167
  4.435   730220.173
  4.980   730220.180
  4.949   730220.187
  4.581   730220.194
  4.538   730220.201
  4.949   730220.209
  4.445   730220.215
  5.043   730220.222
  4.505   730220.229
  4.882   730220.236
  4.825   730220.243
  4.349   730220.250
  4.399   730220.257
  4.891   730220.264
  4.286   730220.271
  4.189   730220.278
  4.801   730220.285
  4.089   730220.292
  3.989   730220.298
  3.898   730220.305
  3.734   730220.312
  3.923   730220.319
  3.631   730220.326
  3.569   730220.334
  3.579   730220.340
  3.945   730220.347
  3.646   730220.354
  3.253   730220.361
  3.341   730220.368
  2.994   730220.376
  3.503   730220.383
  4.043   730220.390
  3.411   730220.397
  3.317   730220.404
  3.692   730220.411
  3.905   730220.418
  4.034   730220.425
  3.867   730220.431
  4.265   730220.438
  4.031   730220.445
  4.620   730220.452
  4.319   730220.460
  4.769   730220.466
  4.702   730220.473
  4.390   730220.480
  5.316   730220.487
  4.953   730220.494
  5.351   730220.501
  5.488   730220.508
  6.483   730220.515
  4.821   730220.521
  5.303   730220.528
  5.631   730220.535
  6.180   730220.543
  5.795   730220.549
  5.640   730220.556
  5.445   730220.563
  6.843   730220.570
 31.321   730220.578
  6.097   730220.585
  5.413   730220.592
  5.978   730220.597
  6.344   730220.605
  5.748   730220.612
  6.166   730220.619
  6.645   730220.626
  5.540   730220.633
  8.505   730220.640
  9.810   730220.646
  5.011   730220.653
  5.121   730220.660
  5.956   730220.668
  5.713   730220.674
  6.140   730220.681
  5.739   730220.688
  6.545   730220.695
  5.708   730220.702
  5.687   730220.710
  5.866   730220.716
  5.789   730220.723
  5.528   730220.730
  5.450   730220.737
  6.138   730220.744
  5.426   730220.752
  5.616   730220.758
  6.047   730220.765
  4.808   730220.771
  5.426   730220.778
  5.469   730220.785
  5.415   730220.793
  5.241   730220.799
  5.532   730220.806
  5.469   730220.813
  5.091   730220.820
  5.142   730220.827
  5.183   730220.835
  4.743   730220.841
  4.738   730220.848
  5.572   730220.855
  4.795   730220.862
  5.125   730220.869
  5.686   730220.876
  5.086   730220.883
  5.365   730220.890
  4.215   730220.897
  5.104   730220.903
  5.313   730220.911
  4.452   730220.919
  5.182   730220.926
  4.951   730220.932
  5.028   730220.938
  4.608   730220.945
  5.682   730220.952
  5.064   730220.960
  5.930   730220.966
  4.973   730220.973
  5.576   730220.980
  5.257   730220.987
  4.728   730220.994
