  2.060   730220.006
  1.868   730220.013
  1.787   730220.020
  1.786   730220.027
  1.808   730220.034
  1.690   730220.041
  1.934   730220.048
  1.865   730220.055
  1.781   730220.062
  1.861   730220.069
  2.032   730220.076
  1.826   730220.083
  1.810   730220.090
  2.069   730220.097
  2.018   730220.104
  2.107   730220.110
  1.887   730220.117
  2.157   730220.124
  2.093   730220.131
  1.980   730220.138
  2.280   730220.145
  2.389   730220.152
  2.468   730220.159
  2.556   730220.166
  2.139   730220.173
  2.021   730220.180
  2.216   730220.187
  2.319   730220.194
  2.607   730220.201
  2.087   730220.208
  2.339   730220.215
  2.273   730220.222
  2.135   730220.229
  2.090   730220.235
  2.523   730220.242
  1.942   730220.249
  1.901   730220.256
  2.004   730220.263
  2.101   730220.270
  1.885   730220.277
 53.104   730220.284
  1.931   730220.291
  2.089   730220.298
  2.131   730220.305
  1.914   730220.312
  1.702   730220.319
  1.734   730220.326
  1.625   730220.333
  1.759   730220.340
  1.611   730220.347
  1.697   730220.354
  1.633   730220.360
  1.684   730220.367
  1.533   730220.375
  1.748   730220.381
  1.852   730220.388
  1.833   730220.395
  1.690   730220.402
  1.701   730220.409
  1.601   730220.416
  1.704   730220.423
  1.853   730220.430
  1.701   730220.437
  1.798   730220.444
  1.760   730220.451
  1.898   730220.458
  1.722   730220.465
  1.863   730220.472
  1.925   730220.479
  1.890   730220.486
  1.732   730220.493
  1.826   730220.500
  2.229   730220.506
  1.947   730220.513
  2.150   730220.520
  2.008   730220.527
  2.171   730220.534
  1.879   730220.541
  1.998   730220.548
  1.934   730220.555
  2.023   730220.562
  1.973   730220.569
  1.881   730220.576
  2.007   730220.583
  1.900   730220.590
  1.922   730220.597
  2.196   730220.604
  1.975   730220.611
  2.105   730220.618
  1.915   730220.625
  1.919   730220.631
  1.870   730220.638
  1.696   730220.645
  1.937   730220.652
  1.860   730220.659
  2.017   730220.666
  2.062   730220.673
  1.963   730220.680
  1.871   730220.687
  1.890   730220.694
  1.711   730220.701
  1.870   730220.708
  2.227   730220.715
  2.154   730220.722
  2.235   730220.729
  2.069   730220.736
  2.031   730220.743
  1.950   730220.750
  2.371   730220.757
  2.060   730220.763
  2.184   730220.770
  2.141   730220.777
 39.781   730220.784
  1.942   730220.791
  2.059   730220.798
  2.112   730220.805
  1.974   730220.812
  2.065   730220.819
  2.132   730220.826
  1.942   730220.833
  1.904   730220.840
  1.955   730220.847
  1.758   730220.854
  1.821   730220.861
  1.857   730220.868
  2.140   730220.875
  2.049   730220.881
  1.859   730220.888
  1.999   730220.895
  1.808   730220.902
  2.027   730220.909
  1.741   730220.916
  1.983   730220.923
  1.809   730220.930
  2.004   730220.937
  1.868   730220.944
  1.945   730220.951
  1.733   730220.958
  2.020   730220.965
  1.674   730220.972
  1.774   730220.979
  1.654   730220.986
  1.711   730220.993
