  4.510   729995.000
  4.070   729995.010
  3.850   729995.010
  3.810   729995.020
  3.740   729995.030
  4.020   729995.030
  3.900   729995.040
  4.040   729995.050
  4.510   729995.050
  5.500   729995.060
  6.730   729995.070
  8.250   729995.070
  8.560   729995.080
 10.110   729995.090
 10.970   729995.100
 10.870   729995.100
 10.320   729995.110
  9.750   729995.120
  9.520   729995.120
  8.140   729995.130
  8.640   729995.140
  8.870   729995.140
  9.190   729995.150
  9.470   729995.160
  9.850   729995.170
  9.770   729995.170
  8.880   729995.180
 10.220   729995.190
  8.150   729995.190
  7.830   729995.200
  7.790   729995.210
  7.450   729995.210
  7.440   729995.220
  7.270   729995.230
  6.720   729995.230
  7.380   729995.240
  7.390   729995.250
  6.960   729995.260
  6.730   729995.260
  6.950   729995.270
  6.580   729995.280
  6.730   729995.280
  6.520   729995.290
  7.280   729995.300
  7.040   729995.310
  7.840   729995.310
  9.110   729995.320
  9.890   729995.330
 12.110   729995.330
 13.770   729995.340
 19.770   729995.350
 21.490   729995.350
 25.430   729995.360
 25.690   729995.370
 23.820   729995.370
 26.080   729995.380
 25.600   729995.390
 26.760   729995.410
 24.100   729995.420
 24.300   729995.430
 26.480   729995.440
 24.170   729995.450
 26.700   729995.460
 26.740   729995.460
 30.740   729995.470
 27.400   729995.490
 30.550   729995.500
 29.470   729995.520
 31.350   729995.530
 27.450   729995.540
 29.040   729995.560
 27.140   729995.570
 24.280   729995.590
 23.160   729995.600
 18.440   729995.610
 17.200   729995.630
 18.310   729995.640
 14.320   729995.650
 13.650   729995.670
 12.290   729995.680
 13.580   729995.700
 12.490   729995.710
 11.580   729995.720
 11.550   729995.740
 17.060   729995.750
 11.200   729995.770
 12.430   729995.780
 13.360   729995.790
 14.190   729995.800
 15.270   729995.810
 15.250   729995.820
 14.030   729995.820
 14.990   729995.830
 14.820   729995.840
 15.470   729995.850
    NaN   729995.850
    NaN   729995.860
 16.750   729995.870
 17.580   729995.870
 17.360   729995.880
 19.470   729995.890
 22.190   729995.890
 24.330   729995.900
 31.120   729995.960
 29.720   729995.960
 28.240   729995.960
 27.370   729995.970
 24.330   729995.980
 25.800   729995.980
 25.660   729995.990
