  6.864   730217.000
  7.364   730217.007
  6.752   730217.013
  6.557   730217.021
  6.922   730217.028
  7.025   730217.034
  6.951   730217.041
  7.109   730217.048
  6.429   730217.055
  7.028   730217.062
  6.687   730217.069
  8.088   730217.076
  7.151   730217.083
  8.059   730217.090
  6.933   730217.097
  6.868   730217.104
  8.480   730217.111
  6.574   730217.118
  7.352   730217.125
  6.553   730217.132
  7.629   730217.138
  6.689   730217.145
  6.844   730217.152
  6.180   730217.159
  7.330   730217.167
  6.044   730217.173
  6.971   730217.180
  7.418   730217.187
  6.918   730217.194
  6.916   730217.201
  7.113   730217.208
  6.649   730217.215
  7.087   730217.222
  7.490   730217.229
  7.562   730217.236
  7.753   730217.243
  6.689   730217.250
  7.634   730217.257
  8.216   730217.264
  8.210   730217.270
  8.304   730217.277
  7.870   730217.284
  8.138   730217.292
  9.554   730217.298
  8.802   730217.305
  8.173   730217.312
  8.925   730217.319
  8.449   730217.326
  8.495   730217.333
  8.322   730217.340
  9.047   730217.347
  9.931   730217.354
  8.555   730217.361
 10.710   730217.368
  9.432   730217.375
 10.866   730217.382
  9.211   730217.388
  9.146   730217.395
  9.356   730217.402
 13.991   730217.410
  8.806   730217.416
  9.354   730217.423
  9.036   730217.430
  9.740   730217.437
  8.348   730217.444
  8.623   730217.451
  8.099   730217.458
  7.200   730217.465
  8.585   730217.472
  8.523   730217.479
  6.781   730217.486
  9.124   730217.493
  8.150   730217.500
  8.301   730217.507
  8.254   730217.513
  7.697   730217.520
  7.938   730217.527
  7.616   730217.534
  8.364   730217.541
  8.100   730217.548
  8.231   730217.555
  8.296   730217.562
  7.372   730217.569
  7.930   730217.576
  7.620   730217.583
  7.403   730217.590
  7.608   730217.597
  7.414   730217.604
  7.814   730217.611
  7.417   730217.618
  7.825   730217.625
  8.479   730217.632
  7.340   730217.638
  8.008   730217.645
  8.024   730217.652
  7.747   730217.659
  8.223   730217.666
  8.930   730217.673
  7.497   730217.680
  7.917   730217.687
  7.741   730217.694
  8.273   730217.701
  8.712   730217.708
  7.805   730217.715
  7.728   730217.722
  7.840   730217.729
  8.182   730217.736
  8.550   730217.743
  8.252   730217.750
  7.919   730217.757
  8.430   730217.763
  8.480   730217.770
  8.045   730217.777
  8.814   730217.784
  8.094   730217.791
  8.153   730217.798
  8.691   730217.805
  7.747   730217.812
  8.710   730217.819
  8.352   730217.826
  7.995   730217.833
  8.895   730217.840
  7.172   730217.847
  7.276   730217.854
  7.597   730217.861
  8.582   730217.868
  6.388   730217.875
  8.212   730217.882
  7.922   730217.888
  7.111   730217.895
  7.566   730217.902
  7.660   730217.910
  7.761   730217.917
  7.071   730217.923
  6.589   730217.930
  7.852   730217.937
  6.914   730217.944
  6.062   730217.951
  7.825   730217.958
  6.246   730217.965
  6.337   730217.972
  6.698   730217.979
  6.122   730217.986
  6.241   730217.993
