 10.568   730217.000
 10.640   730217.007
 10.785   730217.014
 11.593   730217.021
 10.493   730217.028
 10.552   730217.035
 11.191   730217.042
 10.909   730217.048
 11.978   730217.055
 10.449   730217.062
 11.208   730217.069
 12.416   730217.077
 10.664   730217.083
 12.637   730217.090
 11.972   730217.097
 11.673   730217.104
 12.691   730217.111
 12.732   730217.118
 10.772   730217.125
 12.253   730217.132
 11.206   730217.139
 10.868   730217.146
 10.985   730217.153
 10.429   730217.160
 10.017   730217.167
 10.369   730217.173
 10.865   730217.180
  9.773   730217.187
 10.286   730217.194
 10.309   730217.201
 12.016   730217.209
  9.251   730217.215
  9.644   730217.222
  9.101   730217.229
 10.592   730217.236
 10.054   730217.243
 10.876   730217.250
  9.365   730217.257
  9.581   730217.264
  9.873   730217.271
 13.134   730217.278
 10.675   730217.285
  9.226   730217.292
  9.531   730217.298
  9.123   730217.305
  9.678   730217.312
  9.766   730217.319
  9.954   730217.326
  9.109   730217.333
  9.035   730217.340
  8.357   730217.347
  8.501   730217.354
  8.740   730217.361
  7.950   730217.368
  8.839   730217.375
  8.033   730217.382
  8.342   730217.389
  7.998   730217.396
  8.392   730217.403
  8.316   730217.410
  8.535   730217.417
  8.405   730217.423
  9.502   730217.430
  9.025   730217.437
  8.015   730217.444
  7.033   730217.451
  8.465   730217.458
  8.049   730217.465
  8.484   730217.472
  7.561   730217.479
  8.047   730217.486
  7.167   730217.493
  7.983   730217.500
  7.586   730217.507
  5.955   730217.514
  7.371   730217.521
  7.755   730217.528
  7.867   730217.535
  7.524   730217.542
  6.165   730217.548
  7.370   730217.555
  6.775   730217.562
  7.667   730217.569
  8.517   730217.577
  7.800   730217.583
  7.647   730217.590
  7.389   730217.597
  7.699   730217.604
  9.310   730217.611
  8.846   730217.618
  8.978   730217.625
  9.065   730217.632
  9.131   730217.639
  8.351   730217.646
  8.613   730217.653
  8.330   730217.660
  7.781   730217.667
  9.025   730217.673
  7.800   730217.680
  9.100   730217.687
  7.459   730217.694
  8.903   730217.701
  8.023   730217.709
  9.929   730217.715
 11.685   730217.722
 10.117   730217.729
  8.130   730217.736
  8.680   730217.743
  7.878   730217.751
  8.347   730217.757
  8.721   730217.764
  8.663   730217.771
 14.445   730217.778
 11.271   730217.785
 13.629   730217.792
 13.617   730217.798
  9.605   730217.805
  9.605   730217.812
  8.613   730217.819
  7.412   730217.826
  8.879   730217.834
 10.694   730217.840
  9.902   730217.847
  8.927   730217.854
  7.912   730217.861
 10.370   730217.868
  7.671   730217.875
  7.857   730217.882
  8.045   730217.889
  7.415   730217.896
  8.704   730217.903
  8.782   730217.910
  7.901   730217.918
  8.373   730217.923
 10.670   730217.930
  8.214   730217.937
 10.187   730217.944
  6.952   730217.951
  9.096   730217.959
  7.044   730217.965
  7.381   730217.972
  7.070   730217.979
  7.993   730217.986
  7.441   730217.993
