  1.725   730217.001
  5.285   730217.007
  4.877   730217.014
  2.689   730217.021
  2.674   730217.028
  2.620   730217.035
  2.717   730217.042
  3.111   730217.049
  2.903   730217.056
  2.808   730217.062
  2.913   730217.069
  3.216   730217.077
  3.539   730217.084
  3.850   730217.090
  5.259   730217.097
  5.775   730217.104
  4.976   730217.111
  4.601   730217.118
  2.845   730217.126
  2.411   730217.132
  2.921   730217.139
  3.685   730217.146
  4.018   730217.153
  3.722   730217.160
  4.649   730217.167
  4.143   730217.174
  3.065   730217.181
  3.142   730217.187
  3.039   730217.194
  3.083   730217.201
  4.361   730217.209
  3.841   730217.215
  3.963   730217.222
  3.716   730217.229
  4.297   730217.236
  3.651   730217.244
  3.476   730217.251
  3.954   730217.257
  3.939   730217.264
  4.319   730217.271
  4.535   730217.278
  4.645   730217.285
  3.982   730217.292
  4.003   730217.299
  3.958   730217.306
  4.769   730217.312
  5.659   730217.319
  5.074   730217.326
  5.458   730217.334
  5.137   730217.340
  5.884   730217.347
  5.263   730217.354
  6.047   730217.361
  6.786   730217.368
  5.330   730217.376
  5.708   730217.382
  6.607   730217.389
  6.327   730217.396
  6.852   730217.403
  6.791   730217.410
  6.846   730217.417
  6.586   730217.424
  6.599   730217.431
  6.949   730217.437
  6.652   730217.444
  7.755   730217.451
  6.566   730217.459
  7.416   730217.465
  6.669   730217.472
  7.521   730217.479
  6.568   730217.486
  6.547   730217.493
  7.316   730217.501
  7.138   730217.507
  7.887   730217.514
  7.194   730217.521
  7.390   730217.528
  7.530   730217.535
  7.568   730217.542
  8.656   730217.549
  7.202   730217.556
  7.461   730217.562
  7.471   730217.569
  7.171   730217.577
  7.454   730217.584
  8.307   730217.590
  8.140   730217.597
  7.554   730217.604
  7.795   730217.611
  6.733   730217.618
  8.455   730217.626
  7.024   730217.632
  7.409   730217.639
  7.754   730217.646
  7.455   730217.653
  6.964   730217.660
  7.242   730217.667
  8.124   730217.674
  6.531   730217.681
  7.188   730217.687
  7.050   730217.694
  7.421   730217.701
  7.885   730217.709
  7.830   730217.715
  7.828   730217.722
  8.405   730217.729
  8.120   730217.736
  6.871   730217.744
  7.680   730217.751
  7.146   730217.757
  7.290   730217.764
  7.707   730217.771
  6.839   730217.778
  6.896   730217.785
  7.239   730217.792
  6.688   730217.799
  7.090   730217.806
  6.551   730217.812
  6.580   730217.819
  5.759   730217.826
  6.137   730217.834
  5.317   730217.840
  6.573   730217.847
  6.505   730217.854
  6.611   730217.861
  6.323   730217.868
  5.482   730217.876
  5.188   730217.882
  5.235   730217.889
  5.257   730217.896
  5.432   730217.903
  4.797   730217.910
  4.604   730217.918
  4.684   730217.924
  4.187   730217.931
  4.769   730217.937
  4.545   730217.944
  4.215   730217.951
  4.704   730217.959
  4.334   730217.965
  4.595   730217.972
  4.618   730217.979
  3.954   730217.986
  4.407   730217.993
