  0.634   730217.002
  0.882   730217.008
  0.987   730217.015
  0.964   730217.024
  0.875   730217.030
  0.852   730217.036
  0.856   730217.044
  0.887   730217.050
  0.879   730217.057
  0.815   730217.064
  0.830   730217.071
  0.856   730217.079
  0.842   730217.086
  0.776   730217.091
  0.828   730217.098
  0.780   730217.105
  0.745   730217.112
  0.840   730217.119
  0.868   730217.127
  0.831   730217.133
  0.921   730217.140
  0.840   730217.147
  0.983   730217.154
  1.000   730217.161
  0.923   730217.169
  0.870   730217.175
  0.863   730217.182
  0.815   730217.189
  1.021   730217.196
  1.007   730217.203
  0.974   730217.211
  1.047   730217.216
  0.899   730217.223
  0.945   730217.230
  0.894   730217.237
  1.012   730217.245
  0.888   730217.253
  0.784   730217.258
  0.863   730217.265
  0.923   730217.272
  0.828   730217.279
  0.771   730217.286
  0.905   730217.294
  0.741   730217.300
  0.705   730217.307
  0.737   730217.314
  0.737   730217.321
  0.721   730217.328
  0.713   730217.336
  0.677   730217.341
  0.726   730217.348
  0.780   730217.355
  0.620   730217.362
  0.766   730217.369
  0.640   730217.377
  0.627   730217.383
  0.666   730217.390
  0.676   730217.397
  0.628   730217.404
  0.662   730217.413
  0.696   730217.419
  0.732   730217.425
  0.657   730217.432
  0.610   730217.439
  0.630   730217.446
  0.718   730217.453
  0.649   730217.461
  0.618   730217.466
  0.601   730217.473
  0.589   730217.480
  0.661   730217.487
  0.565   730217.494
  0.626   730217.502
  0.691   730217.508
  0.621   730217.515
  0.660   730217.522
  0.633   730217.529
  0.645   730217.536
  0.717   730217.544
  0.728   730217.550
  0.666   730217.557
  0.658   730217.564
  0.626   730217.571
  0.775   730217.580
  0.719   730217.586
  0.757   730217.591
  0.654   730217.598
  0.705   730217.605
  0.672   730217.612
  0.656   730217.619
  0.674   730217.627
  0.644   730217.633
  0.638   730217.640
  0.665   730217.647
  0.594   730217.654
  0.637   730217.661
  0.652   730217.669
  0.624   730217.675
  0.675   730217.682
  0.687   730217.689
  0.644   730217.696
  0.756   730217.703
  0.685   730217.711
  0.602   730217.716
  0.732   730217.723
  0.567   730217.730
  0.664   730217.737
  0.703   730217.746
  0.681   730217.753
  0.642   730217.758
  0.609   730217.765
  0.733   730217.772
  0.712   730217.779
  0.700   730217.786
  0.625   730217.794
  0.652   730217.800
  0.700   730217.807
  0.679   730217.814
  0.690   730217.821
  0.627   730217.828
  0.736   730217.836
  0.735   730217.842
  0.690   730217.848
  0.660   730217.855
  0.731   730217.862
  4.000   730217.869
  0.709   730217.878
  0.829   730217.883
  0.845   730217.890
  0.853   730217.897
  0.960   730217.904
  1.026   730217.913
  0.826   730217.920
  1.020   730217.925
  0.992   730217.932
  1.028   730217.939
  1.038   730217.946
  1.079   730217.953
  1.209   730217.961
  1.113   730217.967
  1.093   730217.973
  1.135   730217.981
  1.183   730217.987
  1.174   730217.994
