  0.739   730109.001
  0.869   730109.008
  0.716   730109.015
  0.732   730109.022
  0.782   730109.029
  0.845   730109.036
  0.656   730109.043
  0.687   730109.050
  0.826   730109.057
  0.746   730109.064
  0.778   730109.071
  0.662   730109.078
  0.753   730109.085
  0.754   730109.092
  0.753   730109.099
  0.739   730109.106
  0.785   730109.113
  0.786   730109.119
  0.763   730109.126
  0.812   730109.133
  0.811   730109.140
  0.843   730109.147
  0.797   730109.154
  0.760   730109.161
  0.732   730109.168
  0.661   730109.175
  0.782   730109.182
  0.741   730109.189
  0.778   730109.196
  0.708   730109.203
  0.719   730109.210
  0.731   730109.217
  0.771   730109.224
  0.795   730109.231
  0.810   730109.238
  0.780   730109.244
  0.885   730109.251
  0.810   730109.258
  0.756   730109.265
  0.781   730109.272
  0.842   730109.279
  0.856   730109.286
  0.873   730109.293
  0.838   730109.300
  0.941   730109.307
  0.787   730109.314
  0.719   730109.321
  0.807   730109.328
  0.878   730109.335
  0.790   730109.342
  0.861   730109.349
    NaN   730109.356
  0.881   730109.363
  0.821   730109.369
  0.717   730109.376
  0.740   730109.383
  0.761   730109.390
  0.831   730109.397
  0.801   730109.404
  0.802   730109.411
  0.696   730109.418
  0.800   730109.425
  0.748   730109.432
  0.699   730109.439
  0.674   730109.446
  0.698   730109.453
  0.718   730109.460
  0.692   730109.467
  0.709   730109.474
  0.835   730109.481
  0.732   730109.488
  0.815   730109.494
  0.740   730109.501
  0.741   730109.515
  0.736   730109.522
  0.762   730109.529
  0.744   730109.536
  0.799   730109.543
  0.739   730109.550
  0.885   730109.557
  0.846   730109.564
  0.814   730109.571
  0.825   730109.578
  0.824   730109.585
  0.911   730109.592
  0.831   730109.599
  0.901   730109.606
  0.798   730109.613
  0.786   730109.619
  0.763   730109.626
  0.729   730109.633
  0.758   730109.640
  0.762   730109.647
  0.868   730109.654
  0.778   730109.661
  0.805   730109.668
  0.742   730109.675
  0.764   730109.682
  0.810   730109.689
  0.975   730109.696
  0.958   730109.703
  0.824   730109.710
  0.830   730109.717
  0.834   730109.724
  0.913   730109.731
  0.737   730109.738
  0.802   730109.744
  0.843   730109.751
  0.782   730109.758
  0.692   730109.765
  0.755   730109.772
  0.736   730109.779
  0.773   730109.786
  0.771   730109.793
  0.647   730109.800
  0.816   730109.807
  0.765   730109.814
  0.751   730109.821
  0.690   730109.828
  0.722   730109.835
  0.868   730109.842
  0.806   730109.849
    NaN   730109.856
  0.926   730109.863
  0.924   730109.869
  1.040   730109.883
  1.004   730109.890
  1.008   730109.897
  0.954   730109.904
  1.068   730109.911
  1.075   730109.918
  0.963   730109.925
  0.939   730109.932
  0.995   730109.939
  1.006   730109.946
  0.878   730109.953
  0.767   730109.960
  0.930   730109.967
  1.012   730109.974
  0.869   730109.981
  0.942   730109.988
  0.754   730109.994
