  1.858   730109.003
  2.162   730109.010
  2.081   730109.017
  2.107   730109.024
  2.099   730109.031
  2.158   730109.037
  2.068   730109.044
  2.032   730109.051
  2.095   730109.058
  2.144   730109.065
  2.125   730109.072
  2.033   730109.079
  1.892   730109.086
  2.100   730109.093
  2.121   730109.100
  1.585   730109.107
    NaN   730109.114
  2.170   730109.121
  1.984   730109.128
  1.844   730109.135
  1.924   730109.142
  1.937   730109.149
  1.960   730109.156
  1.888   730109.162
  1.851   730109.169
  2.014   730109.176
  2.126   730109.183
  1.938   730109.190
  1.840   730109.197
  1.834   730109.204
  1.978   730109.211
  1.847   730109.218
  1.825   730109.225
  1.892   730109.232
  1.991   730109.239
  1.815   730109.246
  1.832   730109.253
  1.876   730109.260
  1.918   730109.267
  1.839   730109.274
  1.811   730109.281
  1.986   730109.287
  2.009   730109.294
  2.151   730109.301
  1.894   730109.308
  1.882   730109.315
  1.513   730109.322
  1.887   730109.329
  1.956   730109.336
  1.558   730109.343
  1.351   730109.350
  1.696   730109.357
  2.014   730109.364
  1.817   730109.371
  1.897   730109.378
  1.915   730109.385
  1.673   730109.392
  1.347   730109.399
  1.520   730109.406
  1.799   730109.412
  1.755   730109.419
  1.690   730109.426
  1.925   730109.433
  1.677   730109.440
  1.601   730109.447
  1.618   730109.455
  1.784   730109.461
  1.720   730109.468
  1.350   730109.475
  1.619   730109.482
  1.618   730109.489
  1.164   730109.496
  1.703   730109.503
  5.579   730109.517
  1.521   730109.524
  1.524   730109.531
  1.720   730109.537
  1.230   730109.544
  1.169   730109.551
  1.705   730109.558
  1.513   730109.565
  1.496   730109.572
  1.631   730109.579
  1.548   730109.586
  1.493   730109.593
  1.538   730109.600
  1.447   730109.607
  1.556   730109.614
  1.411   730109.621
  1.523   730109.628
  1.068   730109.635
  1.260   730109.642
  1.448   730109.649
  1.457   730109.656
  1.460   730109.662
  1.334   730109.669
  1.007   730109.676
  1.388   730109.683
  1.452   730109.690
  0.892   730109.697
  1.598   730109.704
  1.379   730109.711
  1.328   730109.718
  1.479   730109.725
  0.969   730109.732
  1.503   730109.739
  0.943   730109.746
  1.455   730109.753
  1.302   730109.760
  1.425   730109.767
  1.420   730109.774
  1.338   730109.781
  1.130   730109.787
  1.257   730109.794
  0.930   730109.801
  1.317   730109.808
  1.287   730109.815
  1.395   730109.822
  1.298   730109.829
  1.375   730109.836
  1.439   730109.843
  1.416   730109.850
  1.344   730109.857
  1.260   730109.864
  1.380   730109.871
  0.758   730109.885
  1.478   730109.892
  0.796   730109.899
  1.342   730109.906
  1.385   730109.912
  1.364   730109.919
  1.462   730109.926
  0.918   730109.933
  1.435   730109.940
  1.336   730109.947
  1.332   730109.954
  1.493   730109.961
  1.345   730109.968
  1.424   730109.975
  1.296   730109.982
  1.282   730109.989
  1.449   730109.996
