  0.800   730109.003
  0.859   730109.009
  0.932   730109.017
  0.941   730109.024
  0.822   730109.031
  0.789   730109.037
  0.858   730109.044
  0.916   730109.051
  0.865   730109.058
  0.906   730109.065
  0.967   730109.072
  0.950   730109.079
  0.854   730109.086
  0.893   730109.092
  0.872   730109.100
  0.732   730109.107
  0.698   730109.114
  0.901   730109.121
  0.847   730109.128
  0.923   730109.135
  0.879   730109.142
  0.790   730109.149
  0.880   730109.156
  0.806   730109.162
  0.834   730109.169
  0.876   730109.176
  0.747   730109.183
  0.893   730109.190
  0.837   730109.197
  0.888   730109.204
  0.919   730109.211
  0.903   730109.217
  0.847   730109.225
  0.860   730109.232
  0.889   730109.238
  0.862   730109.246
  0.840   730109.252
  0.887   730109.259
  0.940   730109.267
  0.930   730109.274
  0.942   730109.281
  0.975   730109.287
  0.887   730109.294
  0.956   730109.301
  0.825   730109.308
  0.902   730109.315
  0.956   730109.322
  0.844   730109.329
  0.839   730109.336
  0.915   730109.343
  0.940   730109.350
  1.109   730109.357
  0.897   730109.364
  0.916   730109.371
  0.855   730109.378
  0.904   730109.385
  0.921   730109.392
  0.945   730109.399
  1.002   730109.406
  0.970   730109.412
  0.926   730109.419
  0.971   730109.426
  1.000   730109.433
  0.920   730109.440
  0.976   730109.447
  0.906   730109.455
  0.957   730109.461
  0.882   730109.468
  0.992   730109.475
  0.934   730109.482
  0.761   730109.489
  0.936   730109.496
  0.871   730109.503
  1.515   730109.517
  0.744   730109.524
  0.801   730109.531
  0.789   730109.537
  0.812   730109.544
  0.817   730109.551
  0.813   730109.558
  0.851   730109.565
  0.775   730109.572
  0.769   730109.579
  0.773   730109.586
  0.797   730109.593
  0.656   730109.600
  0.790   730109.607
  0.672   730109.614
  0.841   730109.621
  0.776   730109.628
  0.714   730109.635
  0.777   730109.642
  0.716   730109.649
  0.720   730109.656
  0.680   730109.662
  0.637   730109.669
  0.671   730109.676
  0.706   730109.683
  0.716   730109.690
  0.648   730109.697
  0.682   730109.704
  0.600   730109.711
  0.704   730109.718
  0.624   730109.725
  0.631   730109.732
  0.669   730109.739
  0.601   730109.746
  0.642   730109.753
  0.589   730109.760
  0.532   730109.767
  0.568   730109.774
  0.569   730109.781
  0.532   730109.787
  0.530   730109.794
  0.535   730109.801
  0.535   730109.808
  0.525   730109.815
  0.500   730109.822
  0.483   730109.829
  0.441   730109.836
  0.561   730109.843
  0.483   730109.850
    NaN   730109.857
  0.523   730109.863
  0.504   730109.871
  0.445   730109.885
  0.506   730109.892
  0.490   730109.899
  0.554   730109.906
  0.468   730109.912
  0.490   730109.919
  0.463   730109.926
  0.455   730109.933
  0.519   730109.940
  0.505   730109.947
  0.508   730109.954
  0.562   730109.961
  0.487   730109.968
  0.585   730109.975
  0.504   730109.982
  0.482   730109.989
  0.475   730109.996
