  0.110   730098.001
  0.082   730098.007
  0.090   730098.014
  0.121   730098.021
  0.091   730098.028
  0.091   730098.035
  0.088   730098.042
  0.098   730098.049
  0.084   730098.056
  0.088   730098.062
  0.098   730098.069
  0.086   730098.078
  0.093   730098.084
  0.091   730098.091
  0.093   730098.098
  0.088   730098.104
  0.081   730098.111
  0.095   730098.118
  0.089   730098.125
  0.094   730098.132
  0.091   730098.139
  0.094   730098.146
  0.093   730098.153
  0.095   730098.160
  0.097   730098.167
  0.096   730098.174
  0.087   730098.181
  0.087   730098.188
  0.091   730098.194
  0.092   730098.202
  0.094   730098.208
  0.094   730098.215
  0.099   730098.222
  0.090   730098.229
  0.109   730098.236
  0.097   730098.243
  0.113   730098.250
  0.102   730098.257
  0.090   730098.264
  0.094   730098.271
  0.097   730098.278
  0.104   730098.285
  0.104   730098.292
  0.108   730098.299
  0.109   730098.306
  0.108   730098.312
  0.103   730098.320
  0.124   730098.327
  0.106   730098.333
  0.104   730098.340
  0.114   730098.347
  0.130   730098.355
  0.114   730098.362
  0.102   730098.369
  0.126   730098.376
  0.129   730098.383
  0.128   730098.389
  0.135   730098.396
  0.128   730098.403
  0.116   730098.410
  0.129   730098.417
  0.126   730098.424
  0.126   730098.431
  0.125   730098.438
  0.128   730098.444
  0.111   730098.452
  0.121   730098.458
  0.128   730098.465
  0.128   730098.472
  0.117   730098.479
  0.129   730098.486
  0.129   730098.493
  0.117   730098.500
  0.119   730098.507
  0.109   730098.514
  0.113   730098.521
  0.122   730098.528
  0.102   730098.535
  0.105   730098.542
  0.118   730098.549
  0.108   730098.556
  0.105   730098.562
  0.116   730098.569
  0.134   730098.576
  0.117   730098.583
  0.115   730098.590
  0.110   730098.597
  0.119   730098.604
  0.117   730098.611
  0.113   730098.618
  0.126   730098.625
  0.113   730098.632
  0.114   730098.639
  0.118   730098.646
  0.117   730098.653
  0.106   730098.660
  0.116   730098.667
  0.122   730098.674
  0.100   730098.681
  0.128   730098.688
  0.111   730098.694
  0.112   730098.701
  0.111   730098.708
  0.117   730098.723
  0.124   730098.729
  0.115   730098.736
  0.102   730098.743
  0.129   730098.750
  0.113   730098.757
  0.096   730098.764
  0.104   730098.771
  0.117   730098.778
  0.103   730098.785
  0.098   730098.792
  0.104   730098.799
  0.093   730098.806
  0.096   730098.812
  0.096   730098.819
  0.094   730098.826
  0.094   730098.833
  0.084   730098.840
  0.100   730098.847
  0.088   730098.854
  0.098   730098.861
  0.094   730098.868
  0.078   730098.875
  0.091   730098.882
  0.093   730098.889
  0.101   730098.896
  0.107   730098.903
  0.106   730098.910
  0.100   730098.917
  0.097   730098.924
  0.096   730098.931
  0.096   730098.938
  0.097   730098.944
  0.090   730098.951
  0.092   730098.958
  0.098   730098.965
  0.104   730098.972
  0.093   730098.979
  0.113   730098.986
  0.114   730098.993
