  1.281   730098.003
  1.198   730098.009
  1.261   730098.016
  1.150   730098.023
  1.199   730098.030
  1.265   730098.037
  1.203   730098.044
  1.182   730098.051
  1.423   730098.058
    NaN   730098.065
  1.225   730098.072
  1.520   730098.080
  1.480   730098.086
  1.313   730098.092
  1.294   730098.100
  1.218   730098.106
  1.348   730098.113
  1.449   730098.120
  1.337   730098.127
  1.282   730098.134
  1.276   730098.141
  1.279   730098.148
  1.402   730098.155
  1.431   730098.162
  1.339   730098.169
  1.302   730098.176
  1.322   730098.183
  1.139   730098.190
  1.237   730098.197
  1.193   730098.204
  2.017   730098.210
  1.304   730098.217
  1.277   730098.224
  1.379   730098.231
  1.300   730098.238
  1.181   730098.245
  1.550   730098.252
  1.230   730098.259
  1.207   730098.266
  1.281   730098.273
  1.436   730098.280
  1.172   730098.287
  1.162   730098.294
  1.151   730098.301
  2.144   730098.308
  1.421   730098.315
  1.321   730098.322
  1.159   730098.329
  1.232   730098.335
  1.394   730098.342
  1.292   730098.349
  1.076   730098.357
  1.175   730098.363
  1.425   730098.371
  1.226   730098.377
  1.269   730098.384
    NaN   730098.391
  1.196   730098.398
  1.203   730098.405
  1.242   730098.412
  1.141   730098.419
  1.202   730098.426
  1.170   730098.433
  1.069   730098.440
  1.164   730098.447
  1.099   730098.454
  1.070   730098.460
  1.123   730098.467
  1.068   730098.474
  1.192   730098.481
  1.133   730098.488
  1.077   730098.495
  1.289   730098.502
  1.094   730098.509
  1.161   730098.516
  1.210   730098.523
  1.252   730098.530
  1.001   730098.537
  1.109   730098.544
  1.177   730098.551
  1.278   730098.558
  1.236   730098.565
  1.221   730098.572
  1.229   730098.578
  1.177   730098.585
  1.196   730098.592
  1.210   730098.599
  1.205   730098.606
  1.231   730098.613
  1.237   730098.620
  1.161   730098.627
  1.309   730098.634
  1.242   730098.641
  1.160   730098.648
  1.195   730098.655
  1.231   730098.662
  1.160   730098.669
  1.131   730098.676
  1.118   730098.683
  1.219   730098.690
  1.580   730098.697
  1.119   730098.703
  1.158   730098.710
  1.034   730098.725
  1.089   730098.731
  1.090   730098.738
  1.209   730098.745
  1.156   730098.752
  1.118   730098.759
  1.020   730098.766
  1.102   730098.773
  1.081   730098.780
  1.159   730098.787
  1.186   730098.794
  1.051   730098.801
  1.002   730098.808
  1.198   730098.815
  1.295   730098.822
  1.143   730098.828
  1.134   730098.835
  1.005   730098.842
  1.041   730098.849
  0.860   730098.856
  0.982   730098.863
  0.875   730098.870
  0.923   730098.877
  0.861   730098.884
    NaN   730098.891
  0.929   730098.898
  0.876   730098.905
  0.839   730098.912
  0.790   730098.919
  0.806   730098.926
  0.951   730098.933
  0.854   730098.940
  0.805   730098.947
  0.762   730098.953
  0.748   730098.960
  0.775   730098.967
  0.746   730098.974
  0.755   730098.981
  0.726   730098.988
  0.670   730098.995
