  0.565   730085.006
  0.543   730085.010
  0.456   730085.017
  0.519   730085.024
  0.546   730085.031
  0.553   730085.038
  0.551   730085.044
  0.539   730085.051
  0.546   730085.059
  0.492   730085.065
  0.498   730085.072
  0.457   730085.080
  0.524   730085.087
  0.485   730085.093
  0.445   730085.100
  0.537   730085.108
  0.469   730085.114
  0.511   730085.123
  0.501   730085.129
  0.559   730085.135
  0.494   730085.142
  0.389   730085.149
  0.543   730085.156
  0.541   730085.163
  0.501   730085.169
  0.478   730085.176
  0.481   730085.183
  0.521   730085.192
  0.436   730085.197
  0.557   730085.204
  0.523   730085.211
  0.551   730085.219
  0.485   730085.226
  0.469   730085.233
  0.462   730085.239
  0.475   730085.247
  0.443   730085.256
  0.489   730085.262
  0.439   730085.267
  0.494   730085.274
  0.447   730085.281
  0.476   730085.288
  0.483   730085.294
  0.453   730085.301
  0.419   730085.308
  0.461   730085.315
  0.385   730085.322
  0.396   730085.329
  0.390   730085.336
  0.486   730085.343
  0.415   730085.350
  0.423   730085.357
  0.394   730085.364
  0.474   730085.371
  0.414   730085.378
  0.442   730085.385
  0.523   730085.392
  0.436   730085.399
  0.464   730085.406
  0.449   730085.412
  0.405   730085.419
  0.423   730085.426
  0.504   730085.433
  0.423   730085.440
  0.503   730085.447
  0.457   730085.455
  0.405   730085.461
  0.458   730085.468
  0.424   730085.475
  0.426   730085.482
  0.366   730085.489
  0.395   730085.496
  0.407   730085.503
  0.395   730085.510
  0.415   730085.517
  0.389   730085.524
