    NaN   730344.000
 12.516   730344.000
  3.612   730344.000
 14.865   730344.007
 15.166   730344.007
    NaN   730344.014
 14.382   730344.014
    NaN   730344.021
 13.964   730344.021
    NaN   730344.028
 12.331   730344.028
    NaN   730344.035
 14.359   730344.035
    NaN   730344.042
 13.760   730344.042
    NaN   730344.049
 12.606   730344.049
    NaN   730344.055
 15.076   730344.055
    NaN   730344.063
 17.155   730344.063
    NaN   730344.070
 13.917   730344.070
    NaN   730344.076
 15.543   730344.076
    NaN   730344.083
 14.028   730344.083
    NaN   730344.090
 18.034   730344.090
    NaN   730344.097
 16.429   730344.097
    NaN   730344.104
 15.619   730344.104
    NaN   730344.111
 16.668   730344.111
    NaN   730344.118
 18.540   730344.118
    NaN   730344.125
 16.290   730344.125
    NaN   730344.132
 17.782   730344.132
    NaN   730344.139
 18.089   730344.139
    NaN   730344.146
 18.676   730344.146
    NaN   730344.153
 16.523   730344.153
    NaN   730344.160
 18.371   730344.160
    NaN   730344.167
 16.321   730344.167
    NaN   730344.174
 16.616   730344.174
    NaN   730344.181
 17.768   730344.181
    NaN   730344.188
 15.764   730344.188
    NaN   730344.194
 16.680   730344.194
    NaN   730344.201
 14.586   730344.201
    NaN   730344.208
 17.216   730344.208
 13.900   730344.215
 15.996   730344.215
    NaN   730344.222
 17.813   730344.222
 16.895   730344.229
 17.220   730344.229
    NaN   730344.236
 18.466   730344.236
    NaN   730344.243
 17.158   730344.243
    NaN   730344.250
 17.311   730344.250
    NaN   730344.257
 18.737   730344.257
    NaN   730344.264
 18.474   730344.264
    NaN   730344.271
 17.890   730344.271
    NaN   730344.278
 19.448   730344.278
    NaN   730344.285
 19.194   730344.285
 14.490   730344.292
 18.680   730344.292
    NaN   730344.299
 17.847   730344.299
    NaN   730344.306
 17.246   730344.306
    NaN   730344.313
 18.325   730344.313
    NaN   730344.320
 17.178   730344.320
    NaN   730344.326
 16.575   730344.326
    NaN   730344.333
 16.332   730344.333
    NaN   730344.340
 17.590   730344.340
    NaN   730344.347
 19.460   730344.347
    NaN   730344.354
 18.561   730344.354
    NaN   730344.361
 18.323   730344.361
    NaN   730344.368
 19.430   730344.368
    NaN   730344.375
 19.922   730344.375
 17.063   730344.382
 18.642   730344.382
    NaN   730344.389
 20.404   730344.389
    NaN   730344.396
 18.232   730344.396
    NaN   730344.403
 19.005   730344.403
    NaN   730344.410
 19.899   730344.410
    NaN   730344.417
 19.125   730344.417
    NaN   730344.424
 17.835   730344.424
    NaN   730344.431
 19.048   730344.431
    NaN   730344.438
 21.136   730344.438
    NaN   730344.445
 19.215   730344.445
    NaN   730344.451
 18.830   730344.451
    NaN   730344.458
 18.912   730344.458
    NaN   730344.465
 21.516   730344.465
    NaN   730344.472
 16.611   730344.472
    NaN   730344.479
 19.279   730344.479
    NaN   730344.486
 19.630   730344.486
    NaN   730344.493
 18.223   730344.493
    NaN   730344.500
 18.181   730344.500
 28.199   730344.507
 18.890   730344.507
    NaN   730344.514
 18.934   730344.514
    NaN   730344.521
 17.010   730344.521
    NaN   730344.528
 19.095   730344.528
    NaN   730344.535
 19.429   730344.535
    NaN   730344.542
 17.835   730344.542
    NaN   730344.549
 17.590   730344.549
    NaN   730344.556
 20.403   730344.556
    NaN   730344.563
 18.621   730344.563
    NaN   730344.570
 17.325   730344.570
    NaN   730344.576
 18.152   730344.576
    NaN   730344.583
 17.091   730344.583
    NaN   730344.590
 16.443   730344.590
    NaN   730344.597
 16.657   730344.597
 41.367   730344.604
 16.394   730344.604
 88.854   730344.611
 15.603   730344.611
    NaN   730344.618
 13.405   730344.618
    NaN   730344.625
 13.505   730344.625
    NaN   730344.632
 14.017   730344.632
    NaN   730344.639
 12.599   730344.639
    NaN   730344.646
 13.805   730344.646
    NaN   730344.653
 13.118   730344.653
 15.964   730344.660
 13.460   730344.660
    NaN   730344.667
 13.332   730344.667
    NaN   730344.674
 12.216   730344.674
    NaN   730344.681
 13.380   730344.681
    NaN   730344.688
 11.664   730344.688
 28.329   730344.694
 18.534   730344.694
    NaN   730344.701
 12.592   730344.701
    NaN   730344.708
 11.090   730344.708
 79.733   730344.715
 11.388   730344.715
    NaN   730344.722
 11.963   730344.722
    NaN   730344.729
 11.055   730344.729
    NaN   730344.736
 10.866   730344.736
    NaN   730344.743
 10.883   730344.743
    NaN   730344.750
 10.635   730344.750
 58.079   730344.757
 21.837   730344.757
 18.097   730344.764
 10.985   730344.764
    NaN   730344.771
 11.067   730344.771
    NaN   730344.778
 10.310   730344.778
    NaN   730344.785
 11.368   730344.785
    NaN   730344.792
 10.381   730344.792
 46.943   730344.799
 10.665   730344.799
    NaN   730344.806
 10.352   730344.806
    NaN   730344.813
 12.103   730344.813
 39.378   730344.820
 11.615   730344.820
    NaN   730344.826
 10.874   730344.826
    NaN   730344.833
 11.638   730344.833
    NaN   730344.840
 11.261   730344.840
    NaN   730344.847
 11.663   730344.847
    NaN   730344.854
 12.740   730344.854
    NaN   730344.861
 11.023   730344.861
    NaN   730344.868
 13.307   730344.868
    NaN   730344.875
 15.985   730344.875
    NaN   730344.882
 16.606   730344.882
 42.426   730344.889
 15.292   730344.889
    NaN   730344.896
 15.512   730344.896
    NaN   730344.903
 14.965   730344.903
    NaN   730344.910
 32.001   730344.910
    NaN   730344.917
 15.648   730344.917
    NaN   730344.924
 15.290   730344.924
    NaN   730344.931
 13.521   730344.931
    NaN   730344.938
 13.641   730344.938
    NaN   730344.944
 15.639   730344.944
    NaN   730344.951
 13.034   730344.951
    NaN   730344.958
 13.604   730344.958
    NaN   730344.965
 13.604   730344.965
    NaN   730344.972
 13.751   730344.972
    NaN   730344.979
 12.337   730344.979
    NaN   730344.986
 13.046   730344.986
    NaN   730344.993
 10.353   730344.993
