  0.229   730344.002
  0.093   730344.002
  0.228   730344.008
  0.228   730344.015
  0.233   730344.022
  0.195   730344.029
  0.222   730344.036
  0.241   730344.043
  0.193   730344.050
  0.258   730344.056
  0.235   730344.063
  0.207   730344.070
  0.216   730344.077
  0.232   730344.084
  0.204   730344.091
  0.212   730344.098
  0.235   730344.105
  0.255   730344.112
  0.218   730344.119
  0.213   730344.126
  0.206   730344.133
  0.210   730344.140
  0.197   730344.147
  0.216   730344.154
  0.190   730344.161
  0.199   730344.168
  0.192   730344.175
  0.215   730344.182
  0.212   730344.188
  0.196   730344.195
  0.221   730344.202
  0.215   730344.209
  0.214   730344.216
  0.193   730344.223
  0.214   730344.230
  0.211   730344.237
  0.200   730344.244
  0.417   730344.251
  0.206   730344.258
  0.185   730344.265
  0.219   730344.272
  0.207   730344.279
  0.205   730344.286
  0.209   730344.293
  0.198   730344.300
  0.190   730344.307
  0.193   730344.313
  0.201   730344.320
  0.197   730344.327
  0.188   730344.334
  0.185   730344.341
  0.186   730344.348
  0.187   730344.355
  0.179   730344.362
  0.173   730344.369
  0.188   730344.376
  0.175   730344.383
  0.168   730344.390
  0.179   730344.397
  0.161   730344.404
  0.176   730344.411
  0.183   730344.418
  0.167   730344.425
  0.176   730344.432
  0.161   730344.438
  0.170   730344.445
  0.178   730344.452
  0.182   730344.459
  0.215   730344.466
  0.246   730344.473
  0.202   730344.480
  0.203   730344.487
  0.194   730344.494
  0.217   730344.501
  0.209   730344.508
  0.219   730344.515
  0.208   730344.522
  0.186   730344.529
  0.212   730344.536
  0.225   730344.543
  0.243   730344.550
  0.240   730344.557
  0.225   730344.563
  0.237   730344.571
  0.237   730344.577
  0.865   730344.584
  0.252   730344.591
  0.223   730344.598
  0.242   730344.605
  0.228   730344.612
  0.250   730344.619
  0.216   730344.626
  0.227   730344.633
  0.199   730344.640
  0.221   730344.647
  0.220   730344.654
  0.237   730344.661
  0.237   730344.668
  0.202   730344.675
  0.218   730344.682
  0.247   730344.688
  0.230   730344.695
  0.266   730344.702
  0.236   730344.709
  0.227   730344.716
  0.237   730344.723
  0.245   730344.730
  0.232   730344.737
  0.249   730344.744
  0.269   730344.751
  0.250   730344.758
  0.248   730344.765
  0.258   730344.772
  0.253   730344.779
  0.278   730344.786
  0.223   730344.793
  0.254   730344.800
  0.228   730344.807
  0.253   730344.813
  0.217   730344.821
  0.244   730344.827
  0.278   730344.834
  0.265   730344.841
  2.463   730344.848
  0.282   730344.855
  0.265   730344.862
  0.278   730344.869
  0.249   730344.876
  0.274   730344.883
  0.309   730344.890
  0.309   730344.897
  0.296   730344.904
  0.274   730344.911
  0.308   730344.918
  0.296   730344.925
  0.286   730344.932
  0.277   730344.939
  0.302   730344.945
  0.326   730344.952
  0.339   730344.959
  0.324   730344.966
  0.311   730344.973
  0.296   730344.980
  0.319   730344.987
  0.276   730344.994
