  0.044   730344.000
  0.045   730344.007
  0.046   730344.014
  0.044   730344.021
  0.046   730344.028
  0.049   730344.035
  0.041   730344.042
  0.042   730344.049
  0.044   730344.055
  0.044   730344.062
  0.044   730344.069
  0.044   730344.076
  0.039   730344.083
  0.043   730344.090
  0.041   730344.097
  0.047   730344.104
  0.037   730344.111
  0.042   730344.118
  0.040   730344.125
  0.040   730344.132
  0.041   730344.139
  0.041   730344.146
  0.040   730344.153
  0.043   730344.160
  0.036   730344.166
  0.037   730344.173
  0.037   730344.180
  0.045   730344.187
  0.036   730344.194
  0.041   730344.201
  0.033   730344.208
  0.037   730344.215
  0.037   730344.222
  0.038   730344.229
  0.035   730344.236
  0.035   730344.243
  0.093   730344.250
  0.056   730344.257
  0.039   730344.264
  0.035   730344.271
  0.034   730344.278
  0.037   730344.285
  0.037   730344.291
  0.035   730344.298
  0.033   730344.305
  0.036   730344.312
  0.039   730344.319
  0.044   730344.326
  0.034   730344.333
  0.042   730344.340
  0.046   730344.347
  0.045   730344.354
  0.048   730344.361
  0.053   730344.368
  0.050   730344.375
  0.051   730344.382
  0.057   730344.389
  0.054   730344.396
  0.047   730344.403
  0.058   730344.410
  0.058   730344.416
  0.053   730344.423
  0.059   730344.430
  0.059   730344.437
  0.061   730344.444
  0.062   730344.451
  0.067   730344.458
  0.068   730344.465
  0.067   730344.472
  0.061   730344.479
  0.067   730344.486
  0.060   730344.493
  0.063   730344.500
  0.058   730344.507
  0.060   730344.514
  0.057   730344.521
  0.060   730344.528
  0.059   730344.535
  0.065   730344.541
  0.063   730344.548
  0.062   730344.555
  0.062   730344.562
  0.061   730344.569
  0.060   730344.576
  0.070   730344.583
  0.061   730344.590
  0.054   730344.597
  0.050   730344.604
  0.048   730344.611
  0.057   730344.618
  0.055   730344.625
  0.052   730344.632
  0.057   730344.639
  0.050   730344.646
  0.050   730344.653
  0.053   730344.660
  0.051   730344.666
  0.051   730344.673
  0.045   730344.680
  0.050   730344.687
  0.060   730344.694
  0.052   730344.701
  0.051   730344.708
  0.060   730344.715
  0.050   730344.722
  0.049   730344.729
  0.054   730344.736
  0.050   730344.743
  0.048   730344.750
  0.313   730344.757
  0.053   730344.764
  0.049   730344.771
  0.052   730344.778
  0.051   730344.785
  0.052   730344.791
  0.053   730344.798
  0.052   730344.805
  0.050   730344.812
  0.048   730344.819
  0.052   730344.826
  0.056   730344.833
  0.057   730344.840
  0.051   730344.847
  0.058   730344.854
  0.054   730344.861
  0.051   730344.868
  0.055   730344.875
  0.053   730344.882
  0.063   730344.889
  0.061   730344.896
  0.059   730344.903
  0.068   730344.910
  0.065   730344.917
  0.057   730344.923
  0.061   730344.930
  0.056   730344.937
  0.063   730344.944
  0.056   730344.951
  0.058   730344.958
  0.068   730344.965
  0.064   730344.972
  0.067   730344.979
  0.055   730344.986
  0.061   730344.993
  0.058   730345.000
