  0.390   730050.000
  0.420   730050.000
  0.460   730050.010
  0.420   730050.020
  0.440   730050.030
  0.410   730050.030
  0.450   730050.040
  0.410   730050.050
  0.390   730050.050
  0.390   730050.060
  0.360   730050.070
  0.370   730050.070
  0.390   730050.080
  0.320   730050.090
  0.340   730050.110
  0.350   730050.120
  0.320   730050.120
  0.330   730050.130
  0.320   730050.140
  0.350   730050.140
  0.330   730050.150
  0.290   730050.160
  3.310   730050.160
  3.320   730050.170
  0.330   730050.180
  0.340   730050.190
  0.320   730050.190
  0.310   730050.200
  0.320   730050.210
  0.320   730050.210
  0.320   730050.220
  0.340   730050.230
  0.360   730050.230
  0.330   730050.240
  0.350   730050.250
  0.270   730050.760
  0.250   730050.770
  0.250   730050.780
  0.250   730050.780
  0.630   730050.790
  0.230   730050.800
  0.240   730050.800
  0.250   730050.810
  0.240   730050.820
  0.230   730050.820
  0.250   730050.830
  0.260   730050.840
  0.240   730050.850
  0.220   730050.850
  0.220   730050.860
  0.240   730050.870
  0.230   730050.870
  0.230   730050.880
    NaN   730050.890
  0.250   730050.890
  0.240   730050.900
  0.230   730050.910
  0.210   730050.920
  0.250   730050.930
  0.240   730050.940
  0.260   730050.940
  0.290   730050.960
  0.240   730050.970
  0.260   730050.980
  0.260   730050.990
