  1.900   730221.003
  2.298   730221.009
  1.951   730221.016
  1.815   730221.024
  2.036   730221.031
  2.101   730221.037
  2.018   730221.045
  1.903   730221.051
  1.999   730221.059
  2.286   730221.068
  2.012   730221.075
  2.007   730221.085
 48.759   730221.091
  1.961   730221.097
  1.929   730221.103
  2.075   730221.110
  2.016   730221.117
  1.879   730221.124
  2.214   730221.132
  2.200   730221.138
  2.105   730221.144
  2.309   730221.155
  2.134   730221.158
  1.847   730221.165
  2.077   730221.174
  2.423   730221.180
  2.228   730221.186
  2.182   730221.193
  1.836   730221.200
  2.178   730221.207
  2.194   730221.215
  2.277   730221.221
  2.412   730221.228
  2.292   730221.235
  2.124   730221.242
  2.305   730221.252
  1.981   730221.259
  2.324   730221.264
  2.134   730221.270
  2.471   730221.277
  2.414   730221.284
  2.234   730221.291
  2.493   730221.298
  2.358   730221.305
  2.511   730221.311
  2.285   730221.318
  2.659   730221.325
  2.508   730221.332
  2.511   730221.340
  2.538   730221.347
  2.296   730221.353
  2.701   730221.360
  2.460   730221.367
  2.276   730221.374
  2.505   730221.382
  2.381   730221.388
  2.498   730221.395
  2.312   730221.402
  2.468   730221.409
  2.726   730221.419
  2.782   730221.427
  2.747   730221.432
  2.787   730221.437
  2.547   730221.444
  2.328   730221.450
  3.035   730221.458
  2.754   730221.466
  2.569   730221.472
  2.521   730221.478
  2.784   730221.485
  2.585   730221.492
  2.659   730221.499
  2.209   730221.507
  2.355   730221.514
  3.050   730221.520
  2.529   730221.527
  2.367   730221.534
  2.713   730221.541
  2.999   730221.549
  2.568   730221.555
  3.147   730221.562
  2.814   730221.569
  2.918   730221.576
  2.588   730221.586
 47.273   730221.594
  2.664   730221.600
  2.389   730221.606
  2.749   730221.612
  3.010   730221.618
  2.530   730221.633
  3.036   730221.639
  2.490   730221.646
  2.845   730221.654
  3.231   730221.660
  2.767   730221.669
  2.782   730221.675
  2.937   730221.682
  2.906   730221.689
  2.595   730221.695
  2.816   730221.702
  2.728   730221.710
  2.546   730221.716
  3.088   730221.723
  3.492   730221.730
  2.883   730221.737
  2.768   730221.745
  3.012   730221.752
  3.176   730221.757
  2.527   730221.764
  3.051   730221.771
  3.030   730221.778
  2.822   730221.785
  2.501   730221.793
  2.631   730221.799
  2.958   730221.806
  2.875   730221.813
  2.830   730221.820
  2.721   730221.827
  3.328   730221.835
  3.235   730221.841
  2.977   730221.848
  3.153   730221.855
  3.033   730221.862
  2.877   730221.869
  2.831   730221.877
  2.941   730221.882
  2.715   730221.889
  0.942   730221.897
  2.928   730221.903
  3.118   730221.911
  2.702   730221.919
  2.901   730221.924
  2.879   730221.931
  2.404   730221.938
  3.143   730221.945
  2.913   730221.952
  2.930   730221.960
  2.894   730221.966
  2.518   730221.973
  2.668   730221.980
  2.519   730221.987
  2.657   730221.994
