  0.798   730221.004
  0.756   730221.010
  0.683   730221.017
  0.713   730221.026
  0.757   730221.033
  0.752   730221.039
  0.769   730221.047
  0.668   730221.053
  0.753   730221.062
  0.730   730221.072
  0.748   730221.079
  9.695   730221.089
  0.740   730221.095
  0.675   730221.101
  0.768   730221.107
  0.697   730221.113
  0.774   730221.120
  0.757   730221.128
  0.758   730221.135
  0.704   730221.141
  0.656   730221.146
  0.739   730221.158
  0.794   730221.162
  0.671   730221.170
  0.691   730221.177
  0.768   730221.183
  0.748   730221.190
  0.789   730221.197
  0.770   730221.204
  0.772   730221.211
  0.673   730221.219
  0.769   730221.225
  0.775   730221.232
  0.698   730221.239
  0.849   730221.246
  0.736   730221.257
  0.676   730221.263
  0.778   730221.268
  0.700   730221.274
  0.807   730221.280
  0.805   730221.287
  0.797   730221.295
  0.741   730221.302
  0.775   730221.309
  0.767   730221.315
  0.799   730221.322
  0.700   730221.329
  0.815   730221.337
  0.786   730221.344
  0.794   730221.350
  0.886   730221.357
  0.776   730221.364
  0.742   730221.371
  0.831   730221.378
  0.713   730221.386
  0.782   730221.392
  0.796   730221.399
  0.760   730221.405
  0.799   730221.413
  0.844   730221.424
  0.773   730221.431
  0.845   730221.436
  0.774   730221.441
  0.776   730221.448
  0.814   730221.454
  0.778   730221.462
  0.746   730221.470
  0.758   730221.476
  0.808   730221.482
  0.741   730221.489
  0.869   730221.496
  0.783   730221.504
  0.824   730221.512
  0.808   730221.518
  0.809   730221.524
  0.664   730221.531
  0.705   730221.538
  0.708   730221.546
  0.845   730221.554
  0.713   730221.559
  0.880   730221.566
  0.792   730221.573
  0.818   730221.581
  0.792   730221.593
  0.751   730221.599
  0.814   730221.605
  0.783   730221.610
  0.704   730221.616
  0.668   730221.633
  0.773   730221.640
  0.734   730221.647
  0.683   730221.655
  0.648   730221.661
  0.751   730221.670
  0.717   730221.675
  0.736   730221.682
  0.748   730221.690
  0.792   730221.696
  0.656   730221.703
  0.716   730221.711
  0.875   730221.717
  0.777   730221.724
  0.677   730221.730
  0.739   730221.737
  0.794   730221.746
  0.835   730221.753
  0.780   730221.758
  0.727   730221.765
  0.768   730221.772
  0.818   730221.779
  0.852   730221.786
  0.808   730221.794
  0.937   730221.800
  0.817   730221.807
  0.852   730221.814
  0.856   730221.821
  0.967   730221.828
  1.068   730221.836
  0.864   730221.842
  0.867   730221.849
  0.769   730221.855
  0.850   730221.862
  0.793   730221.869
  0.915   730221.878
  0.856   730221.883
  0.910   730221.890
  0.539   730221.897
  0.941   730221.904
  0.893   730221.913
  0.977   730221.920
  0.986   730221.925
  0.866   730221.932
  0.983   730221.939
  0.917   730221.946
  0.869   730221.953
  0.840   730221.961
  0.953   730221.967
  1.010   730221.973
  0.976   730221.980
  1.023   730221.987
  0.944   730221.994
