  1.697   730221.004
  1.568   730221.009
  1.636   730221.016
  1.899   730221.025
  1.751   730221.032
  1.710   730221.038
  1.785   730221.046
  1.525   730221.052
  1.832   730221.060
  2.039   730221.070
  1.686   730221.076
  2.182   730221.086
  1.725   730221.093
  1.667   730221.098
  1.685   730221.104
  1.934   730221.111
  1.901   730221.118
  1.583   730221.125
  1.888   730221.133
  1.483   730221.139
  1.789   730221.145
  1.714   730221.156
  1.537   730221.160
  1.620   730221.167
  1.430   730221.175
  1.466   730221.181
  1.352   730221.188
  1.356   730221.195
  1.423   730221.201
  1.389   730221.208
  1.493   730221.216
  1.418   730221.223
  1.436   730221.229
  1.317   730221.236
  1.279   730221.243
  1.404   730221.254
  1.308   730221.261
  1.373   730221.266
  1.440   730221.271
  1.420   730221.278
  1.229   730221.285
  8.779   730221.292
 12.253   730221.300
  7.587   730221.306
  5.663   730221.313
  3.704   730221.320
  9.781   730221.327
  4.520   730221.334
  1.560   730221.342
  1.477   730221.348
  2.815   730221.354
  7.864   730221.361
  7.177   730221.368
  1.471   730221.376
  1.424   730221.384
  1.269   730221.390
  1.226   730221.396
  1.487   730221.403
  1.399   730221.410
  1.500   730221.421
  1.411   730221.428
  1.426   730221.433
  1.511   730221.438
  1.349   730221.445
  1.320   730221.452
  1.310   730221.459
    NaN   730221.467
  1.374   730221.473
  1.362   730221.479
  1.165   730221.487
  1.260   730221.494
  1.270   730221.501
  1.241   730221.509
  1.222   730221.515
  1.067   730221.522
  1.186   730221.528
  1.236   730221.535
  1.107   730221.543
  1.222   730221.551
  1.083   730221.557
  1.256   730221.563
  1.224   730221.570
  1.016   730221.577
  1.119   730221.589
  1.039   730221.596
  1.155   730221.602
  1.026   730221.608
  1.172   730221.614
  1.206   730221.620
  1.225   730221.633
  1.045   730221.640
  1.170   730221.647
  1.148   730221.654
  6.299   730221.661
  1.168   730221.669
 10.010   730221.675
  1.231   730221.682
 10.478   730221.689
  2.281   730221.696
  1.148   730221.702
  1.147   730221.710
  1.822   730221.716
  1.243   730221.723
  1.003   730221.730
  1.199   730221.737
  1.127   730221.745
  1.437   730221.753
  1.251   730221.758
  1.694   730221.765
  4.828   730221.772
  1.160   730221.779
  0.970   730221.786
  1.168   730221.794
  1.171   730221.799
  1.203   730221.806
  1.152   730221.813
  1.101   730221.820
  1.112   730221.827
  1.069   730221.835
  1.228   730221.841
  1.046   730221.848
  1.099   730221.855
  1.239   730221.862
  1.162   730221.869
  1.115   730221.877
  1.201   730221.883
  1.182   730221.890
  0.451   730221.897
  1.226   730221.904
  0.994   730221.912
  1.242   730221.920
  1.182   730221.924
  1.119   730221.931
  1.124   730221.938
  1.085   730221.945
  1.140   730221.952
  1.121   730221.961
  1.234   730221.966
  1.092   730221.973
  1.118   730221.980
  1.326   730221.987
  1.151   730221.994
