 14.418   730221.005
 13.024   730221.011
 14.636   730221.018
 12.811   730221.027
 13.577   730221.034
 14.806   730221.039
 10.155   730221.047
 14.055   730221.053
 13.753   730221.063
 15.054   730221.073
 14.422   730221.081
 13.797   730221.090
 13.858   730221.096
 12.627   730221.102
 11.890   730221.108
 11.520   730221.115
 14.410   730221.121
 12.576   730221.129
 16.737   730221.137
 12.172   730221.143
 12.066   730221.147
 13.382   730221.159
 15.728   730221.163
 12.237   730221.171
 13.191   730221.179
 13.866   730221.184
 15.622   730221.191
 10.492   730221.198
 14.763   730221.205
 13.434   730221.212
 12.410   730221.220
 11.973   730221.226
 12.663   730221.233
 15.371   730221.240
 12.485   730221.248
 13.694   730221.259
 17.048   730221.265
 11.655   730221.269
 14.467   730221.275
 12.962   730221.282
 14.151   730221.289
 13.213   730221.296
 16.262   730221.304
 12.296   730221.310
 15.345   730221.316
 16.151   730221.323
 14.728   730221.330
 14.297   730221.338
 13.047   730221.345
 11.769   730221.352
 11.517   730221.358
 15.428   730221.365
 13.374   730221.372
 15.646   730221.380
 15.293   730221.387
 16.425   730221.393
 14.540   730221.400
 12.315   730221.407
 15.816   730221.415
 15.554   730221.426
 16.494   730221.432
 15.337   730221.437
 15.143   730221.442
 13.362   730221.449
 15.179   730221.455
 15.331   730221.463
 16.720   730221.471
 15.011   730221.477
 15.713   730221.483
 16.300   730221.491
 16.603   730221.497
 15.385   730221.506
 14.111   730221.513
 12.788   730221.519
 14.936   730221.526
 11.869   730221.532
 18.123   730221.539
 14.099   730221.547
 16.392   730221.555
 13.482   730221.561
 16.910   730221.567
 13.672   730221.574
 14.079   730221.583
 14.550   730221.595
 16.121   730221.601
 16.208   730221.607
 13.735   730221.612
 13.357   730221.618
 13.472   730221.634
 18.140   730221.640
 16.650   730221.648
 14.809   730221.655
 13.771   730221.662
 15.855   730221.670
 13.755   730221.676
 17.163   730221.683
 15.126   730221.690
 13.634   730221.696
 17.148   730221.703
 15.497   730221.711
 15.883   730221.717
 17.726   730221.724
 16.749   730221.731
 14.694   730221.738
 15.469   730221.747
 16.059   730221.753
 17.514   730221.758
 15.783   730221.765
 13.106   730221.772
 14.481   730221.779
 13.531   730221.786
 12.100   730221.794
 13.064   730221.800
 14.846   730221.807
 14.299   730221.814
 15.326   730221.821
 16.055   730221.828
 14.168   730221.836
 14.283   730221.842
 13.282   730221.849
 13.816   730221.856
 16.950   730221.863
 14.488   730221.870
 16.096   730221.878
 12.613   730221.883
 15.782   730221.890
  6.873   730221.897
 11.411   730221.904
 13.882   730221.914
 12.785   730221.920
 13.292   730221.925
 13.076   730221.932
 13.945   730221.939
 11.184   730221.946
 13.035   730221.953
 11.199   730221.961
 11.222   730221.967
 12.074   730221.974
 10.935   730221.981
 12.517   730221.988
 14.843   730221.995
