  0.300   729992.000
  0.280   729992.000
  0.320   729992.010
  0.290   729992.020
  0.310   729992.030
  0.300   729992.030
  0.300   729992.040
  0.320   729992.050
  0.280   729992.050
  0.290   729992.060
  0.330   729992.070
  0.290   729992.070
  0.290   729992.080
  0.310   729992.090
  0.300   729992.100
  0.290   729992.100
  0.260   729992.110
  0.270   729992.120
  0.260   729992.120
  0.220   729992.130
  0.190   729992.140
  0.220   729992.140
  0.230   729992.150
  0.220   729992.160
  0.220   729992.160
  0.210   729992.170
  0.190   729992.180
  0.210   729992.190
  0.180   729992.190
  0.190   729992.200
  0.180   729992.210
  0.190   729992.210
  0.180   729992.220
  0.200   729992.230
  0.200   729992.230
  0.200   729992.240
  0.210   729992.250
  0.230   729992.250
  0.200   729992.260
  0.210   729992.270
  0.200   729992.280
  0.200   729992.280
  0.200   729992.290
  0.210   729992.300
  0.210   729992.300
  0.200   729992.310
  0.210   729992.320
  0.200   729992.320
  0.200   729992.330
  0.200   729992.340
  0.200   729992.350
  0.200   729992.350
  0.200   729992.360
  0.190   729992.370
  0.180   729992.370
  0.210   729992.380
  0.190   729992.390
  0.200   729992.390
  0.200   729992.400
  0.190   729992.410
  0.200   729992.410
  0.180   729992.420
  0.190   729992.430
  0.200   729992.440
  0.200   729992.440
  0.220   729992.450
  0.190   729992.460
  0.200   729992.460
  0.180   729992.470
  0.200   729992.480
  0.190   729992.480
  0.200   729992.490
  0.190   729992.500
  0.190   729992.500
  0.190   729992.510
  0.190   729992.520
  0.200   729992.530
  0.220   729992.530
  0.230   729992.540
  0.200   729992.550
  0.220   729992.550
  0.220   729992.560
  0.190   729992.570
  0.210   729992.570
  0.200   729992.580
  0.200   729992.590
  0.190   729992.600
  0.190   729992.600
  0.160   729992.610
  0.170   729992.620
  0.170   729992.620
  0.170   729992.630
  0.170   729992.640
  0.180   729992.640
  0.170   729992.650
  0.170   729992.660
  0.160   729992.660
  0.170   729992.670
  0.170   729992.680
  0.190   729992.690
  0.180   729992.690
  0.170   729992.700
  0.180   729992.710
  0.180   729992.710
  0.940   729992.720
  0.190   729992.730
  0.200   729992.730
  0.190   729992.740
  0.220   729992.750
  0.200   729992.750
  0.230   729992.760
  0.220   729992.770
  0.210   729992.780
  1.650   729992.780
  2.380   729992.790
  0.210   729992.800
  0.220   729992.800
  0.200   729992.810
  0.210   729992.820
  0.230   729992.820
  0.230   729992.830
  0.240   729992.840
  0.250   729992.850
  0.280   729992.850
  0.290   729992.860
  0.280   729992.870
    NaN   729992.870
  0.260   729992.880
  0.220   729992.890
  0.240   729992.890
  0.260   729992.900
  0.260   729992.910
  0.240   729992.910
  0.260   729992.920
  0.230   729992.930
    NaN   729992.940
    NaN   729992.940
  0.230   729992.950
  0.240   729992.960
  0.230   729992.960
  0.220   729992.970
  0.200   729992.980
  0.210   729992.980
  0.230   729992.990
