  3.550   729992.000
  2.120   729992.000
  0.000   729992.010
  0.000   729992.020
  0.000   729992.030
  0.000   729992.030
  0.000   729992.040
  0.000   729992.050
  0.000   729992.050
  0.000   729992.060
  0.000   729992.070
  0.000   729992.070
  1.740   729992.080
  0.340   729992.090
  0.370   729992.100
  0.410   729992.100
  0.390   729992.110
  0.400   729992.120
  0.360   729992.120
  0.330   729992.130
  0.330   729992.140
  0.330   729992.140
  0.330   729992.150
  0.340   729992.160
  0.330   729992.170
  0.350   729992.170
  0.330   729992.180
  0.350   729992.190
  0.330   729992.190
  0.330   729992.200
  0.330   729992.210
  1.820   729992.210
  0.470   729992.220
  0.000   729992.230
  0.000   729992.230
  0.000   729992.240
  0.000   729992.250
  0.000   729992.260
  0.000   729992.260
  0.000   729992.270
  0.000   729992.280
  0.000   729992.280
  0.000   729992.290
  0.000   729992.300
  0.000   729992.300
  0.000   729992.310
  0.000   729992.320
  0.000   729992.320
  0.000   729992.330
  0.000   729992.340
  0.000   729992.350
  0.000   729992.350
  0.000   729992.360
  0.000   729992.370
  0.000   729992.370
  0.000   729992.380
  0.000   729992.390
  0.000   729992.390
  0.000   729992.400
  0.000   729992.410
  0.000   729992.420
  0.000   729992.420
  0.000   729992.430
  0.000   729992.440
  0.000   729992.440
  0.000   729992.450
  0.000   729992.460
  0.000   729992.460
  0.000   729992.470
  4.090   729992.480
  6.220   729992.480
  0.700   729992.490
  0.420   729992.500
  0.390   729992.510
  0.420   729992.510
  1.490   729992.520
  0.410   729992.530
  0.420   729992.530
  0.410   729992.540
  0.380   729992.550
  0.460   729992.550
  0.440   729992.560
  0.410   729992.570
  0.440   729992.570
  0.480   729992.580
  0.470   729992.590
  0.460   729992.600
  0.420   729992.600
  0.490   729992.610
  0.470   729992.620
  0.470   729992.620
  0.480   729992.630
  0.470   729992.640
  0.560   729992.640
  0.670   729992.650
  0.720   729992.660
  0.620   729992.670
  0.610   729992.670
  0.630   729992.680
  0.660   729992.690
  0.580   729992.690
  0.680   729992.700
  0.660   729992.710
  0.610   729992.710
  0.820   729992.720
  0.600   729992.730
  0.620   729992.730
  0.600   729992.740
  0.580   729992.750
  0.550   729992.760
  0.480   729992.760
  0.430   729992.770
  0.480   729992.780
  0.500   729992.780
  0.000   729992.790
  0.000   729992.800
  0.620   729992.800
  3.040   729992.810
  1.610   729992.820
  0.000   729992.820
  0.000   729992.830
  0.000   729992.840
  0.000   729992.850
  0.000   729992.850
  0.000   729992.860
  0.000   729992.870
  0.000   729992.870
  0.000   729992.880
  0.000   729992.890
    NaN   729992.890
    NaN   729992.900
  0.000   729992.910
  0.000   729992.920
  0.000   729992.920
  0.000   729992.930
  0.000   729992.940
  0.000   729992.940
  0.000   729992.950
  0.000   729992.960
  0.000   729992.960
  0.000   729992.970
  0.000   729992.980
  0.000   729992.980
  0.000   729992.990
