  0.620   729943.000
  0.670   729943.000
  0.610   729943.010
  0.590   729943.020
  0.590   729943.030
  0.580   729943.030
  0.570   729943.040
  0.570   729943.050
  0.520   729943.050
  0.580   729943.060
  0.570   729943.070
  0.610   729943.070
  0.520   729943.080
  0.530   729943.090
  0.550   729943.100
  0.510   729943.100
  0.490   729943.110
  0.530   729943.120
  0.540   729943.120
  0.530   729943.130
  0.550   729943.140
  0.590   729943.140
  0.500   729943.150
  0.540   729943.160
  0.500   729943.160
  0.480   729943.170
  0.480   729943.180
  0.490   729943.190
  0.520   729943.190
  0.500   729943.200
  0.500   729943.210
  0.440   729943.210
  0.430   729943.220
  0.440   729943.230
  0.430   729943.230
  0.460   729943.240
  0.450   729943.250
  0.460   729943.250
  0.490   729943.260
  0.490   729943.270
  0.530   729943.280
  0.570   729943.280
  0.590   729943.290
  0.640   729943.300
  0.660   729943.300
  0.570   729943.310
  0.550   729943.320
  0.540   729943.320
  0.550   729943.330
  0.500   729943.340
  0.510   729943.350
  0.550   729943.350
  0.550   729943.360
  0.580   729943.370
  0.490   729943.370
    NaN   729943.380
  0.520   729943.390
  0.630   729943.390
  0.570   729943.400
  0.580   729943.410
  0.610   729943.410
  0.580   729943.420
  0.560   729943.430
  0.610   729943.440
  0.640   729943.440
  0.570   729943.450
  0.560   729943.460
  0.570   729943.460
  0.520   729943.470
  0.480   729943.480
  0.480   729943.480
  0.450   729943.490
  0.480   729943.500
  0.410   729943.500
  0.390   729943.510
  0.410   729943.520
  0.420   729943.530
  0.390   729943.530
  0.350   729943.540
  0.340   729943.550
  0.350   729943.550
  0.320   729943.560
  0.340   729943.570
  0.320   729943.570
  0.330   729943.580
  0.330   729943.590
  0.320   729943.600
  0.310   729943.600
  0.290   729943.610
  0.300   729943.620
  0.260   729943.620
  0.250   729943.630
  0.230   729943.640
  0.240   729943.640
  0.270   729943.650
  0.230   729943.660
  0.240   729943.660
  0.230   729943.670
  0.250   729943.680
  0.250   729943.690
  0.230   729943.690
  0.240   729943.700
  0.220   729943.710
  0.200   729943.710
  0.180   729943.730
  0.200   729943.740
  0.220   729943.750
  0.180   729943.750
  0.180   729943.760
  0.190   729943.770
  0.190   729943.780
  0.190   729943.780
  0.210   729943.790
  0.220   729943.800
  0.260   729943.800
  0.250   729943.810
  0.300   729943.820
  0.370   729943.820
  0.450   729943.830
  0.490   729943.840
  0.580   729943.850
  0.610   729943.850
  0.720   729943.860
  0.880   729943.870
  0.980   729943.870
  1.070   729943.880
  1.140   729943.890
  1.040   729943.890
  1.040   729943.900
  1.150   729943.910
  1.150   729943.910
  1.180   729943.920
