  0.650   729943.000
  0.920   729943.000
  0.730   729943.010
  0.540   729943.020
  0.040   729943.030
  0.160   729943.030
  1.040   729943.040
  0.630   729943.050
  0.780   729943.050
  0.480   729943.060
  0.600   729943.070
  0.860   729943.070
  0.720   729943.080
  0.470   729943.090
  0.510   729943.090
  0.030   729943.100
  0.030   729943.110
  0.240   729943.120
  0.540   729943.120
  0.040   729943.130
  0.030   729943.140
  0.030   729943.140
  0.030   729943.150
  0.030   729943.160
  0.030   729943.160
  0.030   729943.170
  0.040   729943.180
  0.030   729943.180
  0.030   729943.190
  0.030   729943.200
  0.040   729943.210
  0.040   729943.210
  0.040   729943.220
  0.030   729943.230
  0.030   729943.230
  0.030   729943.240
  0.040   729943.250
  0.030   729943.250
  0.030   729943.260
  0.030   729943.270
  0.030   729943.280
  0.040   729943.280
  0.030   729943.290
  0.030   729943.300
  0.030   729943.300
  0.040   729943.310
  0.030   729943.320
  0.030   729943.320
  0.030   729943.330
  0.030   729943.340
  0.030   729943.340
  0.030   729943.350
  0.030   729943.360
  0.030   729943.370
  0.040   729943.370
  0.040   729943.380
  0.040   729943.390
  0.030   729943.390
  0.050   729943.400
  0.030   729943.410
  0.050   729943.410
  0.040   729943.420
  0.050   729943.430
  0.030   729943.430
  0.030   729943.440
  0.030   729943.450
  0.030   729943.460
  0.030   729943.460
  0.030   729943.470
  0.040   729943.480
  0.030   729943.480
  0.030   729943.490
  0.030   729943.500
  0.020   729943.500
  0.030   729943.510
  0.030   729943.520
  0.040   729943.530
  0.040   729943.530
  0.020   729943.540
  0.040   729943.550
  0.020   729943.550
  0.030   729943.560
  0.030   729943.570
  0.020   729943.570
  0.030   729943.580
  0.040   729943.590
  0.050   729943.590
  0.030   729943.600
  0.030   729943.610
  0.020   729943.620
  0.020   729943.620
  0.040   729943.630
  0.030   729943.640
  0.040   729943.640
  0.030   729943.650
  0.020   729943.660
  0.020   729943.660
  0.040   729943.670
  0.020   729943.680
  0.030   729943.680
  0.020   729943.690
  0.030   729943.700
  0.020   729943.710
  0.020   729943.710
  0.030   729943.730
  0.030   729943.740
  0.020   729943.750
  0.020   729943.750
  0.020   729943.760
  0.020   729943.770
  0.030   729943.780
  0.040   729943.780
  0.070   729943.790
  0.020   729943.800
  0.020   729943.800
  0.020   729943.810
  0.020   729943.820
  0.030   729943.820
  0.050   729943.830
  0.070   729943.840
  0.030   729943.840
  0.030   729943.850
  0.020   729943.860
  0.020   729943.870
  0.020   729943.870
  0.030   729943.880
  0.020   729943.890
  0.020   729943.890
  0.020   729943.900
  0.030   729943.910
  0.020   729943.910
  0.030   729943.920
