  0.900   730017.000
  0.880   730017.000
  0.840   730017.010
  0.900   730017.020
  0.920   730017.030
  0.880   730017.030
  0.860   730017.040
  0.930   730017.050
  0.970   730017.050
  0.900   730017.060
  0.770   730017.070
  0.770   730017.070
  0.780   730017.080
  0.750   730017.090
  0.810   730017.100
  0.800   730017.100
  0.820   730017.110
  0.890   730017.120
  0.900   730017.120
  0.890   730017.130
  0.780   730017.140
  0.930   730017.140
  0.850   730017.150
  0.870   730017.160
  0.870   730017.160
  0.860   730017.170
  0.880   730017.180
  0.820   730017.190
  0.880   730017.190
  0.860   730017.200
  0.970   730017.210
  1.000   730017.210
  1.070   730017.220
  0.980   730017.230
  1.030   730017.230
  0.990   730017.240
  1.150   730017.250
  1.170   730017.250
  1.150   730017.260
  1.220   730017.270
  1.140   730017.280
  1.120   730017.280
  1.110   730017.290
  1.150   730017.300
  1.000   730017.300
  1.180   730017.310
  1.210   730017.320
  1.230   730017.320
  1.280   730017.330
  1.260   730017.340
  1.140   730017.350
  1.220   730017.350
  1.160   730017.360
  1.320   730017.370
  1.310   730017.370
  1.250   730017.380
  1.270   730017.390
  1.280   730017.390
  1.090   730017.400
  1.200   730017.410
  1.130   730017.410
  1.130   730017.420
  1.180   730017.430
  1.200   730017.440
  1.260   730017.440
  1.290   730017.450
  1.320   730017.460
  1.320   730017.460
  1.280   730017.470
  1.300   730017.480
  1.520   730017.480
  1.350   730017.490
  1.370   730017.500
  1.340   730017.500
  1.280   730017.510
  1.340   730017.520
  1.410   730017.530
  1.410   730017.530
  1.590   730017.540
  1.530   730017.550
  1.410   730017.550
  1.500   730017.560
  1.420   730017.570
  1.470   730017.570
  1.530   730017.580
  1.580   730017.590
  1.420   730017.600
  1.480   730017.600
  1.480   730017.610
  1.610   730017.620
  1.490   730017.620
  1.520   730017.630
  1.540   730017.640
  1.530   730017.640
  1.670   730017.650
  1.860   730017.660
  1.810   730017.660
  1.710   730017.670
  1.620   730017.680
  1.810   730017.690
  1.880   730017.690
  1.790   730017.700
  1.730   730017.710
  1.800   730017.710
  1.780   730017.720
  1.830   730017.730
  1.800   730017.730
  1.830   730017.740
  1.970   730017.750
  1.950   730017.750
  2.010   730017.760
  2.000   730017.770
  2.110   730017.780
  2.020   730017.780
  2.270   730017.790
  2.190   730017.800
  2.070   730017.800
  2.330   730017.810
  2.200   730017.820
  2.210   730017.820
  2.230   730017.830
  2.130   730017.840
  2.060   730017.850
  2.220   730017.850
  2.180   730017.860
  1.930   730017.870
  2.020   730017.870
  1.850   730017.880
  1.910   730017.890
  1.850   730017.890
  1.790   730017.900
  1.710   730017.910
  1.730   730017.910
  1.600   730017.920
  1.630   730017.930
  1.700   730017.940
  1.700   730017.940
  1.520   730017.950
  1.460   730017.960
  1.570   730017.960
  1.580   730017.970
  1.430   730017.980
  1.360   730017.980
  1.510   730017.990
