  0.790   730017.000
  0.830   730017.010
  0.820   730017.010
  0.810   730017.020
  0.810   730017.030
  1.110   730017.030
  0.820   730017.040
  0.890   730017.050
  0.930   730017.050
  0.820   730017.060
  0.720   730017.070
  0.710   730017.080
  0.740   730017.080
  0.790   730017.090
  0.710   730017.100
  0.740   730017.100
  0.740   730017.110
  0.700   730017.120
  0.770   730017.120
  0.760   730017.130
  0.680   730017.140
  0.680   730017.140
  0.700   730017.150
  0.700   730017.160
  0.650   730017.170
  0.610   730017.170
    NaN   730017.180
    NaN   730017.190
  0.780   730017.190
  0.660   730017.200
  0.760   730017.210
  0.790   730017.210
  0.670   730017.220
  0.640   730017.230
  0.720   730017.230
  0.740   730017.240
  0.700   730017.250
  0.690   730017.260
  0.720   730017.260
  0.710   730017.270
  0.650   730017.280
  0.700   730017.280
  0.720   730017.290
  0.730   730017.300
  0.720   730017.300
  0.730   730017.310
  0.700   730017.320
  0.650   730017.330
  0.660   730017.330
  0.690   730017.340
  0.670   730017.350
  0.780   730017.350
  0.700   730017.360
  0.700   730017.370
  0.650   730017.370
  0.670   730017.380
  0.640   730017.390
  0.650   730017.390
  0.690   730017.400
  0.700   730017.410
  0.730   730017.420
  0.670   730017.420
  0.800   730017.430
  0.760   730017.440
  0.840   730017.440
  0.880   730017.450
  0.860   730017.460
  0.790   730017.460
  0.790   730017.470
  0.740   730017.480
  0.720   730017.480
  0.640   730017.490
  0.610   730017.500
  0.660   730017.510
  0.590   730017.510
  0.610   730017.520
  0.590   730017.530
  0.600   730017.530
  0.670   730017.540
  0.720   730017.550
  0.760   730017.550
  0.730   730017.560
  0.750   730017.570
  0.830   730017.580
  0.840   730017.580
  0.880   730017.590
  0.920   730017.600
  0.850   730017.600
  0.960   730017.610
  1.020   730017.620
  1.070   730017.620
  1.080   730017.630
  1.200   730017.640
  1.160   730017.640
  1.090   730017.650
  1.070   730017.660
  1.170   730017.670
  1.110   730017.670
    NaN   730017.680
    NaN   730017.690
  1.070   730017.690
  7.280   730017.700
 11.150   730017.710
  8.840   730017.710
  1.100   730017.720
  1.160   730017.730
  1.540   730017.730
  1.310   730017.740
  1.200   730017.750
  1.090   730017.760
  1.210   730017.760
  1.150   730017.770
  1.200   730017.780
  1.230   730017.780
  1.160   730017.790
  1.250   730017.800
  1.200   730017.800
  1.210   730017.810
  1.200   730017.820
  1.120   730017.830
  1.200   730017.830
  1.220   730017.840
  1.190   730017.850
  1.320   730017.850
  1.120   730017.860
  1.260   730017.870
  1.150   730017.870
  1.190   730017.880
  1.240   730017.890
  1.150   730017.890
  1.160   730017.900
  1.080   730017.910
  1.270   730017.920
  1.160   730017.920
  1.150   730017.930
  1.820   730017.940
  1.630   730017.940
  1.140   730017.950
  1.160   730017.960
  1.150   730017.960
  1.020   730017.970
  1.230   730017.980
  1.090   730017.980
  1.240   730017.990
