  0.760   729999.000
  0.740   729999.000
  0.770   729999.010
  0.720   729999.020
  0.700   729999.030
    NaN   729999.030
    NaN   729999.040
  0.770   729999.050
  0.840   729999.050
  0.860   729999.060
  0.740   729999.070
  0.770   729999.070
  0.770   729999.080
  0.770   729999.090
  0.800   729999.100
  0.740   729999.100
  0.850   729999.110
  0.780   729999.120
  0.850   729999.120
  0.860   729999.130
  0.870   729999.140
  0.890   729999.140
  0.910   729999.150
  0.800   729999.160
  0.920   729999.160
  0.920   729999.170
  0.850   729999.180
  0.890   729999.190
  0.870   729999.190
  0.840   729999.200
  0.910   729999.210
  0.990   729999.210
  0.890   729999.220
  0.870   729999.230
  0.950   729999.230
  0.990   729999.240
  0.920   729999.250
  1.000   729999.250
  0.960   729999.260
  1.080   729999.270
  1.080   729999.280
  1.020   729999.280
  1.020   729999.290
  1.090   729999.300
  0.980   729999.300
  1.080   729999.310
  1.140   729999.320
  1.050   729999.320
  1.200   729999.330
  1.130   729999.340
  1.090   729999.350
  1.140   729999.350
  1.100   729999.360
  1.030   729999.370
  1.110   729999.370
  1.020   729999.380
  1.100   729999.390
  1.130   729999.390
  1.310   729999.400
  1.310   729999.410
  1.230   729999.420
  1.300   729999.420
  1.180   729999.430
  1.250   729999.440
  1.340   729999.440
  1.290   729999.450
  1.120   729999.460
  1.190   729999.460
  1.230   729999.470
  1.270   729999.480
  1.240   729999.480
  1.240   729999.490
  1.300   729999.500
  1.150   729999.500
  1.220   729999.510
  1.340   729999.520
  1.220   729999.530
    NaN   729999.530
    NaN   729999.540
  1.170   729999.550
  1.340   729999.550
  1.290   729999.560
  1.260   729999.570
  1.260   729999.570
  1.280   729999.580
  1.410   729999.590
  1.340   729999.600
  1.300   729999.600
  1.350   729999.610
  1.250   729999.620
  1.140   729999.620
  1.200   729999.630
  1.360   729999.640
  1.220   729999.640
  1.170   729999.650
  1.300   729999.660
  1.230   729999.670
  1.270   729999.670
  1.300   729999.680
  1.160   729999.690
  1.500   729999.690
  1.390   729999.700
  1.440   729999.710
  1.600   729999.710
  1.510   729999.720
  1.320   729999.730
  1.520   729999.730
  1.310   729999.740
  1.300   729999.750
  1.170   729999.750
  1.440   729999.760
  1.500   729999.770
  1.410   729999.780
  1.300   729999.780
  1.370   729999.790
  1.510   729999.800
  1.250   729999.800
  1.320   729999.810
  1.440   729999.820
  1.370   729999.820
  1.340   729999.830
  1.270   729999.840
  1.290   729999.850
  1.210   729999.850
  1.290   729999.860
  1.310   729999.870
  1.280   729999.870
  1.270   729999.880
  1.350   729999.890
  1.330   729999.890
  1.150   729999.900
  1.240   729999.910
  1.340   729999.910
  1.180   729999.920
  1.250   729999.930
  1.190   729999.940
  1.240   729999.940
  1.230   729999.950
  1.210   729999.960
  1.230   729999.960
  1.260   729999.970
  1.300   729999.980
  1.300   729999.980
  1.290   729999.990
