  0.170   730038.000
  0.160   730038.000
  0.170   730038.010
  0.160   730038.020
  0.160   730038.020
  0.180   730038.030
  0.180   730038.040
  0.180   730038.050
  0.160   730038.050
  0.160   730038.060
  0.150   730038.070
  0.170   730038.070
  0.170   730038.080
  0.160   730038.090
  0.160   730038.090
  0.130   730038.100
  0.140   730038.110
  0.130   730038.110
  0.130   730038.120
  0.130   730038.130
  0.120   730038.140
  0.110   730038.140
  0.110   730038.150
  0.100   730038.160
  0.100   730038.160
  0.110   730038.170
  0.110   730038.180
  0.100   730038.180
  0.120   730038.190
  0.100   730038.200
  0.110   730038.200
  0.110   730038.210
  0.120   730038.220
  0.120   730038.230
  0.110   730038.230
  0.130   730038.240
  0.110   730038.250
  0.120   730038.250
  0.120   730038.260
  0.140   730038.270
  0.130   730038.270
  0.130   730038.280
  0.130   730038.290
  0.120   730038.300
  0.140   730038.300
  0.140   730038.310
  0.120   730038.320
  0.120   730038.320
  0.110   730038.330
  0.120   730038.340
  0.120   730038.340
  0.110   730038.350
  0.110   730038.360
  0.110   730038.360
  0.110   730038.370
  0.110   730038.380
  0.110   730038.380
  0.100   730038.390
  0.090   730038.400
  0.100   730038.410
  0.100   730038.410
  0.520   730038.420
  0.090   730038.430
  0.100   730038.430
  0.090   730038.440
  0.230   730038.450
  0.080   730038.450
  0.090   730038.460
  0.090   730038.470
  0.090   730038.480
  0.100   730038.480
  0.100   730038.490
  0.100   730038.500
  0.110   730038.500
  0.120   730038.510
  0.130   730038.520
  0.140   730038.520
  0.140   730038.530
  0.150   730038.540
  0.160   730038.540
  0.170   730038.550
  0.160   730038.560
  0.160   730038.570
  0.180   730038.570
  0.190   730038.580
  0.180   730038.590
  0.180   730038.590
  0.160   730038.600
  0.170   730038.610
  0.150   730038.610
  0.160   730038.620
  0.150   730038.630
  0.150   730038.630
  0.140   730038.640
  0.150   730038.650
  0.140   730038.660
  0.150   730038.660
  0.150   730038.670
  0.110   730038.680
  0.130   730038.680
  0.140   730038.690
  0.140   730038.700
  0.130   730038.700
  0.120   730038.710
  0.120   730038.720
  0.110   730038.730
  0.100   730038.730
  0.100   730038.740
  0.100   730038.750
  0.090   730038.750
  0.090   730038.760
  0.100   730038.770
  0.100   730038.770
  0.090   730038.780
  0.090   730038.790
  0.080   730038.800
  0.090   730038.800
  0.090   730038.810
  0.090   730038.820
  0.090   730038.820
  0.090   730038.830
  0.090   730038.840
  0.090   730038.840
  0.090   730038.850
  0.090   730038.860
  0.100   730038.860
    NaN   730038.870
    NaN   730038.880
  0.080   730038.890
  0.080   730038.890
  0.080   730038.900
  0.080   730038.910
  0.080   730038.910
  0.080   730038.920
  0.080   730038.930
  0.080   730038.930
  0.080   730038.940
  0.080   730038.950
  0.070   730038.950
  0.070   730038.960
  0.070   730038.970
  0.080   730038.980
  0.070   730038.980
  0.060   730038.990
