  0.570   729857.000
  0.640   729857.000
  0.540   729857.010
  0.610   729857.020
  0.610   729857.020
  0.590   729857.030
  0.610   729857.040
  0.640   729857.050
  0.660   729857.050
  0.680   729857.060
  0.730   729857.070
  0.780   729857.070
    NaN   729857.080
    NaN   729857.090
  0.720   729857.090
  0.690   729857.100
  0.700   729857.110
  0.650   729857.110
  0.630   729857.120
  0.630   729857.130
  0.540   729857.140
  0.620   729857.140
  0.630   729857.150
  0.580   729857.160
  0.640   729857.160
  0.610   729857.170
  0.640   729857.180
  0.580   729857.180
  0.580   729857.190
  0.620   729857.200
  0.600   729857.200
  0.630   729857.210
  0.590   729857.220
  0.660   729857.230
  0.570   729857.230
  0.540   729857.240
  0.580   729857.250
  0.570   729857.250
  0.580   729857.260
  0.560   729857.270
  0.550   729857.270
  0.550   729857.280
  0.580   729857.290
  0.550   729857.300
  0.530   729857.300
  0.530   729857.310
  0.500   729857.320
  0.470   729857.320
  0.530   729857.330
  0.460   729857.340
  0.990   729857.340
  0.440   729857.350
  0.530   729857.360
  0.980   729857.360
  0.530   729857.370
  0.460   729857.380
  0.500   729857.390
  0.510   729857.390
  0.460   729857.400
  0.480   729857.410
  0.730   729857.410
  0.470   729857.420
  0.480   729857.430
  0.490   729857.430
  0.520   729857.440
  0.490   729857.450
  0.450   729857.450
  0.460   729857.460
  0.430   729857.470
  0.470   729857.480
  0.480   729857.480
  0.470   729857.490
  0.450   729857.500
  0.420   729857.500
  0.470   729857.510
  0.420   729857.520
  0.460   729857.520
  0.490   729857.530
  0.450   729857.540
  0.460   729857.550
  0.450   729857.550
  0.910   729857.560
  0.410   729857.570
  0.420   729857.570
    NaN   729857.580
    NaN   729857.590
  0.440   729857.590
  0.410   729857.600
  0.400   729857.610
  0.420   729857.610
  0.440   729857.620
  0.420   729857.630
  0.420   729857.640
  0.410   729857.640
  0.380   729857.650
  0.470   729857.660
  0.400   729857.660
  0.390   729857.670
  0.410   729857.680
  0.440   729857.680
  0.460   729857.690
  0.730   729857.700
  0.470   729857.700
  0.430   729857.710
  0.390   729857.720
  0.410   729857.730
  0.430   729857.730
  0.460   729857.740
  0.460   729857.750
  0.470   729857.750
  0.430   729857.760
  0.430   729857.770
  0.440   729857.770
  0.380   729857.780
  0.430   729857.790
  0.440   729857.800
  0.440   729857.800
  0.420   729857.810
  0.420   729857.820
  0.410   729857.820
  0.380   729857.830
  0.420   729857.840
  0.420   729857.840
  0.370   729857.850
  0.400   729857.880
  0.490   729857.890
  0.350   729857.890
  0.340   729857.900
  0.370   729857.910
  0.360   729857.910
  0.330   729857.920
  0.380   729857.930
  0.350   729857.930
  0.340   729857.940
  0.320   729857.950
  0.330   729857.950
  0.320   729857.960
  0.280   729857.970
  0.320   729857.980
  0.330   729857.980
  0.310   729857.990
