  0.909   730164.001
  1.149   730164.008
  1.125   730164.015
  1.256   730164.022
  1.498   730164.028
  1.462   730164.035
  1.032   730164.042
  0.991   730164.049
  1.105   730164.056
  1.008   730164.063
  1.070   730164.070
  1.107   730164.078
  1.121   730164.084
  1.304   730164.091
  1.333   730164.098
  1.058   730164.105
    NaN   730164.112
  1.219   730164.119
  1.617   730164.126
  1.216   730164.133
  1.014   730164.140
  1.149   730164.147
  1.380   730164.153
  1.230   730164.160
  1.195   730164.167
  1.518   730164.174
  1.399   730164.181
  1.136   730164.188
  1.279   730164.195
  1.433   730164.202
  3.817   730164.209
  1.516   730164.216
  1.131   730164.223
  1.175   730164.230
  1.326   730164.237
  1.347   730164.244
  1.515   730164.251
  1.292   730164.258
  1.474   730164.265
  1.260   730164.272
  1.098   730164.278
  1.412   730164.285
  1.228   730164.292
  1.399   730164.299
  1.437   730164.306
  1.267   730164.313
  1.567   730164.320
  1.591   730164.327
  1.268   730164.334
  1.281   730164.341
  1.550   730164.348
  1.398   730164.355
  1.489   730164.362
  1.372   730164.369
  1.603   730164.376
  1.427   730164.383
  1.422   730164.390
  1.441   730164.397
  1.457   730164.403
  1.694   730164.410
  1.768   730164.417
  1.548   730164.424
  1.573   730164.431
  1.566   730164.438
  1.339   730164.445
  1.833   730164.453
  1.509   730164.459
  1.737   730164.466
  1.422   730164.473
  1.294   730164.480
  1.312   730164.487
  1.540   730164.494
  1.539   730164.501
  1.478   730164.508
  1.609   730164.515
  1.633   730164.522
  1.688   730164.528
  1.816   730164.535
  1.935   730164.542
  1.517   730164.549
  1.553   730164.556
  1.438   730164.563
  1.715   730164.570
  2.180   730164.577
  2.041   730164.584
  2.227   730164.591
  2.583   730164.598
  2.289   730164.605
    NaN   730164.612
  2.618   730164.619
  2.756   730164.626
  2.295   730164.633
  2.402   730164.640
  2.532   730164.647
  2.344   730164.653
  2.652   730164.660
  2.887   730164.667
  2.533   730164.674
  2.625   730164.681
  2.655   730164.688
  2.398   730164.695
  2.704   730164.702
  2.348   730164.709
  2.602   730164.716
  2.585   730164.723
  2.865   730164.730
  2.799   730164.737
  2.360   730164.744
  2.533   730164.751
 26.918   730164.758
 34.811   730164.765
 22.335   730164.772
  2.520   730164.778
  2.198   730164.785
  2.478   730164.792
  2.411   730164.799
  2.319   730164.806
  2.442   730164.813
 14.751   730164.820
  3.363   730164.827
 35.275   730164.834
  0.754   730164.841
  1.344   730164.848
  0.781   730164.855
  1.046   730164.862
  5.694   730164.869
  9.051   730164.876
  0.866   730164.883
  0.802   730164.890
  0.953   730164.897
  0.763   730164.903
  0.585   730164.910
  1.077   730164.917
  0.826   730164.924
  0.841   730164.931
  0.496   730164.938
  0.824   730164.945
  0.811   730164.952
  0.478   730164.959
  0.815   730164.966
  0.905   730164.973
  0.522   730164.980
  1.137   730164.987
  1.298   730164.994
