  0.388   730223.002
  0.488   730223.007
  0.529   730223.014
  0.486   730223.021
  0.457   730223.028
  0.520   730223.035
  0.456   730223.043
  0.543   730223.049
  0.467   730223.056
  0.530   730223.063
  0.535   730223.070
  0.567   730223.077
  0.527   730223.085
  0.530   730223.091
  0.570   730223.098
  0.538   730223.105
  0.480   730223.112
  0.489   730223.119
  0.501   730223.126
  0.469   730223.132
  0.479   730223.139
  0.469   730223.146
  0.476   730223.153
  0.470   730223.160
  0.456   730223.168
  0.431   730223.174
  0.495   730223.181
  0.569   730223.188
  0.540   730223.195
  0.664   730223.202
  0.510   730223.209
  0.535   730223.216
  0.536   730223.223
  0.503   730223.230
  0.507   730223.237
  0.481   730223.244
  0.477   730223.251
  0.536   730223.257
  0.529   730223.265
  0.493   730223.272
  0.519   730223.278
  0.560   730223.285
  0.580   730223.294
  2.030   730223.299
  0.632   730223.306
  0.677   730223.313
  6.505   730223.320
  0.616   730223.327
  0.544   730223.334
  0.569   730223.341
  0.580   730223.348
  0.536   730223.355
  0.514   730223.362
  0.616   730223.369
  0.670   730223.376
  0.636   730223.382
  0.593   730223.389
  0.755   730223.396
  0.622   730223.403
  0.538   730223.410
  0.691   730223.418
  0.638   730223.424
  0.642   730223.431
  0.595   730223.438
  0.699   730223.445
  2.278   730223.452
  2.239   730223.460
  2.186   730223.466
  0.624   730223.473
  0.680   730223.480
  0.695   730223.487
  0.608   730223.494
  0.625   730223.501
  0.595   730223.507
  0.639   730223.514
  0.630   730223.521
  0.669   730223.528
  0.701   730223.535
  0.628   730223.543
  0.656   730223.549
  0.635   730223.556
  0.619   730223.563
  0.571   730223.570
  0.645   730223.577
  0.555   730223.585
  0.698   730223.591
  0.675   730223.598
  0.667   730223.605
  0.627   730223.612
  0.588   730223.619
  0.719   730223.627
  0.620   730223.632
  0.693   730223.639
  0.566   730223.646
  0.559   730223.653
  0.703   730223.660
  0.690   730223.668
  0.629   730223.674
  0.568   730223.681
  0.618   730223.688
  0.610   730223.695
  0.612   730223.702
  0.597   730223.710
  0.573   730223.716
  0.644   730223.723
  0.655   730223.730
  0.623   730223.737
  0.674   730223.744
  0.539   730223.752
  0.573   730223.758
  0.646   730223.764
  0.599   730223.772
  0.508   730223.779
 17.712   730223.786
  0.586   730223.794
  0.576   730223.799
  0.582   730223.806
  0.652   730223.813
  0.620   730223.820
  0.580   730223.827
  3.315   730223.837
  5.461   730223.841
  0.626   730223.848
  0.543   730223.855
  0.507   730223.858
  0.588   730223.862
  0.701   730223.869
  0.565   730223.877
  0.559   730223.883
  0.591   730223.890
  0.658   730223.896
  0.606   730223.904
  0.621   730223.910
  0.725   730223.918
  0.622   730223.924
  0.679   730223.938
  0.620   730223.945
  0.661   730223.952
  0.606   730223.961
  0.592   730223.966
  0.633   730223.973
  0.693   730223.981
  0.683   730223.988
  0.653   730223.995
