  1.060   730206.000
  1.223   730206.007
  0.925   730206.014
  1.085   730206.021
  1.120   730206.028
  1.145   730206.035
  1.048   730206.042
  1.217   730206.049
  1.207   730206.056
  1.110   730206.070
  0.977   730206.077
  1.080   730206.084
  1.057   730206.091
  1.048   730206.098
  1.035   730206.105
  0.994   730206.111
  1.022   730206.118
  1.023   730206.125
  1.034   730206.132
  0.995   730206.139
  0.888   730206.146
  1.040   730206.153
  0.890   730206.160
  1.025   730206.167
  1.020   730206.174
  0.994   730206.181
  0.947   730206.188
  0.969   730206.195
  1.053   730206.202
    NaN   730206.209
  0.996   730206.216
  0.950   730206.230
  0.937   730206.224
  0.893   730206.237
  0.938   730206.243
  0.939   730206.250
  0.895   730206.257
  0.846   730206.264
  0.928   730206.271
  0.929   730206.278
  0.944   730206.285
  1.012   730206.292
  0.924   730206.299
  0.839   730206.306
  0.857   730206.350
  0.787   730206.426
  0.806   730206.428
  0.789   730206.429
  0.795   730206.430
  1.081   730206.519
  1.173   730206.521
  1.184   730206.528
  1.284   730206.535
  1.158   730206.542
  1.250   730206.920
  1.145   730206.923
  1.160   730206.958
