  0.130   730005.000
  0.130   730005.000
  0.140   730005.010
  0.140   730005.020
  0.150   730005.030
    NaN   730005.030
  0.340   730005.040
  0.130   730005.050
  0.130   730005.050
  0.130   730005.060
  0.140   730005.070
  0.130   730005.070
  0.140   730005.080
  0.120   730005.090
  0.120   730005.090
  0.120   730005.100
  0.180   730005.110
  0.140   730005.120
  0.110   730005.120
  0.110   730005.130
  0.120   730005.140
  0.120   730005.140
  0.130   730005.150
  0.120   730005.160
  0.370   730005.160
  0.290   730005.170
  0.110   730005.180
  0.120   730005.180
  0.110   730005.190
  0.120   730005.200
  0.120   730005.210
  0.120   730005.210
  0.120   730005.220
  0.110   730005.230
  0.130   730005.230
  0.120   730005.240
  0.110   730005.250
  0.110   730005.250
  0.110   730005.260
  0.110   730005.270
  0.110   730005.280
  0.130   730005.280
  0.110   730005.290
  0.120   730005.300
  0.110   730005.300
  0.110   730005.310
  0.120   730005.320
  0.120   730005.320
  0.130   730005.330
    NaN   730005.340
  0.120   730005.340
  0.120   730005.350
  0.130   730005.360
  0.130   730005.370
  0.130   730005.370
  0.130   730005.380
  0.120   730005.390
  0.120   730005.390
  0.130   730005.400
  0.130   730005.410
  0.130   730005.410
  0.130   730005.420
  0.130   730005.430
  0.130   730005.430
  0.150   730005.440
  0.140   730005.450
  0.140   730005.460
    NaN   730005.460
  0.130   730005.470
    NaN   730005.480
    NaN   730005.480
  0.150   730005.490
  0.150   730005.500
  0.150   730005.500
  0.160   730005.510
  0.160   730005.520
  0.150   730005.530
  0.150   730005.530
  0.140   730005.540
  0.160   730005.550
  0.160   730005.550
  0.160   730005.560
  0.170   730005.570
  0.150   730005.570
  0.170   730005.580
  0.150   730005.590
  0.140   730005.590
  0.140   730005.600
  0.140   730005.610
  0.160   730005.620
  0.150   730005.620
  0.140   730005.630
  0.140   730005.640
  0.160   730005.640
  0.160   730005.650
  0.160   730005.660
  0.170   730005.660
  0.170   730005.670
  0.160   730005.680
  0.160   730005.680
  0.200   730005.690
  0.180   730005.700
  0.190   730005.710
  0.170   730005.710
  0.200   730005.720
  0.200   730005.730
  0.190   730005.730
  0.180   730005.740
  0.190   730005.750
  0.210   730005.750
  0.210   730005.760
  0.210   730005.770
  0.200   730005.780
  0.210   730005.780
  0.190   730005.790
  0.190   730005.800
  0.210   730005.800
    NaN   730005.810
    NaN   730005.820
  0.200   730005.820
  0.180   730005.830
  0.190   730005.840
  0.180   730005.840
  0.180   730005.850
  0.190   730005.860
  0.170   730005.870
    NaN   730005.870
  0.190   730005.880
  0.190   730005.890
  0.170   730005.890
  0.190   730005.900
  0.190   730005.910
  0.180   730005.910
  0.190   730005.920
  0.200   730005.930
  0.180   730005.930
  0.180   730005.940
  0.200   730005.950
  0.190   730005.960
  0.180   730005.960
  0.190   730005.970
  0.170   730005.980
  0.170   730005.980
  0.170   730005.990
