  0.030   729928.010
  0.040   729928.020
  0.040   729928.030
  0.030   729928.030
  0.030   729928.040
  0.030   729928.050
  0.030   729928.050
  0.030   729928.060
  0.030   729928.070
  0.030   729928.070
  0.030   729928.080
  0.030   729928.090
  0.030   729928.100
  0.030   729928.100
  0.030   729928.110
  0.030   729928.120
  0.030   729928.120
  0.040   729928.130
  0.840   729927.830
  0.050   729927.830
  0.040   729927.840
  0.300   729927.850
  1.490   729927.850
  0.060   729927.860
  0.050   729927.870
  0.050   729927.890
  0.080   729927.900
  0.070   729927.910
  0.070   729927.910
  0.060   729927.920
  0.050   729927.930
  0.050   729927.940
  0.050   729927.940
  0.050   729927.950
  0.040   729927.960
  0.050   729927.970
  0.040   729927.980
  0.030   729927.980
  0.040   729927.990
