  0.459   730213.082
  0.474   730213.085
  0.457   730213.085
  0.543   730213.092
  0.484   730213.095
  0.481   730213.099
  0.434   730213.104
  0.479   730213.111
  0.446   730213.118
  0.465   730213.125
  0.406   730213.132
  0.480   730213.139
  0.437   730213.146
  0.460   730213.153
  0.410   730213.160
  0.436   730213.167
  0.424   730213.173
  0.507   730213.180
  0.463   730213.187
  0.523   730213.194
  0.551   730213.201
  0.580   730213.209
  0.495   730213.215
  0.620   730213.222
  0.616   730213.229
  0.614   730213.236
  0.527   730213.243
  0.585   730213.250
  0.545   730213.257
  0.567   730213.264
  0.597   730213.271
  0.572   730213.278
  0.505   730213.285
  0.525   730213.292
  0.532   730213.298
  0.545   730213.305
  0.590   730213.312
  0.532   730213.319
  0.507   730213.326
  0.505   730213.334
  0.501   730213.340
  0.465   730213.347
  0.512   730213.354
  0.551   730213.361
  0.502   730213.368
  0.476   730213.375
  0.475   730213.382
  0.511   730213.389
  0.498   730213.396
  0.460   730213.403
  0.482   730213.410
  0.498   730213.417
  0.485   730213.423
  0.418   730213.430
    NaN   730213.437
  0.451   730213.444
  0.468   730213.452
  0.483   730213.459
  0.460   730213.465
  0.393   730213.479
  0.477   730213.486
  0.455   730213.493
  0.382   730213.500
  0.379   730213.507
  0.425   730213.514
  0.424   730213.521
  0.455   730213.528
  0.463   730213.534
  0.382   730213.542
  0.343   730213.548
  0.433   730213.555
  0.422   730213.562
  0.420   730213.569
  0.404   730213.576
  0.386   730213.584
  0.394   730213.590
  0.461   730213.597
  0.383   730213.604
  0.436   730213.611
  0.431   730213.618
  0.379   730213.625
  0.403   730213.632
  0.447   730213.639
  0.424   730213.646
  0.370   730213.653
  0.396   730213.660
  0.453   730213.667
  0.342   730213.674
  0.427   730213.681
  0.426   730213.687
  0.457   730213.694
  0.369   730213.701
  0.389   730213.709
  0.380   730213.715
  0.406   730213.722
  0.377   730213.729
  0.386   730213.736
  0.417   730213.743
  0.394   730213.750
  0.401   730213.757
  0.388   730213.764
  0.443   730213.771
  0.488   730213.778
  0.483   730213.785
  0.478   730213.792
  0.466   730213.798
  0.447   730213.805
  0.471   730213.812
  0.493   730213.819
  0.430   730213.826
  0.475   730213.834
  0.412   730213.840
  0.457   730213.847
  0.420   730213.854
  0.490   730213.861
  0.441   730213.868
  0.478   730213.875
  0.423   730213.882
  0.472   730213.889
  0.471   730213.896
  0.483   730213.903
  0.430   730213.910
  0.493   730213.923
  0.481   730213.930
    NaN   730213.937
  0.409   730213.944
  0.409   730213.952
  0.475   730213.959
  0.477   730213.965
  0.508   730213.972
  0.463   730213.979
  0.465   730213.986
  0.452   730213.993
