  0.225   730213.083
  0.248   730213.086
  0.221   730213.089
  0.210   730213.093
  0.182   730213.096
  0.163   730213.100
  0.178   730213.104
  0.186   730213.111
  0.189   730213.119
  0.149   730213.126
  0.164   730213.132
  0.152   730213.139
  0.142   730213.146
  0.163   730213.153
  0.147   730213.160
  0.135   730213.168
  0.143   730213.174
  0.136   730213.181
  0.118   730213.188
  0.126   730213.195
  0.125   730213.202
  0.193   730213.209
  0.134   730213.215
  0.119   730213.222
  0.127   730213.229
  0.123   730213.236
  0.129   730213.243
  0.131   730213.251
  0.136   730213.257
  0.134   730213.264
  0.137   730213.271
  0.246   730213.278
  0.146   730213.286
  0.155   730213.293
  0.127   730213.299
  0.151   730213.306
  0.150   730213.313
  0.132   730213.320
  0.134   730213.327
  0.142   730213.334
  0.162   730213.341
  0.128   730213.347
  0.138   730213.354
  0.165   730213.361
  0.132   730213.368
  0.183   730213.376
  0.166   730213.382
  0.168   730213.389
  0.143   730213.396
  0.155   730213.403
  0.148   730213.410
  0.163   730213.418
  0.143   730213.424
  0.135   730213.431
  0.158   730213.438
  0.199   730213.445
  0.140   730213.452
  0.145   730213.459
  0.127   730213.466
  0.117   730213.479
  0.159   730213.486
  0.107   730213.493
  0.115   730213.501
  0.126   730213.507
  0.135   730213.514
  0.126   730213.521
  0.114   730213.528
  0.111   730213.535
  0.124   730213.543
  0.114   730213.549
  0.102   730213.556
  0.103   730213.563
  0.109   730213.570
  0.110   730213.577
  0.103   730213.584
  0.098   730213.590
  0.097   730213.597
  0.099   730213.604
  0.104   730213.611
  0.090   730213.619
  0.077   730213.626
  0.087   730213.632
  0.084   730213.639
  0.071   730213.646
  0.073   730213.653
  0.067   730213.660
  0.073   730213.668
  0.074   730213.674
  0.067   730213.681
  0.067   730213.688
  0.111   730213.695
  0.063   730213.702
  0.060   730213.709
  0.077   730213.716
  0.102   730213.722
  0.063   730213.729
  0.068   730213.736
  0.067   730213.743
  0.068   730213.751
  0.070   730213.757
  0.062   730213.764
  0.067   730213.771
  0.061   730213.778
  0.065   730213.786
  0.056   730213.793
  0.063   730213.799
  0.068   730213.806
  0.064   730213.813
  0.073   730213.820
  0.073   730213.827
  0.085   730213.834
  0.097   730213.840
  0.097   730213.847
  0.088   730213.854
  0.112   730213.861
  0.107   730213.868
  0.091   730213.876
  0.108   730213.882
  0.103   730213.889
  0.112   730213.896
  0.120   730213.903
  0.124   730213.910
  0.134   730213.924
  0.125   730213.931
  0.130   730213.938
  0.109   730213.945
  0.118   730213.952
    NaN   730213.960
  0.113   730213.965
  0.118   730213.972
  0.110   730213.979
  0.102   730213.986
  0.100   730213.993
