  0.628   730213.006
  1.251   730213.006
  1.269   730213.013
  1.260   730213.020
  1.296   730213.027
  1.270   730213.034
    NaN   730213.041
  1.262   730213.048
  1.179   730213.055
  1.159   730213.062
  1.182   730213.069
  1.329   730213.073
  1.293   730213.075
  1.257   730213.076
  1.285   730213.076
  1.181   730213.081
  1.164   730213.083
  1.145   730213.084
  1.128   730213.089
  1.043   730213.090
  1.132   730213.091
  1.165   730213.094
  1.148   730213.097
  1.100   730213.104
  1.356   730213.111
  1.218   730213.117
  1.092   730213.124
  1.083   730213.131
  1.127   730213.138
  1.082   730213.145
  1.273   730213.152
  1.214   730213.159
  1.167   730213.166
  1.179   730213.173
  1.219   730213.180
  1.378   730213.187
  1.236   730213.194
  1.258   730213.201
  1.189   730213.208
  1.203   730213.215
  1.140   730213.222
  1.028   730213.229
  1.173   730213.235
  1.162   730213.242
  1.230   730213.249
  1.114   730213.256
  1.145   730213.263
  1.431   730213.270
  1.230   730213.277
  1.246   730213.284
  1.214   730213.291
  1.278   730213.298
  1.336   730213.305
  1.358   730213.312
  1.103   730213.319
  1.091   730213.326
  1.331   730213.333
  1.184   730213.340
  1.194   730213.347
  1.246   730213.354
  1.185   730213.360
  1.095   730213.367
  1.183   730213.374
  1.158   730213.381
  1.270   730213.388
  1.254   730213.395
  1.314   730213.402
  1.234   730213.409
  1.237   730213.416
  1.312   730213.423
  1.215   730213.430
  1.204   730213.437
  1.274   730213.444
  1.181   730213.451
  1.105   730213.458
  1.363   730213.465
  1.114   730213.479
  1.273   730213.485
  1.275   730213.492
  1.173   730213.499
  1.128   730213.506
  1.232   730213.513
  1.446   730213.520
  1.105   730213.527
  1.229   730213.534
    NaN   730213.541
  1.243   730213.548
  1.128   730213.555
  1.096   730213.562
  1.249   730213.569
  1.286   730213.576
  1.159   730213.583
  1.070   730213.590
  1.208   730213.597
  1.255   730213.604
  1.243   730213.610
  1.142   730213.617
  1.180   730213.625
  1.224   730213.631
  1.272   730213.638
  1.364   730213.645
  1.301   730213.652
  1.080   730213.659
  1.065   730213.666
  1.139   730213.673
  1.312   730213.680
  1.122   730213.687
  1.271   730213.694
  1.292   730213.701
  1.264   730213.708
  1.086   730213.715
  1.219   730213.722
  1.325   730213.729
  1.172   730213.735
  1.317   730213.742
  1.374   730213.749
  1.309   730213.756
  1.144   730213.763
  1.342   730213.770
  1.135   730213.777
  1.161   730213.784
  1.090   730213.791
  1.243   730213.798
  1.174   730213.805
  1.346   730213.812
  1.332   730213.819
  1.351   730213.826
  1.310   730213.833
  1.293   730213.840
  1.128   730213.847
  1.412   730213.854
  1.172   730213.860
  1.384   730213.867
  1.350   730213.874
  1.424   730213.881
  1.112   730213.888
  1.260   730213.895
  1.189   730213.902
  1.286   730213.909
  1.256   730213.923
  1.190   730213.930
  1.234   730213.937
  1.114   730213.944
  1.349   730213.951
  1.228   730213.958
  1.282   730213.965
  1.257   730213.972
  1.259   730213.979
  1.000   730213.985
  1.250   730213.992
  1.100   730213.999
