  0.342   730213.082
  0.339   730213.085
  0.373   730213.086
  0.379   730213.092
  0.397   730213.095
  0.379   730213.099
  0.416   730213.104
  0.359   730213.111
  0.343   730213.119
  0.420   730213.126
  0.358   730213.132
  0.361   730213.139
  0.359   730213.146
  1.045   730213.153
  0.490   730213.160
  0.930   730213.167
  0.521   730213.174
  0.447   730213.181
  0.427   730213.187
  0.367   730213.194
  0.730   730213.201
  0.504   730213.209
  0.433   730213.215
  0.366   730213.222
  0.345   730213.229
  0.372   730213.236
  0.368   730213.243
  0.353   730213.251
  0.392   730213.257
  0.343   730213.264
  0.379   730213.271
  0.667   730213.278
  0.327   730213.285
  0.333   730213.292
  0.356   730213.299
  0.325   730213.306
  0.323   730213.312
  0.298   730213.319
  0.314   730213.326
  0.336   730213.334
  0.345   730213.340
  0.726   730213.347
  0.332   730213.354
  0.909   730213.361
  0.341   730213.368
  0.367   730213.376
  0.634   730213.382
  0.331   730213.389
  0.346   730213.396
  0.985   730213.403
  0.375   730213.410
  0.364   730213.417
  0.443   730213.424
  0.382   730213.431
  0.424   730213.437
  1.424   730213.444
  0.356   730213.452
  0.366   730213.459
  0.311   730213.465
  0.322   730213.479
  1.342   730213.486
  0.487   730213.493
  0.801   730213.501
  0.420   730213.507
  0.548   730213.514
  0.461   730213.521
  0.545   730213.528
  0.426   730213.535
  0.457   730213.542
  0.464   730213.549
  0.472   730213.556
  0.472   730213.562
  0.496   730213.569
  0.485   730213.576
  0.470   730213.584
  0.455   730213.590
  0.565   730213.597
  0.395   730213.604
  0.494   730213.611
  0.409   730213.619
  0.376   730213.626
  0.430   730213.632
  0.352   730213.639
  0.339   730213.646
  1.063   730213.653
  0.332   730213.660
  0.306   730213.667
  0.347   730213.674
  0.434   730213.681
  0.355   730213.687
  0.279   730213.695
  0.301   730213.701
  0.391   730213.709
  0.335   730213.715
  0.312   730213.722
  0.414   730213.729
  0.290   730213.736
  0.325   730213.743
  0.288   730213.751
  0.314   730213.757
  0.339   730213.764
  0.295   730213.771
  0.388   730213.778
  0.349   730213.785
  0.461   730213.793
  0.337   730213.799
  0.329   730213.806
  0.316   730213.813
  0.368   730213.819
  0.387   730213.826
  0.468   730213.834
  0.422   730213.840
  0.462   730213.847
  0.404   730213.854
  1.179   730213.861
  0.493   730213.868
  0.497   730213.876
  0.472   730213.882
  0.537   730213.889
  0.465   730213.896
  0.376   730213.903
  0.428   730213.910
  0.387   730213.924
  0.410   730213.931
  0.383   730213.937
  0.364   730213.944
  0.380   730213.952
  0.374   730213.960
  0.289   730213.965
  0.356   730213.972
  0.358   730213.979
  0.402   730213.986
  0.358   730213.993
