  4.990   729871.000
  7.930   729871.000
 22.790   729871.010
 34.310   729871.020
  9.050   729871.020
  4.390   729871.030
  4.330   729871.040
  2.270   729871.050
  2.330   729871.050
  2.500   729871.060
  2.390   729871.070
  2.560   729871.070
  2.290   729871.080
  2.270   729871.090
  2.250   729871.090
  2.270   729871.100
  2.300   729871.110
  2.360   729871.110
  2.520   729871.120
  2.250   729871.130
  2.190   729871.140
  2.240   729871.140
  2.290   729871.150
  2.190   729871.160
  2.460   729871.160
  2.110   729871.170
  2.220   729871.180
  2.390   729871.180
  2.250   729871.190
  2.350   729871.200
  2.290   729871.200
  2.380   729871.210
  2.190   729871.220
  2.440   729871.230
  2.450   729871.230
  2.450   729871.240
  1.980   729871.250
  2.230   729871.250
  2.220   729871.260
  2.250   729871.270
  2.210   729871.270
  2.470   729871.280
  2.280   729871.290
  2.180   729871.300
  2.440   729871.300
  2.580   729871.310
  2.370   729871.320
    NaN   729871.320
  2.240   729871.330
  2.240   729871.340
  2.220   729871.340
  2.500   729871.350
  2.360   729871.360
  2.520   729871.360
  2.120   729871.370
  2.420   729871.380
 98.760   729871.390
    NaN   729871.390
    NaN   729871.400
 55.660   729871.410
  2.670   729871.410
 19.060   729871.420
 19.800   729871.430
  2.890   729871.430
  2.330   729871.440
  3.480   729871.450
  2.540   729871.450
  2.680   729871.460
  5.430   729871.470
    NaN   729871.480
    NaN   729871.480
    NaN   729871.490
    NaN   729871.500
 58.730   729871.500
 19.300   729871.510
  8.030   729871.520
  2.570   729871.520
  2.450   729871.530
  2.940   729871.540
  2.790   729871.550
  2.560   729871.550
  2.820   729871.560
  3.060   729871.570
  3.660   729871.570
  2.010   729871.580
  2.610   729871.590
  2.340   729871.590
  2.630   729871.600
  2.620   729871.610
  2.670   729871.610
  5.080   729871.620
  3.800   729871.630
  5.060   729871.640
  2.520   729871.640
  5.350   729871.650
  3.980   729871.660
  9.620   729871.660
 16.510   729871.670
 16.830   729871.680
  4.610   729871.680
  4.690   729871.690
  3.950   729871.700
  4.840   729871.700
  3.390   729871.710
 14.720   729871.720
 14.070   729871.730
 34.360   729871.730
 32.880   729871.740
  4.290   729871.750
  2.430   729871.750
  2.340   729871.760
  3.260   729871.770
  3.470   729871.770
  9.560   729871.780
 11.030   729871.790
  3.700   729871.800
  5.230   729871.800
 37.210   729871.810
 64.300   729871.820
    NaN   729871.820
 96.690   729871.830
 83.750   729871.840
    NaN   729871.840
    NaN   729871.850
    NaN   729871.860
    NaN   729871.860
    NaN   729871.870
    NaN   729871.880
    NaN   729871.890
    NaN   729871.890
    NaN   729871.900
    NaN   729871.910
    NaN   729871.910
    NaN   729871.920
    NaN   729871.930
    NaN   729871.930
    NaN   729871.940
    NaN   729871.950
    NaN   729871.950
    NaN   729871.960
 88.100   729871.970
 33.570   729871.980
  3.770   729871.980
  2.250   729871.990
