  1.817   730282.007
  1.769   730282.014
  2.007   730282.021
  1.886   730282.028
  1.597   730282.035
  1.662   730282.042
  1.668   730282.048
  1.547   730282.055
  1.685   730282.062
  2.047   730282.069
  1.809   730282.076
  1.666   730282.083
  1.811   730282.090
  1.724   730282.097
  1.597   730282.104
  1.816   730282.111
  1.634   730282.118
  1.730   730282.125
  1.471   730282.132
  1.654   730282.139
  1.483   730282.146
  1.926   730282.153
  1.840   730282.160
  1.839   730282.166
  1.683   730282.173
  1.527   730282.180
  1.542   730282.187
  1.489   730282.194
  1.664   730282.201
  1.710   730282.208
  1.501   730282.215
  1.660   730282.222
  1.547   730282.229
  1.470   730282.236
  1.558   730282.243
  1.749   730282.250
  1.535   730282.257
  1.843   730282.264
  1.607   730282.271
  1.538   730282.278
  1.669   730282.285
  1.746   730282.291
  1.604   730282.298
  1.635   730282.305
  1.670   730282.312
  1.779   730282.319
    NaN   730282.326
  1.617   730282.333
  1.614   730282.340
  1.511   730282.347
  1.637   730282.354
  1.551   730282.361
  1.230   730282.368
  1.858   730282.375
  1.560   730282.382
  1.396   730282.389
  1.298   730282.396
  1.376   730282.403
  1.537   730282.410
  1.491   730282.416
  1.432   730282.423
  1.471   730282.430
  1.631   730282.437
  1.488   730282.444
  1.450   730282.451
  1.600   730282.458
  1.548   730282.465
  1.635   730282.472
  1.517   730282.479
  1.569   730282.486
  1.333   730282.493
  1.521   730282.500
  1.432   730282.507
  1.524   730282.514
  1.459   730282.521
  1.403   730282.528
  1.354   730282.535
  1.418   730282.542
  1.606   730282.548
  1.357   730282.555
  1.568   730282.562
  1.435   730282.569
  1.577   730282.576
  1.547   730282.583
  1.437   730282.590
  1.601   730282.597
  1.584   730282.604
  1.547   730282.611
  1.667   730282.618
  1.410   730282.625
  1.532   730282.632
  1.411   730282.639
  1.555   730282.646
  1.419   730282.653
  1.582   730282.660
  1.487   730282.666
  1.507   730282.673
  1.518   730282.680
  1.482   730282.687
  1.457   730282.694
  1.665   730282.701
  1.506   730282.708
  1.492   730282.715
  1.696   730282.722
  1.519   730282.729
  1.585   730282.736
  1.609   730282.743
  1.584   730282.750
  1.472   730282.757
  1.783   730282.764
  1.526   730282.771
  1.554   730282.778
  1.547   730282.785
  1.710   730282.792
  1.596   730282.799
  1.576   730282.805
  1.776   730282.812
  1.635   730282.819
    NaN   730282.826
  1.527   730282.833
  1.728   730282.840
  1.877   730282.847
  1.833   730282.854
  1.801   730282.861
  1.803   730282.868
  1.762   730282.875
  1.885   730282.882
  1.877   730282.889
  1.710   730282.896
  1.939   730282.903
  1.809   730282.910
  1.856   730282.917
  2.197   730282.923
  1.919   730282.930
  1.880   730282.937
  1.589   730282.944
  1.747   730282.951
  1.922   730282.958
  1.909   730282.965
  1.799   730282.972
  2.033   730282.979
  1.971   730282.986
  1.773   730282.993
  2.280   730283.000
