  0.597   730436.006
  1.998   730436.006
  1.877   730436.014
  1.908   730436.020
  1.820   730436.027
  2.133   730436.034
  1.748   730436.041
  2.109   730436.048
  2.090   730436.055
  1.739   730436.062
  1.988   730436.069
  2.429   730436.076
  2.161   730436.083
  2.400   730436.090
  2.452   730436.097
  2.359   730436.104
  1.982   730436.110
  1.147   730436.110
  2.497   730436.117
  2.317   730436.124
  2.499   730436.131
  2.125   730436.138
  2.401   730436.145
  2.267   730436.152
  2.484   730436.159
  2.422   730436.166
  2.297   730436.173
  3.568   730436.180
  2.343   730436.187
  2.365   730436.194
  2.260   730436.201
  2.524   730436.208
  2.228   730436.215
  2.389   730436.222
  2.506   730436.229
  2.294   730436.235
  2.563   730436.242
  2.775   730436.249
  2.474   730436.256
  2.683   730436.263
  2.490   730436.270
  2.997   730436.277
  1.265   730436.284
  2.488   730436.284
  3.109   730436.291
  2.963   730436.298
  2.714   730436.305
  2.758   730436.312
  3.103   730436.319
  2.374   730436.326
  2.973   730436.333
  3.601   730436.340
  2.947   730436.347
  2.772   730436.354
  3.148   730436.360
  3.281   730436.367
  3.288   730436.374
  3.067   730436.381
  3.412   730436.388
  2.998   730436.395
  3.053   730436.402
  2.982   730436.409
  3.128   730436.416
  3.006   730436.423
  3.663   730436.430
  2.958   730436.437
  3.020   730436.444
  2.914   730436.451
  2.032   730436.451
  2.569   730436.458
  3.003   730436.465
  3.251   730436.472
  2.383   730436.479
  2.641   730436.485
  2.412   730436.492
  3.228   730436.499
  2.952   730436.506
  2.881   730436.513
  2.676   730436.520
  2.994   730436.527
  3.472   730436.534
  3.474   730436.541
  3.013   730436.548
  3.621   730436.555
  3.489   730436.562
  3.616   730436.569
  3.543   730436.576
  3.979   730436.583
  3.286   730436.590
  4.233   730436.597
  3.466   730436.604
  3.348   730436.610
  3.291   730436.617
  1.737   730436.624
  3.394   730436.624
  3.731   730436.631
  3.248   730436.638
  3.956   730436.645
  3.837   730436.652
  3.585   730436.659
  3.403   730436.666
  3.573   730436.673
  3.568   730436.680
  3.505   730436.687
  3.430   730436.694
  3.600   730436.701
  3.351   730436.708
  3.436   730436.715
 13.223   730436.722
  3.166   730436.729
  3.819   730436.735
  3.526   730436.742
  2.994   730436.749
  3.417   730436.756
  3.092   730436.763
  4.373   730436.770
  3.717   730436.777
  3.249   730436.784
  3.466   730436.791
  1.614   730436.791
  3.488   730436.798
  2.824   730436.805
  3.726   730436.812
  3.618   730436.819
  3.555   730436.826
  3.138   730436.833
  3.332   730436.840
  3.461   730436.847
  3.189   730436.854
  3.620   730436.860
  3.549   730436.867
  3.833   730436.874
  3.652   730436.881
  3.411   730436.888
  3.878   730436.895
  3.679   730436.902
  3.257   730436.909
  3.306   730436.916
  3.933   730436.923
  3.591   730436.930
  3.418   730436.937
  3.685   730436.944
  3.325   730436.951
  3.185   730436.958
  1.843   730436.965
  3.634   730436.965
  4.267   730436.972
  3.464   730436.979
  3.035   730436.985
  3.814   730436.992
  2.708   730436.999
