    NaN   729339.000
  1.740   729339.010
  1.861   729339.021
  2.395   729339.031
  1.855   729339.042
  1.836   729339.052
  1.940   729339.063
  1.996   729339.073
  2.088   729339.083
  2.145   729339.094
  2.038   729339.104
  1.897   729339.115
  1.930   729339.125
  2.074   729339.135
  2.251   729339.146
  2.078   729339.156
  2.058   729339.167
  2.139   729339.177
  2.341   729339.188
  2.212   729339.198
  2.106   729339.208
  1.959   729339.219
  2.049   729339.229
  1.905   729339.281
  1.735   729339.292
  1.604   729339.302
  1.701   729339.313
  1.815   729339.323
  1.901   729339.333
  1.775   729339.344
  1.990   729339.354
  1.910   729339.365
  1.616   729339.375
