  0.721   730073.001
  0.733   730073.008
  0.840   730073.015
  0.799   730073.022
  0.699   730073.030
    NaN   730073.035
  0.763   730073.042
  0.758   730073.049
  0.837   730073.056
  0.798   730073.070
  0.792   730073.077
  0.815   730073.084
  0.691   730073.091
  0.754   730073.098
  0.730   730073.105
  0.707   730073.112
  0.797   730073.119
  0.783   730073.126
  0.733   730073.133
  0.856   730073.140
  0.716   730073.147
  0.767   730073.153
  0.788   730073.160
  0.713   730073.167
  0.733   730073.174
  0.864   730073.181
  0.795   730073.188
  0.757   730073.195
  0.781   730073.202
  0.823   730073.209
  0.771   730073.216
  0.881   730073.223
  0.899   730073.230
  0.923   730073.237
  0.908   730073.244
  0.909   730073.251
  0.924   730073.258
  0.821   730073.265
  0.869   730073.272
  0.889   730073.278
  0.966   730073.285
  0.924   730073.292
  0.906   730073.299
  0.981   730073.306
  0.888   730073.313
  0.922   730073.320
  1.000   730073.327
  0.938   730073.334
  1.036   730073.341
  1.029   730073.348
  0.917   730073.355
  0.971   730073.362
  0.943   730073.369
  0.853   730073.376
  0.883   730073.383
  0.997   730073.390
  1.078   730073.397
  0.943   730073.403
  0.978   730073.410
  1.081   730073.417
  0.942   730073.424
  0.999   730073.431
  1.077   730073.438
  0.976   730073.445
  0.991   730073.453
  1.133   730073.459
  1.037   730073.466
  1.013   730073.473
  1.038   730073.480
  0.956   730073.487
  0.997   730073.494
  1.110   730073.501
  0.974   730073.508
  1.049   730073.515
  1.144   730073.522
  1.050   730073.528
    NaN   730073.535
  0.985   730073.542
  0.983   730073.549
  1.117   730073.556
  1.130   730073.563
  1.044   730073.570
  1.144   730073.577
  1.119   730073.584
  1.160   730073.591
  1.169   730073.598
  1.131   730073.605
  1.105   730073.612
  1.117   730073.619
  1.079   730073.626
  1.131   730073.633
  1.106   730073.640
  1.153   730073.647
  1.120   730073.653
  1.088   730073.660
  1.141   730073.667
  1.049   730073.674
  1.157   730073.681
  1.131   730073.688
  1.056   730073.695
  1.076   730073.702
  1.048   730073.709
  0.964   730073.716
  1.132   730073.723
  1.043   730073.730
  1.065   730073.737
  1.016   730073.744
  0.881   730073.751
  1.047   730073.758
  0.946   730073.765
  0.988   730073.772
  0.863   730073.778
  0.939   730073.785
  0.947   730073.792
  0.959   730073.799
  0.982   730073.806
  1.050   730073.813
  0.943   730073.820
  0.976   730073.827
  1.004   730073.834
  0.885   730073.841
  0.978   730073.848
  0.895   730073.856
  0.935   730073.863
  0.929   730073.870
  0.856   730073.877
  0.891   730073.883
  0.951   730073.890
  0.901   730073.897
  0.915   730073.904
  0.933   730073.911
  0.907   730073.918
  0.907   730073.925
  0.894   730073.932
  0.826   730073.939
  0.822   730073.946
  0.931   730073.953
  0.863   730073.960
  0.760   730073.967
  0.890   730073.974
  0.849   730073.981
  0.697   730073.988
  0.792   730073.994
