  0.699   730073.003
  0.584   730073.010
  0.674   730073.017
  0.551   730073.024
  0.643   730073.031
  0.581   730073.036
  0.601   730073.044
  0.545   730073.050
  0.577   730073.057
  0.505   730073.071
  0.517   730073.078
    NaN   730073.085
  0.604   730073.092
  0.596   730073.099
  0.579   730073.106
  0.645   730073.113
  0.465   730073.119
  0.536   730073.126
 20.887   730073.134
 13.142   730073.141
  0.682   730073.147
  0.757   730073.154
  0.625   730073.162
  0.824   730073.168
  0.675   730073.175
  0.553   730073.183
  0.657   730073.189
  0.505   730073.196
  0.683   730073.203
  0.801   730073.210
  0.876   730073.217
  0.657   730073.224
  0.629   730073.231
  0.749   730073.238
  0.587   730073.245
  0.820   730073.251
  0.696   730073.258
  0.677   730073.265
  0.597   730073.272
  0.568   730073.279
  0.634   730073.287
  0.604   730073.293
  0.675   730073.300
  0.722   730073.307
  0.690   730073.314
  0.620   730073.321
  0.596   730073.328
  0.639   730073.335
  0.635   730073.342
  0.556   730073.349
  0.517   730073.356
  0.573   730073.363
  0.468   730073.369
  0.629   730073.376
  0.590   730073.383
  0.454   730073.390
  0.526   730073.397
  0.463   730073.404
  0.545   730073.411
  0.520   730073.418
  0.462   730073.425
  0.504   730073.432
  0.569   730073.440
  0.471   730073.446
  0.481   730073.453
  0.536   730073.460
  0.492   730073.467
  0.459   730073.474
  0.499   730073.481
  0.468   730073.488
  0.488   730073.494
  0.471   730073.501
  0.456   730073.508
  0.447   730073.515
  0.468   730073.522
  0.428   730073.529
  0.459   730073.536
  0.429   730073.543
  0.469   730073.550
  0.461   730073.557
  0.489   730073.564
  0.467   730073.571
  0.440   730073.578
    NaN   730073.585
  0.445   730073.592
  0.428   730073.599
  0.436   730073.606
  0.393   730073.613
  0.434   730073.619
  0.407   730073.626
  0.399   730073.633
  0.405   730073.641
  0.446   730073.648
  0.451   730073.654
  0.453   730073.661
  0.440   730073.668
  0.439   730073.675
  0.463   730073.682
  0.602   730073.689
  0.514   730073.696
  0.500   730073.703
  0.538   730073.710
  0.575   730073.717
  0.456   730073.724
  0.498   730073.731
  0.484   730073.738
  0.462   730073.744
 12.506   730073.751
 21.731   730073.758
  0.437   730073.765
  0.419   730073.772
    NaN   730073.779
  0.495   730073.786
  0.447   730073.793
  0.441   730073.800
  0.427   730073.807
  0.365   730073.814
  0.394   730073.821
  0.386   730073.828
  0.394   730073.835
  0.383   730073.842
  0.454   730073.849
    NaN   730073.858
  0.391   730073.865
  0.350   730073.872
  0.391   730073.878
  0.377   730073.885
  0.350   730073.892
  0.375   730073.899
  0.300   730073.906
  0.329   730073.912
  0.326   730073.919
    NaN   730073.926
  0.405   730073.933
  0.397   730073.940
  0.390   730073.947
  0.396   730073.954
  0.373   730073.961
  0.291   730073.968
  0.367   730073.975
  0.341   730073.982
  0.373   730073.989
  0.366   730073.996
