  1.079   730073.003
  1.174   730073.010
  1.080   730073.017
  1.124   730073.024
  1.102   730073.031
  1.069   730073.036
  1.068   730073.044
  1.103   730073.050
  1.129   730073.057
  0.959   730073.071
  1.024   730073.078
  1.174   730073.085
  1.272   730073.092
  0.929   730073.099
  0.899   730073.106
  2.051   730073.113
  0.881   730073.119
  1.081   730073.126
  1.044   730073.134
  0.993   730073.141
  1.067   730073.147
  1.047   730073.154
  1.107   730073.162
  1.035   730073.168
  1.247   730073.175
  1.024   730073.183
  1.057   730073.189
  1.130   730073.196
  1.277   730073.203
  1.153   730073.210
  1.210   730073.217
  1.152   730073.224
  1.150   730073.231
  1.115   730073.238
  1.226   730073.245
  1.246   730073.251
  1.097   730073.258
  1.218   730073.265
  1.138   730073.272
  1.255   730073.279
  1.115   730073.287
  1.057   730073.293
  1.164   730073.300
  1.252   730073.307
  1.128   730073.314
  1.130   730073.321
  1.252   730073.328
  1.179   730073.335
  1.156   730073.342
  1.127   730073.349
  1.390   730073.356
  1.024   730073.363
  1.103   730073.369
  1.141   730073.376
  1.290   730073.383
  1.094   730073.390
  1.134   730073.397
    NaN   730073.404
  1.066   730073.411
  1.152   730073.418
  1.140   730073.425
  1.028   730073.432
  0.859   730073.440
  1.007   730073.446
  1.119   730073.453
  1.128   730073.460
  1.077   730073.467
  1.085   730073.474
  0.954   730073.481
  1.185   730073.488
  1.084   730073.494
  1.237   730073.501
  1.136   730073.508
  1.030   730073.515
  1.170   730073.522
  1.141   730073.529
  1.089   730073.536
  1.078   730073.543
  1.166   730073.550
  1.106   730073.557
  1.271   730073.564
  1.023   730073.571
  1.034   730073.578
  1.039   730073.585
  1.020   730073.592
  0.989   730073.599
  1.113   730073.606
  1.152   730073.613
  0.977   730073.619
  0.961   730073.626
  1.032   730073.633
  1.155   730073.641
  1.106   730073.648
  1.123   730073.654
  1.122   730073.661
  1.031   730073.668
  1.117   730073.675
  0.904   730073.682
  1.053   730073.689
  1.156   730073.696
  0.922   730073.703
  1.027   730073.710
  0.968   730073.717
  1.034   730073.724
  1.164   730073.731
  1.068   730073.738
  1.078   730073.744
  1.120   730073.751
  1.056   730073.758
  1.124   730073.765
  1.128   730073.772
  1.111   730073.779
  1.178   730073.786
  1.153   730073.793
  1.062   730073.800
  1.029   730073.807
  1.001   730073.814
  1.020   730073.821
  0.997   730073.828
  0.965   730073.835
  0.528   730073.842
  0.574   730073.849
  0.622   730073.858
  0.918   730073.865
  1.029   730073.872
  0.937   730073.878
  1.076   730073.885
  1.099   730073.892
  1.111   730073.899
  0.844   730073.906
  0.853   730073.912
  0.903   730073.919
  1.048   730073.926
  0.725   730073.933
  0.822   730073.940
  1.107   730073.947
  1.028   730073.954
  1.118   730073.961
  1.119   730073.968
  0.919   730073.975
  1.006   730073.982
  1.007   730073.989
  0.805   730073.996
