  1.551   730073.001
  1.297   730073.008
  1.202   730073.015
  1.589   730073.022
  1.429   730073.030
  1.495   730073.035
  1.837   730073.042
  1.631   730073.049
  1.337   730073.056
  1.384   730073.070
  1.158   730073.077
  1.432   730073.084
  1.486   730073.091
  1.207   730073.098
  1.490   730073.105
  1.359   730073.112
  1.107   730073.119
  1.188   730073.126
  1.456   730073.133
  1.343   730073.140
  1.773   730073.147
  1.793   730073.153
  1.611   730073.160
  1.438   730073.167
  1.907   730073.174
  1.551   730073.181
  1.437   730073.188
  1.518   730073.195
  1.572   730073.202
  1.405   730073.209
  1.455   730073.216
  1.432   730073.223
  1.336   730073.230
  1.495   730073.237
  1.449   730073.244
  1.616   730073.251
  1.331   730073.258
  1.226   730073.265
  1.782   730073.272
  1.733   730073.278
  1.504   730073.285
  1.258   730073.292
  1.637   730073.299
  1.889   730073.306
  1.780   730073.313
  1.443   730073.320
  1.569   730073.327
  1.411   730073.334
  1.391   730073.341
  1.662   730073.348
  1.457   730073.355
  1.996   730073.362
  1.519   730073.369
  1.461   730073.376
  1.493   730073.383
  1.658   730073.390
  1.705   730073.397
  1.422   730073.403
    NaN   730073.410
  1.610   730073.417
  1.384   730073.424
  1.603   730073.431
  1.420   730073.438
  1.634   730073.445
  1.675   730073.453
  1.556   730073.459
  1.559   730073.466
  1.845   730073.473
  1.601   730073.480
  1.353   730073.487
  1.577   730073.494
  1.494   730073.501
  1.540   730073.508
  1.425   730073.515
  1.441   730073.522
  1.711   730073.528
  1.777   730073.535
  1.655   730073.542
  1.765   730073.549
  1.616   730073.556
  1.560   730073.563
  1.672   730073.570
  1.676   730073.577
  1.494   730073.584
  1.440   730073.591
  1.715   730073.598
  2.054   730073.605
  1.670   730073.612
  1.769   730073.619
  1.811   730073.626
  1.617   730073.633
  1.756   730073.640
  1.803   730073.647
  1.502   730073.653
  1.861   730073.660
  1.333   730073.667
  1.631   730073.674
  1.419   730073.681
  1.581   730073.688
  1.440   730073.695
  1.697   730073.702
  1.652   730073.709
  1.442   730073.716
  1.545   730073.723
  1.437   730073.730
  1.336   730073.737
  1.462   730073.744
  1.462   730073.751
  1.635   730073.758
  1.820   730073.765
  1.595   730073.772
  1.734   730073.778
  1.353   730073.785
  1.635   730073.792
  1.688   730073.799
  1.654   730073.806
  1.405   730073.813
  1.477   730073.820
  1.488   730073.827
  1.590   730073.834
  1.576   730073.841
  1.461   730073.848
  1.378   730073.856
  1.768   730073.863
  1.875   730073.870
  1.585   730073.877
  1.311   730073.883
  1.287   730073.890
  1.321   730073.897
    NaN   730073.904
 22.989   730073.911
  1.398   730073.918
  1.899   730073.925
  1.334   730073.932
  1.557   730073.939
  1.330   730073.946
  1.367   730073.953
  1.511   730073.960
  1.233   730073.967
  1.353   730073.974
  1.498   730073.981
  1.326   730073.988
  1.717   730073.994
