  0.571   730292.001
  2.220   730292.007
  2.253   730292.014
  2.270   730292.021
  2.111   730292.028
  2.164   730292.035
  2.286   730292.042
  2.121   730292.049
  2.216   730292.056
  2.149   730292.063
  2.069   730292.070
  2.079   730292.077
  2.020   730292.084
  2.025   730292.091
  2.193   730292.098
  1.964   730292.105
  1.808   730292.112
  1.901   730292.119
  1.710   730292.125
  1.921   730292.132
  1.799   730292.139
  2.024   730292.146
  2.148   730292.153
  1.778   730292.160
  1.817   730292.167
  1.551   730292.174
  1.706   730292.181
  1.850   730292.188
  1.567   730292.195
  1.660   730292.202
  1.791   730292.209
  1.638   730292.216
  1.617   730292.223
  1.666   730292.230
  1.597   730292.237
  1.399   730292.244
  1.397   730292.251
  1.398   730292.257
  1.555   730292.264
  1.514   730292.271
  1.474   730292.278
  1.437   730292.285
  1.531   730292.292
  1.476   730292.299
  1.451   730292.306
  1.482   730292.313
  1.513   730292.320
  1.517   730292.327
  1.516   730292.334
  1.457   730292.341
  1.636   730292.348
  1.475   730292.355
  1.893   730292.362
  2.053   730292.369
  2.022   730292.376
  2.049   730292.382
  2.273   730292.389
  2.436   730292.396
  2.541   730292.403
  2.400   730292.410
  2.560   730292.417
  2.511   730292.424
  2.770   730292.431
  2.772   730292.438
  2.442   730292.445
  2.547   730292.452
  2.600   730292.459
  2.508   730292.466
  2.464   730292.473
  2.593   730292.480
  2.591   730292.487
  2.596   730292.494
  2.677   730292.501
  2.604   730292.507
  2.542   730292.514
  2.476   730292.521
  2.688   730292.528
  2.388   730292.535
  2.325   730292.542
  2.574   730292.549
  2.250   730292.556
  2.414   730292.563
  2.168   730292.570
  2.191   730292.577
  2.387   730292.584
  2.273   730292.591
  2.127   730292.598
  2.277   730292.605
  2.126   730292.612
  2.072   730292.619
  2.131   730292.626
  2.036   730292.632
  1.982   730292.639
  1.919   730292.646
  2.035   730292.653
  2.011   730292.660
  2.013   730292.667
  1.949   730292.674
  1.919   730292.681
  2.075   730292.688
  1.794   730292.695
  1.828   730292.702
  1.908   730292.709
  1.887   730292.716
  1.696   730292.723
  1.376   730292.730
  1.657   730292.737
  1.825   730292.744
  1.871   730292.751
  1.650   730292.757
  1.547   730292.765
  1.474   730292.771
  1.597   730292.779
  1.493   730292.785
  1.515   730292.792
  1.562   730292.799
  1.301   730292.806
  1.389   730292.813
 28.388   730292.820
  1.387   730292.827
  1.346   730292.834
  1.354   730292.841
  1.410   730292.848
  1.375   730292.855
  1.515   730292.862
  1.300   730292.869
  1.407   730292.876
  1.279   730292.883
  1.372   730292.890
  1.317   730292.896
  1.220   730292.903
  1.217   730292.910
  1.326   730292.917
  1.349   730292.924
  1.260   730292.931
  1.303   730292.938
  1.324   730292.945
  1.256   730292.952
  1.292   730292.959
  1.277   730292.966
  1.355   730292.973
  1.382   730292.980
  1.527   730292.987
  1.330   730292.994
