  1.169   730292.006
  1.161   730292.013
  0.923   730292.020
  0.785   730292.027
  1.013   730292.034
  1.114   730292.041
  1.056   730292.048
  0.840   730292.055
  0.681   730292.062
  1.094   730292.069
  1.084   730292.076
  0.865   730292.083
  1.025   730292.090
  1.164   730292.097
  0.874   730292.104
  1.096   730292.110
  0.897   730292.117
  1.046   730292.124
  1.167   730292.131
  0.919   730292.138
  0.733   730292.145
  1.003   730292.152
  0.976   730292.159
  1.420   730292.166
  0.893   730292.173
  0.920   730292.180
  0.713   730292.187
  1.061   730292.194
  1.189   730292.201
  1.143   730292.208
  1.098   730292.215
  1.260   730292.222
  0.845   730292.229
  0.601   730292.235
  0.898   730292.242
  1.022   730292.249
  1.014   730292.256
  0.895   730292.263
  1.026   730292.270
  0.796   730292.277
  1.015   730292.284
  0.854   730292.291
  0.746   730292.298
  0.995   730292.305
  0.976   730292.312
  0.914   730292.319
  0.919   730292.326
  0.738   730292.333
  1.070   730292.340
  0.850   730292.347
  1.204   730292.354
  1.066   730292.360
  1.164   730292.367
  1.310   730292.374
  0.763   730292.381
  0.749   730292.388
  1.002   730292.395
  1.041   730292.402
  1.015   730292.409
  1.215   730292.416
  0.823   730292.423
  1.343   730292.430
  1.336   730292.437
  0.853   730292.444
  0.331   730292.451
  0.577   730292.458
  0.871   730292.465
  0.822   730292.472
  1.187   730292.479
  0.869   730292.485
  0.829   730292.492
  1.300   730292.499
  1.297   730292.506
  2.219   730292.513
  1.361   730292.520
  1.295   730292.527
  0.997   730292.534
  1.287   730292.541
  1.061   730292.548
  0.797   730292.555
  0.868   730292.562
  0.949   730292.569
  1.086   730292.576
  1.065   730292.583
  0.949   730292.590
  1.387   730292.597
  1.083   730292.604
  1.238   730292.610
  1.878   730292.617
  1.576   730292.624
  1.204   730292.631
  1.172   730292.638
  1.028   730292.645
  1.378   730292.652
  1.073   730292.659
  1.331   730292.666
  0.835   730292.673
  1.345   730292.680
  1.116   730292.687
  0.949   730292.694
  1.263   730292.701
  1.094   730292.708
  0.938   730292.715
  1.029   730292.722
  0.969   730292.729
  1.148   730292.735
  1.317   730292.742
  0.936   730292.749
  0.851   730292.756
  0.883   730292.763
  0.840   730292.770
  1.345   730292.777
  3.427   730292.784
  0.908   730292.791
  1.398   730292.798
  2.335   730292.805
  1.210   730292.812
  1.116   730292.819
  1.023   730292.826
  2.619   730292.833
  1.203   730292.840
  0.889   730292.847
  1.230   730292.854
  0.916   730292.860
  1.047   730292.867
  2.567   730292.874
  3.283   730292.881
  1.054   730292.888
  1.143   730292.895
  0.540   730292.902
  1.392   730292.909
  0.725   730292.916
  0.804   730292.923
  0.770   730292.930
  0.944   730292.937
  1.259   730292.944
  1.293   730292.951
  0.714   730292.958
  0.984   730292.965
  2.061   730292.972
  0.803   730292.979
  1.154   730292.985
  0.792   730292.992
  1.133   730292.999
