  0.921   730292.001
  1.556   730292.007
  3.507   730292.014
  1.435   730292.021
  2.537   730292.028
  1.820   730292.035
  1.883   730292.042
  2.149   730292.049
  1.496   730292.056
  1.452   730292.063
  1.483   730292.070
  1.455   730292.077
  2.782   730292.084
  1.823   730292.091
  1.240   730292.098
  1.652   730292.105
  1.159   730292.112
  1.489   730292.119
  3.196   730292.125
  1.438   730292.132
  1.097   730292.139
  1.548   730292.146
  1.247   730292.153
  2.048   730292.160
  1.343   730292.167
  1.314   730292.174
  2.158   730292.181
  2.578   730292.188
  1.540   730292.195
  1.104   730292.202
  0.894   730292.209
  1.938   730292.216
  1.799   730292.223
  1.451   730292.230
  0.993   730292.237
  1.982   730292.244
  1.374   730292.251
  1.788   730292.257
  1.647   730292.264
  1.380   730292.271
  2.343   730292.278
  1.190   730292.285
  1.389   730292.292
  1.234   730292.299
  1.001   730292.306
  1.125   730292.313
  1.074   730292.320
  1.208   730292.327
  1.055   730292.334
  1.456   730292.341
  1.367   730292.348
  1.422   730292.355
  2.219   730292.362
  1.286   730292.369
  1.528   730292.376
  1.395   730292.382
  1.190   730292.389
  1.524   730292.396
  1.768   730292.403
  2.951   730292.410
  1.499   730292.417
  2.817   730292.424
  2.789   730292.431
  2.836   730292.438
  1.987   730292.445
  3.138   730292.452
  1.343   730292.459
  1.519   730292.466
  1.353   730292.473
  1.791   730292.480
  2.566   730292.487
  1.988   730292.494
  3.475   730292.501
  1.265   730292.507
  1.845   730292.514
  1.943   730292.521
  2.085   730292.528
  1.600   730292.535
  1.805   730292.542
  1.528   730292.549
  1.792   730292.556
  1.326   730292.563
  1.941   730292.570
  2.557   730292.577
  1.365   730292.584
  1.490   730292.591
  1.440   730292.598
  1.791   730292.605
  1.703   730292.612
  1.691   730292.619
  1.307   730292.626
  2.611   730292.632
  1.951   730292.639
  1.291   730292.646
  1.632   730292.653
  1.636   730292.660
  1.539   730292.667
  2.135   730292.674
  2.302   730292.681
  2.382   730292.688
  2.257   730292.695
  1.472   730292.702
  1.662   730292.709
  2.751   730292.716
  1.650   730292.723
  1.430   730292.730
  1.832   730292.737
  1.507   730292.744
  1.630   730292.751
  2.707   730292.757
  1.864   730292.765
  1.738   730292.771
  2.219   730292.779
  1.990   730292.785
  1.799   730292.792
  2.312   730292.799
  1.907   730292.806
  1.734   730292.813
  1.437   730292.820
  2.847   730292.827
  2.045   730292.834
  3.252   730292.841
  1.735   730292.848
  2.323   730292.855
  2.513   730292.862
  1.724   730292.869
  1.687   730292.876
  5.250   730292.883
  1.741   730292.890
  2.191   730292.896
  2.128   730292.903
  1.344   730292.910
  1.484   730292.917
  2.058   730292.924
  1.403   730292.931
  1.573   730292.938
  1.761   730292.945
  1.994   730292.952
  1.763   730292.959
  2.865   730292.966
  2.720   730292.973
  1.422   730292.980
  2.092   730292.987
  3.594   730292.994
