  0.893   730292.006
  0.868   730292.013
  0.950   730292.020
  0.807   730292.027
  0.857   730292.034
  0.925   730292.041
  0.839   730292.048
  0.840   730292.055
  0.882   730292.062
  0.848   730292.069
  0.909   730292.076
  0.954   730292.083
  0.833   730292.090
  0.849   730292.097
  0.866   730292.104
  0.929   730292.111
  0.866   730292.118
  0.858   730292.125
  0.986   730292.131
  0.960   730292.138
  0.918   730292.145
  0.960   730292.152
  1.005   730292.159
  0.925   730292.166
  0.978   730292.173
  0.886   730292.180
  0.813   730292.187
  1.027   730292.194
  1.242   730292.201
  0.972   730292.208
  1.035   730292.215
  1.131   730292.222
  1.056   730292.229
  1.123   730292.236
  1.212   730292.243
  1.097   730292.250
  1.124   730292.256
  1.204   730292.263
  0.987   730292.270
  1.059   730292.277
  1.155   730292.284
  1.262   730292.291
  1.313   730292.298
  1.215   730292.305
  1.207   730292.312
  1.221   730292.319
  1.211   730292.326
  1.170   730292.333
  1.169   730292.340
  1.271   730292.347
  1.131   730292.354
  1.078   730292.361
  0.983   730292.368
  1.515   730292.375
  1.162   730292.381
  1.245   730292.388
  1.301   730292.395
  1.284   730292.402
  1.142   730292.409
  1.187   730292.416
  1.050   730292.423
  1.172   730292.430
  1.024   730292.437
  0.983   730292.444
  1.072   730292.451
  1.050   730292.458
  1.056   730292.465
  1.024   730292.472
  1.142   730292.479
  1.228   730292.486
  1.162   730292.493
  1.044   730292.500
  1.105   730292.506
  0.997   730292.513
  1.150   730292.520
  0.946   730292.527
  0.969   730292.534
  1.109   730292.541
  1.039   730292.548
  1.117   730292.555
  1.348   730292.562
  0.991   730292.569
  1.043   730292.576
  1.125   730292.583
  1.165   730292.590
  1.097   730292.597
  1.039   730292.604
  0.951   730292.611
  1.083   730292.618
  1.113   730292.625
  1.046   730292.631
  0.937   730292.638
  1.064   730292.645
  1.046   730292.652
  1.058   730292.659
  0.985   730292.666
  1.060   730292.673
  2.167   730292.680
  2.368   730292.687
  1.230   730292.694
  1.252   730292.701
  0.991   730292.708
  1.052   730292.715
  3.953   730292.722
  2.030   730292.729
  2.372   730292.736
  1.185   730292.743
  4.647   730292.750
  1.098   730292.756
  1.017   730292.763
  0.916   730292.770
  0.974   730292.777
  3.594   730292.784
  1.020   730292.791
  0.985   730292.798
  1.352   730292.805
  1.261   730292.812
  1.082   730292.819
  0.907   730292.826
  0.918   730292.833
  1.008   730292.840
  0.995   730292.847
  1.025   730292.854
  1.064   730292.861
  1.115   730292.868
  1.008   730292.875
  1.032   730292.881
  1.010   730292.888
  0.974   730292.895
  1.175   730292.902
  0.999   730292.909
  0.892   730292.916
  0.973   730292.923
  0.995   730292.930
  0.973   730292.937
  0.906   730292.944
  0.906   730292.951
  0.901   730292.958
  0.932   730292.965
  0.866   730292.972
  0.868   730292.979
  1.158   730292.986
 21.242   730292.993
  0.969   730293.000
