  0.140   730313.002
  0.250   730313.008
  0.246   730313.015
  0.224   730313.021
  0.215   730313.028
  0.244   730313.035
  0.230   730313.042
  0.226   730313.049
  0.252   730313.056
  0.241   730313.063
  0.272   730313.070
  0.242   730313.077
  0.249   730313.084
  0.250   730313.091
  0.234   730313.098
  0.272   730313.105
  0.245   730313.112
  0.229   730313.119
  6.639   730313.126
  0.206   730313.133
  0.220   730313.139
  0.219   730313.146
  0.180   730313.153
  0.176   730313.160
  0.204   730313.167
  0.198   730313.174
  0.222   730313.181
  0.171   730313.188
  0.169   730313.195
  0.181   730313.202
  0.177   730313.209
  0.198   730313.216
  0.199   730313.223
  0.175   730313.230
  0.171   730313.237
  0.185   730313.244
  0.175   730313.251
  0.232   730313.258
  0.195   730313.264
  0.204   730313.271
  0.170   730313.278
  0.204   730313.285
  0.185   730313.292
  0.215   730313.299
  0.234   730313.306
  0.203   730313.313
  0.209   730313.320
  0.266   730313.327
  0.231   730313.334
  0.234   730313.341
  0.277   730313.348
  0.260   730313.355
  0.257   730313.362
  0.267   730313.369
  0.245   730313.376
  0.242   730313.383
  0.288   730313.390
  0.285   730313.396
  0.261   730313.403
  0.320   730313.410
  0.261   730313.417
  0.265   730313.424
  0.261   730313.431
  0.253   730313.438
  0.301   730313.445
  0.271   730313.452
  0.244   730313.459
  0.289   730313.466
  0.256   730313.473
  0.258   730313.480
  0.263   730313.487
  0.289   730313.494
  0.274   730313.501
  0.268   730313.508
  0.262   730313.515
  0.293   730313.521
  0.306   730313.528
  0.269   730313.535
  0.297   730313.542
  0.313   730313.549
  0.272   730313.556
  0.326   730313.563
  0.958   730313.570
  0.015   730313.577
  0.015   730313.584
  0.015   730313.591
  0.013   730313.598
  0.014   730313.605
  0.014   730313.612
  0.015   730313.619
  0.014   730313.626
  0.016   730313.633
  0.014   730313.640
  0.013   730313.646
  1.246   730313.654
  0.363   730313.660
  0.316   730313.667
  0.331   730313.674
  0.323   730313.681
  0.389   730313.688
  0.349   730313.695
  0.359   730313.702
  0.384   730313.709
  0.391   730313.716
  0.420   730313.723
  0.406   730313.730
  0.456   730313.737
  0.467   730313.744
  0.447   730313.751
  0.470   730313.758
  0.457   730313.765
  0.465   730313.772
  0.453   730313.778
  0.428   730313.785
  0.447   730313.793
  1.390   730313.799
  0.497   730313.806
  0.018   730313.813
  0.018   730313.820
  0.017   730313.827
  0.019   730313.835
  0.018   730313.841
  0.018   730313.848
  0.020   730313.855
  0.017   730313.862
  0.019   730313.869
  0.018   730313.876
  0.018   730313.883
  0.018   730313.890
  1.316   730313.897
  0.460   730313.904
  0.443   730313.910
  0.365   730313.918
  0.000   730313.923
  0.446   730313.931
  0.446   730313.938
  0.422   730313.945
  0.414   730313.952
  0.393   730313.960
  0.400   730313.966
  0.397   730313.973
  0.660   730313.980
  0.015   730313.988
  0.018   730313.994
