  0.021   730313.000
  0.076   730313.007
  0.195   730313.014
  0.083   730313.020
  0.091   730313.027
  0.078   730313.034
  0.076   730313.041
  0.069   730313.048
  0.078   730313.055
  0.085   730313.062
  0.073   730313.069
  0.070   730313.076
  0.074   730313.083
  0.081   730313.090
  0.071   730313.097
  0.068   730313.104
  0.073   730313.111
  0.069   730313.118
  0.076   730313.125
  0.080   730313.132
  0.072   730313.138
  0.063   730313.145
  0.060   730313.152
  0.069   730313.159
  0.203   730313.166
  0.084   730313.173
  0.067   730313.180
  0.071   730313.187
  0.064   730313.194
  0.069   730313.201
  0.079   730313.208
  0.081   730313.215
  0.076   730313.222
  0.065   730313.229
  0.061   730313.236
  0.071   730313.243
  0.064   730313.250
  0.069   730313.256
  0.187   730313.263
  0.070   730313.270
  0.075   730313.277
  0.067   730313.284
  0.073   730313.291
  0.068   730313.298
  0.072   730313.305
  0.147   730313.312
  0.340   730313.319
  0.066   730313.326
  0.066   730313.333
  0.062   730313.340
  0.065   730313.347
  0.060   730313.354
  0.067   730313.361
  0.070   730313.368
  0.068   730313.375
  0.064   730313.382
  0.067   730313.388
  0.071   730313.395
  0.064   730313.402
  0.061   730313.409
  0.065   730313.416
  0.066   730313.423
  0.067   730313.430
  0.063   730313.437
  0.063   730313.444
  0.065   730313.451
  0.066   730313.458
  0.068   730313.465
  0.070   730313.472
  0.067   730313.479
  0.068   730313.486
  0.060   730313.493
  0.059   730313.500
  0.075   730313.507
  0.070   730313.514
  0.061   730313.520
  0.063   730313.527
  0.054   730313.534
  0.063   730313.541
  0.058   730313.548
  0.064   730313.555
  0.064   730313.562
  0.066   730313.569
  0.063   730313.576
  0.061   730313.583
  0.074   730313.590
  0.068   730313.597
  0.062   730313.604
  0.053   730313.611
  0.062   730313.618
  0.058   730313.625
  0.059   730313.632
  0.065   730313.638
  0.061   730313.645
  0.058   730313.652
  0.055   730313.659
  0.063   730313.666
  0.064   730313.673
  0.060   730313.680
  0.062   730313.687
  0.064   730313.694
  0.067   730313.701
  0.065   730313.708
  0.068   730313.715
  0.067   730313.722
  0.116   730313.729
  0.059   730313.736
  0.068   730313.743
  0.068   730313.750
  0.057   730313.757
  0.057   730313.763
  0.054   730313.770
  0.063   730313.777
  0.061   730313.784
  0.063   730313.791
  0.068   730313.798
  0.250   730313.805
  0.065   730313.812
  0.058   730313.819
  0.067   730313.826
  0.062   730313.833
  0.073   730313.840
  0.066   730313.847
  0.059   730313.854
  0.064   730313.861
  0.069   730313.868
  0.097   730313.875
  0.068   730313.882
  0.072   730313.888
  3.204   730313.895
  0.067   730313.902
  0.065   730313.909
  0.315   730313.916
  0.593   730313.923
  0.068   730313.930
  0.063   730313.937
  0.068   730313.944
  0.059   730313.951
  0.062   730313.958
  0.065   730313.965
  0.067   730313.972
  0.072   730313.979
  0.261   730313.986
  0.075   730313.993
