 22.601   730313.001
  2.123   730313.007
 60.076   730313.014
  1.972   730313.021
  2.083   730313.028
  2.384   730313.035
  2.020   730313.042
  1.979   730313.048
 19.131   730313.055
  2.021   730313.062
  2.087   730313.069
  2.324   730313.076
  2.224   730313.083
  2.096   730313.090
  2.248   730313.097
  2.230   730313.104
  2.055   730313.111
  2.036   730313.118
  2.122   730313.125
  2.355   730313.132
  2.159   730313.139
  1.920   730313.146
  2.082   730313.153
  2.078   730313.160
  2.038   730313.167
  2.141   730313.173
  2.096   730313.180
  1.723   730313.187
  2.037   730313.194
  2.108   730313.201
  2.100   730313.208
  2.355   730313.215
  2.185   730313.222
  1.822   730313.229
  1.985   730313.236
  1.879   730313.243
  2.154   730313.250
  1.954   730313.257
  2.281   730313.264
  2.094   730313.271
  2.333   730313.278
  2.337   730313.285
  2.121   730313.292
  2.141   730313.298
  2.144   730313.305
  7.794   730313.312
 26.329   730313.319
    NaN   730313.326
  2.175   730313.333
  2.094   730313.340
  2.183   730313.347
  2.344   730313.354
  2.145   730313.361
  2.338   730313.368
  2.144   730313.375
  2.014   730313.382
  2.113   730313.389
  1.990   730313.396
  2.228   730313.403
  1.958   730313.410
  2.130   730313.417
  2.179   730313.423
  1.956   730313.430
  1.895   730313.437
  2.285   730313.444
  1.963   730313.451
  1.845   730313.458
  2.039   730313.465
  2.206   730313.472
  2.266   730313.479
  2.033   730313.486
  2.019   730313.493
  1.880   730313.500
  1.769   730313.507
  1.715   730313.514
  1.955   730313.521
  1.971   730313.528
  1.769   730313.535
  1.881   730313.542
  1.884   730313.549
  1.848   730313.555
  1.883   730313.562
  1.700   730313.569
  1.707   730313.576
  1.849   730313.583
  2.267   730313.590
  1.782   730313.597
  1.730   730313.604
  1.975   730313.611
  1.875   730313.618
  1.713   730313.625
  1.651   730313.632
  1.540   730313.639
  1.475   730313.646
  1.542   730313.653
  1.651   730313.660
  1.614   730313.667
  1.466   730313.673
  1.508   730313.680
  1.725   730313.687
  1.650   730313.694
  1.773   730313.701
  1.674   730313.708
  1.891   730313.715
  1.888   730313.722
  1.786   730313.729
  2.039   730313.736
  1.670   730313.743
  1.787   730313.750
  1.855   730313.757
  1.837   730313.764
  1.779   730313.771
  1.800   730313.778
  1.675   730313.785
  1.882   730313.792
  1.701   730313.799
 26.083   730313.805
  1.770   730313.812
  1.835   730313.819
    NaN   730313.826
  1.892   730313.833
  1.802   730313.840
  1.867   730313.847
  1.894   730313.854
  2.287   730313.861
  1.719   730313.868
  1.876   730313.875
  1.809   730313.882
  1.971   730313.889
  1.803   730313.896
  1.768   730313.903
  1.984   730313.910
 45.383   730313.917
    NaN   730313.923
 55.086   730313.930
  1.554   730313.937
  1.775   730313.944
  1.749   730313.951
  1.689   730313.959
  1.711   730313.965
  1.869   730313.972
  1.850   730313.979
  1.763   730313.986
  1.857   730313.993
