  0.172   730320.027
  0.150   730320.034
  0.130   730320.041
  0.164   730320.048
  0.146   730320.055
  0.155   730320.062
  0.158   730320.069
  0.183   730320.076
  0.165   730320.083
  0.183   730320.090
  0.154   730320.097
  0.168   730320.104
  0.248   730320.111
  0.182   730320.118
  0.195   730320.125
  0.229   730320.132
  0.148   730320.139
  0.158   730320.146
  0.159   730320.153
  0.181   730320.159
  0.160   730320.166
  0.147   730320.173
  0.141   730320.180
  0.150   730320.187
  0.184   730320.194
  0.154   730320.201
  0.155   730320.208
  0.162   730320.215
  0.171   730320.222
  0.171   730320.229
  0.188   730320.236
  0.174   730320.243
  0.154   730320.250
  0.149   730320.257
  0.155   730320.263
  0.162   730320.270
  0.163   730320.277
  0.181   730320.284
  0.162   730320.291
  0.169   730320.298
  0.174   730320.305
  0.162   730320.312
  0.182   730320.319
  1.069   730320.326
  0.170   730320.333
  0.183   730320.340
  0.161   730320.347
  0.204   730320.354
  0.193   730320.361
  0.191   730320.368
  0.222   730320.375
  0.193   730320.382
  0.201   730320.388
  1.779   730320.395
  0.229   730320.402
  0.229   730320.409
  0.251   730320.416
  0.247   730320.423
  0.265   730320.430
  0.250   730320.437
  0.271   730320.444
  0.283   730320.451
  0.282   730320.458
  0.294   730320.465
  0.284   730320.472
  0.348   730320.479
  0.337   730320.486
  0.399   730320.493
  0.373   730320.500
  0.369   730320.507
  0.413   730320.514
  0.432   730320.520
  0.414   730320.527
  0.385   730320.534
  0.399   730320.541
  0.451   730320.548
  0.423   730320.555
  0.434   730320.562
  0.443   730320.569
  0.475   730320.576
  0.625   730320.583
  0.508   730320.590
  0.515   730320.597
  0.448   730320.604
  0.564   730320.611
  0.576   730320.618
  0.560   730320.625
  0.585   730320.632
  0.608   730320.638
  0.596   730320.645
  0.627   730320.652
  0.667   730320.659
  0.814   730320.666
  0.743   730320.673
  0.699   730320.680
  0.787   730320.687
  0.652   730320.694
  0.716   730320.701
  0.832   730320.708
  0.785   730320.715
  0.827   730320.722
  1.108   730320.729
  1.075   730320.736
  1.114   730320.743
  1.262   730320.750
  1.142   730320.757
  0.998   730320.763
  1.133   730320.770
  1.096   730320.777
  1.107   730320.784
  0.924   730320.791
  0.943   730320.798
  0.929   730320.805
  1.175   730320.812
  1.112   730320.819
  1.009   730320.826
  0.982   730320.833
  0.950   730320.840
  0.901   730320.847
  1.055   730320.855
  1.031   730320.861
  0.939   730320.868
  0.946   730320.875
  0.991   730320.882
  0.894   730320.888
  1.838   730320.895
  1.132   730320.902
  1.152   730320.909
  1.168   730320.916
  1.094   730320.923
  1.186   730320.930
  1.185   730320.937
  1.201   730320.944
  1.260   730320.951
  1.261   730320.958
  1.281   730320.965
  1.190   730320.972
  1.263   730320.979
  1.432   730320.986
  1.196   730320.993
