  0.537   730327.001
  0.172   730327.001
  0.072   730327.007
  0.609   730327.007
  0.670   730327.014
  0.647   730327.021
  0.638   730327.027
  0.575   730327.034
  0.606   730327.041
  0.608   730327.048
  0.484   730327.055
  0.527   730327.062
  0.500   730327.069
  1.649   730327.076
  0.745   730327.083
  0.828   730327.090
  0.475   730327.097
  0.485   730327.104
  0.440   730327.111
  0.432   730327.118
  0.474   730327.125
  0.492   730327.132
  0.520   730327.139
  0.447   730327.146
  0.477   730327.152
  0.552   730327.159
  0.505   730327.166
  0.505   730327.173
  0.461   730327.180
  0.482   730327.187
  0.476   730327.194
  0.454   730327.201
  0.551   730327.208
  0.438   730327.215
  0.606   730327.222
  0.681   730327.229
  0.550   730327.236
  0.515   730327.243
  0.559   730327.250
  0.576   730327.257
  0.567   730327.264
  0.463   730327.271
  0.525   730327.277
  0.532   730327.284
  0.503   730327.291
  0.528   730327.298
  0.482   730327.305
  0.500   730327.312
  0.465   730327.319
  0.434   730327.326
  0.474   730327.333
  0.475   730327.340
  0.456   730327.347
  0.426   730327.354
  0.454   730327.361
  0.420   730327.368
  0.466   730327.375
  0.462   730327.382
  0.404   730327.389
  0.467   730327.396
  0.497   730327.403
  0.487   730327.409
  0.469   730327.416
  0.553   730327.423
  0.508   730327.430
  0.560   730327.437
  0.562   730327.444
  0.587   730327.451
  0.576   730327.458
  1.374   730327.465
  0.698   730327.472
  0.590   730327.479
  0.537   730327.486
  0.540   730327.493
  0.559   730327.500
  0.538   730327.507
  0.639   730327.514
  0.516   730327.521
  0.523   730327.527
  0.509   730327.534
  0.500   730327.541
  0.481   730327.548
  0.561   730327.555
  0.472   730327.562
  0.483   730327.569
  0.422   730327.576
  0.483   730327.583
  0.579   730327.590
  0.425   730327.597
  0.435   730327.604
  0.441   730327.611
  0.482   730327.618
  0.455   730327.625
  0.394   730327.632
  0.443   730327.638
  0.435   730327.645
  0.427   730327.652
  0.551   730327.659
  0.471   730327.666
  0.452   730327.673
  0.536   730327.680
  0.495   730327.687
  0.533   730327.694
  0.592   730327.701
  0.537   730327.708
  0.571   730327.715
  0.585   730327.722
  0.639   730327.729
  0.642   730327.736
  0.534   730327.743
  0.579   730327.750
  0.604   730327.757
  0.657   730327.764
  0.568   730327.771
  0.563   730327.777
  0.511   730327.784
  0.625   730327.791
  0.817   730327.798
  0.532   730327.805
  0.564   730327.812
  0.543   730327.819
  0.563   730327.826
  0.580   730327.833
  0.467   730327.840
  0.487   730327.847
  0.448   730327.854
  0.500   730327.861
  0.408   730327.868
  0.414   730327.875
  0.419   730327.882
  0.420   730327.889
  0.411   730327.895
  0.555   730327.902
  0.428   730327.909
  0.448   730327.916
  0.442   730327.923
  0.448   730327.930
  0.482   730327.937
  0.508   730327.944
  0.463   730327.951
  0.551   730327.958
  0.459   730327.965
  0.486   730327.972
  0.495   730327.979
  0.554   730327.986
  0.571   730327.993
