  0.029   730327.001
  0.012   730327.001
  0.033   730327.007
  0.031   730327.014
  0.028   730327.021
  0.024   730327.028
  0.029   730327.035
  0.030   730327.042
  0.028   730327.049
  0.027   730327.055
  0.029   730327.062
  0.027   730327.069
  0.065   730327.076
  0.025   730327.083
  0.030   730327.090
  0.026   730327.097
  0.024   730327.104
  0.027   730327.111
  0.023   730327.118
  0.026   730327.125
  0.025   730327.132
  0.026   730327.139
  0.028   730327.146
  0.028   730327.153
  0.029   730327.160
  0.019   730327.167
  0.019   730327.173
  0.023   730327.180
  0.022   730327.187
  0.024   730327.194
  0.024   730327.201
  0.023   730327.208
  0.021   730327.215
  0.023   730327.222
  0.022   730327.229
  0.022   730327.236
  0.020   730327.243
  0.017   730327.250
  0.022   730327.257
  0.021   730327.264
  0.020   730327.271
  0.020   730327.278
  0.022   730327.285
  0.023   730327.292
  0.025   730327.299
  0.025   730327.305
  0.023   730327.312
  0.024   730327.319
  0.023   730327.326
  0.024   730327.333
  0.023   730327.340
  0.025   730327.347
  0.026   730327.354
  0.026   730327.361
  0.026   730327.368
  0.024   730327.375
  0.025   730327.382
  0.025   730327.389
  0.027   730327.396
  0.022   730327.403
  0.028   730327.410
  0.028   730327.417
  0.030   730327.424
  0.025   730327.430
  0.026   730327.437
  0.028   730327.444
  0.026   730327.451
  0.025   730327.458
  0.041   730327.465
  0.025   730327.472
  0.020   730327.479
  0.022   730327.486
  0.024   730327.493
  0.023   730327.500
  0.023   730327.507
  0.028   730327.514
  0.028   730327.521
  0.027   730327.528
  0.026   730327.535
  0.032   730327.542
  0.032   730327.549
  0.027   730327.556
  0.020   730327.562
  0.026   730327.569
  0.030   730327.576
  0.031   730327.583
  0.028   730327.590
  0.030   730327.597
  0.035   730327.604
  0.029   730327.611
  0.031   730327.618
  0.033   730327.625
  0.031   730327.632
  0.035   730327.639
  0.031   730327.646
  0.033   730327.653
  0.035   730327.660
  0.037   730327.667
  0.036   730327.674
  0.029   730327.680
  0.035   730327.687
  0.031   730327.694
  0.027   730327.701
  0.032   730327.708
  0.030   730327.715
  0.036   730327.722
  0.035   730327.729
  0.032   730327.736
  0.030   730327.743
  0.033   730327.750
  0.029   730327.757
  0.029   730327.764
  0.033   730327.771
  0.031   730327.778
  0.033   730327.785
  0.030   730327.792
  0.036   730327.799
  0.038   730327.806
  0.039   730327.813
  0.032   730327.819
  0.030   730327.826
  0.033   730327.833
  0.033   730327.840
  0.036   730327.847
  0.031   730327.854
  0.036   730327.861
  0.027   730327.868
  0.027   730327.875
  0.029   730327.882
  0.029   730327.889
  0.024   730327.896
  0.033   730327.903
  0.074   730327.910
  0.046   730327.917
  0.033   730327.924
  0.031   730327.931
  0.028   730327.937
  0.029   730327.944
  1.720   730327.951
  0.035   730327.958
  0.392   730327.965
  0.038   730327.972
  0.032   730327.979
  0.032   730327.986
  0.029   730327.993
