  0.084   730327.002
  0.009   730327.002
  0.050   730327.002
  0.152   730327.007
  0.112   730327.014
  0.083   730327.021
  0.092   730327.028
  0.075   730327.035
  0.090   730327.042
  0.096   730327.049
  0.104   730327.056
  0.087   730327.063
  0.328   730327.070
  0.281   730327.077
  0.080   730327.084
  0.084   730327.091
  0.088   730327.098
  0.079   730327.105
  0.068   730327.111
  0.074   730327.118
  0.071   730327.125
  0.072   730327.132
  0.080   730327.139
  0.071   730327.146
  0.068   730327.153
  0.066   730327.160
  0.071   730327.167
  0.076   730327.174
  0.076   730327.181
  0.075   730327.188
  0.081   730327.195
  0.065   730327.202
  0.077   730327.209
  0.078   730327.216
  0.075   730327.223
  0.060   730327.229
  0.081   730327.236
  0.074   730327.243
  0.069   730327.250
  0.072   730327.257
  0.081   730327.264
  0.086   730327.271
  0.075   730327.278
  0.087   730327.285
  0.075   730327.292
  0.070   730327.299
  0.074   730327.306
  0.075   730327.313
  0.100   730327.320
  0.070   730327.327
  0.079   730327.334
  0.075   730327.341
  0.080   730327.348
  0.084   730327.355
  0.079   730327.361
  0.080   730327.368
  0.078   730327.375
  0.076   730327.382
  0.081   730327.389
  0.088   730327.396
  0.087   730327.403
  0.081   730327.410
  0.095   730327.417
  0.115   730327.424
  0.103   730327.431
  0.109   730327.438
  0.100   730327.445
  0.116   730327.452
  0.112   730327.459
  0.337   730327.466
  0.136   730327.473
  0.165   730327.480
  0.135   730327.486
  0.108   730327.493
  0.110   730327.500
  0.140   730327.507
  0.132   730327.514
  0.102   730327.521
  0.097   730327.528
  0.102   730327.535
  0.090   730327.542
  0.140   730327.549
  0.087   730327.556
  0.120   730327.563
  0.101   730327.570
  0.092   730327.577
  0.082   730327.584
  0.104   730327.591
  0.119   730327.598
  0.107   730327.605
  0.085   730327.611
  0.086   730327.618
  0.080   730327.625
  0.077   730327.632
  0.098   730327.639
  0.088   730327.646
  0.104   730327.653
  0.128   730327.660
  0.106   730327.667
  0.116   730327.674
  0.100   730327.681
  0.090   730327.688
  0.095   730327.695
  0.080   730327.702
  0.095   730327.709
  0.090   730327.716
  0.100   730327.723
  0.128   730327.730
  0.134   730327.736
  0.133   730327.743
  0.127   730327.751
  0.095   730327.757
  0.067   730327.764
  0.070   730327.771
  0.069   730327.778
  0.070   730327.785
  0.098   730327.792
  0.098   730327.799
  0.071   730327.806
  0.078   730327.813
  0.076   730327.820
  0.069   730327.827
  0.072   730327.834
  0.068   730327.841
  0.059   730327.848
  0.065   730327.855
  0.062   730327.862
  0.059   730327.869
  0.058   730327.876
  0.056   730327.882
  0.062   730327.889
  0.061   730327.896
  0.066   730327.903
  0.069   730327.910
  0.067   730327.917
  0.065   730327.924
  0.069   730327.931
  0.064   730327.938
  0.065   730327.945
  0.062   730327.952
  0.124   730327.959
  0.063   730327.966
  0.059   730327.973
  0.065   730327.980
  0.050   730327.987
  0.071   730327.994
