  0.238   730327.003
  0.219   730327.003
  0.230   730327.009
  0.201   730327.015
  0.199   730327.022
  0.188   730327.029
  0.218   730327.036
  0.201   730327.044
  0.259   730327.050
  0.242   730327.056
  0.227   730327.064
  0.212   730327.071
  0.365   730327.078
  0.164   730327.085
  0.201   730327.092
  0.207   730327.099
  0.209   730327.106
  0.207   730327.113
  0.193   730327.120
  0.193   730327.127
  0.188   730327.134
  0.175   730327.140
  0.180   730327.147
  0.173   730327.154
  0.188   730327.161
  0.197   730327.168
  0.191   730327.175
  0.187   730327.182
  0.197   730327.189
  0.176   730327.196
  0.165   730327.203
  0.165   730327.210
  0.186   730327.217
  3.431   730327.224
  0.184   730327.231
  0.179   730327.238
  0.192   730327.245
  0.192   730327.252
  0.186   730327.258
  0.180   730327.265
  0.167   730327.272
  0.174   730327.279
  0.178   730327.286
  0.171   730327.293
  0.163   730327.300
  0.187   730327.307
  0.189   730327.314
  0.161   730327.321
  0.170   730327.328
  0.170   730327.335
  0.181   730327.342
  0.165   730327.349
  0.155   730327.356
  0.167   730327.363
  0.165   730327.370
  0.162   730327.377
  0.182   730327.383
  0.173   730327.390
  0.166   730327.397
  0.151   730327.404
  0.174   730327.411
  0.167   730327.418
  0.163   730327.425
  0.170   730327.432
  0.171   730327.439
  0.166   730327.446
  0.157   730327.453
  0.149   730327.460
  0.218   730327.467
  0.221   730327.474
  0.156   730327.481
  0.153   730327.488
  0.152   730327.495
  0.132   730327.502
  0.143   730327.508
  0.141   730327.515
  0.128   730327.522
  0.144   730327.529
  0.133   730327.536
  0.126   730327.543
  0.175   730327.550
  0.127   730327.557
  0.132   730327.564
  0.143   730327.571
  0.146   730327.578
  0.150   730327.585
  0.132   730327.592
  0.129   730327.599
  0.140   730327.606
  0.143   730327.613
  0.131   730327.620
  0.137   730327.627
  0.123   730327.633
  0.129   730327.640
  0.118   730327.647
  0.125   730327.654
  0.136   730327.661
  0.133   730327.668
  0.120   730327.675
  0.115   730327.682
  0.139   730327.689
  0.415   730327.696
  0.131   730327.703
  0.138   730327.710
  0.138   730327.717
  3.689   730327.724
  0.143   730327.731
  0.136   730327.738
  0.142   730327.745
  0.142   730327.752
  0.132   730327.759
  0.142   730327.766
  0.127   730327.773
  0.129   730327.779
  0.144   730327.787
  0.146   730327.793
  0.148   730327.800
  0.143   730327.807
  0.144   730327.814
  0.171   730327.821
  0.145   730327.828
  0.133   730327.835
  0.156   730327.842
  0.156   730327.849
  0.156   730327.856
  0.142   730327.863
  0.164   730327.870
  0.148   730327.877
  0.148   730327.884
  0.160   730327.891
  0.143   730327.897
  0.129   730327.904
  0.156   730327.911
  0.142   730327.918
  0.139   730327.925
  0.146   730327.932
  0.146   730327.939
  0.158   730327.946
  0.151   730327.953
  0.148   730327.960
  0.142   730327.967
  0.188   730327.974
  0.147   730327.981
  0.142   730327.988
  0.145   730327.995
