  0.192   730265.000
  0.716   730265.007
  0.641   730265.014
  0.657   730265.021
  0.749   730265.028
  0.605   730265.035
  0.743   730265.042
  0.724   730265.049
  0.712   730265.055
  0.708   730265.062
  0.841   730265.069
  0.735   730265.076
  0.658   730265.083
  0.705   730265.090
  0.702   730265.097
  0.805   730265.104
  0.767   730265.111
  0.784   730265.118
  0.704   730265.125
 12.342   730265.132
  0.759   730265.139
  0.822   730265.146
  0.804   730265.153
  0.784   730265.160
  0.797   730265.167
  0.747   730265.174
  0.747   730265.181
  0.811   730265.187
  0.714   730265.194
  0.855   730265.201
  0.772   730265.208
  0.794   730265.215
  0.798   730265.222
  0.870   730265.229
  0.887   730265.236
  0.881   730265.243
  0.946   730265.250
  0.774   730265.257
  0.795   730265.264
  0.894   730265.271
  0.804   730265.278
  0.807   730265.285
  0.804   730265.292
  0.879   730265.299
  0.872   730265.305
  0.771   730265.312
  0.959   730265.319
  0.972   730265.326
  0.989   730265.333
  0.895   730265.340
  0.994   730265.347
  0.884   730265.354
  0.982   730265.361
  0.924   730265.368
  6.777   730265.375
  0.890   730265.382
  0.952   730265.389
  0.926   730265.396
  0.925   730265.403
  1.070   730265.410
 14.674   730265.417
  1.010   730265.424
  0.940   730265.430
  0.924   730265.437
  0.869   730265.444
  1.004   730265.451
  0.830   730265.458
  0.948   730265.465
  0.911   730265.472
  0.919   730265.479
  0.972   730265.486
  0.917   730265.493
  0.965   730265.500
  0.861   730265.507
  0.861   730265.514
  0.971   730265.521
  0.748   730265.527
  0.910   730265.535
  0.826   730265.542
  0.751   730265.549
  0.887   730265.555
  0.778   730265.562
  0.861   730265.569
  0.936   730265.576
  0.890   730265.583
  0.912   730265.590
  0.936   730265.597
  0.930   730265.604
  0.951   730265.611
  0.916   730265.618
  0.974   730265.625
  1.018   730265.632
  0.919   730265.639
  0.977   730265.646
  0.979   730265.653
  0.889   730265.660
  1.022   730265.667
  1.029   730265.674
  0.992   730265.680
  0.915   730265.688
  0.886   730265.694
  1.023   730265.701
  0.903   730265.708
  1.081   730265.715
  0.999   730265.722
  1.067   730265.729
  1.056   730265.736
  1.031   730265.743
  0.951   730265.750
  0.974   730265.757
  0.895   730265.764
  0.788   730265.771
  0.888   730265.778
  0.931   730265.785
  0.989   730265.792
  0.898   730265.799
  0.945   730265.806
  0.774   730265.812
  0.855   730265.819
  0.955   730265.826
  0.964   730265.833
  1.051   730265.840
  0.887   730265.847
  0.908   730265.854
  1.009   730265.861
  1.051   730265.868
  1.072   730265.875
  1.055   730265.882
  1.067   730265.889
  1.047   730265.896
  1.034   730265.903
  0.938   730265.910
 20.648   730265.917
  1.127   730265.924
  1.077   730265.931
  1.012   730265.937
  1.076   730265.944
  1.119   730265.951
  1.086   730265.958
  1.055   730265.965
  1.080   730265.972
  0.973   730265.979
  0.968   730265.986
  0.973   730265.993
