  0.395   730265.000
  2.317   730265.007
  1.612   730265.014
  1.832   730265.021
  1.597   730265.028
  2.251   730265.035
  1.858   730265.042
  1.789   730265.049
  1.579   730265.055
  1.632   730265.062
  1.526   730265.069
  1.760   730265.076
  1.685   730265.083
  1.838   730265.090
  1.701   730265.097
  1.401   730265.104
  1.579   730265.111
  1.823   730265.118
  1.760   730265.125
  1.736   730265.132
  1.717   730265.139
  1.580   730265.146
  1.737   730265.153
  1.506   730265.160
  1.757   730265.167
  1.809   730265.174
  1.614   730265.181
  1.830   730265.187
  1.571   730265.194
  1.557   730265.201
  1.703   730265.208
  1.645   730265.215
  1.628   730265.222
  1.524   730265.229
  1.774   730265.236
  1.667   730265.243
  1.664   730265.250
  1.583   730265.257
  2.066   730265.264
  1.669   730265.271
  1.733   730265.278
  2.078   730265.285
  1.830   730265.292
  2.084   730265.299
  2.030   730265.305
  1.876   730265.312
  1.996   730265.319
    NaN   730265.326
  1.940   730265.333
  1.924   730265.340
  1.930   730265.347
  1.889   730265.354
  1.823   730265.361
  1.810   730265.368
  1.675   730265.375
  1.805   730265.382
  1.808   730265.389
  2.009   730265.396
  1.704   730265.403
  2.119   730265.410
  1.901   730265.417
  1.957   730265.424
  2.010   730265.430
  1.812   730265.437
  1.953   730265.444
  2.337   730265.451
  2.332   730265.458
  2.085   730265.465
  2.232   730265.472
  1.969   730265.479
  2.395   730265.486
  2.127   730265.493
  2.000   730265.500
  2.036   730265.507
  3.408   730265.514
  1.926   730265.521
  2.270   730265.527
  1.939   730265.535
  2.268   730265.542
  2.262   730265.549
  1.722   730265.555
  1.772   730265.562
  1.860   730265.569
  1.956   730265.576
  1.977   730265.583
  2.075   730265.590
  1.799   730265.597
  2.063   730265.604
  1.891   730265.611
  2.257   730265.618
  1.880   730265.625
  2.121   730265.632
  2.151   730265.639
  2.084   730265.646
  2.000   730265.653
  2.009   730265.660
  2.167   730265.667
  1.844   730265.674
  2.075   730265.680
  1.885   730265.688
  1.851   730265.694
  2.023   730265.701
  1.964   730265.708
  2.227   730265.715
  2.138   730265.722
  1.828   730265.729
  2.141   730265.736
  1.805   730265.743
  2.181   730265.750
  2.059   730265.757
  1.765   730265.764
  2.013   730265.771
  1.752   730265.778
  1.706   730265.785
  1.868   730265.792
  1.863   730265.799
  1.872   730265.806
  1.820   730265.812
  2.064   730265.819
    NaN   730265.826
  1.782   730265.833
  1.793   730265.840
  1.651   730265.847
  2.113   730265.854
  1.827   730265.861
  1.897   730265.868
  1.805   730265.875
  1.935   730265.882
  1.911   730265.889
  2.017   730265.896
  1.858   730265.903
  2.024   730265.910
  1.922   730265.917
  2.069   730265.924
  1.758   730265.931
  2.122   730265.937
  2.119   730265.944
  1.933   730265.951
  1.907   730265.958
  1.918   730265.965
  1.907   730265.972
  1.858   730265.979
  1.851   730265.986
  1.938   730265.993
