  0.224   730188.000
  0.224   730188.007
  0.232   730188.014
  0.216   730188.021
  0.228   730188.028
  0.225   730188.035
  0.222   730188.042
  0.204   730188.049
  0.218   730188.056
  0.227   730188.062
  0.199   730188.069
  0.222   730188.076
  0.205   730188.083
  0.203   730188.090
  0.211   730188.097
  0.206   730188.104
  0.190   730188.111
  0.216   730188.118
  0.229   730188.125
  0.228   730188.132
  0.191   730188.139
  0.200   730188.146
  0.230   730188.153
  0.219   730188.160
  0.199   730188.167
  0.198   730188.174
  0.190   730188.181
  0.220   730188.188
  0.216   730188.194
  0.210   730188.201
  0.209   730188.208
  0.191   730188.215
  0.204   730188.222
  0.212   730188.229
  0.217   730188.236
  0.202   730188.243
  0.192   730188.250
  0.220   730188.257
  0.188   730188.264
  0.200   730188.271
  0.205   730188.278
  0.193   730188.285
  0.221   730188.292
  0.212   730188.299
  0.219   730188.306
  0.217   730188.312
  0.228   730188.319
  0.204   730188.327
  0.205   730188.334
  0.202   730188.340
  0.226   730188.347
  0.195   730188.354
  0.217   730188.361
  0.226   730188.368
  0.213   730188.375
  0.222   730188.382
  0.216   730188.389
  0.208   730188.396
  0.259   730188.403
  0.202   730188.410
  0.223   730188.417
  0.234   730188.424
  0.206   730188.431
  0.264   730188.438
  0.246   730188.444
  0.203   730188.452
  0.191   730188.458
  0.227   730188.465
  0.247   730188.472
  0.201   730188.479
  0.245   730188.486
  0.222   730188.493
  0.226   730188.500
  0.235   730188.507
  0.243   730188.514
  0.255   730188.521
  0.230   730188.528
  0.241   730188.535
  0.228   730188.542
  0.234   730188.549
  0.231   730188.556
  0.221   730188.562
  0.246   730188.569
  0.230   730188.576
  0.218   730188.583
  0.234   730188.590
  0.864   730188.597
  0.263   730188.604
  0.269   730188.611
  0.218   730188.618
  0.254   730188.625
  0.244   730188.632
  0.272   730188.639
  0.267   730188.646
  0.271   730188.653
  0.252   730188.660
  0.272   730188.667
  0.283   730188.674
    NaN   730188.681
  0.313   730188.688
  0.306   730188.694
  0.283   730188.701
  0.318   730188.708
  0.298   730188.717
  0.287   730188.729
  0.282   730188.736
  0.427   730188.743
  0.313   730188.750
  0.281   730188.757
  0.295   730188.764
  0.314   730188.771
  0.293   730188.778
  0.328   730188.785
  0.314   730188.792
  0.363   730188.799
  0.314   730188.806
  0.304   730188.812
  1.216   730188.819
  0.306   730188.826
  0.324   730188.833
  0.323   730188.840
  0.345   730188.847
  0.358   730188.854
  0.312   730188.861
  0.348   730188.868
  0.317   730188.875
  0.347   730188.882
  0.352   730188.889
  0.345   730188.896
  0.328   730188.903
  0.276   730188.910
  0.348   730188.917
  0.325   730188.924
  0.281   730188.931
  0.302   730188.938
  0.317   730188.944
  0.287   730188.951
  0.276   730188.958
  0.286   730188.965
  0.294   730188.972
  0.333   730188.979
  0.297   730188.986
  0.269   730188.993
