  3.853   730188.000
  3.444   730188.007
  3.635   730188.014
  3.955   730188.021
  3.255   730188.049
  3.382   730188.062
  3.584   730188.090
  4.759   730188.111
  3.928   730188.119
  3.475   730188.125
  3.818   730188.146
  3.984   730188.153
  3.966   730188.174
  3.438   730188.181
  3.498   730188.188
  3.423   730188.202
  3.626   730188.208
  3.062   730188.215
  3.706   730188.222
  3.909   730188.229
  3.428   730188.236
  3.753   730188.244
  3.673   730188.250
  3.178   730188.257
  3.867   730188.264
  3.319   730188.278
  3.648   730188.285
  3.602   730188.292
  3.543   730188.299
  3.571   730188.306
  3.544   730188.312
  3.784   730188.328
  3.616   730188.335
  3.406   730188.340
  3.964   730188.347
  3.414   730188.354
  3.633   730188.361
  4.120   730188.369
  3.201   730188.382
  3.327   730188.389
  3.558   730188.396
  3.292   730188.403
  3.310   730188.410
  3.913   730188.417
  3.007   730188.431
  3.570   730188.438
  3.473   730188.444
  4.101   730188.453
  3.196   730188.458
  3.485   730188.465
  3.403   730188.472
  3.599   730188.486
  3.155   730188.500
  3.784   730188.507
  3.806   730188.514
  3.760   730188.521
  3.763   730188.528
  3.335   730188.542
  3.607   730188.549
  3.151   730188.556
  3.752   730188.562
  3.721   730188.569
  3.413   730188.577
  3.459   730188.583
  3.132   730188.590
  3.107   730188.597
  3.619   730188.604
  3.384   730188.611
  3.469   730188.619
  3.580   730188.625
  3.603   730188.632
  3.433   730188.639
  3.529   730188.646
  3.541   730188.653
  3.220   730188.660
  3.718   730188.681
  3.416   730188.688
  3.704   730188.694
  3.269   730188.702
  3.213   730188.708
  4.120   730188.717
  3.664   730188.730
  3.818   730188.744
  3.454   730188.750
  3.265   730188.757
  3.369   730188.764
  3.661   730188.771
  3.211   730188.785
  3.785   730188.792
  3.513   730188.799
  3.992   730188.812
  3.605   730188.827
  3.552   730188.833
  3.319   730188.847
  3.488   730188.861
  3.359   730188.869
  3.624   730188.875
  3.613   730188.882
  3.011   730188.889
  3.462   730188.896
  3.723   730188.910
  3.163   730188.917
  3.687   730188.924
  3.200   730188.931
  3.246   730188.938
  3.847   730188.944
  3.268   730188.965
  3.427   730188.972
  3.806   730188.979
  3.186   730188.986
  3.264   730188.994
