    NaN   730204.006
    NaN   730204.013
    NaN   730204.020
    NaN   730204.027
    NaN   730204.034
    NaN   730204.041
    NaN   730204.048
    NaN   730204.055
    NaN   730204.425
    NaN   730204.432
    NaN   730204.432
    NaN   730204.432
    NaN   730204.439
    NaN   730204.439
    NaN   730204.455
    NaN   730204.455
    NaN   730204.462
    NaN   730204.469
    NaN   730204.476
    NaN   730204.483
    NaN   730204.490
    NaN   730204.536
    NaN   730204.588
    NaN   730204.688
    NaN   730204.710
    NaN   730204.717
    NaN   730204.718
    NaN   730204.719
    NaN   730204.719
    NaN   730204.720
    NaN   730204.721
    NaN   730204.724
    NaN   730204.731
    NaN   730204.738
    NaN   730204.738
    NaN   730204.740
    NaN   730204.744
    NaN   730204.745
    NaN   730204.746
    NaN   730204.750
    NaN   730204.752
    NaN   730204.759
    NaN   730204.766
    NaN   730204.773
    NaN   730204.780
    NaN   730204.786
    NaN   730204.793
    NaN   730204.800
    NaN   730204.807
    NaN   730204.814
    NaN   730204.821
    NaN   730204.828
    NaN   730204.835
    NaN   730204.842
    NaN   730204.849
    NaN   730204.856
    NaN   730204.863
    NaN   730204.870
    NaN   730204.877
    NaN   730204.884
    NaN   730204.891
    NaN   730204.898
    NaN   730204.905
    NaN   730204.911
    NaN   730204.918
    NaN   730204.925
    NaN   730204.932
    NaN   730204.939
    NaN   730204.946
    NaN   730204.953
    NaN   730204.960
    NaN   730204.967
    NaN   730204.974
    NaN   730204.981
    NaN   730204.988
    NaN   730204.995
