  1.376   730168.001
  1.577   730168.008
  1.496   730168.015
  1.603   730168.022
  1.715   730168.028
  1.519   730168.035
  1.541   730168.042
  1.593   730168.049
  1.618   730168.056
  1.234   730168.063
  1.625   730168.071
  1.657   730168.077
  1.658   730168.084
  1.668   730168.091
  1.686   730168.098
  1.418   730168.105
  1.417   730168.112
  1.427   730168.119
  1.468   730168.126
  1.699   730168.133
  1.573   730168.140
  1.403   730168.147
  1.584   730168.153
  1.387   730168.160
  1.513   730168.167
  1.560   730168.174
  1.897   730168.182
    NaN   730168.189
  1.386   730168.196
  1.485   730168.203
  1.220   730168.209
  1.383   730168.217
  1.337   730168.223
  1.583   730168.230
  1.319   730168.237
  1.405   730168.244
  1.427   730168.251
  1.350   730168.258
  1.343   730168.265
  1.490   730168.272
  1.355   730168.278
  1.229   730168.285
  1.217   730168.292
  1.233   730168.299
  1.326   730168.306
  1.340   730168.313
  1.294   730168.320
  1.383   730168.327
  1.413   730168.334
  1.545   730168.341
  1.351   730168.348
  1.189   730168.355
  1.237   730168.362
  1.421   730168.369
  1.619   730168.376
  1.336   730168.383
  1.357   730168.390
  1.451   730168.397
  1.321   730168.403
  1.347   730168.410
  1.396   730168.417
  1.494   730168.424
  1.483   730168.431
  1.433   730168.438
  1.335   730168.445
  1.278   730168.453
  1.300   730168.459
  1.309   730168.466
  1.453   730168.473
  1.291   730168.480
  1.417   730168.487
  1.272   730168.494
  1.142   730168.501
  1.289   730168.508
  1.290   730168.515
  1.210   730168.524
  1.235   730168.531
  1.318   730168.538
  1.333   730168.558
  1.238   730168.564
  1.256   730168.572
  1.423   730168.581
  1.248   730168.587
  1.239   730168.594
  1.236   730168.603
  1.310   730168.608
  1.385   730168.620
  1.260   730168.626
  1.312   730168.633
  1.281   730168.640
  1.412   730168.647
  1.397   730168.653
  1.168   730168.660
  1.231   730168.667
  1.208   730168.674
  1.209   730168.681
    NaN   730168.688
  1.163   730168.695
  0.870   730168.702
  1.256   730168.709
  1.140   730168.716
  1.126   730168.723
  1.044   730168.730
  1.029   730168.737
  0.919   730168.744
  1.031   730168.751
  1.027   730168.758
  0.906   730168.765
  2.976   730168.772
  1.084   730168.778
  1.148   730168.785
  1.049   730168.792
  1.191   730168.799
  1.030   730168.806
  1.025   730168.813
  1.022   730168.820
  0.991   730168.827
  0.968   730168.834
  0.933   730168.841
  0.898   730168.848
  0.928   730168.855
  0.988   730168.862
  1.000   730168.869
  1.046   730168.876
  1.024   730168.883
  0.925   730168.890
  0.867   730168.897
  0.923   730168.917
  1.061   730168.924
  0.967   730168.931
  1.088   730168.938
  4.350   730168.945
  1.132   730168.952
  1.161   730168.959
  0.980   730168.966
  1.196   730168.974
  8.048   730168.981
  0.972   730168.988
  1.110   730168.994
