 19.245   730239.006
  1.440   730239.006
 97.166   730239.006
 77.211   730239.013
 77.331   730239.020
 80.847   730239.027
 82.672   730239.034
 81.652   730239.041
 83.949   730239.048
 81.538   730239.055
 75.489   730239.062
 98.310   730239.069
 82.770   730239.076
 93.144   730239.083
 82.240   730239.090
 85.382   730239.097
 82.791   730239.104
 87.466   730239.111
 96.024   730239.117
 87.610   730239.124
 85.732   730239.131
 75.104   730239.138
 73.815   730239.145
 77.280   730239.152
 76.555   730239.159
 80.753   730239.166
 79.614   730239.173
 19.962   730239.180
 79.206   730239.180
 86.073   730239.187
 82.962   730239.194
 72.700   730239.201
 88.231   730239.208
 94.191   730239.215
 70.978   730239.222
 82.609   730239.229
 84.994   730239.235
 88.041   730239.242
 90.773   730239.249
 78.090   730239.256
 84.772   730239.263
 80.831   730239.270
 78.560   730239.277
 79.186   730239.284
 85.652   730239.291
 87.292   730239.298
 80.974   730239.305
 87.252   730239.312
 79.204   730239.319
 78.405   730239.326
 78.435   730239.333
 85.832   730239.340
 68.757   730239.347
 72.614   730239.354
 90.746   730239.360
 82.893   730239.367
 71.305   730239.374
 86.940   730239.381
 84.835   730239.388
 74.184   730239.395
 92.162   730239.402
 72.004   730239.409
 80.928   730239.416
 85.281   730239.423
 76.483   730239.430
 80.883   730239.437
 81.155   730239.444
 87.248   730239.451
 75.401   730239.458
 86.420   730239.465
 86.332   730239.472
 80.853   730239.479
 69.758   730239.485
 87.682   730239.492
 75.131   730239.499
 78.095   730239.506
 81.244   730239.513
 81.766   730239.520
 78.872   730239.527
 77.676   730239.534
 82.508   730239.541
 77.671   730239.548
 80.407   730239.555
 87.283   730239.562
 84.655   730239.569
 74.062   730239.576
 77.269   730239.583
 81.891   730239.590
 67.228   730239.597
 74.930   730239.604
 84.895   730239.610
 80.631   730239.617
 75.671   730239.624
 80.588   730239.631
 84.774   730239.638
 89.600   730239.645
 79.658   730239.652
 87.807   730239.659
 80.168   730239.666
 76.948   730239.673
 77.845   730239.680
 70.662   730239.687
 82.118   730239.694
 74.858   730239.701
 81.770   730239.708
 74.016   730239.715
 75.727   730239.722
 70.664   730239.729
 31.866   730239.735
 46.652   730239.735
 84.658   730239.735
 19.970   730239.742
 78.145   730239.742
 72.474   730239.749
 74.489   730239.756
 80.033   730239.763
 77.015   730239.770
 77.508   730239.777
 70.137   730239.784
 81.460   730239.791
 74.217   730239.798
 81.063   730239.805
 77.300   730239.812
 80.029   730239.819
 83.982   730239.826
 78.875   730239.833
 71.791   730239.840
 80.831   730239.847
 82.377   730239.854
 74.360   730239.860
 80.439   730239.867
 76.108   730239.874
 70.967   730239.881
 72.384   730239.888
 79.266   730239.895
 78.798   730239.902
 79.768   730239.909
 86.024   730239.916
 78.879   730239.923
 77.350   730239.930
 78.315   730239.937
 87.051   730239.944
 76.426   730239.951
 80.329   730239.958
 80.820   730239.965
 76.959   730239.972
 87.356   730239.979
 75.082   730239.986
 72.901   730239.992
 70.512   730240.000
