  0.039   730305.001
  0.132   730305.001
  0.041   730305.007
  0.041   730305.014
  0.040   730305.021
  0.040   730305.028
  0.042   730305.035
  0.041   730305.042
  0.037   730305.049
  0.031   730305.056
  0.355   730305.063
  0.038   730305.070
  0.038   730305.077
  0.038   730305.084
  0.036   730305.091
  0.033   730305.097
  0.033   730305.104
  0.036   730305.111
  0.040   730305.118
  0.034   730305.125
  0.037   730305.132
  0.036   730305.139
  0.034   730305.146
  0.033   730305.153
  0.055   730305.160
  0.393   730305.167
  0.053   730305.174
  0.043   730305.181
  0.039   730305.188
  0.043   730305.195
  0.038   730305.202
  0.037   730305.208
  0.040   730305.215
  0.048   730305.223
  0.043   730305.229
  0.034   730305.236
  0.037   730305.243
  0.038   730305.250
  0.039   730305.257
  8.806   730305.264
  0.289   730305.271
  0.043   730305.278
  0.035   730305.285
  0.040   730305.292
  0.043   730305.299
  0.040   730305.306
  0.039   730305.313
  0.042   730305.320
  0.042   730305.327
  0.041   730305.334
  0.035   730305.341
  0.034   730305.348
  0.039   730305.354
  0.041   730305.361
  0.035   730305.368
  0.042   730305.375
  0.044   730305.382
  0.273   730305.389
  0.050   730305.396
  0.046   730305.403
  0.045   730305.410
  0.044   730305.417
  0.052   730305.424
  0.052   730305.431
  7.208   730305.438
  0.046   730305.445
  0.044   730305.452
  0.043   730305.458
  0.041   730305.466
  0.048   730305.472
  0.040   730305.479
  0.049   730305.486
  0.045   730305.493
  0.047   730305.500
  0.042   730305.507
  0.048   730305.514
  0.046   730305.521
  0.045   730305.528
  0.047   730305.535
  0.047   730305.542
  0.044   730305.549
  0.041   730305.556
  0.047   730305.563
  0.039   730305.570
  0.042   730305.577
  0.042   730305.584
  0.043   730305.591
  0.040   730305.597
  0.044   730305.604
  0.039   730305.611
  0.042   730305.618
  0.042   730305.625
  0.043   730305.632
  0.041   730305.639
  0.043   730305.646
  0.042   730305.653
  0.040   730305.660
  0.043   730305.667
  0.041   730305.674
  0.037   730305.681
  0.036   730305.688
  0.039   730305.695
  0.044   730305.702
  0.034   730305.709
  0.059   730305.715
  0.041   730305.722
  0.040   730305.729
  0.042   730305.736
  7.314   730305.743
  0.035   730305.750
  0.037   730305.757
  0.037   730305.764
  0.035   730305.771
  0.041   730305.778
  0.040   730305.785
  0.169   730305.792
  0.039   730305.799
  0.032   730305.806
  0.032   730305.813
  0.036   730305.820
  0.039   730305.827
  0.044   730305.834
  0.042   730305.841
  0.039   730305.848
  0.044   730305.855
  0.286   730305.862
  0.040   730305.868
  0.051   730305.875
  0.038   730305.882
  0.036   730305.889
  0.035   730305.896
  0.073   730305.903
  0.040   730305.910
  0.082   730305.917
  0.130   730305.924
  0.089   730305.931
  5.030   730305.938
  0.142   730305.945
  0.135   730305.952
  0.344   730305.959
  0.042   730305.966
  0.039   730305.973
  0.046   730305.980
  0.115   730305.986
  0.093   730305.993
