  0.119   730305.000
  0.404   730305.007
  0.539   730305.013
  0.505   730305.021
  0.473   730305.028
  0.467   730305.035
  0.436   730305.041
  0.438   730305.048
  0.338   730305.055
  0.354   730305.062
  0.341   730305.069
  0.365   730305.076
  0.318   730305.083
  0.336   730305.090
  0.326   730305.097
  0.316   730305.104
  0.307   730305.111
  0.347   730305.118
  0.357   730305.125
  0.352   730305.132
  0.474   730305.138
  0.323   730305.145
  0.318   730305.152
  0.334   730305.159
  0.357   730305.166
  0.402   730305.173
  0.350   730305.180
  0.298   730305.187
  0.385   730305.194
  0.351   730305.201
  0.352   730305.208
  0.338   730305.215
  0.352   730305.222
  0.346   730305.229
  0.339   730305.236
  0.346   730305.243
  0.305   730305.250
  0.345   730305.257
  0.564   730305.264
  0.336   730305.271
  1.163   730305.277
  0.353   730305.284
  0.376   730305.291
  0.389   730305.298
  0.368   730305.305
  0.362   730305.312
  0.376   730305.319
  0.504   730305.326
  0.413   730305.333
  0.363   730305.340
  0.411   730305.347
  0.371   730305.354
  0.371   730305.361
  4.020   730305.368
  0.383   730305.375
  0.420   730305.382
  0.419   730305.388
  0.477   730305.396
  0.440   730305.402
  0.477   730305.409
  0.526   730305.416
  0.557   730305.423
  0.508   730305.430
  0.443   730305.437
  0.461   730305.444
  0.448   730305.451
  0.522   730305.458
  0.405   730305.465
  0.376   730305.472
  0.359   730305.479
  0.360   730305.486
  0.354   730305.493
  0.350   730305.500
  1.115   730305.507
  0.370   730305.514
  0.331   730305.520
  0.551   730305.527
  0.427   730305.534
  0.377   730305.541
  0.421   730305.548
  0.340   730305.555
  0.373   730305.562
  0.434   730305.569
  0.494   730305.576
  0.562   730305.583
  0.413   730305.590
  0.388   730305.597
  0.415   730305.604
  0.384   730305.611
  0.364   730305.618
  0.346   730305.625
  0.454   730305.632
  0.543   730305.639
  0.616   730305.645
  0.445   730305.652
  0.376   730305.659
  0.357   730305.666
  0.361   730305.673
  0.329   730305.680
  0.311   730305.687
  0.372   730305.694
  0.581   730305.701
  0.334   730305.708
  0.352   730305.715
  0.414   730305.722
  0.330   730305.729
  0.465   730305.736
  0.534   730305.743
  0.608   730305.750
  0.624   730305.757
  0.400   730305.764
  0.354   730305.771
  0.586   730305.777
  0.585   730305.784
  0.390   730305.791
  2.214   730305.798
  0.417   730305.805
  0.411   730305.812
  0.411   730305.819
  0.343   730305.826
  0.380   730305.833
  0.324   730305.840
  0.412   730305.847
  0.341   730305.854
  0.333   730305.861
  0.326   730305.868
  0.354   730305.875
  0.340   730305.882
  0.345   730305.888
  0.327   730305.896
  0.343   730305.903
  0.319   730305.909
  0.323   730305.916
  0.298   730305.923
  0.321   730305.930
  0.370   730305.937
  0.350   730305.944
  0.342   730305.951
  0.425   730305.958
  0.556   730305.965
  0.523   730305.972
  0.499   730305.979
  0.582   730305.986
  0.419   730305.993
