  0.537   730305.001
  0.267   730305.001
  0.561   730305.007
  0.477   730305.014
  0.600   730305.021
  0.494   730305.028
  0.686   730305.035
  0.595   730305.042
  0.517   730305.049
  0.508   730305.056
  0.634   730305.063
 76.210   730305.070
  0.589   730305.077
  0.502   730305.084
  0.598   730305.091
  0.585   730305.097
  0.609   730305.104
  0.684   730305.111
  0.678   730305.118
  0.548   730305.125
  0.695   730305.132
  0.642   730305.139
  0.549   730305.146
  0.733   730305.153
  0.677   730305.160
  0.758   730305.167
  0.591   730305.174
  0.558   730305.181
  0.635   730305.188
  0.568   730305.195
  0.620   730305.202
  0.561   730305.208
  0.632   730305.215
  2.398   730305.223
  5.361   730305.229
  0.622   730305.236
  0.671   730305.243
  0.688   730305.250
  0.624   730305.257
  0.745   730305.264
  0.543   730305.271
  0.691   730305.278
  0.787   730305.285
  0.849   730305.292
  1.441   730305.299
  0.747   730305.306
  0.748   730305.313
  1.014   730305.320
  0.815   730305.327
  0.777   730305.334
  0.704   730305.341
  1.144   730305.348
  0.678   730305.354
  0.742   730305.361
  0.804   730305.368
  0.858   730305.375
  0.724   730305.382
  0.841   730305.389
  0.732   730305.396
  0.711   730305.403
  0.748   730305.410
  0.751   730305.417
  0.750   730305.424
  0.707   730305.431
  0.705   730305.438
  0.653   730305.445
  0.761   730305.452
  0.691   730305.458
  0.810   730305.466
  0.684   730305.472
  0.686   730305.479
  0.716   730305.486
  0.848   730305.493
  0.647   730305.500
  0.618   730305.507
  0.853   730305.514
  0.764   730305.521
  0.793   730305.528
  0.906   730305.535
  0.795   730305.542
  0.784   730305.549
  0.833   730305.556
  0.699   730305.563
 52.150   730305.570
  0.771   730305.577
  0.857   730305.584
  0.784   730305.591
  0.827   730305.597
  0.768   730305.604
  0.737   730305.611
  0.794   730305.618
  0.762   730305.625
  0.876   730305.632
  0.710   730305.639
  0.859   730305.646
  0.814   730305.653
  0.758   730305.660
  0.790   730305.667
  0.848   730305.674
  0.756   730305.681
  0.713   730305.688
  0.817   730305.695
  0.914   730305.702
  0.717   730305.709
  0.749   730305.715
  0.857   730305.722
  0.706   730305.729
  0.769   730305.736
  0.719   730305.743
  0.769   730305.750
  0.738   730305.757
  0.778   730305.764
  0.808   730305.771
  0.883   730305.778
  0.913   730305.785
  1.053   730305.792
  3.999   730305.799
  0.928   730305.806
  0.951   730305.813
  1.114   730305.820
  1.063   730305.827
  1.071   730305.834
  0.992   730305.841
  0.919   730305.848
  0.859   730305.855
  1.136   730305.862
  1.169   730305.868
  1.506   730305.875
  0.932   730305.882
  0.886   730305.889
  0.964   730305.896
  1.055   730305.903
  1.024   730305.910
  0.998   730305.917
  0.976   730305.924
  0.834   730305.931
  1.024   730305.938
  0.948   730305.945
  0.810   730305.952
  1.065   730305.959
  0.973   730305.966
  0.891   730305.973
  0.972   730305.980
  0.952   730305.986
  0.828   730305.993
