 10.692   730305.001
  0.441   730305.007
  0.443   730305.014
  0.457   730305.021
  0.432   730305.028
  0.480   730305.035
  0.462   730305.042
  0.476   730305.049
  0.487   730305.056
  0.539   730305.063
  0.539   730305.070
  0.550   730305.077
  0.485   730305.084
  0.519   730305.091
  0.510   730305.098
  0.493   730305.105
  0.529   730305.112
  0.676   730305.118
  0.562   730305.125
  0.519   730305.132
  0.476   730305.139
  0.506   730305.146
  0.575   730305.153
  0.595   730305.160
  0.784   730305.167
  0.603   730305.174
  0.635   730305.181
  0.657   730305.188
  0.667   730305.195
  0.721   730305.202
  0.700   730305.209
  0.680   730305.216
  0.714   730305.223
  0.744   730305.230
  0.762   730305.237
  0.804   730305.244
  0.821   730305.251
  0.869   730305.257
  0.840   730305.264
  0.916   730305.271
  0.932   730305.278
  0.821   730305.285
  0.961   730305.292
  0.952   730305.299
  0.906   730305.306
  1.041   730305.313
  0.991   730305.320
  1.095   730305.327
  1.135   730305.334
  1.181   730305.341
  0.977   730305.348
  1.156   730305.355
  1.328   730305.362
  1.361   730305.369
  1.229   730305.376
  1.311   730305.382
  1.289   730305.389
  1.315   730305.396
  1.411   730305.403
  1.614   730305.410
  1.359   730305.417
  1.577   730305.424
  1.666   730305.431
  1.570   730305.438
  1.823   730305.445
  1.820   730305.452
  1.622   730305.459
  1.732   730305.466
  2.053   730305.473
  1.588   730305.480
  1.866   730305.487
  1.847   730305.494
  4.078   730305.501
  1.644   730305.507
  1.828   730305.514
  1.712   730305.521
  1.920   730305.528
  1.861   730305.535
  1.895   730305.542
  3.309   730305.549
  1.746   730305.556
  1.808   730305.563
  1.744   730305.570
  1.663   730305.577
  1.412   730305.584
  1.648   730305.591
  1.692   730305.598
  1.413   730305.605
  1.465   730305.612
  1.629   730305.619
  1.566   730305.626
  1.646   730305.633
  1.499   730305.639
  1.491   730305.646
  1.416   730305.653
  1.267   730305.660
  1.486   730305.667
  1.443   730305.674
  1.389   730305.681
  1.181   730305.688
  1.405   730305.695
  0.998   730305.702
  1.059   730305.709
  1.141   730305.716
  1.122   730305.723
  1.022   730305.730
  1.004   730305.737
  1.098   730305.744
  1.009   730305.751
  1.123   730305.757
  1.036   730305.765
  3.562   730305.771
  1.178   730305.778
  4.229   730305.785
  1.845   730305.792
  0.000   730305.799
  0.000   730305.806
  0.000   730305.813
  0.000   730305.820
  0.000   730305.827
  0.000   730305.834
  0.000   730305.841
  0.000   730305.848
  5.433   730305.855
  0.667   730305.862
  0.000   730305.869
  7.977   730305.876
  1.016   730305.882
  1.017   730305.889
  0.926   730305.896
  1.508   730305.903
  0.918   730305.910
  0.887   730305.917
  1.032   730305.924
  0.910   730305.931
  1.037   730305.938
  0.914   730305.945
  1.023   730305.952
  4.521   730305.959
  0.909   730305.966
  0.854   730305.973
  0.854   730305.980
  0.910   730305.987
  0.956   730305.994
