  1.390   730027.000
  1.540   730027.000
  1.450   730027.010
  1.580   730027.020
  1.760   730027.020
  1.630   730027.030
  1.800   730027.040
  1.530   730027.050
  1.650   730027.050
  1.680   730027.060
  1.440   730027.070
  1.450   730027.070
  1.600   730027.080
  1.650   730027.090
  1.460   730027.090
  1.610   730027.100
  1.470   730027.110
  1.520   730027.110
  1.720   730027.120
  1.710   730027.130
  1.920   730027.140
  1.800   730027.140
  1.850   730027.150
  1.930   730027.160
  1.720   730027.160
  1.750   730027.170
  1.610   730027.180
  1.820   730027.180
  1.890   730027.190
  1.700   730027.200
  1.680   730027.200
  1.850   730027.210
  1.790   730027.220
  1.650   730027.230
  1.790   730027.230
  1.910   730027.240
  2.070   730027.250
  2.020   730027.250
  1.760   730027.260
  1.880   730027.270
  1.910   730027.270
  1.850   730027.280
  1.600   730027.290
  1.770   730027.300
  1.810   730027.300
  1.850   730027.310
  1.860   730027.320
    NaN   730027.320
  1.760   730027.330
  1.640   730027.340
  1.930   730027.340
  1.910   730027.350
  2.050   730027.360
  2.100   730027.360
  2.200   730027.370
  1.750   730027.380
  2.000   730027.390
  2.050   730027.390
  1.920   730027.400
  1.750   730027.410
  1.680   730027.410
  1.660   730027.420
  1.720   730027.430
  1.840   730027.430
  1.880   730027.440
  1.660   730027.450
  2.140   730027.450
  1.880   730027.460
  1.950   730027.470
  1.910   730027.480
  1.550   730027.480
  1.760   730027.490
  1.690   730027.500
  2.000   730027.500
  1.910   730027.510
  1.870   730027.520
  1.920   730027.520
  2.000   730027.530
  2.090   730027.540
  1.780   730027.550
  1.600   730027.550
  2.040   730027.560
  1.900   730027.570
  2.260   730027.570
  1.860   730027.580
  2.010   730027.590
  2.140   730027.590
  2.060   730027.600
  2.280   730027.610
  1.970   730027.610
  2.040   730027.620
  1.870   730027.630
  2.100   730027.640
  2.200   730027.640
  1.900   730027.650
  2.160   730027.660
  2.280   730027.660
  1.870   730027.670
  2.030   730027.680
  2.010   730027.680
  2.240   730027.690
  2.240   730027.700
  2.150   730027.700
  2.310   730027.710
  2.210   730027.720
  2.040   730027.730
  1.980   730027.730
  2.070   730027.740
  1.750   730027.750
  2.010   730027.750
  2.160   730027.760
  2.220   730027.770
  2.080   730027.770
  1.910   730027.780
  1.800   730027.790
  2.060   730027.800
 18.450   730027.800
 15.540   730027.810
  2.240   730027.820
    NaN   730027.820
  1.940   730027.830
  1.900   730027.840
  2.410   730027.840
  2.690   730027.850
  1.830   730027.860
  1.860   730027.860
  1.820   730027.870
  2.790   730027.880
  2.590   730027.890
  2.090   730027.890
  1.860   730027.900
  1.860   730027.910
  2.410   730027.910
  2.220   730027.920
  1.910   730027.930
  2.110   730027.930
  2.380   730027.940
  2.080   730027.950
  2.250   730027.950
  2.380   730027.960
  2.230   730027.970
  2.000   730027.980
  2.110   730027.980
  2.090   730027.990
