  0.020   730014.370
  0.020   730014.380
  0.020   730014.390
  0.020   730014.390
  0.020   730014.400
  0.020   730014.410
  0.030   730014.410
  0.030   730014.420
  0.020   730014.430
  0.020   730014.430
  0.020   730014.440
  0.020   730014.450
  0.020   730014.460
  0.030   730014.460
  0.020   730014.470
  0.020   730014.480
  0.040   730014.480
  0.020   730014.490
  0.020   730014.500
  0.020   730014.500
  0.020   730014.510
  0.020   730014.520
  0.020   730014.530
  0.020   730014.530
  0.020   730014.540
  0.020   730014.550
  0.030   730014.550
  0.020   730014.560
  0.030   730014.570
  0.030   730014.570
  0.030   730014.580
  0.030   730014.590
  0.030   730014.590
  0.030   730014.600
  0.030   730014.610
  0.030   730014.620
  0.030   730014.620
  0.030   730014.630
  0.030   730014.640
  0.030   730014.640
  0.030   730014.650
  0.030   730014.660
  0.030   730014.660
  0.030   730014.670
  0.030   730014.680
  0.030   730014.680
  0.040   730014.690
  0.030   730014.700
  0.030   730014.710
  0.030   730014.710
  0.030   730014.720
  0.030   730014.730
  0.030   730014.730
  0.030   730014.740
  0.030   730014.750
  0.030   730014.750
  0.030   730014.760
  0.030   730014.770
  0.030   730014.780
  0.030   730014.780
  0.030   730014.790
  0.030   730014.800
  0.030   730014.800
  0.030   730014.810
  0.030   730014.820
  0.030   730014.820
  0.030   730014.840
  0.040   730014.840
  0.030   730014.850
  0.040   730014.860
  0.040   730014.870
  0.030   730014.870
  0.040   730014.880
  0.030   730014.890
  0.030   730014.890
  0.030   730014.900
  0.030   730014.910
  0.030   730014.910
  0.030   730014.920
  0.030   730014.930
  0.030   730014.930
  0.030   730014.940
  0.030   730014.950
  0.030   730014.960
  0.030   730014.960
  0.030   730014.970
  0.030   730014.980
  0.030   730014.980
  0.020   730014.990
