  0.390   730014.370
  0.420   730014.380
  0.390   730014.390
  0.400   730014.390
  0.420   730014.400
  0.400   730014.410
  0.420   730014.410
  0.400   730014.420
  0.400   730014.430
  0.390   730014.430
  0.350   730014.440
  0.340   730014.450
  0.340   730014.450
  0.340   730014.460
  0.320   730014.470
  0.320   730014.480
  0.340   730014.480
  0.310   730014.490
  0.270   730014.500
  0.320   730014.500
  0.330   730014.510
  0.300   730014.520
  0.300   730014.520
  0.290   730014.530
  0.310   730014.540
  0.300   730014.550
  0.330   730014.550
  0.320   730014.560
  0.300   730014.570
  0.340   730014.570
  0.330   730014.580
  0.300   730014.590
  0.320   730014.590
  0.330   730014.600
  0.300   730014.610
  0.330   730014.610
  0.320   730014.620
  0.320   730014.630
  0.290   730014.640
  0.300   730014.640
  0.330   730014.650
  0.300   730014.660
  0.300   730014.660
  0.340   730014.670
  0.310   730014.680
  0.330   730014.680
  0.270   730014.690
  0.290   730014.700
  0.320   730014.710
  0.340   730014.710
  0.340   730014.720
  0.350   730014.730
  0.350   730014.730
  0.350   730014.740
  0.340   730014.750
  0.350   730014.750
  0.300   730014.760
  0.340   730014.770
  0.300   730014.780
  0.350   730014.800
  0.330   730014.800
  0.340   730014.810
  0.340   730014.810
  0.320   730014.820
  0.330   730014.840
  0.340   730014.840
  0.330   730014.850
  0.360   730014.860
  0.320   730014.860
  0.330   730014.870
  0.300   730014.880
  0.290   730014.890
  0.300   730014.890
  0.300   730014.900
  0.280   730014.910
  0.260   730014.910
  0.280   730014.920
  0.280   730014.930
  0.280   730014.930
  0.290   730014.940
  0.280   730014.950
  0.280   730014.960
  0.270   730014.960
  0.280   730014.970
  0.270   730014.980
  0.290   730014.980
  0.300   730014.990
