  1.657   729296.000
  1.842   729296.010
  1.393   729296.021
  2.454   729296.031
  2.619   729296.042
  2.363   729296.052
  1.975   729296.063
  2.054   729296.073
  1.990   729296.083
  1.542   729296.094
  1.846   729296.104
  1.783   729296.115
  2.231   729296.125
  2.367   729296.135
  2.470   729296.146
  1.791   729296.156
  1.861   729296.167
  2.418   729296.177
  1.899   729296.188
  2.755   729296.198
  2.864   729296.208
  1.923   729296.219
  2.685   729296.229
  2.356   729296.240
  2.848   729296.250
  2.552   729296.260
  2.800   729296.271
  2.939   729296.281
  2.351   729296.292
  2.857   729296.302
  2.031   729296.313
  2.428   729296.323
  2.837   729296.333
  2.336   729296.344
  2.738   729296.354
  2.590   729296.365
  2.344   729296.375
  2.103   729296.385
  1.480   729296.396
  2.198   729296.406
  2.511   729296.417
  1.852   729296.427
  1.630   729296.438
  1.845   729296.448
  1.887   729296.458
  2.160   729296.469
  1.595   729296.479
  2.199   729296.490
  2.309   729296.500
  2.218   729296.510
  2.259   729296.521
  1.705   729296.531
  2.434   729296.542
  1.499   729296.552
  1.795   729296.563
  2.041   729296.573
  2.974   729296.583
  2.671   729296.594
  1.745   729296.604
  2.549   729296.615
  2.526   729296.625
  2.496   729296.635
  2.278   729296.646
  2.239   729296.656
  1.762   729296.667
  2.417   729296.677
  2.564   729296.688
  2.639   729296.698
  2.169   729296.708
  1.961   729296.719
  2.309   729296.729
  1.749   729296.740
  1.838   729296.750
  1.980   729296.760
  2.175   729296.771
  1.958   729296.781
  2.032   729296.792
  1.826   729296.802
  2.275   729296.813
  1.847   729296.823
  1.671   729296.833
  1.708   729296.844
  1.901   729296.854
  2.693   729296.865
  1.878   729296.875
  1.952   729296.885
  1.841   729296.896
  1.758   729296.906
    NaN   729296.917
  1.847   729296.927
  2.262   729296.938
  2.558   729296.948
  2.052   729296.958
  2.215   729296.969
  2.125   729296.979
  2.391   729296.990
