  2.405   730155.003
  2.085   730155.010
  2.241   730155.017
  2.349   730155.024
  2.450   730155.031
  2.452   730155.037
  2.299   730155.044
  2.036   730155.051
  2.360   730155.072
  2.086   730155.079
  1.942   730155.086
  2.287   730155.093
  1.924   730155.100
  2.052   730155.108
  2.013   730155.114
  2.166   730155.121
  1.928   730155.128
  2.001   730155.135
  1.971   730155.142
  1.821   730155.149
  2.105   730155.156
  1.808   730155.162
  1.818   730155.169
  1.833   730155.176
  1.830   730155.183
  1.843   730155.190
  1.903   730155.197
  1.986   730155.204
  1.900   730155.211
  1.919   730155.218
  1.838   730155.225
  1.800   730155.232
  1.805   730155.239
  1.645   730155.246
  1.753   730155.253
  1.920   730155.260
  1.983   730155.267
  2.130   730155.274
  2.202   730155.281
  2.003   730155.287
  1.897   730155.294
  1.989   730155.301
  1.773   730155.308
  1.725   730155.315
  1.838   730155.322
  1.802   730155.329
  1.873   730155.336
  1.757   730155.343
  1.732   730155.350
  2.023   730155.357
  2.027   730155.364
  1.961   730155.371
 17.194   730155.378
  8.212   730155.385
  2.130   730155.392
  2.452   730155.399
  2.121   730155.406
  2.154   730155.412
  2.185   730155.419
  2.390   730155.426
  2.295   730155.433
  2.096   730155.440
  2.212   730155.447
  2.268   730155.455
  2.197   730155.461
  2.039   730155.468
  2.181   730155.475
  2.056   730155.482
  2.339   730155.489
  2.424   730155.496
  2.004   730155.503
  2.061   730155.510
  2.218   730155.517
  2.430   730155.524
  2.182   730155.531
  2.256   730155.537
  2.052   730155.544
  2.157   730155.551
  2.228   730155.558
  2.181   730155.566
  2.327   730155.600
  1.927   730155.607
  1.984   730155.614
  1.866   730155.621
  2.106   730155.628
  2.004   730155.635
  1.907   730155.642
  2.210   730155.649
  2.002   730155.656
  2.050   730155.662
  1.971   730155.669
  2.012   730155.676
  2.184   730155.683
  2.051   730155.690
  2.054   730155.697
  2.131   730155.704
  2.114   730155.711
  2.084   730155.718
  2.012   730155.725
  2.351   730155.732
  2.114   730155.739
  1.901   730155.747
  1.890   730155.753
  2.345   730155.760
  2.073   730155.774
  2.076   730155.781
  2.327   730155.787
  2.091   730155.794
  2.115   730155.801
  2.332   730155.808
  7.871   730155.815
  1.976   730155.822
  1.941   730155.829
  1.948   730155.836
  2.123   730155.843
  2.124   730155.850
  1.888   730155.857
  1.963   730155.864
  1.792   730155.871
  1.983   730155.878
  2.000   730155.885
  1.946   730155.892
  2.226   730155.899
  2.218   730155.906
  1.725   730155.912
  2.055   730155.919
  2.117   730155.926
  1.900   730155.933
  2.104   730155.940
  1.857   730155.947
  2.364   730155.954
  1.839   730155.961
  1.879   730155.968
  2.004   730155.975
  1.884   730155.982
  1.796   730155.989
  1.687   730155.996
