  0.303   730195.701
  0.259   730195.708
  0.327   730195.715
  0.313   730195.722
  0.282   730155.729
  0.308   730155.736
  0.291   730155.743
  0.270   730155.750
  0.243   730155.757
  0.286   730155.771
  0.290   730155.778
  0.303   730155.785
  0.307   730155.792
  0.321   730155.799
  0.293   730155.806
  0.274   730155.812
  0.503   730155.819
  0.301   730155.826
  0.300   730155.833
  0.305   730155.840
  0.287   730155.847
  0.279   730155.854
  0.293   730155.861
  0.267   730155.868
  0.251   730155.875
  0.278   730155.882
  0.286   730155.889
  0.277   730155.896
  0.302   730155.903
  0.304   730155.910
  0.317   730155.917
  0.293   730155.924
  0.395   730155.931
  0.304   730155.938
  0.300   730155.944
  0.275   730155.951
  0.285   730155.958
  0.299   730155.965
  0.291   730155.972
  0.298   730155.979
  0.295   730155.986
  0.331   730155.993
