  0.487   730155.003
  0.461   730155.010
  0.460   730155.017
  0.525   730155.024
  0.474   730155.031
  0.495   730155.037
  0.530   730155.044
  0.509   730155.051
  0.467   730155.072
  0.497   730155.079
  0.478   730155.086
  0.575   730155.093
  0.437   730155.100
  0.438   730155.108
    NaN   730155.114
  0.453   730155.121
  0.427   730155.128
  0.398   730155.135
  0.420   730155.142
  0.430   730155.149
  0.419   730155.156
  0.414   730155.162
  0.432   730155.169
  0.412   730155.176
  0.403   730155.183
  0.421   730155.190
  0.398   730155.197
  0.408   730155.204
  0.402   730155.211
  0.384   730155.218
  0.437   730155.225
  0.325   730155.232
  0.394   730155.239
  0.368   730155.246
  0.373   730155.253
  0.370   730155.260
  0.405   730155.267
  0.386   730155.274
  0.353   730155.281
  0.416   730155.287
  0.362   730155.294
  0.375   730155.301
  0.364   730155.308
  0.395   730155.315
  0.409   730155.322
  0.401   730155.329
  0.402   730155.336
  0.423   730155.343
  0.378   730155.350
  0.368   730155.357
  2.679   730155.364
  7.560   730155.371
  8.081   730155.378
  7.519   730155.385
  7.019   730155.392
  6.835   730155.399
  7.468   730155.406
  6.811   730155.412
  7.483   730155.419
  7.952   730155.426
  6.909   730155.433
  8.229   730155.440
  7.411   730155.447
  6.785   730155.455
  7.984   730155.461
  7.667   730155.468
  7.510   730155.475
  7.750   730155.482
  7.530   730155.489
  7.439   730155.496
  7.431   730155.503
  7.288   730155.510
  7.641   730155.517
  7.859   730155.524
  8.656   730155.531
  8.163   730155.537
  8.016   730155.544
  7.314   730155.551
  7.989   730155.558
  8.053   730155.566
  7.623   730155.600
  8.328   730155.607
  7.637   730155.614
  7.741   730155.621
  7.880   730155.628
  7.048   730155.635
  8.317   730155.642
  7.378   730155.649
  7.729   730155.656
  8.146   730155.662
  4.563   730155.669
  0.450   730155.676
  0.472   730155.683
  0.456   730155.690
  0.498   730155.697
  0.499   730155.704
  0.495   730155.711
  0.462   730155.718
  0.456   730155.725
  0.514   730155.732
  0.429   730155.739
  0.481   730155.747
  6.025   730155.753
  2.527   730155.760
  0.469   730155.774
  0.483   730155.781
  0.494   730155.787
  0.421   730155.794
  0.419   730155.801
  0.460   730155.808
  0.484   730155.815
  0.481   730155.822
  0.491   730155.829
  0.396   730155.836
  0.499   730155.843
  0.431   730155.850
  0.465   730155.857
  0.448   730155.864
  0.495   730155.871
  0.475   730155.878
  0.447   730155.885
  0.452   730155.892
  0.423   730155.899
  0.470   730155.906
  0.412   730155.912
  0.449   730155.919
  0.442   730155.926
  0.500   730155.933
  0.491   730155.940
  0.435   730155.947
  0.416   730155.954
  0.398   730155.961
  0.406   730155.968
  0.445   730155.975
  0.445   730155.982
  0.392   730155.989
  0.412   730155.996
