  2.019   730155.004
  1.989   730155.010
  2.023   730155.017
  1.836   730155.024
  1.940   730155.031
  1.859   730155.037
  1.949   730155.045
  1.980   730155.051
  1.866   730155.072
  1.936   730155.079
    NaN   730155.086
  1.741   730155.093
  1.692   730155.101
  1.815   730155.108
  1.927   730155.115
  1.868   730155.121
  1.564   730155.128
  1.756   730155.135
  1.914   730155.142
  1.747   730155.149
  1.530   730155.156
  1.675   730155.163
  1.804   730155.170
  1.782   730155.176
  1.608   730155.183
  1.768   730155.190
  1.625   730155.197
  1.647   730155.204
  1.655   730155.211
  1.765   730155.218
  1.695   730155.225
  1.654   730155.232
  1.589   730155.239
  1.588   730155.246
  1.692   730155.253
  1.688   730155.260
  1.580   730155.267
  1.551   730155.274
  1.762   730155.281
  1.659   730155.287
  1.609   730155.294
  1.748   730155.301
  1.611   730155.308
  1.849   730155.315
  1.994   730155.323
  1.823   730155.329
  1.718   730155.336
  1.566   730155.343
  1.809   730155.351
  1.561   730155.357
  1.617   730155.364
  1.623   730155.372
 24.393   730155.378
  9.960   730155.385
  1.743   730155.392
  1.735   730155.399
  1.597   730155.406
  1.769   730155.412
  1.611   730155.420
  1.672   730155.427
  1.745   730155.433
  1.928   730155.440
  1.805   730155.448
  1.651   730155.455
  1.839   730155.461
  1.796   730155.468
  1.855   730155.475
  1.764   730155.482
  1.795   730155.489
  1.710   730155.496
  1.662   730155.503
  1.450   730155.510
  1.658   730155.517
  1.783   730155.524
  1.745   730155.531
  1.674   730155.537
  1.777   730155.544
  1.818   730155.552
  1.701   730155.559
  1.701   730155.566
  3.224   730155.600
  1.747   730155.608
  1.735   730155.615
  1.806   730155.621
  1.764   730155.628
  1.918   730155.635
  1.803   730155.642
  1.917   730155.649
  2.292   730155.656
  1.923   730155.662
  1.871   730155.670
  1.884   730155.676
  1.698   730155.683
  2.052   730155.690
  1.863   730155.697
  1.976   730155.704
  1.961   730155.711
  1.947   730155.718
  2.232   730155.726
  2.051   730155.732
  2.030   730155.740
  1.806   730155.747
  1.978   730155.753
  2.008   730155.760
  2.030   730155.774
  1.754   730155.781
  1.759   730155.787
  2.126   730155.795
  1.694   730155.801
  1.877   730155.808
  2.078   730155.816
  1.876   730155.823
  2.090   730155.829
  1.788   730155.836
  1.810   730155.843
  2.024   730155.850
  1.789   730155.857
  1.793   730155.865
  1.915   730155.872
  1.918   730155.878
  1.987   730155.885
  1.851   730155.892
  1.838   730155.899
  1.941   730155.906
  1.904   730155.912
  1.910   730155.919
  1.962   730155.927
  1.850   730155.933
  1.739   730155.940
  1.904   730155.947
  1.723   730155.955
  1.797   730155.961
  1.762   730155.968
  1.804   730155.975
  1.727   730155.982
  1.691   730155.989
  1.774   730155.996
