  0.055   730293.000
  0.450   730293.007
  0.406   730293.014
  0.449   730293.021
  0.401   730293.028
  0.438   730293.035
  0.383   730293.042
  0.406   730293.048
  0.385   730293.055
  0.376   730293.062
  0.390   730293.069
  0.354   730293.076
  1.540   730293.083
  4.258   730293.090
  0.360   730293.097
  0.321   730293.104
  0.308   730293.111
  0.317   730293.118
  0.335   730293.125
  0.290   730293.132
  0.282   730293.139
  0.269   730293.146
  0.286   730293.153
  0.288   730293.160
  0.294   730293.167
  0.285   730293.173
  0.327   730293.180
  0.278   730293.187
  0.272   730293.194
  0.274   730293.201
  0.259   730293.208
  0.275   730293.215
  0.267   730293.222
  0.244   730293.229
  0.279   730293.236
  0.307   730293.243
  0.257   730293.250
  0.288   730293.257
  0.265   730293.264
  0.269   730293.271
  0.271   730293.278
  0.247   730293.285
  0.270   730293.291
  0.245   730293.298
  0.262   730293.305
  0.276   730293.312
  0.265   730293.319
  0.278   730293.326
  0.317   730293.333
  0.267   730293.340
  0.278   730293.347
  0.296   730293.354
  0.282   730293.361
  0.236   730293.368
  0.293   730293.375
  0.283   730293.382
  0.278   730293.389
  0.297   730293.396
  0.310   730293.403
  0.332   730293.410
  0.299   730293.416
  0.308   730293.423
  0.327   730293.430
  0.301   730293.437
  0.332   730293.444
  0.290   730293.451
  0.352   730293.458
  0.324   730293.465
  0.322   730293.472
  0.309   730293.479
  0.303   730293.486
  0.328   730293.493
  0.270   730293.500
  0.349   730293.507
  0.322   730293.514
  0.360   730293.521
  0.377   730293.528
  0.291   730293.535
  0.328   730293.541
  0.302   730293.548
  0.350   730293.555
  0.325   730293.562
  0.308   730293.569
  0.327   730293.576
  2.521   730293.583
  7.562   730293.590
  0.311   730293.597
  0.296   730293.604
  0.293   730293.611
  0.310   730293.618
  0.321   730293.625
  0.651   730293.632
  0.380   730293.639
  0.342   730293.646
  0.360   730293.653
  0.349   730293.660
  0.319   730293.667
  0.350   730293.673
  0.358   730293.680
  0.373   730293.687
  0.362   730293.694
  0.371   730293.701
  0.310   730293.708
  0.368   730293.715
  0.378   730293.722
  0.382   730293.729
  0.381   730293.736
  0.399   730293.743
  0.354   730293.750
  0.391   730293.757
  0.432   730293.764
  0.373   730293.771
  0.408   730293.778
  0.399   730293.785
  0.348   730293.791
  0.418   730293.798
  0.410   730293.805
  0.416   730293.812
  0.449   730293.819
  0.405   730293.826
  0.466   730293.833
  0.385   730293.840
  0.423   730293.847
  0.435   730293.854
  0.419   730293.861
  0.430   730293.868
  0.433   730293.875
  0.420   730293.882
  0.399   730293.889
  0.398   730293.896
  0.411   730293.903
  0.371   730293.910
  0.443   730293.917
  0.427   730293.924
  0.426   730293.930
  0.390   730293.937
  0.435   730293.944
  0.421   730293.951
  0.386   730293.958
  0.380   730293.965
  0.397   730293.972
  0.383   730293.979
  0.410   730293.986
  0.371   730293.993
