  2.427   730293.000
  0.526   730293.007
  0.489   730293.014
  0.470   730293.021
  0.478   730293.028
  0.436   730293.035
  0.480   730293.042
  0.550   730293.048
  0.459   730293.055
  0.390   730293.062
  0.408   730293.069
  0.418   730293.076
  0.413   730293.083
  0.433   730293.090
  0.401   730293.097
  0.416   730293.104
  0.377   730293.111
  0.394   730293.118
  0.403   730293.125
  0.412   730293.132
  0.461   730293.139
  0.391   730293.146
  0.444   730293.153
  0.404   730293.160
  0.427   730293.167
  0.402   730293.173
  1.536   730293.180
  0.409   730293.187
  0.396   730293.194
  1.906   730293.201
  0.439   730293.208
  0.370   730293.215
  0.367   730293.222
  0.396   730293.229
  0.403   730293.236
  0.375   730293.243
  0.409   730293.250
  0.397   730293.257
  0.383   730293.264
  0.421   730293.271
  0.390   730293.278
  0.382   730293.285
  0.409   730293.291
  0.396   730293.298
  0.393   730293.305
  0.414   730293.312
  0.415   730293.319
  0.371   730293.326
  0.412   730293.333
  0.424   730293.340
  0.414   730293.347
  0.343   730293.354
  0.395   730293.361
  0.414   730293.368
  0.419   730293.375
  0.431   730293.382
  0.441   730293.389
  0.422   730293.396
  0.392   730293.403
  0.416   730293.410
  0.426   730293.416
  0.437   730293.423
  0.420   730293.430
  0.431   730293.437
  0.419   730293.444
  0.390   730293.451
  0.421   730293.458
 14.704   730293.465
  0.407   730293.472
  0.406   730293.479
  0.399   730293.486
  0.407   730293.493
  0.402   730293.500
  0.395   730293.507
  0.364   730293.514
  0.420   730293.521
  0.389   730293.528
  0.394   730293.535
  1.786   730293.541
  0.396   730293.548
  0.415   730293.555
  0.417   730293.562
  0.413   730293.569
  0.474   730293.576
  0.426   730293.583
  0.445   730293.590
  0.406   730293.597
  0.416   730293.604
  0.482   730293.611
  0.498   730293.618
  0.392   730293.625
  1.855   730293.632
  2.297   730293.639
  0.463   730293.646
  0.407   730293.653
  0.428   730293.660
  0.456   730293.667
  0.463   730293.673
  0.467   730293.680
  0.498   730293.687
  0.433   730293.694
  0.440   730293.701
  0.467   730293.708
  0.559   730293.715
  0.550   730293.722
  0.494   730293.729
  0.568   730293.736
  0.550   730293.743
  0.593   730293.750
  0.611   730293.757
  0.674   730293.764
  0.610   730293.771
  0.692   730293.778
  0.652   730293.785
  0.633   730293.791
  0.646   730293.798
  0.608   730293.805
  0.583   730293.812
  0.674   730293.819
  0.630   730293.826
  0.620   730293.833
  0.668   730293.840
  0.672   730293.847
  0.665   730293.854
  0.750   730293.861
  0.772   730293.868
  0.801   730293.875
  0.678   730293.882
  0.744   730293.889
  0.644   730293.896
  0.797   730293.903
  0.745   730293.910
  0.651   730293.917
  0.697   730293.924
  0.674   730293.930
  0.600   730293.937
  0.600   730293.944
  0.651   730293.951
  0.748   730293.958
 20.543   730293.965
  0.666   730293.972
  0.680   730293.979
  0.684   730293.986
  0.651   730293.993
