  0.000   730293.006
  0.000   730293.013
  0.000   730293.020
  0.000   730293.027
  0.000   730293.034
  0.000   730293.041
  0.000   730293.048
  0.000   730293.055
  0.000   730293.062
  0.000   730293.069
  0.000   730293.076
  0.000   730293.083
  0.000   730293.090
  0.000   730293.097
  0.000   730293.104
  0.000   730293.110
  0.000   730293.117
  0.000   730293.124
  0.000   730293.131
  0.000   730293.138
  0.000   730293.145
  0.000   730293.152
  0.000   730293.159
  0.000   730293.166
  0.000   730293.173
  5.066   730293.180
  0.000   730293.187
  0.000   730293.194
  2.194   730293.201
  0.000   730293.208
  0.000   730293.215
  0.000   730293.222
  0.000   730293.229
  0.000   730293.235
  0.000   730293.242
  0.000   730293.249
  0.000   730293.256
  0.000   730293.263
  0.000   730293.270
  0.000   730293.277
  0.000   730293.284
  0.000   730293.291
  0.000   730293.298
  0.000   730293.305
  0.000   730293.312
  0.000   730293.319
  0.000   730293.326
  0.000   730293.333
  0.000   730293.340
  0.000   730293.347
  0.000   730293.354
  0.000   730293.360
  0.000   730293.367
  0.000   730293.374
  0.000   730293.381
  0.000   730293.388
  0.000   730293.395
  0.000   730293.402
  0.000   730293.409
  0.000   730293.416
  0.000   730293.423
  0.000   730293.430
  0.000   730293.437
  0.000   730293.444
  0.000   730293.451
  0.000   730293.458
  0.000   730293.465
  0.000   730293.472
  0.000   730293.479
  0.000   730293.485
  0.000   730293.492
  0.000   730293.499
  0.000   730293.506
  0.000   730293.513
  0.000   730293.520
  0.000   730293.527
  0.000   730293.534
  0.000   730293.541
  3.620   730293.548
  0.000   730293.555
  0.000   730293.562
  0.000   730293.569
  0.000   730293.576
  0.000   730293.583
  0.000   730293.590
  0.000   730293.597
  0.000   730293.604
  0.000   730293.610
  0.000   730293.617
  0.000   730293.624
  0.000   730293.631
  0.000   730293.638
  0.000   730293.645
  0.000   730293.652
  0.000   730293.659
  0.000   730293.666
  0.000   730293.673
  0.000   730293.680
  0.000   730293.687
  0.000   730293.694
  0.000   730293.701
  0.000   730293.708
  0.000   730293.715
  0.000   730293.722
  0.000   730293.729
  0.000   730293.735
  0.000   730293.742
  0.000   730293.749
  0.000   730293.756
  0.000   730293.763
  0.000   730293.770
  0.000   730293.777
  0.000   730293.784
  0.000   730293.791
  0.000   730293.798
  0.000   730293.805
  4.343   730293.812
  0.705   730293.819
  0.688   730293.826
  0.666   730293.833
  0.723   730293.840
  0.671   730293.847
  0.651   730293.854
  0.642   730293.860
  0.697   730293.867
  0.755   730293.874
  0.754   730293.881
  0.607   730293.888
  0.718   730293.895
  0.775   730293.902
  0.733   730293.909
  0.584   730293.916
  0.794   730293.923
  0.716   730293.930
  0.660   730293.937
  0.703   730293.944
  0.671   730293.951
  0.629   730293.958
  0.647   730293.965
  0.648   730293.972
  0.668   730293.979
  0.611   730293.985
  0.602   730293.992
  0.638   730293.999
