  0.701   730293.001
  1.369   730293.007
  1.268   730293.014
  1.299   730293.021
  1.307   730293.028
  1.502   730293.035
  1.367   730293.042
  1.638   730293.049
  1.575   730293.056
  1.576   730293.063
  1.520   730293.070
  1.293   730293.077
  1.540   730293.084
  1.434   730293.091
  1.527   730293.098
  1.336   730293.104
  1.620   730293.111
  1.377   730293.118
  1.711   730293.125
  1.659   730293.132
  1.585   730293.139
  1.745   730293.146
  1.630   730293.153
  1.731   730293.160
  1.996   730293.167
  1.896   730293.174
  2.031   730293.181
  2.060   730293.188
  1.902   730293.195
  1.864   730293.202
  1.975   730293.209
  1.947   730293.216
  2.174   730293.223
  1.919   730293.230
  2.332   730293.236
  9.632   730293.243
  2.354   730293.250
  2.146   730293.257
  2.043   730293.264
  1.940   730293.271
  2.003   730293.278
  1.981   730293.285
  2.157   730293.292
  1.919   730293.299
  2.247   730293.306
  2.116   730293.313
  1.888   730293.320
  1.791   730293.327
  2.065   730293.334
  2.034   730293.341
  2.082   730293.348
  2.022   730293.354
  1.897   730293.361
  2.025   730293.368
  2.035   730293.375
  1.951   730293.382
  2.103   730293.389
  1.986   730293.396
  1.840   730293.403
  1.882   730293.410
  2.010   730293.417
  2.011   730293.424
  1.629   730293.431
  1.881   730293.438
  2.076   730293.445
  1.977   730293.452
  1.951   730293.459
  1.963   730293.466
  1.754   730293.473
  1.919   730293.479
  1.743   730293.486
  1.928   730293.493
  1.987   730293.500
  2.083   730293.507
  1.925   730293.514
  2.068   730293.521
  2.073   730293.528
  2.027   730293.535
  1.933   730293.542
  1.653   730293.549
  1.950   730293.556
  1.748   730293.563
  2.127   730293.570
  1.939   730293.577
  1.896   730293.584
  2.050   730293.591
  1.786   730293.598
  1.874   730293.604
  2.022   730293.611
  1.872   730293.618
  1.991   730293.625
  4.012   730293.632
  1.739   730293.639
  2.186   730293.646
  2.094   730293.653
  1.997   730293.660
  2.018   730293.667
  2.135   730293.674
  2.178   730293.681
  2.159   730293.688
  2.222   730293.695
  2.150   730293.702
  2.470   730293.709
  2.323   730293.716
  2.161   730293.723
  2.396   730293.730
  2.326   730293.736
  8.762   730293.744
  2.462   730293.750
  2.619   730293.757
  2.279   730293.764
  2.653   730293.771
  2.508   730293.778
  2.512   730293.785
  2.180   730293.792
  2.104   730293.799
  2.449   730293.806
  2.514   730293.813
  2.468   730293.820
  2.383   730293.827
  2.378   730293.834
  2.434   730293.841
  2.311   730293.848
  2.023   730293.855
  2.372   730293.861
  2.382   730293.868
  2.225   730293.875
  2.343   730293.882
  2.296   730293.889
  1.795   730293.896
  2.056   730293.903
  2.218   730293.910
  1.954   730293.917
  2.062   730293.924
  2.491   730293.931
  2.147   730293.938
  2.150   730293.945
  2.267   730293.952
  1.993   730293.959
  2.131   730293.966
  1.966   730293.973
  1.788   730293.980
  2.313   730293.987
  1.903   730293.993
