  0.080   729990.000
  0.080   729990.000
  0.080   729990.010
  0.070   729990.020
  0.120   729990.030
  0.070   729990.030
  0.070   729990.040
  0.070   729990.050
  0.070   729990.050
    NaN   729990.060
    NaN   729990.070
  0.060   729990.070
  0.060   729990.080
  0.070   729990.090
  0.060   729990.100
  0.070   729990.100
  0.070   729990.110
  0.070   729990.120
  0.070   729990.120
  0.070   729990.130
  0.070   729990.140
  0.060   729990.140
  0.070   729990.150
  0.070   729990.160
    NaN   729990.160
  0.070   729990.170
    NaN   729990.180
  0.070   729990.190
  0.070   729990.190
  0.080   729990.200
  0.060   729990.210
    NaN   729990.210
    NaN   729990.220
  0.080   729990.230
  0.120   729990.230
  0.130   729990.240
  0.130   729990.250
    NaN   729990.250
  0.080   729990.260
  0.080   729990.270
    NaN   729990.280
  0.130   729990.280
    NaN   729990.290
    NaN   729990.300
  0.120   729990.300
  0.110   729990.310
  0.070   729990.320
  0.080   729990.320
  0.090   729990.330
  0.070   729990.340
  0.080   729990.350
  0.090   729990.350
  0.070   729990.360
  0.080   729990.370
    NaN   729990.370
    NaN   729990.380
  0.090   729990.390
  1.180   729990.390
    NaN   729990.400
    NaN   729990.410
    NaN   729990.410
    NaN   729990.420
    NaN   729990.430
    NaN   729990.440
  0.090   729990.440
    NaN   729990.450
  0.100   729990.460
  0.100   729990.460
    NaN   729990.470
  0.090   729990.480
  0.090   729990.480
  0.080   729990.490
  0.090   729990.500
  0.100   729990.500
  0.090   729990.510
  0.090   729990.520
  0.090   729990.530
  0.100   729990.530
  0.090   729990.540
  0.100   729990.550
  0.090   729990.550
  0.100   729990.560
  0.090   729990.570
  0.100   729990.570
  0.310   729990.580
  0.290   729990.590
  0.090   729990.600
  0.080   729990.600
  0.090   729990.610
  0.090   729990.620
  0.090   729990.620
  0.130   729990.630
  0.080   729990.640
  0.080   729990.640
  0.090   729990.650
  0.090   729990.660
  0.090   729990.660
  0.090   729990.670
  0.090   729990.680
  0.080   729990.690
  0.090   729990.690
  0.090   729990.700
  0.100   729990.710
  0.270   729990.710
  0.280   729990.720
  0.230   729990.730
  0.290   729990.730
  0.200   729990.740
  0.090   729990.750
  0.100   729990.750
  0.100   729990.760
  0.100   729990.770
  0.110   729990.780
  0.100   729990.780
  0.110   729990.790
  0.120   729990.800
  0.170   729990.800
  0.140   729990.810
  0.170   729990.820
  0.150   729990.820
  0.150   729990.830
  0.170   729990.840
  0.200   729990.850
  0.190   729990.850
  0.170   729990.860
  0.150   729990.870
  0.160   729990.870
  0.180   729990.880
  0.150   729990.890
  0.150   729990.890
  0.160   729990.900
  0.160   729990.910
  0.170   729990.910
  0.160   729990.920
  0.150   729990.930
  0.150   729990.930
  0.160   729990.940
  0.160   729990.950
  0.160   729990.960
  0.160   729990.960
  0.150   729990.970
  0.180   729990.980
  0.180   729990.980
  0.160   729990.990
