  0.531   730061.003
  0.493   730061.010
  0.502   730061.017
  0.461   730061.024
  0.420   730061.031
  0.386   730061.038
  0.399   730061.045
  0.429   730061.052
  0.409   730061.059
  0.448   730061.066
  0.459   730061.073
  0.447   730061.080
  0.432   730061.087
  0.462   730061.094
  0.449   730061.101
  0.411   730061.108
  0.429   730061.115
  0.493   730061.122
  0.503   730061.128
  0.413   730061.135
  0.492   730061.142
  0.421   730061.149
  0.433   730061.156
  0.481   730061.163
  0.452   730061.170
  0.395   730061.177
  0.381   730061.184
  0.378   730061.191
  0.455   730061.198
  0.386   730061.205
  0.405   730061.212
  0.348   730061.219
  0.354   730061.226
  0.381   730061.233
  0.425   730061.240
  0.446   730061.247
  0.466   730061.253
  0.459   730061.260
  0.446   730061.267
  0.367   730061.274
  0.366   730061.281
  0.363   730061.288
  0.463   730061.295
  0.436   730061.302
  0.397   730061.309
  0.438   730061.316
  0.370   730061.323
  0.365   730061.330
  0.388   730061.337
  0.360   730061.344
  0.390   730061.351
  0.361   730061.358
  0.330   730061.365
  0.336   730061.372
  0.344   730061.378
  0.314   730061.385
  0.353   730061.392
  0.331   730061.399
  0.314   730061.406
  0.291   730061.413
  0.318   730061.420
  0.313   730061.427
  0.311   730061.434
  0.293   730061.441
  0.304   730061.449
  0.306   730061.455
  0.265   730061.462
  0.279   730061.469
  0.309   730061.476
  0.280   730061.483
  0.266   730061.490
  0.291   730061.497
  0.257   730061.503
  0.255   730061.510
  0.237   730061.517
  0.239   730061.524
  0.240   730061.531
  0.262   730061.538
  0.233   730061.545
  0.197   730061.552
  0.214   730061.559
  0.201   730061.566
  0.204   730061.573
  0.197   730061.580
  0.214   730061.587
  0.206   730061.594
  0.198   730061.601
  0.193   730061.608
  0.185   730061.615
  0.180   730061.622
  0.185   730061.628
  0.188   730061.635
  0.178   730061.642
  0.197   730061.649
  0.170   730061.656
  0.183   730061.663
  0.182   730061.670
  0.180   730061.677
  0.220   730061.684
  0.204   730061.691
  0.231   730061.698
  0.204   730061.705
  0.249   730061.712
  0.240   730061.719
  0.272   730061.726
  0.286   730061.733
  0.280   730061.740
  0.272   730061.747
  0.287   730061.753
  0.313   730061.760
  0.289   730061.767
  0.298   730061.774
  0.321   730061.781
  0.316   730061.788
  0.352   730061.795
  0.356   730061.802
  0.339   730061.809
  0.345   730061.816
  0.363   730061.823
  0.353   730061.830
  0.348   730061.837
  0.336   730061.844
  0.335   730061.858
  0.343   730061.872
  0.318   730061.878
  0.307   730061.885
  0.288   730061.892
  0.290   730061.899
  0.296   730061.906
  0.303   730061.913
  0.288   730061.920
  0.301   730061.927
  0.259   730061.934
  0.276   730061.941
  0.271   730061.948
  0.263   730061.955
  0.277   730061.962
  0.264   730061.969
  0.252   730061.976
  0.285   730061.983
  0.260   730061.990
  0.276   730061.997
