  0.491   730061.005
  0.454   730061.012
  0.418   730061.019
  0.404   730061.026
  0.446   730061.033
  0.391   730061.040
  0.400   730061.047
  0.396   730061.053
  0.447   730061.060
  0.466   730061.067
    NaN   730061.074
  0.382   730061.081
  0.433   730061.088
  0.441   730061.095
  0.451   730061.102
  0.423   730061.109
  0.440   730061.116
  0.447   730061.123
  0.404   730061.130
  0.383   730061.137
  0.390   730061.144
  0.402   730061.151
  0.407   730061.158
  0.379   730061.165
  0.399   730061.172
  0.399   730061.179
  0.420   730061.185
  0.364   730061.192
  0.389   730061.199
  0.418   730061.206
  0.412   730061.213
  0.373   730061.220
  0.354   730061.227
  0.391   730061.234
  0.418   730061.241
  0.365   730061.248
  0.383   730061.255
  0.395   730061.262
  0.547   730061.269
  0.012   730061.276
  0.432   730061.283
  0.392   730061.290
  0.378   730061.297
  0.430   730061.303
  0.428   730061.310
  0.412   730061.317
  0.468   730061.324
  0.421   730061.331
  0.422   730061.338
  0.476   730061.345
  0.447   730061.352
  0.464   730061.359
  0.477   730061.366
  0.470   730061.373
  0.441   730061.380
  0.441   730061.387
  0.459   730061.394
  0.497   730061.401
  0.462   730061.408
  0.471   730061.415
  0.479   730061.422
  0.478   730061.428
  0.454   730061.435
  0.442   730061.442
  0.434   730061.450
  0.466   730061.456
  0.443   730061.463
  0.483   730061.470
  0.483   730061.477
  0.435   730061.484
  0.502   730061.491
  0.498   730061.498
  0.514   730061.505
  0.508   730061.512
  0.474   730061.519
  0.437   730061.526
  0.468   730061.533
  0.408   730061.540
  0.419   730061.547
  0.425   730061.553
  0.441   730061.560
  0.425   730061.567
    NaN   730061.574
  0.400   730061.581
  0.434   730061.588
  0.404   730061.595
  0.383   730061.602
  0.425   730061.609
  0.415   730061.616
  0.422   730061.623
  0.385   730061.630
  0.377   730061.637
  0.327   730061.644
  0.361   730061.651
  0.358   730061.658
  0.347   730061.665
  0.338   730061.672
  0.354   730061.678
  0.314   730061.685
  0.366   730061.692
  0.340   730061.699
  0.344   730061.706
  0.306   730061.713
  0.295   730061.720
  0.313   730061.727
  0.330   730061.734
  0.304   730061.741
  0.318   730061.748
  0.300   730061.755
  0.284   730061.762
  0.330   730061.769
  0.326   730061.776
  0.336   730061.783
  0.318   730061.790
  0.345   730061.797
  0.300   730061.803
  0.307   730061.810
  0.302   730061.817
  0.310   730061.824
  0.307   730061.832
  0.331   730061.839
  0.516   730061.846
  0.332   730061.860
  0.343   730061.873
  0.333   730061.880
  0.340   730061.887
  0.342   730061.894
  0.330   730061.901
  0.364   730061.908
  0.364   730061.915
  0.364   730061.922
  0.356   730061.928
  0.351   730061.935
  0.362   730061.943
  0.376   730061.950
  0.409   730061.957
  0.437   730061.964
  0.400   730061.971
  0.391   730061.978
  0.376   730061.985
  0.378   730061.992
  0.420   730061.999
