  0.019   730371.005
  0.019   730371.005
  0.035   730371.005
  0.035   730371.005
  0.040   730371.012
  0.040   730371.012
  0.035   730371.019
  0.035   730371.019
  0.035   730371.025
  0.035   730371.025
  0.035   730371.032
  0.035   730371.032
  0.034   730371.040
  0.034   730371.040
  0.034   730371.046
  0.034   730371.046
  0.035   730371.053
  0.035   730371.053
  0.035   730371.060
  0.035   730371.060
  0.037   730371.067
  0.037   730371.067
  0.038   730371.075
  0.038   730371.075
  0.034   730371.082
  0.034   730371.082
  0.039   730371.089
  0.039   730371.089
  0.038   730371.096
  0.038   730371.096
  0.036   730371.102
  0.036   730371.102
  0.034   730371.109
  0.034   730371.109
  0.032   730371.116
  0.032   730371.116
  0.035   730371.123
  0.035   730371.123
  0.034   730371.130
  0.034   730371.130
  0.034   730371.136
  0.034   730371.136
  0.036   730371.143
  0.036   730371.143
  0.033   730371.150
  0.033   730371.150
  0.034   730371.157
  0.034   730371.157
  0.032   730371.164
  0.032   730371.164
  0.033   730371.171
  0.033   730371.171
  0.032   730371.178
  0.032   730371.178
  0.040   730371.185
  0.040   730371.185
  0.034   730371.192
  0.034   730371.192
  0.037   730371.199
  0.037   730371.199
  0.034   730371.206
  0.034   730371.206
  0.035   730371.213
  0.035   730371.213
  0.038   730371.220
  0.038   730371.220
  0.036   730371.227
  0.036   730371.227
  0.038   730371.233
  0.038   730371.233
  0.034   730371.241
  0.034   730371.241
  0.040   730371.248
  0.040   730371.248
  0.038   730371.254
  0.038   730371.254
  0.034   730371.261
  0.034   730371.261
  0.032   730371.268
  0.032   730371.268
  0.036   730371.275
  0.036   730371.275
  0.036   730371.282
  0.036   730371.282
  0.032   730371.289
  0.032   730371.289
  0.033   730371.296
  0.033   730371.296
  0.035   730371.303
  0.035   730371.303
  0.033   730371.310
  0.033   730371.310
  0.037   730371.317
  0.037   730371.317
  0.034   730371.324
  0.034   730371.324
  0.035   730371.331
  0.035   730371.331
  0.034   730371.338
  0.034   730371.338
  0.036   730371.345
  0.036   730371.345
  0.034   730371.351
  0.034   730371.351
  0.032   730371.358
  0.032   730371.358
  0.039   730371.365
  0.039   730371.365
  0.036   730371.372
  0.036   730371.372
  0.034   730371.379
  0.034   730371.379
  0.034   730371.386
  0.034   730371.386
  0.033   730371.393
  0.033   730371.393
  0.036   730371.400
  0.036   730371.400
  0.038   730371.407
  0.038   730371.407
  0.032   730371.414
  0.032   730371.414
  0.036   730371.421
  0.036   730371.421
  0.035   730371.428
  0.035   730371.428
  0.036   730371.435
  0.036   730371.435
  0.041   730371.442
  0.041   730371.442
  0.035   730371.449
  0.035   730371.449
  0.041   730371.456
  0.041   730371.456
  0.036   730371.463
  0.036   730371.463
  0.038   730371.470
  0.038   730371.470
  0.031   730371.477
  0.031   730371.477
  0.035   730371.483
  0.035   730371.483
  0.037   730371.490
  0.037   730371.490
  0.030   730371.498
  0.030   730371.498
  0.034   730371.504
  0.034   730371.504
  0.036   730371.511
  0.036   730371.511
  0.034   730371.518
  0.034   730371.518
  0.037   730371.525
  0.037   730371.525
  0.037   730371.532
  0.037   730371.532
  0.038   730371.539
  0.038   730371.539
  0.035   730371.546
  0.035   730371.546
  0.034   730371.553
  0.034   730371.553
  0.041   730371.560
  0.041   730371.560
  0.034   730371.567
  0.034   730371.567
  0.034   730371.574
  0.034   730371.574
  0.034   730371.581
  0.034   730371.581
  0.034   730371.588
  0.034   730371.588
  0.037   730371.595
  0.037   730371.595
  0.035   730371.601
  0.035   730371.601
  0.032   730371.608
  0.032   730371.608
  0.035   730371.615
  0.035   730371.615
  0.035   730371.622
  0.035   730371.622
  0.036   730371.629
  0.036   730371.629
  0.037   730371.636
  0.037   730371.636
  0.034   730371.643
  0.034   730371.643
  0.034   730371.650
  0.034   730371.650
  0.040   730371.657
  0.040   730371.657
  0.033   730371.664
  0.033   730371.664
  0.036   730371.671
  0.036   730371.671
  0.037   730371.678
  0.037   730371.678
  0.035   730371.685
  0.035   730371.685
  0.034   730371.692
  0.034   730371.692
  0.034   730371.699
  0.034   730371.699
  0.035   730371.706
  0.035   730371.706
  0.033   730371.713
  0.033   730371.713
  0.038   730371.720
  0.038   730371.720
  0.033   730371.727
  0.033   730371.727
  0.033   730371.734
  0.033   730371.734
  0.036   730371.741
  0.036   730371.741
  0.041   730371.748
  0.041   730371.748
  0.037   730371.755
  0.037   730371.755
  0.038   730371.762
  0.038   730371.762
  0.034   730371.768
  0.034   730371.768
  0.054   730371.775
  0.054   730371.775
  0.028   730371.775
  0.028   730371.775
  0.034   730371.783
  0.034   730371.783
  0.263   730371.783
  0.263   730371.783
  0.036   730371.790
  0.036   730371.790
  0.038   730371.797
  0.038   730371.797
  0.034   730371.804
  0.034   730371.804
  0.035   730371.811
  0.035   730371.811
  3.014   730371.817
  3.014   730371.817
  0.033   730371.824
  0.033   730371.824
  0.034   730371.831
  0.034   730371.831
  0.036   730371.838
  0.036   730371.838
  0.035   730371.845
  0.035   730371.845
  0.036   730371.852
  0.036   730371.852
  0.035   730371.859
  0.035   730371.859
  0.037   730371.866
  0.037   730371.866
  0.038   730371.873
  0.038   730371.873
  0.035   730371.880
  0.035   730371.880
  0.043   730371.886
  0.043   730371.886
  0.036   730371.893
  0.036   730371.893
  0.038   730371.900
  0.038   730371.900
  0.035   730371.907
  0.035   730371.907
  0.036   730371.914
  0.036   730371.914
  0.041   730371.921
  0.041   730371.921
  0.061   730371.928
  0.061   730371.928
  0.155   730371.935
  0.155   730371.935
  0.210   730371.942
  0.210   730371.942
  0.275   730371.949
  0.275   730371.949
  0.353   730371.956
  0.353   730371.956
  0.407   730371.963
  0.407   730371.963
  0.432   730371.970
  0.432   730371.970
  0.473   730371.977
  0.473   730371.977
  0.517   730371.984
  0.517   730371.984
  0.586   730371.991
  0.586   730371.991
  0.486   730371.998
  0.486   730371.998
