  0.311   730371.001
  0.119   730371.001
  0.240   730371.008
  0.232   730371.015
  0.264   730371.022
  0.241   730371.029
  0.237   730371.036
  0.279   730371.043
  0.234   730371.050
  0.222   730371.057
  0.235   730371.063
  0.247   730371.070
  0.218   730371.077
  0.205   730371.084
  0.210   730371.091
  0.211   730371.098
  0.218   730371.105
  0.193   730371.112
  0.211   730371.119
  0.193   730371.126
  0.195   730371.133
  0.187   730371.140
  0.170   730371.147
  0.178   730371.154
  0.164   730371.161
  0.161   730371.168
  0.154   730371.174
  0.186   730371.181
  0.166   730371.188
  0.156   730371.195
  0.151   730371.202
  0.133   730371.209
  0.165   730371.216
  0.166   730371.223
  0.158   730371.230
  0.155   730371.237
  0.154   730371.244
  0.152   730371.251
  0.680   730371.258
  0.160   730371.265
  0.143   730371.272
  0.136   730371.279
  0.155   730371.286
  0.133   730371.293
  0.162   730371.299
  0.187   730371.306
  0.156   730371.313
  0.154   730371.320
  0.157   730371.327
  0.147   730371.334
  0.128   730371.341
  0.143   730371.348
  0.146   730371.355
  0.161   730371.362
  0.153   730371.369
  0.142   730371.376
  0.176   730371.383
  0.150   730371.390
  0.161   730371.397
  0.462   730371.404
  0.179   730371.411
  0.166   730371.418
  0.178   730371.424
  0.155   730371.431
  0.182   730371.438
  0.165   730371.445
  0.198   730371.452
  0.187   730371.459
  0.193   730371.466
  0.176   730371.473
  0.197   730371.480
  0.182   730371.487
  0.183   730371.494
  0.197   730371.501
  0.185   730371.508
  0.194   730371.515
  0.185   730371.522
  0.193   730371.529
  0.195   730371.536
  0.224   730371.543
  0.227   730371.549
  0.206   730371.556
  0.236   730371.563
  0.219   730371.570
  0.216   730371.577
  0.203   730371.584
  0.253   730371.591
  0.165   730371.598
  0.238   730371.605
  0.240   730371.612
  0.221   730371.619
  0.211   730371.626
  0.264   730371.633
  0.256   730371.640
  0.256   730371.647
  0.240   730371.654
  0.252   730371.661
  0.249   730371.668
  0.281   730371.675
  0.259   730371.681
  0.305   730371.688
  0.333   730371.695
  0.326   730371.702
  0.275   730371.709
  0.321   730371.716
  0.334   730371.723
  0.329   730371.730
  0.324   730371.737
  0.354   730371.744
  0.392   730371.751
  0.399   730371.758
  0.517   730371.765
  0.422   730371.772
  0.368   730371.779
  0.817   730371.779
  0.369   730371.786
  0.449   730371.793
  0.496   730371.800
  0.424   730371.807
  0.424   730371.813
  0.449   730371.820
  0.432   730371.827
  0.472   730371.834
  0.467   730371.841
  0.440   730371.848
  0.447   730371.855
  0.389   730371.862
  0.372   730371.869
  0.435   730371.876
  0.404   730371.883
  0.356   730371.890
  0.373   730371.897
  0.314   730371.904
  0.322   730371.911
  0.348   730371.918
  0.289   730371.925
  0.262   730371.932
  0.328   730371.939
  0.271   730371.945
  0.256   730371.952
  0.259   730371.959
  0.241   730371.966
  0.242   730371.973
  0.221   730371.980
  0.227   730371.987
  0.196   730371.994
