  0.785   730371.006
  0.737   730371.006
  0.828   730371.013
  0.877   730371.019
  0.799   730371.026
  0.732   730371.033
  0.664   730371.040
  0.712   730371.047
  1.604   730371.054
  0.666   730371.061
  0.726   730371.068
  0.769   730371.075
  0.668   730371.083
  0.715   730371.090
  0.638   730371.096
  0.545   730371.103
  0.623   730371.109
  0.689   730371.116
  0.621   730371.123
  0.670   730371.130
  0.670   730371.137
  0.560   730371.144
  0.678   730371.151
  0.615   730371.158
  0.563   730371.165
  0.603   730371.172
  0.662   730371.179
  0.636   730371.185
  0.593   730371.192
  0.584   730371.199
  1.927   730371.207
  0.556   730371.213
  0.535   730371.220
  0.584   730371.227
  0.659   730371.234
  0.581   730371.241
  2.470   730371.248
  0.572   730371.255
  0.569   730371.262
  0.643   730371.269
  0.548   730371.276
  0.607   730371.283
  0.551   730371.290
  0.563   730371.297
  0.640   730371.304
  0.578   730371.310
  0.584   730371.317
  0.566   730371.324
  1.573   730371.331
  0.617   730371.338
  0.558   730371.345
  0.610   730371.352
  0.545   730371.359
  0.632   730371.366
  0.600   730371.373
  0.562   730371.380
  0.519   730371.387
  0.556   730371.394
  0.587   730371.401
  0.491   730371.408
  0.576   730371.415
  0.557   730371.422
  0.575   730371.429
  0.581   730371.435
  0.558   730371.442
  0.580   730371.449
  0.533   730371.457
  2.144   730371.463
  0.658   730371.470
  0.510   730371.477
  0.536   730371.484
  0.553   730371.491
  0.537   730371.498
  0.622   730371.505
  0.581   730371.512
  0.699   730371.519
  0.571   730371.526
  0.559   730371.533
  0.572   730371.540
  0.589   730371.547
  0.579   730371.554
  0.596   730371.560
  0.601   730371.567
  0.555   730371.574
  0.593   730371.581
  2.058   730371.588
  0.554   730371.595
  0.570   730371.602
  0.542   730371.609
  0.635   730371.616
  0.656   730371.623
  0.812   730371.630
  0.655   730371.637
  0.609   730371.644
  0.555   730371.651
  0.600   730371.658
  0.639   730371.665
  0.579   730371.672
  0.751   730371.679
  1.052   730371.686
  1.045   730371.692
  1.045   730371.700
  1.065   730371.707
  1.007   730371.713
  0.956   730371.720
  0.826   730371.727
  0.741   730371.734
  0.719   730371.741
  0.560   730371.749
  0.841   730371.756
  0.647   730371.762
  0.754   730371.769
  2.353   730371.776
  1.085   730371.776
  1.686   730371.783
  0.646   730371.783
  0.661   730371.790
  0.727   730371.798
  0.625   730371.804
  0.633   730371.811
  0.722   730371.818
  0.771   730371.825
  2.183   730371.832
  3.558   730371.839
  0.649   730371.846
  0.630   730371.853
  0.608   730371.859
  0.660   730371.867
  0.600   730371.873
  0.605   730371.880
  0.515   730371.887
  0.639   730371.894
  0.563   730371.901
  0.665   730371.908
  0.624   730371.915
  1.490   730371.922
  0.630   730371.929
  0.605   730371.936
  0.718   730371.943
 85.406   730371.950
  0.747   730371.957
  0.795   730371.964
  0.704   730371.971
  0.674   730371.978
  0.600   730371.984
  0.621   730371.991
  0.708   730371.998
