  0.516   730437.006
  3.418   730437.006
  5.055   730437.013
  2.509   730437.020
  3.284   730437.027
  3.117   730437.034
  2.944   730437.041
  3.064   730437.048
  3.325   730437.055
  3.235   730437.062
  3.278   730437.069
  3.282   730437.076
  3.180   730437.083
  3.227   730437.090
  3.792   730437.097
  3.293   730437.104
  3.290   730437.110
  3.110   730437.117
  3.171   730437.124
  3.154   730437.131
  0.336   730437.131
  3.230   730437.138
  3.044   730437.145
  3.324   730437.152
  2.955   730437.159
  3.142   730437.166
  3.170   730437.173
  3.316   730437.180
  2.964   730437.187
  3.092   730437.194
  2.956   730437.201
  3.247   730437.208
  2.984   730437.215
  3.176   730437.222
  3.028   730437.229
  3.187   730437.235
  3.372   730437.242
  3.153   730437.249
  3.186   730437.256
  3.339   730437.263
  3.104   730437.270
  3.439   730437.277
  3.505   730437.284
  3.433   730437.291
  3.513   730437.298
  3.451   730437.305
  0.902   730437.312
  3.600   730437.312
  3.171   730437.319
  3.874   730437.326
  3.532   730437.333
  3.342   730437.340
  3.539   730437.347
  3.734   730437.354
  3.385   730437.360
  3.952   730437.367
  3.743   730437.374
  3.867   730437.381
  3.101   730437.388
  3.506   730437.395
  3.208   730437.402
  3.265   730437.409
  3.302   730437.416
  3.168   730437.423
  3.284   730437.430
  3.340   730437.437
  2.683   730437.444
  2.896   730437.451
  3.231   730437.458
  2.937   730437.465
  2.808   730437.472
  2.869   730437.479
  1.718   730437.486
  2.551   730437.486
  3.665   730437.492
  2.846   730437.500
  2.862   730437.506
  2.425   730437.513
  2.471   730437.520
  2.546   730437.527
  3.206   730437.534
  2.971   730437.541
  2.521   730437.548
  2.890   730437.555
  2.455   730437.562
  3.727   730437.569
  2.498   730437.576
  2.959   730437.583
  2.941   730437.590
  2.440   730437.597
  3.316   730437.604
  2.615   730437.610
  3.157   730437.617
  2.825   730437.624
  2.913   730437.631
  2.310   730437.638
  2.741   730437.645
  2.817   730437.652
  1.461   730437.659
  1.974   730437.659
  2.691   730437.666
  2.441   730437.673
  2.604   730437.680
  2.659   730437.687
  2.758   730437.694
  2.571   730437.701
  2.742   730437.708
  2.671   730437.715
  2.619   730437.722
  3.070   730437.729
  3.005   730437.735
  3.174   730437.742
  3.101   730437.749
  2.454   730437.756
  2.586   730437.763
  2.466   730437.770
  2.788   730437.777
  3.263   730437.784
  3.139   730437.791
  3.063   730437.798
  2.508   730437.805
  3.049   730437.812
 13.924   730437.819
  3.411   730437.826
  4.707   730437.833
  1.800   730437.833
  3.104   730437.840
  2.746   730437.847
  3.953   730437.854
  2.839   730437.860
  2.621   730437.867
  2.561   730437.874
  2.994   730437.881
  3.234   730437.888
  3.368   730437.895
  3.663   730437.902
  2.948   730437.909
  3.557   730437.916
  3.009   730437.923
  3.085   730437.930
  2.851   730437.937
  3.129   730437.944
  2.709   730437.951
  2.683   730437.958
  2.473   730437.965
  2.259   730437.972
  2.695   730437.979
  2.676   730437.985
  2.517   730437.992
  2.285   730437.999
