  4.229   730400.002
  4.229   730400.002
  3.417   730400.002
  3.417   730400.002
  3.923   730400.009
  3.923   730400.009
  3.488   730400.015
  3.488   730400.015
  4.494   730400.022
  4.494   730400.022
  4.648   730400.030
  4.648   730400.030
  4.229   730400.036
  4.229   730400.036
  4.676   730400.043
  4.676   730400.043
  4.531   730400.050
  4.531   730400.050
  3.926   730400.056
  3.926   730400.056
  5.014   730400.064
  5.014   730400.064
  3.912   730400.072
  3.912   730400.072
  3.945   730400.078
  3.945   730400.078
  4.426   730400.085
  4.426   730400.085
  4.161   730400.092
  4.161   730400.092
  4.363   730400.099
  4.363   730400.099
  3.855   730400.106
  3.855   730400.106
  3.625   730400.113
  3.625   730400.113
  4.143   730400.120
  4.143   730400.120
  3.650   730400.126
  3.650   730400.126
  4.046   730400.133
  4.046   730400.133
  3.930   730400.140
  3.930   730400.140
  4.069   730400.147
  4.069   730400.147
  3.553   730400.155
  3.553   730400.155
  3.481   730400.161
  3.481   730400.161
  4.005   730400.168
  4.005   730400.168
  3.806   730400.175
  3.806   730400.175
  3.798   730400.182
  3.798   730400.182
  4.603   730400.189
  4.603   730400.189
  4.163   730400.197
  4.163   730400.197
 10.035   730400.203
 10.035   730400.203
 11.171   730400.210
 11.171   730400.210
  4.412   730400.217
  4.412   730400.217
  4.324   730400.224
  4.324   730400.224
  4.084   730400.231
  4.084   730400.231
  4.376   730400.238
  4.376   730400.238
  3.984   730400.245
  3.984   730400.245
  4.378   730400.251
  4.378   730400.251
  4.269   730400.259
  4.269   730400.259
  4.372   730400.266
  4.372   730400.266
 30.080   730400.273
 30.080   730400.273
  3.825   730400.280
  3.825   730400.280
  4.570   730400.287
  4.570   730400.287
  3.600   730400.293
  3.600   730400.293
  4.108   730400.300
  4.108   730400.300
  4.191   730400.307
  4.191   730400.307
  4.612   730400.314
  4.612   730400.314
  4.526   730400.322
  4.526   730400.322
  4.496   730400.328
  4.496   730400.328
  4.300   730400.335
  4.300   730400.335
  4.160   730400.342
  4.160   730400.342
  4.287   730400.349
  4.287   730400.349
  3.846   730400.356
  3.846   730400.356
  4.340   730400.364
  4.340   730400.364
  4.654   730400.370
  4.654   730400.370
  3.983   730400.377
  3.983   730400.377
  4.564   730400.384
  4.564   730400.384
  3.992   730400.391
  3.992   730400.391
  3.890   730400.397
  3.890   730400.397
  4.768   730400.405
  4.768   730400.405
  4.301   730400.412
  4.301   730400.412
  4.020   730400.419
  4.020   730400.419
  4.580   730400.425
  4.580   730400.425
  4.312   730400.432
  4.312   730400.432
  4.373   730400.439
  4.373   730400.439
  4.820   730400.447
  4.820   730400.447
  3.916   730400.453
  3.916   730400.453
  4.631   730400.460
  4.631   730400.460
  4.514   730400.467
  4.514   730400.467
  4.593   730400.474
  4.593   730400.474
  4.504   730400.481
  4.504   730400.481
  4.189   730400.488
  4.189   730400.488
  4.113   730400.494
  4.113   730400.494
  4.435   730400.501
  4.435   730400.501
  4.541   730400.508
  4.541   730400.508
  4.043   730400.515
  4.043   730400.515
  4.121   730400.522
  4.121   730400.522
  4.569   730400.530
  4.569   730400.530
  4.502   730400.536
  4.502   730400.536
  4.554   730400.543
  4.554   730400.543
  4.044   730400.550
  4.044   730400.550
  3.840   730400.557
  3.840   730400.557
  4.586   730400.564
  4.586   730400.564
  4.302   730400.572
  4.302   730400.572
  4.391   730400.578
  4.391   730400.578
  3.956   730400.585
  3.956   730400.585
  4.465   730400.592
  4.465   730400.592
  4.364   730400.599
  4.364   730400.599
  4.305   730400.606
  4.305   730400.606
  4.533   730400.613
  4.533   730400.613
  4.706   730400.620
  4.706   730400.620
  5.139   730400.626
  5.139   730400.626
  4.726   730400.633
  4.726   730400.633
  5.244   730400.640
  5.244   730400.640
  4.936   730400.647
  4.936   730400.647
  5.226   730400.655
  5.226   730400.655
  5.676   730400.662
  5.676   730400.662
  4.880   730400.668
  4.880   730400.668
  5.126   730400.676
  5.126   730400.676
  4.857   730400.682
  4.857   730400.682
  4.698   730400.689
  4.698   730400.689
  5.031   730400.698
  5.031   730400.698
  5.098   730400.703
  5.098   730400.703
  4.565   730400.710
  4.565   730400.710
  4.688   730400.717
  4.688   730400.717
  5.072   730400.724
  5.072   730400.724
  4.490   730400.731
  4.490   730400.731
  4.539   730400.739
  4.539   730400.739
  5.104   730400.745
  5.104   730400.745
  4.643   730400.752
  4.643   730400.752
  4.627   730400.759
  4.627   730400.759
  5.099   730400.766
  5.099   730400.766
 20.726   730400.773
 20.726   730400.773
  5.113   730400.780
  5.113   730400.780
  4.645   730400.786
  4.645   730400.786
  4.575   730400.793
  4.575   730400.793
  5.111   730400.800
  5.111   730400.800
  5.247   730400.807
  5.247   730400.807
  4.815   730400.814
  4.815   730400.814
  5.142   730400.822
  5.142   730400.822
  5.070   730400.828
  5.070   730400.828
  5.009   730400.835
  5.009   730400.835
  5.056   730400.842
  5.056   730400.842
  5.034   730400.849
  5.034   730400.849
  4.896   730400.856
  4.896   730400.856
  5.524   730400.863
  5.524   730400.863
  5.478   730400.869
  5.478   730400.869
  5.061   730400.877
  5.061   730400.877
  5.375   730400.883
  5.375   730400.883
  5.329   730400.891
  5.329   730400.891
  4.960   730400.897
  4.960   730400.897
  5.113   730400.905
  5.113   730400.905
  5.634   730400.911
  5.634   730400.911
  5.071   730400.918
  5.071   730400.918
  4.979   730400.925
  4.979   730400.925
  6.094   730400.932
  6.094   730400.932
  6.091   730400.939
  6.091   730400.939
  4.914   730400.947
  4.914   730400.947
  5.426   730400.953
  5.426   730400.953
  6.086   730400.960
  6.086   730400.960
  4.397   730400.967
  4.397   730400.967
  5.730   730400.974
  5.730   730400.974
  5.522   730400.981
  5.522   730400.981
  5.673   730400.988
  5.673   730400.988
  5.481   730400.995
  5.481   730400.995
