  1.129   730400.002
  0.649   730400.002
  1.097   730400.008
  1.172   730400.015
  1.234   730400.022
  1.184   730400.030
  1.190   730400.036
  1.106   730400.043
  1.246   730400.050
  1.144   730400.056
  1.262   730400.064
  1.215   730400.071
  1.256   730400.077
  0.358   730400.084
  0.998   730400.084
  1.220   730400.091
  1.092   730400.098
  1.174   730400.105
  1.159   730400.113
  1.176   730400.119
  1.248   730400.126
  1.179   730400.133
  1.539   730400.140
  1.625   730400.147
  1.248   730400.154
  1.118   730400.161
  1.170   730400.168
  1.080   730400.175
  1.044   730400.182
  1.162   730400.189
  1.168   730400.196
  1.143   730400.202
  1.482   730400.210
  1.121   730400.216
  1.110   730400.223
  1.176   730400.230
  1.030   730400.238
  0.983   730400.244
  1.028   730400.251
  0.999   730400.258
  0.958   730400.265
  1.026   730400.272
  0.959   730400.280
  0.933   730400.286
  0.982   730400.293
  1.012   730400.300
  0.949   730400.307
  0.920   730400.314
  0.884   730400.321
  1.046   730400.327
  0.951   730400.335
  0.917   730400.342
  1.049   730400.348
  0.914   730400.355
  0.989   730400.363
  0.991   730400.369
  1.000   730400.376
  1.073   730400.383
  0.930   730400.390
  1.029   730400.397
  1.087   730400.404
  5.047   730400.411
  1.148   730400.418
  0.991   730400.425
  1.210   730400.432
  1.195   730400.439
  1.016   730400.447
  1.092   730400.453
  1.089   730400.460
  1.194   730400.466
  1.198   730400.473
  1.207   730400.480
  1.158   730400.488
  1.123   730400.494
  1.167   730400.501
  1.246   730400.508
  1.218   730400.515
  1.037   730400.522
  1.259   730400.529
  1.379   730400.536
  1.366   730400.543
  1.262   730400.550
  1.327   730400.557
  1.249   730400.564
  1.390   730400.571
  1.285   730400.577
  1.268   730400.584
  1.418   730400.591
  1.147   730400.598
  1.270   730400.605
  1.245   730400.613
  1.374   730400.619
  1.339   730400.626
  1.324   730400.633
  1.335   730400.640
  2.055   730400.647
  1.215   730400.654
  1.242   730400.661
  1.280   730400.668
  1.038   730400.675
  1.283   730400.682
  1.114   730400.689
  1.352   730400.697
  1.181   730400.703
  1.279   730400.709
  1.211   730400.717
  1.037   730400.724
  1.179   730400.731
  1.170   730400.738
  1.178   730400.744
  1.021   730400.751
  1.214   730400.758
  0.930   730400.765
  1.139   730400.772
  1.075   730400.780
  1.064   730400.786
  0.980   730400.793
  1.127   730400.800
  1.179   730400.807
  1.110   730400.814
  1.161   730400.821
  1.119   730400.827
  1.114   730400.834
  1.094   730400.841
  1.158   730400.849
  1.221   730400.855
  1.273   730400.863
  1.089   730400.869
  1.273   730400.876
  1.166   730400.883
  1.106   730400.890
  2.655   730400.897
  1.136   730400.904
  1.263   730400.911
  1.042   730400.918
  1.225   730400.925
  1.133   730400.932
  1.180   730400.939
  1.234   730400.946
  1.148   730400.953
  1.260   730400.960
  1.190   730400.967
  1.322   730400.973
  1.248   730400.980
  1.327   730400.988
  1.195   730400.994
