  1.200   730051.000
  1.370   730051.010
  1.270   730051.010
  1.130   730051.020
  1.270   730051.030
  1.210   730051.040
  1.330   730051.050
  1.150   730051.060
  1.150   730051.070
  1.260   730051.080
  1.275   730051.086
  1.353   730051.098
  1.499   730051.118
  1.310   730051.130
  1.321   730051.153
  1.331   730051.160
  1.123   730051.167
  1.229   730051.174
  1.301   730051.183
  1.222   730051.189
  1.228   730051.195
  1.154   730051.202
  1.255   730051.209
  1.231   730051.216
  1.174   730051.223
  1.106   730051.230
  1.229   730051.236
  1.220   730051.243
  1.149   730051.250
  1.095   730051.257
  1.115   730051.264
  1.201   730051.271
  1.124   730051.278
  1.182   730051.285
  1.185   730051.292
  1.173   730051.299
  1.247   730051.306
  1.286   730051.312
  1.220   730051.319
  1.195   730051.326
  1.173   730051.333
  1.188   730051.340
  1.268   730051.347
  1.249   730051.354
  1.194   730051.372
  1.175   730051.392
  1.107   730051.415
  1.181   730051.427
  1.037   730051.444
  1.210   730051.454
  1.102   730051.465
  1.125   730051.472
  1.160   730051.479
  1.075   730051.486
  1.121   730051.493
  1.164   730051.500
  1.131   730051.507
  1.223   730051.514
  1.167   730051.521
  1.761   730051.528
  1.101   730051.535
  1.120   730051.542
  1.110   730051.549
  1.082   730051.556
  4.050   730051.562
  1.492   730051.569
  1.211   730051.576
  1.179   730051.583
  1.103   730051.590
  1.247   730051.597
  1.270   730051.604
  1.254   730051.611
  1.152   730051.618
  3.002   730051.625
  1.208   730051.632
  1.105   730051.639
  1.117   730051.646
  1.079   730051.653
  1.230   730051.660
  1.152   730051.667
  1.138   730051.674
  1.258   730051.681
  1.260   730051.688
  1.030   730051.694
  1.163   730051.701
  1.070   730051.708
  1.074   730051.715
  1.035   730051.722
  1.081   730051.729
  1.099   730051.736
  0.914   730051.743
  1.041   730051.750
  1.058   730051.757
  1.047   730051.766
  0.902   730051.772
  0.995   730051.778
  0.995   730051.785
  0.943   730051.792
  1.003   730051.799
    NaN   730051.806
    NaN   730051.812
  1.064   730051.819
  0.969   730051.827
  1.046   730051.834
  1.023   730051.842
  1.000   730051.849
  0.992   730051.856
  1.033   730051.863
  1.017   730051.869
  1.024   730051.876
  0.861   730051.883
  0.989   730051.890
  0.977   730051.897
  0.959   730051.904
  0.881   730051.911
  0.965   730051.918
  0.984   730051.925
  0.889   730051.932
  0.976   730051.939
  0.904   730051.946
  0.980   730051.953
  0.934   730051.960
  0.999   730051.967
  0.919   730051.974
  0.883   730051.981
  0.870   730051.988
  0.948   730051.994
