  0.050   730051.000
  0.040   730051.000
  0.040   730051.010
  0.040   730051.020
  0.050   730051.020
  0.040   730051.030
  0.040   730051.050
  0.040   730051.050
  0.040   730051.060
  0.044   730051.073
  0.085   730051.080
  0.040   730051.094
  0.040   730051.101
  0.042   730051.115
  0.040   730051.122
  0.037   730051.135
  0.035   730051.149
  0.036   730051.156
  0.039   730051.163
  0.040   730051.170
  0.037   730051.177
  0.038   730051.184
  0.045   730051.191
  0.038   730051.198
  0.042   730051.205
  0.047   730051.212
  0.050   730051.219
  0.049   730051.226
  0.041   730051.233
  0.047   730051.240
  0.046   730051.247
  0.049   730051.253
  0.050   730051.260
  0.054   730051.267
  0.049   730051.274
  0.052   730051.281
  0.047   730051.288
  0.047   730051.295
  0.048   730051.302
  0.048   730051.309
  0.049   730051.316
  0.042   730051.323
  0.050   730051.330
  0.048   730051.337
  0.048   730051.344
  0.046   730051.351
  0.039   730051.365
  0.049   730051.381
  0.045   730051.406
  0.044   730051.420
  0.071   730051.435
  0.097   730051.448
  0.046   730051.462
  0.044   730051.469
  0.049   730051.476
  0.053   730051.483
  0.048   730051.490
  0.049   730051.497
  0.046   730051.503
  0.046   730051.510
  0.050   730051.517
  0.049   730051.524
  0.053   730051.531
  0.050   730051.538
  0.051   730051.545
  0.042   730051.552
  0.047   730051.559
  0.052   730051.566
  0.055   730051.573
  0.054   730051.580
  0.050   730051.587
  0.050   730051.594
  0.051   730051.601
  0.055   730051.608
  0.050   730051.615
  0.051   730051.622
  0.050   730051.628
  0.052   730051.635
  0.050   730051.642
  0.053   730051.649
  0.049   730051.656
  0.045   730051.663
  0.050   730051.670
  0.050   730051.677
  0.063   730051.684
  0.058   730051.691
  0.047   730051.698
  0.049   730051.705
  0.050   730051.712
  0.051   730051.719
  0.053   730051.726
  0.053   730051.733
  0.052   730051.740
  0.057   730051.747
  0.065   730051.753
  0.051   730051.760
  0.114   730051.767
  0.100   730051.774
  0.055   730051.781
  0.052   730051.788
  0.055   730051.795
  0.059   730051.802
  0.063   730051.809
  0.058   730051.816
  0.058   730051.823
  0.059   730051.830
  0.057   730051.837
  0.056   730051.844
  0.053   730051.851
  0.058   730051.858
  0.054   730051.865
  0.055   730051.872
  0.058   730051.878
  0.057   730051.885
  0.055   730051.892
  0.055   730051.899
  0.059   730051.906
  0.056   730051.913
  0.057   730051.920
  0.060   730051.927
  0.060   730051.934
  0.066   730051.941
  0.071   730051.948
  0.061   730051.955
  0.067   730051.962
  0.067   730051.969
  0.073   730051.976
  0.067   730051.983
  0.072   730051.990
  0.069   730051.997
