  0.450   730051.000
  0.450   730051.010
  0.480   730051.010
  1.730   730051.020
  2.600   730051.030
  0.540   730051.040
  0.530   730051.050
  0.540   730051.050
  0.430   730051.060
    NaN   730051.075
    NaN   730051.084
  0.469   730051.096
  0.469   730051.126
  0.704   730051.140
  0.527   730051.151
  0.501   730051.158
  0.481   730051.165
  0.437   730051.172
  0.473   730051.179
  0.488   730051.187
  0.474   730051.193
  0.498   730051.200
  0.481   730051.207
  0.490   730051.214
  0.497   730051.221
  0.619   730051.228
  0.463   730051.234
  0.448   730051.241
  0.481   730051.248
  0.461   730051.255
  0.450   730051.262
  0.514   730051.269
  0.425   730051.276
  0.427   730051.283
  0.448   730051.290
  0.440   730051.297
  0.423   730051.303
  0.442   730051.310
  0.420   730051.318
  1.428   730051.324
  0.511   730051.331
  0.418   730051.338
  0.417   730051.345
  0.448   730051.352
  0.395   730051.366
  0.404   730051.386
  0.420   730051.410
  0.395   730051.425
  0.437   730051.441
  0.429   730051.452
  0.524   730051.464
  0.717   730051.470
  0.600   730051.477
  1.285   730051.484
  0.373   730051.491
  0.406   730051.498
  0.411   730051.505
  0.399   730051.512
  0.399   730051.519
  0.364   730051.526
  0.382   730051.533
  0.397   730051.540
  0.444   730051.547
  0.458   730051.553
  0.404   730051.560
  0.419   730051.568
  0.425   730051.574
    NaN   730051.581
  0.422   730051.588
  0.402   730051.595
  0.420   730051.602
  0.364   730051.609
  0.369   730051.616
  0.433   730051.623
  0.428   730051.630
  0.422   730051.637
  0.417   730051.644
  0.422   730051.651
  0.421   730051.658
  0.442   730051.665
  0.431   730051.672
  0.358   730051.678
  0.404   730051.685
  0.398   730051.692
  0.420   730051.699
  0.407   730051.707
  0.389   730051.713
  0.439   730051.720
  0.440   730051.727
  0.454   730051.734
  0.440   730051.741
  0.448   730051.749
  0.427   730051.756
  0.448   730051.762
  0.446   730051.769
  0.464   730051.776
  0.503   730051.783
  0.445   730051.790
  0.474   730051.797
  0.463   730051.804
  0.452   730051.811
  0.461   730051.818
  0.419   730051.825
  0.494   730051.832
  0.453   730051.839
  0.434   730051.847
  0.444   730051.853
  0.430   730051.860
  0.418   730051.867
  0.429   730051.874
  0.493   730051.881
  0.472   730051.888
  0.429   730051.895
  0.424   730051.902
  0.480   730051.909
  0.430   730051.916
  0.445   730051.923
  0.406   730051.930
  0.454   730051.937
  0.445   730051.944
  0.438   730051.951
  0.451   730051.958
  0.430   730051.965
  0.434   730051.972
  0.484   730051.978
  0.475   730051.985
  0.474   730051.992
  0.498   730051.999
