  0.139   730376.000
  0.038   730376.000
  0.155   730376.007
  0.165   730376.014
  0.159   730376.021
  0.163   730376.028
  0.165   730376.035
  0.163   730376.042
  0.184   730376.049
  0.201   730376.056
  0.185   730376.063
  0.186   730376.070
  0.192   730376.077
  0.213   730376.084
  0.212   730376.091
  0.206   730376.098
  0.188   730376.105
  0.211   730376.112
  0.201   730376.118
  0.181   730376.125
  0.221   730376.132
  0.207   730376.139
  0.184   730376.146
  0.232   730376.153
  0.240   730376.160
  0.196   730376.167
  0.205   730376.174
  0.200   730376.181
  0.231   730376.188
  0.222   730376.195
  0.247   730376.202
  0.228   730376.209
  0.212   730376.216
  0.224   730376.223
  0.262   730376.230
  0.268   730376.237
  0.275   730376.243
  0.256   730376.250
  0.260   730376.257
  0.277   730376.264
  0.239   730376.271
  0.299   730376.278
  0.251   730376.285
  0.233   730376.292
  0.226   730376.299
  8.740   730376.306
  0.205   730376.313
  0.203   730376.320
  0.193   730376.327
  0.181   730376.334
  0.172   730376.341
  0.176   730376.348
  0.183   730376.354
  0.186   730376.362
  0.181   730376.368
  0.228   730376.375
  0.233   730376.382
  0.206   730376.389
  0.205   730376.396
  0.201   730376.404
  0.205   730376.410
  0.184   730376.417
  0.232   730376.424
  0.236   730376.431
  0.223   730376.438
  0.199   730376.445
  0.191   730376.452
  0.231   730376.459
  0.226   730376.466
  0.216   730376.473
  0.150   730376.480
  0.186   730376.487
  0.182   730376.493
  0.179   730376.500
  0.168   730376.507
  0.161   730376.514
  0.151   730376.521
  0.163   730376.528
  0.163   730376.535
  0.142   730376.542
  0.126   730376.549
  0.119   730376.556
  0.119   730376.563
  0.102   730376.570
  0.107   730376.577
  0.116   730376.584
  0.096   730376.591
  0.089   730376.598
  0.085   730376.605
  0.075   730376.612
  0.082   730376.618
  0.079   730376.625
  0.077   730376.632
  0.083   730376.639
  0.084   730376.646
  0.075   730376.653
  0.078   730376.660
  0.101   730376.667
  0.074   730376.766
  0.064   730376.771
  0.072   730376.778
  0.069   730376.785
  0.088   730376.792
  0.072   730376.799
  7.379   730376.806
  0.061   730376.813
  0.065   730376.820
  0.073   730376.824
  0.069   730376.827
  0.065   730376.834
  0.071   730376.841
  0.071   730376.847
  0.080   730376.854
  0.082   730376.861
  0.123   730376.868
  0.094   730376.875
  0.083   730376.882
  0.065   730376.889
  0.101   730376.896
  0.084   730376.903
  0.084   730376.910
  0.078   730376.917
  0.098   730376.924
  0.081   730376.931
  0.082   730376.938
  0.086   730376.945
  0.087   730376.952
  0.079   730376.959
  0.084   730376.966
  0.085   730376.972
  0.067   730376.979
  0.075   730376.986
  0.076   730376.994
