  0.445   730376.001
  0.208   730376.001
  0.482   730376.008
  0.490   730376.015
  0.528   730376.022
  0.502   730376.029
  0.544   730376.035
  0.500   730376.043
  0.553   730376.050
  0.426   730376.056
  0.522   730376.063
  0.594   730376.071
  0.525   730376.077
  0.518   730376.084
  0.505   730376.091
  0.553   730376.098
  0.544   730376.105
  0.497   730376.112
  0.520   730376.119
  0.502   730376.126
  0.433   730376.133
  0.676   730376.140
  3.059   730376.147
  0.523   730376.154
  0.553   730376.160
  0.496   730376.167
  3.981   730376.174
  0.494   730376.181
  0.478   730376.188
  0.526   730376.196
  0.544   730376.202
  0.555   730376.209
  0.544   730376.216
  0.585   730376.223
  0.548   730376.230
  0.497   730376.237
  0.466   730376.244
  0.466   730376.251
  0.552   730376.258
  0.478   730376.265
  0.535   730376.272
  0.476   730376.279
  0.466   730376.285
  0.469   730376.292
  0.454   730376.299
  0.499   730376.306
  0.453   730376.313
  0.476   730376.321
  0.442   730376.327
  0.409   730376.334
  0.453   730376.341
  0.420   730376.348
  0.405   730376.355
  0.405   730376.362
  0.395   730376.369
  0.370   730376.376
  0.338   730376.383
  0.402   730376.390
  0.336   730376.397
  0.307   730376.404
  0.345   730376.410
  0.333   730376.417
  0.297   730376.424
  0.308   730376.431
  0.305   730376.438
  0.293   730376.446
  0.296   730376.452
  0.276   730376.459
  0.257   730376.466
  0.282   730376.473
  0.262   730376.480
  0.261   730376.487
  0.260   730376.494
  0.235   730376.501
  0.266   730376.508
  0.234   730376.515
  0.267   730376.522
  0.207   730376.529
  0.271   730376.535
  0.197   730376.542
  0.200   730376.549
  0.227   730376.556
  0.221   730376.563
  0.222   730376.571
  0.233   730376.577
  0.222   730376.584
  0.203   730376.591
  0.200   730376.598
  0.225   730376.605
  0.205   730376.612
  0.210   730376.619
  0.216   730376.626
  0.225   730376.633
  0.537   730376.640
  1.781   730376.647
  0.198   730376.654
  4.828   730376.660
  0.187   730376.667
  0.236   730376.766
  0.235   730376.771
  0.231   730376.778
  0.222   730376.785
  0.232   730376.792
  0.256   730376.799
  0.267   730376.806
  0.295   730376.814
  0.235   730376.820
  0.227   730376.825
  0.279   730376.827
  0.296   730376.834
  0.287   730376.841
  0.267   730376.848
  0.276   730376.855
  0.313   730376.862
  0.331   730376.869
  0.313   730376.876
  0.328   730376.883
  0.344   730376.890
  0.293   730376.897
  0.334   730376.903
  0.326   730376.910
  0.347   730376.917
  0.328   730376.924
  0.317   730376.931
  0.384   730376.938
  0.314   730376.945
  0.335   730376.952
  0.322   730376.959
  0.362   730376.966
  0.339   730376.973
  0.319   730376.980
  0.329   730376.987
  0.292   730376.994
