  0.178   730376.001
  0.036   730376.001
  0.179   730376.008
  0.171   730376.014
  0.174   730376.021
  0.153   730376.029
  0.171   730376.035
  0.169   730376.042
  0.169   730376.049
  0.154   730376.056
  0.181   730376.063
  1.634   730376.070
  0.185   730376.077
  0.191   730376.084
  0.182   730376.091
  0.180   730376.098
  0.193   730376.105
  0.201   730376.112
  0.222   730376.119
  0.176   730376.126
  0.206   730376.132
  0.216   730376.139
  0.208   730376.146
  0.229   730376.154
  0.205   730376.160
  0.209   730376.167
  0.229   730376.174
  0.219   730376.181
  0.207   730376.188
  0.193   730376.195
  0.206   730376.202
  0.204   730376.209
  0.225   730376.216
  0.203   730376.223
  0.198   730376.230
  0.201   730376.237
  0.208   730376.244
  0.187   730376.250
  0.189   730376.257
  0.161   730376.264
  0.174   730376.271
  0.180   730376.279
  0.172   730376.285
  0.157   730376.292
  0.168   730376.299
  0.160   730376.306
  0.156   730376.313
  0.128   730376.320
  0.147   730376.327
  0.130   730376.334
  0.131   730376.341
  0.135   730376.348
  0.135   730376.355
  0.113   730376.362
  0.134   730376.369
  0.114   730376.375
  0.120   730376.382
  0.122   730376.389
  0.112   730376.396
  0.114   730376.404
  0.122   730376.410
  0.121   730376.417
  0.110   730376.424
  0.113   730376.431
  0.092   730376.438
  0.097   730376.445
  0.101   730376.452
  0.101   730376.459
  0.093   730376.466
  0.099   730376.473
  0.097   730376.480
  0.082   730376.487
  0.094   730376.494
  0.087   730376.500
  0.103   730376.507
  0.087   730376.514
  0.095   730376.521
  0.079   730376.529
  0.086   730376.535
  0.079   730376.542
  0.080   730376.549
  0.071   730376.556
  0.075   730376.563
  1.713   730376.570
  0.073   730376.577
  0.067   730376.584
  0.081   730376.591
  0.079   730376.598
  0.074   730376.605
  0.070   730376.612
  0.073   730376.619
  0.080   730376.625
  0.066   730376.632
  0.067   730376.639
  0.067   730376.646
  0.063   730376.654
  0.081   730376.660
  0.065   730376.667
  0.062   730376.766
  0.069   730376.771
  0.074   730376.778
  0.068   730376.785
  0.060   730376.792
  0.065   730376.799
  0.066   730376.806
  0.102   730376.814
  0.068   730376.820
  0.060   730376.824
  0.070   730376.827
  0.061   730376.834
  0.067   730376.841
  0.076   730376.848
  0.068   730376.855
  0.060   730376.862
  0.071   730376.868
  0.073   730376.875
  0.077   730376.882
  0.074   730376.889
  0.059   730376.896
  0.217   730376.903
  0.061   730376.910
  0.068   730376.917
  0.069   730376.924
  0.068   730376.931
  0.064   730376.938
  0.061   730376.945
  0.066   730376.952
  0.072   730376.959
  0.440   730376.966
  0.071   730376.973
  0.073   730376.980
  0.080   730376.987
  0.073   730376.994
