  0.068   730376.000
  0.075   730376.007
  0.098   730376.014
  0.084   730376.021
  0.091   730376.028
  0.073   730376.035
  0.074   730376.042
  0.075   730376.049
  0.072   730376.055
  0.084   730376.063
  0.075   730376.070
  0.081   730376.076
  0.086   730376.083
  0.091   730376.090
  0.085   730376.097
  0.089   730376.104
  0.091   730376.111
  0.107   730376.118
  0.078   730376.125
  0.082   730376.132
  0.073   730376.139
  0.086   730376.146
  0.085   730376.153
  0.086   730376.160
  0.074   730376.167
  0.068   730376.174
  0.077   730376.181
  0.073   730376.188
  0.075   730376.195
  0.080   730376.201
  0.083   730376.208
  0.077   730376.215
  0.074   730376.222
  0.073   730376.229
  0.066   730376.236
  0.066   730376.243
  0.070   730376.250
  0.067   730376.257
  0.064   730376.264
  0.079   730376.271
  0.078   730376.278
  0.075   730376.285
  0.063   730376.292
  0.071   730376.299
  0.074   730376.306
  0.070   730376.313
  0.067   730376.320
  0.080   730376.326
  0.075   730376.333
  0.062   730376.340
  0.066   730376.347
  0.067   730376.354
  0.094   730376.361
  0.073   730376.368
  0.062   730376.375
  0.070   730376.382
  0.072   730376.389
  0.071   730376.396
  0.069   730376.403
  0.060   730376.410
  0.067   730376.417
  0.063   730376.424
  0.057   730376.431
  0.058   730376.438
  0.063   730376.445
  0.063   730376.451
  0.063   730376.459
  0.066   730376.465
  0.105   730376.472
  0.061   730376.479
  0.058   730376.486
  0.064   730376.493
  0.058   730376.500
  0.077   730376.507
  0.062   730376.514
  0.057   730376.521
  0.056   730376.528
  0.053   730376.535
  0.055   730376.542
  0.073   730376.549
  0.055   730376.556
  0.059   730376.563
  0.065   730376.570
  0.061   730376.576
  0.065   730376.583
  0.055   730376.590
  0.060   730376.597
  0.062   730376.604
  0.057   730376.611
  0.060   730376.618
  0.060   730376.625
  0.060   730376.632
  0.062   730376.639
  0.057   730376.646
  0.062   730376.653
  0.064   730376.660
  0.055   730376.667
  0.079   730376.766
  0.060   730376.771
  0.063   730376.778
  0.080   730376.785
  0.071   730376.792
  0.062   730376.799
  0.065   730376.806
  0.089   730376.813
  0.101   730376.820
  0.077   730376.824
  0.076   730376.826
  0.093   730376.833
  0.079   730376.840
  0.072   730376.847
  0.067   730376.854
  0.111   730376.861
  0.080   730376.868
  0.068   730376.875
  0.086   730376.882
  0.083   730376.889
  0.095   730376.896
  0.096   730376.903
  0.099   730376.910
  0.087   730376.917
  0.105   730376.924
  0.098   730376.931
  0.102   730376.937
  0.148   730376.944
  0.085   730376.951
  0.087   730376.958
  0.095   730376.965
  0.074   730376.972
  0.096   730376.979
  0.082   730376.986
  0.121   730376.993
