  0.109   730376.001
  0.038   730376.001
  0.107   730376.008
  0.101   730376.014
  0.129   730376.021
  0.116   730376.029
  0.128   730376.035
  2.985   730376.042
  0.120   730376.049
  0.125   730376.056
  0.126   730376.063
  0.113   730376.070
  0.124   730376.077
  0.114   730376.084
  0.134   730376.091
  0.115   730376.098
  0.115   730376.105
  0.120   730376.112
  0.113   730376.119
  0.112   730376.126
  0.110   730376.132
  0.120   730376.139
  0.124   730376.146
  0.101   730376.154
  0.098   730376.160
  0.117   730376.167
  0.132   730376.174
  0.123   730376.181
  0.111   730376.188
  0.097   730376.195
  0.118   730376.202
  0.107   730376.209
  0.116   730376.216
  0.126   730376.223
  0.124   730376.230
  0.137   730376.237
  0.111   730376.244
  0.128   730376.250
  0.101   730376.257
  0.126   730376.264
  0.122   730376.271
  0.118   730376.279
  0.128   730376.285
  0.109   730376.292
  0.126   730376.299
  0.115   730376.306
  0.118   730376.313
  0.123   730376.320
  0.118   730376.327
  0.109   730376.334
  0.132   730376.341
  0.122   730376.348
  0.123   730376.355
  0.123   730376.362
  0.113   730376.369
  0.277   730376.375
  0.306   730376.382
  0.163   730376.389
  0.176   730376.396
  0.180   730376.404
  0.148   730376.410
  1.888   730376.417
  0.126   730376.424
  0.130   730376.431
  0.123   730376.438
  0.129   730376.445
  0.144   730376.452
  0.133   730376.459
  0.132   730376.466
  0.132   730376.473
  0.140   730376.480
  0.133   730376.487
  0.137   730376.494
  0.136   730376.500
  0.170   730376.507
  0.126   730376.514
  0.128   730376.521
  4.429   730376.529
  0.154   730376.535
  0.142   730376.542
  0.152   730376.549
  0.139   730376.556
  0.135   730376.563
  0.155   730376.570
  0.119   730376.577
  0.130   730376.584
  0.166   730376.591
  0.121   730376.598
  0.136   730376.605
  0.130   730376.612
  0.130   730376.619
  0.131   730376.625
  0.129   730376.632
  0.141   730376.639
  0.138   730376.646
  0.132   730376.654
  0.139   730376.660
  0.133   730376.667
  0.136   730376.766
  0.140   730376.771
  0.136   730376.778
  0.139   730376.785
  0.149   730376.792
  0.157   730376.799
  0.144   730376.806
  0.138   730376.814
  0.161   730376.820
  0.141   730376.824
  0.147   730376.827
  0.140   730376.834
  0.145   730376.841
  0.140   730376.848
  0.148   730376.855
  0.143   730376.862
  0.163   730376.868
  0.134   730376.875
  0.131   730376.882
  0.128   730376.889
  0.129   730376.896
  0.139   730376.903
  0.132   730376.910
  1.333   730376.917
  0.137   730376.924
  0.132   730376.931
  0.131   730376.938
  0.119   730376.945
  0.138   730376.952
  0.117   730376.959
  0.127   730376.966
  0.120   730376.973
  0.118   730376.980
  0.119   730376.987
  0.091   730376.994
