  0.119   730376.001
  0.058   730376.001
  0.110   730376.008
  0.119   730376.015
  0.137   730376.022
  0.113   730376.029
  0.117   730376.035
  0.118   730376.043
  0.114   730376.050
  0.104   730376.056
  0.124   730376.063
  0.115   730376.071
  0.106   730376.077
  0.113   730376.084
  0.109   730376.091
  0.111   730376.098
  0.098   730376.105
  0.098   730376.112
  0.119   730376.119
  0.109   730376.126
  0.110   730376.133
  0.097   730376.140
  0.109   730376.147
  0.120   730376.154
  0.113   730376.160
  0.095   730376.167
  0.104   730376.174
  0.100   730376.181
  0.113   730376.188
  0.111   730376.196
  0.113   730376.202
  0.105   730376.209
  0.106   730376.216
  0.110   730376.223
  0.105   730376.230
  0.111   730376.237
  0.112   730376.244
  0.094   730376.251
  0.096   730376.258
  0.105   730376.265
  0.116   730376.272
  0.109   730376.279
  0.113   730376.285
  0.104   730376.292
  0.118   730376.299
  0.105   730376.306
  0.102   730376.313
  0.096   730376.321
  0.103   730376.327
  0.107   730376.334
  0.096   730376.341
  0.092   730376.348
  0.103   730376.355
  0.107   730376.362
  0.094   730376.369
  0.098   730376.376
  0.093   730376.383
  0.114   730376.390
  0.109   730376.397
  0.097   730376.404
  0.098   730376.410
  0.098   730376.417
  0.108   730376.424
  4.809   730376.431
  0.101   730376.438
  0.097   730376.446
  0.096   730376.452
  0.095   730376.459
  0.110   730376.466
  0.116   730376.473
  0.105   730376.480
  0.102   730376.487
  0.095   730376.494
  0.109   730376.501
  0.118   730376.508
  0.101   730376.515
  0.110   730376.522
  0.100   730376.529
  0.103   730376.535
  0.101   730376.542
  0.108   730376.549
  0.107   730376.556
  0.111   730376.563
  0.115   730376.571
  0.116   730376.577
  0.103   730376.584
  0.111   730376.591
  0.097   730376.598
  0.113   730376.605
  0.115   730376.612
  0.111   730376.619
  0.107   730376.626
  0.114   730376.633
  0.105   730376.640
  0.110   730376.647
  0.102   730376.654
  0.111   730376.660
  0.112   730376.667
  0.115   730376.766
  0.107   730376.771
  0.095   730376.778
  0.109   730376.785
  0.115   730376.792
  0.103   730376.799
  0.103   730376.806
  0.115   730376.814
  0.119   730376.820
  0.112   730376.825
  0.110   730376.827
  0.119   730376.834
  0.128   730376.841
  0.127   730376.848
  0.119   730376.855
  0.109   730376.862
  0.115   730376.869
  0.124   730376.876
  0.114   730376.883
  0.120   730376.890
  0.119   730376.897
  0.109   730376.903
  0.109   730376.910
  0.112   730376.917
  0.111   730376.924
  5.226   730376.931
  0.112   730376.938
  0.110   730376.945
  0.108   730376.952
  0.104   730376.959
  0.116   730376.966
  0.096   730376.973
  0.108   730376.980
  0.091   730376.987
  0.112   730376.994
