  0.122   730376.000
  0.112   730376.007
  0.365   730376.014
  0.119   730376.021
  0.140   730376.028
 12.293   730376.035
  0.140   730376.042
  0.133   730376.049
  0.163   730376.055
  0.133   730376.063
  0.186   730376.070
  0.127   730376.076
  0.116   730376.083
  0.117   730376.090
  0.118   730376.097
  0.131   730376.104
  0.119   730376.111
  0.337   730376.118
  0.125   730376.125
  0.113   730376.132
  0.121   730376.139
  0.124   730376.146
  0.368   730376.153
  0.112   730376.160
  0.126   730376.167
  0.129   730376.174
  0.152   730376.181
  0.143   730376.188
  0.124   730376.195
  0.122   730376.201
  0.123   730376.208
  0.124   730376.215
  0.110   730376.222
  0.118   730376.229
  0.110   730376.236
  0.132   730376.243
  0.121   730376.250
  0.120   730376.257
  0.114   730376.264
  0.130   730376.271
  0.095   730376.278
  0.106   730376.285
  0.094   730376.292
  0.118   730376.299
  0.122   730376.306
  0.127   730376.313
  0.107   730376.320
  0.118   730376.326
  0.112   730376.333
  0.114   730376.340
  0.107   730376.347
  0.117   730376.354
  0.107   730376.361
  0.106   730376.368
  0.109   730376.375
  0.126   730376.382
  0.102   730376.389
  0.121   730376.396
  0.109   730376.403
  0.120   730376.410
  0.113   730376.417
  0.115   730376.424
  0.107   730376.431
  0.113   730376.438
  0.130   730376.445
  0.118   730376.451
  0.114   730376.459
  0.121   730376.465
  0.118   730376.472
  0.108   730376.479
  0.104   730376.486
  0.112   730376.493
  0.106   730376.500
  0.135   730376.507
  0.107   730376.514
  0.120   730376.521
  0.109   730376.528
 12.377   730376.535
  0.116   730376.542
  0.119   730376.549
  0.124   730376.556
  0.121   730376.563
  0.216   730376.570
  0.116   730376.576
  0.109   730376.583
  0.109   730376.590
  0.122   730376.597
  0.118   730376.604
  0.110   730376.611
  0.119   730376.618
  0.101   730376.625
  0.384   730376.632
  0.095   730376.639
  0.126   730376.646
  0.116   730376.653
  0.120   730376.660
  0.105   730376.667
  0.168   730376.766
  0.103   730376.771
  0.715   730376.778
  0.092   730376.785
  0.098   730376.792
  0.087   730376.799
  0.527   730376.806
  0.106   730376.813
  0.105   730376.820
  0.090   730376.824
  0.100   730376.826
  0.102   730376.833
  0.087   730376.840
  0.096   730376.847
  0.104   730376.854
  0.092   730376.861
  0.099   730376.868
  0.091   730376.875
  0.097   730376.882
  0.095   730376.889
  0.092   730376.896
  0.107   730376.903
  0.110   730376.910
  0.093   730376.917
  0.102   730376.924
  0.095   730376.931
  0.094   730376.937
  0.106   730376.944
  0.102   730376.951
  0.102   730376.958
  0.102   730376.965
  0.093   730376.972
  0.103   730376.979
  0.085   730376.986
  0.106   730376.993
