  0.760   729805.000
  0.660   729805.000
  0.720   729805.010
  0.680   729805.020
  0.740   729805.020
  0.680   729805.030
  0.770   729805.040
  0.730   729805.050
  0.710   729805.050
  0.720   729805.060
  0.670   729805.070
  0.750   729805.070
  0.750   729805.080
  0.770   729805.090
  0.690   729805.090
  0.710   729805.100
  0.730   729805.110
  0.690   729805.110
  0.780   729805.120
  0.670   729805.130
  0.700   729805.140
  0.690   729805.140
  0.640   729805.150
  0.700   729805.160
  0.700   729805.160
  0.700   729805.170
  0.720   729805.180
  0.610   729805.180
  0.740   729805.190
  0.690   729805.200
  0.680   729805.200
  0.610   729805.210
  0.690   729805.220
  0.700   729805.230
  0.710   729805.230
  0.690   729805.240
  0.640   729805.250
  0.650   729805.250
  0.650   729805.260
  0.660   729805.270
  0.730   729805.270
  0.690   729805.280
  0.600   729805.290
  0.630   729805.300
  0.710   729805.300
  0.630   729805.310
  0.700   729805.320
  0.720   729805.320
  0.690   729805.330
  0.640   729805.340
  0.650   729805.340
  0.600   729805.350
  0.640   729805.360
  0.640   729805.360
  0.610   729805.370
  0.670   729805.380
  0.640   729805.390
  0.610   729805.390
  0.610   729805.400
  0.610   729805.410
    NaN   729805.410
  0.670   729805.420
  0.620   729805.430
  0.610   729805.430
  0.710   729805.440
  0.650   729805.450
  0.630   729805.450
  0.670   729805.460
  0.620   729805.470
  0.600   729805.480
  0.540   729805.480
  0.570   729805.490
  0.560   729805.500
  0.610   729805.500
  0.580   729805.510
  0.530   729805.520
  0.560   729805.520
  0.560   729805.530
  0.550   729805.540
  0.580   729805.550
  0.530   729805.550
  0.540   729805.560
  0.560   729805.570
  0.600   729805.570
  1.480   729805.580
  0.560   729805.590
  1.420   729805.590
  1.590   729805.600
  0.540   729805.610
  0.570   729805.610
  1.330   729805.620
  0.600   729805.630
  0.990   729805.640
  1.070   729805.640
  0.670   729805.650
  0.640   729805.660
  0.560   729805.660
  0.520   729805.670
  0.690   729805.680
  0.550   729805.680
  0.560   729805.690
  0.590   729805.700
  0.730   729805.700
  0.710   729805.710
  0.560   729805.720
  0.610   729805.730
  0.600   729805.730
  0.590   729805.740
  0.580   729805.750
  0.640   729805.750
  0.660   729805.760
  0.790   729805.770
  0.700   729805.770
  0.790   729805.780
  0.700   729805.790
  0.780   729805.800
  0.670   729805.800
  0.590   729805.810
  0.590   729805.820
  0.670   729805.820
  0.650   729805.830
  0.720   729805.840
  0.750   729805.840
  0.690   729805.850
  0.690   729805.860
  0.690   729805.860
  0.710   729805.870
  0.740   729805.880
  1.180   729805.890
  0.760   729805.890
  0.730   729805.900
  0.760   729805.910
    NaN   729805.910
  0.760   729805.920
  0.760   729805.930
  1.360   729805.930
  0.910   729805.940
  2.280   729805.950
  0.740   729805.950
  0.700   729805.960
  0.710   729805.970
  0.780   729805.980
  0.790   729805.980
  1.240   729805.990
