 24.961   729371.000
 30.950   729371.010
 24.213   729371.021
 21.555   729371.031
 20.248   729371.042
 21.295   729371.052
 20.189   729371.063
 29.098   729371.073
 24.893   729371.083
    NaN   729371.094
 28.074   729371.104
 23.143   729371.167
 22.853   729371.177
 18.719   729371.188
 18.331   729371.198
 17.735   729371.208
 16.690   729371.219
 20.365   729371.229
 17.251   729371.240
 19.635   729371.250
 18.947   729371.260
 18.024   729371.271
 16.084   729371.281
 16.372   729371.292
 20.255   729371.302
 18.918   729371.313
 20.976   729371.323
 19.855   729371.333
 22.617   729371.344
 18.982   729371.354
 17.008   729371.365
 16.296   729371.375
 14.997   729371.385
 17.642   729371.396
 14.435   729371.406
 16.562   729371.417
 14.284   729371.427
 15.884   729371.438
 16.631   729371.448
 15.606   729371.458
 17.709   729371.469
 15.024   729371.479
 13.011   729371.490
 15.707   729371.500
 14.212   729371.510
 17.281   729371.521
 15.997   729371.531
 15.139   729371.542
 15.649   729371.552
 15.465   729371.563
 12.388   729371.573
 12.849   729371.583
 15.543   729371.594
 16.512   729371.604
 16.725   729371.615
 16.107   729371.625
 14.966   729371.635
 12.182   729371.646
 13.949   729371.656
 15.757   729371.667
 17.321   729371.677
 17.864   729371.688
 16.310   729371.698
 16.214   729371.708
 14.896   729371.719
 16.938   729371.729
 14.264   729371.740
 15.094   729371.750
 18.969   729371.760
 16.340   729371.771
 17.759   729371.781
 15.973   729371.792
 16.324   729371.802
 13.433   729371.813
 17.406   729371.823
 16.323   729371.833
 16.676   729371.844
 18.165   729371.854
 19.655   729371.865
 16.734   729371.875
 19.214   729371.885
 21.004   729371.896
 20.152   729371.906
 19.507   729371.917
 26.085   729371.927
 24.363   729371.938
 26.057   729371.948
 32.240   729371.958
 27.508   729371.969
 30.850   729371.979
 25.745   729371.990
