  0.790   729978.000
  0.870   729978.000
  0.840   729978.010
  0.820   729978.020
  0.850   729978.020
  0.910   729978.030
  0.890   729978.040
  0.920   729978.050
  0.830   729978.050
  0.800   729978.060
  0.890   729978.070
  0.870   729978.070
  0.790   729978.080
  0.810   729978.090
  0.550   729978.090
  0.360   729978.100
  0.580   729978.110
  0.800   729978.120
  0.730   729978.120
  0.630   729978.130
  0.540   729978.140
  0.650   729978.140
  0.530   729978.150
  0.250   729978.160
  0.350   729978.160
  0.330   729978.170
  0.510   729978.180
  0.590   729978.180
  1.950   729978.190
  0.620   729978.200
  0.640   729978.210
  0.650   729978.210
  0.710   729978.220
  0.620   729978.230
  0.580   729978.230
  0.620   729978.240
  0.620   729978.250
  0.690   729978.250
  0.700   729978.260
  0.620   729978.270
  0.590   729978.280
  0.610   729978.280
  0.230   729978.290
  0.210   729978.300
  0.180   729978.300
  0.220   729978.310
  0.210   729978.320
  0.190   729978.320
  0.200   729978.330
  0.440   729978.340
  0.530   729978.340
  0.620   729978.350
  0.650   729978.360
  0.620   729978.370
  0.470   729978.370
  0.530   729978.380
  0.550   729978.390
  0.600   729978.390
  0.570   729978.400
  0.540   729978.410
  0.500   729978.410
  0.540   729978.420
  0.560   729978.430
  0.630   729978.430
  0.610   729978.440
  0.580   729978.450
  0.580   729978.460
  0.570   729978.460
  0.530   729978.470
  0.570   729978.480
  0.520   729978.480
  0.530   729978.490
  0.530   729978.500
  0.520   729978.500
  0.520   729978.510
  0.530   729978.520
  0.470   729978.530
  0.510   729978.530
  0.510   729978.540
  0.500   729978.550
  0.500   729978.550
  0.520   729978.560
  0.520   729978.570
  0.600   729978.570
  0.490   729978.580
  0.600   729978.590
  0.490   729978.590
  0.510   729978.600
  0.550   729978.610
  0.520   729978.620
  0.480   729978.620
  0.520   729978.630
  0.480   729978.640
  0.480   729978.640
  0.520   729978.650
  0.550   729978.660
  0.480   729978.660
  0.470   729978.670
  0.520   729978.680
  0.490   729978.680
  0.490   729978.690
  0.470   729978.700
  0.480   729978.710
  0.490   729978.710
  0.470   729978.720
  0.470   729978.730
  0.510   729978.730
  0.480   729978.740
  0.490   729978.750
  0.520   729978.750
  0.520   729978.760
  0.460   729978.770
  0.440   729978.780
  0.470   729978.780
  0.500   729978.790
  0.550   729978.800
  0.560   729978.800
    NaN   729978.810
  0.430   729978.820
  0.450   729978.820
  0.480   729978.830
  0.460   729978.840
  0.530   729978.840
  0.510   729978.850
  0.500   729978.860
  0.480   729978.870
  0.480   729978.870
  0.500   729978.880
  0.390   729978.890
  0.370   729978.890
  0.340   729978.900
  0.290   729978.910
  0.570   729978.910
  0.480   729978.920
  0.500   729978.930
  0.380   729978.930
  0.400   729978.940
  0.420   729978.950
  0.470   729978.960
  0.460   729978.960
  0.410   729978.970
  0.690   729978.980
  0.410   729978.980
  0.450   729978.990
