  0.160   729978.000
  0.150   729978.000
  0.140   729978.010
  0.150   729978.020
  0.190   729978.020
  0.150   729978.030
  0.160   729978.040
  0.150   729978.050
  0.140   729978.050
  0.140   729978.060
  0.140   729978.070
  0.140   729978.070
    NaN   729978.080
  5.520   729978.090
  0.150   729978.090
  0.140   729978.100
  0.150   729978.110
  0.160   729978.110
  0.150   729978.120
  0.160   729978.130
  0.170   729978.140
  0.150   729978.140
  0.160   729978.150
  0.140   729978.160
  0.160   729978.160
  0.140   729978.170
  0.130   729978.180
  0.140   729978.180
  0.140   729978.190
  0.140   729978.200
  0.140   729978.200
  0.150   729978.210
  0.150   729978.220
  0.140   729978.230
  0.140   729978.230
  0.150   729978.240
  0.150   729978.250
  0.150   729978.250
  0.140   729978.260
  0.130   729978.270
  0.130   729978.270
  0.140   729978.280
  0.140   729978.290
  0.130   729978.300
  0.130   729978.300
  0.130   729978.310
  0.140   729978.320
  0.130   729978.320
  0.140   729978.330
  0.130   729978.340
  0.120   729978.340
  0.130   729978.350
  0.140   729978.360
  0.150   729978.360
  0.130   729978.370
  0.130   729978.380
  0.130   729978.390
  0.130   729978.390
  0.140   729978.400
  0.130   729978.410
  0.140   729978.410
  0.120   729978.420
  0.130   729978.430
  0.120   729978.430
  0.140   729978.440
  0.130   729978.450
  0.120   729978.450
  0.120   729978.460
  0.120   729978.470
  0.130   729978.480
  0.330   729978.480
  0.110   729978.490
  0.130   729978.500
  0.130   729978.500
  0.120   729978.510
  0.120   729978.520
  0.120   729978.520
  0.120   729978.530
  0.120   729978.540
  0.590   729978.550
  0.560   729978.550
  0.130   729978.560
  0.120   729978.570
  0.120   729978.570
    NaN   729978.580
  4.940   729978.590
  0.110   729978.590
  0.120   729978.600
  0.120   729978.610
  0.120   729978.610
  0.110   729978.620
  0.110   729978.630
  0.100   729978.640
  0.120   729978.640
  0.110   729978.650
  0.120   729978.660
  0.110   729978.660
  0.120   729978.670
  0.120   729978.680
  0.110   729978.680
  0.130   729978.690
  0.120   729978.700
  0.110   729978.700
  0.120   729978.710
  0.130   729978.720
  0.110   729978.730
  0.110   729978.730
  0.110   729978.740
  0.110   729978.750
  0.120   729978.750
  0.120   729978.760
  0.110   729978.770
  0.110   729978.770
  0.110   729978.780
  0.850   729978.790
  0.290   729978.800
  0.120   729978.800
  0.120   729978.810
  0.120   729978.820
  0.120   729978.820
  0.130   729978.830
  0.110   729978.840
  0.110   729978.840
  0.110   729978.850
  0.110   729978.860
  0.130   729978.860
  0.120   729978.870
  0.130   729978.880
  0.110   729978.890
  0.100   729978.890
  0.110   729978.900
  0.110   729978.910
  0.120   729978.910
  0.110   729978.920
  0.100   729978.930
  0.110   729978.930
  0.100   729978.940
  0.110   729978.950
  0.110   729978.950
  0.120   729978.960
  0.110   729978.970
  0.110   729978.980
  0.120   729978.980
  0.110   729978.990
