  0.600   730303.000
  0.593   730303.007
  0.431   730303.013
  0.524   730303.020
  0.405   730303.027
  0.298   730303.034
  0.340   730303.041
  0.351   730303.048
  0.288   730303.055
  0.314   730303.062
  0.285   730303.069
  0.296   730303.076
  0.316   730303.083
  0.291   730303.090
  0.294   730303.097
  0.284   730303.104
  0.303   730303.111
  0.259   730303.118
  0.305   730303.125
  0.309   730303.132
  0.338   730303.139
  0.316   730303.146
  0.283   730303.153
  0.312   730303.159
  0.282   730303.166
  0.323   730303.173
  0.323   730303.180
  0.295   730303.187
  0.328   730303.194
  0.287   730303.201
  0.331   730303.208
  0.318   730303.215
  0.302   730303.222
  0.331   730303.229
  0.287   730303.236
  0.328   730303.243
  0.287   730303.250
  0.322   730303.257
  0.336   730303.264
  0.324   730303.270
  0.305   730303.277
  0.320   730303.284
  0.332   730303.291
  0.325   730303.298
  0.285   730303.305
  0.320   730303.312
  0.340   730303.319
  0.299   730303.326
  0.295   730303.333
  0.372   730303.340
  0.359   730303.347
  0.265   730303.354
  0.346   730303.361
  0.316   730303.368
  0.334   730303.375
  0.323   730303.382
  0.341   730303.388
  0.347   730303.395
  0.308   730303.402
  0.305   730303.409
  0.331   730303.416
  0.459   730303.423
  0.362   730303.430
  0.416   730303.437
  0.391   730303.444
  0.369   730303.451
  0.394   730303.458
  0.355   730303.465
  0.360   730303.472
  0.366   730303.479
  0.357   730303.486
  0.346   730303.493
  0.800   730303.500
  0.320   730303.507
  0.313   730303.514
  0.312   730303.521
  0.320   730303.527
  0.327   730303.534
  0.329   730303.541
  0.375   730303.548
  0.339   730303.555
  0.339   730303.562
  0.395   730303.569
  0.314   730303.576
  0.337   730303.583
  0.384   730303.590
  0.404   730303.597
  0.470   730303.604
  0.542   730303.611
  0.544   730303.618
  0.371   730303.625
  0.380   730303.632
  0.371   730303.639
  0.333   730303.645
  0.341   730303.652
  0.334   730303.659
  0.333   730303.666
  0.362   730303.673
  0.768   730303.680
  0.349   730303.687
  0.348   730303.694
  0.351   730303.701
  0.309   730303.708
  0.374   730303.715
  0.367   730303.722
  0.315   730303.729
  0.413   730303.736
  0.340   730303.743
  0.333   730303.750
  0.368   730303.757
  0.348   730303.764
  0.350   730303.771
  0.342   730303.778
  0.335   730303.784
  0.364   730303.791
  0.390   730303.798
  0.370   730303.805
  0.402   730303.812
  0.356   730303.819
  0.351   730303.826
  0.397   730303.833
  0.385   730303.840
  0.336   730303.847
  0.347   730303.854
  0.366   730303.861
  0.344   730303.868
  0.332   730303.875
  0.356   730303.882
  0.359   730303.888
  0.373   730303.895
  0.302   730303.902
  0.351   730303.909
  0.482   730303.916
  0.445   730303.923
  0.573   730303.930
  0.431   730303.937
  0.427   730303.944
  0.358   730303.951
  0.438   730303.958
  0.364   730303.965
  0.378   730303.972
  0.352   730303.979
  0.375   730303.986
  0.354   730303.993
