  0.261   730303.000
  0.245   730303.007
  0.233   730303.013
  0.235   730303.020
  0.239   730303.027
  0.263   730303.034
  0.249   730303.041
  0.258   730303.048
  0.240   730303.055
  0.243   730303.062
  0.211   730303.069
  0.266   730303.076
  0.259   730303.083
  0.282   730303.090
  0.275   730303.097
  0.265   730303.104
  0.275   730303.111
  0.241   730303.118
  0.255   730303.125
  0.245   730303.132
  0.274   730303.139
  0.267   730303.146
  0.241   730303.153
  0.263   730303.159
  0.264   730303.166
  0.246   730303.173
  0.212   730303.180
  0.216   730303.187
  0.220   730303.194
  0.227   730303.201
  0.237   730303.208
  0.260   730303.215
  0.255   730303.222
  0.221   730303.229
  0.228   730303.236
  0.224   730303.243
  0.246   730303.250
  0.217   730303.257
  0.206   730303.264
  0.212   730303.270
  0.205   730303.277
  0.243   730303.284
  0.213   730303.291
  0.241   730303.298
  0.211   730303.305
  0.229   730303.312
  0.229   730303.319
  0.232   730303.326
  0.236   730303.333
  0.244   730303.340
  0.253   730303.347
  0.235   730303.354
  0.268   730303.361
  0.259   730303.368
  0.244   730303.375
  0.251   730303.382
  0.341   730303.388
  0.245   730303.395
  0.253   730303.402
  0.232   730303.409
  0.231   730303.416
  0.261   730303.423
  0.251   730303.430
  0.228   730303.437
  0.242   730303.444
  0.212   730303.451
  0.221   730303.458
  0.232   730303.465
  0.238   730303.472
  0.248   730303.479
  0.240   730303.486
  0.220   730303.493
  0.596   730303.500
  0.232   730303.507
  0.245   730303.514
  0.240   730303.521
  0.226   730303.527
  0.242   730303.534
  0.253   730303.541
  0.242   730303.548
  0.288   730303.555
  0.234   730303.562
  0.224   730303.569
  0.215   730303.576
  0.238   730303.583
  0.238   730303.590
  0.276   730303.597
  0.217   730303.604
  0.233   730303.611
  0.243   730303.618
  0.229   730303.625
  0.229   730303.632
  0.246   730303.639
  0.238   730303.645
  0.232   730303.652
  0.230   730303.659
  0.243   730303.666
  0.226   730303.673
  0.864   730303.680
  0.236   730303.687
  0.249   730303.694
  0.241   730303.701
  0.269   730303.708
  0.260   730303.715
  0.235   730303.722
  0.236   730303.729
  0.244   730303.736
  0.235   730303.743
  0.248   730303.750
  0.232   730303.757
  0.288   730303.764
  0.271   730303.771
  0.306   730303.778
  0.313   730303.784
  0.363   730303.791
  0.290   730303.798
  0.377   730303.805
  0.333   730303.812
  0.409   730303.819
  0.346   730303.826
  0.345   730303.833
  0.328   730303.840
  0.315   730303.847
  0.309   730303.854
  0.294   730303.861
  0.344   730303.868
  0.261   730303.875
  0.329   730303.882
  0.312   730303.888
  6.171   730303.895
  0.334   730303.902
  0.330   730303.909
  0.363   730303.916
  0.339   730303.923
  0.324   730303.930
  0.342   730303.937
  0.440   730303.944
  0.366   730303.951
  0.363   730303.958
  0.405   730303.965
  0.369   730303.972
  0.411   730303.979
  0.303   730303.986
  0.318   730303.993
