  0.968   730303.001
  0.819   730303.007
  0.910   730303.014
  0.838   730303.021
  0.850   730303.028
  0.841   730303.035
  0.952   730303.042
  0.922   730303.049
  0.926   730303.055
  0.975   730303.062
  0.898   730303.069
  1.079   730303.076
  1.059   730303.083
  1.142   730303.090
  1.011   730303.097
  0.979   730303.104
  0.977   730303.111
  1.136   730303.118
  1.121   730303.125
  1.041   730303.132
  1.088   730303.139
  1.064   730303.146
  1.040   730303.153
  1.101   730303.160
  0.918   730303.167
  1.082   730303.174
  1.016   730303.181
  0.896   730303.187
  0.940   730303.194
  1.040   730303.201
  0.910   730303.208
  1.023   730303.215
  0.929   730303.222
  1.001   730303.229
  1.116   730303.236
  1.013   730303.243
  0.918   730303.250
  1.127   730303.257
  1.076   730303.264
  1.090   730303.271
  1.206   730303.278
  1.216   730303.285
  1.336   730303.292
  1.038   730303.298
  1.249   730303.305
  1.342   730303.312
  1.295   730303.319
  1.204   730303.326
  1.181   730303.333
  1.147   730303.340
  1.116   730303.347
  1.109   730303.354
  1.275   730303.361
  1.139   730303.368
  1.011   730303.375
  1.025   730303.382
  0.996   730303.389
  0.858   730303.396
  0.982   730303.403
  0.930   730303.410
 21.557   730303.417
  0.936   730303.423
  0.911   730303.430
  0.904   730303.437
  0.879   730303.444
  0.870   730303.451
  0.861   730303.458
  0.986   730303.465
  0.937   730303.472
  0.872   730303.479
  0.867   730303.486
  0.912   730303.493
  1.591   730303.500
  0.913   730303.507
  0.778   730303.514
  0.834   730303.521
  0.790   730303.528
  0.833   730303.535
  0.768   730303.542
  0.865   730303.549
  0.755   730303.555
  0.789   730303.562
  0.680   730303.569
  0.744   730303.576
  0.695   730303.583
  0.775   730303.590
  1.049   730303.597
  0.621   730303.604
  0.667   730303.611
  0.774   730303.618
  0.701   730303.625
  0.802   730303.632
  0.715   730303.639
  0.753   730303.646
  0.751   730303.653
  0.813   730303.660
  0.651   730303.667
  0.736   730303.674
  0.609   730303.680
  0.686   730303.687
  0.669   730303.694
  0.666   730303.701
  0.630   730303.708
  0.597   730303.715
  0.627   730303.722
  0.538   730303.729
  0.624   730303.736
  0.658   730303.743
  0.612   730303.750
  0.640   730303.757
  0.619   730303.764
  0.601   730303.771
  0.660   730303.778
  0.611   730303.785
  0.630   730303.792
  0.683   730303.799
  0.914   730303.806
  0.706   730303.812
  0.784   730303.820
  0.752   730303.826
  0.770   730303.833
  0.777   730303.840
  0.690   730303.847
  1.170   730303.854
  0.665   730303.861
  0.680   730303.868
  0.617   730303.875
  0.683   730303.882
  0.655   730303.889
  0.682   730303.896
  0.719   730303.903
  0.712   730303.910
 18.500   730303.917
  0.641   730303.924
  0.616   730303.931
  0.577   730303.937
  1.121   730303.944
  0.590   730303.951
  0.588   730303.958
  0.703   730303.965
  0.628   730303.972
  0.636   730303.979
  0.609   730303.986
  0.620   730303.993
