    NaN   729384.000
  0.505   729384.010
  0.508   729384.021
  0.429   729384.031
  0.494   729384.042
  0.445   729384.052
  0.500   729384.063
  0.489   729384.073
  0.450   729384.083
  0.472   729384.094
  0.484   729384.104
  0.458   729384.115
  0.512   729384.125
  0.489   729384.135
  0.496   729384.146
  0.545   729384.156
  0.525   729384.167
  0.532   729384.177
  0.458   729384.188
  0.494   729384.198
  0.424   729384.208
  0.485   729384.219
  0.510   729384.229
  0.508   729384.240
  0.444   729384.250
  0.507   729384.260
  0.517   729384.271
  0.523   729384.281
  0.520   729384.292
  0.495   729384.302
  0.497   729384.313
  0.508   729384.323
  0.514   729384.333
  0.553   729384.344
  0.472   729384.354
  0.478   729384.365
  0.522   729384.375
  0.531   729384.385
  0.532   729384.396
  0.496   729384.406
  0.438   729384.417
  0.472   729384.427
  0.518   729384.438
  0.460   729384.448
  0.496   729384.458
  0.466   729384.469
  0.487   729384.479
  0.536   729384.490
  0.517   729384.500
  0.486   729384.510
  0.499   729384.521
  0.481   729384.531
  0.457   729384.542
  0.504   729384.552
  0.465   729384.563
  0.488   729384.573
  0.478   729384.583
  0.432   729384.594
  0.450   729384.604
  0.428   729384.615
  0.507   729384.625
  0.477   729384.635
  0.465   729384.646
  0.478   729384.656
  0.453   729384.667
  0.478   729384.677
  0.523   729384.688
  0.647   729384.698
  0.526   729384.708
  0.516   729384.719
  0.521   729384.729
  0.448   729384.740
  0.494   729384.750
  0.501   729384.760
  0.498   729384.771
  0.502   729384.781
  0.528   729384.792
  0.582   729384.802
  0.699   729384.813
  0.605   729384.823
  0.835   729384.833
  0.675   729384.844
  0.607   729384.854
  0.627   729384.865
  0.616   729384.875
  0.711   729384.885
  0.684   729384.896
  0.618   729384.906
  0.580   729384.917
  0.664   729384.927
  0.648   729384.938
  0.666   729384.948
  0.607   729384.958
  0.636   729384.969
  0.579   729384.979
  0.550   729384.990
