  0.000   730108.001
  0.000   730108.008
  0.000   730108.015
  0.000   730108.022
  0.000   730108.029
  0.000   730108.036
  0.000   730108.043
  0.000   730108.049
  0.000   730108.057
  0.000   730108.064
  0.000   730108.070
  0.000   730108.078
  0.000   730108.084
  0.000   730108.091
  0.000   730108.099
  0.000   730108.105
  0.000   730108.112
  0.000   730108.119
  0.000   730108.126
  0.000   730108.133
  0.000   730108.140
  0.000   730108.147
  0.000   730108.154
  0.000   730108.161
  0.000   730108.168
  0.000   730108.174
  0.000   730108.182
  0.000   730108.189
  0.000   730108.195
  0.000   730108.203
  0.000   730108.210
  0.000   730108.216
  0.000   730108.223
  0.000   730108.231
  0.000   730108.238
  0.000   730108.244
  0.000   730108.251
  0.000   730108.258
  0.000   730108.265
  0.000   730108.272
  0.000   730108.278
  0.000   730108.286
  0.000   730108.293
  0.000   730108.299
  0.000   730108.307
  0.000   730108.314
  0.000   730108.320
  0.000   730108.328
  0.000   730108.335
  0.000   730108.342
  0.000   730108.349
  0.000   730108.356
  0.000   730108.363
  0.000   730108.369
  0.000   730108.376
  0.000   730108.383
  0.000   730108.390
  0.000   730108.397
  0.000   730108.403
  0.000   730108.411
  0.000   730108.418
  0.000   730108.424
  0.000   730108.432
  0.000   730108.438
  0.000   730108.446
  0.000   730108.453
  0.000   730108.460
  0.000   730108.466
  0.000   730108.473
  0.000   730108.481
  0.000   730108.488
  0.000   730108.494
  0.000   730108.501
  0.000   730108.508
  0.000   730108.515
  0.000   730108.522
  0.000   730108.528
  0.000   730108.536
  0.000   730108.543
  0.000   730108.550
  0.000   730108.557
  0.000   730108.564
  0.000   730108.571
  0.000   730108.578
  0.000   730108.585
  0.000   730108.591
  0.000   730108.599
  0.000   730108.606
  0.000   730108.613
  0.000   730108.619
  0.000   730108.626
  0.000   730108.633
  0.000   730108.640
  0.000   730108.647
  0.000   730108.653
  0.000   730108.661
  0.000   730108.667
  0.000   730108.674
  0.000   730108.682
  0.000   730108.689
  0.000   730108.695
  0.000   730108.703
  0.000   730108.709
  0.000   730108.716
  0.000   730108.724
  0.000   730108.731
  0.000   730108.738
  0.000   730108.744
  0.000   730108.751
  0.000   730108.758
  0.000   730108.765
  0.000   730108.778
  0.000   730108.785
  0.000   730108.792
  0.000   730108.799
  0.000   730108.806
  0.000   730108.813
  0.000   730108.820
  0.000   730108.827
  0.000   730108.834
  0.000   730108.841
  0.000   730108.849
  0.000   730108.855
  0.000   730108.862
  0.000   730108.869
  0.000   730108.876
  0.000   730108.883
  0.000   730108.890
  0.000   730108.897
  0.000   730108.903
  0.000   730108.911
  0.000   730108.917
  0.000   730108.924
  0.000   730108.932
  0.000   730108.938
  0.000   730108.945
  0.000   730108.953
  0.000   730108.960
  0.000   730108.966
  0.000   730108.974
  0.000   730108.981
  0.000   730108.988
  0.000   730108.994
