  0.038   730304.001
  0.016   730304.001
  0.039   730304.007
  0.039   730304.014
  0.039   730304.021
  0.036   730304.028
  0.038   730304.035
  0.038   730304.042
  0.034   730304.049
  0.034   730304.056
  0.042   730304.063
  0.038   730304.070
  0.047   730304.076
  0.073   730304.083
  0.089   730304.090
  0.097   730304.097
  0.110   730304.104
  0.127   730304.111
  0.146   730304.118
  0.153   730304.125
  0.159   730304.132
  0.166   730304.139
  0.153   730304.146
  0.167   730304.153
  0.163   730304.160
  0.204   730304.167
  0.217   730304.174
  0.202   730304.181
  0.203   730304.188
  0.188   730304.195
  0.192   730304.202
  0.195   730304.208
  0.836   730304.215
  0.184   730304.222
  0.127   730304.229
  2.230   730304.236
  0.577   730304.243
  0.217   730304.250
  0.193   730304.257
  0.200   730304.264
  0.209   730304.271
  0.217   730304.278
  0.217   730304.285
  6.134   730304.292
  0.241   730304.299
  0.255   730304.306
  0.302   730304.313
  0.295   730304.320
  0.292   730304.327
  0.282   730304.334
  0.303   730304.340
  0.319   730304.347
  0.287   730304.354
  0.296   730304.361
  0.274   730304.368
  0.304   730304.375
  0.319   730304.382
  0.395   730304.389
  0.282   730304.396
  0.300   730304.403
  0.318   730304.410
  0.279   730304.417
  0.259   730304.424
  0.297   730304.431
  5.274   730304.438
  0.309   730304.445
  0.317   730304.451
  0.278   730304.458
  0.290   730304.465
  0.294   730304.472
  0.314   730304.479
  0.276   730304.486
  0.392   730304.493
  0.307   730304.500
  0.297   730304.507
  0.284   730304.514
  0.285   730304.521
  0.290   730304.528
  0.284   730304.535
  0.259   730304.542
  0.247   730304.549
  0.243   730304.556
  0.277   730304.563
  0.251   730304.570
  0.308   730304.577
  0.277   730304.584
  0.297   730304.590
  0.283   730304.597
  0.298   730304.604
  0.297   730304.611
  0.281   730304.618
  0.230   730304.625
  0.254   730304.632
  0.281   730304.639
  0.523   730304.646
  0.608   730304.653
  0.256   730304.660
  0.239   730304.667
  0.273   730304.674
  0.291   730304.681
  0.296   730304.688
  0.274   730304.695
  0.270   730304.702
  0.274   730304.709
  0.038   730304.715
  0.039   730304.722
  0.036   730304.729
  0.039   730304.736
  0.042   730304.743
  0.036   730304.750
  0.035   730304.757
  0.034   730304.764
  0.112   730304.771
  8.904   730304.778
  0.035   730304.785
  0.032   730304.792
  0.034   730304.799
  0.040   730304.806
  0.036   730304.813
  0.035   730304.820
  0.035   730304.827
  0.033   730304.834
  0.033   730304.840
  0.035   730304.847
  0.033   730304.854
  0.032   730304.861
  0.033   730304.868
  0.033   730304.875
  0.028   730304.882
  0.035   730304.889
  0.070   730304.896
  0.041   730304.903
  0.037   730304.910
  0.038   730304.917
  0.035   730304.924
  0.191   730304.931
  6.385   730304.938
  0.037   730304.945
  0.040   730304.952
  0.037   730304.959
  0.039   730304.966
  0.039   730304.972
  0.041   730304.979
  0.041   730304.986
  0.039   730304.993
