  0.107   730304.001
  0.175   730304.008
  0.171   730304.015
  0.174   730304.021
  0.145   730304.028
  0.173   730304.035
  0.179   730304.042
  0.176   730304.049
  0.196   730304.056
  0.171   730304.063
  0.209   730304.070
  0.186   730304.077
  0.214   730304.084
  0.197   730304.091
  0.180   730304.098
  0.184   730304.105
  0.191   730304.112
  0.211   730304.119
  4.572   730304.126
  0.194   730304.133
  0.189   730304.140
  0.400   730304.147
  1.127   730304.153
  0.189   730304.161
  0.279   730304.167
  0.012   730304.174
  0.012   730304.181
  0.012   730304.188
  0.012   730304.195
  0.013   730304.202
  0.013   730304.209
  0.012   730304.216
  0.013   730304.223
  0.012   730304.230
  0.012   730304.237
  0.013   730304.244
  0.903   730304.251
  0.168   730304.258
  0.173   730304.265
  0.160   730304.272
  0.159   730304.279
  0.157   730304.285
  0.164   730304.292
  0.166   730304.299
  0.179   730304.306
  0.157   730304.313
  0.155   730304.320
  0.151   730304.327
  0.145   730304.334
  0.157   730304.341
  0.157   730304.348
  0.146   730304.355
  0.171   730304.362
  0.148   730304.369
  0.169   730304.376
  0.179   730304.383
  0.168   730304.389
  0.169   730304.397
  0.179   730304.403
  0.184   730304.410
  0.165   730304.417
  0.167   730304.424
  0.176   730304.431
  0.193   730304.438
  0.190   730304.445
  0.183   730304.452
  0.171   730304.459
  0.166   730304.466
  0.179   730304.473
  0.181   730304.480
  0.179   730304.487
  0.190   730304.494
  0.174   730304.501
  0.176   730304.508
  0.163   730304.515
  0.176   730304.522
  0.155   730304.528
  0.163   730304.535
  0.144   730304.542
  0.155   730304.550
  0.148   730304.556
  0.146   730304.563
  0.152   730304.570
  0.129   730304.577
  0.140   730304.584
  0.140   730304.591
  0.138   730304.598
  0.145   730304.605
  0.121   730304.612
  0.154   730304.619
  0.128   730304.626
  0.144   730304.633
  0.153   730304.640
  0.175   730304.647
  0.158   730304.654
  0.143   730304.660
  0.143   730304.667
  0.166   730304.674
  0.146   730304.681
  0.189   730304.688
  0.166   730304.695
  0.176   730304.702
  0.141   730304.709
  0.156   730304.716
  0.168   730304.723
  0.157   730304.730
  0.181   730304.737
  0.172   730304.744
  0.181   730304.751
  0.140   730304.758
  0.184   730304.765
  0.201   730304.772
  0.217   730304.779
  0.173   730304.786
  0.202   730304.792
  0.214   730304.799
  0.208   730304.806
  0.218   730304.813
  0.214   730304.820
  0.202   730304.827
  0.233   730304.834
  0.238   730304.841
  0.216   730304.848
  0.206   730304.855
  0.189   730304.862
  0.196   730304.869
  0.183   730304.876
  0.200   730304.883
  0.214   730304.890
  0.216   730304.897
  0.208   730304.904
  0.196   730304.911
  0.246   730304.917
  0.207   730304.925
  2.487   730304.931
  0.205   730304.938
  0.218   730304.945
  0.238   730304.952
  0.210   730304.959
  0.212   730304.966
  0.223   730304.973
  0.237   730304.980
  0.225   730304.987
  0.204   730304.994
