  0.000   730182.000
  0.000   730182.008
  0.000   730182.015
  0.000   730182.022
  0.000   730182.028
  0.000   730182.035
  0.000   730182.042
  0.000   730182.049
  0.000   730182.056
  0.000   730182.063
  0.000   730182.070
  0.000   730182.078
  0.000   730182.084
  0.000   730182.091
  0.000   730182.098
  0.000   730182.104
  0.000   730182.112
  0.000   730182.119
  0.000   730182.125
  0.000   730182.133
  0.000   730182.140
  0.000   730182.146
  0.000   730182.153
  0.000   730182.161
  0.000   730182.167
  0.000   730182.174
  0.000   730182.181
  0.000   730182.188
  0.000   730182.195
  0.000   730182.203
  0.000   730182.209
  0.000   730182.215
  0.000   730182.223
  0.000   730182.230
  0.000   730182.237
  0.000   730182.244
  0.000   730182.251
  0.000   730182.257
  0.000   730182.265
  0.000   730182.271
  0.000   730182.278
  0.000   730182.286
  0.000   730182.292
  0.000   730182.299
  0.000   730182.306
  0.000   730182.313
  0.000   730182.320
  0.000   730182.328
  0.000   730182.335
  0.000   730182.341
  0.000   730182.347
  0.000   730182.355
  0.000   730182.362
  0.000   730182.369
  0.000   730182.376
  0.000   730182.383
  0.000   730182.389
  0.000   730182.397
  0.000   730182.403
  0.000   730182.411
  0.000   730182.417
  0.000   730182.424
  0.000   730182.431
  0.000   730182.438
  0.000   730182.445
  0.000   730182.459
  0.000   730182.465
  0.000   730182.473
  0.000   730182.480
  0.000   730182.487
  0.000   730182.494
  0.000   730182.501
  0.000   730182.508
  0.000   730182.514
  0.000   730182.521
  0.000   730182.528
  0.000   730182.536
  0.000   730182.542
  0.000   730182.549
  0.000   730182.556
  0.000   730182.563
  0.000   730182.570
  0.000   730182.578
  0.000   730182.583
  0.000   730182.590
  0.000   730182.598
  0.000   730182.605
  0.000   730182.612
  0.000   730182.619
  0.000   730182.625
  0.000   730182.633
  0.000   730182.640
  0.000   730182.647
  0.000   730182.653
  0.000   730182.661
  0.000   730182.667
  0.000   730182.674
  0.000   730182.681
  0.000   730182.688
  0.000   730182.695
  0.000   730182.703
  0.000   730182.708
  0.000   730182.716
  0.000   730182.722
  0.000   730182.730
  0.000   730182.737
  0.000   730182.744
  0.000   730182.751
  0.000   730182.758
  0.000   730182.765
  0.000   730182.772
  0.000   730182.778
  0.000   730182.786
  0.000   730182.792
  0.000   730182.799
  0.000   730182.806
  0.000   730182.813
  0.000   730182.819
  0.599   730182.827
  2.429   730182.834
  1.021   730182.840
  0.000   730182.848
  0.000   730182.855
  0.000   730182.862
  0.000   730182.869
  0.000   730182.876
  0.000   730182.883
  0.000   730182.890
  0.000   730182.897
  0.000   730182.903
  0.000   730182.910
  0.000   730182.917
  0.000   730182.924
  0.000   730182.931
  0.000   730182.938
  0.000   730182.944
  0.000   730182.953
  0.000   730182.959
  0.000   730182.966
  0.000   730182.973
  0.000   730182.980
  0.000   730182.987
  0.000   730182.994
