  1.578   730281.000
  0.353   730281.000
  1.424   730281.007
  1.375   730281.014
  1.550   730281.021
  1.431   730281.028
  1.596   730281.035
  1.447   730281.042
  1.328   730281.049
  1.431   730281.056
  1.450   730281.063
 60.781   730281.069
  1.525   730281.076
  1.736   730281.083
  1.422   730281.090
  1.327   730281.097
  1.580   730281.104
  1.486   730281.111
  1.413   730281.118
  1.336   730281.125
  1.493   730281.132
  1.803   730281.139
  1.261   730281.146
  1.275   730281.153
  1.415   730281.160
  1.307   730281.167
  1.304   730281.174
  1.393   730281.181
  1.322   730281.188
  1.579   730281.194
  1.198   730281.201
  1.346   730281.208
  1.349   730281.215
  1.263   730281.222
  1.389   730281.229
  1.363   730281.236
  1.380   730281.243
  1.335   730281.250
  1.192   730281.257
  1.204   730281.264
  1.344   730281.271
  1.457   730281.278
  1.306   730281.285
  1.521   730281.292
  1.323   730281.299
  1.325   730281.306
  1.390   730281.313
  1.284   730281.320
  1.432   730281.326
  1.198   730281.333
  1.272   730281.340
  1.354   730281.347
  1.382   730281.354
  1.431   730281.361
  1.409   730281.368
  1.182   730281.375
  5.617   730281.382
  3.330   730281.389
  1.314   730281.396
  1.247   730281.403
  1.316   730281.410
  1.478   730281.417
  1.384   730281.424
  1.473   730281.431
  1.437   730281.438
  1.300   730281.444
  1.586   730281.451
  1.445   730281.458
  1.707   730281.465
  1.456   730281.472
  1.415   730281.479
  1.262   730281.486
  1.403   730281.493
  1.374   730281.500
  1.438   730281.507
  1.416   730281.514
  1.438   730281.521
  1.371   730281.528
  1.294   730281.535
  1.221   730281.542
  1.501   730281.549
  1.502   730281.556
  1.235   730281.563
 48.308   730281.570
  1.463   730281.576
  1.252   730281.583
  1.505   730281.590
  1.291   730281.597
  1.455   730281.604
  1.444   730281.611
  1.448   730281.618
  1.346   730281.625
  1.252   730281.632
  1.287   730281.639
  1.395   730281.646
  1.414   730281.653
  1.478   730281.660
  1.090   730281.667
  1.400   730281.674
  1.387   730281.681
  1.230   730281.688
  1.355   730281.695
  1.449   730281.701
  1.189   730281.708
  1.335   730281.715
  1.297   730281.722
  1.327   730281.729
  1.157   730281.736
  1.200   730281.743
  1.230   730281.750
  1.341   730281.757
  1.193   730281.764
  1.303   730281.771
  1.297   730281.778
  1.241   730281.785
  1.397   730281.792
  1.467   730281.799
  1.210   730281.806
  1.366   730281.813
  1.166   730281.820
  1.318   730281.826
  1.189   730281.833
  1.288   730281.840
  1.385   730281.847
  1.397   730281.854
  1.309   730281.861
  1.338   730281.868
  1.240   730281.875
  1.273   730281.882
  1.101   730281.889
  1.240   730281.896
  1.203   730281.903
  1.395   730281.910
  1.278   730281.917
  1.105   730281.924
  1.211   730281.931
  1.173   730281.938
  1.227   730281.945
  1.164   730281.951
  1.210   730281.958
  1.226   730281.965
  1.260   730281.972
  1.142   730281.979
  1.286   730281.986
  1.348   730281.993
