  0.681   730281.001
  0.926   730281.007
  0.996   730281.014
  0.902   730281.021
  0.935   730281.028
  0.930   730281.035
  0.904   730281.042
  0.902   730281.049
  0.879   730281.056
  0.954   730281.063
  0.931   730281.070
  1.061   730281.077
  1.099   730281.084
  1.073   730281.091
  0.951   730281.097
  1.381   730281.104
  1.030   730281.111
  1.151   730281.118
  1.175   730281.125
  1.091   730281.132
  1.120   730281.139
  1.002   730281.146
  1.063   730281.153
  1.078   730281.160
  1.132   730281.167
  1.032   730281.174
  1.015   730281.181
  1.141   730281.188
  1.074   730281.195
  1.140   730281.202
  1.221   730281.209
  1.480   730281.216
  1.170   730281.223
  1.264   730281.229
  1.331   730281.236
  1.401   730281.243
  1.385   730281.250
  1.343   730281.257
  1.355   730281.264
  1.237   730281.271
  1.156   730281.278
  1.237   730281.285
  1.340   730281.292
  1.215   730281.299
  1.537   730281.306
  1.498   730281.313
  1.369   730281.320
  1.389   730281.327
  1.626   730281.334
  1.480   730281.341
  1.614   730281.348
  1.512   730281.355
  1.363   730281.361
  1.476   730281.368
  1.489   730281.375
  4.143   730281.382
  1.816   730281.389
  1.767   730281.396
  1.545   730281.403
  1.684   730281.410
  1.688   730281.417
  1.429   730281.424
  1.527   730281.431
  1.445   730281.438
  9.880   730281.445
  1.707   730281.452
  1.462   730281.459
  1.514   730281.466
  1.532   730281.473
  1.642   730281.479
  1.474   730281.486
  1.523   730281.493
  1.449   730281.500
  1.581   730281.507
  1.492   730281.514
  1.555   730281.521
  1.492   730281.528
  1.350   730281.535
  1.434   730281.542
  1.500   730281.549
  1.576   730281.556
  1.565   730281.563
  1.486   730281.570
  1.585   730281.577
  1.453   730281.584
  1.524   730281.591
  1.541   730281.598
  1.541   730281.604
  1.305   730281.611
  1.339   730281.618
  1.611   730281.625
  1.553   730281.632
  1.379   730281.639
  1.580   730281.646
  1.390   730281.653
  1.564   730281.660
  1.369   730281.667
  1.186   730281.674
  1.324   730281.681
  1.385   730281.688
  1.358   730281.695
  1.347   730281.702
  1.188   730281.709
  1.316   730281.716
  1.395   730281.723
  1.375   730281.730
  1.429   730281.736
  1.422   730281.743
  1.438   730281.750
  1.354   730281.757
  1.297   730281.764
  1.275   730281.771
  1.265   730281.778
  1.079   730281.785
  1.313   730281.792
  1.299   730281.799
  1.234   730281.806
  1.342   730281.813
  1.376   730281.820
  1.268   730281.827
  1.251   730281.834
  1.161   730281.841
  1.175   730281.848
  1.327   730281.855
  1.292   730281.861
  1.325   730281.868
  1.558   730281.875
  1.306   730281.882
  1.180   730281.889
  1.361   730281.896
  1.227   730281.903
  1.210   730281.910
  1.279   730281.917
  1.216   730281.924
  1.263   730281.931
  1.280   730281.938
  8.268   730281.945
  1.166   730281.952
  1.373   730281.959
  1.189   730281.966
  1.093   730281.973
  1.185   730281.980
  0.982   730281.987
  1.121   730281.993
