  0.362   730170.000
    NaN   730170.007
  0.293   730170.014
  0.315   730170.021
  0.666   730170.028
  0.344   730170.035
  0.283   730170.042
  0.325   730170.049
  0.336   730170.056
  0.333   730170.062
  0.351   730170.069
  0.319   730170.076
  0.323   730170.083
  0.289   730170.090
  0.318   730170.097
  0.353   730170.104
  0.331   730170.111
  0.309   730170.118
  0.290   730170.125
  0.308   730170.132
  0.279   730170.139
  0.316   730170.146
  0.300   730170.153
  0.320   730170.160
  0.272   730170.167
  0.338   730170.174
  0.315   730170.181
  0.324   730170.188
  0.315   730170.194
  0.274   730170.201
  0.263   730170.208
  0.301   730170.215
  0.304   730170.222
  0.297   730170.229
  0.291   730170.236
  0.263   730170.243
  0.260   730170.250
  0.282   730170.257
  0.296   730170.264
  0.296   730170.271
  0.280   730170.278
  0.255   730170.285
  0.270   730170.292
  0.247   730170.299
  0.276   730170.306
  0.342   730170.312
  0.238   730170.319
  0.271   730170.326
  0.280   730170.333
  0.249   730170.340
  0.258   730170.347
  0.270   730170.354
  0.240   730170.361
  0.270   730170.368
  0.245   730170.375
  0.241   730170.382
  0.262   730170.389
  0.271   730170.396
  0.236   730170.403
  0.247   730170.410
  0.244   730170.417
  0.252   730170.424
  0.227   730170.431
  0.254   730170.438
  0.251   730170.444
  0.249   730170.451
  0.564   730170.458
  0.231   730170.465
  0.222   730170.472
  0.250   730170.479
  0.233   730170.486
  0.225   730170.492
  0.245   730170.500
  0.234   730170.507
  0.249   730170.514
  0.219   730170.521
  0.208   730170.528
  0.230   730170.535
  0.260   730170.542
  0.218   730170.549
  0.222   730170.556
  0.257   730170.562
  0.237   730170.569
  0.246   730170.576
  0.222   730170.583
  0.264   730170.590
  0.252   730170.597
  0.222   730170.604
  0.256   730170.611
  0.261   730170.618
  0.246   730170.625
  0.245   730170.632
  0.233   730170.639
  0.230   730170.646
  0.223   730170.653
  0.240   730170.660
  0.250   730170.667
  0.224   730170.673
  0.231   730170.681
  0.254   730170.688
  0.308   730170.694
  0.236   730170.701
  0.229   730170.708
  0.240   730170.715
  0.219   730170.722
  0.259   730170.729
  0.258   730170.736
  0.216   730170.743
  0.236   730170.750
  0.234   730170.757
  0.227   730170.764
  0.206   730170.771
  0.259   730170.778
  0.221   730170.785
  0.565   730170.799
  0.227   730170.806
  0.227   730170.812
  0.181   730170.819
  0.222   730170.826
  0.229   730170.833
  0.233   730170.854
  0.197   730170.861
  0.205   730170.868
  0.215   730170.875
  0.213   730170.882
  0.209   730170.889
  0.238   730170.896
  0.194   730170.903
  0.209   730170.910
  0.222   730170.917
  0.214   730170.924
  0.201   730170.931
  0.231   730170.938
  0.533   730170.944
  0.235   730170.951
  0.218   730170.958
  0.213   730170.965
  0.823   730170.972
  0.231   730170.979
  0.210   730170.986
  0.243   730170.993
