  0.000   730306.006
  0.000   730306.013
  0.000   730306.020
  0.000   730306.027
  0.000   730306.034
  0.000   730306.041
  0.000   730306.048
  0.000   730306.055
  0.000   730306.062
  0.000   730306.069
  0.000   730306.076
  0.000   730306.083
  0.000   730306.090
  0.000   730306.097
  0.000   730306.104
  3.089   730306.110
  0.000   730306.117
  0.000   730306.124
  0.000   730306.131
  0.000   730306.138
  0.000   730306.145
  0.000   730306.152
  0.000   730306.159
  0.000   730306.166
  0.000   730306.173
  0.000   730306.180
  0.000   730306.187
  0.000   730306.194
  0.000   730306.201
  0.000   730306.208
  0.000   730306.215
  0.000   730306.222
  0.000   730306.229
  0.000   730306.235
  0.000   730306.242
  0.000   730306.249
  0.000   730306.256
  0.000   730306.263
  0.000   730306.270
  0.000   730306.277
  0.000   730306.284
  0.323   730306.291
  0.000   730306.298
  0.000   730306.305
  0.000   730306.312
  0.000   730306.319
  0.000   730306.326
  0.000   730306.333
  0.000   730306.340
  0.000   730306.347
  0.000   730306.354
  0.000   730306.360
  7.487   730306.367
  0.000   730306.374
  0.000   730306.381
  2.681   730306.388
  0.000   730306.395
  0.000   730306.402
  0.000   730306.409
  0.000   730306.416
  0.000   730306.423
  0.000   730306.430
  0.000   730306.437
  0.000   730306.444
  0.000   730306.451
  0.000   730306.458
  0.000   730306.465
  0.000   730306.472
  0.000   730306.479
  2.770   730306.485
  0.000   730306.492
  0.000   730306.499
  0.000   730306.506
  0.000   730306.513
  0.000   730306.520
  0.000   730306.527
  0.000   730306.534
  0.000   730306.541
  0.000   730306.548
  0.000   730306.555
  0.000   730306.562
  0.000   730306.569
  0.000   730306.576
  0.000   730306.583
  0.000   730306.590
  0.000   730306.597
  0.000   730306.604
  0.000   730306.610
  0.000   730306.617
  0.000   730306.624
  0.000   730306.631
  0.000   730306.638
  0.000   730306.645
  0.000   730306.652
  0.000   730306.659
  0.000   730306.666
  7.910   730306.673
  0.000   730306.680
  0.000   730306.687
  0.000   730306.694
  0.000   730306.701
  0.000   730306.708
  0.000   730306.715
  0.000   730306.722
  0.000   730306.729
  0.000   730306.735
  1.939   730306.742
  0.000   730306.749
  0.000   730306.756
  0.000   730306.763
  0.000   730306.770
  0.000   730306.777
  0.000   730306.784
  0.000   730306.791
  0.000   730306.798
  0.000   730306.805
  0.000   730306.812
  0.000   730306.819
  0.000   730306.826
  0.000   730306.833
  0.000   730306.840
  0.000   730306.847
  0.000   730306.854
  0.000   730306.860
  0.000   730306.867
  0.000   730306.874
  0.000   730306.881
  0.000   730306.888
  0.000   730306.895
  0.000   730306.902
  0.000   730306.909
  0.000   730306.916
  0.000   730306.923
  0.000   730306.930
  0.000   730306.937
  0.000   730306.944
  0.000   730306.951
  0.000   730306.958
  0.000   730306.965
  0.000   730306.972
  0.000   730306.979
  0.000   730306.985
  0.000   730306.992
  0.000   730306.999
