  0.686   730306.006
  0.785   730306.013
  0.717   730306.020
  0.731   730306.027
  0.678   730306.034
  0.648   730306.041
  0.711   730306.048
  0.689   730306.055
  0.687   730306.062
  0.569   730306.069
  0.681   730306.076
  0.676   730306.083
  0.644   730306.090
  0.683   730306.097
  0.798   730306.104
  0.956   730306.110
  0.831   730306.117
  0.782   730306.124
  0.912   730306.131
  0.995   730306.138
  1.032   730306.145
  0.862   730306.152
  0.969   730306.159
  1.180   730306.166
  0.945   730306.173
  0.933   730306.180
  0.942   730306.187
  0.797   730306.194
  0.818   730306.201
  0.935   730306.208
  0.868   730306.215
  0.984   730306.222
  0.977   730306.229
  0.789   730306.235
  0.913   730306.242
  0.984   730306.249
  1.447   730306.256
  0.902   730306.263
  1.032   730306.270
  0.773   730306.277
  1.041   730306.284
  0.896   730306.291
  0.960   730306.298
  0.919   730306.305
  0.977   730306.312
  1.075   730306.319
  0.980   730306.326
  1.055   730306.333
  1.065   730306.340
  1.054   730306.347
  1.063   730306.354
  1.115   730306.360
  1.142   730306.367
  1.036   730306.374
  1.195   730306.381
  1.136   730306.388
  1.202   730306.395
  1.094   730306.402
  1.241   730306.409
  3.477   730306.416
  1.288   730306.423
  1.094   730306.430
  1.093   730306.437
  1.090   730306.444
  1.132   730306.451
  1.029   730306.458
  1.019   730306.465
  1.054   730306.472
  1.074   730306.479
  1.106   730306.485
  1.120   730306.492
  1.066   730306.499
  1.047   730306.506
  1.015   730306.513
  1.082   730306.520
  1.206   730306.527
  1.310   730306.534
  1.210   730306.541
  1.356   730306.548
  1.243   730306.555
  1.324   730306.562
  1.398   730306.569
  1.366   730306.576
  1.316   730306.583
  1.379   730306.590
  1.279   730306.597
  1.240   730306.604
  1.163   730306.610
  1.117   730306.617
  1.209   730306.624
  1.111   730306.631
  1.160   730306.638
  1.044   730306.645
  1.079   730306.652
  1.038   730306.659
  0.892   730306.666
  1.118   730306.673
  2.096   730306.680
  1.498   730306.687
  1.359   730306.694
  0.990   730306.701
  1.091   730306.708
  1.912   730306.715
  1.058   730306.722
  0.930   730306.729
  0.964   730306.735
  1.574   730306.742
  1.029   730306.749
  1.006   730306.756
  0.940   730306.763
  0.888   730306.770
  0.861   730306.777
  0.894   730306.784
  0.896   730306.791
  0.879   730306.798
  0.861   730306.805
  0.785   730306.812
  0.768   730306.819
  0.756   730306.826
  0.703   730306.833
  0.776   730306.840
  0.713   730306.847
  0.711   730306.854
  0.768   730306.860
  0.691   730306.867
  0.704   730306.874
  0.764   730306.881
  0.806   730306.888
  0.773   730306.895
  0.833   730306.902
  0.638   730306.909
  0.688   730306.916
  0.844   730306.923
  0.808   730306.930
  0.744   730306.937
  0.846   730306.944
  0.736   730306.951
  0.723   730306.958
  0.795   730306.965
  0.756   730306.972
  0.667   730306.979
  0.817   730306.985
  1.056   730306.992
  0.850   730306.999
