  0.682   730268.001
  0.302   730268.008
  0.292   730268.015
  0.290   730268.022
  0.293   730268.029
  0.333   730268.036
  0.388   730268.043
  0.421   730268.050
  0.407   730268.057
  0.420   730268.064
  0.503   730268.071
  0.472   730268.078
  0.544   730268.084
  0.491   730268.091
  0.456   730268.098
  0.556   730268.105
  0.463   730268.112
  0.463   730268.119
  0.414   730268.126
  0.407   730268.133
  0.410   730268.140
  0.382   730268.147
  0.446   730268.154
  0.431   730268.161
  0.404   730268.168
  0.457   730268.175
  0.417   730268.182
  0.400   730268.189
  0.457   730268.196
  0.436   730268.203
  0.450   730268.210
  0.437   730268.216
  0.468   730268.223
  0.405   730268.230
  0.510   730268.237
  0.452   730268.244
  0.459   730268.251
  0.521   730268.258
  0.440   730268.265
  0.506   730268.272
  0.477   730268.279
  0.549   730268.286
  0.613   730268.293
  0.589   730268.300
  0.570   730268.307
  0.557   730268.314
  0.535   730268.321
  0.647   730268.328
  0.662   730268.335
  0.698   730268.342
  0.608   730268.349
  0.681   730268.355
  0.679   730268.362
  0.666   730268.369
  0.709   730268.376
  0.673   730268.383
  0.658   730268.390
  0.710   730268.397
  0.793   730268.404
  0.714   730268.411
  0.672   730268.418
  0.723   730268.425
  0.759   730268.432
  0.735   730268.439
  7.003   730268.446
  0.753   730268.453
  0.715   730268.460
  0.763   730268.466
  0.719   730268.473
  0.755   730268.480
  0.760   730268.487
  0.761   730268.494
  0.794   730268.501
  0.780   730268.508
  0.726   730268.515
  0.788   730268.522
  0.815   730268.529
  0.830   730268.536
  0.827   730268.543
  0.876   730268.550
  0.837   730268.557
  0.816   730268.564
  0.824   730268.571
  0.929   730268.578
  0.999   730268.585
  0.826   730268.591
  0.900   730268.598
  0.863   730268.605
  0.946   730268.612
  0.879   730268.619
  0.975   730268.626
  0.879   730268.633
  0.975   730268.640
  0.970   730268.647
  1.051   730268.654
  0.935   730268.661
  0.977   730268.668
  0.995   730268.675
  1.059   730268.682
  1.100   730268.689
  1.040   730268.696
  1.177   730268.703
  1.022   730268.710
  1.177   730268.716
  1.052   730268.723
  1.136   730268.730
  1.230   730268.737
  1.192   730268.744
  1.170   730268.751
  1.199   730268.758
  1.164   730268.765
  1.311   730268.772
  1.219   730268.779
  1.087   730268.786
  1.138   730268.793
  1.199   730268.800
  1.256   730268.807
  1.178   730268.814
  1.208   730268.821
  1.231   730268.828
  1.184   730268.835
  1.280   730268.841
  1.092   730268.848
  1.252   730268.855
  1.315   730268.862
  1.108   730268.869
  1.214   730268.876
  1.210   730268.885
  1.154   730268.893
  1.274   730268.898
  1.222   730268.904
  1.194   730268.911
  1.208   730268.918
  1.203   730268.925
  1.462   730268.932
  1.341   730268.939
  8.805   730268.946
  1.461   730268.953
  1.269   730268.960
  1.319   730268.967
  1.599   730268.974
  1.411   730268.980
  1.465   730268.987
  1.495   730268.994
