  0.523   730291.001
  1.567   730291.007
  1.747   730291.014
  1.423   730291.021
  1.425   730291.028
  1.993   730291.035
  1.533   730291.042
  1.900   730291.049
  1.406   730291.056
  1.625   730291.063
  1.158   730291.070
  2.234   730291.077
  1.767   730291.084
  1.338   730291.091
  1.908   730291.098
  2.380   730291.105
  1.747   730291.112
  1.501   730291.119
  1.256   730291.126
  1.267   730291.132
  2.213   730291.139
  1.404   730291.146
  1.687   730291.153
  1.588   730291.160
  1.441   730291.167
  1.404   730291.174
  1.721   730291.181
  1.656   730291.188
  1.364   730291.195
  1.604   730291.202
  1.545   730291.209
  1.553   730291.216
  1.685   730291.223
  1.803   730291.230
  1.368   730291.237
  1.595   730291.244
  1.876   730291.251
  2.034   730291.257
  1.884   730291.264
  1.275   730291.271
  2.328   730291.278
  1.607   730291.285
  1.647   730291.292
  1.409   730291.299
  1.569   730291.306
  1.755   730291.313
  1.625   730291.320
  2.044   730291.327
  1.527   730291.334
  1.838   730291.341
  1.469   730291.348
  1.932   730291.355
  1.686   730291.362
  1.902   730291.369
  1.471   730291.376
  2.154   730291.382
  2.288   730291.389
  1.701   730291.396
  1.697   730291.403
  1.934   730291.410
  1.938   730291.417
  1.593   730291.424
  1.483   730291.431
  1.497   730291.438
  1.692   730291.445
  1.777   730291.452
  1.501   730291.459
  1.682   730291.466
  1.890   730291.473
  1.575   730291.480
  1.797   730291.487
  2.333   730291.494
  1.635   730291.501
  1.778   730291.508
  2.076   730291.514
  1.995   730291.521
  2.105   730291.528
  1.177   730291.535
  2.102   730291.542
  3.049   730291.549
  1.396   730291.556
  1.942   730291.563
  1.445   730291.570
  1.653   730291.577
  1.935   730291.584
  1.754   730291.591
  1.618   730291.598
  1.452   730291.605
  1.700   730291.612
  2.268   730291.619
  2.093   730291.626
  1.848   730291.633
  1.482   730291.639
  1.610   730291.646
  1.574   730291.653
  1.949   730291.660
  1.995   730291.667
  1.790   730291.674
  1.475   730291.681
  1.417   730291.688
  1.498   730291.695
  1.563   730291.702
  1.657   730291.709
  1.981   730291.716
  2.149   730291.723
  2.227   730291.730
  1.499   730291.737
  1.530   730291.744
  1.500   730291.751
  3.693   730291.757
  1.872   730291.764
  2.349   730291.771
  1.519   730291.778
  1.531   730291.785
  1.308   730291.792
  2.203   730291.799
  1.073   730291.806
  1.500   730291.813
  3.130   730291.820
  1.443   730291.827
  1.243   730291.834
  2.001   730291.841
  2.064   730291.848
  1.248   730291.855
  1.414   730291.862
  1.726   730291.869
  2.140   730291.876
  4.564   730291.883
  1.401   730291.889
  1.395   730291.896
  1.323   730291.903
  1.824   730291.910
  1.432   730291.917
  1.797   730291.924
  2.248   730291.931
  1.286   730291.938
  1.675   730291.945
  2.162   730291.952
  1.514   730291.959
  2.162   730291.966
  2.245   730291.973
  1.370   730291.980
  3.637   730291.987
  1.415   730291.994
