  0.289   730291.006
  0.295   730291.013
 41.561   730291.020
  0.255   730291.027
  0.944   730291.034
  0.300   730291.041
  0.269   730291.048
  0.294   730291.055
  0.292   730291.062
  0.257   730291.069
  0.307   730291.076
  0.283   730291.083
  0.284   730291.090
  0.294   730291.097
  0.280   730291.104
  0.269   730291.111
  0.277   730291.118
  0.282   730291.125
  0.262   730291.131
  6.963   730291.138
  0.263   730291.145
  0.248   730291.152
  0.254   730291.159
  0.273   730291.166
  0.269   730291.173
  0.277   730291.180
  0.279   730291.187
  0.270   730291.194
  3.146   730291.201
  0.277   730291.208
  0.267   730291.215
  0.278   730291.222
  0.253   730291.229
  0.255   730291.236
  0.241   730291.243
  0.264   730291.250
  0.251   730291.256
  0.225   730291.263
  0.280   730291.270
  0.253   730291.277
  0.261   730291.284
  0.264   730291.291
  0.256   730291.298
  0.315   730291.305
  0.297   730291.312
  0.243   730291.319
  0.269   730291.326
  0.260   730291.333
  0.261   730291.340
  0.300   730291.347
  0.266   730291.354
  2.536   730291.361
  0.549   730291.368
  0.269   730291.375
  0.237   730291.381
  0.254   730291.388
  0.264   730291.395
  0.266   730291.402
  0.243   730291.409
  0.234   730291.416
  0.254   730291.423
  0.279   730291.430
  0.267   730291.437
  0.249   730291.444
  0.259   730291.451
  0.267   730291.458
  0.282   730291.465
  0.299   730291.472
  0.266   730291.479
  0.268   730291.486
  0.291   730291.493
  0.288   730291.500
  0.257   730291.507
  0.278   730291.513
  0.266   730291.520
  0.260   730291.527
  0.264   730291.534
  0.301   730291.541
  0.258   730291.548
  0.244   730291.555
  0.252   730291.562
  0.257   730291.569
  0.275   730291.576
  0.268   730291.583
  0.270   730291.590
  0.266   730291.597
  0.255   730291.604
  0.271   730291.611
  0.248   730291.618
  0.254   730291.625
  0.340   730291.631
  0.244   730291.638
  0.259   730291.645
  0.256   730291.652
  6.288   730291.659
  0.261   730291.666
  0.240   730291.673
  0.242   730291.680
  0.274   730291.687
  0.248   730291.694
  0.214   730291.701
  0.237   730291.708
  0.248   730291.715
  0.257   730291.722
  0.241   730291.729
  0.268   730291.736
  0.264   730291.743
  0.264   730291.750
  0.253   730291.756
  0.246   730291.763
  0.260   730291.770
  0.285   730291.777
  0.247   730291.784
  0.239   730291.791
  0.277   730291.798
  0.277   730291.805
  0.259   730291.812
  0.267   730291.819
  0.286   730291.826
  0.283   730291.833
  0.232   730291.840
  0.264   730291.847
  0.280   730291.854
  0.274   730291.861
  0.268   730291.868
  0.291   730291.875
  0.289   730291.881
  0.291   730291.888
  0.274   730291.895
  0.330   730291.902
  0.323   730291.909
  0.312   730291.916
  0.272   730291.923
  5.553   730291.930
  0.284   730291.937
  0.293   730291.944
  0.283   730291.951
  0.290   730291.958
  0.281   730291.965
  0.283   730291.972
  0.309   730291.979
  6.721   730291.986
  0.263   730291.993
  0.307   730292.000
