  0.638   730291.006
  0.665   730291.013
  0.619   730291.020
  0.710   730291.027
  0.642   730291.034
  0.709   730291.041
  0.648   730291.048
  0.790   730291.055
  0.684   730291.062
  0.744   730291.069
  0.676   730291.076
  0.710   730291.083
  0.699   730291.090
  0.875   730291.097
  0.660   730291.104
  0.718   730291.111
  0.648   730291.118
  0.729   730291.125
  0.675   730291.131
  0.790   730291.138
  0.728   730291.145
  0.745   730291.152
  0.817   730291.159
  0.882   730291.166
  0.734   730291.173
  0.778   730291.180
  0.747   730291.187
  0.835   730291.194
  9.460   730291.201
  0.871   730291.208
  0.834   730291.215
  0.746   730291.222
  0.833   730291.229
  0.879   730291.236
  0.864   730291.243
  0.744   730291.250
  0.815   730291.256
  0.734   730291.263
  0.891   730291.270
  0.773   730291.277
  0.792   730291.284
  0.729   730291.291
  0.716   730291.298
  0.813   730291.305
  0.789   730291.312
  0.830   730291.319
  0.847   730291.326
  0.823   730291.333
  0.813   730291.340
  0.713   730291.347
  0.842   730291.354
  1.463   730291.361
  0.853   730291.368
  0.779   730291.375
  0.826   730291.381
  0.747   730291.388
  0.828   730291.395
  0.772   730291.402
  0.796   730291.409
  0.774   730291.416
  0.751   730291.423
  0.942   730291.430
  0.662   730291.437
  0.762   730291.444
  0.738   730291.451
  0.721   730291.458
  0.819   730291.465
  0.771   730291.472
  0.680   730291.479
  0.801   730291.486
  0.774   730291.493
  0.822   730291.500
  0.734   730291.507
  0.786   730291.513
  0.801   730291.520
  0.681   730291.527
  0.805   730291.534
  0.779   730291.541
  0.851   730291.548
  0.743   730291.555
  0.779   730291.562
  0.825   730291.569
  0.761   730291.576
  0.729   730291.583
  0.778   730291.590
  0.806   730291.597
  0.878   730291.604
  0.921   730291.611
  0.834   730291.618
  0.712   730291.625
  0.695   730291.631
  0.721   730291.638
  0.804   730291.645
  0.798   730291.652
  0.856   730291.659
  0.860   730291.666
  0.770   730291.673
  0.768   730291.680
  0.713   730291.687
  0.788   730291.694
  0.908   730291.701
  0.817   730291.708
  0.844   730291.715
  0.880   730291.722
  0.863   730291.729
  0.856   730291.736
  0.883   730291.743
  0.876   730291.750
  0.848   730291.756
  0.864   730291.763
  0.772   730291.770
  0.857   730291.777
  0.785   730291.784
  0.735   730291.791
  0.952   730291.798
  0.857   730291.805
  0.832   730291.812
  0.777   730291.819
  0.835   730291.826
  0.788   730291.833
  0.805   730291.840
  0.828   730291.847
  0.901   730291.854
  0.766   730291.861
  0.908   730291.868
  0.797   730291.875
  0.836   730291.881
  0.779   730291.888
  0.789   730291.895
  0.724   730291.902
  0.822   730291.909
  0.938   730291.916
  0.948   730291.923
  0.873   730291.930
  0.868   730291.937
  0.924   730291.944
  0.851   730291.951
  0.862   730291.958
  0.711   730291.965
  0.801   730291.972
  0.869   730291.979
  0.870   730291.986
 15.967   730291.993
  0.903   730292.000
