  0.300   730291.001
  1.056   730291.007
  1.221   730291.014
  1.249   730291.021
  1.284   730291.028
  1.179   730291.035
  1.256   730291.042
  1.222   730291.049
  1.142   730291.056
  1.207   730291.063
  1.202   730291.070
  1.365   730291.077
  1.336   730291.084
  1.260   730291.091
  1.236   730291.098
  1.378   730291.104
  1.359   730291.111
  1.126   730291.118
  1.230   730291.125
  1.383   730291.132
  1.233   730291.139
  1.205   730291.146
  1.303   730291.153
  1.375   730291.160
  1.355   730291.167
  1.254   730291.174
  1.400   730291.181
  1.395   730291.188
  1.392   730291.195
  1.406   730291.202
  1.386   730291.209
  1.196   730291.216
  1.182   730291.223
  1.261   730291.229
  1.225   730291.236
  1.388   730291.243
  1.285   730291.250
  1.359   730291.257
  1.265   730291.264
  1.230   730291.271
  1.472   730291.278
  1.287   730291.285
  1.324   730291.292
  1.315   730291.299
  1.331   730291.306
  1.408   730291.313
  1.472   730291.320
  1.428   730291.327
  1.234   730291.334
  1.280   730291.341
  1.316   730291.348
  1.314   730291.354
  1.417   730291.361
  1.171   730291.368
  1.273   730291.375
  1.318   730291.382
  1.255   730291.389
  1.216   730291.396
  1.174   730291.403
  1.200   730291.410
  1.200   730291.417
  1.259   730291.424
  1.336   730291.431
  1.343   730291.438
  7.551   730291.445
  1.184   730291.452
  1.208   730291.459
  1.348   730291.466
  1.352   730291.473
  1.177   730291.479
  1.290   730291.486
  1.283   730291.493
  1.436   730291.500
  1.133   730291.507
  1.562   730291.514
  1.472   730291.521
  1.274   730291.528
  1.453   730291.535
  1.414   730291.542
  1.438   730291.549
  1.615   730291.556
  1.456   730291.563
  1.668   730291.570
  1.364   730291.577
  1.226   730291.584
  1.396   730291.591
  1.388   730291.598
  1.608   730291.604
  1.676   730291.611
  1.502   730291.618
  1.425   730291.625
  2.089   730291.632
  1.442   730291.639
  1.500   730291.646
  1.448   730291.653
  1.633   730291.660
  1.500   730291.667
  1.569   730291.674
  1.590   730291.681
  1.405   730291.688
  1.495   730291.695
  1.590   730291.702
  1.581   730291.709
  1.571   730291.716
  1.553   730291.723
  1.518   730291.730
  1.633   730291.736
  1.385   730291.743
  1.689   730291.750
  1.430   730291.757
  1.599   730291.764
  1.700   730291.771
  1.396   730291.778
  1.693   730291.785
  1.663   730291.792
  1.569   730291.799
  1.721   730291.806
  1.493   730291.813
  1.409   730291.820
  1.509   730291.827
  1.537   730291.834
  1.409   730291.841
  1.360   730291.848
  1.381   730291.855
  1.448   730291.861
  1.449   730291.868
  1.281   730291.875
  1.239   730291.882
  1.428   730291.889
  1.344   730291.896
  1.231   730291.903
  1.052   730291.910
  1.296   730291.917
  1.334   730291.924
  1.206   730291.931
  1.249   730291.938
  5.987   730291.945
  1.178   730291.952
  0.998   730291.959
  1.207   730291.966
  1.232   730291.973
  1.894   730291.980
  1.217   730291.986
  1.126   730291.993
