  0.817   730291.001
  0.866   730291.007
  0.801   730291.014
  1.010   730291.021
  0.878   730291.028
  0.845   730291.035
  0.877   730291.042
  0.889   730291.049
  0.757   730291.056
  0.787   730291.063
  0.767   730291.070
  0.813   730291.077
  0.818   730291.084
  0.895   730291.091
  0.769   730291.098
  0.845   730291.105
  0.794   730291.112
  0.842   730291.119
  0.781   730291.126
  0.791   730291.132
  0.835   730291.139
  0.787   730291.146
  0.894   730291.153
  0.862   730291.160
  0.903   730291.167
  0.913   730291.174
  0.864   730291.181
  0.887   730291.188
  0.864   730291.195
  0.800   730291.202
  0.825   730291.209
  0.816   730291.216
  0.967   730291.223
  0.856   730291.230
  0.726   730291.237
  0.864   730291.244
  0.937   730291.251
  0.907   730291.257
  0.973   730291.264
  0.899   730291.271
  1.008   730291.278
  0.999   730291.285
  0.861   730291.292
  0.981   730291.299
  0.978   730291.306
  0.879   730291.313
  0.914   730291.320
  0.850   730291.327
  0.909   730291.334
  0.809   730291.341
  0.872   730291.348
  0.947   730291.355
  0.759   730291.362
  0.926   730291.369
  0.891   730291.376
  0.888   730291.382
  0.901   730291.389
  0.920   730291.396
  0.807   730291.403
  0.929   730291.410
  0.847   730291.417
  0.803   730291.424
  0.791   730291.431
  0.744   730291.438
  0.833   730291.445
  0.796   730291.452
  0.812   730291.459
  0.847   730291.466
  0.850   730291.473
  0.829   730291.480
  0.746   730291.487
  0.891   730291.494
  0.928   730291.501
  0.881   730291.508
  0.821   730291.514
  0.868   730291.521
  0.935   730291.528
  0.850   730291.535
  0.926   730291.542
  0.837   730291.549
  0.968   730291.556
  0.977   730291.563
  0.868   730291.570
  0.808   730291.577
  1.020   730291.584
  0.956   730291.591
  0.835   730291.598
  0.949   730291.605
  0.945   730291.612
  0.791   730291.619
  0.862   730291.626
  1.143   730291.633
  0.896   730291.639
  0.873   730291.646
  0.960   730291.653
  0.998   730291.660
  0.854   730291.667
  0.913   730291.674
  0.771   730291.681
  0.783   730291.688
  0.843   730291.695
  0.875   730291.702
  0.740   730291.709
  0.823   730291.716
  0.837   730291.723
  0.796   730291.730
  0.842   730291.737
  0.871   730291.744
  0.763   730291.751
  0.749   730291.757
  0.722   730291.764
  0.784   730291.771
  0.750   730291.778
  0.800   730291.785
  0.827   730291.792
  0.762   730291.799
  0.753   730291.806
  0.721   730291.813
  0.766   730291.820
  0.733   730291.827
  0.788   730291.834
  0.687   730291.841
  0.748   730291.848
  0.873   730291.855
  0.722   730291.862
  6.203   730291.869
  0.764   730291.876
  0.711   730291.883
  0.707   730291.889
  0.706   730291.896
  0.773   730291.903
  0.697   730291.910
  0.623   730291.917
  0.685   730291.924
  0.737   730291.931
  0.666   730291.938
  0.823   730291.945
  0.708   730291.952
  0.731   730291.959
  0.678   730291.966
  0.678   730291.973
  0.997   730291.980
  0.757   730291.987
  0.683   730291.994
