  0.300   730419.007
  1.071   730419.007
  1.119   730419.013
  1.054   730419.019
  1.057   730419.021
  1.016   730419.027
  1.221   730419.034
  0.984   730419.041
  1.153   730419.049
  1.050   730419.055
  1.062   730419.062
  1.182   730419.068
  1.074   730419.075
  1.139   730419.082
  1.137   730419.089
  1.139   730419.096
  1.273   730419.103
  1.027   730419.110
  1.181   730419.117
  1.013   730419.124
  1.259   730419.131
  1.159   730419.138
  1.091   730419.145
  1.312   730419.152
  1.267   730419.159
  0.917   730419.159
  1.060   730419.166
  1.265   730419.173
  1.270   730419.180
  1.025   730419.186
  1.183   730419.193
  1.082   730419.200
  1.337   730419.207
  1.215   730419.214
  1.193   730419.221
 17.020   730419.228
  1.210   730419.235
  1.302   730419.242
  1.354   730419.249
  1.106   730419.256
  1.136   730419.263
  1.010   730419.270
  1.171   730419.277
  1.107   730419.284
  1.225   730419.291
  1.217   730419.298
  1.081   730419.305
  1.171   730419.312
  1.149   730419.318
  1.142   730419.325
  1.112   730419.332
  0.928   730419.332
  1.085   730419.339
  1.114   730419.346
  1.127   730419.353
  1.219   730419.360
  1.023   730419.367
 12.145   730419.374
  1.165   730419.381
  1.045   730419.388
  1.094   730419.395
  1.110   730419.402
  1.130   730419.409
  1.170   730419.416
  1.167   730419.423
  1.356   730419.430
  1.274   730419.436
  1.358   730419.443
  1.148   730419.450
  1.172   730419.457
  1.313   730419.464
  1.276   730419.471
  1.477   730419.478
  1.312   730419.485
  1.494   730419.492
  1.442   730419.499
  1.575   730419.506
  1.070   730419.506
  1.519   730419.513
  1.493   730419.520
  1.404   730419.527
  1.425   730419.534
  1.519   730419.541
  1.476   730419.548
  1.336   730419.555
  1.324   730419.561
  1.408   730419.568
  1.240   730419.575
  1.405   730419.582
  1.383   730419.589
  1.534   730419.596
  1.630   730419.603
  1.437   730419.610
  1.670   730419.617
  1.738   730419.624
  1.428   730419.631
  1.460   730419.638
  1.513   730419.645
  1.431   730419.652
  1.408   730419.659
  1.421   730419.666
  1.508   730419.673
  1.669   730419.680
  1.149   730419.680
  1.637   730419.687
  1.525   730419.693
  1.486   730419.700
  1.672   730419.707
  1.582   730419.714
  1.321   730419.721
  1.429   730419.728
  1.640   730419.735
  1.520   730419.742
  1.635   730419.749
  1.574   730419.756
  1.329   730419.763
  1.335   730419.771
