  0.870   729706.180
  0.850   729706.190
  0.900   729706.190
  0.890   729706.200
  0.900   729706.210
  0.900   729706.210
  0.810   729706.220
  0.770   729706.230
  0.800   729706.240
  0.740   729706.240
  0.780   729706.250
  0.710   729706.260
  0.690   729706.260
  0.710   729706.270
  0.660   729706.280
  0.670   729706.280
  0.670   729706.290
  0.710   729706.300
  0.660   729706.300
  0.730   729706.310
  0.680   729706.320
  0.670   729706.330
  0.610   729706.330
  0.680   729706.340
  0.670   729706.350
  0.680   729706.350
  0.610   729706.360
  0.640   729706.370
  0.600   729706.370
  0.650   729706.380
  0.590   729706.390
  0.650   729706.400
  0.590   729706.400
  0.520   729706.410
  0.570   729706.420
  0.490   729706.420
  0.570   729706.430
  0.610   729706.440
  0.550   729706.440
  0.580   729706.450
  0.520   729706.460
  0.530   729706.460
  0.480   729706.470
    NaN   729706.480
    NaN   729706.490
  0.540   729706.490
  0.500   729706.500
  0.500   729706.510
  0.490   729706.510
  0.560   729706.520
  0.510   729706.530
  0.510   729706.530
  0.470   729706.540
  0.550   729706.550
  0.510   729706.550
  0.500   729706.560
  0.560   729706.570
  0.490   729706.580
  0.470   729706.580
  0.490   729706.590
  0.510   729706.600
  0.500   729706.600
  0.550   729706.610
  0.490   729706.620
  0.470   729706.620
  0.500   729706.630
  0.550   729706.640
  0.540   729706.650
  0.570   729706.650
  0.510   729706.660
  0.430   729706.670
  0.460   729706.670
  0.440   729706.680
  0.480   729706.690
  0.490   729706.690
  0.540   729706.710
  0.490   729706.720
  0.440   729706.730
  0.480   729706.740
  0.440   729706.740
  0.470   729706.750
  0.450   729706.760
  0.490   729706.760
  0.430   729706.770
  0.480   729706.780
  0.470   729706.780
  0.470   729706.780
  0.470   729706.780
  0.470   729706.780
  0.470   729706.780
  0.470   729706.780
  0.470   729706.780
  0.470   729706.780
  0.470   729706.780
  0.470   729706.780
  0.470   729706.780
  0.470   729706.780
  0.470   729706.780
  0.470   729706.780
  0.470   729706.780
  0.470   729706.780
  0.470   729706.780
  0.470   729706.780
  0.470   729706.780
  0.470   729706.780
  0.470   729706.780
  0.390   729706.960
  0.360   729706.960
  0.380   729706.970
    NaN   729706.990
  0.380   729706.990
