  0.000   730297.006
  0.000   730297.013
  0.000   730297.020
  0.000   730297.027
  0.000   730297.034
  0.000   730297.041
  0.000   730297.048
  0.000   730297.055
  0.000   730297.062
  0.000   730297.069
  0.000   730297.076
  0.000   730297.083
  0.000   730297.090
  0.000   730297.097
  0.000   730297.104
  0.000   730297.110
  0.000   730297.117
  0.000   730297.124
  0.000   730297.131
  0.000   730297.138
  0.000   730297.145
  0.000   730297.152
  0.000   730297.159
  0.000   730297.166
  0.000   730297.173
  0.000   730297.180
  0.000   730297.187
  0.000   730297.194
  0.000   730297.201
  4.287   730297.208
  0.000   730297.215
  0.000   730297.222
  0.000   730297.229
  0.000   730297.235
  0.000   730297.242
  0.000   730297.249
  0.000   730297.256
  0.000   730297.263
  0.000   730297.270
  0.000   730297.277
  0.000   730297.284
  0.000   730297.291
  0.000   730297.298
  0.000   730297.305
  0.000   730297.312
  0.000   730297.319
  0.000   730297.326
  0.000   730297.333
  0.000   730297.340
  0.000   730297.347
  0.000   730297.354
  0.000   730297.360
  0.000   730297.367
  0.000   730297.374
  0.000   730297.381
  0.000   730297.388
  0.000   730297.395
  0.000   730297.402
  0.000   730297.409
  0.000   730297.416
  0.000   730297.423
  0.000   730297.430
  0.000   730297.437
  0.000   730297.444
  0.000   730297.451
  0.000   730297.458
  0.000   730297.465
  0.000   730297.472
  0.000   730297.479
  0.000   730297.485
  0.000   730297.492
  0.000   730297.499
  0.000   730297.506
  0.000   730297.513
  0.000   730297.520
  0.000   730297.527
  0.000   730297.534
  0.000   730297.541
  0.000   730297.548
  0.000   730297.555
  0.000   730297.562
  0.000   730297.569
  0.000   730297.576
  0.000   730297.583
  0.000   730297.590
  0.000   730297.597
  0.000   730297.604
  7.672   730297.610
  0.000   730297.617
  0.000   730297.624
  0.000   730297.631
  0.000   730297.638
  0.000   730297.645
  0.000   730297.652
  4.803   730297.659
  0.000   730297.666
  0.000   730297.673
  0.000   730297.680
  0.000   730297.687
  0.000   730297.694
  0.000   730297.701
  0.000   730297.708
  0.000   730297.715
  0.000   730297.722
  0.000   730297.729
  0.000   730297.735
  0.000   730297.742
  0.000   730297.749
  0.000   730297.756
  1.766   730297.763
  0.000   730297.770
  0.000   730297.777
  0.000   730297.784
  3.868   730297.791
  0.000   730297.798
  0.000   730297.805
  0.000   730297.812
  0.000   730297.819
  0.000   730297.826
  0.000   730297.833
  0.000   730297.840
  0.000   730297.847
  0.000   730297.854
  7.662   730297.860
  0.000   730297.867
  0.000   730297.874
  0.000   730297.881
  0.000   730297.888
  0.000   730297.895
  0.000   730297.902
  0.000   730297.909
  0.000   730297.916
  0.000   730297.923
  0.000   730297.930
  3.573   730297.937
  0.000   730297.944
  0.000   730297.951
  0.000   730297.958
  0.000   730297.965
  0.000   730297.972
  0.000   730297.979
  0.000   730297.985
  0.000   730297.992
  0.000   730297.999
