  0.383   730150.002
  0.402   730150.009
  0.360   730150.016
  0.369   730150.023
  0.315   730150.030
  0.376   730150.037
  0.342   730150.044
  0.319   730150.051
  0.300   730150.058
  0.294   730150.065
  0.319   730150.072
  0.283   730150.078
  0.255   730150.085
  0.267   730150.092
  0.274   730150.099
  0.288   730150.106
    NaN   730150.114
  0.310   730150.120
  0.259   730150.127
  0.249   730150.134
  0.256   730150.141
  0.236   730150.148
  0.274   730150.156
  0.272   730150.162
  0.258   730150.169
  0.248   730150.176
  0.273   730150.183
  0.232   730150.190
  0.254   730150.197
  0.235   730150.203
  0.222   730150.210
  0.251   730150.217
  0.215   730150.224
  0.215   730150.231
  0.236   730150.238
  0.196   730150.245
  0.245   730150.252
  0.224   730150.259
  0.222   730150.267
  0.229   730150.273
  0.242   730150.280
  0.226   730150.287
  0.235   730150.294
  0.218   730150.301
  0.216   730150.308
  0.226   730150.315
  0.224   730150.322
  0.227   730150.328
  0.204   730150.335
  0.228   730150.342
  0.206   730150.349
  0.229   730150.356
  0.172   730150.363
  0.209   730150.372
  0.207   730150.377
  0.236   730150.384
  0.207   730150.391
  0.220   730150.398
  0.424   730150.405
  0.251   730150.412
  0.249   730150.419
  0.268   730150.426
  0.288   730150.433
  0.293   730150.440
  0.277   730150.447
  0.295   730150.454
  0.296   730150.460
  0.288   730150.467
  0.291   730150.474
  0.287   730150.481
  0.309   730150.488
  0.337   730150.495
  0.314   730150.502
  0.338   730150.509
  0.312   730150.516
  0.299   730150.523
  0.275   730150.530
  0.281   730150.537
  0.325   730150.544
  0.297   730150.551
  0.273   730150.558
  0.311   730150.565
  0.273   730150.572
  0.269   730150.578
  0.264   730150.585
  0.242   730150.592
  0.267   730150.599
  0.267   730150.606
  0.270   730150.613
  0.263   730150.620
  0.292   730150.627
  0.271   730150.634
  0.273   730150.641
  0.237   730150.648
  0.258   730150.655
  0.242   730150.662
  0.246   730150.669
  0.231   730150.676
  0.260   730150.683
  0.263   730150.690
  0.242   730150.697
  0.242   730150.703
  0.260   730150.710
  0.278   730150.717
  0.253   730150.724
  0.238   730150.731
  0.244   730150.738
  0.216   730150.745
  0.217   730150.752
  0.244   730150.759
  0.259   730150.766
  0.253   730150.773
  0.244   730150.780
  0.251   730150.787
  0.242   730150.794
  0.255   730150.801
  0.222   730150.808
  0.275   730150.815
  0.266   730150.822
  0.242   730150.828
  0.220   730150.835
  0.242   730150.842
  0.291   730150.849
  0.287   730150.856
  0.284   730150.863
  0.304   730150.870
  0.336   730150.877
  0.334   730150.884
  0.319   730150.891
  0.353   730150.898
  0.302   730150.905
  0.330   730150.912
  0.280   730150.919
  0.339   730150.926
  0.327   730150.933
  0.296   730150.940
  0.282   730150.947
  0.323   730150.953
  0.321   730150.960
  0.300   730150.967
  0.313   730150.974
  0.310   730150.981
  0.289   730150.988
  0.342   730150.995
