  0.019   730330.002
  0.099   730330.002
  0.626   730330.002
  0.010   730330.008
  0.006   730330.015
  0.017   730330.022
  0.000   730330.029
  0.031   730330.036
  0.030   730330.043
  0.037   730330.050
  0.037   730330.056
  0.000   730330.063
  0.000   730330.070
  0.003   730330.077
  0.000   730330.084
  0.000   730330.091
  0.931   730330.098
  0.000   730330.105
  0.000   730330.112
  0.000   730330.119
  0.000   730330.126
  0.000   730330.133
  0.000   730330.140
  1.659   730330.147
  0.000   730330.154
  0.000   730330.161
  0.005   730330.168
  0.000   730330.175
  0.000   730330.181
  0.006   730330.188
  0.004   730330.195
  0.015   730330.202
  0.067   730330.209
  0.162   730330.216
  0.294   730330.223
  0.424   730330.230
  0.369   730330.237
  0.375   730330.244
  0.452   730330.251
  0.434   730330.258
  0.427   730330.265
  0.405   730330.272
  0.371   730330.279
  0.416   730330.286
  0.380   730330.293
  0.405   730330.300
  0.350   730330.306
  0.309   730330.313
  0.325   730330.320
  0.323   730330.327
  0.342   730330.335
  1.572   730330.341
  0.357   730330.348
  0.328   730330.355
  0.340   730330.362
  0.295   730330.369
  0.310   730330.376
  0.335   730330.383
  0.318   730330.390
  0.302   730330.397
  0.271   730330.404
  0.254   730330.411
  0.007   730330.418
  0.008   730330.424
  0.008   730330.431
  0.007   730330.438
  0.008   730330.445
  0.007   730330.452
  0.008   730330.459
  0.008   730330.466
  0.007   730330.473
  0.008   730330.480
  0.357   730330.487
  0.198   730330.494
  0.252   730330.501
  0.205   730330.508
  0.239   730330.515
  0.236   730330.522
  0.223   730330.529
  0.208   730330.536
  0.205   730330.542
  0.226   730330.549
  0.201   730330.556
  0.200   730330.563
  0.206   730330.570
  0.196   730330.577
  0.195   730330.584
  0.201   730330.591
  0.189   730330.598
  0.183   730330.605
  0.206   730330.612
  0.158   730330.619
  3.199   730330.626
  0.161   730330.633
  0.203   730330.640
  0.188   730330.647
  0.166   730330.654
  0.181   730330.661
  0.183   730330.668
  0.180   730330.674
  0.169   730330.681
  0.150   730330.688
  0.164   730330.695
  0.140   730330.702
  0.166   730330.709
  0.159   730330.716
  0.172   730330.723
  0.160   730330.730
  0.154   730330.737
  0.154   730330.744
  0.132   730330.751
  0.132   730330.758
  0.146   730330.765
  0.142   730330.772
  0.146   730330.779
  0.142   730330.786
  0.155   730330.793
  0.140   730330.800
  0.134   730330.807
  0.689   730330.813
  0.133   730330.820
  0.141   730330.827
  0.134   730330.834
  2.108   730330.841
  0.134   730330.848
  0.146   730330.855
  0.618   730330.862
  0.150   730330.869
  0.124   730330.876
  0.130   730330.883
  0.134   730330.890
  0.131   730330.897
  0.123   730330.904
  0.129   730330.911
  0.120   730330.918
  0.133   730330.925
  0.124   730330.931
  0.133   730330.938
  0.110   730330.945
  0.134   730330.952
  0.120   730330.959
  0.130   730330.966
  0.109   730330.973
  0.111   730330.980
  0.109   730330.987
  0.117   730330.994
