  0.016   730330.006
  0.031   730330.006
  0.018   730330.013
  0.014   730330.013
  0.015   730330.020
  0.009   730330.027
  0.033   730330.027
  0.019   730330.034
  0.021   730330.034
  0.016   730330.041
  0.018   730330.048
  0.017   730330.048
  0.018   730330.055
  0.017   730330.062
  0.014   730330.062
  0.018   730330.069
  0.028   730330.076
  0.021   730330.076
  0.023   730330.083
  0.033   730330.083
  0.023   730330.090
  0.014   730330.097
  0.192   730330.097
  0.134   730330.104
  0.343   730330.104
  0.796   730330.110
  0.180   730330.117
  0.251   730330.117
  0.188   730330.124
  0.196   730330.124
  0.227   730330.131
  0.241   730330.138
  0.215   730330.138
  0.224   730330.145
  0.158   730330.145
  0.246   730330.152
  0.138   730330.159
  0.266   730330.159
  0.216   730330.166
  0.176   730330.166
  0.243   730330.173
  0.538   730330.180
  0.255   730330.180
  0.230   730330.187
  0.098   730330.194
  0.225   730330.194
  0.686   730330.201
  0.167   730330.201
  0.241   730330.208
  0.177   730330.215
  0.234   730330.215
  0.248   730330.222
  0.043   730330.222
  0.327   730330.229
  0.265   730330.235
  0.330   730330.235
  0.247   730330.242
  0.372   730330.249
  0.214   730330.249
  0.271   730330.256
  0.619   730330.256
  0.260   730330.263
  0.170   730330.270
  0.244   730330.270
  0.214   730330.277
  0.248   730330.277
  0.259   730330.284
  0.293   730330.291
  0.242   730330.291
  0.198   730330.298
  0.154   730330.298
  0.223   730330.305
  0.248   730330.312
  0.258   730330.312
  0.209   730330.319
  0.177   730330.319
  0.306   730330.326
  0.494   730330.333
  0.249   730330.333
  0.243   730330.340
  0.242   730330.340
  0.215   730330.347
  0.297   730330.354
  0.226   730330.354
  0.234   730330.360
  0.028   730330.360
  0.241   730330.367
  0.337   730330.374
  0.227   730330.374
  0.228   730330.381
  0.069   730330.388
  0.221   730330.388
  0.239   730330.395
  0.190   730330.395
  0.242   730330.402
  0.186   730330.409
  0.274   730330.409
  0.237   730330.416
  0.114   730330.416
  0.210   730330.423
  0.150   730330.430
  0.226   730330.430
  0.256   730330.437
  0.392   730330.444
  0.206   730330.444
  0.230   730330.451
  0.173   730330.451
  0.272   730330.458
  0.203   730330.465
  0.310   730330.465
  0.273   730330.472
  0.514   730330.479
  0.237   730330.479
  0.196   730330.485
  0.496   730330.492
  0.212   730330.492
  0.207   730330.499
  0.186   730330.506
  0.193   730330.506
  0.206   730330.513
  0.576   730330.520
  0.211   730330.520
  0.192   730330.527
  0.267   730330.534
  0.109   730330.534
  0.186   730330.541
  0.270   730330.548
  0.134   730330.555
  0.248   730330.555
  0.164   730330.562
  0.140   730330.569
  0.465   730330.576
  0.202   730330.576
  0.181   730330.583
  0.215   730330.590
  0.269   730330.590
  0.189   730330.597
  0.161   730330.604
  0.204   730330.610
  0.209   730330.610
  0.248   730330.617
  0.158   730330.624
  0.386   730330.631
  0.199   730330.631
  0.197   730330.638
  0.211   730330.645
  0.075   730330.652
  0.177   730330.652
  0.168   730330.659
  0.214   730330.666
  0.399   730330.666
  0.212   730330.673
  0.212   730330.680
  0.203   730330.687
  0.119   730330.687
  0.147   730330.694
  0.192   730330.701
  0.226   730330.708
  0.380   730330.708
  0.163   730330.715
  0.174   730330.722
  0.171   730330.729
  0.178   730330.729
  0.216   730330.735
  0.463   730330.742
  0.092   730330.749
  0.212   730330.749
  0.215   730330.756
  0.275   730330.763
  0.395   730330.763
  0.264   730330.770
  0.214   730330.777
  0.150   730330.784
  0.263   730330.784
  0.235   730330.791
  0.180   730330.798
  0.400   730330.805
  0.205   730330.805
  0.241   730330.812
  0.215   730330.819
  0.233   730330.819
  0.206   730330.826
  0.222   730330.833
  0.064   730330.840
  0.195   730330.840
  0.190   730330.847
  0.288   730330.854
  0.117   730330.854
  0.276   730330.860
  0.228   730330.867
  0.271   730330.874
  0.311   730330.874
  0.226   730330.881
  0.181   730330.888
  0.129   730330.895
  0.219   730330.895
  0.168   730330.902
  0.218   730330.909
  0.434   730330.916
  0.204   730330.916
  0.228   730330.923
  0.244   730330.930
  0.168   730330.937
  0.214   730330.937
  0.220   730330.944
  0.335   730330.951
  0.117   730330.958
  0.212   730330.958
  0.162   730330.965
  0.190   730330.972
  0.325   730330.972
  0.109   730330.979
  0.126   730330.985
  0.095   730330.992
  0.037   730330.992
    NaN   730330.999
