  0.159   730330.003
  0.005   730330.003
  0.129   730330.003
  0.161   730330.008
  0.157   730330.015
  0.167   730330.022
  0.165   730330.029
  0.166   730330.036
  0.162   730330.043
  0.183   730330.050
  0.192   730330.056
  0.190   730330.064
  0.182   730330.071
  0.175   730330.078
  0.177   730330.084
  0.172   730330.092
  0.188   730330.098
  0.178   730330.105
  0.191   730330.112
  0.201   730330.119
  0.246   730330.126
  0.191   730330.133
  0.249   730330.140
  0.246   730330.147
  0.281   730330.154
  0.330   730330.161
  0.253   730330.168
  0.289   730330.175
  0.293   730330.182
  0.231   730330.189
  0.274   730330.196
  0.293   730330.203
  0.316   730330.210
  0.267   730330.216
  0.300   730330.224
  0.285   730330.230
  0.305   730330.237
  0.234   730330.244
  0.259   730330.251
  0.274   730330.258
  0.274   730330.265
  0.259   730330.272
  0.263   730330.279
  0.275   730330.286
  0.257   730330.293
  0.267   730330.300
  0.244   730330.307
  0.210   730330.314
  0.235   730330.321
  0.249   730330.327
  0.229   730330.335
  0.227   730330.341
  0.251   730330.348
  0.231   730330.355
  0.217   730330.362
  0.224   730330.369
  0.229   730330.376
  0.197   730330.383
  0.208   730330.390
  0.188   730330.397
  0.181   730330.404
  0.188   730330.411
  0.176   730330.418
  0.184   730330.425
  5.407   730330.432
  0.169   730330.439
  0.191   730330.446
  0.177   730330.453
  0.155   730330.459
  0.158   730330.466
  0.167   730330.473
  0.151   730330.480
  0.162   730330.487
  0.135   730330.494
  0.153   730330.501
  0.144   730330.508
  0.151   730330.515
  0.139   730330.522
  0.151   730330.529
  0.136   730330.536
  0.141   730330.543
  0.134   730330.550
  0.136   730330.557
  0.141   730330.564
  0.146   730330.571
  0.133   730330.578
  0.120   730330.584
  0.124   730330.591
  0.118   730330.598
  0.120   730330.605
  0.112   730330.612
  0.124   730330.619
  0.125   730330.626
  0.126   730330.633
  0.114   730330.640
  0.132   730330.647
  0.106   730330.654
  0.119   730330.661
  0.107   730330.668
  0.118   730330.675
  0.117   730330.682
  0.097   730330.689
  0.105   730330.696
  0.117   730330.703
  0.104   730330.709
  0.111   730330.716
  0.115   730330.723
  0.113   730330.730
  0.114   730330.737
  0.092   730330.744
  0.112   730330.751
  0.107   730330.758
  0.120   730330.765
  0.108   730330.772
  0.121   730330.779
  0.114   730330.786
  0.111   730330.793
  0.097   730330.800
  0.111   730330.807
  0.117   730330.814
  0.087   730330.821
  0.107   730330.828
  0.110   730330.835
  0.104   730330.842
  0.103   730330.848
  0.123   730330.855
  0.104   730330.862
  0.099   730330.869
  0.106   730330.876
  0.110   730330.883
  0.095   730330.890
  0.113   730330.897
  0.099   730330.904
  0.097   730330.911
  0.103   730330.918
  0.098   730330.925
  5.169   730330.932
  0.099   730330.939
  0.099   730330.946
  0.105   730330.953
  0.103   730330.960
  0.099   730330.966
  0.107   730330.974
  0.103   730330.980
  0.096   730330.987
  0.096   730330.994
