  0.037   730330.002
  0.007   730330.002
  0.030   730330.002
  0.037   730330.008
  0.040   730330.014
  0.039   730330.021
  0.038   730330.028
  0.039   730330.035
  0.041   730330.042
  0.041   730330.049
  0.038   730330.056
  0.040   730330.063
  0.042   730330.070
  0.041   730330.077
  0.035   730330.084
  0.036   730330.091
  0.094   730330.098
  0.045   730330.105
  0.034   730330.111
  0.042   730330.119
    NaN   730330.125
  0.041   730330.132
  0.042   730330.139
  0.041   730330.146
  0.040   730330.153
  0.038   730330.160
  0.039   730330.167
  0.033   730330.174
  0.038   730330.181
  0.040   730330.188
  0.035   730330.195
  0.040   730330.202
  0.036   730330.209
  0.040   730330.216
  0.037   730330.223
  0.039   730330.230
  0.036   730330.236
  0.039   730330.243
  0.038   730330.251
  0.037   730330.257
  0.037   730330.264
  0.035   730330.271
  0.041   730330.278
  0.035   730330.285
  0.037   730330.292
  0.034   730330.299
  0.039   730330.306
  0.038   730330.313
  0.042   730330.320
  0.040   730330.327
  0.040   730330.334
  0.037   730330.341
  0.039   730330.348
  0.037   730330.355
  0.046   730330.362
  0.039   730330.368
  0.035   730330.375
  0.035   730330.382
  0.038   730330.389
  0.040   730330.396
  0.039   730330.403
  0.042   730330.410
  0.042   730330.417
  0.043   730330.424
  0.041   730330.431
  0.043   730330.438
  0.043   730330.445
  0.046   730330.452
  0.044   730330.459
  0.048   730330.466
  0.045   730330.473
  0.048   730330.480
  0.051   730330.486
  0.043   730330.493
  0.046   730330.500
  0.054   730330.507
  0.054   730330.514
  0.052   730330.521
  0.053   730330.528
  0.052   730330.535
  0.055   730330.542
  0.050   730330.549
  0.056   730330.556
  0.052   730330.563
  0.052   730330.570
  0.052   730330.577
  0.055   730330.584
  0.052   730330.591
  0.052   730330.598
  0.055   730330.605
  0.055   730330.612
  0.049   730330.618
  0.058   730330.625
  0.053   730330.632
  0.054   730330.639
  0.057   730330.646
  0.046   730330.653
  0.052   730330.660
  0.055   730330.667
  0.050   730330.674
  0.052   730330.681
  0.048   730330.688
  0.054   730330.695
  0.046   730330.702
  0.045   730330.709
  0.051   730330.716
  0.052   730330.723
  0.055   730330.730
  0.053   730330.736
  0.049   730330.743
  0.054   730330.750
  0.051   730330.757
  0.047   730330.764
  0.045   730330.771
  0.048   730330.778
  0.050   730330.785
  0.055   730330.792
  0.058   730330.799
  0.052   730330.806
  0.090   730330.813
  0.052   730330.820
  0.053   730330.827
  0.050   730330.834
  0.051   730330.841
  0.050   730330.848
  0.054   730330.855
  0.095   730330.862
  0.056   730330.869
  0.052   730330.875
  0.048   730330.882
  0.050   730330.889
  0.057   730330.896
  0.051   730330.903
  0.046   730330.910
  0.054   730330.917
  1.740   730330.924
  0.049   730330.931
  0.060   730330.938
  0.046   730330.945
  0.055   730330.952
  0.052   730330.959
  0.053   730330.966
  0.141   730330.973
  0.059   730330.980
  0.057   730330.987
  0.049   730330.994
