  2.311   730330.004
  0.860   730330.004
  1.152   730330.004
  3.799   730330.009
  3.271   730330.016
  1.978   730330.023
  2.275   730330.030
  2.319   730330.037
 11.739   730330.044
  0.939   730330.051
  7.965   730330.056
  1.138   730330.064
  0.891   730330.071
  3.766   730330.078
  2.107   730330.085
  5.054   730330.092
  1.086   730330.099
  7.186   730330.106
  2.466   730330.113
  6.936   730330.120
  1.245   730330.127
  0.000   730330.134
  0.000   730330.141
  1.813   730330.148
  0.000   730330.155
  0.000   730330.162
  0.000   730330.169
  0.000   730330.176
  0.747   730330.182
  0.000   730330.189
  0.000   730330.196
  0.835   730330.203
  0.000   730330.210
  0.000   730330.217
  0.000   730330.224
  0.537   730330.231
  0.779   730330.238
  0.000   730330.245
  0.849   730330.252
  0.000   730330.259
  0.000   730330.266
  0.000   730330.273
  1.648   730330.280
  0.000   730330.287
  0.432   730330.294
  0.705   730330.301
  7.855   730330.307
  9.938   730330.314
  0.301   730330.321
  2.484   730330.328
  1.180   730330.336
  1.412   730330.342
  0.575   730330.349
  7.077   730330.356
  2.536   730330.363
  3.456   730330.370
  2.176   730330.377
  6.572   730330.384
  0.000   730330.391
  0.000   730330.398
  0.000   730330.405
  0.093   730330.412
 13.186   730330.419
  0.000   730330.425
  0.000   730330.432
  0.000   730330.439
  0.000   730330.446
  0.108   730330.453
  0.000   730330.460
  0.000   730330.467
  0.000   730330.474
  0.004   730330.481
  4.144   730330.488
  0.000   730330.495
  3.918   730330.502
  0.000   730330.509
  0.000   730330.516
  0.000   730330.523
  0.000   730330.530
  0.025   730330.537
  4.324   730330.543
  3.782   730330.550
  4.218   730330.558
  0.103   730330.564
  0.000   730330.571
  0.000   730330.578
  0.000   730330.585
  0.000   730330.592
  0.006   730330.599
  2.616   730330.606
  0.000   730330.613
  0.000   730330.620
  0.000   730330.627
  0.128   730330.634
  1.600   730330.641
  0.000   730330.648
  0.000   730330.655
  0.000   730330.662
  0.000   730330.669
  0.000   730330.675
  1.619   730330.683
  0.000   730330.689
  0.000   730330.696
  0.000   730330.703
  4.675   730330.710
  0.025   730330.717
  0.000   730330.724
  0.000   730330.731
  0.068   730330.738
  1.411   730330.745
  0.154   730330.752
  0.139   730330.759
  4.978   730330.766
  0.000   730330.773
  0.470   730330.780
  0.000   730330.787
  0.000   730330.794
  0.000   730330.801
  0.000   730330.808
  5.926   730330.814
  0.000   730330.821
  3.501   730330.828
  0.000   730330.835
  0.000   730330.842
  0.000   730330.849
  0.000   730330.856
  6.893   730330.863
  0.000   730330.870
  0.010   730330.877
  2.745   730330.884
  0.049   730330.891
  0.000   730330.898
  4.037   730330.905
  0.000   730330.912
  0.000   730330.919
  0.005   730330.926
  0.000   730330.932
  0.142   730330.940
  2.341   730330.946
  0.000   730330.953
  0.000   730330.960
  0.000   730330.967
  0.000   730330.974
  0.000   730330.981
  0.921   730330.988
  0.000   730330.995
