  0.479   730330.003
  0.104   730330.003
  0.895   730330.003
  0.487   730330.009
  0.481   730330.016
  0.502   730330.023
  0.446   730330.030
  0.516   730330.036
  0.511   730330.044
  0.625   730330.050
  1.091   730330.056
  0.567   730330.064
  0.608   730330.071
  0.587   730330.078
  0.533   730330.085
  1.133   730330.092
  0.609   730330.099
  0.541   730330.106
  0.533   730330.113
  0.556   730330.120
  0.568   730330.127
  0.606   730330.134
  0.541   730330.140
  0.577   730330.147
  0.539   730330.154
  0.603   730330.161
  0.607   730330.168
  0.501   730330.175
  0.570   730330.182
  0.629   730330.189
  0.638   730330.196
  0.534   730330.203
  0.625   730330.210
  0.575   730330.217
  0.562   730330.224
  0.643   730330.231
  0.527   730330.238
  0.604   730330.245
  0.541   730330.252
  0.566   730330.258
  0.543   730330.265
  0.602   730330.272
  0.528   730330.279
  0.501   730330.286
  0.542   730330.293
  0.516   730330.300
  0.526   730330.307
  0.547   730330.314
  0.516   730330.321
  0.566   730330.328
  0.509   730330.335
  0.691   730330.342
  0.522   730330.349
  0.513   730330.356
  0.941   730330.363
  0.419   730330.370
  0.502   730330.376
  0.430   730330.384
  0.441   730330.391
  0.478   730330.397
  0.423   730330.404
  0.478   730330.411
  0.454   730330.418
  0.437   730330.425
  0.393   730330.432
  0.439   730330.439
  4.702   730330.446
  0.463   730330.453
  0.392   730330.460
  0.455   730330.467
  0.410   730330.474
  0.408   730330.481
  0.416   730330.488
  0.434   730330.495
  0.470   730330.501
  0.407   730330.508
  0.374   730330.515
  0.341   730330.522
  0.374   730330.529
  0.377   730330.536
  0.358   730330.543
  0.359   730330.550
  0.372   730330.557
  0.347   730330.564
  0.336   730330.571
  0.368   730330.578
  0.405   730330.585
  0.355   730330.592
  0.358   730330.599
  0.379   730330.606
  0.320   730330.613
  0.358   730330.620
  0.319   730330.627
  0.373   730330.634
  0.384   730330.641
  0.370   730330.647
  0.370   730330.654
  0.318   730330.661
  0.332   730330.668
  0.324   730330.675
  0.357   730330.682
  0.293   730330.689
  0.357   730330.696
  0.335   730330.703
  0.292   730330.710
  0.330   730330.717
  0.348   730330.724
  0.315   730330.731
  0.300   730330.738
  0.271   730330.745
  0.336   730330.752
  0.302   730330.759
  0.316   730330.766
  0.285   730330.772
  0.311   730330.779
  0.296   730330.786
  0.308   730330.793
  0.311   730330.800
  0.288   730330.807
  1.076   730330.814
  0.320   730330.821
  0.280   730330.828
  0.353   730330.835
  0.324   730330.842
  0.328   730330.849
  0.299   730330.856
  0.967   730330.863
  0.311   730330.870
  0.299   730330.877
  0.313   730330.884
  0.358   730330.890
  0.315   730330.897
  0.320   730330.904
  0.339   730330.911
  0.314   730330.918
  0.309   730330.925
  0.346   730330.932
  0.325   730330.939
  3.055   730330.946
  0.294   730330.953
  0.285   730330.960
  0.310   730330.967
  0.277   730330.974
  0.267   730330.981
  0.278   730330.988
  0.339   730330.995
