  0.500   729993.000
  0.530   729993.000
  0.540   729993.010
  0.540   729993.020
  0.600   729993.030
  0.590   729993.030
  0.610   729993.040
  0.590   729993.050
  0.520   729993.050
  0.510   729993.060
  0.600   729993.070
  0.580   729993.070
  0.570   729993.080
  0.560   729993.090
  0.580   729993.090
  0.590   729993.100
  0.600   729993.110
  0.590   729993.120
  0.610   729993.120
  0.610   729993.130
  0.600   729993.140
  0.650   729993.140
  0.620   729993.150
  0.680   729993.160
  0.710   729993.160
  0.620   729993.170
  0.610   729993.180
  0.690   729993.180
  0.660   729993.190
  0.620   729993.200
  0.680   729993.210
  0.650   729993.210
  0.670   729993.220
  0.610   729993.230
  0.590   729993.230
  0.620   729993.240
  0.570   729993.250
  0.540   729993.250
  0.570   729993.260
  0.570   729993.270
  0.600   729993.280
  0.550   729993.280
  0.570   729993.290
  0.550   729993.300
  0.570   729993.300
  0.510   729993.310
  0.440   729993.320
  0.470   729993.320
  0.500   729993.330
  0.490   729993.340
  0.510   729993.340
  0.490   729993.350
  0.490   729993.360
  0.460   729993.370
  0.460   729993.370
  0.480   729993.380
  0.510   729993.390
  0.430   729993.390
  0.480   729993.400
  0.520   729993.410
  0.490   729993.410
  0.480   729993.420
  0.490   729993.430
  0.490   729993.430
  0.480   729993.440
  0.500   729993.450
  0.480   729993.460
  0.480   729993.460
  0.500   729993.470
  0.440   729993.480
  0.460   729993.480
  0.470   729993.490
  0.500   729993.500
  0.460   729993.500
  0.460   729993.510
  0.440   729993.520
  0.460   729993.530
  0.450   729993.530
  0.460   729993.540
  0.490   729993.550
  0.460   729993.550
  0.470   729993.560
  0.440   729993.570
  0.480   729993.570
  0.430   729993.580
  0.450   729993.590
  0.470   729993.590
  0.470   729993.600
  0.500   729993.610
  0.530   729993.620
  0.480   729993.620
  0.490   729993.630
  0.540   729993.640
  0.490   729993.640
  0.460   729993.650
  0.480   729993.660
  0.500   729993.660
  0.510   729993.670
  0.460   729993.680
  0.500   729993.680
  0.470   729993.690
  0.490   729993.700
  0.490   729993.710
  0.500   729993.710
  0.450   729993.720
  0.430   729993.730
  0.470   729993.730
  0.440   729993.740
  0.480   729993.750
  0.440   729993.750
    NaN   729993.760
    NaN   729993.770
  0.410   729993.780
  0.410   729993.780
  0.340   729993.790
  0.350   729993.800
  0.370   729993.800
  0.370   729993.810
  0.400   729993.820
  0.370   729993.820
  0.380   729993.830
  0.370   729993.840
  0.360   729993.840
  0.340   729993.850
  0.360   729993.860
  0.330   729993.860
  0.310   729993.870
  0.300   729993.880
  0.340   729993.890
  0.350   729993.890
  0.350   729993.900
  0.350   729993.910
  0.350   729993.910
  0.340   729993.920
  0.330   729993.930
  0.310   729993.930
  0.310   729993.940
  0.310   729993.950
  0.310   729993.960
  0.300   729993.960
  0.280   729993.970
  0.290   729993.980
  0.280   729993.980
  0.300   729993.990
