  1.900   729993.000
  1.900   729993.000
  2.040   729993.010
  2.160   729993.020
  1.850   729993.020
  1.840   729993.030
  1.850   729993.040
  1.990   729993.050
  1.850   729993.050
  1.840   729993.060
  1.790   729993.070
  1.420   729993.070
  1.430   729993.080
  1.460   729993.090
  1.590   729993.090
  1.320   729993.100
  1.300   729993.110
  1.370   729993.110
  1.200   729993.120
  1.240   729993.130
  1.200   729993.140
  1.130   729993.140
  1.200   729993.150
  1.250   729993.160
  1.310   729993.160
  1.330   729993.170
  1.200   729993.180
  1.250   729993.180
  1.070   729993.190
  1.220   729993.200
  1.260   729993.200
  1.200   729993.210
  1.180   729993.220
  1.320   729993.230
  1.250   729993.230
  1.370   729993.240
  1.290   729993.250
  1.240   729993.250
  1.280   729993.260
  1.220   729993.270
  1.270   729993.270
  1.240   729993.280
  1.180   729993.290
  1.250   729993.300
  1.240   729993.300
  1.240   729993.310
  1.190   729993.320
  1.080   729993.320
  1.070   729993.330
  1.210   729993.340
  1.060   729993.340
  1.160   729993.350
  1.230   729993.360
  1.220   729993.360
  1.170   729993.370
  1.270   729993.380
  1.210   729993.390
  1.190   729993.390
  1.120   729993.400
    NaN   729993.410
    NaN   729993.410
  1.340   729993.420
  1.240   729993.430
  1.130   729993.430
  1.150   729993.440
  1.200   729993.450
  1.240   729993.450
  1.120   729993.460
  1.170   729993.470
  1.230   729993.480
  1.270   729993.480
  1.360   729993.490
  1.310   729993.500
  1.240   729993.500
  1.270   729993.510
  1.280   729993.520
  1.480   729993.520
  1.310   729993.530
  1.330   729993.540
  1.210   729993.550
  1.400   729993.550
  1.470   729993.560
  1.580   729993.570
  1.480   729993.570
  1.480   729993.580
  1.680   729993.590
  1.710   729993.590
  1.500   729993.600
  1.420   729993.610
  1.320   729993.610
  1.180   729993.620
  1.320   729993.630
  1.210   729993.640
  1.180   729993.640
  1.250   729993.650
  1.160   729993.660
  1.120   729993.660
  1.180   729993.670
  1.220   729993.680
  1.190   729993.680
  1.280   729993.690
  1.430   729993.700
  1.460   729993.700
  1.260   729993.710
  1.050   729993.720
  1.250   729993.730
  1.100   729993.730
  1.110   729993.740
  1.170   729993.750
  1.200   729993.750
  1.200   729993.760
  1.220   729993.770
  1.220   729993.770
  1.120   729993.780
  1.220   729993.790
  1.110   729993.800
  1.130   729993.800
  1.240   729993.810
  1.270   729993.820
  1.230   729993.820
  1.300   729993.830
  1.250   729993.840
  1.190   729993.840
  1.120   729993.850
  1.090   729993.860
  1.150   729993.860
  1.090   729993.870
  1.080   729993.880
  1.130   729993.890
  1.110   729993.890
  1.130   729993.900
    NaN   729993.910
    NaN   729993.910
  1.100   729993.920
  1.090   729993.930
  1.040   729993.930
  1.060   729993.940
  1.020   729993.950
  0.980   729993.950
  1.010   729993.960
  0.890   729993.970
  0.980   729993.980
  0.960   729993.980
  0.940   729993.990
