  0.020   730351.007
  0.006   730351.007
  0.027   730351.007
  0.030   730351.013
  0.030   730351.020
  0.027   730351.027
  0.027   730351.034
  0.030   730351.041
  0.234   730351.048
  0.029   730351.055
  0.063   730351.062
  0.029   730351.069
  0.027   730351.076
  1.686   730351.083
  0.026   730351.090
  0.028   730351.097
  0.032   730351.104
  0.028   730351.111
  0.037   730351.118
  0.032   730351.125
  1.910   730351.132
  0.034   730351.138
  0.031   730351.145
  0.033   730351.152
  0.033   730351.159
  0.033   730351.166
  0.036   730351.173
  0.036   730351.180
  0.037   730351.187
  0.038   730351.194
  0.040   730351.201
  0.039   730351.208
  0.034   730351.215
  0.041   730351.222
  0.034   730351.229
  0.078   730351.236
  0.039   730351.243
  0.074   730351.250
  0.037   730351.256
  0.037   730351.263
  0.035   730351.270
  0.040   730351.277
  0.034   730351.284
  0.037   730351.291
  0.037   730351.298
  0.036   730351.305
  0.039   730351.312
  0.033   730351.319
  0.031   730351.326
  0.030   730351.333
  0.032   730351.340
  0.029   730351.347
  0.026   730351.354
  0.028   730351.361
  0.030   730351.368
  0.029   730351.375
  0.032   730351.381
  0.029   730351.388
  0.030   730351.395
  0.033   730351.402
  0.030   730351.409
  0.032   730351.416
  0.033   730351.423
  0.036   730351.430
  0.033   730351.437
  0.030   730351.444
  0.030   730351.451
  0.031   730351.458
  0.047   730351.465
  0.031   730351.472
  0.031   730351.479
  0.033   730351.486
  0.031   730351.493
  0.033   730351.500
  0.031   730351.506
  0.028   730351.513
  0.032   730351.520
  0.032   730351.527
  0.030   730351.534
  0.033   730351.541
  0.033   730351.548
  0.037   730351.555
  0.034   730351.562
  0.036   730351.569
  0.036   730351.576
  0.029   730351.583
  0.036   730351.590
  0.032   730351.597
  0.037   730351.604
  0.070   730351.611
  0.032   730351.618
  0.034   730351.625
  0.031   730351.632
  0.037   730351.638
  0.037   730351.645
  0.037   730351.652
  0.037   730351.659
  0.034   730351.666
  0.036   730351.673
  0.033   730351.680
  0.043   730351.687
  0.039   730351.694
  0.038   730351.701
  0.039   730351.708
  0.038   730351.715
  0.039   730351.722
  0.044   730351.729
  0.043   730351.736
  0.044   730351.743
  0.038   730351.750
  0.048   730351.756
  0.062   730351.763
  0.039   730351.770
  0.041   730351.777
  0.046   730351.784
  0.040   730351.791
  0.038   730351.798
  0.048   730351.805
  0.010   730351.812
  0.361   730351.819
  0.413   730351.826
  0.336   730351.833
  0.880   730351.840
  1.313   730351.847
  1.303   730351.854
  1.352   730351.861
  1.382   730351.868
  1.300   730351.875
  3.954   730351.881
  1.572   730351.888
  1.826   730351.895
  1.542   730351.902
  1.694   730351.909
  1.880   730351.916
  1.744   730351.923
  2.139   730351.930
  1.846   730351.937
  1.131   730351.944
  0.032   730351.951
  0.032   730351.958
  0.034   730351.965
  0.037   730351.972
  0.039   730351.979
  0.037   730351.986
  0.040   730351.993
  0.040   730352.000
