  3.680   730351.001
  1.445   730351.001
  7.416   730351.008
  5.541   730351.015
  3.676   730351.022
  3.471   730351.029
  3.061   730351.036
  6.571   730351.043
  2.737   730351.049
  1.916   730351.056
  4.223   730351.063
  9.583   730351.070
  0.154   730351.077
  0.154   730351.084
  0.165   730351.091
  0.163   730351.098
  0.173   730351.105
  0.157   730351.112
  0.194   730351.119
  0.191   730351.126
  0.186   730351.133
  0.206   730351.140
  0.230   730351.147
  0.184   730351.154
  0.208   730351.161
  0.253   730351.168
  0.308   730351.174
  0.289   730351.181
  0.296   730351.188
  0.283   730351.195
  0.308   730351.202
  0.341   730351.209
  0.312   730351.216
  0.401   730351.223
  0.349   730351.230
  0.443   730351.237
  0.405   730351.244
  0.448   730351.251
  0.443   730351.258
  0.469   730351.265
  0.486   730351.272
  0.535   730351.279
  0.617   730351.286
  0.615   730351.293
  6.767   730351.300
  7.930   730351.306
  6.432   730351.313
  6.325   730351.320
  3.439   730351.327
  6.326   730351.334
  6.546   730351.341
  6.966   730351.348
  7.172   730351.355
  6.812   730351.362
  8.003   730351.369
  8.903   730351.376
  8.767   730351.383
  9.291   730351.390
  8.272   730351.397
  7.889   730351.404
  8.008   730351.411
  6.790   730351.418
  7.109   730351.425
  3.964   730351.432
  3.626   730351.438
  4.128   730351.445
  2.373   730351.452
  4.173   730351.459
  4.295   730351.466
  5.734   730351.473
  4.400   730351.480
  3.633   730351.487
  3.192   730351.494
  1.458   730351.501
  1.579   730351.508
  4.068   730351.515
  3.388   730351.522
  4.586   730351.529
  2.726   730351.536
  3.292   730351.543
  1.891   730351.550
  1.892   730351.556
  2.398   730351.563
  3.646   730351.570
  2.960   730351.577
  4.287   730351.584
  4.565   730351.591
  3.682   730351.598
  1.898   730351.605
  3.494   730351.612
  1.575   730351.619
  2.876   730351.626
  3.813   730351.633
  6.846   730351.640
  4.429   730351.647
  1.439   730351.654
  4.481   730351.661
  2.671   730351.668
  1.310   730351.674
  3.966   730351.681
  6.443   730351.688
  4.084   730351.695
  5.072   730351.702
  4.232   730351.709
  7.382   730351.716
  4.631   730351.723
  5.273   730351.730
  6.730   730351.737
  3.992   730351.744
  5.342   730351.751
  1.912   730351.758
  5.744   730351.765
  7.598   730351.772
  7.093   730351.779
  6.792   730351.786
  6.911   730351.793
  6.868   730351.799
  7.649   730351.806
  6.865   730351.813
  6.906   730351.820
  5.922   730351.827
  5.819   730351.834
  6.888   730351.841
  7.109   730351.848
  6.398   730351.855
  6.977   730351.862
  7.295   730351.869
  7.052   730351.876
  7.507   730351.883
  7.036   730351.890
  6.153   730351.897
  6.654   730351.904
  6.893   730351.911
  6.611   730351.918
  6.929   730351.924
  6.520   730351.931
  6.972   730351.938
  8.397   730351.945
  6.915   730351.952
  6.528   730351.959
  5.801   730351.966
  7.032   730351.973
  6.276   730351.980
  6.386   730351.987
  7.187   730351.994
