  1.471   730351.001
  0.721   730351.001
  1.528   730351.002
  0.760   730351.002
  1.164   730351.008
  1.288   730351.009
  1.491   730351.015
  1.472   730351.015
  1.353   730351.022
  1.238   730351.022
  1.383   730351.029
  1.454   730351.029
  1.504   730351.036
  1.479   730351.036
  1.459   730351.043
  1.436   730351.043
  1.102   730351.050
  1.128   730351.050
  1.142   730351.057
  1.210   730351.057
  1.276   730351.064
  1.262   730351.064
  1.341   730351.071
  1.431   730351.071
  1.399   730351.077
  1.386   730351.078
  1.482   730351.084
  1.428   730351.085
  1.374   730351.092
  1.400   730351.092
  1.520   730351.098
  1.494   730351.099
  1.312   730351.105
  1.297   730351.105
  1.335   730351.112
  1.361   730351.112
  1.562   730351.119
  1.579   730351.119
  1.413   730351.126
  1.482   730351.126
  1.449   730351.133
  1.392   730351.133
  1.352   730351.140
  1.341   730351.140
  1.466   730351.147
  1.454   730351.147
  1.283   730351.154
  1.232   730351.154
  1.144   730351.161
  1.118   730351.161
  1.191   730351.168
  1.187   730351.168
  1.440   730351.175
  1.420   730351.175
  1.449   730351.182
  1.383   730351.182
  1.281   730351.189
  1.358   730351.189
  1.112   730351.196
  1.209   730351.196
  0.658   730351.202
  0.734   730351.203
  0.730   730351.209
  0.833   730351.210
  0.894   730351.216
  0.962   730351.217
  1.081   730351.223
  0.982   730351.224
  1.050   730351.230
  1.175   730351.230
  1.000   730351.237
  1.003   730351.237
  1.115   730351.244
  1.143   730351.244
  1.406   730351.251
  1.343   730351.251
  1.222   730351.258
  1.234   730351.258
  1.437   730351.265
  1.508   730351.265
  1.453   730351.272
  1.383   730351.272
  1.646   730351.279
  1.651   730351.279
  1.481   730351.286
  1.334   730351.286
  1.583   730351.293
  1.598   730351.293
  1.474   730351.300
  1.454   730351.300
  1.462   730351.307
  1.580   730351.307
  1.669   730351.314
  1.593   730351.314
  1.638   730351.321
  1.643   730351.321
  1.582   730351.328
  1.493   730351.328
  1.500   730351.334
  1.463   730351.335
  1.566   730351.341
  1.684   730351.342
  1.621   730351.348
  1.622   730351.349
  1.579   730351.355
  1.582   730351.356
  1.773   730351.362
  1.829   730351.362
  1.837   730351.369
  1.883   730351.369
  1.713   730351.376
  1.668   730351.376
 37.036   730351.383
 34.954   730351.383
  1.741   730351.390
  1.700   730351.390
  1.775   730351.397
  1.755   730351.397
  1.765   730351.404
  1.799   730351.404
  1.674   730351.411
  1.624   730351.411
  1.677   730351.418
  1.666   730351.418
  1.725   730351.425
  1.721   730351.425
  1.660   730351.432
  1.665   730351.432
  1.619   730351.439
  1.619   730351.439
  1.549   730351.446
  1.610   730351.446
  1.863   730351.453
  1.867   730351.453
  1.741   730351.460
  1.744   730351.460
  1.802   730351.466
  1.783   730351.467
  1.766   730351.473
  1.730   730351.474
  1.626   730351.480
  1.601   730351.481
  1.704   730351.487
  1.689   730351.487
  1.665   730351.494
  1.641   730351.494
  1.711   730351.501
  1.621   730351.501
  1.547   730351.508
  1.660   730351.508
  1.586   730351.515
  1.605   730351.515
  1.521   730351.522
  1.574   730351.522
  1.475   730351.529
  1.490   730351.529
  1.570   730351.536
  1.513   730351.536
  1.516   730351.543
  1.512   730351.543
  1.331   730351.550
  1.431   730351.550
  1.367   730351.557
  1.445   730351.557
  1.590   730351.564
  1.559   730351.564
  1.627   730351.571
  1.635   730351.571
  1.503   730351.577
  1.498   730351.578
  1.523   730351.584
  1.575   730351.585
  1.411   730351.591
  1.599   730351.592
  1.572   730351.598
  1.594   730351.599
  1.604   730351.605
  1.642   730351.605
  1.394   730351.612
  1.416   730351.612
  1.463   730351.619
  1.499   730351.619
  1.690   730351.626
  1.655   730351.626
  1.652   730351.633
  1.656   730351.633
  1.495   730351.640
  1.564   730351.640
  1.554   730351.647
  1.503   730351.647
  1.469   730351.654
  1.484   730351.654
  1.371   730351.661
  1.290   730351.661
  1.349   730351.668
  1.285   730351.668
  0.898   730351.675
  1.003   730351.675
  0.826   730351.682
  0.849   730351.682
  1.025   730351.689
  1.204   730351.689
  1.120   730351.696
  1.143   730351.696
  1.157   730351.702
  1.231   730351.703
  1.346   730351.709
  1.369   730351.710
  1.259   730351.716
  1.271   730351.717
  1.037   730351.723
  1.097   730351.724
  1.166   730351.730
  1.038   730351.730
  0.811   730351.737
  0.814   730351.737
  0.736   730351.744
  0.709   730351.744
  0.634   730351.751
  0.646   730351.751
  0.691   730351.758
  0.621   730351.758
  0.626   730351.765
  0.641   730351.765
  0.621   730351.772
  0.610   730351.772
  0.612   730351.779
  0.627   730351.779
  0.619   730351.786
  0.571   730351.786
  0.656   730351.793
  0.642   730351.793
  0.734   730351.800
  0.745   730351.800
  0.800   730351.807
  0.931   730351.807
  0.951   730351.814
  1.024   730351.814
  0.985   730351.821
  0.964   730351.821
  0.931   730351.827
  0.993   730351.828
  1.117   730351.834
  1.040   730351.835
  1.225   730351.841
  1.178   730351.842
  1.169   730351.848
  1.279   730351.849
  1.132   730351.855
  1.207   730351.855
  1.476   730351.862
  1.344   730351.862
  1.173   730351.869
  1.187   730351.869
  1.148   730351.876
  1.120   730351.876
 35.521   730351.883
 28.623   730351.883
  1.056   730351.890
  1.081   730351.890
  0.902   730351.897
  0.960   730351.897
  0.875   730351.904
  0.904   730351.904
  0.990   730351.911
  1.096   730351.911
  1.203   730351.918
  1.301   730351.918
  1.188   730351.925
  1.211   730351.925
  1.418   730351.932
  1.463   730351.932
  1.391   730351.939
  1.360   730351.939
  1.310   730351.946
  1.274   730351.946
  1.563   730351.952
  1.525   730351.953
  1.296   730351.959
  1.291   730351.960
  1.451   730351.966
  1.426   730351.967
  1.378   730351.973
  1.439   730351.974
  1.016   730351.980
  0.821   730351.980
  0.787   730351.987
  0.799   730351.987
  0.874   730351.994
  0.838   730351.994
