  0.452   730322.001
  0.262   730322.001
  0.632   730322.007
  0.668   730322.014
  0.517   730322.021
  0.509   730322.028
  0.499   730322.035
  0.541   730322.042
  0.534   730322.049
  0.600   730322.055
  0.505   730322.063
  0.505   730322.070
  0.498   730322.076
  0.474   730322.083
  0.540   730322.091
  0.511   730322.097
  0.525   730322.104
  0.550   730322.111
  0.600   730322.118
  0.572   730322.125
  0.597   730322.132
  0.659   730322.139
  0.564   730322.146
  0.604   730322.153
  0.640   730322.160
  0.599   730322.167
  0.654   730322.174
  0.624   730322.181
  0.568   730322.188
  0.589   730322.195
  0.560   730322.202
  0.931   730322.209
  0.599   730322.215
  0.635   730322.222
  0.675   730322.229
  0.717   730322.236
  0.663   730322.243
  0.532   730322.250
  0.558   730322.257
  0.616   730322.264
  0.584   730322.271
  0.594   730322.278
  0.555   730322.285
  0.581   730322.292
  0.596   730322.299
  1.025   730322.306
  0.616   730322.313
  0.734   730322.320
  0.545   730322.327
  0.465   730322.334
  0.566   730322.341
  0.609   730322.347
  0.824   730322.354
  0.606   730322.361
  0.570   730322.368
  0.606   730322.375
  0.630   730322.382
  0.621   730322.389
  0.612   730322.396
  0.637   730322.403
  0.652   730322.410
  0.636   730322.417
  0.687   730322.424
  1.081   730322.431
  0.624   730322.438
  0.662   730322.445
  0.588   730322.452
  0.610   730322.459
  0.568   730322.465
  0.552   730322.472
  0.542   730322.479
  0.544   730322.486
  0.601   730322.493
  0.604   730322.500
  0.617   730322.507
  0.663   730322.514
  0.635   730322.521
  0.714   730322.528
  0.750   730322.535
  0.643   730322.542
  0.585   730322.549
  0.608   730322.556
  0.586   730322.563
  0.447   730322.570
  0.566   730322.577
  0.528   730322.584
  0.538   730322.590
  0.608   730322.597
  0.827   730322.604
  0.572   730322.611
  0.704   730322.618
  0.497   730322.625
  0.442   730322.632
  0.487   730322.639
  0.487   730322.646
  0.779   730322.653
  0.501   730322.660
  0.551   730322.667
  0.521   730322.674
  0.542   730322.681
  0.563   730322.688
  0.506   730322.695
  0.480   730322.702
  0.554   730322.709
  0.524   730322.716
  0.509   730322.722
  0.663   730322.729
  0.541   730322.736
  0.582   730322.743
  0.576   730322.750
  0.531   730322.757
  0.480   730322.764
  0.484   730322.771
  0.704   730322.778
  0.473   730322.785
  0.533   730322.792
  0.575   730322.799
  0.480   730322.806
  0.484   730322.813
  0.562   730322.820
  0.501   730322.827
  0.519   730322.834
  0.541   730322.841
  0.431   730322.847
  0.444   730322.854
  0.724   730322.861
  0.399   730322.868
  0.495   730322.875
  0.437   730322.882
  0.541   730322.889
