  0.178   730322.006
  0.003   730322.006
  1.206   730322.006
  0.070   730322.013
  0.576   730322.013
  0.511   730322.020
  0.497   730322.020
  0.753   730322.027
  0.587   730322.034
  0.796   730322.034
  0.372   730322.041
  0.284   730322.041
  0.995   730322.048
  0.411   730322.055
  0.260   730322.055
  0.425   730322.062
  0.067   730322.069
  0.438   730322.069
  0.364   730322.076
  0.422   730322.076
  0.389   730322.083
  0.151   730322.090
  0.402   730322.090
  0.384   730322.097
  0.169   730322.097
  0.419   730322.104
  0.388   730322.110
  0.714   730322.110
  0.371   730322.117
  0.253   730322.124
  0.391   730322.124
  0.349   730322.131
  0.143   730322.131
  0.351   730322.138
  0.813   730322.145
  0.349   730322.145
  0.384   730322.152
  0.193   730322.159
  0.314   730322.159
  0.361   730322.166
  0.136   730322.166
  0.346   730322.173
  0.316   730322.180
  0.276   730322.180
  0.333   730322.187
  0.118   730322.194
  0.344   730322.194
  0.322   730322.201
  0.244   730322.201
  0.364   730322.208
  0.273   730322.215
  0.660   730322.215
  0.568   730322.222
  0.369   730322.222
  0.659   730322.229
  0.413   730322.235
  0.396   730322.235
  0.424   730322.242
  0.055   730322.242
  0.382   730322.249
  0.330   730322.256
  0.369   730322.256
  0.370   730322.263
  0.108   730322.270
  0.315   730322.270
  0.381   730322.277
  0.296   730322.277
  0.343   730322.284
  0.218   730322.291
  0.353   730322.291
  0.337   730322.298
  0.258   730322.298
  0.374   730322.305
  0.163   730322.312
  0.362   730322.312
  0.325   730322.319
  0.277   730322.319
  0.304   730322.326
  0.226   730322.333
  0.372   730322.333
  0.337   730322.340
  0.136   730322.340
  0.306   730322.347
  0.223   730322.354
  0.969   730322.354
  0.331   730322.360
  0.073   730322.360
  0.359   730322.367
  0.339   730322.374
  0.294   730322.374
  0.326   730322.381
  0.148   730322.388
  0.292   730322.388
  0.306   730322.395
  0.300   730322.395
  0.292   730322.402
  0.179   730322.409
  0.263   730322.409
  0.284   730322.416
  0.099   730322.416
  0.265   730322.423
  0.296   730322.430
  0.277   730322.430
  0.260   730322.437
  0.206   730322.444
  0.252   730322.444
  0.272   730322.451
  0.082   730322.451
  0.296   730322.458
  0.336   730322.465
  0.240   730322.465
  0.297   730322.472
  0.486   730322.479
  0.263   730322.479
  0.300   730322.485
  0.291   730322.492
  0.263   730322.492
  0.409   730322.499
  0.269   730322.506
  0.412   730322.506
  0.353   730322.513
  0.278   730322.520
  0.341   730322.520
  0.401   730322.527
  0.355   730322.534
  0.333   730322.534
  0.569   730322.541
  0.350   730322.548
  0.283   730322.548
  0.410   730322.555
  0.462   730322.562
  0.282   730322.562
  0.434   730322.569
  0.426   730322.576
  0.105   730322.583
  0.435   730322.583
  0.542   730322.590
  0.399   730322.597
  0.534   730322.597
  0.603   730322.604
  0.568   730322.610
  0.196   730322.610
  0.521   730322.617
  0.536   730322.624
  0.288   730322.631
  0.587   730322.631
  0.570   730322.638
  0.542   730322.645
  0.691   730322.645
  0.668   730322.652
  0.594   730322.659
  0.195   730322.659
  0.511   730322.666
  0.467   730322.673
  0.394   730322.680
  0.518   730322.680
  0.466   730322.687
  0.469   730322.694
  0.260   730322.694
  0.564   730322.701
  0.491   730322.708
  0.456   730322.715
  0.526   730322.715
  0.494   730322.722
  0.492   730322.729
  0.152   730322.729
  0.435   730322.735
  0.466   730322.742
  0.366   730322.749
  0.488   730322.749
  0.462   730322.756
  0.477   730322.763
  0.312   730322.763
  0.542   730322.770
  0.448   730322.777
  0.103   730322.777
  0.445   730322.784
  0.418   730322.791
  0.048   730322.798
  0.502   730322.798
  0.417   730322.805
  0.083   730322.812
  0.439   730322.812
  0.503   730322.819
  0.158   730322.826
  0.478   730322.826
  0.470   730322.833
  0.182   730322.840
  0.524   730322.840
  0.477   730322.847
  0.252   730322.854
  0.457   730322.854
  0.429   730322.860
  0.260   730322.867
  0.450   730322.867
  0.520   730322.874
  0.074   730322.881
  0.503   730322.881
  0.526   730322.888
  0.246   730322.888
