  0.199   730322.001
  0.003   730322.001
  0.098   730322.001
  0.183   730322.008
  0.179   730322.014
  0.190   730322.021
  0.173   730322.028
  0.156   730322.035
  0.182   730322.042
  0.196   730322.049
  0.168   730322.056
  0.165   730322.063
  0.167   730322.070
  0.190   730322.077
  0.178   730322.084
  0.181   730322.091
  0.181   730322.098
  0.178   730322.105
  0.165   730322.111
  0.169   730322.118
  0.168   730322.125
  0.169   730322.132
  0.170   730322.139
  0.304   730322.146
  0.166   730322.153
  0.187   730322.160
  0.179   730322.167
  0.188   730322.174
  0.177   730322.181
  0.177   730322.188
  0.191   730322.195
  0.186   730322.202
  0.183   730322.209
  0.191   730322.216
  0.161   730322.223
  0.167   730322.230
  0.168   730322.237
  0.191   730322.244
  0.193   730322.250
  0.166   730322.257
  0.150   730322.264
  0.179   730322.271
  0.155   730322.278
  0.154   730322.285
  0.205   730322.292
  0.175   730322.299
  0.190   730322.306
  0.185   730322.313
  0.175   730322.320
  0.173   730322.327
  0.174   730322.334
  0.191   730322.341
  0.189   730322.348
  0.180   730322.355
  0.196   730322.362
  0.182   730322.368
  0.165   730322.375
  0.170   730322.382
  0.182   730322.389
  0.171   730322.396
  0.197   730322.403
  0.174   730322.410
  0.169   730322.417
  0.154   730322.424
  0.181   730322.431
  0.158   730322.438
  0.170   730322.445
  0.179   730322.452
  0.148   730322.459
  0.190   730322.466
  0.168   730322.473
  0.182   730322.480
  0.178   730322.486
  0.190   730322.493
  0.198   730322.500
  0.183   730322.507
  0.186   730322.514
  0.157   730322.521
  0.173   730322.528
  0.179   730322.535
  0.174   730322.542
  0.174   730322.549
  0.200   730322.556
  0.179   730322.563
  0.181   730322.570
  0.176   730322.577
  0.173   730322.584
  0.200   730322.591
  0.209   730322.598
  0.177   730322.605
  0.200   730322.612
  0.169   730322.618
  0.196   730322.625
  0.192   730322.632
  0.186   730322.639
  0.182   730322.646
  0.209   730322.653
  0.220   730322.660
  0.191   730322.667
  0.204   730322.674
  0.219   730322.681
  0.205   730322.688
  0.207   730322.695
  0.205   730322.702
  0.221   730322.709
  0.206   730322.716
  0.200   730322.723
  0.223   730322.730
  0.249   730322.737
  0.194   730322.744
  0.218   730322.750
  0.216   730322.757
  0.235   730322.764
  0.204   730322.771
  0.215   730322.778
  0.218   730322.785
  0.229   730322.792
  0.241   730322.799
  0.237   730322.806
  0.231   730322.813
  0.204   730322.820
  0.232   730322.827
  0.209   730322.834
  0.228   730322.841
  0.197   730322.848
  0.199   730322.855
  0.184   730322.862
  0.226   730322.869
  0.206   730322.876
  0.200   730322.882
  0.195   730322.890
