  0.470   729880.000
  0.590   729880.000
  0.560   729880.010
  0.530   729880.020
  0.570   729880.020
  0.570   729880.030
  0.560   729880.040
  0.520   729880.050
  0.570   729880.050
  0.540   729880.060
  0.570   729880.070
  0.540   729880.070
    NaN   729880.080
    NaN   729880.090
  0.490   729880.090
  0.490   729880.100
  0.470   729880.110
  0.520   729880.110
  0.490   729880.120
  0.540   729880.130
  0.530   729880.140
  0.460   729880.140
  0.480   729880.150
  0.530   729880.160
  0.470   729880.160
  0.450   729880.170
  0.440   729880.180
  0.480   729880.180
  0.470   729880.190
  0.460   729880.200
  0.450   729880.200
  0.440   729880.210
  0.410   729880.220
  0.460   729880.220
  0.970   729880.230
  0.470   729880.240
  0.430   729880.250
  0.920   729880.250
  0.690   729880.260
  0.450   729880.270
  0.430   729880.270
  0.440   729880.280
  0.460   729880.290
  0.410   729880.300
  0.440   729880.300
  0.410   729880.310
  0.400   729880.320
  0.440   729880.320
  0.400   729880.330
  0.400   729880.340
  0.410   729880.340
  0.410   729880.350
  0.430   729880.360
  0.420   729880.360
  0.410   729880.370
  0.550   729880.380
  0.520   729880.380
  0.460   729880.390
  0.450   729880.400
  0.430   729880.410
  0.360   729880.410
  0.420   729880.420
  0.400   729880.430
  0.430   729880.430
  0.460   729880.440
  0.420   729880.450
  0.440   729880.450
  0.440   729880.460
  0.470   729880.470
  0.410   729880.470
  0.390   729880.480
  0.460   729880.490
  0.410   729880.500
  0.440   729880.500
  0.400   729880.510
  0.450   729880.520
  0.430   729880.520
  0.360   729880.530
  0.370   729880.540
  0.410   729880.550
  1.060   729880.550
  1.210   729880.560
  0.400   729880.570
  0.400   729880.570
    NaN   729880.580
    NaN   729880.590
  0.390   729880.590
  0.380   729880.600
  0.370   729880.610
  0.360   729880.610
  0.370   729880.620
  0.350   729880.630
  0.360   729880.640
  0.350   729880.640
  0.330   729880.650
  0.340   729880.660
  0.350   729880.660
  0.320   729880.670
  0.330   729880.680
  0.330   729880.680
  0.340   729880.690
  0.360   729880.700
  0.330   729880.700
  0.350   729880.710
  0.320   729880.720
  0.320   729880.730
  0.290   729880.730
  0.330   729880.740
  0.340   729880.750
  0.300   729880.750
  0.320   729880.760
  0.340   729880.770
  0.310   729880.770
  0.300   729880.780
  0.730   729880.790
  0.300   729880.790
  0.290   729880.800
  0.300   729880.810
  0.300   729880.820
  0.300   729880.820
  0.290   729880.830
  0.300   729880.840
  0.280   729880.840
  0.290   729880.850
  0.320   729880.860
  0.270   729880.860
  0.270   729880.870
  0.280   729880.880
  0.280   729880.880
  0.270   729880.890
  0.280   729880.900
  0.290   729880.910
  0.280   729880.910
  0.270   729880.920
  0.280   729880.930
  0.280   729880.930
  0.310   729880.940
  0.320   729880.950
  0.300   729880.950
  0.460   729880.960
  0.290   729880.970
  0.290   729880.980
  0.310   729880.980
  0.290   729880.990
