  0.013   730325.002
  0.198   730325.002
  1.588   730325.002
  0.012   730325.008
  0.011   730325.015
  0.011   730325.022
  0.011   730325.029
  0.011   730325.036
  0.010   730325.043
  0.011   730325.049
  0.012   730325.056
  0.011   730325.063
  0.010   730325.070
  0.011   730325.077
  0.011   730325.084
  0.011   730325.091
  0.011   730325.098
  0.010   730325.105
  0.010   730325.112
  0.010   730325.119
  0.010   730325.126
  0.010   730325.133
  2.302   730325.140
  0.011   730325.147
  0.011   730325.154
  0.011   730325.160
  0.011   730325.167
  0.010   730325.174
  0.011   730325.181
  0.058   730325.188
  0.010   730325.195
  0.009   730325.202
  0.010   730325.209
  0.011   730325.216
  0.009   730325.223
  0.009   730325.230
  0.011   730325.237
  0.011   730325.244
  0.010   730325.251
  0.010   730325.258
  0.010   730325.265
  1.776   730325.271
  0.011   730325.278
  0.010   730325.286
  0.010   730325.292
  0.011   730325.299
  0.011   730325.306
  0.010   730325.313
  0.011   730325.320
  0.011   730325.327
  0.010   730325.334
  0.010   730325.341
  0.011   730325.348
  0.010   730325.355
  0.011   730325.362
  0.012   730325.369
  0.010   730325.376
  0.011   730325.383
  0.011   730325.390
  0.013   730325.397
  0.011   730325.404
  0.011   730325.411
  0.011   730325.417
  0.012   730325.424
  0.012   730325.431
  0.012   730325.438
  0.013   730325.445
  0.012   730325.452
  0.013   730325.459
  0.012   730325.466
  0.011   730325.473
  0.013   730325.480
  0.011   730325.487
  0.012   730325.494
  0.012   730325.501
  0.012   730325.508
  0.012   730325.515
  0.011   730325.522
  0.013   730325.529
  0.012   730325.535
  0.472   730325.543
  0.013   730325.549
  0.011   730325.556
  0.012   730325.563
  0.012   730325.570
  0.012   730325.577
  0.012   730325.584
  0.012   730325.591
  0.013   730325.598
  0.013   730325.605
  0.012   730325.612
  0.013   730325.619
  0.012   730325.626
  0.011   730325.633
  0.011   730325.640
  0.011   730325.647
  0.012   730325.654
  0.013   730325.660
  0.011   730325.667
  0.010   730325.674
  0.011   730325.681
  0.012   730325.688
  0.011   730325.695
  0.010   730325.702
  0.010   730325.709
  0.011   730325.716
  0.012   730325.723
  0.011   730325.730
  0.012   730325.737
  0.011   730325.744
  0.010   730325.751
  0.010   730325.758
  0.010   730325.765
  0.010   730325.772
  0.013   730325.779
  0.010   730325.786
  0.011   730325.793
  0.010   730325.799
  0.012   730325.806
  0.011   730325.813
  0.012   730325.820
  0.013   730325.827
  0.012   730325.834
  0.011   730325.841
  0.011   730325.848
  2.304   730325.855
  0.010   730325.862
  0.011   730325.869
  0.012   730325.876
  0.013   730325.883
  0.011   730325.890
  0.012   730325.897
  0.012   730325.904
  0.011   730325.910
  0.012   730325.918
  0.012   730325.924
  0.012   730325.931
  0.012   730325.938
  0.012   730325.945
  0.012   730325.952
  0.012   730325.959
  0.012   730325.966
  0.012   730325.973
  0.013   730325.980
  0.014   730325.987
  0.012   730325.994
