  0.559   730325.004
  0.031   730325.004
  0.529   730325.004
  0.546   730325.009
  0.451   730325.016
  0.508   730325.023
  0.436   730325.030
  0.492   730325.037
  0.489   730325.044
  0.462   730325.051
  0.475   730325.056
  0.428   730325.064
  0.466   730325.071
  0.387   730325.078
  0.431   730325.085
  0.488   730325.092
  0.436   730325.099
  0.423   730325.106
  0.439   730325.113
  0.482   730325.120
  0.557   730325.127
  0.547   730325.134
  0.790   730325.141
  0.497   730325.148
  0.549   730325.155
  0.497   730325.162
  0.515   730325.169
  0.474   730325.175
  0.503   730325.182
  0.457   730325.189
  0.385   730325.196
  0.392   730325.203
  0.360   730325.210
  0.357   730325.217
  0.380   730325.224
  0.380   730325.231
  0.366   730325.238
  0.383   730325.245
  0.377   730325.252
  0.353   730325.259
  0.305   730325.266
  0.575   730325.273
  0.324   730325.280
  0.308   730325.287
  0.250   730325.294
  0.273   730325.300
  0.290   730325.308
  0.259   730325.314
  0.319   730325.321
  0.255   730325.328
  0.278   730325.335
  0.267   730325.342
  0.264   730325.349
  0.271   730325.356
  0.267   730325.363
  0.270   730325.370
  0.245   730325.377
  0.266   730325.384
  0.228   730325.391
  0.223   730325.398
  0.236   730325.405
  0.234   730325.412
  0.226   730325.419
  0.236   730325.426
  0.229   730325.433
  0.215   730325.439
  0.258   730325.446
  0.221   730325.453
  0.213   730325.460
  0.243   730325.467
  0.206   730325.474
  0.244   730325.481
  0.234   730325.488
  0.254   730325.495
  0.259   730325.502
  0.222   730325.509
  0.227   730325.516
  0.244   730325.523
  0.212   730325.530
  0.277   730325.537
  0.230   730325.544
  0.240   730325.551
  0.226   730325.558
  0.244   730325.565
  0.199   730325.571
  0.234   730325.578
  0.240   730325.585
  0.232   730325.592
  0.224   730325.599
  0.211   730325.606
  0.227   730325.613
  0.231   730325.620
  0.235   730325.627
  0.216   730325.634
  0.265   730325.641
  0.254   730325.648
  0.233   730325.655
  0.253   730325.662
  0.259   730325.669
  0.267   730325.676
  0.259   730325.682
  0.272   730325.689
  0.258   730325.696
  0.301   730325.703
  0.300   730325.710
  0.282   730325.717
  0.264   730325.724
  0.259   730325.731
  0.273   730325.738
  0.248   730325.745
  0.264   730325.752
  0.292   730325.759
  0.265   730325.766
  0.320   730325.773
  0.286   730325.780
  0.394   730325.787
  0.302   730325.794
  0.315   730325.801
  0.359   730325.808
  0.357   730325.815
  0.324   730325.821
  0.575   730325.828
  0.338   730325.835
  0.330   730325.842
  0.303   730325.849
  0.399   730325.856
  0.484   730325.863
  0.458   730325.870
  0.337   730325.877
  0.357   730325.884
  0.319   730325.891
  0.336   730325.898
  0.324   730325.905
  0.346   730325.912
  0.336   730325.919
  0.368   730325.926
  0.390   730325.933
  0.426   730325.939
  0.463   730325.946
  0.445   730325.954
  0.441   730325.960
  0.462   730325.967
  0.376   730325.974
  0.483   730325.981
  0.405   730325.988
  0.419   730325.995
