  0.416   730325.003
  0.101   730325.003
  0.960   730325.003
  0.452   730325.009
  0.429   730325.016
  0.460   730325.022
  0.383   730325.030
  0.410   730325.036
  0.418   730325.044
  0.374   730325.050
  0.605   730325.056
  0.422   730325.064
  0.439   730325.071
  0.401   730325.078
  0.422   730325.085
  0.400   730325.092
  0.366   730325.099
  0.342   730325.106
  0.373   730325.113
  0.365   730325.120
  0.386   730325.127
  0.362   730325.134
  0.335   730325.140
  0.341   730325.148
  0.357   730325.154
  0.341   730325.161
  0.337   730325.168
  0.292   730325.175
  0.364   730325.182
  0.887   730325.189
  0.333   730325.196
  0.362   730325.203
  0.325   730325.210
  0.324   730325.217
  0.307   730325.224
  0.306   730325.231
  0.308   730325.238
  0.341   730325.245
  0.321   730325.252
  0.315   730325.259
  0.315   730325.265
  0.411   730325.272
  0.297   730325.279
  0.299   730325.286
  0.329   730325.293
  0.271   730325.300
  0.317   730325.307
  0.300   730325.314
  0.278   730325.321
  0.303   730325.328
  0.290   730325.335
  0.268   730325.342
  0.271   730325.349
  0.272   730325.356
  0.291   730325.363
  0.285   730325.370
  0.274   730325.377
  0.264   730325.384
  0.269   730325.391
  0.277   730325.398
  0.271   730325.404
  0.247   730325.411
  0.282   730325.418
  0.290   730325.425
  0.270   730325.432
  0.253   730325.439
  4.133   730325.446
  0.289   730325.453
  0.289   730325.460
  0.312   730325.467
  0.268   730325.474
  0.272   730325.481
  0.272   730325.488
  0.241   730325.495
  0.254   730325.502
  0.251   730325.509
  0.253   730325.516
  0.264   730325.523
  0.243   730325.529
  0.241   730325.536
  0.247   730325.543
  0.262   730325.550
  0.230   730325.557
  0.261   730325.564
  0.276   730325.571
  0.260   730325.578
  0.257   730325.585
  0.237   730325.592
  0.257   730325.599
  0.307   730325.606
  0.234   730325.613
  0.252   730325.620
  0.229   730325.627
  0.292   730325.634
  0.252   730325.640
  0.215   730325.647
  0.287   730325.654
  0.267   730325.661
  0.257   730325.668
  0.307   730325.675
  0.291   730325.682
  0.281   730325.689
  0.318   730325.696
  0.295   730325.703
  0.262   730325.710
  0.316   730325.717
  0.311   730325.724
  0.318   730325.731
  0.310   730325.738
  0.346   730325.745
  0.390   730325.752
  0.360   730325.759
  0.373   730325.766
  0.343   730325.773
  0.347   730325.779
  0.387   730325.786
  0.360   730325.793
  0.348   730325.800
  0.323   730325.807
  0.336   730325.814
  0.383   730325.821
  0.427   730325.828
  0.367   730325.835
  0.363   730325.842
  0.368   730325.849
  0.392   730325.856
  0.363   730325.863
  0.376   730325.870
  0.375   730325.877
  0.357   730325.884
  0.349   730325.891
  0.319   730325.897
  0.364   730325.904
  0.364   730325.911
  0.363   730325.919
  0.371   730325.925
  0.328   730325.932
  0.394   730325.939
  4.160   730325.946
  0.366   730325.953
  0.389   730325.960
  0.396   730325.967
  0.337   730325.974
  0.335   730325.981
  0.348   730325.988
  0.340   730325.995
