 37.287   730232.003
 35.053   730232.008
 37.508   730232.015
 35.134   730232.022
 35.959   730232.028
 33.547   730232.035
 32.726   730232.044
 38.771   730232.049
 37.032   730232.056
 34.443   730232.063
 32.973   730232.070
 33.578   730232.077
 36.355   730232.085
 35.634   730232.091
 37.753   730232.098
 34.256   730232.105
 36.703   730232.112
 36.651   730232.119
 37.106   730232.127
 33.661   730232.133
 36.028   730232.140
 39.230   730232.146
 40.358   730232.153
 42.804   730232.160
 32.731   730232.169
 31.822   730232.174
 35.062   730232.181
 32.962   730232.188
 26.784   730232.195
 28.781   730232.202
 29.814   730232.210
 27.320   730232.216
 28.966   730232.223
 26.167   730232.230
 37.158   730232.237
 28.265   730232.244
 26.977   730232.252
 25.961   730232.258
 26.882   730232.265
 26.449   730232.272
 26.612   730232.279
 25.127   730232.285
 26.372   730232.294
 29.907   730232.299
 29.851   730232.306
 27.557   730232.313
 34.665   730232.320
 52.760   730232.327
 27.336   730232.335
 26.119   730232.341
 23.690   730232.348
 24.962   730232.355
 24.734   730232.362
 21.646   730232.369
 23.214   730232.377
 21.974   730232.383
 20.247   730232.390
 24.654   730232.397
 29.011   730232.403
 19.351   730232.410
 16.318   730232.419
 17.467   730232.424
 16.556   730232.431
 15.334   730232.438
 15.559   730232.445
 16.088   730232.452
 14.242   730232.461
 16.529   730232.466
 13.309   730232.473
 14.159   730232.480
 15.439   730232.487
 17.766   730232.494
 19.512   730232.502
 22.364   730232.508
 24.084   730232.515
 27.514   730232.522
 28.617   730232.529
 26.862   730232.535
 26.096   730232.544
 28.835   730232.549
 28.846   730232.556
 29.721   730232.563
 23.871   730232.570
 25.704   730232.577
 25.522   730232.585
 26.502   730232.591
 24.812   730232.598
 30.285   730232.605
 25.236   730232.612
 30.415   730232.619
 26.372   730232.627
 28.528   730232.633
 30.959   730232.640
 30.608   730232.647
 33.983   730232.654
 33.689   730232.660
    NaN   730232.668
 34.135   730232.674
 31.794   730232.681
 34.718   730232.688
 43.729   730232.695
 35.861   730232.702
 29.276   730232.710
 31.869   730232.716
 32.392   730232.723
 32.116   730232.730
 29.816   730232.737
 32.288   730232.744
 29.683   730232.752
 30.351   730232.758
 29.984   730232.765
 32.413   730232.772
 29.948   730232.779
 31.109   730232.786
 30.505   730232.794
 28.342   730232.799
 28.634   730232.806
 30.797   730232.813
 28.481   730232.820
 30.793   730232.827
 27.550   730232.836
 27.413   730232.841
 30.681   730232.848
    NaN   730232.855
 32.950   730232.862
 27.473   730232.869
 34.926   730232.878
 40.569   730232.883
 29.143   730232.890
 34.645   730232.900
 33.739   730232.907
 33.259   730232.915
 32.821   730232.924
 28.134   730232.931
 27.998   730232.936
 25.874   730232.942
 33.051   730232.949
 29.562   730232.957
 29.825   730232.966
 29.087   730232.970
 31.713   730232.974
 26.256   730232.981
 29.975   730232.989
 28.854   730232.996
