  0.043   730232.003
  0.076   730232.008
  0.101   730232.015
  0.052   730232.022
  0.079   730232.028
  0.008   730232.035
  0.030   730232.044
  0.200   730232.049
  0.485   730232.056
  0.114   730232.063
  0.011   730232.070
  0.075   730232.077
  0.062   730232.085
  0.091   730232.091
  0.118   730232.098
  0.132   730232.105
  0.072   730232.112
  0.071   730232.119
  0.067   730232.127
  0.068   730232.133
  0.085   730232.140
  0.086   730232.146
  0.071   730232.153
  0.082   730232.160
  0.150   730232.169
  0.482   730232.174
  0.340   730232.181
  0.774   730232.188
  0.079   730232.195
  0.268   730232.202
  1.731   730232.210
  0.099   730232.216
  0.705   730232.223
  2.800   730232.230
  0.329   730232.237
  0.983   730232.244
  3.302   730232.252
  3.105   730232.258
  3.018   730232.265
  3.359   730232.272
  3.436   730232.279
  3.016   730232.285
  3.089   730232.294
  3.822   730232.299
  4.114   730232.306
  3.211   730232.313
  3.004   730232.320
  2.898   730232.327
  3.067   730232.335
  3.002   730232.341
  2.982   730232.348
  2.520   730232.355
  0.186   730232.362
  0.143   730232.369
  0.143   730232.377
  0.168   730232.383
  0.133   730232.390
  0.150   730232.397
  0.127   730232.403
  0.147   730232.410
  0.117   730232.419
  0.109   730232.424
  0.118   730232.431
  0.115   730232.438
  0.102   730232.445
  0.094   730232.452
  0.100   730232.461
  0.106   730232.466
  0.099   730232.473
  0.124   730232.480
  0.116   730232.487
  0.116   730232.494
  0.134   730232.502
  0.145   730232.508
  0.155   730232.515
  0.194   730232.522
  0.187   730232.529
  0.203   730232.535
  0.206   730232.544
  0.187   730232.549
  0.191   730232.556
  0.217   730232.563
  0.206   730232.570
  0.197   730232.577
  0.189   730232.585
  0.198   730232.591
  0.221   730232.598
  0.211   730232.605
  0.275   730232.612
  0.263   730232.619
  0.230   730232.627
  0.264   730232.633
  0.269   730232.640
  0.291   730232.647
  0.250   730232.654
  0.274   730232.660
  0.344   730232.668
  0.288   730232.674
  0.281   730232.681
  0.315   730232.688
  0.290   730232.695
  0.302   730232.702
  0.358   730232.710
  0.337   730232.716
  0.289   730232.723
  0.390   730232.730
  0.332   730232.737
  1.809   730232.744
  0.389   730232.752
  0.380   730232.758
  0.382   730232.765
  0.433   730232.772
  0.419   730232.779
  0.405   730232.786
  0.430   730232.794
  0.401   730232.799
  0.454   730232.806
  0.522   730232.813
  0.378   730232.820
  0.542   730232.827
  0.458   730232.836
  0.403   730232.841
  0.433   730232.848
  0.422   730232.855
  0.380   730232.862
  0.460   730232.869
  0.540   730232.878
  0.548   730232.883
  0.588   730232.890
  0.574   730232.900
  0.592   730232.907
  0.559   730232.915
  0.483   730232.924
  0.483   730232.931
  0.490   730232.936
  0.343   730232.942
  0.438   730232.949
  0.385   730232.957
  0.433   730232.966
  0.408   730232.970
  0.376   730232.974
  0.377   730232.981
  0.393   730232.989
  0.402   730232.996
