  0.043   730232.000
  0.209   730232.007
  0.256   730232.013
  0.249   730232.020
  0.287   730232.027
  0.162   730232.034
  0.278   730232.042
  0.229   730232.048
  0.229   730232.055
  0.281   730232.062
  0.169   730232.069
  0.277   730232.076
  0.312   730232.083
 10.260   730232.090
  0.200   730232.097
  0.206   730232.104
  0.281   730232.111
  0.283   730232.118
  0.284   730232.125
  0.216   730232.132
  0.267   730232.138
  0.313   730232.145
  0.339   730232.152
  0.257   730232.159
  0.302   730232.167
  0.283   730232.173
  0.336   730232.180
  0.323   730232.187
  0.318   730232.194
  0.329   730232.201
  0.345   730232.208
  0.354   730232.215
  0.374   730232.222
  0.376   730232.229
  0.375   730232.236
  0.387   730232.243
  0.445   730232.250
  0.401   730232.257
  0.388   730232.264
  0.347   730232.270
  0.445   730232.277
  0.382   730232.284
  0.415   730232.292
  0.351   730232.298
  0.348   730232.305
  0.418   730232.312
  0.340   730232.319
  0.427   730232.326
  0.353   730232.333
  0.368   730232.340
  0.399   730232.347
  0.421   730232.354
  0.443   730232.361
  0.331   730232.368
  0.440   730232.375
  0.385   730232.382
  0.406   730232.389
  0.388   730232.395
  0.403   730232.402
  0.399   730232.409
  0.390   730232.417
  0.550   730232.423
  0.371   730232.430
  0.386   730232.437
  0.395   730232.444
  0.390   730232.451
  0.467   730232.458
  0.387   730232.465
  0.416   730232.472
  0.441   730232.479
  0.470   730232.486
  0.410   730232.493
  0.401   730232.500
  0.438   730232.507
  0.498   730232.513
  0.404   730232.520
  0.450   730232.527
  0.505   730232.534
  0.440   730232.542
  0.404   730232.548
  0.418   730232.555
  0.381   730232.562
  0.439   730232.569
  0.463   730232.576
  0.426   730232.583
  8.809   730232.590
  0.423   730232.597
  0.443   730232.604
  0.398   730232.611
  0.423   730232.618
  0.457   730232.625
  0.476   730232.632
  0.412   730232.639
  0.409   730232.645
  0.430   730232.652
  0.400   730232.659
  0.189   730232.667
  0.456   730232.673
  0.433   730232.680
  0.470   730232.687
  0.461   730232.694
  0.460   730232.701
  0.442   730232.708
  0.453   730232.715
  0.499   730232.722
  0.453   730232.729
  0.474   730232.736
  0.473   730232.743
  0.517   730232.750
  0.505   730232.757
  0.460   730232.764
  0.458   730232.770
  0.499   730232.777
  0.456   730232.784
  0.465   730232.792
  0.406   730232.798
  0.495   730232.805
  0.517   730232.812
  0.458   730232.819
  0.470   730232.826
  0.456   730232.834
  0.494   730232.840
  0.450   730232.847
  0.438   730232.854
  0.451   730232.861
  0.373   730232.868
  0.421   730232.875
  1.555   730232.882
  0.475   730232.888
  0.406   730232.896
  0.472   730232.903
  0.424   730232.910
  0.395   730232.918
  0.461   730232.925
  0.422   730232.932
  0.401   730232.938
  0.434   730232.945
  0.436   730232.952
  0.434   730232.960
  0.382   730232.966
  0.373   730232.972
  0.431   730232.979
  0.385   730232.986
  0.434   730232.993
