  0.876   730190.001
  0.917   730190.008
  0.876   730190.015
  0.924   730190.022
  0.819   730190.029
  0.850   730190.037
  0.914   730190.043
  0.899   730190.049
  0.867   730190.057
  0.776   730190.064
  0.839   730190.071
  0.849   730190.078
  0.893   730190.084
  0.880   730190.091
  0.868   730190.098
  0.884   730190.106
  0.907   730190.112
  0.908   730190.120
  0.931   730190.126
  0.833   730190.133
  0.832   730190.140
  0.906   730190.147
  0.871   730190.154
  0.815   730190.162
  0.881   730190.168
  0.829   730190.175
  0.926   730190.182
  0.821   730190.189
  0.788   730190.195
  0.747   730190.203
  1.663   730190.209
  0.902   730190.217
  0.863   730190.224
  0.792   730190.230
  0.841   730190.238
  0.825   730190.245
  0.877   730190.251
  0.909   730190.258
  0.768   730190.265
  0.849   730190.272
  0.839   730190.279
  0.866   730190.287
  0.745   730190.293
  0.874   730190.299
  0.850   730190.307
  0.820   730190.314
  0.799   730190.321
  0.772   730190.330
  0.753   730190.335
  0.821   730190.342
  0.914   730190.348
  0.901   730190.355
  0.790   730190.362
  0.803   730190.370
  0.741   730190.376
  0.939   730190.383
    NaN   730190.390
  0.889   730190.397
  0.891   730190.404
  0.848   730190.412
  0.767   730190.418
  0.863   730190.425
  0.924   730190.432
  0.784   730190.439
  0.899   730190.445
  0.847   730190.454
  0.822   730190.459
  0.793   730190.467
  0.812   730190.473
  0.882   730190.480
  0.956   730190.488
  0.814   730190.495
  0.931   730190.501
  0.831   730190.508
  0.819   730190.515
  0.832   730190.522
  0.858   730190.529
  0.739   730190.537
  0.776   730190.542
  0.794   730190.549
  0.696   730190.557
  0.847   730190.564
  0.821   730190.570
  0.869   730190.578
  0.983   730190.585
  0.736   730190.591
  0.967   730190.598
  0.748   730190.606
  0.741   730190.613
  0.737   730190.619
  0.800   730190.626
  0.793   730190.633
  0.846   730190.640
  0.824   730190.647
  0.862   730190.654
  0.766   730190.661
  0.845   730190.667
  0.802   730190.675
  0.851   730190.682
  0.875   730190.689
  2.201   730190.696
  0.768   730190.703
  0.882   730190.710
  0.825   730190.717
  0.838   730190.724
  0.860   730190.730
  0.821   730190.737
  0.845   730190.744
  0.675   730190.751
  0.940   730190.758
  0.885   730190.765
  0.945   730190.772
  0.755   730190.779
  0.832   730190.787
  0.811   730190.793
  0.930   730190.800
  0.847   730190.807
  0.846   730190.814
  0.847   730190.820
  0.882   730190.828
  0.791   730190.834
  0.844   730190.842
  0.817   730190.849
  0.820   730190.856
  0.884   730190.863
  0.821   730190.870
  0.772   730190.876
  0.781   730190.883
    NaN   730190.890
  0.748   730190.897
  0.763   730190.903
  0.733   730190.912
  0.767   730190.918
  0.836   730190.925
  0.891   730190.931
  0.835   730190.939
  0.814   730190.946
  0.688   730190.953
  0.776   730190.959
  0.818   730190.966
  0.825   730190.973
  0.956   730190.981
  0.841   730190.987
  0.749   730190.995
