  0.820   729982.000
  0.810   729982.000
  0.870   729982.010
  0.930   729982.020
  0.980   729982.030
  0.900   729982.030
  0.900   729982.040
  0.960   729982.050
  0.900   729982.050
  0.920   729982.060
  0.900   729982.070
  0.870   729982.070
  0.980   729982.080
  0.890   729982.090
  1.010   729982.090
  1.050   729982.100
  1.010   729982.110
  0.980   729982.120
  1.000   729982.120
  1.020   729982.130
  1.010   729982.140
  1.120   729982.140
  1.030   729982.150
  1.110   729982.160
  1.050   729982.160
  0.970   729982.170
  0.970   729982.180
  1.050   729982.180
  0.970   729982.190
  1.020   729982.200
  0.950   729982.210
  0.890   729982.210
  0.990   729982.220
  0.950   729982.230
  1.000   729982.230
  1.000   729982.240
  1.000   729982.250
  0.920   729982.250
  0.960   729982.260
  1.020   729982.270
  0.920   729982.280
  1.000   729982.280
  1.020   729982.290
  1.000   729982.300
  0.920   729982.300
  0.910   729982.310
  0.930   729982.320
  0.840   729982.320
  0.880   729982.330
  0.820   729982.340
  0.820   729982.340
  0.740   729982.350
  0.790   729982.360
  0.840   729982.370
  0.730   729982.370
  0.830   729982.380
  0.790   729982.390
  0.730   729982.390
  0.750   729982.400
  0.690   729982.410
  0.660   729982.410
  0.720   729982.420
  0.650   729982.430
  0.680   729982.430
  0.750   729982.440
  0.720   729982.450
  0.770   729982.460
  0.660   729982.460
  0.710   729982.470
  0.730   729982.480
  0.730   729982.480
  0.760   729982.490
  0.840   729982.500
  0.780   729982.500
  0.810   729982.510
  0.840   729982.520
  0.850   729982.530
  0.920   729982.530
  1.050   729982.540
  0.940   729982.550
  1.000   729982.550
  0.960   729982.560
  1.070   729982.570
  1.170   729982.570
  1.080   729982.580
  1.140   729982.590
  1.180   729982.590
  1.110   729982.600
  1.160   729982.610
  1.100   729982.620
  1.140   729982.620
  1.070   729982.630
  1.040   729982.640
  1.070   729982.640
  0.970   729982.650
  0.940   729982.660
  0.900   729982.660
  0.940   729982.670
  0.890   729982.680
  0.900   729982.680
  0.880   729982.690
  0.870   729982.700
  0.900   729982.710
  0.830   729982.710
  0.890   729982.720
  0.900   729982.730
  0.820   729982.730
  0.850   729982.740
  0.800   729982.750
  0.870   729982.750
  0.770   729982.760
  0.740   729982.770
  0.820   729982.780
  0.790   729982.780
  0.810   729982.790
  0.790   729982.800
  0.850   729982.800
    NaN   729982.810
  0.760   729982.820
  0.830   729982.820
  0.800   729982.830
  0.800   729982.840
  0.930   729982.840
  0.950   729982.850
  0.910   729982.860
  0.820   729982.870
  0.760   729982.870
  0.650   729982.880
  0.620   729982.890
  0.580   729982.890
  0.580   729982.900
  0.520   729982.910
  0.470   729982.910
  0.440   729982.920
  0.400   729982.930
  0.490   729982.930
  0.510   729982.940
  0.520   729982.950
  0.530   729982.960
  0.530   729982.960
  0.520   729982.970
  0.510   729982.980
  0.460   729982.980
  0.490   729982.990
