    NaN   729982.000
    NaN   729982.010
    NaN   729982.010
    NaN   729982.020
    NaN   729982.030
    NaN   729982.030
    NaN   729982.040
    NaN   729982.050
    NaN   729982.050
    NaN   729982.060
    NaN   729982.070
    NaN   729982.080
    NaN   729982.080
    NaN   729982.090
    NaN   729982.100
    NaN   729982.100
    NaN   729982.110
    NaN   729982.120
    NaN   729982.120
    NaN   729982.130
    NaN   729982.140
    NaN   729982.150
    NaN   729982.150
    NaN   729982.160
    NaN   729982.170
    NaN   729982.170
    NaN   729982.180
    NaN   729982.190
    NaN   729982.190
    NaN   729982.200
    NaN   729982.210
    NaN   729982.220
    NaN   729982.220
    NaN   729982.230
    NaN   729982.240
    NaN   729982.240
    NaN   729982.250
    NaN   729982.260
    NaN   729982.260
    NaN   729982.270
    NaN   729982.280
    NaN   729982.280
    NaN   729982.290
    NaN   729982.300
    NaN   729982.310
    NaN   729982.310
    NaN   729982.320
    NaN   729982.330
    NaN   729982.330
    NaN   729982.340
    NaN   729982.350
    NaN   729982.350
    NaN   729982.360
    NaN   729982.370
    NaN   729982.380
    NaN   729982.380
    NaN   729982.390
    NaN   729982.400
    NaN   729982.400
    NaN   729982.410
    NaN   729982.420
    NaN   729982.420
    NaN   729982.430
    NaN   729982.440
    NaN   729982.440
    NaN   729982.450
    NaN   729982.460
    NaN   729982.470
    NaN   729982.470
    NaN   729982.480
    NaN   729982.490
    NaN   729982.490
    NaN   729982.500
    NaN   729982.510
    NaN   729982.510
    NaN   729982.520
    NaN   729982.530
    NaN   729982.530
    NaN   729982.540
    NaN   729982.550
    NaN   729982.560
    NaN   729982.560
    NaN   729982.570
    NaN   729982.580
    NaN   729982.580
    NaN   729982.590
    NaN   729982.600
    NaN   729982.600
    NaN   729982.610
    NaN   729982.620
    NaN   729982.620
    NaN   729982.630
    NaN   729982.640
    NaN   729982.650
    NaN   729982.650
    NaN   729982.660
    NaN   729982.670
    NaN   729982.670
    NaN   729982.680
    NaN   729982.690
    NaN   729982.690
    NaN   729982.700
    NaN   729982.710
    NaN   729982.720
    NaN   729982.720
    NaN   729982.730
    NaN   729982.740
    NaN   729982.740
    NaN   729982.750
    NaN   729982.760
    NaN   729982.760
    NaN   729982.770
    NaN   729982.780
    NaN   729982.780
    NaN   729982.790
    NaN   729982.800
    NaN   729982.810
    NaN   729982.810
    NaN   729982.820
    NaN   729982.830
    NaN   729982.830
    NaN   729982.840
    NaN   729982.850
    NaN   729982.850
    NaN   729982.860
    NaN   729982.870
    NaN   729982.870
    NaN   729982.880
    NaN   729982.890
    NaN   729982.900
    NaN   729982.900
    NaN   729982.910
    NaN   729982.920
    NaN   729982.920
    NaN   729982.930
    NaN   729982.940
    NaN   729982.940
    NaN   729982.950
    NaN   729982.960
    NaN   729982.970
    NaN   729982.970
    NaN   729982.980
    NaN   729982.980
    NaN   729982.990
