  0.950   729717.000
  0.860   729717.000
  0.910   729717.010
  0.820   729717.020
  0.860   729717.020
  0.930   729717.030
  0.840   729717.040
  0.880   729717.040
  0.850   729717.050
  0.840   729717.060
  0.830   729717.070
  0.830   729717.070
  0.950   729717.080
  0.890   729717.090
  0.840   729717.090
  0.870   729717.110
  0.860   729717.110
  0.860   729717.120
  0.920   729717.130
  0.910   729717.130
  0.890   729717.140
  0.880   729717.150
  0.840   729717.160
  0.850   729717.160
  0.870   729717.170
  0.900   729717.180
  0.870   729717.180
  0.950   729717.190
  0.960   729717.200
  0.860   729717.200
  0.920   729717.210
  0.910   729717.220
  0.860   729717.220
  0.940   729717.230
  0.940   729717.230
  0.940   729717.230
  0.940   729717.230
  0.940   729717.230
  0.940   729717.230
  0.940   729717.230
  0.940   729717.230
  0.940   729717.230
  0.940   729717.230
  0.940   729717.230
  0.940   729717.230
  0.940   729717.230
  0.940   729717.230
  0.940   729717.230
  0.940   729717.230
  0.940   729717.230
  0.940   729717.230
  0.940   729717.230
  0.940   729717.230
  0.940   729717.230
  0.940   729717.230
  0.940   729717.230
  0.940   729717.230
  0.940   729717.230
  0.940   729717.230
  0.940   729717.230
  0.940   729717.230
  0.940   729717.230
  0.940   729717.230
  0.940   729717.230
  0.940   729717.230
  0.940   729717.230
  0.940   729717.230
  0.940   729717.230
  0.940   729717.230
  0.940   729717.230
  0.940   729717.230
  0.940   729717.230
  0.940   729717.230
  0.940   729717.230
  0.940   729717.230
  0.940   729717.230
  0.940   729717.230
  0.940   729717.230
  0.940   729717.230
  0.940   729717.230
  0.940   729717.230
  0.940   729717.230
  0.940   729717.230
  0.940   729717.230
  0.940   729717.230
  0.940   729717.230
  0.940   729717.230
  0.940   729717.230
  0.940   729717.230
  0.940   729717.230
  0.940   729717.230
  0.940   729717.230
  0.940   729717.230
  0.940   729717.230
  0.940   729717.230
  0.940   729717.230
  0.940   729717.230
  0.940   729717.230
  0.940   729717.230
  0.940   729717.230
  0.940   729717.230
  0.940   729717.230
  0.940   729717.230
  0.940   729717.230
  0.940   729717.230
  0.940   729717.230
  0.940   729717.230
  0.940   729717.230
  0.940   729717.230
  0.940   729717.230
  0.940   729717.230
  0.940   729717.230
  0.940   729717.230
  0.940   729717.230
  0.940   729717.230
  0.940   729717.230
  0.940   729717.230
  0.940   729717.230
  0.940   729717.230
  0.940   729717.230
  0.940   729717.230
  0.940   729717.230
  0.940   729717.230
  0.940   729717.230
  0.940   729717.230
  0.940   729717.230
  0.940   729717.230
  0.940   729717.230
