  2.235   730092.085
  1.936   730092.093
  2.109   730092.099
  1.944   730092.106
  2.119   730092.113
  2.029   730092.119
  2.362   730092.126
  2.211   730092.133
  2.614   730092.140
  2.292   730092.147
  2.359   730092.154
  2.313   730092.161
  2.327   730092.168
  2.378   730092.175
  2.807   730092.182
  2.502   730092.189
  2.494   730092.196
  2.994   730092.203
  2.623   730092.210
  2.565   730092.217
  2.270   730092.224
  2.753   730092.231
  2.227   730092.238
  2.236   730092.244
  2.313   730092.251
  2.073   730092.258
  2.245   730092.265
  2.018   730092.272
  2.309   730092.279
  1.819   730092.286
  2.076   730092.293
  1.728   730092.300
  1.779   730092.307
  1.735   730092.314
  1.835   730092.321
  1.725   730092.328
  1.571   730092.335
  1.623   730092.342
  1.612   730092.349
  1.599   730092.356
  1.532   730092.363
  1.681   730092.369
  1.609   730092.376
  1.756   730092.383
  1.778   730092.390
  2.011   730092.397
  1.851   730092.404
  2.008   730092.411
  2.042   730092.418
  1.988   730092.425
    NaN   730092.432
  2.063   730092.439
  1.932   730092.446
  2.191   730092.453
  1.927   730092.460
  1.916   730092.467
  1.794   730092.474
  1.416   730092.481
  1.627   730092.488
  1.597   730092.494
  1.652   730092.501
  1.687   730092.508
  1.657   730092.515
  1.479   730092.522
  1.596   730092.529
  1.539   730092.536
  1.374   730092.543
  1.474   730092.550
  1.375   730092.557
  1.327   730092.564
  1.369   730092.571
  1.354   730092.578
  1.426   730092.585
  1.388   730092.592
  1.403   730092.599
  1.368   730092.606
  1.288   730092.613
  1.577   730092.619
  1.281   730092.626
  1.269   730092.633
  1.296   730092.640
  1.420   730092.647
  1.533   730092.654
  1.405   730092.661
  1.289   730092.668
  1.169   730092.675
  1.100   730092.682
  1.195   730092.689
  1.347   730092.696
  1.260   730092.703
  1.242   730092.710
  1.359   730092.717
  1.342   730092.724
  1.402   730092.731
  1.093   730092.738
  1.331   730092.744
  1.293   730092.751
  1.291   730092.758
  1.374   730092.765
  1.303   730092.772
  1.563   730092.779
  1.416   730092.786
  1.295   730092.793
  1.493   730092.800
  1.473   730092.807
  1.490   730092.814
  1.355   730092.821
  1.513   730092.828
  1.445   730092.835
  1.526   730092.842
  1.245   730092.849
  1.490   730092.856
  1.531   730092.863
  1.270   730092.869
  1.350   730092.876
  1.344   730092.883
  1.144   730092.890
  1.311   730092.897
  1.339   730092.904
  1.303   730092.911
  1.008   730092.918
  1.274   730092.925
    NaN   730092.932
  1.276   730092.939
  1.140   730092.946
  1.117   730092.953
  1.164   730092.960
  1.292   730092.967
  1.365   730092.974
  1.294   730092.981
  2.227   730092.988
  2.692   730092.999
