  0.193   730092.084
  0.224   730092.092
  0.218   730092.098
  0.265   730092.105
  0.250   730092.112
  0.251   730092.119
  0.203   730092.126
  0.224   730092.133
  0.216   730092.140
  0.203   730092.147
  0.199   730092.153
  0.193   730092.160
  0.178   730092.167
  0.187   730092.174
  0.205   730092.181
  0.198   730092.188
  0.199   730092.195
  0.188   730092.202
  0.173   730092.209
  0.184   730092.216
  0.198   730092.223
  0.169   730092.230
  0.181   730092.237
  0.174   730092.244
  0.164   730092.251
  0.178   730092.258
  0.175   730092.265
  0.182   730092.272
  0.158   730092.278
  0.180   730092.285
  0.171   730092.292
  0.174   730092.299
  0.183   730092.306
  0.158   730092.313
  0.148   730092.320
  0.161   730092.327
  0.147   730092.334
  0.158   730092.341
  0.178   730092.348
  0.160   730092.355
  0.181   730092.362
  0.158   730092.368
  0.173   730092.375
  0.178   730092.382
  0.178   730092.390
  0.200   730092.397
  0.177   730092.403
  0.193   730092.410
  0.168   730092.417
  0.185   730092.424
  0.170   730092.431
  0.179   730092.438
  0.173   730092.445
  0.171   730092.453
  0.175   730092.459
  0.160   730092.466
  0.154   730092.473
  0.177   730092.480
  0.193   730092.487
  0.179   730092.494
  0.177   730092.501
  0.162   730092.508
  0.145   730092.515
  0.151   730092.522
  0.135   730092.528
  0.136   730092.535
  0.140   730092.542
  0.125   730092.549
  0.135   730092.556
  0.134   730092.563
  0.130   730092.570
  0.107   730092.577
  0.125   730092.584
  0.136   730092.591
  0.116   730092.598
  0.115   730092.605
  0.104   730092.612
  0.101   730092.619
  0.145   730092.626
  0.104   730092.633
  0.085   730092.640
  0.104   730092.647
  0.111   730092.653
  0.101   730092.660
  0.108   730092.667
  0.105   730092.674
  0.120   730092.681
  0.121   730092.688
  0.121   730092.695
  0.110   730092.702
  0.124   730092.709
  0.128   730092.716
  0.136   730092.723
  0.122   730092.730
  0.118   730092.737
  0.126   730092.744
  0.113   730092.751
  0.124   730092.758
  0.116   730092.765
  0.123   730092.772
  0.116   730092.778
  0.138   730092.785
  0.128   730092.792
  0.125   730092.799
  0.143   730092.806
  0.145   730092.813
  0.143   730092.820
  0.169   730092.827
  0.143   730092.834
  0.145   730092.841
  0.161   730092.848
  0.165   730092.855
  0.170   730092.862
  0.160   730092.869
  0.181   730092.876
  0.164   730092.883
  0.186   730092.890
  0.206   730092.897
  0.204   730092.903
  0.211   730092.910
  0.207   730092.917
  0.236   730092.924
  0.254   730092.931
  0.252   730092.938
  0.237   730092.945
  0.261   730092.952
  0.250   730092.959
  0.311   730092.966
  0.298   730092.973
  0.262   730092.980
  0.298   730092.987
  0.298   730092.996
