  0.219   730092.084
  0.434   730092.092
  0.447   730092.098
    NaN   730092.105
  0.216   730092.112
    NaN   730092.119
  0.394   730092.126
    NaN   730092.133
  0.412   730092.140
    NaN   730092.147
  0.357   730092.153
  0.476   730092.160
  0.313   730092.167
    NaN   730092.174
  0.377   730092.181
    NaN   730092.188
    NaN   730092.195
  0.472   730092.202
  0.286   730092.209
  0.403   730092.216
    NaN   730092.223
    NaN   730092.230
    NaN   730092.237
    NaN   730092.244
    NaN   730092.251
    NaN   730092.258
  0.453   730092.265
  0.373   730092.272
  0.372   730092.278
    NaN   730092.285
  0.416   730092.292
  0.257   730092.299
    NaN   730092.306
  0.318   730092.313
  0.278   730092.320
  0.279   730092.327
  0.207   730092.334
  0.281   730092.341
  0.258   730092.348
  0.241   730092.355
    NaN   730092.362
  0.225   730092.368
  0.286   730092.375
  0.323   730092.383
  0.279   730092.390
  0.243   730092.397
    NaN   730092.403
    NaN   730092.410
    NaN   730092.417
  0.295   730092.424
  0.239   730092.431
    NaN   730092.438
    NaN   730092.445
  0.271   730092.453
  0.272   730092.459
    NaN   730092.466
  0.246   730092.473
  0.260   730092.480
  0.248   730092.487
  0.222   730092.494
  0.249   730092.501
  0.229   730092.508
  0.252   730092.515
    NaN   730092.522
  0.236   730092.528
  0.211   730092.535
  0.253   730092.542
  0.290   730092.549
    NaN   730092.556
  0.262   730092.563
    NaN   730092.570
    NaN   730092.577
  0.223   730092.584
  0.259   730092.591
  0.196   730092.598
    NaN   730092.605
  0.214   730092.612
  0.218   730092.619
  0.221   730092.626
  0.205   730092.633
  0.222   730092.640
  0.301   730092.647
  0.702   730092.653
  0.229   730092.660
  0.254   730092.667
  0.221   730092.674
  0.239   730092.681
  0.233   730092.688
    NaN   730092.695
  0.234   730092.702
    NaN   730092.709
    NaN   730092.716
  0.212   730092.723
  0.224   730092.730
  0.226   730092.737
    NaN   730092.744
    NaN   730092.751
    NaN   730092.758
    NaN   730092.765
  0.238   730092.772
    NaN   730092.778
  0.202   730092.785
    NaN   730092.792
  0.243   730092.799
  0.300   730092.806
  0.228   730092.813
    NaN   730092.820
    NaN   730092.827
  0.234   730092.834
    NaN   730092.841
  0.338   730092.848
  0.206   730092.855
    NaN   730092.862
  0.252   730092.869
  0.253   730092.876
  0.277   730092.883
  0.285   730092.890
  0.300   730092.897
  0.221   730092.903
  0.288   730092.910
    NaN   730092.917
  0.262   730092.924
    NaN   730092.931
  0.316   730092.938
  0.320   730092.945
    NaN   730092.952
  0.218   730092.959
  0.222   730092.966
    NaN   730092.973
  0.237   730092.980
  0.191   730092.987
  0.272   730092.997
