  1.089   730092.083
  0.991   730092.091
  1.042   730092.097
  1.068   730092.104
  0.941   730092.111
  1.028   730092.118
  1.080   730092.125
  0.925   730092.132
  1.030   730092.139
  0.874   730092.146
  0.895   730092.153
  0.910   730092.160
  0.804   730092.167
  0.782   730092.174
  0.752   730092.181
  0.799   730092.188
  0.808   730092.194
  0.754   730092.201
  0.719   730092.208
  0.661   730092.215
  0.777   730092.222
  0.651   730092.229
  0.728   730092.236
  0.702   730092.243
  0.675   730092.250
  0.684   730092.257
  0.740   730092.264
  0.679   730092.271
  0.680   730092.278
  0.765   730092.285
  0.683   730092.292
  0.664   730092.299
  0.725   730092.306
  0.631   730092.312
  0.737   730092.319
  0.750   730092.326
  0.759   730092.333
  0.773   730092.340
  0.708   730092.347
  0.812   730092.354
  0.899   730092.361
  1.040   730092.388
  1.081   730092.389
  1.234   730092.396
  1.234   730092.403
  1.353   730092.410
  1.420   730092.417
  1.455   730092.424
  1.617   730092.431
  1.497   730092.438
  1.455   730092.444
  1.569   730092.451
  1.352   730092.458
  1.335   730092.465
  1.318   730092.472
  1.235   730092.479
  1.350   730092.486
  1.199   730092.493
  1.248   730092.500
  1.179   730092.507
  1.027   730092.514
  1.063   730092.521
  1.131   730092.528
  1.134   730092.535
  1.075   730092.542
  1.019   730092.549
  1.031   730092.556
  2.561   730092.562
  0.826   730092.569
  0.883   730092.576
  0.812   730092.583
  0.912   730092.590
  0.965   730092.597
  0.757   730092.604
  0.795   730092.611
  0.798   730092.618
  0.794   730092.625
  0.763   730092.632
  0.776   730092.639
  0.728   730092.646
  0.809   730092.653
  0.684   730092.660
  0.706   730092.667
  0.685   730092.674
  0.701   730092.681
  0.762   730092.688
  0.604   730092.694
  0.641   730092.701
  0.640   730092.708
  0.668   730092.715
  0.663   730092.722
  0.637   730092.729
  0.571   730092.736
  0.648   730092.743
  0.668   730092.750
  0.601   730092.757
  0.588   730092.764
  0.646   730092.771
  0.656   730092.778
  0.613   730092.785
  0.616   730092.792
  0.658   730092.799
  0.673   730092.806
  0.593   730092.812
  0.696   730092.819
  0.651   730092.826
  0.640   730092.833
  0.706   730092.840
  0.669   730092.847
  0.723   730092.854
  0.840   730092.861
  0.813   730092.868
  0.855   730092.875
  0.942   730092.882
  1.041   730092.889
  1.120   730092.896
  0.989   730092.903
  1.350   730092.910
  1.155   730092.917
  1.232   730092.924
  1.224   730092.931
  1.285   730092.938
  1.290   730092.944
  1.207   730092.951
  1.289   730092.958
  1.217   730092.965
  1.177   730092.972
  1.346   730092.979
  1.333   730092.986
  1.218   730092.994
