  0.056   730391.000
  0.055   730391.007
  0.051   730391.014
  0.058   730391.021
  0.054   730391.028
  0.048   730391.035
  0.048   730391.042
  0.051   730391.049
  0.072   730391.056
  0.048   730391.063
  0.049   730391.070
  0.043   730391.076
  0.134   730391.083
  0.055   730391.090
  0.055   730391.097
  0.044   730391.104
  0.053   730391.111
  0.046   730391.118
  0.042   730391.125
  0.047   730391.132
  0.046   730391.139
  0.054   730391.146
  0.055   730391.153
  0.055   730391.160
  0.057   730391.167
  0.055   730391.174
  0.053   730391.181
  0.049   730391.187
  0.049   730391.195
  0.066   730391.201
  0.056   730391.208
  0.619   730391.215
  0.074   730391.222
  0.050   730391.229
  0.085   730391.236
  0.186   730391.243
  0.109   730391.250
  0.080   730391.257
  0.076   730391.264
  0.075   730391.271
  0.070   730391.278
  0.083   730391.285
  0.073   730391.292
  0.086   730391.299
  0.084   730391.306
  0.081   730391.312
  0.077   730391.320
  0.073   730391.326
  0.074   730391.333
  0.064   730391.340
  0.064   730391.347
  0.071   730391.354
  0.076   730391.361
  0.076   730391.368
  0.064   730391.375
  0.073   730391.382
  0.080   730391.389
  0.071   730391.396
  0.158   730391.403
  0.064   730391.410
  0.065   730391.417
  0.056   730391.424
  0.175   730391.431
  0.071   730391.437
  0.074   730391.445
  0.063   730391.451
  0.058   730391.458
  0.064   730391.465
  0.055   730391.472
  0.051   730391.479
  0.062   730391.486
  0.053   730391.493
  0.060   730391.500
  0.056   730391.507
  0.053   730391.514
  0.054   730391.521
  0.056   730391.528
  0.053   730391.535
  0.069   730391.542
  0.061   730391.549
  0.057   730391.556
  0.149   730391.562
  0.067   730391.570
  0.071   730391.576
  0.071   730391.583
  0.080   730391.590
  0.076   730391.597
  0.073   730391.604
  0.075   730391.611
  0.089   730391.618
  0.087   730391.625
  0.103   730391.632
  0.083   730391.639
  0.079   730391.646
  0.098   730391.653
  0.094   730391.660
  0.103   730391.667
  0.093   730391.674
  0.083   730391.681
  0.084   730391.687
  0.098   730391.695
  0.095   730391.701
  0.095   730391.708
  0.175   730391.715
  0.090   730391.722
  0.085   730391.729
  0.084   730391.736
  0.113   730391.743
  0.281   730391.750
  0.072   730391.757
  0.065   730391.764
  0.106   730391.771
  0.068   730391.778
  0.074   730391.785
  0.097   730391.792
  0.066   730391.799
  0.074   730391.806
  0.083   730391.812
  0.086   730391.820
  0.112   730391.826
  0.079   730391.833
  0.069   730391.840
  0.117   730391.840
  0.083   730391.847
  0.086   730391.854
  0.077   730391.861
  0.088   730391.868
  0.079   730391.875
  0.077   730391.882
  0.080   730391.889
  0.071   730391.896
  0.100   730391.903
  0.708   730391.910
  0.128   730391.917
  0.093   730391.924
  0.108   730391.931
  0.292   730391.937
  0.105   730391.945
  4.145   730391.951
  0.096   730391.958
  0.087   730391.965
  0.095   730391.972
  0.121   730391.979
  0.148   730391.986
  0.228   730391.993
