  1.778   730209.003
  1.493   730209.003
  1.561   730209.009
  1.600   730209.015
  1.691   730209.022
  1.662   730209.029
  1.627   730209.043
  1.692   730209.051
  1.569   730209.057
  1.647   730209.066
  1.388   730209.073
  1.359   730209.078
  1.454   730209.089
  1.460   730209.097
  1.461   730209.102
  1.459   730209.108
  1.369   730209.115
  1.465   730209.119
  1.278   730209.129
  1.438   730209.136
  1.442   730209.142
  1.547   730209.149
  1.367   730209.156
  1.440   730209.162
  1.639   730209.170
  1.728   730209.178
  1.512   730209.183
  1.710   730209.190
  1.562   730209.197
  1.529   730209.204
  1.513   730209.212
  1.437   730209.220
  1.645   730209.226
  1.897   730209.232
  1.811   730209.239
  1.696   730209.246
  1.669   730209.254
  1.662   730209.261
  1.735   730209.267
  1.686   730209.274
  1.791   730209.281
  1.718   730209.288
  1.700   730209.297
  1.575   730209.304
  1.398   730209.309
  1.442   730209.316
  2.668   730209.322
  1.529   730209.329
  1.367   730209.334
  1.367   730209.339
  1.323   730209.344
  1.375   730209.349
  1.367   730209.355
  1.310   730209.362
  1.328   730209.369
  1.276   730209.378
  1.301   730209.383
  1.397   730209.390
  1.357   730209.397
  1.209   730209.404
  1.357   730209.411
  1.302   730209.419
  3.246   730209.425
  6.269   730209.431
  1.624   730209.446
  1.266   730209.454
  1.331   730209.461
  1.370   730209.466
  1.357   730209.473
  1.229   730209.480
  1.329   730209.487
  1.303   730209.494
  1.271   730209.502
  1.186   730209.508
  1.371   730209.515
  1.482   730209.522
  1.220   730209.529
  1.321   730209.536
  1.194   730209.544
  1.308   730209.550
  1.307   730209.557
  1.142   730209.564
  1.197   730209.571
  1.236   730209.578
  1.008   730209.586
  1.072   730209.591
  1.050   730209.598
  1.241   730209.605
  1.054   730209.612
  1.117   730209.621
  1.190   730209.628
  1.166   730209.633
  1.085   730209.640
  1.041   730209.647
  1.059   730209.654
  1.126   730209.661
  1.127   730209.669
  1.091   730209.675
  1.059   730209.682
  1.115   730209.689
  1.161   730209.696
  1.239   730209.703
  1.123   730209.711
  1.075   730209.717
  1.021   730209.723
  1.087   730209.730
  1.143   730209.737
  0.940   730209.744
  0.881   730209.752
  1.089   730209.758
  1.082   730209.765
  0.940   730209.772
  0.982   730209.780
  0.979   730209.789
  1.002   730209.795
  1.006   730209.800
  1.058   730209.807
  1.075   730209.814
  1.030   730209.821
  1.211   730209.828
  1.188   730209.838
    NaN   730209.843
    NaN   730209.848
  1.037   730209.855
  1.113   730209.862
  1.014   730209.869
  1.075   730209.877
  1.133   730209.883
  1.104   730209.890
  1.048   730209.897
  1.131   730209.904
  0.985   730209.911
  1.052   730209.919
  1.170   730209.925
  1.231   730209.932
  1.107   730209.939
  1.088   730209.946
  1.158   730209.954
  1.006   730209.961
  1.176   730209.967
  1.044   730209.973
  1.282   730209.980
  1.165   730209.987
  1.200   730209.994
