  0.122   730209.004
  0.151   730209.004
  0.274   730209.010
  0.132   730209.016
  0.135   730209.023
  0.128   730209.030
  0.173   730209.047
  0.151   730209.056
  0.146   730209.061
  0.120   730209.070
  0.140   730209.077
  0.131   730209.083
  0.132   730209.095
  0.135   730209.101
  0.127   730209.107
  0.119   730209.113
  0.125   730209.117
  0.119   730209.124
  0.141   730209.134
  0.118   730209.140
  0.136   730209.146
  0.127   730209.153
  0.126   730209.160
  0.139   730209.167
  0.136   730209.175
  0.123   730209.182
  0.164   730209.188
  0.145   730209.194
  0.143   730209.201
  0.131   730209.209
  0.141   730209.217
  0.142   730209.224
  0.139   730209.230
  0.148   730209.236
  0.150   730209.243
  0.146   730209.250
  3.062   730209.259
  0.139   730209.265
  0.158   730209.271
  0.148   730209.277
  0.150   730209.285
  0.133   730209.293
  0.159   730209.302
  0.157   730209.308
  0.154   730209.314
  0.170   730209.320
  0.189   730209.326
  0.186   730209.332
  0.191   730209.337
  0.190   730209.341
  0.197   730209.345
  0.226   730209.349
  0.270   730209.356
  0.248   730209.363
  0.281   730209.370
  0.287   730209.378
  0.318   730209.384
  0.354   730209.391
  0.330   730209.398
  0.320   730209.405
  0.325   730209.412
  0.334   730209.420
  0.345   730209.426
  0.344   730209.431
  0.317   730209.446
  0.343   730209.455
  0.331   730209.462
  0.320   730209.467
  0.346   730209.474
  0.366   730209.481
  0.346   730209.488
  0.343   730209.495
  0.373   730209.503
  0.559   730209.509
  0.360   730209.516
  0.360   730209.523
  0.396   730209.530
  0.362   730209.537
  0.380   730209.545
  0.360   730209.551
  0.355   730209.558
  0.380   730209.565
  0.435   730209.571
  0.425   730209.578
  0.385   730209.587
  0.463   730209.592
  0.506   730209.599
  0.411   730209.606
  0.387   730209.613
  0.455   730209.623
  0.373   730209.629
  0.365   730209.634
  0.404   730209.641
  0.406   730209.648
  0.435   730209.655
  0.405   730209.662
  0.413   730209.670
  0.378   730209.676
  0.419   730209.683
  0.387   730209.690
  0.358   730209.696
  0.401   730209.703
  0.397   730209.712
  0.398   730209.717
  0.402   730209.724
  0.174   730209.731
  0.169   730209.731
  0.464   730209.738
  0.400   730209.745
  0.402   730209.753
  3.854   730209.759
  0.429   730209.766
  0.401   730209.773
  0.118   730209.773
  0.564   730209.781
  0.353   730209.792
  0.422   730209.796
  0.391   730209.800
  0.379   730209.808
  0.343   730209.815
  0.360   730209.822
  0.422   730209.829
  0.401   730209.840
  0.415   730209.844
  0.432   730209.849
  0.366   730209.856
  0.445   730209.863
  0.439   730209.870
  0.407   730209.878
  0.466   730209.884
  0.464   730209.891
  0.469   730209.898
  0.406   730209.905
  0.429   730209.912
  0.459   730209.919
  0.445   730209.926
  0.406   730209.933
  0.422   730209.940
  0.462   730209.946
  0.416   730209.956
  0.466   730209.962
  0.437   730209.968
  0.461   730209.974
  0.402   730209.981
  0.384   730209.988
  0.394   730209.995
