  0.103   730405.007
  0.114   730405.014
  0.125   730405.021
  0.106   730405.028
  0.119   730405.035
  0.105   730405.042
  0.113   730405.049
    NaN   730405.055
  0.110   730405.062
  0.114   730405.070
  0.126   730405.076
  0.116   730405.083
  0.120   730405.090
  0.113   730405.097
  0.118   730405.104
  0.123   730405.111
  0.935   730405.118
  0.111   730405.125
  0.117   730405.132
  0.110   730405.139
  0.121   730405.146
  0.107   730405.153
  0.113   730405.160
  0.109   730405.167
  0.105   730405.174
  0.115   730405.180
  0.111   730405.187
  0.110   730405.195
  0.123   730405.201
  0.113   730405.208
  0.143   730405.215
  0.126   730405.222
  0.122   730405.229
  0.120   730405.236
  0.118   730405.243
  0.147   730405.250
  0.131   730405.257
  0.123   730405.264
  0.115   730405.271
  0.123   730405.278
  0.130   730405.285
  0.134   730405.292
  0.120   730405.299
  0.121   730405.306
  0.134   730405.312
  0.128   730405.320
  0.111   730405.326
  0.134   730405.333
  0.126   730405.340
  0.121   730405.347
  0.135   730405.354
  0.131   730405.361
  0.131   730405.368
  0.116   730405.375
  0.127   730405.382
  0.130   730405.389
  0.111   730405.396
  0.130   730405.403
  0.123   730405.410
  0.128   730405.417
  0.122   730405.424
  0.129   730405.431
  0.105   730405.437
  0.125   730405.445
  0.118   730405.451
  0.104   730405.458
  0.125   730405.465
  0.117   730405.472
  0.120   730405.479
  0.122   730405.486
  0.157   730405.493
  0.118   730405.500
  0.129   730405.507
  0.121   730405.514
  0.129   730405.521
  0.124   730405.528
  0.120   730405.535
  0.110   730405.542
  0.130   730405.549
  0.129   730405.555
  0.117   730405.562
  0.146   730405.570
  0.141   730405.576
  0.100   730405.583
  0.126   730405.590
  0.120   730405.597
  0.130   730405.604
  0.124   730405.611
  0.121   730405.618
  0.119   730405.625
  0.118   730405.632
  0.115   730405.639
  0.115   730405.646
  0.105   730405.653
  0.110   730405.660
  0.133   730405.667
  0.133   730405.674
  0.135   730405.680
  0.130   730405.687
  0.121   730405.695
  0.111   730405.701
  0.125   730405.708
  0.120   730405.715
  0.125   730405.722
  0.106   730405.729
  0.132   730405.736
  0.122   730405.743
  0.123   730405.750
  0.117   730405.757
  0.109   730405.764
  0.105   730405.771
  0.118   730405.778
  0.104   730405.785
  0.125   730405.792
  0.112   730405.799
  0.107   730405.806
  0.106   730405.812
  0.102   730405.820
  0.111   730405.826
  0.105   730405.833
  0.099   730405.840
  0.121   730405.847
  0.110   730405.849
  0.105   730405.854
  0.110   730405.861
  0.099   730405.868
  0.738   730405.875
  0.113   730405.882
  0.096   730405.889
  0.095   730405.896
  0.108   730405.903
  0.102   730405.910
  0.104   730405.917
  0.118   730405.924
  0.091   730405.930
  0.099   730405.937
  0.112   730405.945
  0.109   730405.953
  0.123   730405.960
  0.113   730405.967
  0.099   730405.974
  0.114   730405.981
  0.110   730405.988
  0.104   730405.995
