  0.078   730405.007
  0.591   730405.007
  0.682   730405.014
  0.555   730405.021
  0.618   730405.028
  0.601   730405.034
  0.553   730405.041
  0.592   730405.048
  0.651   730405.055
  0.533   730405.062
  0.634   730405.069
  0.621   730405.076
  0.557   730405.083
  0.579   730405.090
  0.599   730405.097
  0.539   730405.104
  0.591   730405.111
  0.543   730405.118
  0.557   730405.125
  0.659   730405.132
  0.625   730405.139
  0.602   730405.146
  0.669   730405.153
  0.629   730405.159
  0.579   730405.166
  0.665   730405.173
  0.637   730405.180
  0.698   730405.187
  0.582   730405.194
  0.682   730405.201
  0.563   730405.208
  0.657   730405.215
  0.584   730405.222
  0.571   730405.229
  0.727   730405.236
  0.699   730405.243
  0.677   730405.250
  0.616   730405.257
  0.661   730405.264
  0.547   730405.271
  0.521   730405.278
  0.548   730405.284
  0.553   730405.291
  0.641   730405.298
  0.627   730405.305
  0.552   730405.312
  0.515   730405.319
  0.626   730405.326
  0.564   730405.333
  0.498   730405.340
  0.596   730405.347
  0.625   730405.354
  0.575   730405.361
  0.579   730405.368
  0.557   730405.375
  0.488   730405.382
  0.586   730405.389
  0.561   730405.396
  0.505   730405.403
  0.514   730405.409
  0.567   730405.416
  0.521   730405.423
  0.519   730405.430
  0.554   730405.437
  0.461   730405.444
  0.623   730405.451
  0.571   730405.458
  0.573   730405.465
  0.688   730405.472
  0.800   730405.479
  0.729   730405.486
  0.802   730405.493
  0.762   730405.500
  0.841   730405.507
  0.961   730405.514
  0.906   730405.521
  0.809   730405.528
  0.899   730405.534
  0.865   730405.541
  0.793   730405.548
  0.897   730405.555
  0.877   730405.562
  0.809   730405.569
  0.751   730405.576
  0.797   730405.583
  0.870   730405.590
  0.825   730405.597
  0.872   730405.604
  0.663   730405.611
  0.805   730405.618
  0.792   730405.625
  0.859   730405.632
  0.861   730405.639
  0.864   730405.646
  0.913   730405.653
  0.898   730405.659
  1.027   730405.666
  0.989   730405.673
  0.898   730405.680
  0.972   730405.687
  1.101   730405.694
  1.037   730405.701
  0.998   730405.708
  1.109   730405.715
  2.269   730405.722
  1.238   730405.729
  1.207   730405.736
  1.159   730405.743
  1.106   730405.750
  1.008   730405.757
  1.275   730405.764
  1.104   730405.771
  1.117   730405.778
  1.177   730405.784
  1.141   730405.791
  1.062   730405.798
  0.974   730405.805
  1.067   730405.812
  1.004   730405.819
  0.931   730405.826
  0.959   730405.833
  0.968   730405.840
  1.032   730405.847
  1.044   730405.848
  0.834   730405.854
  0.837   730405.861
  0.696   730405.868
  0.804   730405.875
  0.793   730405.882
  0.647   730405.889
  0.722   730405.896
  0.609   730405.903
  0.663   730405.909
  0.608   730405.916
  0.567   730405.923
  0.512   730405.930
  0.542   730405.937
  0.494   730405.944
  0.505   730405.952
  0.435   730405.959
  0.429   730405.966
  0.402   730405.973
  0.446   730405.980
  0.427   730405.987
  0.487   730405.994
