  0.312   730405.000
  0.056   730405.000
  0.338   730405.007
  0.316   730405.014
  0.286   730405.021
  0.262   730405.029
  0.276   730405.035
  0.283   730405.042
  0.301   730405.049
  0.256   730405.056
  0.284   730405.063
  0.260   730405.070
  0.271   730405.077
  0.263   730405.084
  0.298   730405.091
  0.276   730405.098
  0.250   730405.105
  0.261   730405.112
  2.501   730405.118
  0.263   730405.125
  0.294   730405.132
  0.264   730405.139
  0.288   730405.146
  0.271   730405.154
  0.288   730405.160
  0.263   730405.167
  0.284   730405.174
  0.301   730405.181
  0.260   730405.188
  0.258   730405.195
  0.259   730405.202
  0.271   730405.209
  0.242   730405.216
  0.259   730405.223
  0.283   730405.230
  0.281   730405.237
  0.300   730405.243
  0.295   730405.250
  0.303   730405.257
  0.273   730405.264
  0.249   730405.271
  0.268   730405.279
  0.285   730405.285
  0.230   730405.292
  0.268   730405.299
  0.286   730405.306
  0.271   730405.313
  0.247   730405.320
  0.259   730405.327
  0.237   730405.334
  0.255   730405.341
  0.262   730405.348
  0.255   730405.355
  0.265   730405.362
  0.304   730405.368
  0.291   730405.375
  0.270   730405.382
  0.262   730405.389
  0.233   730405.396
  0.258   730405.404
  0.269   730405.410
  1.199   730405.417
  0.279   730405.424
  0.254   730405.431
  0.260   730405.438
  0.221   730405.445
  0.282   730405.452
  0.250   730405.459
  0.255   730405.466
  0.244   730405.473
  0.258   730405.480
  0.259   730405.487
  0.280   730405.493
  0.270   730405.500
  0.270   730405.507
  0.300   730405.514
  0.252   730405.521
  0.283   730405.529
  0.282   730405.535
  0.254   730405.542
  0.282   730405.549
  0.285   730405.556
  0.254   730405.563
  0.257   730405.570
  0.274   730405.577
  0.292   730405.584
  0.312   730405.591
  0.293   730405.598
  2.426   730405.605
  0.292   730405.612
  0.257   730405.618
  0.248   730405.625
  0.237   730405.632
  0.238   730405.639
  0.290   730405.646
  0.245   730405.654
  0.272   730405.660
  0.251   730405.667
  0.217   730405.674
  0.266   730405.681
  0.271   730405.688
  0.253   730405.695
  0.252   730405.702
  0.236   730405.709
  0.245   730405.716
  0.238   730405.723
  0.245   730405.730
  0.244   730405.737
  0.250   730405.743
  0.252   730405.750
  0.236   730405.757
  0.219   730405.764
  0.281   730405.771
  0.274   730405.779
  0.263   730405.785
  0.270   730405.792
  0.246   730405.799
  0.274   730405.806
  0.221   730405.813
  0.201   730405.820
  0.217   730405.827
  0.226   730405.834
  0.218   730405.841
  0.237   730405.848
  0.231   730405.850
  0.218   730405.855
  0.216   730405.862
  0.188   730405.868
  0.217   730405.875
  0.202   730405.882
  0.210   730405.889
  0.222   730405.896
  0.253   730405.904
  0.206   730405.910
  1.762   730405.917
  0.218   730405.924
  0.193   730405.931
  0.215   730405.938
  0.198   730405.945
  0.165   730405.954
  0.216   730405.962
  0.189   730405.969
  0.216   730405.975
  0.199   730405.982
  0.187   730405.990
  0.187   730405.996
