  0.032   730405.006
  0.092   730405.006
  0.085   730405.013
  0.093   730405.020
  0.098   730405.027
  0.100   730405.034
  0.093   730405.041
  0.096   730405.048
  0.085   730405.055
  0.107   730405.062
  0.105   730405.069
  0.094   730405.076
  0.101   730405.083
  0.092   730405.090
  0.089   730405.097
  0.115   730405.104
  0.097   730405.111
  0.093   730405.118
  0.105   730405.125
  0.095   730405.131
  0.096   730405.138
  0.095   730405.145
  0.103   730405.152
  0.100   730405.159
  0.097   730405.166
  0.092   730405.173
  0.082   730405.180
  0.092   730405.187
  0.105   730405.194
  0.088   730405.201
  0.098   730405.208
  0.107   730405.215
  0.110   730405.222
  0.108   730405.229
  0.102   730405.236
  0.108   730405.243
  0.100   730405.250
  0.118   730405.256
  0.106   730405.263
  0.112   730405.270
  0.106   730405.277
  0.107   730405.284
  0.106   730405.291
  0.117   730405.298
  0.106   730405.305
  0.107   730405.312
  0.094   730405.319
  0.105   730405.326
  0.100   730405.333
  0.095   730405.340
  0.095   730405.347
  0.092   730405.354
  0.098   730405.361
  0.094   730405.368
  0.092   730405.375
  0.084   730405.381
  0.080   730405.388
  0.079   730405.395
  0.082   730405.402
  0.087   730405.409
  0.083   730405.416
  0.087   730405.423
  0.090   730405.430
  0.083   730405.437
  0.095   730405.444
  0.080   730405.451
  0.088   730405.458
  0.090   730405.465
  0.084   730405.472
  0.082   730405.479
  0.084   730405.486
  0.086   730405.493
  0.089   730405.500
  0.098   730405.506
  0.098   730405.513
  0.090   730405.520
  0.090   730405.527
  0.103   730405.534
  0.079   730405.541
  0.098   730405.548
  0.095   730405.555
  0.096   730405.562
  0.093   730405.569
  0.105   730405.576
  0.096   730405.583
  0.082   730405.590
  0.085   730405.597
  0.090   730405.604
  0.082   730405.611
  0.080   730405.618
  0.084   730405.625
  0.078   730405.631
  0.087   730405.638
  0.080   730405.645
  0.083   730405.652
  0.084   730405.659
  0.093   730405.666
  0.104   730405.673
  0.085   730405.680
  0.081   730405.687
  0.091   730405.694
  0.085   730405.701
  0.088   730405.708
  0.087   730405.715
  0.095   730405.722
  0.081   730405.729
  0.086   730405.736
  0.103   730405.743
  0.102   730405.750
  0.097   730405.756
  0.104   730405.763
  0.104   730405.770
  0.113   730405.777
  0.111   730405.784
  0.096   730405.791
  0.108   730405.798
  0.100   730405.805
  0.099   730405.812
  0.105   730405.819
  0.100   730405.826
  0.095   730405.833
  0.106   730405.840
  0.104   730405.846
  0.102   730405.847
  0.102   730405.854
  0.091   730405.861
  0.098   730405.868
  0.086   730405.875
  0.096   730405.881
  0.091   730405.888
  0.095   730405.895
  0.088   730405.902
  0.087   730405.909
  0.084   730405.916
  0.091   730405.923
  0.075   730405.930
  0.078   730405.937
  0.078   730405.944
  0.084   730405.951
  0.075   730405.958
  0.084   730405.965
  0.073   730405.972
  0.079   730405.979
  0.075   730405.986
  0.082   730405.993
