  0.484   730405.000
  0.140   730405.000
  0.470   730405.007
  0.453   730405.014
  0.522   730405.021
  0.444   730405.029
  0.477   730405.035
  0.472   730405.042
  0.506   730405.049
  0.539   730405.056
  0.465   730405.063
  0.513   730405.070
  0.504   730405.077
  0.484   730405.084
  0.433   730405.091
  0.474   730405.098
  0.497   730405.105
  0.485   730405.112
  0.490   730405.118
  0.490   730405.125
  0.528   730405.132
  0.519   730405.139
  0.488   730405.146
  0.500   730405.154
  0.458   730405.160
  0.489   730405.167
  0.549   730405.174
  0.495   730405.181
  0.496   730405.188
  0.529   730405.195
  0.563   730405.202
  0.517   730405.209
  0.523   730405.216
  0.564   730405.223
  0.519   730405.230
  0.574   730405.237
  0.575   730405.243
  0.553   730405.250
  0.498   730405.257
  0.512   730405.264
  0.516   730405.271
  0.487   730405.279
  0.533   730405.285
  0.499   730405.292
  0.509   730405.299
  0.508   730405.306
  0.497   730405.313
  0.488   730405.320
  0.476   730405.327
  0.459   730405.334
  0.517   730405.341
  0.584   730405.348
  0.497   730405.355
  0.531   730405.362
  0.453   730405.368
  0.508   730405.375
  0.460   730405.382
  0.481   730405.389
  0.463   730405.396
  0.548   730405.404
  0.528   730405.410
  5.730   730405.417
  0.547   730405.424
  0.454   730405.431
  0.492   730405.438
  0.505   730405.445
  0.516   730405.452
  0.503   730405.459
  0.542   730405.466
  0.433   730405.473
  0.544   730405.480
  0.437   730405.487
  0.470   730405.493
  0.552   730405.500
  0.516   730405.507
  0.551   730405.514
  0.526   730405.521
  0.522   730405.529
  0.527   730405.535
  0.511   730405.542
  0.525   730405.549
  0.556   730405.556
  0.529   730405.563
  0.529   730405.570
  0.493   730405.577
  0.537   730405.584
  0.518   730405.591
  0.613   730405.598
  0.511   730405.605
  0.553   730405.612
  0.570   730405.618
  0.441   730405.625
  0.525   730405.632
  0.544   730405.639
  0.519   730405.646
  0.467   730405.654
  0.504   730405.660
  0.534   730405.667
  0.487   730405.674
  0.514   730405.681
  0.563   730405.688
  0.555   730405.695
  0.543   730405.702
  0.548   730405.709
  0.507   730405.716
  0.489   730405.723
  0.531   730405.730
  0.489   730405.737
  0.484   730405.743
  0.587   730405.750
  0.601   730405.757
  0.559   730405.764
  0.592   730405.771
  0.521   730405.779
  0.529   730405.785
  0.499   730405.792
  0.574   730405.799
  0.523   730405.806
  0.527   730405.813
  0.567   730405.820
  0.520   730405.827
  0.519   730405.834
  6.630   730405.841
  0.549   730405.848
  0.497   730405.850
  0.488   730405.855
  0.567   730405.862
  0.510   730405.868
  0.565   730405.875
  0.570   730405.882
  0.567   730405.889
  0.671   730405.896
  0.666   730405.904
  0.570   730405.910
  8.665   730405.917
  0.654   730405.924
  0.703   730405.931
  0.652   730405.938
  0.738   730405.945
  0.638   730405.954
  0.631   730405.962
  0.642   730405.969
  0.561   730405.975
  0.560   730405.982
  0.564   730405.990
  0.573   730405.996
