  1.656   730405.000
  0.535   730405.000
  1.550   730405.007
  1.626   730405.014
  1.605   730405.021
 94.281   730405.029
  1.477   730405.035
  1.697   730405.042
  1.445   730405.049
  1.644   730405.056
  1.799   730405.063
  2.062   730405.070
  1.622   730405.077
  1.676   730405.084
  1.625   730405.091
  1.443   730405.098
  1.622   730405.105
  1.664   730405.112
  1.685   730405.118
  1.479   730405.125
  1.476   730405.132
  1.683   730405.139
  1.596   730405.146
  1.906   730405.154
  1.758   730405.160
  1.818   730405.167
  1.933   730405.174
  1.761   730405.181
  1.614   730405.188
  1.635   730405.195
  1.719   730405.202
  1.638   730405.209
  1.679   730405.216
  1.612   730405.223
  1.668   730405.230
  1.529   730405.237
  1.827   730405.243
  1.756   730405.250
  1.721   730405.257
  1.789   730405.264
  1.678   730405.271
  1.654   730405.279
  1.697   730405.285
  1.648   730405.292
  1.734   730405.299
  1.569   730405.306
  1.688   730405.313
  1.739   730405.320
  1.804   730405.327
  1.556   730405.334
  1.554   730405.341
  1.649   730405.348
  1.799   730405.355
  1.594   730405.362
  1.828   730405.368
  1.883   730405.375
  1.726   730405.382
  1.743   730405.389
  1.657   730405.396
  1.840   730405.404
  1.870   730405.410
  1.655   730405.417
  1.818   730405.424
  1.754   730405.431
  1.874   730405.438
  1.924   730405.445
  1.960   730405.452
  1.771   730405.459
  1.822   730405.466
  1.619   730405.473
  1.741   730405.480
  1.840   730405.487
  1.703   730405.493
  1.892   730405.500
  1.743   730405.507
  1.878   730405.514
  1.876   730405.521
 97.768   730405.529
  1.920   730405.535
  1.779   730405.542
  2.069   730405.549
  1.726   730405.556
  1.835   730405.563
  2.126   730405.570
  2.089   730405.577
  1.811   730405.584
  1.946   730405.591
  1.958   730405.598
  1.940   730405.605
  2.089   730405.612
  1.936   730405.618
  2.185   730405.625
  2.228   730405.632
  1.982   730405.639
  1.862   730405.646
  1.768   730405.654
  2.008   730405.660
  1.824   730405.667
  1.694   730405.674
  1.709   730405.681
  1.877   730405.688
  1.844   730405.695
  1.783   730405.702
  1.929   730405.709
  1.879   730405.716
  1.812   730405.723
  1.701   730405.730
  1.984   730405.737
  2.021   730405.743
  2.098   730405.750
  1.860   730405.757
  1.972   730405.764
  1.728   730405.771
  2.065   730405.779
  2.077   730405.785
  1.993   730405.792
  2.090   730405.799
  1.898   730405.806
  2.050   730405.813
  2.014   730405.820
  2.150   730405.827
  1.943   730405.834
  2.096   730405.841
  1.767   730405.848
  2.016   730405.850
  1.796   730405.855
  1.805   730405.862
  1.924   730405.868
  1.912   730405.875
  1.983   730405.882
  1.872   730405.889
  2.028   730405.896
  1.840   730405.904
  1.903   730405.910
  2.012   730405.917
  1.769   730405.924
  1.817   730405.931
  1.920   730405.938
  1.765   730405.945
  1.876   730405.954
  1.941   730405.962
  1.788   730405.969
  1.797   730405.975
  1.936   730405.982
  1.883   730405.990
  1.867   730405.996
