  1.087   730172.001
  1.142   730172.008
  1.122   730172.028
    NaN   730172.037
  1.127   730172.042
  1.054   730172.049
  1.039   730172.056
  1.211   730172.063
  1.073   730172.070
  1.190   730172.078
  1.092   730172.084
  1.080   730172.091
  1.062   730172.098
  1.086   730172.105
  1.034   730172.112
  1.109   730172.120
  1.097   730172.126
  1.132   730172.133
  1.137   730172.140
  1.053   730172.147
  1.148   730172.153
  1.192   730172.162
  1.071   730172.167
  1.021   730172.174
  1.161   730172.181
  0.941   730172.188
  1.132   730172.195
  1.087   730172.203
  1.044   730172.209
  1.005   730172.216
  1.085   730172.223
  1.035   730172.230
  1.197   730172.237
  1.072   730172.245
  1.183   730172.251
  0.973   730172.258
  1.097   730172.265
  1.134   730172.272
  1.089   730172.278
  0.956   730172.287
  1.098   730172.292
  1.003   730172.299
  1.114   730172.306
  1.065   730172.313
  0.991   730172.320
  1.045   730172.329
  0.884   730172.334
  1.024   730172.341
  0.950   730172.348
  1.056   730172.355
  1.075   730172.362
  1.034   730172.370
  1.176   730172.376
  1.073   730172.383
  1.055   730172.390
  0.970   730172.397
  0.962   730172.403
  0.982   730172.412
  0.981   730172.417
  0.943   730172.424
  1.060   730172.431
  1.082   730172.438
  1.048   730172.445
  1.074   730172.454
  0.983   730172.459
  1.055   730172.466
  1.113   730172.473
  1.046   730172.480
  1.203   730172.487
  1.128   730172.495
  1.035   730172.501
  1.041   730172.508
  0.959   730172.515
  1.005   730172.522
  1.027   730172.528
    NaN   730172.537
  1.049   730172.542
  1.190   730172.549
  1.049   730172.556
  1.079   730172.563
  1.100   730172.570
  1.066   730172.578
  1.073   730172.584
  0.955   730172.591
  0.826   730172.599
  1.107   730172.606
  1.073   730172.613
  1.076   730172.620
  1.165   730172.626
  1.052   730172.633
  1.011   730172.640
  0.998   730172.647
  1.014   730172.653
  0.891   730172.661
  1.071   730172.667
  1.060   730172.674
  1.010   730172.681
  0.967   730172.688
  0.912   730172.695
  0.977   730172.703
  1.102   730172.709
  1.160   730172.716
  1.022   730172.723
  1.024   730172.730
  0.929   730172.737
  1.023   730172.745
  0.990   730172.751
  1.001   730172.758
  1.170   730172.765
  0.883   730172.772
  1.070   730172.778
  0.975   730172.787
  1.044   730172.792
  0.985   730172.799
  0.935   730172.806
  0.956   730172.813
  0.915   730172.820
  1.023   730172.828
  1.029   730172.834
  0.871   730172.841
  0.935   730172.848
  0.796   730172.855
  0.942   730172.862
  0.727   730172.869
  0.949   730172.876
  0.884   730172.883
  1.023   730172.890
  0.880   730172.897
  0.915   730172.903
  0.948   730172.912
  0.989   730172.917
  0.869   730172.924
  0.838   730172.931
  0.949   730172.938
  0.918   730172.945
  0.967   730172.953
  0.975   730172.959
  0.968   730172.966
  0.882   730172.973
  0.859   730172.980
  0.910   730172.987
  1.009   730172.995
