  0.181   730172.000
  0.181   730172.007
  0.181   730172.035
  0.181   730172.042
  0.181   730172.049
  0.181   730172.056
  0.181   730172.062
  0.181   730172.069
  0.181   730172.077
  0.181   730172.083
  0.181   730172.090
  0.181   730172.097
  0.181   730172.104
  0.181   730172.111
  0.181   730172.119
  0.181   730172.125
  0.181   730172.132
  0.181   730172.139
  0.181   730172.146
  0.181   730172.153
  0.181   730172.160
  0.181   730172.167
  0.181   730172.174
  0.181   730172.181
  0.181   730172.188
  0.181   730172.194
  0.181   730172.202
  0.181   730172.208
  0.181   730172.215
  0.181   730172.222
  0.181   730172.229
  0.181   730172.236
  0.181   730172.244
  0.181   730172.250
  0.181   730172.257
  0.181   730172.278
  0.181   730172.285
  0.181   730172.292
  0.181   730172.306
  0.181   730172.312
  0.181   730172.319
  0.181   730172.328
  0.181   730172.333
  0.181   730172.340
  0.181   730172.347
  0.181   730172.361
  0.181   730172.369
  0.181   730172.375
  0.181   730172.382
  0.181   730172.389
  0.181   730172.396
  0.181   730172.403
  0.181   730172.410
  0.181   730172.417
  0.181   730172.424
  0.181   730172.431
  0.181   730172.438
  0.181   730172.444
  0.181   730172.453
  0.181   730172.458
  0.181   730172.465
  0.181   730172.472
  0.181   730172.479
  0.181   730172.486
  0.181   730172.494
  0.181   730172.500
  0.181   730172.514
  0.181   730172.521
  0.181   730172.528
  0.181   730172.535
  0.181   730172.549
  0.181   730172.562
  0.181   730172.569
  0.181   730172.577
  0.181   730172.583
  0.181   730172.590
  0.181   730172.597
  0.181   730172.604
  0.181   730172.611
  0.181   730172.619
  0.181   730172.625
  0.181   730172.632
  0.181   730172.639
  0.181   730172.646
  0.181   730172.653
  0.181   730172.660
  0.181   730172.667
  0.181   730172.674
  0.181   730172.681
  0.181   730172.694
  0.181   730172.702
  0.181   730172.708
  0.181   730172.715
  0.181   730172.722
  0.181   730172.736
  0.181   730172.744
  0.181   730172.750
  0.181   730172.757
  0.181   730172.764
  0.181   730172.771
  0.181   730172.778
  0.181   730172.785
  0.181   730172.792
  0.181   730172.799
  0.181   730172.806
  0.181   730172.812
  0.181   730172.819
  0.181   730172.827
  0.181   730172.833
  0.181   730172.840
  0.181   730172.847
  0.181   730172.854
  0.181   730172.861
  0.181   730172.869
  0.181   730172.875
  0.181   730172.882
  0.181   730172.889
  0.181   730172.897
  0.181   730172.903
  0.181   730172.910
  0.181   730172.917
  0.181   730172.924
  0.181   730172.931
  0.181   730172.938
  0.181   730172.944
  0.181   730172.952
  0.181   730172.958
  0.181   730172.972
  0.181   730172.979
  0.181   730172.986
  0.181   730172.994
