  1.621   730172.001
  1.617   730172.008
  1.535   730172.028
  2.536   730172.037
  2.249   730172.042
  1.923   730172.049
  1.799   730172.056
  1.600   730172.063
  1.598   730172.070
  1.643   730172.078
  1.655   730172.084
  1.781   730172.091
  1.569   730172.098
  1.961   730172.105
  1.684   730172.112
  1.737   730172.120
  1.935   730172.126
  1.915   730172.133
  1.427   730172.140
  1.956   730172.147
  1.590   730172.153
  1.721   730172.162
  1.609   730172.167
  1.763   730172.174
  1.728   730172.181
 11.328   730172.188
  1.629   730172.195
  1.829   730172.203
  1.762   730172.209
  2.146   730172.216
  2.020   730172.223
  1.940   730172.230
  1.963   730172.237
  2.017   730172.245
  1.948   730172.251
  1.971   730172.258
  2.289   730172.265
  1.907   730172.272
  2.051   730172.278
  1.933   730172.287
  2.104   730172.292
  2.238   730172.299
  2.290   730172.306
  2.102   730172.313
  2.328   730172.320
  2.130   730172.329
  2.173   730172.334
  2.248   730172.341
  2.480   730172.348
  2.534   730172.355
  1.940   730172.362
  2.124   730172.370
  2.245   730172.376
  2.215   730172.383
  2.576   730172.390
  2.147   730172.397
  2.729   730172.403
  2.531   730172.412
  2.210   730172.417
  2.258   730172.424
  2.304   730172.431
  2.245   730172.438
  2.313   730172.445
  2.632   730172.454
  2.436   730172.459
  2.713   730172.466
  2.550   730172.473
  2.806   730172.480
  2.302   730172.487
  2.593   730172.495
  2.372   730172.501
  2.464   730172.508
  2.420   730172.515
  2.635   730172.522
  2.181   730172.528
  2.624   730172.537
  2.788   730172.542
  2.474   730172.549
  2.388   730172.556
  2.286   730172.563
  2.111   730172.570
  2.152   730172.578
  2.235   730172.584
  2.277   730172.591
  2.461   730172.599
  2.238   730172.606
  2.152   730172.613
  2.385   730172.620
  2.357   730172.626
  2.502   730172.633
  2.474   730172.640
  2.565   730172.647
  2.549   730172.653
  2.441   730172.661
  2.255   730172.667
  2.128   730172.674
  2.490   730172.681
    NaN   730172.688
  2.104   730172.695
  2.230   730172.703
  2.201   730172.709
  2.189   730172.716
  2.379   730172.723
  2.203   730172.730
  2.223   730172.737
  2.134   730172.745
  2.293   730172.751
  2.148   730172.758
  2.144   730172.765
  2.283   730172.772
  2.406   730172.778
  1.976   730172.787
  2.406   730172.792
  2.182   730172.799
  2.446   730172.806
  2.323   730172.813
  2.466   730172.820
  2.096   730172.828
  2.323   730172.834
  2.408   730172.841
  2.337   730172.848
  2.391   730172.855
  1.942   730172.862
  2.233   730172.869
  2.102   730172.876
  2.133   730172.883
  2.391   730172.890
  2.366   730172.897
  2.070   730172.903
  2.202   730172.912
  2.142   730172.917
  2.178   730172.924
  2.123   730172.931
  2.073   730172.938
  2.279   730172.945
  2.136   730172.953
  2.108   730172.959
  2.109   730172.966
  2.266   730172.973
  2.283   730172.980
  2.370   730172.987
  2.320   730172.995
