  0.160   730016.000
  0.150   730016.000
  0.150   730016.010
  0.150   730016.020
  0.150   730016.030
  0.150   730016.030
  0.160   730016.040
  0.180   730016.050
  0.180   730016.050
  0.170   730016.060
  0.170   730016.070
  0.170   730016.070
  0.150   730016.080
  0.160   730016.090
  0.140   730016.090
  0.150   730016.100
  0.140   730016.110
  0.170   730016.120
  0.140   730016.120
  0.130   730016.130
  0.150   730016.140
  0.140   730016.140
  0.140   730016.150
  0.140   730016.160
  0.130   730016.160
  0.140   730016.170
  0.140   730016.180
  0.140   730016.190
  0.130   730016.200
  0.120   730016.210
  0.140   730016.210
  0.140   730016.220
  0.130   730016.230
  0.130   730016.230
  0.140   730016.240
  0.140   730016.250
  0.130   730016.250
  0.130   730016.260
  0.120   730016.270
  0.130   730016.280
  0.140   730016.280
  0.120   730016.290
  0.110   730016.300
  0.130   730016.300
  0.120   730016.310
  0.120   730016.320
  0.110   730016.320
  0.130   730016.330
  0.140   730016.340
  0.120   730016.340
  0.130   730016.350
  0.110   730016.360
  0.110   730016.370
  0.110   730016.370
  0.110   730016.380
  0.130   730016.390
  0.120   730016.390
  0.110   730016.400
  0.100   730016.410
  0.110   730016.410
  0.130   730016.420
  0.110   730016.430
  0.110   730016.430
  0.120   730016.440
  0.110   730016.450
  0.100   730016.460
  0.090   730016.460
  0.090   730016.470
  0.100   730016.480
  0.080   730016.480
  0.080   730016.490
  0.090   730016.500
  0.100   730016.500
  0.100   730016.510
  0.100   730016.520
  0.090   730016.530
  0.090   730016.530
  0.080   730016.540
  0.080   730016.550
  0.080   730016.550
  0.080   730016.560
  0.080   730016.570
  0.080   730016.570
  0.070   730016.580
  0.080   730016.590
  0.070   730016.590
  0.070   730016.600
  0.080   730016.610
  0.080   730016.620
  0.090   730016.620
  0.070   730016.630
  0.070   730016.640
  0.080   730016.640
  0.080   730016.650
  0.090   730016.660
  0.090   730016.660
  0.080   730016.670
  0.080   730016.680
  0.090   730016.680
  0.080   730016.690
  0.070   730016.710
  0.090   730016.710
  0.070   730016.720
  0.080   730016.730
  0.080   730016.730
  0.070   730016.740
  0.080   730016.750
  0.070   730016.750
  0.080   730016.760
  0.090   730016.770
  0.070   730016.780
  0.080   730016.780
  0.080   730016.790
  0.070   730016.800
  0.070   730016.800
  0.090   730016.810
  0.340   730016.820
  0.330   730016.820
  0.100   730016.830
  0.080   730016.840
  0.080   730016.840
  0.090   730016.850
  0.070   730016.860
  0.090   730016.870
  0.090   730016.870
  0.100   730016.880
  0.090   730016.890
  0.100   730016.890
  0.100   730016.900
  0.100   730016.910
  0.100   730016.910
  0.100   730016.920
  0.090   730016.930
  0.100   730016.930
  0.120   730016.940
  0.080   730016.950
  0.100   730016.960
  0.100   730016.960
  0.090   730016.970
  0.100   730016.980
  0.100   730016.980
  0.100   730016.990
