  0.330   730016.000
  0.320   730016.000
  0.320   730016.010
  0.340   730016.020
  0.370   730016.030
  0.380   730016.030
  0.400   730016.040
  0.340   730016.050
  0.330   730016.050
  0.360   730016.060
  0.330   730016.070
  0.300   730016.070
  0.330   730016.080
  0.330   730016.090
  0.310   730016.100
  0.340   730016.100
  0.370   730016.110
  0.310   730016.120
  0.320   730016.120
  0.380   730016.130
  0.350   730016.140
  0.350   730016.140
  0.360   730016.150
  0.400   730016.160
  0.370   730016.160
  0.430   730016.170
  0.430   730016.180
  0.420   730016.190
  0.450   730016.200
  0.460   730016.210
  0.420   730016.210
  0.420   730016.220
  0.480   730016.230
  0.450   730016.230
  0.460   730016.240
  0.450   730016.250
  0.440   730016.250
  0.430   730016.260
  0.450   730016.270
  0.430   730016.280
  0.450   730016.280
  0.450   730016.290
  0.410   730016.300
  0.380   730016.300
  0.430   730016.310
  0.390   730016.320
  0.380   730016.320
  0.410   730016.330
  0.430   730016.340
  0.390   730016.350
  0.350   730016.350
  0.350   730016.360
  0.360   730016.370
  0.360   730016.370
  0.350   730016.380
  0.370   730016.390
  0.350   730016.390
  0.350   730016.400
  0.330   730016.410
  0.310   730016.410
  0.330   730016.420
  0.320   730016.430
  0.320   730016.430
  0.310   730016.440
  0.290   730016.450
  0.290   730016.460
  0.290   730016.460
  0.280   730016.470
  0.250   730016.480
  0.260   730016.480
  0.240   730016.490
  0.270   730016.500
  0.260   730016.500
  0.260   730016.510
  0.240   730016.520
  0.220   730016.530
  0.220   730016.530
  0.220   730016.540
  0.250   730016.550
  0.230   730016.550
  0.250   730016.560
  0.210   730016.570
  0.210   730016.570
  0.240   730016.580
  0.260   730016.590
  0.220   730016.600
  0.210   730016.600
  0.220   730016.610
  0.220   730016.620
  0.230   730016.620
  0.210   730016.630
  0.210   730016.640
  0.200   730016.640
  0.200   730016.650
  0.200   730016.660
  0.210   730016.660
  0.210   730016.670
  0.210   730016.680
  0.190   730016.690
  0.000   730016.690
  0.200   730016.710
  0.220   730016.710
  0.190   730016.720
  0.190   730016.730
  0.190   730016.730
  0.190   730016.740
  0.180   730016.750
  0.180   730016.750
  0.160   730016.760
  0.180   730016.770
  0.180   730016.780
  0.170   730016.780
  0.170   730016.790
  0.160   730016.800
  0.170   730016.800
  0.160   730016.810
  0.160   730016.820
  0.160   730016.820
  0.160   730016.830
  0.170   730016.840
  0.170   730016.850
  0.160   730016.850
  0.240   730016.860
  0.220   730016.870
  0.210   730016.870
  0.200   730016.880
    NaN   730016.890
  0.220   730016.890
  0.210   730016.900
  0.210   730016.910
  0.200   730016.910
  0.210   730016.920
  0.190   730016.930
  0.200   730016.940
  0.230   730016.940
  0.210   730016.950
  0.220   730016.960
  0.220   730016.960
  0.230   730016.970
  0.220   730016.980
  0.240   730016.980
  0.230   730016.990
