  0.810   730016.000
  0.830   730016.000
  0.890   730016.010
  0.890   730016.020
  0.840   730016.030
  0.730   730016.030
  0.830   730016.040
  0.680   730016.050
  0.720   730016.050
  1.390   730016.060
  0.860   730016.070
  0.790   730016.070
  0.870   730016.080
  0.730   730016.090
  0.720   730016.100
  0.760   730016.100
  0.810   730016.110
  0.710   730016.120
  0.740   730016.120
  0.900   730016.130
  0.910   730016.140
  1.090   730016.140
  1.020   730016.150
  0.930   730016.160
  0.980   730016.170
  0.860   730016.170
  0.630   730016.180
  1.320   730016.190
  0.810   730016.200
  0.700   730016.210
  0.740   730016.210
  0.760   730016.220
  0.710   730016.230
  0.620   730016.230
  0.640   730016.240
  0.550   730016.250
  0.690   730016.250
  0.730   730016.260
  0.710   730016.270
  0.670   730016.280
  0.710   730016.280
  0.650   730016.290
  0.700   730016.300
  0.660   730016.300
  0.760   730016.310
  0.730   730016.320
  0.760   730016.320
  0.720   730016.330
  0.900   730016.340
  0.790   730016.350
  0.810   730016.350
  0.890   730016.360
  0.950   730016.370
  0.930   730016.370
  0.890   730016.380
    NaN   730016.390
    NaN   730016.390
  0.950   730016.400
  0.900   730016.410
  0.950   730016.410
  0.910   730016.420
  0.910   730016.430
  0.990   730016.440
  1.080   730016.440
  1.060   730016.450
  1.110   730016.460
  1.070   730016.460
  1.160   730016.470
  1.170   730016.480
  1.170   730016.480
  1.110   730016.490
  1.040   730016.500
  1.000   730016.500
  0.980   730016.510
  0.940   730016.520
  0.860   730016.530
  0.790   730016.530
  0.770   730016.540
  0.750   730016.550
  0.850   730016.550
  1.200   730016.560
  1.200   730016.570
  1.250   730016.570
  1.170   730016.580
  1.020   730016.590
  1.010   730016.600
  1.160   730016.600
  1.630   730016.610
  1.890   730016.620
  1.870   730016.620
  1.930   730016.630
  2.150   730016.640
  2.190   730016.640
  2.000   730016.650
  2.250   730016.660
  2.410   730016.670
  2.680   730016.670
  2.270   730016.680
  2.310   730016.690
  0.000   730016.690
  2.040   730016.710
  1.750   730016.710
  1.630   730016.720
  1.690   730016.730
  1.380   730016.730
  1.320   730016.740
  1.200   730016.750
  1.210   730016.750
  1.570   730016.760
  1.360   730016.770
  1.320   730016.780
  1.160   730016.780
  1.220   730016.790
  1.420   730016.800
  1.370   730016.800
  1.120   730016.810
  1.140   730016.820
  1.250   730016.820
  1.430   730016.830
  1.270   730016.840
  1.140   730016.850
  1.260   730016.850
  1.350   730016.860
  1.230   730016.870
  1.430   730016.870
  1.320   730016.880
    NaN   730016.890
    NaN   730016.890
  0.840   730016.900
  0.900   730016.910
  0.900   730016.920
  0.890   730016.920
  0.910   730016.930
  0.990   730016.940
  1.030   730016.940
  1.010   730016.950
  0.940   730016.960
  1.040   730016.960
  0.960   730016.970
  1.020   730016.980
  1.140   730016.980
  1.060   730016.990
