  0.290   729964.040
  0.290   729964.050
  0.300   729964.050
  0.260   729964.060
  0.280   729964.070
  0.330   729964.070
  0.310   729964.080
  0.300   729964.090
  0.360   729964.090
  0.440   729964.100
  0.430   729964.110
  0.460   729964.120
  0.550   729964.120
  0.520   729964.130
  0.540   729964.140
  0.520   729964.140
  0.510   729964.150
  0.480   729964.160
  0.530   729964.160
  0.560   729964.170
  0.660   729964.180
  0.600   729964.190
  0.620   729964.190
  0.570   729964.200
  0.540   729964.210
  0.490   729964.210
  0.510   729964.220
  0.550   729964.230
  0.490   729964.230
  0.460   729964.240
  0.510   729964.250
  0.520   729964.250
  0.500   729964.260
  0.550   729964.270
  0.490   729964.280
  0.500   729964.280
  0.560   729964.290
  0.520   729964.300
  0.560   729964.300
  0.510   729964.310
  0.500   729964.320
  0.550   729964.320
  0.510   729964.330
  0.470   729964.340
  0.680   729964.690
  0.690   729964.700
  0.740   729964.710
  0.690   729964.710
  0.720   729964.720
  0.730   729964.730
  0.740   729964.730
  0.740   729964.730
  0.740   729964.730
  0.740   729964.730
  0.740   729964.730
  0.740   729964.730
  0.740   729964.730
  0.740   729964.730
  0.740   729964.730
  0.740   729964.730
  0.740   729964.730
  0.740   729964.730
  0.630   729964.840
  0.630   729964.850
  0.660   729964.850
  0.650   729964.860
  0.590   729964.990
  0.660   729964.990
