  0.020   729964.040
  0.020   729964.050
  0.030   729964.050
  0.030   729964.060
  0.030   729964.070
  0.030   729964.070
  0.030   729964.080
  0.030   729964.090
  0.020   729964.090
  0.030   729964.100
  0.030   729964.110
  0.030   729964.120
  0.030   729964.120
  0.020   729964.130
  0.030   729964.140
  0.030   729964.140
  0.030   729964.150
  0.030   729964.160
  0.030   729964.160
  0.030   729964.170
  0.030   729964.180
  0.030   729964.180
  0.030   729964.190
  0.030   729964.200
  0.040   729964.200
  0.030   729964.210
  0.030   729964.220
  0.030   729964.230
  0.030   729964.230
  0.030   729964.240
  0.030   729964.250
  0.030   729964.250
  0.030   729964.260
  0.030   729964.270
  0.030   729964.280
  0.070   729964.280
  0.130   729964.290
  0.030   729964.300
  0.040   729964.300
  0.040   729964.310
  0.030   729964.320
  0.030   729964.320
  0.030   729964.330
  0.040   729964.340
  0.050   729964.690
  0.050   729964.700
  0.040   729964.700
  0.050   729964.710
  0.050   729964.720
  0.050   729964.730
  0.040   729964.730
  0.040   729964.730
  0.040   729964.730
  0.040   729964.730
  0.040   729964.730
  0.040   729964.730
  0.040   729964.730
  0.040   729964.730
  0.040   729964.730
  0.040   729964.730
  0.040   729964.730
  0.040   729964.730
  0.040   729964.840
  0.040   729964.840
  0.040   729964.850
  0.040   729964.860
  0.040   729964.980
  0.040   729964.990
