  0.130   729964.040
  0.110   729964.050
  0.130   729964.050
  0.130   729964.060
  0.130   729964.070
  0.130   729964.070
  0.130   729964.080
  0.130   729964.090
  0.140   729964.090
  0.120   729964.100
  0.130   729964.110
  0.140   729964.120
  0.130   729964.120
  0.130   729964.130
  0.120   729964.140
  0.120   729964.140
  0.120   729964.150
  0.110   729964.160
  0.130   729964.160
  0.150   729964.170
  0.150   729964.180
  0.150   729964.180
  0.140   729964.190
  0.140   729964.200
  0.200   729964.210
  0.160   729964.210
  0.160   729964.220
  0.150   729964.230
  0.160   729964.230
  0.160   729964.240
  0.160   729964.250
  0.150   729964.250
  0.150   729964.260
  0.160   729964.270
  0.170   729964.280
  0.540   729964.280
  0.370   729964.290
  0.170   729964.300
  0.170   729964.300
  0.190   729964.310
  0.180   729964.320
  0.160   729964.320
  0.190   729964.330
  0.180   729964.340
  0.220   729964.690
  0.220   729964.700
  0.220   729964.710
  0.220   729964.710
  0.240   729964.720
  0.240   729964.730
  0.230   729964.730
  0.230   729964.730
  0.230   729964.730
  0.230   729964.730
  0.230   729964.730
  0.230   729964.730
  0.230   729964.730
  0.230   729964.730
  0.230   729964.730
  0.230   729964.730
  0.230   729964.730
  0.230   729964.730
  0.190   729964.840
  0.220   729964.840
  0.250   729964.850
  0.230   729964.860
  0.210   729964.980
  0.250   729964.990
