  1.170   730035.000
  1.170   730035.000
  1.300   730035.010
  1.620   730035.020
  1.470   730035.030
  1.430   730035.030
  1.420   730035.040
  1.440   730035.050
  1.460   730035.050
  1.650   730035.060
  1.500   730035.070
  1.660   730035.070
  1.780   730035.080
  1.570   730035.090
  1.520   730035.100
  1.470   730035.100
  1.540   730035.110
  1.490   730035.120
  1.480   730035.120
  1.630   730035.130
  1.810   730035.140
  1.680   730035.140
  1.330   730035.150
  1.440   730035.160
  1.500   730035.170
  1.510   730035.170
  1.570   730035.180
  1.300   730035.190
  1.280   730035.190
  1.430   730035.200
  1.500   730035.210
  1.320   730035.210
  1.260   730035.220
  1.280   730035.230
  1.340   730035.230
    NaN   730035.240
  1.470   730035.250
  1.320   730035.250
  1.390   730035.260
  1.440   730035.270
  1.330   730035.280
  1.390   730035.280
  1.950   730035.290
  2.600   730035.300
  2.220   730035.300
  1.960   730035.310
  2.270   730035.320
  2.030   730035.320
  1.910   730035.330
  1.680   730035.340
  1.880   730035.350
  2.560   730035.350
  2.120   730035.360
  1.960   730035.370
  2.150   730035.370
  2.130   730035.380
  2.410   730035.390
  2.020   730035.390
  2.180   730035.400
  2.790   730035.410
  2.010   730035.410
  1.750   730035.420
  1.970   730035.430
  1.630   730035.440
  1.640   730035.440
  1.790   730035.450
  2.410   730035.460
  1.780   730035.460
  0.880   730035.470
  0.910   730035.480
  0.990   730035.480
  1.120   730035.490
  0.870   730035.500
  0.980   730035.500
  0.870   730035.510
  1.010   730035.520
  1.010   730035.530
  0.970   730035.530
  0.920   730035.540
  0.900   730035.550
  1.010   730035.550
  0.970   730035.560
  0.910   730035.570
  1.010   730035.570
  1.020   730035.580
  1.050   730035.590
  1.040   730035.600
  1.060   730035.600
  1.030   730035.620
  1.060   730035.630
  1.190   730035.640
  1.110   730035.640
  1.010   730035.650
  1.010   730035.660
  0.970   730035.680
  0.980   730035.690
  0.950   730035.690
  1.040   730035.700
  1.010   730035.710
  0.990   730035.710
  0.940   730035.720
  0.920   730035.730
    NaN   730035.730
    NaN   730035.740
  0.980   730035.750
  1.490   730035.760
  8.590   730035.760
  8.250   730035.770
 11.020   730035.780
  4.230   730035.780
  6.400   730035.790
 15.290   730035.910
 10.740   730035.910
  7.640   730035.920
  3.010   730035.930
  0.900   730035.940
  1.680   730035.940
  3.420   730035.950
  0.930   730035.960
  0.910   730035.960
