  0.810   730035.000
  0.830   730035.000
  0.790   730035.010
  0.760   730035.020
  0.730   730035.020
  0.820   730035.030
  0.860   730035.040
  0.820   730035.050
  0.860   730035.050
  0.770   730035.060
  0.810   730035.070
  0.730   730035.070
  0.760   730035.080
  0.720   730035.090
  0.620   730035.090
  0.700   730035.100
  0.770   730035.110
  0.720   730035.110
  0.710   730035.120
  0.660   730035.130
  0.600   730035.140
  0.740   730035.140
  0.610   730035.150
    NaN   730035.160
  0.760   730035.160
  0.710   730035.170
  0.750   730035.180
  0.670   730035.180
  0.640   730035.190
  0.730   730035.200
  0.850   730035.200
  0.890   730035.210
  0.720   730035.220
  0.670   730035.230
  0.740   730035.230
  0.730   730035.240
  0.620   730035.250
  0.550   730035.250
  0.600   730035.260
  0.680   730035.270
  0.800   730035.270
  0.720   730035.280
  0.810   730035.290
  0.730   730035.300
  0.660   730035.300
  0.680   730035.310
  0.720   730035.320
  0.700   730035.320
  0.690   730035.330
  0.640   730035.340
  0.750   730035.340
  0.700   730035.350
  0.840   730035.360
  0.830   730035.360
  0.750   730035.370
  0.640   730035.380
  0.650   730035.390
  0.830   730035.390
  0.890   730035.400
  0.920   730035.410
  0.910   730035.410
  0.760   730035.420
  0.730   730035.430
  0.610   730035.430
  0.640   730035.440
  0.790   730035.450
  0.760   730035.450
  0.830   730035.460
  0.780   730035.470
  0.700   730035.480
  0.750   730035.480
  0.730   730035.490
  0.760   730035.500
  0.820   730035.500
  0.780   730035.510
  0.730   730035.520
  0.780   730035.520
  0.710   730035.530
  0.730   730035.540
  0.840   730035.550
  0.800   730035.550
  0.820   730035.560
  0.860   730035.570
  0.810   730035.570
  0.830   730035.580
  0.740   730035.590
  0.800   730035.590
  0.790   730035.600
  0.800   730035.620
  0.800   730035.630
  0.660   730035.640
  0.800   730035.640
  0.860   730035.650
  0.760   730035.660
  0.660   730035.680
  0.720   730035.680
  0.830   730035.690
  0.720   730035.700
  0.580   730035.700
  0.570   730035.710
  0.660   730035.720
  0.790   730035.730
  0.680   730035.730
  0.640   730035.740
  0.640   730035.750
  0.630   730035.750
  0.580   730035.760
  0.520   730035.770
  0.550   730035.770
  0.610   730035.780
    NaN   730035.790
  0.590   730035.910
    NaN   730035.910
  0.830   730035.920
  0.540   730035.930
  0.540   730035.930
  0.480   730035.940
  0.420   730035.950
  0.400   730035.950
  0.380   730035.960
  0.510   730035.990
