  0.998   730363.000
  0.308   730363.000
  1.112   730363.007
  1.198   730363.014
  1.005   730363.021
  0.913   730363.028
  1.118   730363.035
  1.319   730363.042
  1.166   730363.049
  1.322   730363.056
  1.287   730363.063
  1.298   730363.070
  1.262   730363.077
  1.271   730363.084
  1.277   730363.091
 90.582   730363.098
  1.334   730363.105
  1.253   730363.111
  1.064   730363.118
  1.181   730363.125
  1.178   730363.132
  1.186   730363.139
  1.395   730363.146
  1.160   730363.153
  1.334   730363.160
  1.292   730363.167
  1.338   730363.174
  1.039   730363.181
  1.214   730363.188
  1.147   730363.195
  1.216   730363.202
  1.049   730363.209
  1.035   730363.216
  1.060   730363.223
  1.118   730363.230
  1.362   730363.236
  1.095   730363.243
  1.079   730363.250
  1.018   730363.257
  1.027   730363.264
  0.987   730363.271
  1.050   730363.278
  1.221   730363.285
  0.983   730363.292
  0.838   730363.299
  1.059   730363.306
  0.930   730363.313
  1.009   730363.320
  1.102   730363.327
  0.961   730363.334
  0.830   730363.341
  0.933   730363.348
  0.892   730363.355
  0.974   730363.361
  1.188   730363.368
  0.926   730363.375
  0.950   730363.382
  0.761   730363.389
  0.858   730363.396
  0.843   730363.403
  0.713   730363.410
  0.879   730363.417
  0.764   730363.424
  0.671   730363.431
  0.757   730363.438
  0.679   730363.445
  0.778   730363.452
  0.740   730363.459
  0.897   730363.466
  0.839   730363.473
  0.700   730363.480
  0.691   730363.486
  0.687   730363.493
  1.089   730363.500
  0.658   730363.507
  0.709   730363.514
  0.748   730363.521
  0.701   730363.528
  0.727   730363.535
  0.771   730363.542
  0.768   730363.549
  0.811   730363.556
  0.674   730363.563
  0.809   730363.570
  0.748   730363.577
  0.655   730363.584
  0.727   730363.591
    NaN   730363.598
  0.712   730363.605
  0.734   730363.611
  0.613   730363.618
  0.682   730363.625
  0.816   730363.632
  0.767   730363.639
  0.599   730363.646
  0.604   730363.653
  0.661   730363.660
  0.634   730363.667
  0.598   730363.674
  0.617   730363.681
  0.625   730363.688
  0.687   730363.695
  0.770   730363.702
  0.674   730363.709
  0.638   730363.716
  0.687   730363.723
  0.690   730363.730
  0.754   730363.737
  0.694   730363.743
  0.707   730363.750
  0.798   730363.758
  0.714   730363.765
  0.816   730363.772
  0.793   730363.779
  0.790   730363.785
  0.747   730363.792
  0.765   730363.799
  0.806   730363.806
  0.893   730363.813
  0.712   730363.820
  0.943   730363.827
  0.835   730363.834
  0.890   730363.841
  0.849   730363.848
  0.929   730363.855
  1.073   730363.862
  0.991   730363.869
  0.969   730363.876
  0.862   730363.883
  1.009   730363.890
  0.874   730363.897
  0.809   730363.903
  1.004   730363.910
  1.001   730363.917
  1.143   730363.924
  1.000   730363.931
  1.065   730363.938
  1.133   730363.945
  1.110   730363.952
  1.023   730363.959
  1.026   730363.966
  1.084   730363.973
  1.216   730363.980
  1.200   730363.987
  1.204   730363.993
