  0.039   730363.007
  0.059   730363.007
  0.059   730363.013
  0.052   730363.020
  0.054   730363.027
  0.075   730363.034
  0.059   730363.041
  0.051   730363.048
  0.068   730363.055
  0.053   730363.062
  0.052   730363.069
  0.055   730363.076
  0.051   730363.083
  0.055   730363.090
  0.049   730363.097
  0.068   730363.104
  0.073   730363.111
  0.056   730363.118
  0.052   730363.125
  0.048   730363.131
  0.064   730363.138
  0.052   730363.145
  0.052   730363.152
  0.046   730363.159
  0.061   730363.166
  0.044   730363.173
  0.046   730363.180
  0.072   730363.187
  0.078   730363.194
  0.048   730363.201
  0.045   730363.208
  0.061   730363.215
  0.045   730363.222
  0.039   730363.229
  0.047   730363.236
  0.047   730363.243
  0.045   730363.250
  0.061   730363.256
  0.053   730363.263
  0.046   730363.270
  0.072   730363.277
  0.041   730363.284
  0.043   730363.291
  0.071   730363.298
  0.042   730363.305
  0.052   730363.312
  0.068   730363.319
  0.041   730363.326
  0.041   730363.333
  0.085   730363.340
  0.042   730363.347
  0.051   730363.354
  0.045   730363.361
  0.048   730363.368
  0.052   730363.375
  0.052   730363.381
  0.053   730363.388
  0.046   730363.395
  0.050   730363.402
  0.099   730363.409
  0.057   730363.416
  0.079   730363.423
  0.058   730363.430
  0.061   730363.437
  0.107   730363.444
  0.073   730363.451
  0.063   730363.458
  0.069   730363.465
  0.085   730363.472
  0.108   730363.479
  0.101   730363.486
  0.093   730363.493
  0.113   730363.500
  0.091   730363.507
  0.075   730363.513
  0.086   730363.520
  0.085   730363.527
  0.091   730363.534
  0.105   730363.541
  0.112   730363.548
  0.124   730363.555
  0.107   730363.562
  0.104   730363.569
  0.100   730363.576
  0.121   730363.583
  0.111   730363.590
  0.160   730363.597
  0.115   730363.604
  0.096   730363.611
  0.093   730363.618
  0.133   730363.625
  0.091   730363.631
  0.090   730363.638
  0.094   730363.645
  0.077   730363.652
  0.104   730363.659
  0.107   730363.666
  0.124   730363.673
  0.115   730363.680
  0.092   730363.687
  0.067   730363.694
  0.067   730363.701
  0.076   730363.708
  0.078   730363.715
  0.076   730363.722
  0.071   730363.729
  0.061   730363.736
  0.068   730363.743
  0.146   730363.750
  0.086   730363.757
  0.069   730363.764
  0.080   730363.771
  0.081   730363.778
  0.066   730363.785
  0.056   730363.792
  0.064   730363.799
  0.065   730363.805
  0.063   730363.812
  0.064   730363.819
  0.055   730363.826
  0.052   730363.833
  0.060   730363.840
  0.059   730363.847
  0.062   730363.854
  0.062   730363.861
  0.057   730363.868
  0.055   730363.875
  0.063   730363.882
  1.466   730363.889
  0.057   730363.896
  0.055   730363.903
  0.067   730363.910
  0.061   730363.917
  0.063   730363.924
  0.064   730363.930
  0.061   730363.937
  0.069   730363.944
  0.074   730363.951
  0.082   730363.958
  0.069   730363.965
  0.071   730363.972
  0.075   730363.979
  0.077   730363.986
  0.087   730363.993
  0.083   730364.000
