  0.345   730363.000
  0.108   730363.007
  0.219   730363.014
  0.424   730363.021
  0.240   730363.028
 15.088   730363.035
  0.469   730363.042
  0.287   730363.049
  0.228   730363.055
  0.332   730363.063
  0.364   730363.069
  0.225   730363.076
  0.224   730363.083
  0.232   730363.090
  0.223   730363.097
  0.504   730363.104
  0.248   730363.111
  0.233   730363.118
  0.227   730363.125
  0.270   730363.132
  0.424   730363.139
  0.204   730363.146
  0.232   730363.153
  0.238   730363.160
  0.273   730363.167
  0.243   730363.174
  0.243   730363.181
  0.440   730363.188
  0.386   730363.194
  0.191   730363.201
  0.219   730363.208
  0.289   730363.215
  0.208   730363.222
  0.207   730363.229
  0.194   730363.236
  0.191   730363.243
  0.196   730363.250
  0.356   730363.257
  0.286   730363.264
  0.202   730363.271
  0.349   730363.278
  0.222   730363.285
  0.224   730363.292
  0.206   730363.299
  0.194   730363.306
  0.214   730363.313
  0.247   730363.319
  0.210   730363.326
  0.195   730363.333
  0.311   730363.340
  0.180   730363.347
  0.231   730363.354
  0.204   730363.361
  0.214   730363.368
  0.188   730363.375
  0.201   730363.382
  0.178   730363.389
  0.197   730363.396
  0.203   730363.403
  0.280   730363.410
  0.220   730363.417
  0.244   730363.424
  0.221   730363.431
  0.212   730363.438
  0.357   730363.445
  0.236   730363.451
  0.211   730363.458
  0.195   730363.465
  0.276   730363.472
  0.210   730363.479
  0.282   730363.486
  0.279   730363.493
  0.306   730363.500
  0.187   730363.507
  0.195   730363.514
  0.256   730363.521
  0.215   730363.528
 12.213   730363.535
  0.247   730363.542
  0.288   730363.549
  0.269   730363.556
  0.192   730363.563
  0.214   730363.569
  0.180   730363.576
  0.267   730363.583
  0.209   730363.590
  0.303   730363.597
  0.296   730363.604
  0.207   730363.611
  0.191   730363.618
  0.316   730363.625
  0.218   730363.632
  0.184   730363.639
  0.188   730363.646
  0.211   730363.653
  0.248   730363.660
  0.192   730363.667
  0.271   730363.674
  0.242   730363.681
  0.194   730363.688
  0.187   730363.695
  0.199   730363.701
  0.254   730363.708
  0.186   730363.715
  0.206   730363.722
  0.194   730363.729
  0.189   730363.736
  0.200   730363.743
  0.207   730363.750
  0.206   730363.757
  0.205   730363.764
  0.182   730363.771
  0.194   730363.778
  0.206   730363.785
  0.208   730363.792
  0.204   730363.799
  0.227   730363.806
  0.222   730363.813
  0.229   730363.820
  0.217   730363.827
  0.192   730363.834
  0.230   730363.841
  0.208   730363.848
  0.199   730363.855
  0.234   730363.861
  0.200   730363.868
  0.200   730363.875
  0.188   730363.882
  0.213   730363.889
  0.205   730363.896
  0.194   730363.903
  0.203   730363.910
  0.229   730363.917
  0.217   730363.924
  0.253   730363.931
  0.279   730363.938
  0.207   730363.945
  0.202   730363.952
  0.226   730363.959
  0.213   730363.966
  0.223   730363.973
  0.246   730363.980
  0.232   730363.986
  0.228   730363.993
