  0.114   730363.006
  0.179   730363.006
  0.221   730363.013
  0.160   730363.020
  0.100   730363.020
  0.217   730363.027
  0.180   730363.034
  0.061   730363.041
  0.202   730363.041
  0.172   730363.048
  0.484   730363.055
  0.175   730363.062
  0.167   730363.069
  0.080   730363.076
  0.170   730363.076
  0.160   730363.083
  0.144   730363.090
  0.128   730363.090
  0.166   730363.097
  0.178   730363.104
  0.058   730363.104
  0.167   730363.110
  0.167   730363.117
  0.088   730363.124
  0.161   730363.124
  0.187   730363.131
  0.165   730363.138
  0.101   730363.138
  0.165   730363.145
  0.160   730363.152
  0.089   730363.159
  0.180   730363.159
  0.189   730363.166
  0.235   730363.173
  0.081   730363.173
  0.159   730363.180
  0.169   730363.187
  0.133   730363.194
  0.108   730363.194
  0.178   730363.201
  0.162   730363.208
  0.096   730363.215
  0.139   730363.215
  0.149   730363.222
  0.092   730363.222
  0.148   730363.229
  0.110   730363.235
  0.160   730363.235
  0.145   730363.242
  0.138   730363.249
  0.084   730363.249
  0.158   730363.256
  0.159   730363.263
  0.112   730363.270
  0.130   730363.270
  0.160   730363.277
  0.186   730363.284
  0.034   730363.284
  0.129   730363.291
  0.110   730363.291
  0.143   730363.298
  0.147   730363.305
  0.091   730363.305
  0.346   730363.312
  0.162   730363.319
  0.088   730363.326
  0.155   730363.326
  0.154   730363.333
  0.131   730363.340
  0.139   730363.340
  0.159   730363.347
  0.235   730363.354
  0.081   730363.360
  0.152   730363.360
  0.178   730363.367
  0.127   730363.374
  0.113   730363.374
  0.152   730363.381
  0.171   730363.388
  0.155   730363.395
  0.123   730363.402
  0.135   730363.402
  0.376   730363.409
  0.151   730363.416
  0.103   730363.423
  0.150   730363.423
  0.169   730363.430
  0.158   730363.437
  0.082   730363.437
  0.228   730363.444
  0.104   730363.444
  0.138   730363.451
  0.119   730363.451
  0.172   730363.458
  0.141   730363.465
  0.145   730363.465
  0.159   730363.472
  0.180   730363.479
  0.084   730363.485
  0.161   730363.485
  0.163   730363.492
  0.515   730363.499
  0.140   730363.499
  0.114   730363.506
  0.145   730363.506
  0.173   730363.513
  0.162   730363.520
  0.084   730363.520
  0.194   730363.527
  0.187   730363.534
  0.146   730363.541
  0.124   730363.541
  0.215   730363.548
  0.116   730363.555
  0.462   730363.555
  0.165   730363.562
  0.158   730363.562
  0.204   730363.569
  0.215   730363.576
  0.131   730363.583
  0.187   730363.583
  0.210   730363.590
  0.231   730363.597
  0.098   730363.604
  0.172   730363.604
  0.144   730363.604
  0.207   730363.611
  0.224   730363.617
  0.085   730363.624
  0.203   730363.624
  0.202   730363.631
  0.238   730363.638
  0.239   730363.645
  0.102   730363.652
  0.216   730363.652
  0.245   730363.659
  0.094   730363.659
  0.120   730363.666
  0.217   730363.666
  0.201   730363.673
  0.211   730363.680
  0.143   730363.680
  0.216   730363.687
  0.205   730363.694
  0.187   730363.701
  0.137   730363.701
  0.202   730363.708
  0.176   730363.715
  0.143   730363.722
  0.152   730363.722
  0.175   730363.729
  0.151   730363.735
  0.134   730363.735
  0.058   730363.735
  0.179   730363.742
  0.175   730363.749
  0.047   730363.749
  0.194   730363.757
  0.182   730363.764
  0.183   730363.771
  0.076   730363.777
  0.162   730363.777
  0.170   730363.784
  0.172   730363.791
  0.097   730363.798
  0.166   730363.798
  0.175   730363.805
  0.173   730363.812
  0.121   730363.812
  0.178   730363.819
  0.177   730363.826
  0.165   730363.833
  0.171   730363.840
  0.200   730363.847
  0.100   730363.854
  0.102   730363.854
  0.139   730363.854
  0.167   730363.861
  0.168   730363.868
  0.076   730363.868
  0.114   730363.875
  0.153   730363.875
  0.186   730363.882
  0.152   730363.889
  0.168   730363.889
  0.191   730363.896
  0.146   730363.902
  0.124   730363.902
  0.462   730363.909
  0.175   730363.916
  0.061   730363.916
  1.227   730363.923
  0.184   730363.930
  0.097   730363.937
  0.156   730363.937
  0.483   730363.944
  0.116   730363.951
  0.185   730363.951
  0.191   730363.958
  0.115   730363.965
  0.169   730363.965
  0.104   730363.972
  0.192   730363.972
  0.136   730363.979
  0.116   730363.979
  0.129   730363.986
