  0.810   729847.000
  0.850   729847.000
  0.740   729847.010
  0.830   729847.020
  0.830   729847.020
  0.840   729847.030
  0.800   729847.040
  0.750   729847.050
  0.740   729847.050
  0.800   729847.060
  0.720   729847.070
  0.700   729847.070
  0.710   729847.080
  0.710   729847.090
  0.670   729847.090
  0.690   729847.100
  0.700   729847.110
  0.670   729847.110
  0.700   729847.120
  0.670   729847.130
  0.590   729847.140
  0.580   729847.140
  0.640   729847.150
  0.630   729847.160
  0.650   729847.160
  0.610   729847.170
  0.590   729847.180
  0.610   729847.180
  0.650   729847.190
  0.670   729847.200
  0.600   729847.200
  0.670   729847.210
  0.580   729847.220
  0.650   729847.230
  0.620   729847.230
  0.600   729847.240
  0.690   729847.250
  0.680   729847.250
  0.620   729847.260
  0.620   729847.270
  0.620   729847.270
  0.700   729847.280
  0.580   729847.290
  0.680   729847.300
  0.630   729847.300
  0.700   729847.310
  0.700   729847.320
  0.640   729847.320
  0.700   729847.330
  0.760   729847.340
  0.810   729847.340
  0.740   729847.350
  0.760   729847.360
  0.720   729847.360
  0.740   729847.370
  0.770   729847.380
  0.750   729847.390
  0.710   729847.390
  0.710   729847.400
  0.680   729847.410
  0.820   729847.410
  0.740   729847.420
  0.870   729847.430
  0.760   729847.430
  0.780   729847.440
  0.670   729847.450
  0.840   729847.450
  0.830   729847.460
  0.810   729847.470
    NaN   729847.480
  0.930   729847.480
  0.850   729847.490
  0.940   729847.500
  0.910   729847.500
  0.870   729847.510
  0.860   729847.520
  0.910   729847.520
  0.940   729847.530
  0.880   729847.540
  0.940   729847.550
  0.970   729847.550
  0.890   729847.560
  0.980   729847.570
  0.990   729847.570
  0.870   729847.580
  0.890   729847.590
  0.980   729847.590
  0.910   729847.600
  0.940   729847.610
  0.940   729847.610
  1.030   729847.620
  1.050   729847.630
  1.110   729847.640
  1.070   729847.640
  1.100   729847.650
  1.100   729847.660
  1.020   729847.660
  1.050   729847.670
  1.090   729847.680
  1.180   729847.680
  1.160   729847.690
  1.070   729847.700
  1.170   729847.700
  1.100   729847.710
  1.060   729847.720
  1.030   729847.730
  0.990   729847.730
  1.060   729847.740
  1.000   729847.750
  1.000   729847.750
  1.020   729847.760
  1.020   729847.770
  0.960   729847.770
  0.920   729847.780
  1.040   729847.790
  0.970   729847.800
  0.940   729847.800
  0.870   729847.810
  0.890   729847.820
  0.880   729847.820
  0.880   729847.830
  0.840   729847.840
  0.960   729847.840
  0.920   729847.850
  0.870   729847.860
  0.910   729847.860
  0.850   729847.870
  0.830   729847.880
  0.870   729847.890
  0.860   729847.890
  0.800   729847.900
  0.860   729847.910
  0.830   729847.910
  0.830   729847.920
  0.860   729847.930
  0.910   729847.930
  0.810   729847.940
  0.890   729847.950
  0.940   729847.950
  0.920   729847.960
  0.830   729847.980
  0.840   729847.990
