  2.787   729367.000
  2.922   729367.010
  2.279   729367.021
  2.694   729367.031
  1.544   729367.042
  1.568   729367.052
  1.792   729367.063
  1.936   729367.073
  1.661   729367.083
    NaN   729367.094
  1.507   729367.104
  2.148   729367.115
  4.940   729367.125
  2.124   729367.135
  1.660   729367.146
  2.014   729367.156
  1.688   729367.167
  2.025   729367.177
  1.743   729367.188
  1.567   729367.198
  1.688   729367.208
  1.763   729367.219
  1.574   729367.229
  3.571   729367.240
  5.211   729367.250
  2.445   729367.260
  2.033   729367.271
  1.723   729367.281
  1.673   729367.292
  1.773   729367.302
  1.624   729367.313
  1.681   729367.323
  1.781   729367.333
  2.106   729367.344
  1.930   729367.354
  1.929   729367.365
  1.846   729367.375
  2.700   729367.385
  2.552   729367.396
  1.848   729367.406
  1.817   729367.417
  1.738   729367.427
  2.688   729367.438
  1.762   729367.448
  2.824   729367.458
  1.869   729367.469
  2.325   729367.479
  1.923   729367.490
  1.852   729367.500
 11.624   729367.510
  1.863   729367.521
  2.044   729367.531
  2.110   729367.542
  1.980   729367.552
  2.378   729367.563
  2.232   729367.573
  3.145   729367.583
  4.207   729367.594
  4.268   729367.604
  3.264   729367.615
  2.630   729367.625
  4.869   729367.635
  4.134   729367.646
  4.326   729367.656
  1.982   729367.667
  3.654   729367.677
  3.379   729367.688
  2.001   729367.698
  2.744   729367.708
  2.844   729367.719
  2.861   729367.729
  1.949   729367.740
  2.684   729367.750
  2.735   729367.760
  3.176   729367.771
  2.048   729367.781
  3.145   729367.792
  3.247   729367.802
  3.183   729367.813
  2.914   729367.823
  2.979   729367.833
  3.074   729367.844
  3.336   729367.854
  4.927   729367.865
  3.298   729367.875
  3.173   729367.885
  3.335   729367.896
  4.212   729367.906
  3.315   729367.917
  4.374   729367.938
  3.373   729367.948
  4.519   729367.958
  3.188   729367.969
  4.808   729367.979
  2.440   729367.990
