 11.098   730063.074
 10.594   730063.081
 10.248   730063.088
 11.846   730063.094
 12.700   730063.101
 11.139   730063.108
 10.016   730063.115
 12.496   730063.122
 13.228   730063.129
 11.895   730063.136
 13.536   730063.150
 14.491   730063.157
 13.887   730063.164
 15.063   730063.171
 14.003   730063.178
 14.704   730063.185
 15.371   730063.192
 12.342   730063.199
 13.390   730063.206
 15.550   730063.213
 14.509   730063.219
 14.986   730063.226
 15.612   730063.233
 13.517   730063.240
 13.417   730063.247
 13.341   730063.256
 15.245   730063.269
 15.655   730063.283
 14.625   730063.289
 13.775   730063.296
 14.111   730063.303
 14.123   730063.310
 12.004   730063.317
 12.486   730063.324
 14.723   730063.331
 13.041   730063.338
 13.260   730063.344
 13.930   730063.351
 13.368   730063.358
 12.843   730063.365
 14.978   730063.372
 13.998   730063.379
  8.659   730063.386
  0.000   730063.393
  0.000   730063.400
  0.000   730063.407
  0.000   730063.414
  0.000   730063.421
  0.000   730063.428
  0.000   730063.435
  0.000   730063.442
  0.000   730063.449
  0.000   730063.456
  0.908   730063.463
  4.071   730063.469
  4.274   730063.476
  5.230   730063.483
  5.231   730063.490
  4.536   730063.497
  4.630   730063.504
  7.218   730063.511
  8.951   730063.518
  9.851   730063.525
  5.977   730063.532
  6.109   730063.539
  8.112   730063.546
  8.914   730063.553
  8.650   730063.560
 10.089   730063.567
 10.942   730063.574
 10.508   730063.581
  9.304   730063.588
  8.594   730063.594
  9.471   730063.601
  9.009   730063.608
  8.035   730063.615
  9.678   730063.622
 11.302   730063.629
 12.130   730063.636
 13.135   730063.643
 14.618   730063.650
 14.718   730063.657
 12.453   730063.664
 13.011   730063.671
 12.655   730063.678
 11.678   730063.685
 11.302   730063.692
 11.576   730063.699
 13.356   730063.706
 12.960   730063.719
 13.527   730063.726
 14.208   730063.733
