  0.733   730063.074
  0.720   730063.081
  0.816   730063.088
  0.709   730063.095
  0.769   730063.101
  0.721   730063.109
  0.739   730063.115
  0.725   730063.122
  0.648   730063.130
  0.747   730063.137
  0.904   730063.151
  0.803   730063.157
  0.752   730063.164
  0.826   730063.172
  0.716   730063.178
  0.572   730063.185
  0.573   730063.192
  0.719   730063.199
  0.704   730063.206
  0.761   730063.213
  0.729   730063.219
  0.746   730063.226
  0.786   730063.233
  0.725   730063.241
  0.701   730063.248
  0.694   730063.256
  0.621   730063.270
  0.587   730063.283
  0.589   730063.290
  0.618   730063.296
  0.736   730063.303
  0.723   730063.310
  0.766   730063.317
  0.768   730063.324
  0.719   730063.331
  0.650   730063.338
  0.612   730063.344
  0.570   730063.352
  0.574   730063.359
  0.497   730063.366
  0.535   730063.373
  0.484   730063.380
  0.487   730063.387
  0.509   730063.393
  0.526   730063.401
  0.520   730063.408
  0.502   730063.414
  0.598   730063.421
  0.553   730063.428
  0.529   730063.435
  0.526   730063.442
  0.491   730063.449
  0.513   730063.456
    NaN   730063.463
    NaN   730063.469
  0.486   730063.476
  0.468   730063.483
  0.512   730063.491
  0.483   730063.497
  0.527   730063.504
  0.525   730063.511
  0.521   730063.518
  0.502   730063.525
  0.504   730063.532
  0.450   730063.539
  0.455   730063.546
  0.432   730063.553
  0.498   730063.560
  0.403   730063.567
  0.455   730063.574
  0.441   730063.581
  0.427   730063.588
  0.464   730063.594
  0.472   730063.602
  0.451   730063.609
  0.422   730063.615
  0.458   730063.622
  0.440   730063.629
  0.457   730063.637
  0.445   730063.644
  0.454   730063.651
  0.422   730063.657
  0.438   730063.665
  0.426   730063.671
  0.447   730063.678
  0.450   730063.685
  0.435   730063.692
  0.427   730063.699
  0.463   730063.706
  0.441   730063.719
  0.440   730063.726
  0.431   730063.734
