    NaN   730063.074
  0.824   730063.081
  0.890   730063.089
  0.858   730063.095
  0.739   730063.102
  0.747   730063.109
  0.856   730063.117
  0.792   730063.123
  0.793   730063.131
  0.727   730063.137
  0.774   730063.151
  0.755   730063.158
  0.762   730063.165
  0.753   730063.172
  0.781   730063.178
  0.696   730063.185
  0.771   730063.192
  0.676   730063.199
  0.616   730063.206
  0.686   730063.213
  0.704   730063.220
  0.699   730063.227
  0.678   730063.234
  0.664   730063.242
  0.618   730063.248
  0.594   730063.258
  0.588   730063.272
  0.641   730063.284
  0.631   730063.290
  0.701   730063.297
  0.596   730063.303
  0.597   730063.310
  0.639   730063.317
  0.628   730063.324
  0.659   730063.331
  0.650   730063.338
  0.662   730063.345
  0.635   730063.352
  0.673   730063.359
  0.685   730063.366
  0.662   730063.373
  0.675   730063.380
  0.630   730063.387
  0.727   730063.394
  0.652   730063.401
  0.682   730063.408
  0.622   730063.415
  0.603   730063.422
  0.722   730063.428
  0.578   730063.435
  0.606   730063.442
  0.671   730063.450
  0.701   730063.456
  0.745   730063.463
  0.753   730063.470
  0.810   730063.477
  0.714   730063.484
  0.721   730063.491
  0.725   730063.498
  0.713   730063.505
  0.678   730063.512
  0.798   730063.519
  0.745   730063.526
  0.681   730063.533
  0.731   730063.540
  0.719   730063.547
  0.724   730063.553
  0.682   730063.560
  0.683   730063.567
    NaN   730063.574
  0.695   730063.581
  0.741   730063.588
  0.767   730063.595
  0.783   730063.602
  0.772   730063.609
  0.803   730063.616
  0.717   730063.623
  0.734   730063.630
  0.689   730063.637
  0.690   730063.644
  0.666   730063.651
  0.659   730063.658
  0.659   730063.665
  0.684   730063.672
  0.678   730063.678
  0.708   730063.685
  0.737   730063.692
  0.691   730063.699
  0.823   730063.706
  0.620   730063.720
  0.636   730063.727
  0.624   730063.734
  0.616   730063.771
  0.541   730063.781
  0.602   730063.792
  0.538   730063.802
  0.581   730063.833
  0.472   730063.844
  0.494   730063.854
  0.450   730063.865
