  0.030   730001.000
  0.030   730001.000
  0.030   730001.010
  0.040   730001.020
  0.020   730001.030
  0.020   730001.030
  0.030   730001.040
  0.030   730001.050
  0.030   730001.050
  0.020   730001.060
  0.020   730001.070
  0.020   730001.070
  0.020   730001.080
  0.020   730001.090
  0.020   730001.090
  0.020   730001.100
  0.020   730001.110
  0.020   730001.120
  0.020   730001.120
  0.020   730001.130
  0.020   730001.140
  0.020   730001.140
  0.020   730001.150
  0.020   730001.160
  0.020   730001.160
  0.020   730001.170
  0.020   730001.180
  0.020   730001.180
  0.020   730001.190
  0.020   730001.200
  0.020   730001.210
  0.030   730001.210
  0.020   730001.220
  0.020   730001.230
  0.020   730001.230
  0.020   730001.240
  0.020   730001.250
  0.020   730001.250
  0.020   730001.260
  0.020   730001.270
  0.340   730001.280
  0.020   730001.280
  0.320   730001.290
  0.290   730001.300
  0.020   730001.300
  0.030   730001.310
  0.020   730001.320
  0.020   730001.320
  0.280   730001.330
  0.060   730001.340
  0.020   730001.340
  0.020   730001.350
  0.040   730001.360
  0.020   730001.370
  0.020   730001.370
  0.020   730001.380
  0.020   730001.390
  0.020   730001.390
  0.020   730001.400
  0.020   730001.410
  0.020   730001.410
  0.020   730001.420
  0.030   730001.430
  0.020   730001.430
  0.020   730001.440
  0.020   730001.450
  0.020   730001.460
  0.020   730001.460
  0.040   730001.470
  0.020   730001.480
  0.020   730001.480
  0.020   730001.490
  0.020   730001.500
  0.020   730001.500
  0.020   730001.510
  0.020   730001.520
  0.020   730001.530
  0.020   730001.530
  0.020   730001.540
  0.020   730001.550
  0.020   730001.550
  0.020   730001.560
  0.020   730001.570
  0.020   730001.570
  0.030   730001.580
  0.020   730001.590
  0.020   730001.590
  0.020   730001.600
  0.020   730001.610
  0.020   730001.620
  0.020   730001.620
  0.020   730001.630
  0.020   730001.640
  0.030   730001.640
  0.020   730001.650
  0.020   730001.660
  0.020   730001.660
  0.030   730001.670
  0.030   730001.680
  0.030   730001.680
  0.030   730001.690
  0.030   730001.700
  0.030   730001.710
  0.030   730001.710
  0.030   730001.720
  0.030   730001.730
  0.030   730001.730
  0.030   730001.740
  0.040   730001.750
  0.040   730001.750
  0.050   730001.760
  0.050   730001.770
  0.040   730001.780
  0.040   730001.780
  0.050   730001.790
  0.050   730001.800
  0.050   730001.800
  0.050   730001.810
  0.050   730001.820
  0.050   730001.820
  0.050   730001.830
  0.050   730001.840
  0.050   730001.840
  0.050   730001.850
  0.050   730001.860
  0.050   730001.870
  0.050   730001.870
  0.050   730001.880
  0.050   730001.890
  0.050   730001.890
  0.050   730001.900
  0.050   730001.910
  0.040   730001.910
  0.050   730001.920
  0.050   730001.930
  0.040   730001.930
  0.040   730001.940
  0.040   730001.950
  0.040   730001.960
  0.040   730001.960
  0.040   730001.970
  0.030   730001.980
  0.040   730001.980
  0.030   730001.990
