  0.400   730001.000
  0.350   730001.020
  0.350   730001.020
  0.360   730001.030
  0.340   730001.040
  0.330   730001.040
  0.320   730001.050
  0.310   730001.060
  0.330   730001.070
  0.330   730001.070
  0.330   730001.080
  0.350   730001.090
  0.320   730001.090
  0.340   730001.100
  0.330   730001.110
  0.310   730001.110
  0.340   730001.120
  0.290   730001.130
  0.330   730001.140
  0.330   730001.140
  0.350   730001.150
  0.300   730001.160
  0.310   730001.160
  0.320   730001.170
  0.320   730001.180
  0.300   730001.180
  0.300   730001.190
  0.300   730001.200
  0.290   730001.200
  0.260   730001.210
  0.310   730001.220
  0.250   730001.220
  0.240   730001.230
  0.250   730001.240
  0.250   730001.250
  0.240   730001.250
  0.260   730001.260
  0.270   730001.270
  0.220   730001.270
  0.250   730001.280
  0.270   730001.290
  0.260   730001.300
  0.250   730001.300
  0.260   730001.310
  0.280   730001.320
  0.260   730001.320
  0.280   730001.330
  0.280   730001.340
  0.270   730001.340
  0.280   730001.350
  0.280   730001.360
  0.330   730001.360
  0.320   730001.370
  0.300   730001.380
  0.340   730001.390
  0.340   730001.390
  0.370   730001.400
  0.320   730001.410
  0.360   730001.410
  0.350   730001.420
  0.350   730001.430
  0.290   730001.430
  0.300   730001.440
  0.370   730001.450
  0.340   730001.450
  0.320   730001.460
    NaN   730001.470
    NaN   730001.480
  0.340   730001.480
  0.320   730001.490
  0.310   730001.500
  0.300   730001.500
  0.320   730001.510
  0.320   730001.520
  0.300   730001.520
  0.310   730001.530
  0.340   730001.540
  0.320   730001.550
  0.310   730001.550
  0.310   730001.560
  0.310   730001.570
  0.330   730001.570
  0.290   730001.580
  0.290   730001.590
  0.330   730001.590
  0.280   730001.600
  0.320   730001.610
  0.310   730001.610
  0.310   730001.620
  0.320   730001.630
  0.320   730001.640
  0.290   730001.640
  0.300   730001.650
  0.290   730001.660
  0.300   730001.660
  0.270   730001.670
  0.290   730001.680
  0.260   730001.680
  0.280   730001.690
  0.280   730001.700
  0.260   730001.700
  0.300   730001.710
  0.290   730001.730
  0.290   730001.730
  0.270   730001.740
  0.250   730001.750
  0.280   730001.750
  0.270   730001.760
  0.280   730001.770
  0.260   730001.770
  0.300   730001.780
  0.250   730001.790
  0.270   730001.800
  0.270   730001.800
  0.260   730001.810
  0.240   730001.820
  0.300   730001.820
  0.290   730001.830
  0.290   730001.840
  0.360   730001.840
  0.330   730001.850
  0.300   730001.860
  0.310   730001.860
  0.310   730001.870
  0.310   730001.880
  0.310   730001.890
  0.330   730001.890
  0.310   730001.900
  0.300   730001.910
  0.320   730001.910
  0.330   730001.920
  0.310   730001.930
  0.300   730001.930
  0.310   730001.940
  0.260   730001.950
  0.270   730001.950
  0.290   730001.960
    NaN   730001.970
    NaN   730001.980
  0.270   730001.980
  0.290   730001.990
