 22.070   729921.000
 23.250   729921.000
 21.570   729921.010
 22.840   729921.020
 22.480   729921.030
 22.220   729921.030
 20.770   729921.040
 24.980   729921.050
 24.340   729921.050
 21.490   729921.060
 21.370   729921.070
 21.350   729921.070
 24.480   729921.080
 22.790   729921.090
 22.190   729921.090
 21.800   729921.100
 22.930   729921.110
 20.870   729921.120
 23.460   729921.120
 21.300   729921.130
 19.920   729921.140
 20.950   729921.140
 21.120   729921.150
 22.530   729921.160
 22.860   729921.160
 24.400   729921.170
 24.830   729921.180
 24.350   729921.180
 21.760   729921.190
 21.580   729921.200
 21.470   729921.210
 20.790   729921.210
 20.740   729921.220
 22.670   729921.230
 20.860   729921.230
 19.820   729921.240
 21.070   729921.250
 19.770   729921.250
 20.470   729921.260
 18.590   729921.270
 21.320   729921.280
 18.930   729921.280
 22.370   729921.290
 19.880   729921.300
 21.750   729921.300
 19.960   729921.310
 22.600   729921.320
 20.420   729921.320
 20.070   729921.330
 24.370   729921.340
 22.880   729921.340
 23.610   729921.350
 21.930   729921.360
 21.150   729921.370
 23.530   729921.370
 21.410   729921.380
 20.920   729921.390
 24.320   729921.390
 23.060   729921.400
 22.730   729921.410
 24.060   729921.410
 25.010   729921.420
 23.410   729921.430
 22.430   729921.430
 25.800   729921.440
 23.800   729921.450
 20.900   729921.460
 23.440   729921.460
 22.270   729921.470
 24.420   729921.480
 24.850   729921.480
 25.260   729921.490
 26.140   729921.500
 22.180   729921.500
 23.660   729921.510
 24.650   729921.520
 23.850   729921.530
 25.350   729921.530
 23.230   729921.540
 23.060   729921.550
 25.820   729921.550
 24.680   729921.560
 25.540   729921.570
 22.770   729921.570
 24.810   729921.580
 23.490   729921.590
 22.470   729921.590
 24.080   729921.600
 26.020   729921.610
 22.860   729921.620
 24.020   729921.620
 23.210   729921.630
 26.950   729921.640
 23.590   729921.640
 24.080   729921.650
 23.120   729921.660
 22.510   729921.660
 22.980   729921.670
 25.040   729921.680
 24.160   729921.680
 25.710   729921.690
 25.800   729921.700
 26.890   729921.710
 27.800   729921.710
 26.300   729921.720
 26.280   729921.730
 26.420   729921.730
 26.220   729921.740
 25.050   729921.750
 24.750   729921.750
 26.390   729921.760
 23.170   729921.770
 21.810   729921.780
 22.070   729921.780
 22.690   729921.790
 19.510   729921.800
 18.830   729921.800
 20.240   729921.810
 22.130   729921.820
 21.810   729921.820
 22.470   729921.830
 21.950   729921.840
 22.490   729921.840
 22.760   729921.850
 21.980   729921.860
 23.950   729921.890
 22.960   729921.890
 20.490   729921.900
 23.030   729921.910
 22.760   729921.910
 21.630   729921.920
 23.010   729921.930
 20.760   729921.930
 21.830   729921.940
 22.580   729921.950
 23.720   729921.960
 23.860   729921.960
 23.640   729921.970
 23.270   729921.980
 22.620   729921.980
 21.140   729921.990
