  0.090   729921.000
  0.090   729921.000
  0.100   729921.010
  0.090   729921.020
  0.090   729921.030
  0.110   729921.030
  0.110   729921.040
  0.100   729921.050
  0.130   729921.050
    NaN   729921.060
  1.510   729921.070
  0.110   729921.070
  0.120   729921.080
  0.120   729921.090
  0.120   729921.100
  0.130   729921.100
  0.130   729921.110
  0.130   729921.120
  0.120   729921.120
  0.130   729921.130
  0.140   729921.140
  0.170   729921.140
  0.140   729921.150
  0.140   729921.160
  0.130   729921.160
  0.130   729921.170
  0.140   729921.180
  0.130   729921.190
  0.130   729921.190
  0.140   729921.200
  0.130   729921.210
  0.140   729921.210
  0.140   729921.220
  0.120   729921.230
  0.110   729921.230
  0.120   729921.240
  0.120   729921.250
  0.120   729921.250
  0.120   729921.260
  0.130   729921.270
  0.120   729921.280
  0.120   729921.280
  0.110   729921.290
  0.120   729921.300
  0.110   729921.300
  0.100   729921.310
  0.100   729921.320
  0.110   729921.320
  0.110   729921.330
  0.110   729921.340
  0.120   729921.350
  0.110   729921.350
  0.120   729921.360
  0.120   729921.370
  0.110   729921.370
  0.120   729921.380
  0.110   729921.390
  0.100   729921.390
  0.100   729921.400
  0.120   729921.410
  0.120   729921.410
  0.110   729921.420
  0.110   729921.430
  0.120   729921.440
  0.120   729921.440
  0.100   729921.450
  0.120   729921.460
  0.120   729921.460
  0.110   729921.470
  0.100   729921.480
  0.110   729921.480
  0.110   729921.490
  0.110   729921.500
  0.100   729921.500
  0.110   729921.510
  0.110   729921.520
  0.110   729921.530
  0.110   729921.530
  0.120   729921.540
  0.120   729921.550
  0.120   729921.550
  0.120   729921.560
  0.120   729921.570
  0.110   729921.570
  0.110   729921.580
  0.120   729921.590
  0.110   729921.600
  0.100   729921.600
  0.110   729921.610
  0.110   729921.620
  0.110   729921.620
  0.110   729921.630
  0.110   729921.640
  0.100   729921.640
  0.090   729921.650
  0.100   729921.660
  0.110   729921.660
  0.100   729921.670
  0.100   729921.680
  0.090   729921.690
  0.090   729921.690
  0.090   729921.700
  0.080   729921.710
  0.090   729921.710
  0.090   729921.720
  0.080   729921.730
  0.090   729921.730
  0.080   729921.740
  0.080   729921.750
  0.070   729921.750
  0.070   729921.760
  0.080   729921.770
  0.080   729921.780
  0.070   729921.780
  0.060   729921.810
  0.060   729921.820
  0.060   729921.820
  0.070   729921.830
  0.060   729921.840
  0.060   729921.850
  0.060   729921.850
  0.060   729921.860
  0.050   729921.880
  0.060   729921.890
  0.080   729921.890
  0.070   729921.900
  0.060   729921.910
  0.060   729921.910
  0.050   729921.920
  0.100   729921.930
  0.100   729921.940
  0.050   729921.940
  0.050   729921.950
  0.050   729921.960
  0.050   729921.960
  0.050   729921.970
  0.050   729921.980
  0.050   729921.980
  0.050   729921.990
