  1.090   729921.000
  1.220   729921.000
  1.110   729921.010
  1.120   729921.020
  1.010   729921.020
  1.320   729921.030
  1.080   729921.040
  1.160   729921.050
  1.270   729921.050
  1.030   729921.060
  1.020   729921.070
  1.620   729921.070
  2.300   729921.080
  1.260   729921.090
  1.060   729921.090
  1.080   729921.100
  1.150   729921.110
  1.270   729921.110
  1.170   729921.120
  1.240   729921.130
  1.120   729921.140
  1.090   729921.140
  1.090   729921.150
  1.180   729921.160
  1.180   729921.160
  1.230   729921.170
  1.130   729921.180
  1.290   729921.180
  1.300   729921.190
  1.070   729921.200
  1.160   729921.200
  1.440   729921.210
  1.300   729921.220
  1.410   729921.230
  1.430   729921.230
  1.300   729921.240
  1.270   729921.250
  1.400   729921.250
  1.320   729921.260
  1.220   729921.270
  1.410   729921.270
  1.380   729921.280
  1.260   729921.290
  1.360   729921.300
  1.270   729921.300
  1.320   729921.310
  1.820   729921.320
    NaN   729921.320
  1.450   729921.330
  1.560   729921.340
  1.410   729921.340
  2.000   729921.350
  1.620   729921.360
  1.650   729921.360
  1.690   729921.370
  1.700   729921.380
  1.690   729921.390
  2.000   729921.390
  1.830   729921.400
  1.940   729921.410
  1.870   729921.410
  1.930   729921.420
  1.810   729921.430
  1.840   729921.430
  1.640   729921.440
  1.750   729921.450
  1.820   729921.450
  1.830   729921.460
  1.770   729921.470
  1.560   729921.480
  1.580   729921.480
  1.880   729921.490
  1.720   729921.500
  2.070   729921.500
  1.620   729921.510
  1.670   729921.520
  1.290   729921.520
  1.620   729921.530
  1.350   729921.540
  1.220   729921.550
  1.460   729921.550
  1.440   729921.560
  1.540   729921.570
  1.380   729921.570
  1.960   729921.580
  1.450   729921.590
  1.350   729921.590
  1.410   729921.600
  1.490   729921.610
  1.530   729921.610
  1.540   729921.620
  1.510   729921.630
  1.340   729921.640
  1.500   729921.640
  1.370   729921.650
  1.430   729921.660
  1.360   729921.660
  1.300   729921.670
  1.270   729921.680
  1.300   729921.680
  1.490   729921.690
  1.230   729921.700
  1.240   729921.700
  1.320   729921.710
  1.450   729921.720
  1.400   729921.730
  1.360   729921.730
  1.350   729921.740
  1.130   729921.750
  1.220   729921.750
  1.400   729921.760
  1.180   729921.770
  1.360   729921.770
  1.270   729921.780
  1.460   729921.790
  1.480   729921.800
  1.310   729921.800
  1.330   729921.810
  1.310   729921.820
    NaN   729921.820
  1.220   729921.830
  1.190   729921.840
  1.080   729921.840
  1.700   729921.850
  1.580   729921.860
  1.150   729921.880
  1.560   729921.890
  1.540   729921.890
  1.560   729921.900
  1.580   729921.910
  1.710   729921.910
  1.650   729921.920
  1.340   729921.930
  1.540   729921.930
  1.710   729921.940
  1.440   729921.950
  1.690   729921.950
  1.300   729921.960
  1.310   729921.970
  1.530   729921.980
  2.590   729921.980
  2.280   729921.990
