  0.416   730176.001
  0.380   730176.003
  0.432   730176.008
  0.425   730176.014
  0.418   730176.017
  0.397   730176.022
  0.405   730176.028
  0.377   730176.036
  0.409   730176.042
  0.413   730176.049
  0.406   730176.056
  0.375   730176.063
  0.391   730176.069
  0.395   730176.078
  0.398   730176.084
  0.358   730176.090
  0.385   730176.098
  0.387   730176.105
  0.398   730176.112
  0.397   730176.119
  0.409   730176.126
  0.510   730176.132
  0.384   730176.140
  0.377   730176.147
  0.348   730176.150
  0.372   730176.153
  0.445   730176.158
  0.403   730176.162
  0.416   730176.162
  0.426   730176.167
  0.404   730176.174
  0.392   730176.181
  0.475   730176.188
  0.382   730176.194
  0.391   730176.202
  0.443   730176.209
  0.477   730176.216
  0.453   730176.223
  0.375   730176.230
  0.420   730176.237
  0.444   730176.244
  0.460   730176.251
  0.453   730176.258
  0.432   730176.264
  0.438   730176.272
  0.411   730176.278
  0.429   730176.286
  0.465   730176.292
  0.407   730176.299
  0.481   730176.306
  0.432   730176.312
  0.407   730176.320
  0.397   730176.328
  0.446   730176.334
  0.446   730176.341
  0.398   730176.348
  0.453   730176.354
  0.836   730176.362
  0.409   730176.369
  0.381   730176.376
  0.442   730176.383
  0.437   730176.389
  0.456   730176.397
  0.442   730176.403
  0.446   730176.411
  0.417   730176.417
  0.454   730176.424
  0.440   730176.431
  0.426   730176.438
  0.395   730176.445
  0.433   730176.453
  0.402   730176.459
  0.411   730176.465
  0.429   730176.473
  0.426   730176.480
  0.417   730176.487
  0.393   730176.494
  0.376   730176.500
  0.350   730176.508
  0.424   730176.515
  0.388   730176.521
  0.440   730176.528
  0.355   730176.536
  0.407   730176.542
  0.376   730176.549
  0.381   730176.556
  0.385   730176.563
  0.431   730176.570
  0.453   730176.577
  0.365   730176.584
  0.385   730176.591
  0.414   730176.598
  0.438   730176.604
  0.429   730176.612
  0.435   730176.619
  0.390   730176.626
  0.378   730176.633
  0.375   730176.640
  0.440   730176.647
  0.429   730176.653
  0.375   730176.660
  0.461   730176.667
  0.377   730176.674
  0.420   730176.681
  0.426   730176.688
  0.431   730176.695
  0.415   730176.702
  0.453   730176.709
  0.423   730176.715
  0.435   730176.723
  0.490   730176.729
  0.467   730176.737
  0.525   730176.744
  0.524   730176.750
  0.469   730176.758
  0.512   730176.765
  0.486   730176.771
  0.564   730176.778
  0.473   730176.785
  0.658   730176.792
  0.598   730176.799
  0.575   730176.806
  0.541   730176.813
  0.463   730176.820
  0.508   730176.828
  0.539   730176.834
  3.601   730176.841
  0.495   730176.848
  0.530   730176.854
  0.469   730176.862
  0.544   730176.869
  0.554   730176.876
  0.539   730176.883
  0.590   730176.890
  0.522   730176.897
  0.624   730176.903
  0.623   730176.911
  0.702   730176.917
  0.756   730176.924
  0.735   730176.931
  0.712   730176.938
  0.621   730176.945
  0.825   730176.953
  0.662   730176.959
  0.627   730176.965
  0.693   730176.973
  0.605   730176.980
    NaN   730176.987
  0.621   730176.994
