  0.793   730176.002
  0.813   730176.004
  0.775   730176.008
  0.763   730176.015
  0.760   730176.018
  0.694   730176.022
  0.651   730176.029
  0.783   730176.037
 11.455   730176.043
  0.206   730176.050
  0.000   730176.057
  0.000   730176.064
  0.000   730176.071
 11.122   730176.079
  0.940   730176.085
  0.772   730176.092
  0.675   730176.099
  0.800   730176.106
  0.860   730176.113
  0.784   730176.121
  0.918   730176.126
  0.743   730176.133
  0.733   730176.140
  0.744   730176.147
  0.771   730176.151
  0.757   730176.154
  0.664   730176.158
  0.758   730176.164
  0.747   730176.165
  0.737   730176.169
  0.910   730176.175
  0.808   730176.182
  0.772   730176.189
  0.803   730176.196
  0.777   730176.204
  0.964   730176.210
  0.932   730176.217
  1.025   730176.224
  0.911   730176.231
  0.913   730176.238
  0.955   730176.246
  0.897   730176.251
  0.942   730176.258
  0.958   730176.265
  0.899   730176.272
  0.909   730176.279
  0.864   730176.287
  0.780   730176.293
  0.660   730176.300
  0.865   730176.307
  0.908   730176.314
  0.883   730176.321
  0.667   730176.331
  0.835   730176.335
  0.886   730176.342
  0.740   730176.349
  0.796   730176.356
  0.800   730176.363
  0.812   730176.371
  0.809   730176.376
  0.762   730176.383
  0.758   730176.390
  0.804   730176.397
  0.679   730176.404
  0.755   730176.412
  0.735   730176.418
  0.744   730176.425
    NaN   730176.432
  0.666   730176.439
  0.802   730176.446
  0.584   730176.455
  0.633   730176.460
  0.679   730176.467
  0.683   730176.474
  0.661   730176.481
  0.725   730176.488
  0.624   730176.496
  0.658   730176.501
  0.669   730176.508
  0.655   730176.515
  0.691   730176.522
  0.697   730176.529
  0.787   730176.537
  0.698   730176.543
  0.672   730176.550
  0.659   730176.557
  0.599   730176.564
  0.716   730176.571
  0.643   730176.578
  0.667   730176.585
  0.591   730176.592
  0.599   730176.599
  0.702   730176.606
  0.643   730176.613
  0.676   730176.619
  0.682   730176.626
  0.671   730176.633
  0.492   730176.640
  0.693   730176.647
  0.631   730176.654
  0.598   730176.661
  0.567   730176.668
  0.614   730176.675
  0.602   730176.682
  0.604   730176.689
  0.604   730176.696
  0.577   730176.703
  0.711   730176.710
  0.575   730176.717
  0.560   730176.724
  0.593   730176.731
  0.584   730176.738
  0.601   730176.745
  0.586   730176.751
  0.626   730176.758
  0.584   730176.765
  0.532   730176.772
  0.579   730176.779
  0.626   730176.787
  0.574   730176.793
  0.567   730176.800
  0.576   730176.807
  0.633   730176.814
  0.576   730176.821
  0.572   730176.829
  0.555   730176.835
  0.538   730176.842
  0.582   730176.849
  0.621   730176.856
  0.573   730176.863
  0.546   730176.871
  0.518   730176.876
  0.542   730176.883
  0.565   730176.890
  0.604   730176.897
  0.522   730176.905
  0.543   730176.912
  0.558   730176.918
  0.537   730176.925
    NaN   730176.932
  0.555   730176.939
  0.549   730176.946
  0.568   730176.954
  0.593   730176.960
  0.520   730176.967
  0.491   730176.974
  0.540   730176.981
  0.583   730176.988
  0.627   730176.995
