  2.020   730176.002
  2.123   730176.004
  2.305   730176.008
  2.198   730176.015
  2.122   730176.018
  2.197   730176.022
  1.833   730176.029
  2.351   730176.037
    NaN   730176.043
  1.754   730176.050
  0.000   730176.057
  0.000   730176.064
  1.703   730176.071
    NaN   730176.079
  2.758   730176.085
  2.132   730176.092
  2.257   730176.099
  2.203   730176.106
  2.247   730176.113
  2.129   730176.121
  3.667   730176.126
  2.221   730176.133
  2.216   730176.140
  2.045   730176.147
  1.978   730176.151
  2.257   730176.154
  2.391   730176.158
  2.291   730176.164
  2.021   730176.165
  1.806   730176.169
  2.137   730176.175
  2.267   730176.182
    NaN   730176.189
  1.969   730176.196
  1.984   730176.204
  2.180   730176.210
  2.028   730176.217
  2.042   730176.224
  2.243   730176.231
  1.931   730176.238
  1.879   730176.246
  1.896   730176.251
  1.968   730176.258
  1.864   730176.265
  2.090   730176.272
  2.058   730176.279
  1.924   730176.287
  2.070   730176.293
  1.818   730176.300
  1.907   730176.307
  1.539   730176.314
  1.873   730176.321
  1.719   730176.331
  1.731   730176.335
  1.758   730176.342
  1.857   730176.349
  1.704   730176.356
  1.556   730176.363
  2.041   730176.371
  1.681   730176.376
  1.829   730176.383
  1.993   730176.390
  1.932   730176.397
  1.916   730176.404
  1.986   730176.412
  1.831   730176.418
  1.976   730176.425
  1.934   730176.432
  1.801   730176.439
  1.945   730176.446
  1.771   730176.455
  1.802   730176.460
  1.910   730176.467
  1.795   730176.474
  1.778   730176.481
  2.012   730176.488
  1.633   730176.496
  1.642   730176.501
  1.756   730176.508
  1.871   730176.515
  1.725   730176.522
  1.721   730176.529
  1.594   730176.537
  1.732   730176.543
  1.648   730176.550
  1.675   730176.557
  1.808   730176.564
  1.831   730176.571
  1.771   730176.578
  1.855   730176.585
  1.639   730176.592
  1.669   730176.599
  1.770   730176.606
  1.830   730176.613
  1.619   730176.619
  1.990   730176.626
  1.867   730176.633
  1.759   730176.640
  2.014   730176.647
  2.014   730176.654
  1.825   730176.661
  1.595   730176.668
  1.908   730176.675
  1.725   730176.682
    NaN   730176.689
  1.946   730176.696
  1.472   730176.703
  1.568   730176.710
  1.521   730176.717
  1.440   730176.724
  1.700   730176.731
  1.819   730176.738
  1.541   730176.745
  1.602   730176.751
  1.523   730176.758
  1.572   730176.765
  1.553   730176.772
  1.608   730176.779
  1.610   730176.787
  1.688   730176.793
  1.619   730176.800
  1.575   730176.807
  1.560   730176.814
  1.570   730176.821
  1.692   730176.829
  1.379   730176.835
  1.608   730176.842
  1.465   730176.849
  1.567   730176.856
  1.469   730176.863
  1.615   730176.871
  1.650   730176.876
  1.500   730176.883
  1.515   730176.890
  1.509   730176.897
  1.718   730176.905
  1.828   730176.912
  2.049   730176.918
  1.606   730176.925
  1.458   730176.932
  1.814   730176.939
  1.760   730176.946
  1.519   730176.954
  1.426   730176.960
  1.555   730176.967
  1.590   730176.974
  1.757   730176.981
  1.714   730176.988
  1.726   730176.995
