  1.899   730176.002
  2.070   730176.004
  1.863   730176.008
  2.047   730176.015
  2.250   730176.018
  1.972   730176.022
  2.168   730176.029
  1.782   730176.037
  1.906   730176.043
  1.771   730176.050
  1.629   730176.057
  1.887   730176.064
  1.744   730176.071
  1.985   730176.079
  1.937   730176.085
  1.697   730176.092
  1.776   730176.099
  1.754   730176.106
  1.723   730176.113
  1.764   730176.121
  1.565   730176.126
  1.646   730176.133
  1.660   730176.140
  1.659   730176.147
  1.736   730176.151
  1.749   730176.154
  1.832   730176.158
  1.585   730176.164
  1.567   730176.165
  1.558   730176.169
  1.595   730176.175
  1.621   730176.182
  1.525   730176.189
    NaN   730176.196
  1.451   730176.204
  1.607   730176.210
  1.585   730176.217
  1.433   730176.224
  1.410   730176.231
  1.296   730176.238
  1.319   730176.246
  1.249   730176.251
  1.390   730176.258
  1.267   730176.265
  1.140   730176.272
  1.338   730176.279
  1.183   730176.287
  1.135   730176.293
  1.210   730176.300
  1.032   730176.307
  1.265   730176.314
  1.178   730176.321
  1.138   730176.331
  1.064   730176.335
  1.264   730176.342
  1.143   730176.349
  1.094   730176.356
  1.192   730176.363
  1.193   730176.371
  1.137   730176.376
  1.208   730176.383
  1.234   730176.390
  1.282   730176.397
  1.247   730176.404
  1.288   730176.412
  1.222   730176.418
  1.144   730176.425
  1.392   730176.432
  1.415   730176.439
  1.222   730176.446
  1.334   730176.455
  1.329   730176.460
  1.304   730176.467
  1.183   730176.474
  1.301   730176.481
  1.255   730176.488
  1.276   730176.496
  1.309   730176.501
  1.246   730176.508
  1.137   730176.515
  1.358   730176.522
  1.287   730176.529
  1.284   730176.537
  1.467   730176.543
  1.449   730176.550
  1.261   730176.557
  1.498   730176.564
  1.308   730176.571
  1.457   730176.578
  1.336   730176.585
  1.565   730176.592
  1.377   730176.599
  1.489   730176.606
  1.365   730176.613
  1.392   730176.619
  1.315   730176.626
  1.486   730176.633
  1.448   730176.640
  1.417   730176.647
  1.369   730176.654
  1.351   730176.661
  1.595   730176.668
  1.491   730176.675
  1.372   730176.682
  1.526   730176.689
    NaN   730176.696
  1.476   730176.703
  1.450   730176.710
  1.384   730176.717
  1.356   730176.724
  1.389   730176.731
  1.373   730176.738
  1.447   730176.745
  1.350   730176.751
  1.453   730176.758
  1.328   730176.765
  1.373   730176.772
  1.504   730176.779
  1.279   730176.787
  1.343   730176.793
  1.261   730176.800
  1.363   730176.807
  1.369   730176.814
  1.221   730176.821
  1.261   730176.829
  1.328   730176.835
  1.399   730176.842
  1.349   730176.849
  1.145   730176.856
  1.375   730176.863
  1.303   730176.871
  1.206   730176.876
  1.261   730176.883
  1.221   730176.890
  1.333   730176.897
  1.260   730176.905
  1.277   730176.912
  1.292   730176.918
  1.267   730176.925
  1.250   730176.932
  1.215   730176.939
  1.299   730176.946
  1.367   730176.954
  1.158   730176.960
  1.278   730176.967
  1.288   730176.974
  1.183   730176.981
  1.200   730176.988
  1.294   730176.995
