  1.537   730148.001
  1.603   730148.008
  1.762   730148.015
  1.871   730148.022
  1.662   730148.028
  1.754   730148.035
  1.454   730148.042
  1.860   730148.049
  1.439   730148.056
  1.450   730148.063
  1.414   730148.070
  1.225   730148.076
  1.302   730148.083
  1.214   730148.091
  1.182   730148.097
  1.260   730148.105
  1.127   730148.112
  1.276   730148.119
  1.318   730148.126
  1.372   730148.132
  1.321   730148.139
  1.343   730148.146
  1.429   730148.153
  1.360   730148.160
  1.330   730148.167
  1.216   730148.174
  1.325   730148.181
  1.403   730148.188
  1.109   730148.194
  1.308   730148.201
  1.274   730148.208
  1.346   730148.215
  1.714   730148.222
  1.437   730148.229
  1.443   730148.236
  1.511   730148.243
  1.442   730148.250
  1.445   730148.257
  1.780   730148.265
  1.645   730148.271
  1.749   730148.278
  1.462   730148.285
  1.570   730148.292
  1.510   730148.299
  1.647   730148.306
  1.689   730148.312
  1.760   730148.319
  1.850   730148.326
  1.579   730148.333
  9.566   730148.340
  1.550   730148.347
  1.574   730148.354
  1.786   730148.361
  1.682   730148.368
  1.536   730148.375
  1.529   730148.382
  1.801   730148.389
  1.745   730148.396
  1.682   730148.403
  1.598   730148.410
  1.462   730148.417
  1.519   730148.424
  1.595   730148.431
  1.590   730148.438
  1.434   730148.444
  1.535   730148.452
  1.552   730148.458
  1.566   730148.465
  1.655   730148.472
  1.694   730148.479
  1.659   730148.486
  1.651   730148.493
  1.530   730148.500
  1.597   730148.507
  1.580   730148.514
  1.675   730148.521
  1.540   730148.528
  1.569   730148.535
  1.533   730148.542
  1.519   730148.549
  1.549   730148.556
  1.421   730148.562
  1.432   730148.569
  1.485   730148.576
  1.478   730148.583
  1.508   730148.590
  1.439   730148.597
  1.315   730148.604
  1.690   730148.611
  1.481   730148.618
  1.682   730148.625
  1.703   730148.632
  1.625   730148.639
  1.482   730148.646
  1.593   730148.653
  1.752   730148.660
  1.402   730148.667
  1.573   730148.674
  1.530   730148.681
  1.558   730148.688
  1.781   730148.694
  1.555   730148.701
  1.626   730148.708
  1.798   730148.715
  1.677   730148.722
  1.634   730148.729
  1.516   730148.736
  1.534   730148.743
  1.565   730148.750
  1.756   730148.757
  1.519   730148.764
  1.633   730148.771
  1.557   730148.778
  1.590   730148.785
  1.401   730148.792
  1.537   730148.799
  1.539   730148.806
  1.529   730148.812
  1.537   730148.819
  1.495   730148.827
  1.793   730148.833
  1.776   730148.840
  1.746   730148.848
  1.831   730148.854
  1.668   730148.862
  1.735   730148.869
  1.610   730148.875
  1.588   730148.883
  1.702   730148.889
  1.422   730148.910
  1.469   730148.917
  1.566   730148.924
  1.368   730148.931
  2.087   730148.938
  1.583   730148.944
  1.542   730148.951
  1.447   730148.958
  1.537   730148.965
  1.508   730148.972
  1.454   730148.979
  1.532   730148.986
  1.470   730148.993
