  0.076   730148.000
  0.074   730148.007
  0.065   730148.014
  0.068   730148.021
  0.074   730148.028
  0.066   730148.035
  0.063   730148.042
  0.076   730148.049
  0.066   730148.056
  0.065   730148.062
  0.074   730148.069
  0.068   730148.076
  0.070   730148.083
  0.065   730148.090
  0.140   730148.097
  0.065   730148.104
  0.066   730148.111
  0.068   730148.119
  0.076   730148.126
  0.068   730148.132
  0.070   730148.139
  0.074   730148.146
  0.077   730148.153
  0.074   730148.160
  0.075   730148.167
  0.078   730148.174
  0.091   730148.181
  0.084   730148.188
  0.078   730148.194
  0.113   730148.201
  0.107   730148.208
  0.079   730148.215
  0.080   730148.222
  0.090   730148.229
  0.099   730148.236
  0.111   730148.243
  0.227   730148.250
  0.136   730148.257
  0.189   730148.264
  0.106   730148.271
  0.112   730148.278
  0.132   730148.285
  0.132   730148.292
  0.143   730148.299
  0.183   730148.306
  0.125   730148.312
  0.079   730148.319
  0.084   730148.326
  0.096   730148.333
  0.819   730148.340
  0.129   730148.347
  0.070   730148.354
  0.086   730148.361
  0.090   730148.368
  0.084   730148.375
  0.081   730148.382
  0.079   730148.389
  0.089   730148.396
  0.086   730148.403
  0.108   730148.410
  0.091   730148.417
  0.084   730148.424
  0.084   730148.431
  0.088   730148.438
  0.085   730148.444
  0.090   730148.452
  0.091   730148.458
  0.090   730148.465
  0.087   730148.472
  0.086   730148.479
  0.078   730148.486
  0.098   730148.493
  0.087   730148.500
  0.084   730148.507
  0.087   730148.514
  0.090   730148.521
  0.084   730148.528
  0.097   730148.535
  0.092   730148.542
  0.090   730148.549
  0.089   730148.556
  0.080   730148.562
  0.155   730148.569
  0.139   730148.576
  0.111   730148.583
  0.116   730148.590
  0.096   730148.597
  0.094   730148.604
  0.110   730148.611
  0.213   730148.618
  0.244   730148.625
  0.148   730148.632
  0.114   730148.639
  0.100   730148.646
  0.070   730148.653
  0.092   730148.660
  0.108   730148.667
  0.106   730148.674
  0.089   730148.681
  0.112   730148.688
  0.083   730148.694
  0.195   730148.701
  0.556   730148.708
  1.727   730148.715
  2.417   730148.722
  2.611   730148.729
  3.399   730148.736
  4.154   730148.743
  4.226   730148.750
  4.784   730148.757
  4.489   730148.764
  3.057   730148.771
  1.790   730148.778
  1.619   730148.785
  3.482   730148.792
  4.826   730148.799
  4.135   730148.806
  2.554   730148.812
  0.084   730148.819
  0.080   730148.826
  0.084   730148.833
  0.089   730148.840
  0.091   730148.847
  0.078   730148.854
  0.090   730148.861
  0.091   730148.868
  0.076   730148.875
  0.084   730148.882
  0.082   730148.889
  0.080   730148.910
  0.090   730148.917
  0.080   730148.924
  0.084   730148.931
    NaN   730148.938
  0.091   730148.944
  0.504   730148.951
  0.091   730148.958
  0.084   730148.965
  0.078   730148.972
  0.083   730148.979
  0.086   730148.986
  0.083   730148.993
