  0.193   730148.001
  0.190   730148.015
  0.173   730148.028
  0.181   730148.035
  0.207   730148.042
  0.172   730148.049
  0.201   730148.063
  0.198   730148.070
  0.192   730148.077
  0.224   730148.084
  0.202   730148.091
  0.177   730148.105
  0.194   730148.112
  0.203   730148.119
  0.219   730148.126
  0.195   730148.133
  0.187   730148.140
  0.183   730148.147
  0.193   730148.167
  0.186   730148.174
  0.192   730148.181
  0.194   730148.188
  0.180   730148.195
  0.190   730148.216
  0.214   730148.237
  0.215   730148.244
  0.196   730148.251
  0.224   730148.258
  0.196   730148.265
  0.199   730148.272
  0.203   730148.278
  0.193   730148.285
  0.184   730148.299
  0.216   730148.306
  0.209   730148.313
  0.229   730148.320
  0.219   730148.327
  0.210   730148.334
  7.941   730148.341
  0.613   730148.348
  0.239   730148.355
  0.238   730148.362
  0.207   730148.369
  0.234   730148.376
  0.221   730148.397
  0.203   730148.403
  0.233   730148.410
  0.216   730148.417
  0.212   730148.431
  0.210   730148.438
  0.202   730148.459
  0.212   730148.466
  0.238   730148.480
  0.201   730148.487
  0.212   730148.494
  0.216   730148.501
  0.227   730148.508
  0.238   730148.528
  0.187   730148.535
  0.200   730148.542
  0.214   730148.556
  0.202   730148.570
  0.212   730148.577
  0.192   730148.591
  0.221   730148.598
  0.211   730148.605
  0.202   730148.612
  0.204   730148.619
  0.218   730148.626
  0.194   730148.633
  0.199   730148.640
  0.198   730148.647
  0.227   730148.653
  0.208   730148.660
  0.211   730148.674
  0.225   730148.681
  0.193   730148.688
  0.229   730148.695
  0.203   730148.709
  0.217   730148.716
  0.213   730148.723
  0.207   730148.730
  0.210   730148.737
  0.199   730148.744
  0.236   730148.751
  0.485   730148.772
  0.248   730148.778
  0.237   730148.785
  0.228   730148.792
  0.236   730148.799
  0.196   730148.813
  0.202   730148.827
  0.240   730148.862
  0.213   730148.876
  0.222   730148.910
  0.214   730148.917
  0.208   730148.924
  0.197   730148.931
  0.202   730148.945
  0.221   730148.952
  0.196   730148.959
  0.184   730148.966
  0.210   730148.973
  0.212   730148.980
  0.193   730148.987
