  0.007   730185.000
  0.008   730185.007
  0.007   730185.021
  0.009   730185.028
  0.007   730185.035
  0.009   730185.049
  0.010   730185.056
  0.008   730185.062
  0.008   730185.069
  0.011   730185.077
  0.012   730185.090
  0.008   730185.097
  0.011   730185.104
  0.008   730185.111
  0.009   730185.125
  0.010   730185.132
  0.008   730185.139
  0.008   730185.146
  0.007   730185.153
  0.008   730185.160
  0.007   730185.167
  0.008   730185.174
  0.007   730185.181
  0.006   730185.188
  0.007   730185.202
  0.007   730185.208
  0.007   730185.215
  0.008   730185.229
  0.007   730185.236
  0.008   730185.244
  0.008   730185.250
  0.008   730185.257
  0.007   730185.264
  0.008   730185.271
  0.009   730185.278
  0.009   730185.299
  0.008   730185.306
  0.008   730185.312
  0.010   730185.319
  0.009   730185.347
  0.008   730185.354
  0.009   730185.369
  0.009   730185.375
  0.007   730185.382
  0.010   730185.389
  0.008   730185.396
  0.009   730185.403
  0.009   730185.410
  0.008   730185.417
  0.007   730185.431
  0.008   730185.438
  0.008   730185.458
  0.007   730185.479
  0.009   730185.486
  0.008   730185.494
  0.008   730185.500
  0.008   730185.507
  0.007   730185.514
  0.007   730185.521
  0.007   730185.535
  0.009   730185.542
  0.008   730185.549
  0.006   730185.562
  0.007   730185.569
  0.007   730185.577
  0.007   730185.583
  0.008   730185.590
  0.007   730185.604
  0.007   730185.611
  0.008   730185.625
  0.006   730185.632
  0.008   730185.639
  0.007   730185.660
  0.007   730185.667
  0.035   730185.674
  0.007   730185.681
  0.008   730185.688
  0.007   730185.694
  0.007   730185.702
  0.008   730185.708
  0.006   730185.722
  0.006   730185.729
  0.007   730185.736
  0.007   730185.744
  0.007   730185.757
  0.007   730185.764
  0.006   730185.771
  0.008   730185.778
  0.007   730185.792
  0.007   730185.799
  0.006   730185.806
  0.008   730185.819
  0.040   730185.827
  0.008   730185.833
  0.007   730185.840
  0.008   730185.861
  0.007   730185.869
  0.008   730185.875
  0.007   730185.896
  0.007   730185.903
  0.007   730185.910
  0.008   730185.917
  0.008   730185.924
  0.009   730185.952
  0.008   730185.958
  0.043   730185.965
  0.009   730185.972
  0.009   730185.979
  0.008   730185.986
  0.007   730185.994
