  0.446   730134.000
  0.520   730134.007
  0.462   730134.021
  0.531   730134.028
  0.399   730134.042
  0.513   730134.049
  0.467   730134.056
  0.482   730134.062
  0.418   730134.076
  0.453   730134.083
  0.440   730134.097
  0.480   730134.104
  0.448   730134.118
  0.454   730134.125
  0.426   730134.132
  0.441   730134.146
  0.440   730134.153
  0.449   730134.160
  0.411   730134.174
  1.442   730134.181
  0.410   730134.188
  0.414   730134.194
  0.380   730134.201
  0.393   730134.209
  0.392   730134.215
  0.377   730134.222
  0.441   730134.236
  0.416   730134.243
  0.630   730134.257
  0.468   730134.264
  0.491   730134.271
  0.468   730134.285
  0.445   730134.292
  0.457   730134.299
  0.487   730134.306
  0.415   730134.312
  0.465   730134.319
  0.480   730134.326
  0.431   730134.333
  0.469   730134.340
  0.383   730134.354
  0.406   730134.361
  0.417   730134.368
  0.430   730134.396
  0.442   730134.403
  0.410   730134.410
  0.434   730134.417
  0.426   730134.424
  0.405   730134.431
  0.390   730134.452
  0.378   730134.458
  0.394   730134.465
  0.420   730134.472
  0.453   730134.479
  0.427   730134.486
  0.356   730134.493
  0.430   730134.500
  0.385   730134.514
  0.427   730134.521
  0.414   730134.528
  0.435   730134.535
  0.439   730134.549
  0.473   730134.556
  0.431   730134.562
  0.508   730134.569
  0.460   730134.576
  0.419   730134.583
  0.489   730134.590
  0.469   730134.597
  0.433   730134.604
  0.456   730134.618
  0.592   730134.632
  0.499   730134.639
  0.504   730134.646
  0.523   730134.653
  0.532   730134.667
  0.510   730134.674
  0.505   730134.688
  0.466   730134.694
  0.546   730134.701
  0.542   730134.708
  0.538   730134.715
  0.510   730134.722
  0.566   730134.743
  0.589   730134.750
  0.553   730134.757
  0.529   730134.771
  0.630   730134.778
  0.602   730134.785
  0.556   730134.792
  0.525   730134.799
  0.571   730134.806
  0.598   730134.812
  0.579   730134.819
  0.583   730134.826
  0.539   730134.833
  0.552   730134.840
  0.542   730134.847
  0.557   730134.854
  0.556   730134.861
  0.607   730134.868
  0.589   730134.875
  0.632   730134.882
  0.563   730134.889
  0.584   730134.896
  0.508   730134.910
  0.549   730134.917
  0.523   730134.924
  0.622   730134.931
  0.581   730134.944
  0.528   730134.951
  0.631   730134.958
  0.563   730134.965
  0.659   730134.972
  0.541   730134.993
