  0.459   730227.002
  2.781   730227.007
  4.136   730227.014
  0.000   730227.021
  0.000   730227.028
  0.000   730227.043
  0.000   730227.049
  0.000   730227.056
  0.000   730227.063
  0.000   730227.070
  0.000   730227.077
  0.000   730227.085
  0.000   730227.091
  0.000   730227.098
  0.000   730227.105
  0.000   730227.112
  0.000   730227.119
  0.000   730227.127
  0.583   730227.133
  0.000   730227.140
  0.000   730227.146
  0.000   730227.153
  0.000   730227.160
  0.000   730227.168
  0.000   730227.174
  0.000   730227.181
  0.000   730227.188
  0.000   730227.195
  0.000   730227.202
  0.000   730227.210
  0.000   730227.216
    NaN   730227.223
  0.000   730227.230
  0.272   730227.237
  0.000   730227.244
  0.000   730227.252
  0.000   730227.258
  0.000   730227.265
  0.370   730227.271
  0.035   730227.278
  0.000   730227.285
  0.000   730227.293
  0.000   730227.299
  0.000   730227.306
  0.000   730227.313
  0.000   730227.320
  0.000   730227.327
  0.000   730227.335
  0.000   730227.341
  0.000   730227.348
  0.000   730227.355
  0.000   730227.362
  0.000   730227.369
  0.000   730227.377
  0.000   730227.383
  0.000   730227.390
  0.000   730227.396
  0.000   730227.403
  0.000   730227.410
  0.000   730227.418
  0.000   730227.424
  0.000   730227.431
  0.000   730227.438
  0.000   730227.445
  3.021   730227.452
  0.000   730227.461
  0.000   730227.466
  0.000   730227.473
  0.000   730227.480
  0.000   730227.487
  0.000   730227.494
  0.000   730227.502
  0.176   730227.508
  0.000   730227.515
  0.000   730227.521
  0.000   730227.528
  0.000   730227.535
  0.000   730227.543
  0.000   730227.549
  0.000   730227.556
  0.000   730227.563
  0.000   730227.570
  0.000   730227.577
  0.000   730227.585
  0.000   730227.591
  0.000   730227.598
  0.000   730227.605
  0.000   730227.612
  0.000   730227.619
  0.000   730227.627
  0.000   730227.633
  0.000   730227.640
  0.000   730227.647
  0.000   730227.653
  0.000   730227.660
  0.000   730227.669
  0.000   730227.674
  0.000   730227.681
  0.000   730227.688
  1.710   730227.695
  0.000   730227.702
  0.000   730227.710
  0.000   730227.716
  0.000   730227.723
  0.000   730227.730
  0.000   730227.737
  0.000   730227.744
  0.000   730227.752
  0.000   730227.758
  0.000   730227.765
  0.000   730227.772
  0.000   730227.778
  0.000   730227.785
  0.000   730227.794
  0.000   730227.799
  0.000   730227.806
  0.000   730227.813
  0.000   730227.820
  0.000   730227.827
  0.000   730227.835
  0.000   730227.841
  0.000   730227.848
  0.000   730227.855
  0.000   730227.862
  0.000   730227.869
  0.011   730227.877
  0.000   730227.883
  0.000   730227.890
  0.003   730227.897
  0.000   730227.904
  0.000   730227.910
  0.036   730227.919
  0.410   730227.924
  0.000   730227.931
  0.000   730227.938
  0.000   730227.945
  0.000   730227.952
  0.000   730227.960
  0.000   730227.966
  0.730   730227.981
  0.000   730227.990
  0.000   730227.995
