  1.409   730227.002
  0.091   730227.007
  0.090   730227.014
  0.069   730227.021
  0.063   730227.028
  0.077   730227.043
  0.077   730227.049
  0.060   730227.056
  0.088   730227.063
  0.072   730227.070
  0.066   730227.077
  0.077   730227.085
  0.069   730227.091
  0.082   730227.098
  0.073   730227.105
  0.073   730227.111
  0.082   730227.119
  0.066   730227.126
  0.077   730227.132
  0.080   730227.139
  0.085   730227.146
  0.084   730227.153
  0.075   730227.160
  0.065   730227.168
  0.067   730227.174
  0.078   730227.181
  0.077   730227.188
  0.087   730227.195
  0.089   730227.202
  0.067   730227.210
  0.079   730227.216
  0.072   730227.223
  0.072   730227.230
  0.063   730227.237
  0.109   730227.243
  0.071   730227.251
  0.045   730227.257
  0.065   730227.264
  0.064   730227.271
  0.078   730227.278
  0.075   730227.285
  0.073   730227.293
  0.072   730227.299
  0.072   730227.306
  0.067   730227.313
  0.064   730227.320
  0.077   730227.327
  0.080   730227.335
  0.118   730227.341
  0.119   730227.348
  0.057   730227.355
  0.095   730227.362
  0.058   730227.368
  0.051   730227.376
  0.098   730227.382
  0.117   730227.389
  0.073   730227.396
  0.065   730227.403
  0.068   730227.410
  0.083   730227.418
  0.066   730227.424
  0.078   730227.431
  0.066   730227.438
  0.059   730227.445
  0.050   730227.452
  0.055   730227.460
  0.042   730227.466
  0.047   730227.473
  0.057   730227.480
  0.050   730227.487
  0.070   730227.493
  0.041   730227.501
  0.066   730227.507
  0.065   730227.514
  0.059   730227.521
  0.057   730227.528
  0.050   730227.535
  0.065   730227.543
  0.056   730227.549
  0.058   730227.556
  0.060   730227.563
  0.048   730227.570
  0.061   730227.577
  0.046   730227.585
  0.046   730227.591
  0.049   730227.598
  0.067   730227.605
  0.080   730227.612
  0.042   730227.618
  0.040   730227.627
  0.088   730227.632
  0.035   730227.639
  0.076   730227.646
  0.059   730227.653
  0.083   730227.660
  0.033   730227.668
  0.067   730227.674
  0.055   730227.681
  0.090   730227.688
  0.050   730227.695
  0.074   730227.702
  0.066   730227.710
  0.063   730227.716
  0.058   730227.723
  0.066   730227.730
  0.071   730227.737
  0.065   730227.744
  0.070   730227.752
  0.053   730227.757
  0.070   730227.764
  0.065   730227.771
  0.050   730227.778
  0.060   730227.785
  0.066   730227.793
  0.056   730227.799
  0.068   730227.806
  0.061   730227.813
  0.067   730227.820
  0.061   730227.827
  0.066   730227.835
  0.078   730227.841
  0.063   730227.848
  0.072   730227.855
  0.071   730227.862
  0.075   730227.869
  0.059   730227.877
  0.087   730227.882
  0.061   730227.889
  0.076   730227.896
  0.076   730227.903
  0.069   730227.910
  0.065   730227.918
  0.068   730227.924
  0.075   730227.931
  0.064   730227.938
  0.058   730227.945
  0.063   730227.952
  0.046   730227.960
  0.064   730227.966
  0.064   730227.981
  0.043   730227.989
  0.075   730227.994
