 18.240   730023.720
 18.490   730023.730
 15.920   730023.730
 17.560   730023.740
 15.120   730023.750
 15.360   730023.750
 16.710   730023.760
 15.350   730023.770
 15.060   730023.780
 16.910   730023.780
 14.900   730023.790
 13.550   730023.800
 13.380   730023.800
 13.090   730023.810
 12.630   730023.820
 11.450   730023.820
 12.040   730023.830
 12.800   730023.840
 11.410   730023.850
 11.640   730023.850
 12.010   730023.860
 10.480   730023.870
 11.800   730023.870
 11.450   730023.880
 11.140   730023.890
 19.950   730023.890
 17.790   730023.900
 10.000   730023.940
 10.890   730023.940
 10.440   730023.950
  9.170   730023.960
  9.450   730023.960
  9.910   730023.970
 10.390   730023.980
 11.070   730023.980
 12.030   730023.990
