  0.771   730126.001
  0.792   730126.008
  0.753   730126.015
  0.791   730126.022
  0.672   730126.050
  0.732   730126.056
  0.754   730126.063
  0.727   730126.077
  0.741   730126.084
  0.753   730126.091
  0.690   730126.098
  0.665   730126.105
  0.729   730126.112
  0.648   730126.119
  0.682   730126.126
  0.628   730126.133
  0.632   730126.140
  0.682   730126.147
  0.624   730126.153
  0.679   730126.160
  0.608   730126.167
  0.598   730126.174
  0.666   730126.181
  0.619   730126.188
  0.692   730126.195
  0.756   730126.202
  0.803   730126.209
  0.721   730126.216
  0.767   730126.223
  0.761   730126.230
  0.733   730126.237
  0.710   730126.244
  0.697   730126.251
  0.733   730126.258
  0.802   730126.265
  0.706   730126.272
  0.741   730126.278
  0.742   730126.285
  0.723   730126.292
  0.807   730126.299
  0.733   730126.306
  0.767   730126.313
  0.752   730126.320
  0.691   730126.327
  0.589   730126.334
  0.696   730126.341
  0.671   730126.348
  0.612   730126.355
  0.618   730126.362
  0.622   730126.369
  0.706   730126.376
  0.605   730126.383
  0.608   730126.390
  0.564   730126.397
  0.591   730126.403
  0.574   730126.410
  0.504   730126.417
  0.535   730126.424
    NaN   730126.431
  0.533   730126.438
  0.502   730126.445
  0.445   730126.453
  0.451   730126.459
  0.494   730126.466
  0.441   730126.473
  0.478   730126.480
  0.439   730126.487
  0.453   730126.494
  0.424   730126.501
  0.427   730126.508
  0.407   730126.515
  0.428   730126.522
  0.429   730126.528
  0.405   730126.535
  0.459   730126.542
  0.428   730126.549
  0.418   730126.556
  0.455   730126.563
  0.437   730126.570
  0.409   730126.577
  0.406   730126.584
  0.453   730126.591
  0.431   730126.598
  0.390   730126.605
  0.422   730126.612
  0.356   730126.619
  0.453   730126.626
  0.412   730126.633
  0.380   730126.640
  0.405   730126.647
  0.412   730126.653
  0.357   730126.660
  0.374   730126.667
  0.371   730126.674
  0.415   730126.681
  0.346   730126.688
  0.492   730126.695
  0.544   730126.702
  0.356   730126.709
  0.459   730126.716
  0.405   730126.723
  0.577   730126.841
  0.571   730126.848
  0.591   730126.855
  0.589   730126.862
  0.599   730126.869
  0.565   730126.876
  0.521   730126.883
  0.662   730126.890
  0.691   730126.897
  0.664   730126.903
  0.647   730126.910
  0.725   730126.917
  0.765   730126.924
    NaN   730126.931
  0.723   730126.938
  0.775   730126.945
  0.823   730126.952
  0.746   730126.959
  0.758   730126.966
  0.819   730126.973
  0.724   730126.981
  0.792   730126.987
  0.797   730126.994
