  0.100   730126.001
  0.184   730126.008
  0.227   730126.015
  0.153   730126.022
  0.147   730126.049
  0.117   730126.056
  0.107   730126.063
  0.068   730126.077
  0.095   730126.084
  0.137   730126.090
  0.118   730126.098
  0.061   730126.105
  0.057   730126.112
  0.048   730126.119
  0.056   730126.126
  0.074   730126.133
  0.088   730126.140
  0.093   730126.147
  0.121   730126.153
  0.117   730126.160
  0.176   730126.167
  0.138   730126.174
  0.130   730126.181
  0.212   730126.188
  0.170   730126.195
  0.108   730126.202
  0.137   730126.209
  0.110   730126.216
  0.077   730126.223
  0.076   730126.230
  0.082   730126.237
  0.090   730126.244
  0.055   730126.251
  0.062   730126.258
  0.071   730126.265
  0.093   730126.272
  0.082   730126.278
  0.079   730126.285
  0.073   730126.292
  0.071   730126.299
  0.085   730126.306
  0.066   730126.313
  0.065   730126.320
  0.079   730126.327
  0.068   730126.334
  0.051   730126.341
  0.036   730126.348
  0.029   730126.355
  0.027   730126.362
  0.025   730126.369
  0.019   730126.376
  0.034   730126.383
  0.048   730126.390
  0.078   730126.397
  0.070   730126.403
  0.050   730126.410
  0.047   730126.417
  0.038   730126.424
  0.040   730126.431
  0.036   730126.438
  0.040   730126.444
  0.043   730126.453
  0.024   730126.459
  0.046   730126.466
  0.018   730126.473
  0.022   730126.480
  0.012   730126.487
  0.017   730126.494
  0.014   730126.501
  0.020   730126.508
  0.015   730126.515
  0.018   730126.522
  0.022   730126.528
  0.024   730126.535
  0.019   730126.542
  0.020   730126.549
  0.016   730126.556
  0.019   730126.563
  0.012   730126.570
  0.014   730126.577
  0.020   730126.584
  0.019   730126.591
  0.018   730126.598
  0.016   730126.605
  0.015   730126.612
  0.012   730126.619
  0.013   730126.626
  0.025   730126.633
  0.013   730126.640
  0.013   730126.647
  0.012   730126.653
  0.026   730126.660
  0.012   730126.667
  0.014   730126.674
  0.012   730126.681
  0.017   730126.688
  0.012   730126.695
  0.016   730126.702
  0.012   730126.709
  0.010   730126.716
  0.012   730126.723
  0.029   730126.841
  0.010   730126.848
  0.015   730126.855
  0.014   730126.862
  0.013   730126.869
  0.013   730126.876
  0.017   730126.883
  0.013   730126.890
  0.015   730126.897
  0.015   730126.903
  0.014   730126.910
  0.017   730126.917
  0.015   730126.924
  0.015   730126.931
  0.011   730126.938
  0.014   730126.945
  0.015   730126.952
  0.012   730126.959
  0.015   730126.966
  0.016   730126.973
  0.021   730126.980
  0.017   730126.987
  0.016   730126.994
