  0.184   730126.015
  0.193   730126.021
  0.194   730126.049
  0.199   730126.056
  0.214   730126.063
  0.206   730126.077
  0.304   730126.098
  0.204   730126.119
  0.181   730126.125
  0.178   730126.133
  0.200   730126.139
  0.188   730126.146
    NaN   730126.153
  0.202   730126.160
  0.221   730126.167
  0.193   730126.174
  0.201   730126.181
  0.358   730126.188
  0.285   730126.194
  0.530   730126.202
  0.311   730126.209
  0.557   730126.216
  0.244   730126.223
  0.306   730126.230
  0.399   730126.237
  0.246   730126.244
  0.221   730126.250
  0.229   730126.258
  0.298   730126.264
  0.243   730126.272
  0.688   730126.278
  0.254   730126.285
  0.178   730126.292
  0.250   730126.299
  0.307   730126.306
  0.207   730126.313
  0.186   730126.319
  0.187   730126.326
  0.215   730126.333
  0.235   730126.341
  0.253   730126.348
  0.221   730126.354
  0.161   730126.361
  0.228   730126.369
  0.221   730126.376
  0.218   730126.383
  0.160   730126.390
  0.154   730126.397
  0.152   730126.403
  0.136   730126.410
  0.129   730126.417
  0.163   730126.424
  0.138   730126.431
  0.149   730126.438
  0.123   730126.444
  0.129   730126.452
  0.190   730126.459
  0.175   730126.465
  0.150   730126.472
  0.137   730126.480
  0.187   730126.487
  0.162   730126.494
  0.163   730126.501
  0.181   730126.508
  0.125   730126.514
  0.164   730126.521
  0.189   730126.528
  0.193   730126.535
  0.173   730126.542
  0.159   730126.549
  0.163   730126.556
  0.209   730126.563
  0.159   730126.569
  0.170   730126.576
  0.171   730126.583
  0.164   730126.590
  0.143   730126.598
  0.155   730126.605
  0.157   730126.611
  0.167   730126.618
  0.155   730126.625
  0.331   730126.633
  0.147   730126.639
  0.156   730126.647
  0.172   730126.653
  0.152   730126.660
  0.198   730126.667
  0.148   730126.674
  0.153   730126.681
  0.149   730126.688
  0.139   730126.694
  0.154   730126.702
  0.194   730126.708
  0.161   730126.715
  0.143   730126.722
  0.122   730126.840
  0.143   730126.848
  0.157   730126.854
  0.121   730126.861
  0.112   730126.869
  0.122   730126.876
  0.114   730126.883
  0.119   730126.890
  0.119   730126.896
  0.109   730126.903
  0.096   730126.910
  0.113   730126.917
  0.109   730126.924
  0.129   730126.931
  0.110   730126.938
  0.147   730126.945
  0.114   730126.951
  0.098   730126.958
  0.110   730126.965
  0.112   730126.973
  0.122   730126.980
  0.153   730126.986
  0.119   730126.994
