  0.698   730126.001
  0.707   730126.008
  0.723   730126.015
  0.728   730126.022
  0.757   730126.051
  0.696   730126.057
  0.771   730126.064
  0.694   730126.078
  0.694   730126.085
  0.749   730126.092
  0.786   730126.099
  0.642   730126.106
  0.694   730126.113
  0.661   730126.119
  1.084   730126.126
  1.050   730126.133
  0.927   730126.140
  0.576   730126.147
  0.478   730126.154
  0.646   730126.161
  0.953   730126.168
  1.266   730126.175
  1.726   730126.182
  1.223   730126.189
  0.544   730126.196
  0.528   730126.203
  0.459   730126.210
  0.536   730126.217
  0.593   730126.224
  0.825   730126.231
  2.048   730126.238
  2.627   730126.244
  1.636   730126.251
  1.448   730126.258
  1.065   730126.265
  0.929   730126.272
  0.738   730126.279
  0.549   730126.286
  0.457   730126.293
  0.414   730126.300
  0.490   730126.307
  0.514   730126.314
  0.524   730126.321
  0.588   730126.328
  0.386   730126.335
  0.388   730126.342
  0.336   730126.349
  1.783   730126.356
  0.330   730126.363
  0.331   730126.369
  0.363   730126.376
  0.391   730126.383
    NaN   730126.390
  0.352   730126.397
  0.330   730126.404
  0.318   730126.411
  0.329   730126.418
  0.362   730126.425
  0.315   730126.432
  0.335   730126.439
  0.345   730126.446
  0.332   730126.453
  0.337   730126.460
  0.305   730126.467
  0.286   730126.474
  0.297   730126.481
  0.313   730126.488
  0.333   730126.494
  0.283   730126.501
  0.315   730126.508
  0.302   730126.515
  0.308   730126.522
  0.329   730126.529
  0.281   730126.536
  0.340   730126.543
  0.365   730126.550
  0.318   730126.557
    NaN   730126.564
  0.339   730126.571
  0.389   730126.578
  0.344   730126.585
  0.373   730126.592
  0.361   730126.599
  0.439   730126.606
  0.446   730126.613
  0.473   730126.619
  0.454   730126.626
  0.518   730126.633
  0.535   730126.640
  0.512   730126.647
  0.570   730126.654
  0.547   730126.661
  0.477   730126.668
  0.582   730126.675
  0.683   730126.682
  0.505   730126.689
  0.502   730126.696
  0.461   730126.703
  0.488   730126.710
  0.473   730126.717
  0.540   730126.724
  1.190   730126.842
  0.385   730126.849
  0.440   730126.856
  0.365   730126.863
  0.392   730126.869
  0.416   730126.876
  0.346   730126.883
    NaN   730126.890
  0.433   730126.897
  0.417   730126.904
  0.367   730126.911
  0.374   730126.918
  0.433   730126.925
  0.353   730126.932
  0.344   730126.940
  0.339   730126.946
  0.378   730126.953
  0.384   730126.960
  0.292   730126.967
  0.330   730126.974
  0.301   730126.981
  0.352   730126.988
  0.327   730126.994
