 12.513   730364.007
 49.381   730364.007
 49.354   730364.014
 51.532   730364.021
 48.593   730364.028
 50.628   730364.035
 57.069   730364.041
 56.154   730364.048
 47.355   730364.055
 50.543   730364.062
 55.444   730364.069
 51.350   730364.076
 53.641   730364.083
 54.495   730364.090
 50.584   730364.097
 53.810   730364.104
 51.699   730364.111
 46.703   730364.118
 50.582   730364.125
 58.289   730364.132
 47.140   730364.139
 47.482   730364.146
 44.787   730364.153
 42.593   730364.160
 44.828   730364.166
 44.383   730364.173
 41.118   730364.180
 49.368   730364.187
 44.206   730364.194
 45.725   730364.201
 43.719   730364.208
 43.431   730364.215
 43.244   730364.222
 48.360   730364.229
 44.157   730364.236
 46.385   730364.243
 45.486   730364.250
 42.703   730364.257
 40.566   730364.264
 39.285   730364.271
 37.221   730364.278
 39.223   730364.285
 43.840   730364.291
 35.777   730364.298
 40.033   730364.305
 39.772   730364.312
 44.102   730364.319
 43.935   730364.326
 44.130   730364.333
 41.876   730364.340
 46.943   730364.347
 46.974   730364.354
 40.192   730364.361
 45.711   730364.368
 44.414   730364.375
 46.746   730364.382
 46.954   730364.389
 43.041   730364.396
 47.009   730364.403
 45.552   730364.410
 42.525   730364.416
 44.233   730364.423
 40.256   730364.430
 45.774   730364.437
 45.483   730364.444
 53.296   730364.451
 54.027   730364.458
 62.499   730364.465
 59.928   730364.472
 56.814   730364.479
 64.537   730364.486
 54.728   730364.493
 56.745   730364.500
 54.760   730364.507
 58.987   730364.514
 57.159   730364.521
 53.427   730364.528
 61.072   730364.535
 55.200   730364.541
 61.816   730364.548
 57.091   730364.555
 64.652   730364.562
 67.768   730364.569
 65.643   730364.576
 63.015   730364.583
 65.391   730364.590
 59.907   730364.597
 63.916   730364.604
 67.146   730364.611
 58.452   730364.618
 63.639   730364.625
 63.642   730364.632
 63.671   730364.639
 65.020   730364.646
 58.242   730364.653
 57.594   730364.660
 63.834   730364.666
 52.650   730364.673
 55.514   730364.680
 59.604   730364.687
 52.734   730364.694
 58.649   730364.701
 50.573   730364.708
 54.712   730364.715
 47.930   730364.722
 49.629   730364.729
 49.904   730364.736
 43.745   730364.743
 45.790   730364.750
 46.523   730364.757
 43.223   730364.764
 50.760   730364.771
    NaN   730364.778
 42.212   730364.785
 40.973   730364.792
 42.275   730364.799
 40.137   730364.806
 35.696   730364.813
 42.775   730364.820
 37.785   730364.827
 41.251   730364.833
 42.994   730364.840
 40.826   730364.847
 38.091   730364.854
 41.923   730364.861
 43.619   730364.868
 42.740   730364.875
 46.687   730364.882
 47.320   730364.889
 48.950   730364.896
 44.289   730364.903
 42.702   730364.910
 48.025   730364.917
 47.644   730364.924
 47.678   730364.931
 43.432   730364.938
 55.464   730364.945
 40.563   730364.952
 50.743   730364.959
 44.306   730364.965
 42.152   730364.972
 46.943   730364.979
 42.488   730364.987
 45.754   730364.993
