  0.040   730364.000
  0.012   730364.000
  0.046   730364.007
  0.046   730364.014
  0.048   730364.021
  0.044   730364.028
  0.047   730364.035
  0.046   730364.042
  0.044   730364.049
  0.044   730364.055
  0.044   730364.063
  0.046   730364.069
  0.055   730364.076
  0.047   730364.083
  0.052   730364.090
  0.039   730364.097
  0.049   730364.104
  0.044   730364.111
  1.951   730364.118
  0.049   730364.125
  0.052   730364.132
  0.049   730364.139
  0.056   730364.146
  0.053   730364.153
  0.052   730364.160
  0.047   730364.167
  0.052   730364.174
  0.049   730364.181
  0.049   730364.188
  0.049   730364.194
  0.051   730364.201
  0.045   730364.208
  0.051   730364.215
  0.046   730364.222
  0.041   730364.229
  0.053   730364.236
  0.046   730364.243
  0.052   730364.250
  0.045   730364.257
  0.048   730364.264
  0.047   730364.271
  0.046   730364.278
  0.055   730364.285
  0.052   730364.292
  0.054   730364.299
  0.047   730364.306
  0.044   730364.313
  0.205   730364.319
  0.047   730364.326
  0.049   730364.333
  0.048   730364.340
  0.051   730364.347
  0.048   730364.354
  0.049   730364.361
  0.050   730364.368
  0.051   730364.375
  0.050   730364.382
  0.046   730364.389
  0.052   730364.396
  0.043   730364.403
  0.042   730364.410
  0.047   730364.417
  0.046   730364.424
  0.040   730364.431
  0.041   730364.438
  0.041   730364.445
  0.045   730364.452
  0.040   730364.459
  0.036   730364.465
  0.043   730364.472
  0.036   730364.479
  0.043   730364.486
  0.039   730364.493
  0.039   730364.500
  0.040   730364.507
  0.035   730364.514
  0.043   730364.521
  0.038   730364.528
  0.039   730364.535
  0.038   730364.542
  0.036   730364.549
  0.042   730364.556
  0.041   730364.563
  0.040   730364.569
  0.038   730364.576
  0.043   730364.583
  0.040   730364.590
  0.042   730364.597
  0.038   730364.604
  0.040   730364.611
  1.660   730364.618
  0.044   730364.625
  0.040   730364.632
  0.040   730364.639
  0.036   730364.646
  0.037   730364.653
  0.038   730364.660
  0.042   730364.667
  0.040   730364.674
  0.039   730364.681
  0.039   730364.688
  0.038   730364.694
  0.042   730364.701
  0.038   730364.708
  0.039   730364.715
  0.042   730364.722
  0.035   730364.729
  0.039   730364.736
  0.038   730364.744
  0.033   730364.750
  0.034   730364.757
  0.034   730364.764
  0.040   730364.771
  0.036   730364.778
  0.038   730364.785
  0.038   730364.792
  0.039   730364.799
  0.044   730364.806
  0.036   730364.813
  0.035   730364.820
  0.036   730364.827
  0.038   730364.834
  0.036   730364.841
  0.035   730364.848
  0.035   730364.855
  0.036   730364.862
  0.036   730364.868
  0.033   730364.875
  0.035   730364.882
  0.035   730364.889
  0.034   730364.896
  0.035   730364.903
  0.035   730364.910
  0.033   730364.918
  0.033   730364.924
  0.041   730364.931
  0.032   730364.938
  0.032   730364.945
  0.032   730364.952
  0.034   730364.959
  0.035   730364.966
  0.035   730364.973
  0.033   730364.980
  0.038   730364.987
  0.034   730364.994
