  0.381   730364.002
  0.401   730364.002
  0.413   730364.009
  0.408   730364.016
  0.438   730364.022
  0.358   730364.029
  0.419   730364.036
  0.358   730364.044
  0.441   730364.051
  0.366   730364.056
  0.386   730364.064
  0.434   730364.071
  0.428   730364.078
  0.333   730364.085
  0.400   730364.092
  0.398   730364.099
  0.427   730364.106
  0.410   730364.113
  0.501   730364.120
  6.161   730364.127
  0.447   730364.134
  0.428   730364.141
  0.522   730364.148
  0.431   730364.154
  0.459   730364.161
  0.427   730364.168
  0.468   730364.175
  0.411   730364.182
  0.473   730364.189
  0.486   730364.196
  0.508   730364.203
  0.404   730364.210
  0.421   730364.217
  0.423   730364.224
  0.416   730364.231
  0.444   730364.238
  0.407   730364.245
  0.445   730364.252
  0.468   730364.259
  0.386   730364.266
  0.447   730364.273
  0.431   730364.279
  0.420   730364.286
  0.503   730364.293
  0.418   730364.300
  0.399   730364.307
  0.417   730364.314
  0.428   730364.321
  0.442   730364.328
  0.397   730364.335
  0.443   730364.342
  0.400   730364.349
  0.420   730364.356
  0.486   730364.363
  0.397   730364.370
  0.447   730364.377
  0.374   730364.384
  0.426   730364.391
  0.441   730364.398
  0.455   730364.405
  0.455   730364.412
  0.426   730364.418
  0.472   730364.425
  0.471   730364.432
  0.432   730364.439
  0.395   730364.446
  0.393   730364.453
  0.412   730364.461
  0.393   730364.467
  0.409   730364.474
  0.364   730364.481
  0.425   730364.488
  0.516   730364.495
  0.422   730364.502
  0.373   730364.509
  0.417   730364.516
  0.413   730364.523
  0.355   730364.529
  0.378   730364.536
  0.442   730364.543
  0.418   730364.550
  0.424   730364.557
  0.424   730364.564
  0.425   730364.571
  0.420   730364.578
  0.424   730364.585
  0.370   730364.592
  0.386   730364.599
  0.436   730364.606
  0.388   730364.613
  0.403   730364.620
  0.405   730364.627
  0.384   730364.634
  0.424   730364.641
  0.467   730364.647
  0.444   730364.654
  0.424   730364.661
  0.453   730364.668
  0.453   730364.675
  0.404   730364.682
  0.421   730364.689
  0.413   730364.696
  0.348   730364.703
  0.399   730364.710
  0.435   730364.717
  0.365   730364.724
  0.381   730364.731
  0.388   730364.738
  0.431   730364.745
  0.409   730364.752
  0.340   730364.759
  0.371   730364.766
  0.361   730364.773
  0.398   730364.780
  0.366   730364.787
  0.361   730364.794
  0.384   730364.801
  0.364   730364.808
  0.344   730364.815
  0.345   730364.822
  0.330   730364.828
  0.308   730364.835
  0.492   730364.842
  0.380   730364.849
  0.368   730364.856
  0.398   730364.864
  0.371   730364.870
  0.377   730364.877
  0.359   730364.884
  0.334   730364.891
  0.373   730364.898
  0.386   730364.905
  0.403   730364.912
  0.354   730364.920
  0.350   730364.926
  0.310   730364.933
  0.315   730364.940
  0.309   730364.947
  0.299   730364.954
  0.313   730364.961
  0.320   730364.968
  0.326   730364.975
  0.346   730364.982
  0.312   730364.989
  0.319   730364.995
