  0.835   730240.002
  1.244   730240.008
  1.415   730240.014
  1.341   730240.021
  1.163   730240.028
  1.450   730240.035
  1.391   730240.043
  1.389   730240.049
  1.359   730240.056
  1.304   730240.063
  1.392   730240.070
  1.281   730240.077
  1.373   730240.085
  1.159   730240.095
  1.416   730240.106
  1.584   730240.113
  1.367   730240.120
  1.394   730240.123
  1.501   730240.135
  1.484   730240.147
  1.479   730240.150
  1.314   730240.160
  1.448   730240.168
  1.479   730240.177
  1.651   730240.180
  1.537   730240.183
  1.359   730240.203
  1.545   730240.219
  1.545   730240.219
  1.409   730240.229
  1.450   730240.238
  1.442   730240.238
  1.634   730240.249
  1.654   730240.259
  1.728   730240.260
  1.658   730240.260
  1.708   730240.268
  1.706   730240.277
  1.678   730240.287
  1.605   730240.292
  1.616   730240.309
  1.577   730240.314
  1.512   730240.320
  1.400   730240.324
  1.870   730240.335
  1.891   730240.336
  1.796   730240.342
  1.636   730240.348
  1.553   730240.354
  1.186   730240.364
  1.038   730240.367
  1.049   730240.371
  1.053   730240.372
  1.206   730240.374
  1.137   730240.379
  1.230   730240.382
  1.146   730240.389
  1.220   730240.396
  1.153   730240.403
  1.202   730240.410
  1.221   730240.418
  1.333   730240.424
  1.420   730240.431
  1.463   730240.438
  1.819   730240.445
  1.163   730240.452
  1.190   730240.460
  1.382   730240.466
  1.484   730240.473
  1.452   730240.479
  1.555   730240.486
  1.252   730240.493
  1.197   730240.501
  1.387   730240.507
  1.571   730240.514
  1.042   730240.521
  1.225   730240.528
  1.556   730240.535
  1.471   730240.543
  1.926   730240.548
  2.747   730240.556
  2.847   730240.563
  2.325   730240.570
  1.886   730240.577
  2.199   730240.585
  1.833   730240.591
  2.315   730240.598
  1.791   730240.605
  2.547   730240.611
  1.861   730240.618
  1.810   730240.626
  1.973   730240.632
  1.810   730240.639
  2.309   730240.646
  1.902   730240.653
  2.213   730240.660
  1.925   730240.668
  2.284   730240.674
  2.971   730240.681
  1.775   730240.688
  6.887   730240.695
  1.808   730240.702
  2.309   730240.710
  1.896   730240.716
  1.891   730240.723
  2.225   730240.730
  1.421   730240.736
  1.665   730240.743
  1.462   730240.751
  1.463   730240.757
  1.652   730240.764
  1.365   730240.771
  1.569   730240.778
  1.372   730240.785
  2.107   730240.793
  1.609   730240.799
  1.381   730240.806
  1.584   730240.813
  1.557   730240.820
  1.741   730240.827
  1.854   730240.835
  1.889   730240.841
  1.409   730240.848
  1.832   730240.855
  2.032   730240.862
  2.276   730240.869
  2.187   730240.876
  5.762   730240.882
  2.090   730240.890
  1.904   730240.896
  1.648   730240.903
  1.425   730240.910
  1.298   730240.918
  1.387   730240.924
  1.208   730240.931
  1.043   730240.938
  1.080   730240.945
  1.067   730240.952
  1.049   730240.960
  0.923   730240.966
  0.955   730240.973
  0.968   730240.981
  0.859   730240.988
  0.954   730240.994
