  0.317   730240.006
  0.002   730240.006
  0.997   730240.006
  0.962   730240.013
  1.053   730240.020
  0.964   730240.027
  0.943   730240.034
  4.290   730240.041
  1.088   730240.048
  0.925   730240.055
  1.129   730240.062
  1.134   730240.069
  1.089   730240.076
  1.010   730240.083
  1.094   730240.091
  1.181   730240.101
  1.149   730240.107
  1.077   730240.113
  1.112   730240.121
  1.163   730240.127
  1.086   730240.136
  1.149   730240.141
  1.034   730240.150
  1.075   730240.156
  1.172   730240.160
  1.050   730240.169
  1.263   730240.174
  1.152   730240.185
  1.205   730240.190
  1.070   730240.196
  1.158   730240.204
  1.054   730240.216
  1.068   730240.216
  1.192   730240.225
  1.221   730240.230
  1.089   730240.238
  1.157   730240.243
  1.140   730240.253
  1.043   730240.260
  0.976   730240.268
  1.051   730240.273
  2.679   730240.284
  3.285   730240.287
  2.484   730240.293
  1.882   730240.303
  1.980   730240.309
  1.726   730240.315
  1.764   730240.321
  1.871   730240.331
  1.751   730240.336
  0.696   730240.342
  2.516   730240.351
  1.004   730240.360
  1.051   730240.361
  0.982   730240.368
  0.884   730240.375
  0.909   730240.381
  0.937   730240.388
  1.096   730240.395
  0.941   730240.402
  0.998   730240.409
  1.110   730240.416
  1.018   730240.423
  0.933   730240.430
  1.016   730240.437
  1.085   730240.444
  0.979   730240.451
  0.987   730240.458
  1.015   730240.465
  0.962   730240.472
  1.019   730240.479
  1.070   730240.485
  0.958   730240.492
  1.029   730240.499
  1.009   730240.506
  1.810   730240.513
  0.097   730240.520
  0.114   730240.527
  0.079   730240.534
  0.083   730240.541
  0.049   730240.548
  0.062   730240.555
  0.077   730240.562
  0.043   730240.569
  0.057   730240.576
  0.056   730240.583
  0.063   730240.590
  0.081   730240.597
  0.080   730240.604
  0.957   730240.610
  0.936   730240.617
  1.148   730240.624
  0.920   730240.631
  0.918   730240.638
  1.027   730240.645
  1.006   730240.652
  0.971   730240.659
  1.179   730240.666
  0.929   730240.673
  1.079   730240.680
  0.961   730240.687
  6.878   730240.694
  1.354   730240.701
  0.951   730240.708
  1.123   730240.715
  1.060   730240.722
  0.960   730240.729
  1.780   730240.735
  1.022   730240.742
  1.068   730240.749
  0.886   730240.756
  0.961   730240.763
  1.068   730240.770
  0.947   730240.777
  1.012   730240.784
  1.007   730240.791
  0.877   730240.798
  0.866   730240.805
  1.018   730240.812
  1.056   730240.819
  1.061   730240.826
  1.076   730240.833
  0.963   730240.840
  1.048   730240.847
  0.958   730240.854
  1.063   730240.860
  0.912   730240.867
  1.054   730240.875
  0.990   730240.881
  0.988   730240.888
  1.025   730240.895
  0.936   730240.902
  0.923   730240.909
  0.957   730240.916
  0.933   730240.923
  0.812   730240.930
  0.920   730240.937
  1.028   730240.944
  0.885   730240.951
  1.009   730240.958
  0.992   730240.965
  0.898   730240.972
  0.881   730240.979
  0.852   730240.986
  0.907   730240.992
  1.039   730241.000
