  0.376   730240.006
  0.006   730240.006
  1.405   730240.006
  1.194   730240.013
  1.368   730240.020
  1.034   730240.027
  1.468   730240.034
  1.342   730240.041
  1.485   730240.048
  1.518   730240.055
  1.430   730240.062
  1.328   730240.069
  1.245   730240.076
  1.203   730240.083
  1.362   730240.091
  1.373   730240.101
  1.645   730240.107
  1.571   730240.113
  1.464   730240.121
  1.442   730240.127
  1.307   730240.136
  1.483   730240.141
  1.498   730240.150
  1.348   730240.156
  1.464   730240.160
  1.468   730240.169
  1.657   730240.174
  2.567   730240.185
  1.777   730240.190
  1.709   730240.196
  2.053   730240.204
  1.749   730240.216
  1.792   730240.216
  1.621   730240.225
  1.635   730240.230
  1.881   730240.238
  1.621   730240.243
  1.735   730240.253
  1.731   730240.260
  1.327   730240.268
  1.574   730240.273
  1.338   730240.284
  1.275   730240.287
  1.381   730240.293
  1.239   730240.303
  1.470   730240.309
  1.292   730240.315
  1.429   730240.321
  1.143   730240.331
  1.170   730240.336
  1.343   730240.342
  1.746   730240.351
  1.213   730240.360
  1.429   730240.361
  1.280   730240.368
  1.200   730240.375
  0.975   730240.381
  1.009   730240.388
  3.130   730240.395
  0.845   730240.402
  0.896   730240.409
  0.939   730240.416
  0.946   730240.423
  1.151   730240.430
  1.328   730240.437
  1.479   730240.444
  1.025   730240.451
  1.008   730240.458
  1.101   730240.465
  1.562   730240.472
  1.631   730240.479
  1.636   730240.485
  1.560   730240.492
  1.533   730240.499
  1.272   730240.506
  1.166   730240.513
  1.129   730240.520
  1.316   730240.527
  1.248   730240.534
  1.074   730240.541
  1.342   730240.548
  0.960   730240.555
  0.961   730240.562
  1.223   730240.569
  0.863   730240.576
  0.971   730240.583
  0.946   730240.590
  0.912   730240.597
  0.969   730240.604
  0.859   730240.610
  0.966   730240.617
  0.848   730240.624
  0.888   730240.631
  0.911   730240.638
  0.942   730240.645
  0.843   730240.652
  0.793   730240.659
  2.595   730240.666
  0.978   730240.673
  0.846   730240.680
  0.796   730240.687
  3.856   730240.694
  0.860   730240.701
  0.726   730240.708
  0.793   730240.715
  0.823   730240.722
  0.742   730240.729
  0.843   730240.735
  0.736   730240.742
  0.753   730240.749
  0.703   730240.756
  0.874   730240.763
  0.833   730240.770
  0.918   730240.777
  0.789   730240.784
  0.743   730240.791
  0.766   730240.798
  0.751   730240.805
  0.837   730240.812
  0.776   730240.819
  0.808   730240.826
  0.642   730240.833
  0.725   730240.840
  0.643   730240.847
  0.637   730240.854
  0.663   730240.860
  0.650   730240.867
  0.609   730240.875
  0.602   730240.881
  0.617   730240.888
  3.474   730240.895
  0.541   730240.902
  0.686   730240.909
  0.697   730240.916
  0.650   730240.923
  0.672   730240.930
  0.603   730240.937
  0.637   730240.944
  0.593   730240.951
  0.589   730240.958
  0.503   730240.965
  0.690   730240.972
  0.622   730240.979
  0.616   730240.986
  0.617   730240.992
  0.636   730241.000
