  0.731   730240.001
  1.737   730240.007
  1.497   730240.014
  1.745   730240.021
  1.721   730240.027
  1.690   730240.034
  1.549   730240.042
  1.804   730240.048
  1.800   730240.055
  1.572   730240.062
  1.776   730240.069
  1.683   730240.076
  1.820   730240.083
  1.704   730240.094
  1.802   730240.102
  1.756   730240.107
  1.695   730240.119
  1.869   730240.122
  1.880   730240.130
  1.822   730240.140
  1.979   730240.144
  1.661   730240.153
  1.801   730240.159
  1.976   730240.166
  1.860   730240.177
  1.947   730240.179
  1.984   730240.186
  1.676   730240.203
  1.681   730240.203
  1.953   730240.210
  2.077   730240.225
  2.076   730240.225
  1.970   730240.229
  1.793   730240.238
  2.158   730240.249
  2.128   730240.249
  2.126   730240.259
  2.451   730240.265
  2.826   730240.273
  2.558   730240.277
  2.569   730240.292
  2.898   730240.297
  2.952   730240.303
  2.650   730240.309
  3.275   730240.317
  2.987   730240.324
  2.988   730240.328
  3.153   730240.335
  3.408   730240.342
  3.242   730240.351
  2.969   730240.360
  3.146   730240.363
  3.375   730240.365
  3.318   730240.371
  3.247   730240.376
  3.707   730240.382
  3.725   730240.389
  3.906   730240.396
  3.564   730240.402
  3.024   730240.409
  3.756   730240.417
  3.058   730240.423
  3.404   730240.430
  3.247   730240.437
  3.698   730240.444
  3.455   730240.451
  3.072   730240.458
  3.256   730240.465
  3.518   730240.472
  2.705   730240.479
  3.276   730240.486
  3.360   730240.493
  8.207   730240.500
  2.990   730240.507
  3.158   730240.514
  2.977   730240.521
  3.147   730240.527
  3.019   730240.534
  2.954   730240.542
  2.221   730240.548
  3.125   730240.555
  3.223   730240.562
  2.914   730240.569
  3.087   730240.576
  2.894   730240.583
  3.034   730240.590
  3.159   730240.597
  2.804   730240.604
  3.035   730240.611
  2.646   730240.618
  3.054   730240.625
  2.753   730240.632
  2.848   730240.639
  2.614   730240.646
  2.713   730240.652
  2.726   730240.659
  2.550   730240.667
  2.352   730240.673
  2.420   730240.680
  2.778   730240.687
 12.720   730240.694
  2.474   730240.701
  2.460   730240.708
  2.610   730240.715
  2.487   730240.722
  2.558   730240.729
  2.184   730240.736
  2.551   730240.743
  2.478   730240.750
  2.506   730240.757
  2.621   730240.764
  2.353   730240.771
  2.257   730240.777
  2.310   730240.784
  2.273   730240.792
  2.521   730240.798
  2.490   730240.805
  2.140   730240.812
  2.461   730240.819
  2.183   730240.826
  2.383   730240.833
  2.528   730240.840
  2.063   730240.847
  2.210   730240.854
  2.581   730240.861
  2.584   730240.868
  2.508   730240.875
  2.446   730240.882
  2.210   730240.889
  2.448   730240.896
  2.630   730240.902
  2.365   730240.909
  2.258   730240.917
  2.465   730240.923
  2.098   730240.930
  2.307   730240.937
  2.198   730240.944
  2.236   730240.951
  2.350   730240.958
  2.379   730240.965
  2.378   730240.972
  2.059   730240.979
  2.073   730240.986
  2.009   730240.993
