  0.167   730187.000
  0.149   730187.007
    NaN   730187.014
  0.150   730187.021
  0.178   730187.028
  0.172   730187.035
  0.176   730187.042
  0.184   730187.062
  0.178   730187.069
  0.165   730187.077
  0.169   730187.083
  0.164   730187.090
  0.157   730187.097
  0.188   730187.104
  0.188   730187.119
  0.172   730187.132
  0.181   730187.139
  0.174   730187.153
  0.178   730187.160
  0.160   730187.167
  0.168   730187.174
  0.173   730187.181
  0.166   730187.188
  0.194   730187.194
  0.191   730187.202
  0.174   730187.215
  0.230   730187.236
  0.152   730187.244
  0.206   730187.250
  0.164   730187.257
  0.169   730187.264
  0.162   730187.271
  0.173   730187.278
  0.183   730187.292
  0.158   730187.299
  0.169   730187.306
  0.168   730187.312
  0.168   730187.319
  0.156   730187.334
  0.153   730187.340
  0.159   730187.347
  0.167   730187.354
  0.170   730187.369
  0.165   730187.375
  0.174   730187.389
  0.166   730187.396
  0.180   730187.403
  0.183   730187.410
  0.153   730187.417
  0.173   730187.424
  0.172   730187.431
  0.184   730187.438
  0.414   730187.453
  0.473   730187.458
  0.194   730187.465
  0.161   730187.472
  0.181   730187.479
  0.181   730187.494
  0.155   730187.500
  0.171   730187.507
  0.181   730187.514
  0.161   730187.535
  0.526   730187.542
  0.181   730187.549
  0.184   730187.562
  0.189   730187.577
  0.178   730187.583
  0.179   730187.590
  0.176   730187.597
  0.163   730187.604
  0.151   730187.611
  0.172   730187.625
  0.164   730187.632
  0.162   730187.639
  0.182   730187.646
  0.165   730187.674
  0.183   730187.688
  0.171   730187.694
  0.167   730187.702
  0.179   730187.708
  0.163   730187.715
  0.242   730187.722
  0.175   730187.729
  0.177   730187.736
  0.174   730187.744
  0.161   730187.750
  0.163   730187.757
  0.192   730187.764
  0.505   730187.772
  0.204   730187.778
  0.159   730187.785
  0.180   730187.792
  0.158   730187.799
  0.169   730187.806
  0.177   730187.812
  0.168   730187.819
  2.969   730187.827
  0.172   730187.833
  0.180   730187.840
  0.153   730187.847
  0.185   730187.854
  0.170   730187.861
  0.172   730187.869
  0.182   730187.875
  0.175   730187.882
  0.185   730187.889
  0.197   730187.903
  0.161   730187.910
  0.196   730187.917
  0.213   730187.924
  0.179   730187.944
  0.186   730187.958
  0.186   730187.965
  0.176   730187.972
  0.181   730187.979
  0.182   730187.986
  0.200   730187.994
