  0.596   730187.001
  0.631   730187.008
  0.611   730187.015
  0.586   730187.022
  0.612   730187.028
  0.634   730187.036
  0.665   730187.042
  0.562   730187.049
  0.698   730187.056
  0.632   730187.063
  0.713   730187.070
  0.705   730187.078
  0.643   730187.084
  0.725   730187.091
  0.636   730187.098
  0.634   730187.105
  0.655   730187.111
  0.608   730187.119
  0.673   730187.125
  0.641   730187.133
  0.626   730187.140
  0.703   730187.147
  0.607   730187.153
  0.629   730187.161
  0.663   730187.167
  0.704   730187.174
  0.710   730187.181
  0.588   730187.188
  0.628   730187.195
  0.591   730187.203
  0.699   730187.208
  0.644   730187.216
  0.678   730187.222
  0.645   730187.229
  1.015   730187.237
  0.635   730187.244
  1.133   730187.251
  0.687   730187.258
  0.621   730187.265
  0.658   730187.272
  0.588   730187.278
  0.653   730187.285
  0.622   730187.292
  0.606   730187.299
  0.571   730187.306
  0.580   730187.313
  0.613   730187.320
  0.651   730187.328
  0.684   730187.334
  0.625   730187.341
  0.633   730187.348
  0.716   730187.355
  0.573   730187.361
  0.657   730187.369
  0.544   730187.376
  0.621   730187.382
  0.577   730187.390
  0.689   730187.397
  0.617   730187.403
  0.564   730187.411
  0.663   730187.417
  0.627   730187.424
  0.625   730187.431
  0.657   730187.438
  0.609   730187.444
  1.192   730187.453
  1.255   730187.459
  0.545   730187.466
  0.706   730187.473
  0.673   730187.480
  0.633   730187.486
  0.606   730187.494
  0.715   730187.501
  0.629   730187.508
  0.579   730187.515
  4.016   730187.521
  0.604   730187.528
  0.755   730187.536
  2.914   730187.542
  0.663   730187.549
  0.617   730187.556
  0.708   730187.563
  0.719   730187.569
  0.642   730187.578
  0.804   730187.584
  0.685   730187.591
  0.681   730187.598
  0.692   730187.605
  0.651   730187.612
  0.715   730187.619
  0.640   730187.626
  0.691   730187.633
  0.715   730187.640
  0.641   730187.647
  0.593   730187.653
  0.664   730187.660
  0.720   730187.667
  0.649   730187.674
  0.624   730187.681
  0.731   730187.688
  0.598   730187.695
  0.639   730187.703
  0.640   730187.709
  0.656   730187.716
  0.555   730187.723
  0.678   730187.730
  0.550   730187.737
  0.604   730187.744
  0.553   730187.751
  0.595   730187.758
  0.604   730187.765
  0.654   730187.772
  0.593   730187.778
  0.621   730187.786
  0.598   730187.792
  0.634   730187.799
  0.623   730187.806
  0.597   730187.813
  0.666   730187.820
  0.650   730187.828
  0.632   730187.834
  0.567   730187.841
  0.561   730187.848
  0.594   730187.855
  0.625   730187.862
  0.554   730187.869
  0.598   730187.876
  0.529   730187.883
  0.557   730187.890
  0.528   730187.897
  0.600   730187.903
  0.491   730187.911
  0.557   730187.917
  0.640   730187.924
  0.592   730187.931
  0.596   730187.938
  0.770   730187.945
  0.647   730187.952
  0.763   730187.959
  0.804   730187.966
  0.725   730187.973
  0.802   730187.980
    NaN   730187.987
  0.884   730187.994
