  0.236   730187.001
  0.208   730187.008
  0.237   730187.015
  0.191   730187.022
  0.225   730187.028
  0.228   730187.037
  0.218   730187.042
  0.222   730187.049
  0.213   730187.056
  0.207   730187.063
  0.219   730187.070
  0.222   730187.078
  0.237   730187.084
  0.179   730187.091
  0.231   730187.098
  0.213   730187.105
  0.215   730187.112
  0.216   730187.120
  0.212   730187.126
  0.176   730187.133
  0.229   730187.140
  0.207   730187.147
  0.210   730187.153
  0.219   730187.162
  0.237   730187.168
  0.255   730187.174
  0.241   730187.181
  0.245   730187.188
  0.253   730187.195
  0.224   730187.203
  0.250   730187.209
  0.241   730187.216
  0.260   730187.223
  0.223   730187.230
  0.403   730187.237
  0.234   730187.244
  0.401   730187.251
  0.242   730187.258
  0.249   730187.265
  0.235   730187.272
  0.252   730187.278
  0.230   730187.286
  0.236   730187.292
  0.226   730187.299
  0.233   730187.306
  0.256   730187.313
  0.263   730187.320
  0.259   730187.328
  0.295   730187.335
  0.249   730187.341
  0.246   730187.348
  0.265   730187.355
  0.254   730187.362
  0.267   730187.370
  0.259   730187.376
  0.234   730187.383
  0.256   730187.390
  0.260   730187.397
  0.279   730187.403
  0.285   730187.411
  0.274   730187.417
  0.314   730187.424
  0.256   730187.431
  0.262   730187.438
  0.279   730187.445
  0.323   730187.454
  0.329   730187.459
    NaN   730187.466
  0.281   730187.473
  0.269   730187.480
  0.295   730187.487
  0.307   730187.494
  0.300   730187.501
  0.331   730187.508
  0.561   730187.515
  1.151   730187.522
  0.318   730187.528
  0.314   730187.537
  0.336   730187.542
  0.347   730187.549
  0.339   730187.556
  0.356   730187.563
  0.331   730187.570
  0.351   730187.578
  0.391   730187.584
  0.392   730187.591
  0.362   730187.598
  0.371   730187.605
  0.367   730187.612
  0.386   730187.619
  0.354   730187.626
  0.408   730187.633
  0.366   730187.640
  0.338   730187.647
  0.330   730187.653
  0.377   730187.661
  0.389   730187.667
  0.376   730187.674
  0.395   730187.681
  0.382   730187.688
  0.365   730187.695
  0.393   730187.703
  0.369   730187.709
  0.385   730187.716
  0.417   730187.723
  0.425   730187.730
  0.311   730187.737
  0.373   730187.745
  0.420   730187.751
  0.416   730187.758
  0.371   730187.765
  0.358   730187.772
  0.364   730187.778
  0.371   730187.787
  0.398   730187.792
  0.370   730187.799
  0.356   730187.806
  0.363   730187.813
  0.399   730187.820
  0.455   730187.828
  0.414   730187.834
  0.394   730187.841
  0.394   730187.848
  0.411   730187.855
  0.408   730187.862
  0.335   730187.870
  0.400   730187.876
  0.411   730187.883
  0.396   730187.890
  0.422   730187.897
  0.342   730187.903
  0.365   730187.912
  0.393   730187.917
  0.350   730187.924
  0.407   730187.931
  0.392   730187.938
  0.438   730187.945
  0.378   730187.953
  0.376   730187.959
    NaN   730187.966
  0.401   730187.973
  0.400   730187.980
  0.382   730187.987
  0.435   730187.995
