  0.350   729745.000
  0.360   729745.000
  0.330   729745.010
  0.360   729745.020
  0.370   729745.030
  0.390   729745.040
  0.370   729745.050
  0.520   729745.050
  0.400   729745.060
  0.360   729745.070
  0.360   729745.070
    NaN   729745.080
    NaN   729745.090
  0.360   729745.100
  0.320   729745.100
  0.360   729745.110
  0.880   729745.120
  0.390   729745.140
  0.380   729745.140
  0.380   729745.150
  0.390   729745.160
  0.420   729745.160
  0.450   729745.170
  0.440   729745.180
  0.410   729745.190
  0.410   729745.190
  0.440   729745.200
  0.870   729745.210
  0.430   729745.210
  0.460   729745.230
  0.480   729745.240
  1.440   729745.250
  3.070   729745.250
  0.490   729745.260
  0.500   729745.270
  0.510   729745.280
  0.510   729745.280
  0.620   729745.290
  0.560   729745.300
  0.580   729745.300
  0.530   729745.310
  0.590   729745.320
  0.570   729745.320
  0.550   729745.330
  0.540   729745.340
  0.680   729745.350
  0.570   729745.360
  0.630   729745.370
  0.590   729745.370
  0.610   729745.380
  0.580   729745.390
  0.640   729745.390
  0.600   729745.400
  0.620   729745.410
  0.580   729745.410
  0.570   729745.420
  0.600   729745.430
  0.620   729745.440
  0.630   729745.440
  0.570   729745.460
  0.540   729745.460
  0.630   729745.470
  0.650   729745.480
  0.610   729745.480
  0.650   729745.490
  0.700   729745.500
  0.590   729745.500
  0.660   729745.510
  0.630   729745.520
  0.680   729745.530
  0.600   729745.540
  0.630   729745.550
  0.580   729745.550
  0.610   729745.560
  0.590   729745.570
  0.600   729745.570
    NaN   729745.580
    NaN   729745.590
  0.620   729745.600
  0.840   729745.600
  0.620   729745.610
  0.620   729745.620
  0.600   729745.620
  0.570   729745.630
  0.530   729745.640
  0.600   729745.640
  0.630   729745.650
  0.570   729745.670
  0.640   729745.680
  0.600   729745.690
  0.610   729745.690
  0.570   729745.700
  0.580   729745.710
  0.620   729745.710
  0.550   729745.720
  0.600   729745.730
  0.630   729745.730
  0.650   729745.740
  0.550   729745.750
  0.580   729745.750
  0.620   729745.760
  0.640   729745.770
  0.590   729745.780
  0.630   729745.790
  0.610   729745.800
  0.540   729745.800
  0.560   729745.810
  0.550   729745.820
  0.630   729745.820
  0.610   729745.830
  0.560   729745.840
  0.560   729745.850
  0.600   729745.850
  0.580   729745.860
  0.580   729745.870
  0.620   729745.870
  0.600   729745.880
  1.110   729745.890
  0.590   729745.890
  0.620   729745.900
  0.620   729745.910
  0.590   729745.910
  0.540   729745.920
  0.550   729745.930
  0.580   729745.940
  0.590   729745.940
  0.590   729745.950
  0.520   729745.960
  0.580   729745.960
  0.630   729745.970
  0.900   729745.980
  0.590   729745.990
