 12.290   729967.000
  4.640   729967.010
  4.400   729967.010
  5.030   729967.020
  4.300   729967.030
  5.080   729967.030
  4.510   729967.040
  4.500   729967.050
  4.770   729967.050
  4.210   729967.060
  4.010   729967.070
  4.080   729967.080
  4.050   729967.080
  4.210   729967.090
  4.050   729967.100
  4.270   729967.100
  4.400   729967.110
  4.100   729967.120
  3.970   729967.120
  4.310   729967.130
  4.210   729967.140
  3.850   729967.150
  3.830   729967.150
  3.640   729967.160
  3.540   729967.170
  2.140   729967.250
  2.290   729967.260
  2.240   729967.260
  2.220   729967.270
  2.210   729967.280
  2.200   729967.280
  1.890   729967.290
  1.740   729967.300
  1.690   729967.310
  1.630   729967.310
  1.390   729967.320
  1.380   729967.330
  1.420   729967.330
  1.490   729967.340
  1.540   729967.350
  1.560   729967.350
  1.940   729967.360
  1.780   729967.370
  2.040   729967.370
  1.860   729967.380
  2.340   729967.390
  2.610   729967.400
  2.300   729967.400
  2.240   729967.410
  2.270   729967.420
  2.220   729967.420
  2.570   729967.430
  2.570   729967.440
  2.590   729967.440
  2.540   729967.450
  2.480   729967.460
  2.760   729967.460
  2.780   729967.470
  2.570   729967.480
  2.830   729967.490
  2.890   729967.490
  8.340   729967.610
  8.340   729967.610
  8.340   729967.610
  8.340   729967.610
  8.340   729967.610
  8.340   729967.610
    NaN   729967.610
 10.800   729967.660
  9.830   729967.670
  9.890   729967.680
 11.500   729967.690
 10.040   729967.690
 11.260   729967.700
 27.970   729967.710
 18.150   729967.710
 14.180   729967.720
 12.780   729967.730
 10.710   729967.740
 10.600   729967.740
 11.480   729967.750
 10.280   729967.760
  9.880   729967.760
  9.550   729967.770
  8.960   729967.780
  8.880   729967.780
  8.830   729967.790
  8.830   729967.800
  9.100   729967.810
  9.000   729967.810
  9.040   729967.820
 13.490   729967.830
 12.060   729967.830
  8.920   729967.840
  8.860   729967.850
  8.910   729967.850
  8.700   729967.860
  7.830   729967.870
  7.720   729967.870
  7.460   729967.880
  7.630   729967.890
    NaN   729967.890
  6.630   729967.920
  7.000   729967.920
  6.830   729967.930
 11.230   729967.940
  6.660   729967.940
  6.770   729967.950
  6.060   729967.960
  5.940   729967.970
  6.380   729967.970
  5.590   729967.980
  5.390   729967.990
