  1.740   729967.000
  1.800   729967.000
  1.730   729967.010
  1.730   729967.020
  1.720   729967.020
  1.620   729967.030
  1.980   729967.040
  1.730   729967.050
  1.800   729967.050
  1.590   729967.060
  1.820   729967.070
  1.860   729967.070
  1.690   729967.080
  1.860   729967.090
  1.940   729967.090
  1.660   729967.100
  1.760   729967.110
  1.840   729967.110
  1.740   729967.120
  1.770   729967.130
  1.910   729967.130
  1.710   729967.140
  1.890   729967.150
  1.750   729967.160
  1.640   729967.160
  1.750   729967.170
  1.800   729967.250
  1.740   729967.250
  1.650   729967.260
  1.830   729967.270
  1.850   729967.270
  1.890   729967.280
  1.830   729967.290
  1.870   729967.300
  1.840   729967.300
  1.650   729967.310
  1.660   729967.320
    NaN   729967.320
  1.710   729967.330
  1.660   729967.340
  1.760   729967.340
  1.560   729967.350
  1.860   729967.360
  1.930   729967.360
  1.620   729967.370
  1.620   729967.380
  1.690   729967.390
  1.710   729967.390
  1.740   729967.400
  1.470   729967.410
  1.620   729967.420
  1.630   729967.430
  1.560   729967.430
  2.310   729967.440
  1.890   729967.450
  1.570   729967.450
  1.520   729967.460
  1.660   729967.470
  1.410   729967.480
  1.450   729967.480
  1.420   729967.490
  1.460   729967.500
  1.430   729967.610
  1.850   729967.610
  1.850   729967.610
  1.850   729967.610
  1.850   729967.610
  1.850   729967.610
  1.850   729967.610
  1.610   729967.680
  1.370   729967.680
  1.450   729967.690
  1.370   729967.700
  1.370   729967.700
  1.510   729967.710
  1.350   729967.720
  1.350   729967.720
  1.190   729967.730
  1.330   729967.740
  1.340   729967.750
  1.280   729967.750
  1.260   729967.760
  1.290   729967.770
  1.390   729967.790
  1.580   729967.800
  1.260   729967.800
  1.280   729967.810
  1.110   729967.820
    NaN   729967.820
  1.380   729967.830
  1.440   729967.840
  1.420   729967.840
  1.360   729967.850
  1.500   729967.860
  1.420   729967.860
  1.230   729967.870
  1.220   729967.880
  1.080   729967.890
  1.240   729967.890
  1.430   729967.910
  1.560   729967.920
  1.660   729967.930
  4.440   729967.930
  2.850   729967.940
  1.120   729967.950
 67.570   729967.950
    NaN   729967.960
  1.250   729967.970
  1.270   729967.970
  1.210   729967.980
