  0.390   730395.006
  1.236   730395.006
  1.229   730395.013
  0.987   730395.020
  0.215   730395.020
  1.288   730395.027
  0.926   730395.034
  1.131   730395.041
  0.522   730395.048
  0.961   730395.055
  0.905   730395.062
  1.107   730395.069
  1.231   730395.076
  0.722   730395.083
  0.804   730395.090
  1.200   730395.097
  1.248   730395.104
  1.114   730395.111
  1.392   730395.117
  1.421   730395.124
  1.117   730395.131
  0.938   730395.138
  1.344   730395.145
  1.699   730395.152
  2.262   730395.159
  1.590   730395.166
  1.991   730395.173
  2.024   730395.180
  1.971   730395.187
  1.733   730395.194
  1.506   730395.201
  1.835   730395.208
  1.821   730395.215
  2.172   730395.222
  2.013   730395.229
  1.784   730395.235
  1.909   730395.242
  1.872   730395.249
  1.981   730395.256
  1.948   730395.263
  1.898   730395.270
  1.727   730395.277
  1.799   730395.284
  1.727   730395.291
  1.582   730395.298
  1.675   730395.305
  1.727   730395.312
  1.635   730395.319
  1.872   730395.326
  1.864   730395.333
  1.755   730395.340
  1.895   730395.347
  1.881   730395.354
  1.669   730395.360
  1.802   730395.367
  1.675   730395.374
  1.697   730395.381
  1.840   730395.388
  1.919   730395.395
  1.877   730395.402
  1.737   730395.409
  1.634   730395.416
  1.378   730395.423
  1.403   730395.430
  1.414   730395.437
  1.630   730395.444
  1.569   730395.451
  1.575   730395.458
  2.045   730395.465
  1.505   730395.472
  1.419   730395.479
  1.357   730395.485
  1.169   730395.492
  0.975   730395.499
  1.051   730395.506
  1.106   730395.513
  1.015   730395.520
  0.929   730395.527
  0.981   730395.534
  0.966   730395.541
  0.983   730395.548
  0.957   730395.555
  0.916   730395.562
  0.984   730395.569
  0.890   730395.576
  1.014   730395.583
  0.862   730395.590
  0.981   730395.597
  0.973   730395.604
  1.029   730395.610
  0.917   730395.617
  0.937   730395.624
  0.892   730395.631
  0.964   730395.638
  0.869   730395.645
  0.927   730395.652
  0.981   730395.659
  0.968   730395.666
  1.888   730395.673
  1.677   730395.680
  1.216   730395.687
  1.529   730395.694
  1.531   730395.701
  1.345   730395.708
  0.922   730395.715
  0.976   730395.722
  1.236   730395.729
  1.290   730395.735
  0.825   730395.742
  1.066   730395.749
  2.038   730395.756
  2.109   730395.763
  1.130   730395.770
  0.834   730395.777
  0.897   730395.784
  0.846   730395.791
  0.800   730395.798
  0.927   730395.805
  1.248   730395.812
  1.499   730395.819
  2.751   730395.826
  2.625   730395.833
  1.775   730395.840
  1.700   730395.847
  1.699   730395.854
  1.898   730395.860
  1.612   730395.867
  2.502   730395.874
  2.592   730395.881
  2.800   730395.888
  2.550   730395.895
  2.789   730395.902
  2.397   730395.909
  2.268   730395.916
  2.765   730395.923
  3.121   730395.930
  2.655   730395.937
  2.777   730395.944
  2.154   730395.951
  2.530   730395.958
  2.275   730395.965
  2.343   730395.972
  2.503   730395.979
  2.549   730395.985
  1.835   730395.992
  1.585   730395.999
