  0.222   730395.001
  0.087   730395.001
  0.247   730395.008
  0.219   730395.014
  0.192   730395.021
  0.137   730395.021
  0.243   730395.029
  0.222   730395.035
  0.248   730395.042
  0.258   730395.049
  0.224   730395.056
  0.234   730395.063
  0.243   730395.070
  0.228   730395.077
  0.200   730395.084
  0.231   730395.091
  0.206   730395.098
  0.205   730395.105
  0.238   730395.112
  0.206   730395.118
  0.188   730395.125
  0.255   730395.132
  0.215   730395.139
  0.274   730395.146
  0.209   730395.154
  0.170   730395.160
  0.216   730395.167
  0.260   730395.174
  0.221   730395.181
  0.246   730395.188
  0.231   730395.195
  0.205   730395.202
  0.180   730395.209
  0.188   730395.216
  0.212   730395.223
  0.300   730395.230
  0.195   730395.237
  0.221   730395.243
  0.229   730395.250
  0.181   730395.257
  0.177   730395.264
  0.185   730395.271
  0.203   730395.279
  0.176   730395.285
  0.202   730395.292
  0.199   730395.299
  0.189   730395.306
  0.194   730395.313
  0.229   730395.321
  0.226   730395.327
  0.458   730395.334
  0.277   730395.341
  0.183   730395.348
  0.371   730395.355
  0.365   730395.362
  0.334   730395.368
  0.165   730395.375
  0.167   730395.382
  0.203   730395.389
  0.367   730395.396
  0.468   730395.404
  0.477   730395.410
  1.244   730395.417
  4.220   730395.424
  0.168   730395.431
  0.231   730395.438
  0.171   730395.445
  0.171   730395.452
  0.214   730395.459
  0.356   730395.466
  0.168   730395.473
  0.308   730395.480
  0.278   730395.487
  0.180   730395.493
  0.159   730395.500
  0.320   730395.507
  0.454   730395.514
  0.275   730395.521
  0.177   730395.529
  0.154   730395.535
  0.160   730395.542
  0.173   730395.549
  0.332   730395.556
  0.271   730395.563
  0.149   730395.570
  0.144   730395.577
  0.154   730395.584
  0.150   730395.591
  0.184   730395.598
  0.147   730395.605
  0.161   730395.612
  0.221   730395.618
  0.532   730395.625
  0.288   730395.632
  0.182   730395.639
  0.170   730395.646
  0.144   730395.654
  0.148   730395.660
  0.225   730395.667
  0.181   730395.674
  0.163   730395.681
  0.148   730395.688
  0.227   730395.695
  0.221   730395.702
  0.168   730395.709
  0.201   730395.716
  0.148   730395.723
  0.272   730395.730
  0.186   730395.737
  0.154   730395.743
  0.148   730395.750
  0.141   730395.757
  0.146   730395.764
  0.144   730395.771
  0.145   730395.779
  0.157   730395.785
  0.138   730395.792
  0.140   730395.799
  0.149   730395.806
  0.129   730395.813
  0.158   730395.820
  0.161   730395.827
  0.145   730395.834
  0.122   730395.841
  0.131   730395.848
  0.206   730395.855
  0.154   730395.862
  0.158   730395.868
  0.140   730395.875
  0.151   730395.882
  0.144   730395.889
  0.140   730395.896
  0.145   730395.904
  3.454   730395.910
  1.127   730395.917
  0.177   730395.924
  0.156   730395.931
  0.148   730395.938
  0.158   730395.945
  0.166   730395.952
  0.166   730395.959
  0.176   730395.966
  0.151   730395.973
  0.194   730395.980
  0.136   730395.987
  0.156   730395.993
