  0.214   730395.001
  0.114   730395.001
  0.281   730395.008
  0.261   730395.014
  0.247   730395.022
  0.150   730395.022
  0.229   730395.029
  0.280   730395.035
  0.249   730395.042
  0.286   730395.049
  0.241   730395.056
  0.265   730395.063
  0.282   730395.071
  0.269   730395.077
  0.272   730395.084
  0.255   730395.091
  0.227   730395.098
  0.246   730395.105
  0.236   730395.112
  0.255   730395.119
  0.233   730395.126
  0.250   730395.133
  0.252   730395.140
  0.232   730395.146
  0.246   730395.154
  0.216   730395.160
  0.239   730395.167
  0.272   730395.174
  0.275   730395.181
  0.213   730395.188
  0.223   730395.196
  0.277   730395.202
  0.244   730395.209
  0.248   730395.216
  0.213   730395.223
  0.222   730395.230
  0.251   730395.237
  0.235   730395.244
  0.231   730395.251
  0.235   730395.258
  0.225   730395.265
  0.222   730395.271
  0.242   730395.279
  0.218   730395.285
  0.225   730395.292
  0.212   730395.299
  0.232   730395.307
  0.205   730395.313
  0.217   730395.321
  0.237   730395.327
  0.220   730395.334
  0.224   730395.341
  0.210   730395.348
  0.212   730395.355
  0.227   730395.362
  0.231   730395.369
  0.218   730395.376
  0.207   730395.383
  0.194   730395.390
  0.221   730395.396
  0.200   730395.404
  0.211   730395.410
  0.212   730395.417
  0.200   730395.424
  0.283   730395.431
  0.224   730395.438
  0.220   730395.446
  0.233   730395.452
  0.211   730395.459
  0.197   730395.466
  0.204   730395.473
  0.223   730395.480
  0.196   730395.487
  0.207   730395.494
  0.194   730395.501
  0.194   730395.508
  0.202   730395.515
  0.303   730395.521
  0.192   730395.529
  0.188   730395.535
  0.175   730395.542
  0.204   730395.549
  0.185   730395.556
  0.192   730395.563
  0.186   730395.571
  0.176   730395.577
  0.184   730395.584
  0.170   730395.591
  0.198   730395.598
  0.194   730395.605
  0.190   730395.612
  0.181   730395.619
  0.204   730395.626
  0.210   730395.633
  0.199   730395.640
  0.187   730395.646
  0.199   730395.654
  0.193   730395.660
  0.198   730395.667
  0.190   730395.674
  0.192   730395.681
  0.206   730395.688
  0.192   730395.696
  0.184   730395.702
  0.191   730395.709
  0.188   730395.716
  0.178   730395.723
  0.189   730395.730
  0.191   730395.737
  0.165   730395.744
  0.185   730395.751
  0.185   730395.758
  0.194   730395.765
  0.161   730395.771
  0.184   730395.779
  0.190   730395.785
  0.201   730395.792
  0.181   730395.799
  0.177   730395.806
  0.139   730395.813
  0.157   730395.821
  0.193   730395.827
  0.153   730395.834
  0.173   730395.841
  0.815   730395.848
  0.172   730395.855
  0.169   730395.862
  0.190   730395.869
  0.208   730395.876
  0.167   730395.883
  0.204   730395.890
  0.184   730395.896
  0.193   730395.904
  0.233   730395.911
  0.199   730395.917
  0.179   730395.924
  0.238   730395.931
  0.220   730395.938
  0.197   730395.946
  0.202   730395.952
  0.176   730395.959
  0.208   730395.966
  0.203   730395.973
  0.292   730395.980
  0.203   730395.987
  0.185   730395.994
