  0.234   730395.001
  0.120   730395.001
  0.195   730395.008
  0.208   730395.015
  0.203   730395.022
  0.161   730395.022
  0.232   730395.029
  0.233   730395.036
  0.188   730395.042
  0.233   730395.049
  0.236   730395.056
  0.206   730395.063
  0.228   730395.071
  0.233   730395.077
  0.222   730395.084
  0.215   730395.091
  0.196   730395.098
  0.206   730395.105
  0.221   730395.112
  0.199   730395.119
  0.228   730395.126
  0.211   730395.133
  0.209   730395.140
  0.218   730395.147
  0.232   730395.154
  0.232   730395.161
  0.247   730395.167
  0.260   730395.174
  0.220   730395.181
  0.247   730395.188
  0.259   730395.196
  0.248   730395.202
  0.219   730395.209
  0.245   730395.216
  0.232   730395.223
  0.245   730395.230
  0.252   730395.237
  1.147   730395.244
  0.261   730395.251
  0.265   730395.258
  0.264   730395.265
  0.269   730395.272
  0.253   730395.279
  0.248   730395.286
  0.265   730395.292
  0.249   730395.299
  0.230   730395.307
  0.264   730395.314
  0.251   730395.321
  0.261   730395.328
  0.248   730395.334
  0.265   730395.341
  0.266   730395.348
  0.235   730395.355
  0.235   730395.362
  0.254   730395.369
  0.291   730395.376
  0.275   730395.383
  0.271   730395.390
  0.276   730395.397
  0.230   730395.404
  0.245   730395.411
  0.252   730395.417
  0.267   730395.424
  0.253   730395.431
  0.232   730395.438
  0.299   730395.446
  0.289   730395.452
  0.256   730395.460
  0.276   730395.466
  0.270   730395.473
  0.276   730395.480
  0.262   730395.488
  0.274   730395.494
  0.279   730395.501
  0.251   730395.508
  0.272   730395.515
  0.243   730395.522
  0.254   730395.529
  0.273   730395.536
  0.283   730395.542
  0.239   730395.549
  0.267   730395.556
  0.228   730395.563
  0.240   730395.571
  0.239   730395.577
  0.259   730395.584
  0.254   730395.591
  0.287   730395.598
  0.253   730395.605
  0.289   730395.613
  0.254   730395.619
  0.264   730395.626
  0.272   730395.633
  0.260   730395.640
  0.299   730395.647
  0.244   730395.654
  0.294   730395.661
  0.262   730395.667
  0.242   730395.674
  0.241   730395.681
  0.266   730395.688
  0.253   730395.696
  0.269   730395.702
  0.256   730395.709
  0.228   730395.716
  0.249   730395.723
  0.261   730395.730
  0.224   730395.737
  1.142   730395.744
  0.254   730395.751
  0.237   730395.758
  0.243   730395.765
  0.243   730395.772
  0.247   730395.779
  0.256   730395.786
  0.275   730395.792
  0.251   730395.799
  0.258   730395.806
  0.248   730395.813
  0.249   730395.821
  0.309   730395.827
  0.269   730395.834
  0.248   730395.841
  0.262   730395.848
  0.247   730395.855
  0.238   730395.862
  0.226   730395.869
  0.238   730395.876
  0.251   730395.883
  0.239   730395.890
  0.218   730395.897
  0.241   730395.904
  0.237   730395.911
  0.259   730395.918
  0.250   730395.925
  0.246   730395.932
  0.287   730395.938
  0.271   730395.946
  0.220   730395.952
  0.274   730395.959
  0.267   730395.966
  0.290   730395.973
  0.281   730395.980
  0.285   730395.987
  0.268   730395.994
