 29.545   730093.003
 27.246   730093.008
 29.139   730093.015
 21.560   730093.022
  1.933   730093.028
  7.815   730093.035
 14.189   730093.042
  2.914   730093.049
  1.623   730093.056
  1.174   730093.063
  1.365   730093.070
  1.187   730093.077
  1.160   730093.084
  1.192   730093.091
  1.317   730093.098
  1.116   730093.105
  1.204   730093.112
  1.236   730093.119
  1.268   730093.126
  1.266   730093.133
  1.363   730093.140
  1.429   730093.147
  1.402   730093.153
  1.359   730093.160
  1.350   730093.167
  1.370   730093.174
  1.257   730093.181
  1.410   730093.188
  1.302   730093.195
  1.407   730093.202
  1.434   730093.209
  1.444   730093.216
  1.339   730093.223
  1.523   730093.230
  1.515   730093.237
  1.466   730093.244
  1.399   730093.251
  1.279   730093.258
  1.363   730093.265
  1.288   730093.272
  1.305   730093.278
  1.507   730093.285
  1.405   730093.292
  1.605   730093.299
  1.293   730093.306
  1.918   730093.313
  1.058   730093.320
  1.365   730093.327
  1.321   730093.334
  1.357   730093.342
  1.242   730093.348
  1.279   730093.355
  1.308   730093.362
  1.387   730093.369
  1.452   730093.376
  1.246   730093.383
  1.279   730093.390
  0.000   730093.424
 25.369   730093.431
 24.699   730093.438
 23.570   730093.445
 21.689   730093.453
 24.322   730093.459
 21.044   730093.466
 27.879   730093.473
 27.598   730093.480
 34.446   730093.487
 34.397   730093.494
 39.059   730093.501
 34.738   730093.508
 32.780   730093.515
 34.092   730093.522
 27.243   730093.528
 23.507   730093.535
 23.230   730093.542
 22.293   730093.549
 16.852   730093.556
 16.888   730093.563
 18.334   730093.570
 15.872   730093.577
 13.642   730093.584
 14.650   730093.591
 14.185   730093.598
 13.843   730093.605
 13.854   730093.612
 13.434   730093.619
 13.828   730093.626
 11.762   730093.633
 14.665   730093.640
 14.059   730093.647
 12.050   730093.653
 11.854   730093.660
 12.843   730093.667
 11.451   730093.674
 11.755   730093.681
 11.085   730093.688
 11.245   730093.695
 11.474   730093.702
 11.329   730093.709
