  1.806   730093.000
  1.988   730093.007
  1.179   730093.014
  2.859   730093.021
  1.643   730093.028
  4.911   730093.035
  1.945   730093.042
  2.337   730093.049
  2.217   730093.056
  3.748   730093.062
  2.780   730093.069
  3.274   730093.076
  1.503   730093.083
    NaN   730093.090
  1.266   730093.097
  5.979   730093.104
  3.494   730093.111
  2.862   730093.118
  4.647   730093.125
  3.992   730093.132
  4.241   730093.139
  2.212   730093.146
  3.584   730093.153
  4.591   730093.160
  7.306   730093.167
  2.211   730093.174
  1.515   730093.181
  2.181   730093.188
  5.724   730093.194
  4.183   730093.201
  4.139   730093.208
  1.751   730093.215
  5.437   730093.222
  2.535   730093.229
  1.690   730093.236
  1.609   730093.243
  3.516   730093.250
  4.911   730093.257
  5.642   730093.264
  5.332   730093.271
  3.649   730093.278
  5.397   730093.285
  2.452   730093.292
  3.217   730093.299
  2.807   730093.306
  3.580   730093.312
  2.811   730093.319
  2.638   730093.326
  2.305   730093.333
  2.377   730093.340
  2.734   730093.347
  2.220   730093.354
  4.307   730093.361
  3.423   730093.368
  3.149   730093.375
  4.320   730093.382
  2.167   730093.389
  4.725   730093.396
  4.597   730093.403
  1.785   730093.410
  6.535   730093.417
  4.551   730093.424
  2.759   730093.431
  1.722   730093.438
  3.569   730093.444
  7.601   730093.451
  5.658   730093.458
  5.467   730093.465
  4.092   730093.472
  2.831   730093.479
  3.509   730093.486
  6.345   730093.493
  3.178   730093.500
  3.987   730093.507
  5.299   730093.514
  5.155   730093.521
  6.446   730093.528
  5.338   730093.535
  2.038   730093.542
  2.568   730093.549
  2.978   730093.556
  3.246   730093.562
  7.030   730093.569
  2.566   730093.576
  2.017   730093.583
  3.398   730093.590
  5.490   730093.597
  7.125   730093.604
  4.069   730093.611
  5.123   730093.618
  3.852   730093.625
  4.472   730093.632
  5.296   730093.639
  6.428   730093.646
  5.820   730093.653
  5.014   730093.660
  4.690   730093.667
  2.555   730093.674
  2.146   730093.681
  2.281   730093.688
  3.816   730093.694
  4.373   730093.701
  6.571   730093.708
  5.793   730093.722
  4.234   730093.729
  2.481   730093.736
  1.510   730093.743
  2.104   730093.750
  3.118   730093.757
  2.537   730093.764
  2.964   730093.778
  3.361   730093.785
  2.635   730093.792
  2.410   730093.799
  1.069   730093.806
  3.693   730093.812
  2.845   730093.819
  2.227   730093.826
  5.407   730093.833
  2.635   730093.840
  3.870   730093.847
  2.494   730093.854
  4.594   730093.861
  2.518   730093.868
  4.723   730093.875
  3.651   730093.882
  3.481   730093.889
  3.570   730093.896
  5.008   730093.917
  2.227   730093.924
  4.929   730093.931
  3.146   730093.938
  4.189   730093.944
  3.625   730093.951
  5.349   730093.955
  3.529   730093.965
