  0.189   730093.000
  0.149   730093.007
  0.188   730093.014
  0.162   730093.021
  0.162   730093.028
  0.150   730093.035
  0.137   730093.042
  0.130   730093.049
  0.148   730093.056
  0.152   730093.062
  0.182   730093.069
  0.136   730093.076
  0.139   730093.083
  0.128   730093.090
  0.145   730093.097
  0.125   730093.104
  0.115   730093.111
  0.120   730093.118
  0.123   730093.125
  0.129   730093.132
  0.115   730093.139
  0.129   730093.146
  0.107   730093.153
  0.099   730093.160
  0.116   730093.167
  0.118   730093.174
  0.121   730093.181
  0.104   730093.188
  0.119   730093.194
  0.120   730093.201
  0.119   730093.208
  0.141   730093.215
  0.132   730093.222
  0.129   730093.229
  0.126   730093.236
  0.151   730093.243
  0.147   730093.250
  0.146   730093.257
  0.135   730093.264
  0.150   730093.271
  0.158   730093.278
  0.141   730093.285
  0.137   730093.292
  0.145   730093.299
  0.153   730093.306
  0.163   730093.312
  0.151   730093.319
  0.165   730093.326
  0.162   730093.333
  0.160   730093.340
  0.174   730093.347
  0.168   730093.354
  0.166   730093.361
  0.173   730093.368
  0.155   730093.375
  0.165   730093.382
  0.174   730093.389
  0.180   730093.396
  0.165   730093.403
  0.150   730093.410
  0.136   730093.417
  0.142   730093.424
  0.124   730093.431
  0.139   730093.438
  0.145   730093.444
  0.157   730093.451
  0.157   730093.458
  0.228   730093.465
  0.181   730093.472
  0.177   730093.479
  0.207   730093.486
  0.194   730093.493
  0.221   730093.500
  0.208   730093.507
  0.208   730093.514
  0.217   730093.521
  0.231   730093.528
  0.194   730093.535
  0.233   730093.542
  0.238   730093.549
  0.220   730093.556
  0.220   730093.562
  0.226   730093.569
  0.222   730093.576
  0.193   730093.583
  0.222   730093.590
  0.203   730093.597
  0.220   730093.604
  0.224   730093.611
  0.180   730093.618
  0.184   730093.625
  0.198   730093.632
  0.187   730093.639
  0.171   730093.646
  0.161   730093.653
  0.152   730093.660
  0.156   730093.667
  0.161   730093.674
  0.140   730093.681
  0.165   730093.688
  0.160   730093.694
  0.132   730093.701
  0.145   730093.708
  0.138   730093.722
  0.126   730093.729
  0.136   730093.736
  0.171   730093.743
  0.169   730093.750
  0.163   730093.757
  0.163   730093.764
  0.169   730093.778
  0.160   730093.785
  0.153   730093.792
  0.142   730093.799
  0.123   730093.806
  0.178   730093.812
  0.189   730093.819
  0.127   730093.826
  0.168   730093.833
  0.161   730093.840
  0.149   730093.847
  0.136   730093.854
  0.141   730093.861
  0.152   730093.868
  0.156   730093.875
  0.183   730093.882
  0.146   730093.889
  0.146   730093.896
  0.143   730093.917
  0.149   730093.924
  0.150   730093.931
  0.144   730093.938
  0.144   730093.944
  0.131   730093.951
  0.152   730093.955
  0.151   730093.965
