  1.210   730012.000
  1.140   730012.010
  1.160   730012.010
  1.090   730012.020
  1.110   730012.030
  1.060   730012.030
  1.140   730012.040
  1.090   730012.050
  1.100   730012.050
  1.130   730012.060
  1.230   730012.070
  1.080   730012.080
  0.920   730012.080
  0.950   730012.090
  0.980   730012.100
  0.910   730012.100
  0.850   730012.110
  0.830   730012.120
  0.830   730012.120
  0.850   730012.130
  0.900   730012.140
  1.090   730012.140
  1.270   730012.150
  0.890   730012.160
  0.930   730012.170
  0.960   730012.170
  0.860   730012.180
  0.910   730012.190
  0.950   730012.190
  0.930   730012.200
  0.980   730012.210
  0.900   730012.210
  0.990   730012.220
  0.910   730012.230
  0.900   730012.230
  0.830   730012.240
  0.870   730012.250
  0.840   730012.260
  0.860   730012.260
  0.830   730012.270
  0.850   730012.280
  0.780   730012.280
  0.780   730012.290
  0.830   730012.300
  0.750   730012.300
  0.720   730012.310
  0.650   730012.320
  0.680   730012.330
  0.660   730012.330
  0.640   730012.340
  0.620   730012.350
  0.660   730012.350
  0.610   730012.360
  0.650   730012.370
  0.600   730012.370
  0.610   730012.380
  0.630   730012.390
  0.600   730012.390
  0.550   730012.400
  0.550   730012.410
  0.550   730012.420
    NaN   730012.420
    NaN   730012.430
  0.480   730012.440
  0.500   730012.440
  0.470   730012.450
  0.480   730012.460
  0.500   730012.460
  0.550   730012.470
  0.510   730012.480
  0.500   730012.480
  0.490   730012.490
  0.520   730012.500
  0.540   730012.510
  0.480   730012.510
  0.560   730012.520
  0.530   730012.530
  0.520   730012.530
  0.540   730012.540
  0.500   730012.550
  0.550   730012.550
  0.540   730012.560
  0.540   730012.570
  0.620   730012.580
  0.590   730012.580
  0.530   730012.590
  0.580   730012.600
  0.570   730012.600
  0.570   730012.610
  0.630   730012.620
  0.590   730012.620
  0.540   730012.630
  0.540   730012.640
  0.590   730012.640
  0.580   730012.650
  0.580   730012.660
  0.600   730012.670
  0.590   730012.670
  0.620   730012.680
  0.610   730012.690
  0.540   730012.690
  0.570   730012.700
  0.570   730012.710
  0.580   730012.710
  0.000   730012.720
  0.490   730012.730
  0.570   730012.750
  0.550   730012.760
  0.510   730012.760
  0.500   730012.770
  0.480   730012.780
  0.460   730012.780
  0.500   730012.790
  0.490   730012.800
  0.480   730012.800
  0.510   730012.810
  0.460   730012.820
  0.490   730012.830
  0.520   730012.830
  0.530   730012.840
  0.490   730012.850
  0.550   730012.850
  0.570   730012.860
  0.490   730012.870
  0.500   730012.870
  0.520   730012.880
  0.510   730012.890
  0.550   730012.900
  0.580   730012.900
  0.580   730012.910
  0.530   730012.920
    NaN   730012.920
    NaN   730012.930
  0.540   730012.940
  0.560   730012.940
  0.620   730012.950
  0.600   730012.960
 21.600   730012.970
  0.940   730012.970
  0.720   730012.980
  0.790   730012.980
  0.730   730012.990
