  0.768   730140.000
  0.504   730140.007
  0.259   730140.014
  0.234   730140.021
  0.209   730140.028
  0.223   730140.035
  0.208   730140.042
  0.244   730140.048
  0.305   730140.056
  0.188   730140.062
  0.303   730140.065
    NaN   730140.076
  0.244   730140.083
  0.200   730140.090
  0.115   730140.097
  0.118   730140.103
  0.139   730140.111
  0.123   730140.114
  0.151   730140.124
  2.236   730140.131
  2.236   730140.131
  2.236   730140.131
  2.236   730140.131
  2.236   730140.131
  2.236   730140.131
  2.236   730140.131
  2.236   730140.131
  2.236   730140.131
  2.236   730140.131
  2.236   730140.131
  2.236   730140.131
  2.236   730140.131
  2.236   730140.131
  2.236   730140.131
  2.236   730140.131
  2.236   730140.131
  2.236   730140.131
  2.236   730140.131
  2.236   730140.131
  2.236   730140.131
  2.236   730140.131
  2.236   730140.131
  2.236   730140.131
  2.236   730140.131
  2.236   730140.131
  2.236   730140.131
  2.236   730140.131
  2.236   730140.131
  2.236   730140.131
  2.236   730140.131
  2.236   730140.131
  2.236   730140.131
  2.236   730140.131
  2.236   730140.131
  2.236   730140.131
  2.236   730140.131
  2.236   730140.131
  2.236   730140.131
  2.236   730140.131
  2.236   730140.131
  2.236   730140.131
  2.236   730140.131
  2.236   730140.131
  2.236   730140.131
  2.236   730140.131
  2.236   730140.131
  2.236   730140.131
  2.236   730140.131
  2.236   730140.131
  2.236   730140.131
  2.236   730140.131
  2.236   730140.131
  2.236   730140.131
  2.236   730140.131
  2.236   730140.131
  2.236   730140.131
  2.236   730140.131
  2.236   730140.131
  2.236   730140.131
  2.236   730140.131
  2.236   730140.131
  2.236   730140.131
  2.236   730140.131
  2.236   730140.131
  2.236   730140.131
  2.236   730140.131
  2.236   730140.131
  2.236   730140.131
  2.236   730140.131
  2.236   730140.131
  2.236   730140.131
  2.236   730140.131
  2.236   730140.131
  2.236   730140.131
  2.236   730140.131
  2.236   730140.131
  2.236   730140.131
  2.236   730140.131
  2.236   730140.131
  2.236   730140.131
  2.236   730140.131
  2.236   730140.131
  2.236   730140.131
  2.236   730140.131
  2.236   730140.131
  2.236   730140.131
    NaN   730140.741
  0.101   730140.743
  0.320   730140.750
  1.802   730140.757
  0.806   730140.763
  0.099   730140.771
  0.144   730140.778
  0.136   730140.792
  0.082   730140.798
  0.138   730140.806
  0.071   730140.812
  0.077   730140.819
  0.134   730140.826
  0.136   730140.833
  0.145   730140.840
  0.151   730140.847
  0.156   730140.854
  0.184   730140.860
  0.267   730140.868
  0.569   730140.873
  1.060   730140.881
  0.822   730140.888
  0.612   730140.896
  0.560   730140.994
