  1.023   730140.002
  0.826   730140.009
  0.978   730140.016
  0.926   730140.023
  0.849   730140.030
    NaN   730140.037
  0.989   730140.044
  0.861   730140.051
  0.961   730140.058
  0.909   730140.065
  1.017   730140.072
  0.839   730140.078
  0.831   730140.085
  0.788   730140.092
  0.926   730140.099
  0.925   730140.106
  0.899   730140.113
  0.840   730140.120
  0.860   730140.127
  0.880   730140.134
  0.855   730140.141
  0.933   730140.148
  0.883   730140.155
  0.841   730140.162
  0.905   730140.169
  0.874   730140.175
  0.880   730140.183
  0.728   730140.189
  0.783   730140.196
  0.782   730140.203
  0.779   730140.210
  0.873   730140.217
  0.747   730140.224
  0.838   730140.231
  0.784   730140.238
  0.769   730140.244
  0.818   730140.252
  0.704   730140.259
  0.876   730140.265
  0.724   730140.273
  0.809   730140.279
  0.823   730140.287
  0.789   730140.294
  0.764   730140.300
  0.840   730140.308
  0.775   730140.314
  0.920   730140.321
  0.743   730140.328
  0.824   730140.335
  0.869   730140.342
  0.809   730140.349
  0.787   730140.356
  0.831   730140.363
  0.833   730140.371
  0.821   730140.377
  0.720   730140.384
  0.819   730140.392
  0.845   730140.398
  0.764   730140.404
  0.853   730140.411
  0.757   730140.419
  0.856   730140.425
  0.735   730140.433
  0.851   730140.440
  0.769   730140.446
  0.833   730140.454
  0.780   730140.460
  0.795   730140.467
  0.862   730140.474
  0.830   730140.481
  0.752   730140.488
  0.854   730140.495
  0.865   730140.502
  0.908   730140.509
  0.812   730140.515
  0.872   730140.523
  0.783   730140.529
    NaN   730140.536
  0.838   730140.543
  0.851   730140.551
  0.856   730140.558
  0.818   730140.565
  0.871   730140.572
  0.805   730140.578
  0.893   730140.585
  0.818   730140.592
  0.881   730140.599
  0.904   730140.606
  0.836   730140.613
  0.809   730140.620
  0.810   730140.627
  0.901   730140.634
  0.746   730140.641
  0.906   730140.648
  0.854   730140.654
  0.861   730140.661
  0.882   730140.669
  0.777   730140.675
  0.853   730140.683
  0.861   730140.689
  0.824   730140.696
  0.874   730140.703
  0.815   730140.710
  0.784   730140.717
  0.843   730140.724
  0.743   730140.731
  0.840   730140.738
  0.903   730140.745
  0.854   730140.752
  0.857   730140.759
  0.784   730140.770
  0.775   730140.774
  0.844   730140.780
  0.761   730140.794
  0.779   730140.801
  0.762   730140.808
  0.790   730140.815
  0.759   730140.822
  0.784   730140.828
  0.781   730140.835
  0.781   730140.842
  0.739   730140.849
  0.835   730140.856
  0.818   730140.863
  0.741   730140.870
  0.661   730140.876
  0.850   730140.883
  0.760   730140.891
  0.797   730140.898
  0.756   730140.997
