  2.581   730140.000
 17.799   730140.007
 15.445   730140.014
 15.947   730140.021
 22.461   730140.028
    NaN   730140.035
  8.467   730140.042
 23.811   730140.049
 39.885   730140.056
 30.852   730140.062
 37.769   730140.069
 24.074   730140.076
 37.908   730140.083
 35.892   730140.090
 20.773   730140.097
 20.877   730140.104
 21.723   730140.111
 19.436   730140.118
 21.280   730140.125
 35.916   730140.132
  0.000   730140.741
 32.681   730140.743
 37.148   730140.750
 27.443   730140.757
 24.507   730140.764
 26.261   730140.771
 38.129   730140.778
 31.295   730140.792
 20.356   730140.799
 35.454   730140.806
 16.955   730140.812
 14.790   730140.819
