  0.745   729298.000
  0.718   729298.010
  0.730   729298.021
  0.940   729298.031
  0.834   729298.042
  1.320   729298.052
  0.949   729298.063
  1.075   729298.073
  0.963   729298.083
  0.934   729298.094
  0.953   729298.104
  1.135   729298.115
  0.923   729298.125
  0.828   729298.135
  0.723   729298.146
  0.777   729298.156
  1.097   729298.167
  1.288   729298.177
  1.220   729298.188
  1.199   729298.198
  1.103   729298.208
  1.268   729298.219
  1.095   729298.229
  1.342   729298.240
  1.117   729298.250
  1.103   729298.260
  0.984   729298.271
  1.092   729298.281
  1.159   729298.292
  1.037   729298.302
  1.147   729298.313
  1.215   729298.323
  1.111   729298.333
  1.297   729298.344
  1.030   729298.354
  1.260   729298.365
  0.805   729298.375
  0.805   729298.385
  1.102   729298.396
  0.889   729298.406
  0.803   729298.417
  0.795   729298.427
  0.954   729298.438
  0.745   729298.448
  0.864   729298.458
  0.724   729298.469
  0.761   729298.479
  1.066   729298.490
  0.896   729298.500
  0.948   729298.510
  0.762   729298.521
  0.942   729298.531
  0.831   729298.542
  0.819   729298.552
  0.711   729298.563
  0.874   729298.573
  1.561   729298.948
  1.795   729298.958
  1.726   729298.969
  2.002   729298.979
  1.851   729298.990
