  0.188   730346.001
  0.071   730346.001
  0.170   730346.008
  0.193   730346.014
  0.180   730346.021
  0.197   730346.028
  0.173   730346.035
  0.197   730346.042
  0.159   730346.049
  0.170   730346.056
  0.159   730346.063
  0.155   730346.070
  0.147   730346.077
  5.359   730346.084
  0.164   730346.091
  0.155   730346.098
  0.145   730346.105
  0.155   730346.112
  0.139   730346.119
  0.145   730346.126
  0.160   730346.133
  0.163   730346.140
  0.151   730346.146
  0.136   730346.153
  0.138   730346.160
  0.138   730346.167
  0.157   730346.174
  0.142   730346.181
  0.170   730346.188
  0.153   730346.195
  0.152   730346.202
  0.179   730346.209
  0.162   730346.216
  0.164   730346.223
  0.165   730346.230
  0.180   730346.237
  0.644   730346.244
  0.178   730346.251
  0.154   730346.258
  0.174   730346.265
  0.174   730346.271
  0.177   730346.278
  0.178   730346.285
  0.205   730346.292
  0.193   730346.299
  0.163   730346.306
  0.187   730346.313
  0.193   730346.320
  0.161   730346.327
  0.164   730346.334
  0.151   730346.341
  0.155   730346.348
  0.151   730346.355
  0.178   730346.362
  0.202   730346.369
  0.185   730346.376
  0.167   730346.383
  0.175   730346.390
  0.175   730346.397
  0.180   730346.404
  0.190   730346.410
  0.182   730346.417
  0.177   730346.424
  0.175   730346.431
  0.165   730346.438
  0.195   730346.445
  0.172   730346.452
  0.174   730346.459
  0.185   730346.466
  0.180   730346.473
  0.135   730346.480
  0.155   730346.487
  0.174   730346.494
  0.162   730346.501
  0.153   730346.508
  0.193   730346.514
  0.173   730346.521
  0.176   730346.528
  0.177   730346.535
  0.187   730346.542
  0.606   730346.549
  0.174   730346.556
  0.160   730346.563
  0.156   730346.570
  0.168   730346.577
  6.677   730346.584
  0.158   730346.591
  0.161   730346.598
  0.164   730346.605
  0.170   730346.612
  0.144   730346.619
  0.145   730346.626
  0.111   730346.633
  0.119   730346.639
  0.123   730346.646
  0.101   730346.653
  0.128   730346.660
  0.120   730346.667
  0.129   730346.674
  0.125   730346.681
  0.124   730346.688
  0.129   730346.695
  0.130   730346.702
  0.129   730346.709
  0.122   730346.716
  0.105   730346.723
  0.119   730346.730
  0.111   730346.737
  0.106   730346.744
  0.121   730346.751
  0.117   730346.758
  0.124   730346.764
  0.133   730346.771
  0.123   730346.779
  0.104   730346.785
  0.115   730346.792
  0.117   730346.799
  0.109   730346.806
  0.104   730346.813
  0.108   730346.820
  0.112   730346.827
  0.120   730346.834
  0.155   730346.841
  0.346   730346.848
  0.111   730346.855
  0.111   730346.862
  0.116   730346.869
  0.107   730346.876
  0.115   730346.883
  0.100   730346.890
  0.100   730346.896
  0.107   730346.903
  0.115   730346.910
  0.080   730346.917
  0.090   730346.924
  0.293   730346.931
  0.096   730346.938
  0.092   730346.945
  0.092   730346.952
  0.097   730346.959
  0.095   730346.966
  0.081   730346.973
  0.099   730346.980
  0.084   730346.987
  0.089   730346.994
