  0.029   730346.006
  0.022   730346.006
  0.025   730346.013
  0.017   730346.013
  0.016   730346.020
  0.037   730346.027
  0.048   730346.027
  0.021   730346.034
  0.013   730346.041
  0.035   730346.041
  0.028   730346.048
  0.006   730346.048
  0.029   730346.055
  0.039   730346.062
  0.019   730346.062
  0.024   730346.069
  0.058   730346.076
  0.024   730346.076
  0.025   730346.083
  0.012   730346.090
  0.029   730346.090
  0.036   730346.097
  0.017   730346.104
  0.028   730346.104
  0.015   730346.110
  0.012   730346.110
  0.019   730346.117
  0.034   730346.124
  0.006   730346.131
  0.040   730346.131
  0.034   730346.138
  0.005   730346.138
  0.024   730346.145
  0.020   730346.152
  0.008   730346.159
  0.018   730346.159
  0.016   730346.166
  0.018   730346.173
  0.025   730346.173
  0.022   730346.180
  0.034   730346.187
  0.030   730346.187
  0.040   730346.194
  0.042   730346.201
  0.002   730346.208
  0.023   730346.208
  0.032   730346.215
  0.026   730346.222
  0.047   730346.222
  0.039   730346.229
  0.043   730346.235
  0.019   730346.242
  0.036   730346.242
  0.021   730346.249
  0.015   730346.256
  0.017   730346.263
  0.011   730346.263
  0.035   730346.270
  0.036   730346.277
  0.030   730346.284
  0.019   730346.284
  0.030   730346.291
  0.032   730346.298
  0.038   730346.305
  0.026   730346.305
  0.034   730346.312
  0.039   730346.319
  0.026   730346.326
  0.045   730346.326
  0.032   730346.333
  0.025   730346.340
  0.020   730346.347
  0.051   730346.347
  0.023   730346.354
  0.023   730346.360
  0.035   730346.367
  0.024   730346.367
  0.027   730346.374
  0.027   730346.381
  0.023   730346.388
  0.022   730346.388
  0.029   730346.395
  0.030   730346.402
  0.014   730346.402
  0.030   730346.409
  0.028   730346.416
  0.033   730346.423
  0.032   730346.423
  0.038   730346.430
  0.027   730346.437
  0.023   730346.437
  0.042   730346.444
  0.023   730346.451
  0.030   730346.458
  0.018   730346.458
  0.034   730346.465
  0.035   730346.472
  0.031   730346.479
  0.018   730346.479
  0.033   730346.485
  0.046   730346.492
  0.036   730346.499
  0.004   730346.506
  0.053   730346.506
  0.036   730346.513
  0.042   730346.520
  0.020   730346.527
  0.036   730346.527
  0.024   730346.534
  0.030   730346.541
  0.013   730346.548
  0.025   730346.548
  0.027   730346.555
  0.024   730346.562
  0.025   730346.569
  0.029   730346.569
  0.063   730346.576
  0.029   730346.583
  0.037   730346.590
  0.014   730346.590
  0.033   730346.597
  0.052   730346.604
  0.055   730346.610
  0.017   730346.610
  0.053   730346.617
  0.036   730346.624
  0.027   730346.631
  0.015   730346.631
  0.027   730346.638
  0.027   730346.645
  0.022   730346.652
  0.017   730346.652
  0.022   730346.659
  0.035   730346.666
  0.039   730346.673
  0.022   730346.673
  0.027   730346.680
  0.043   730346.687
  0.027   730346.694
  0.032   730346.694
  0.025   730346.701
  0.022   730346.708
  0.028   730346.715
  0.010   730346.715
  0.022   730346.722
  0.023   730346.729
  0.027   730346.735
  0.005   730346.735
  0.027   730346.742
  0.029   730346.749
  0.041   730346.756
  0.001   730346.756
  0.023   730346.763
  0.023   730346.770
  0.041   730346.777
  0.009   730346.777
  0.032   730346.784
  0.029   730346.791
  0.036   730346.798
  0.005   730346.798
  0.031   730346.805
  0.036   730346.812
  0.046   730346.819
  0.002   730346.826
  0.045   730346.826
  0.026   730346.833
  0.019   730346.840
  0.011   730346.847
  0.025   730346.847
  0.029   730346.854
  0.028   730346.860
  0.005   730346.867
  0.028   730346.867
  0.020   730346.874
  0.023   730346.881
  0.003   730346.888
  0.030   730346.888
  0.032   730346.895
  0.018   730346.902
  0.006   730346.902
  0.023   730346.909
  0.030   730346.916
  0.022   730346.923
  0.008   730346.923
  0.020   730346.930
  0.015   730346.937
  0.023   730346.944
  0.003   730346.944
  0.037   730346.951
  0.026   730346.958
  0.035   730346.965
  0.015   730346.972
  0.033   730346.972
  0.024   730346.979
  0.019   730346.985
  0.011   730346.992
  0.015   730346.992
  0.016   730346.999
