  0.228   730346.000
  0.065   730346.000
  0.231   730346.007
  0.229   730346.014
  0.248   730346.021
  0.330   730346.028
  0.321   730346.035
  0.230   730346.042
  0.225   730346.049
  0.242   730346.055
  0.230   730346.063
  0.229   730346.070
  0.239   730346.077
  0.234   730346.084
  0.216   730346.091
  0.178   730346.098
  0.202   730346.105
  0.207   730346.112
  0.201   730346.118
  0.177   730346.125
  0.191   730346.132
  0.179   730346.139
  0.193   730346.146
  0.182   730346.153
  0.190   730346.160
  0.181   730346.167
  0.195   730346.174
  0.204   730346.181
  0.193   730346.188
  0.205   730346.195
  0.180   730346.202
  0.195   730346.209
  0.154   730346.216
  0.173   730346.223
  0.170   730346.229
  0.169   730346.236
  0.166   730346.243
  0.171   730346.250
  0.168   730346.257
  0.148   730346.264
  0.168   730346.271
  0.136   730346.278
  0.164   730346.285
  0.151   730346.292
  0.155   730346.299
  0.146   730346.306
  0.146   730346.313
  0.146   730346.320
  6.332   730346.327
  0.165   730346.334
  0.149   730346.341
  0.166   730346.348
  0.159   730346.355
  0.176   730346.361
  0.186   730346.368
  0.161   730346.375
  0.153   730346.382
  0.176   730346.389
  0.190   730346.396
  0.177   730346.403
  0.163   730346.410
  0.199   730346.417
  0.198   730346.424
  0.195   730346.431
  0.206   730346.438
  0.185   730346.445
  0.203   730346.452
  0.215   730346.459
  0.234   730346.466
  0.196   730346.473
  0.194   730346.480
  0.196   730346.486
  0.199   730346.493
  0.182   730346.500
  0.209   730346.507
  0.231   730346.514
  0.183   730346.521
  0.215   730346.528
  0.192   730346.535
  0.380   730346.542
  0.201   730346.549
  0.206   730346.556
  0.229   730346.563
  0.232   730346.570
  0.214   730346.577
  0.202   730346.584
  0.205   730346.591
  0.165   730346.597
  0.182   730346.604
  0.209   730346.611
  0.181   730346.618
  0.197   730346.625
  0.205   730346.632
  0.206   730346.639
  0.223   730346.646
  0.207   730346.653
  0.197   730346.660
  0.198   730346.667
  0.196   730346.674
  0.204   730346.681
  0.172   730346.688
  0.176   730346.695
  0.173   730346.702
  0.207   730346.709
  0.188   730346.716
  0.187   730346.722
  0.212   730346.729
  0.202   730346.736
  0.201   730346.743
  0.154   730346.750
  0.163   730346.757
  0.160   730346.764
  0.179   730346.771
  0.174   730346.778
  0.178   730346.785
  0.175   730346.792
  0.160   730346.799
  0.181   730346.806
  0.147   730346.813
  0.153   730346.820
  5.294   730346.827
  0.170   730346.834
  0.190   730346.841
  0.328   730346.848
  0.179   730346.854
  0.192   730346.861
  0.158   730346.868
  0.186   730346.875
  0.185   730346.882
  0.148   730346.889
  0.131   730346.896
  0.141   730346.903
  0.139   730346.910
  0.139   730346.917
  0.150   730346.924
  0.147   730346.931
  0.126   730346.938
  0.143   730346.945
  0.141   730346.952
  0.158   730346.959
  0.155   730346.966
  0.132   730346.973
  0.155   730346.979
  0.204   730346.986
  0.200   730346.993
