  0.443   730154.001
  0.484   730154.008
  0.447   730154.015
  0.275   730154.022
  0.510   730154.028
  0.474   730154.035
  0.458   730154.042
  0.478   730154.049
  0.650   730154.056
  0.540   730154.063
  0.510   730154.070
  0.408   730154.077
  0.420   730154.084
  0.449   730154.091
  0.451   730154.099
  0.425   730154.106
  0.442   730154.114
  0.457   730154.119
  0.486   730154.126
  0.519   730154.133
  0.440   730154.140
  0.477   730154.147
  0.418   730154.153
  0.450   730154.160
  0.426   730154.167
  0.431   730154.174
  0.453   730154.181
  0.427   730154.189
  0.394   730154.196
  0.439   730154.203
  0.419   730154.210
  0.456   730154.217
  0.415   730154.224
  0.441   730154.237
  0.420   730154.244
  0.438   730154.251
  0.481   730154.258
  0.405   730154.265
  0.983   730154.272
  0.413   730154.278
  0.401   730154.285
  0.448   730154.292
  0.433   730154.299
  0.416   730154.306
  0.409   730154.313
  0.411   730154.320
  0.431   730154.327
  0.407   730154.334
  0.426   730154.341
  0.433   730154.348
  0.401   730154.355
  0.408   730154.362
  0.385   730154.369
  0.422   730154.376
  0.425   730154.383
  0.442   730154.390
  0.426   730154.397
  0.399   730154.403
  0.481   730154.410
  0.439   730154.417
  0.450   730154.424
  0.426   730154.431
  0.427   730154.438
  0.419   730154.445
  0.435   730154.453
  0.401   730154.459
  0.458   730154.466
  0.444   730154.473
  0.418   730154.480
  0.452   730154.487
  0.395   730154.494
  0.477   730154.501
  0.460   730154.508
  0.458   730154.515
  0.446   730154.522
  0.426   730154.528
  0.301   730154.535
  0.439   730154.542
  0.462   730154.549
  0.399   730154.556
  0.439   730154.570
  0.416   730154.577
  0.905   730154.584
  0.444   730154.591
  0.447   730154.598
  5.023   730154.605
  9.495   730154.612
  7.276   730154.619
  0.435   730154.626
  0.426   730154.633
  0.443   730154.640
  0.434   730154.647
  0.430   730154.653
  0.427   730154.667
  0.431   730154.674
  0.419   730154.681
  0.514   730154.688
  0.450   730154.695
  0.457   730154.702
  0.405   730154.709
  0.416   730154.716
  0.471   730154.730
  0.444   730154.737
  0.415   730154.744
  0.396   730154.758
  0.432   730154.765
  0.454   730154.792
  0.425   730154.806
  0.430   730154.813
  0.261   730154.820
  0.438   730154.827
  0.458   730154.834
  0.441   730154.841
  0.423   730154.848
  0.409   730154.855
  0.263   730154.862
  0.466   730154.869
  0.379   730154.876
  0.417   730154.883
  0.441   730154.890
  0.457   730154.897
  0.452   730154.903
  0.432   730154.910
  0.414   730154.917
  0.452   730154.925
  0.462   730154.931
  0.447   730154.938
  0.434   730154.945
  0.406   730154.952
  0.442   730154.959
  0.451   730154.967
  0.452   730154.974
  0.468   730154.981
  0.444   730154.988
  0.418   730154.994
