  0.194   730154.001
  0.202   730154.008
  0.194   730154.015
  0.174   730154.022
  0.179   730154.029
  0.189   730154.036
  0.191   730154.043
  0.208   730154.050
  0.242   730154.057
  0.177   730154.064
  0.195   730154.071
  0.181   730154.078
  0.181   730154.085
  0.188   730154.092
  0.179   730154.099
  0.193   730154.107
  0.191   730154.115
  0.185   730154.121
  0.180   730154.126
  0.192   730154.133
  0.198   730154.140
  0.185   730154.147
  0.175   730154.154
  0.199   730154.161
  0.198   730154.168
  0.207   730154.175
  0.188   730154.182
  0.193   730154.190
  0.197   730154.197
  0.185   730154.203
  0.181   730154.210
  1.622   730154.217
  0.310   730154.224
  0.243   730154.231
  0.260   730154.238
  0.283   730154.244
  0.240   730154.251
  0.345   730154.258
  0.217   730154.265
  1.093   730154.272
  0.077   730154.279
  0.234   730154.286
  0.089   730154.293
  0.192   730154.300
  0.192   730154.307
  0.278   730154.314
  0.169   730154.321
  0.348   730154.328
  0.175   730154.335
  0.250   730154.342
  0.180   730154.349
  0.200   730154.356
  0.386   730154.363
  0.141   730154.369
  0.350   730154.376
  0.170   730154.383
  0.234   730154.390
  0.319   730154.397
  0.142   730154.404
  0.232   730154.411
  0.162   730154.418
  0.189   730154.425
  0.190   730154.432
  0.198   730154.439
  0.197   730154.446
  0.270   730154.453
  0.306   730154.460
  0.304   730154.467
  0.169   730154.474
  0.260   730154.481
  0.211   730154.488
  0.126   730154.494
  0.238   730154.501
  0.195   730154.508
  0.201   730154.515
  5.673   730154.522
  0.185   730154.529
  0.190   730154.536
  0.163   730154.543
  0.153   730154.550
  0.194   730154.557
  0.168   730154.565
  0.166   730154.571
  0.184   730154.578
  0.191   730154.585
  0.177   730154.592
  0.193   730154.599
  0.151   730154.606
  0.181   730154.613
  0.194   730154.619
  0.171   730154.626
  0.178   730154.633
  0.184   730154.640
  0.194   730154.647
  0.183   730154.654
  0.198   730154.661
  0.195   730154.668
  0.205   730154.675
  0.202   730154.682
  0.210   730154.689
  0.213   730154.696
  0.234   730154.703
  0.197   730154.710
  0.188   730154.717
  0.254   730154.724
  0.223   730154.731
  0.200   730154.738
  0.253   730154.744
  0.249   730154.751
  0.218   730154.758
  0.230   730154.765
  0.261   730154.793
  0.224   730154.807
  0.249   730154.814
  0.266   730154.821
  0.240   730154.828
  0.245   730154.835
  0.281   730154.842
  0.265   730154.849
  0.298   730154.856
  0.261   730154.863
  0.289   730154.869
  0.297   730154.876
  0.333   730154.883
  0.293   730154.890
  0.355   730154.897
  0.315   730154.904
  0.313   730154.911
  0.315   730154.918
  0.342   730154.926
  0.354   730154.933
  0.319   730154.939
  0.321   730154.946
  0.350   730154.953
  0.365   730154.960
  0.332   730154.967
    NaN   730154.974
  0.293   730154.981
  0.362   730154.988
  0.305   730154.995
