  0.845   730154.002
  0.900   730154.009
  0.828   730154.016
  0.977   730154.023
  0.939   730154.030
  0.923   730154.037
  1.011   730154.044
  0.902   730154.051
  0.942   730154.058
  0.992   730154.065
  0.844   730154.072
  0.974   730154.078
  0.935   730154.086
  1.012   730154.093
  0.979   730154.101
  1.072   730154.108
  0.971   730154.117
  0.961   730154.122
  1.235   730154.128
  1.078   730154.134
  1.098   730154.142
  1.169   730154.148
  1.329   730154.156
  1.178   730154.162
  1.498   730154.169
  1.412   730154.176
  1.564   730154.183
  1.556   730154.191
  1.852   730154.198
  1.785   730154.205
  2.047   730154.211
  2.003   730154.219
  2.115   730154.226
  1.959   730154.231
  2.202   730154.238
  2.381   730154.246
  2.225   730154.252
  2.359   730154.259
  2.226   730154.266
  2.496   730154.274
  2.029   730154.281
  2.506   730154.287
  2.129   730154.294
  2.604   730154.301
  2.156   730154.308
  2.393   730154.315
  2.382   730154.322
  2.142   730154.329
  2.690   730154.336
  2.014   730154.343
  1.989   730154.349
  2.161   730154.356
  2.179   730154.363
  2.306   730154.371
  2.016   730154.377
  2.305   730154.385
  2.320   730154.392
  2.425   730154.399
  2.243   730154.406
  2.388   730154.412
  2.144   730154.419
  2.593   730154.426
  2.302   730154.433
  2.245   730154.440
  2.204   730154.447
  2.455   730154.455
  2.455   730154.461
  2.473   730154.468
  2.437   730154.474
  2.266   730154.481
  2.467   730154.489
    NaN   730154.496
  2.716   730154.502
  2.457   730154.509
  2.865   730154.517
  2.563   730154.524
  2.491   730154.531
  2.492   730154.537
  2.500   730154.544
  2.600   730154.551
  2.621   730154.558
  2.385   730154.565
  2.230   730154.572
  2.354   730154.579
  2.531   730154.586
  2.768   730154.592
  2.872   730154.600
  2.480   730154.607
  2.272   730154.613
  2.215   730154.621
  2.389   730154.627
  2.322   730154.634
  2.387   730154.642
  2.177   730154.648
  2.184   730154.656
  2.246   730154.662
  2.295   730154.669
  2.324   730154.676
  7.041   730154.683
  0.000   730154.690
  0.000   730154.697
  0.000   730154.704
  0.000   730154.710
  0.000   730154.718
  2.523   730154.725
 16.049   730154.731
  3.723   730154.738
  2.680   730154.745
  3.168   730154.752
  2.399   730154.760
  7.238   730154.766
  2.227   730154.808
  2.767   730154.815
  2.296   730154.822
  2.667   730154.828
  2.643   730154.836
  2.385   730154.843
  2.025   730154.850
  2.157   730154.857
  2.075   730154.864
  2.222   730154.870
  2.213   730154.877
  2.043   730154.884
  2.075   730154.892
  2.056   730154.898
  2.014   730154.906
  1.723   730154.912
  1.984   730154.919
  2.043   730154.926
  1.814   730154.933
  1.858   730154.940
  1.857   730154.947
  1.756   730154.954
  1.799   730154.961
  1.861   730154.968
  1.750   730154.975
  1.757   730154.982
  1.842   730154.989
    NaN   730154.996
