  0.094   730225.002
  1.508   730225.007
  2.936   730225.043
  2.836   730225.049
  2.769   730225.056
  2.835   730225.063
  2.961   730225.070
  2.571   730225.077
  2.817   730225.085
  2.732   730225.091
  2.826   730225.098
  2.996   730225.105
  2.802   730225.112
  2.837   730225.118
  2.909   730225.126
  2.334   730225.132
  2.640   730225.139
  2.661   730225.146
  2.751   730225.153
  2.465   730225.160
  2.983   730225.178
  2.279   730225.195
  2.606   730225.202
  2.765   730225.210
  2.579   730225.216
  3.048   730225.222
  2.354   730225.230
  2.591   730225.237
  2.762   730225.243
  2.602   730225.251
  2.875   730225.257
  2.681   730225.264
  2.902   730225.271
  2.645   730225.278
  3.033   730225.285
  3.001   730225.293
  2.846   730225.299
  2.742   730225.306
  3.114   730225.313
  2.866   730225.320
  2.647   730225.327
  2.953   730225.335
  3.233   730225.341
  2.957   730225.348
  2.776   730225.355
  2.583   730225.362
  3.250   730225.368
  3.270   730225.376
  2.848   730225.382
  2.930   730225.389
  2.789   730225.396
  2.893   730225.403
  3.101   730225.410
  2.876   730225.418
  3.250   730225.424
  2.916   730225.431
  2.881   730225.438
  3.269   730225.445
  3.245   730225.452
  2.856   730225.460
  3.236   730225.466
  3.104   730225.473
  3.185   730225.480
  2.866   730225.487
  3.169   730225.493
  2.754   730225.501
  3.315   730225.507
  3.048   730225.514
  3.443   730225.521
  3.165   730225.528
  3.372   730225.535
  3.656   730225.543
  3.424   730225.549
  3.316   730225.556
  3.247   730225.570
  3.282   730225.577
  3.377   730225.585
  3.404   730225.591
  3.371   730225.598
  3.140   730225.605
  3.523   730225.612
  3.249   730225.619
  3.599   730225.627
  3.364   730225.632
  3.669   730225.639
  3.027   730225.646
  2.865   730225.653
  3.301   730225.660
  3.134   730225.668
  3.468   730225.674
  3.125   730225.681
  3.653   730225.688
  2.607   730225.695
  3.348   730225.702
  3.362   730225.710
  3.735   730225.724
  3.730   730225.737
  3.786   730225.752
  3.598   730225.758
  3.806   730225.765
  3.800   730225.772
  3.575   730225.778
  3.456   730225.785
  3.421   730225.794
  3.167   730225.799
  2.779   730225.806
  3.584   730225.813
  3.519   730225.820
  3.146   730225.827
  3.120   730225.835
  3.163   730225.841
  2.836   730225.848
  3.411   730225.855
  4.041   730225.862
  3.333   730225.869
  3.158   730225.877
  3.237   730225.882
  2.980   730225.889
  3.216   730225.896
  2.768   730225.906
  2.811   730225.914
  2.519   730225.923
  2.573   730225.930
  2.444   730225.936
  2.456   730225.942
  2.620   730225.949
  2.684   730225.957
  2.265   730225.965
  2.464   730225.972
  2.194   730225.978
  2.499   730225.986
  2.427   730225.993
