  2.089   730225.002
  7.627   730225.007
  0.000   730225.043
  0.000   730225.049
  0.000   730225.056
  0.000   730225.063
  0.000   730225.070
  0.000   730225.077
  0.000   730225.085
  0.000   730225.091
  0.000   730225.098
  0.000   730225.105
  0.000   730225.112
  0.000   730225.118
  0.000   730225.126
  0.000   730225.132
  0.000   730225.139
  0.000   730225.146
  0.000   730225.153
  0.000   730225.160
  0.000   730225.178
  0.000   730225.195
  0.000   730225.202
  0.000   730225.210
  0.000   730225.216
  0.000   730225.222
  0.000   730225.230
  0.000   730225.237
  0.000   730225.243
  0.000   730225.251
  0.000   730225.257
  0.000   730225.264
  0.000   730225.271
  0.000   730225.278
  0.000   730225.285
  0.000   730225.293
  0.000   730225.299
  0.000   730225.306
  0.000   730225.313
  0.000   730225.320
  0.000   730225.327
  0.000   730225.335
  0.000   730225.341
  0.000   730225.348
  0.000   730225.355
  0.000   730225.362
  0.000   730225.368
  0.000   730225.376
  0.000   730225.382
  0.000   730225.389
  0.000   730225.396
  0.000   730225.403
  0.000   730225.410
  0.000   730225.418
  0.000   730225.424
  0.000   730225.431
  0.000   730225.438
  0.000   730225.445
  0.000   730225.452
  0.000   730225.460
  0.000   730225.466
  0.000   730225.473
  0.000   730225.480
  0.000   730225.487
  0.000   730225.493
  0.000   730225.501
  0.000   730225.507
  0.000   730225.514
  0.000   730225.521
  0.000   730225.528
  0.000   730225.535
  0.000   730225.543
  0.000   730225.549
  0.000   730225.556
  0.000   730225.570
  0.000   730225.577
  0.000   730225.585
  0.000   730225.591
  0.000   730225.598
  0.000   730225.605
  0.000   730225.612
  0.000   730225.619
  0.000   730225.627
  0.000   730225.632
  0.000   730225.639
  0.000   730225.646
  0.000   730225.653
  0.000   730225.660
  0.000   730225.668
  0.000   730225.674
  0.000   730225.681
  0.000   730225.688
  0.000   730225.695
  0.000   730225.702
  0.000   730225.710
  0.000   730225.724
  0.000   730225.737
  0.000   730225.752
  0.000   730225.758
  0.000   730225.765
  0.000   730225.772
  0.000   730225.778
  0.000   730225.785
  0.000   730225.794
  0.000   730225.799
  0.000   730225.806
  0.000   730225.813
  0.000   730225.820
  0.000   730225.827
  0.000   730225.835
  0.000   730225.841
  0.000   730225.848
  0.000   730225.855
  0.000   730225.862
  0.000   730225.869
  0.000   730225.877
  0.000   730225.882
  0.000   730225.889
  0.000   730225.896
  0.000   730225.906
  0.000   730225.914
  0.000   730225.923
  0.000   730225.930
  0.000   730225.936
  0.000   730225.942
  0.000   730225.949
  0.000   730225.957
  0.000   730225.965
  0.000   730225.972
  0.000   730225.978
  0.000   730225.986
  0.000   730225.993
