  2.131   730132.002
  2.088   730132.009
  2.312   730132.016
  2.266   730132.023
  2.096   730132.030
  1.998   730132.037
  2.030   730132.044
  2.129   730132.051
  2.073   730132.058
  2.478   730132.108
  2.265   730132.113
  2.574   730132.164
  2.339   730132.169
  2.348   730132.176
  2.145   730132.183
  2.285   730132.190
  2.095   730132.197
  2.179   730132.204
  2.208   730132.211
  2.335   730132.218
  2.526   730132.225
  2.341   730132.232
  2.252   730132.239
  2.339   730132.246
  1.974   730132.253
  2.085   730132.260
  2.342   730132.267
  2.301   730132.274
  2.135   730132.281
  2.256   730132.287
  3.731   730132.294
  5.718   730132.301
  3.611   730132.308
  1.970   730132.315
  4.272   730132.323
  4.426   730132.329
  4.318   730132.336
  6.236   730132.343
  4.974   730132.350
  2.326   730132.357
  3.565   730132.364
  2.244   730132.371
  2.240   730132.378
  2.385   730132.385
  2.497   730132.391
  2.701   730132.399
  3.115   730132.406
  5.400   730132.412
  6.062   730132.419
 12.867   730132.426
  6.837   730132.433
 11.803   730132.440
 12.627   730132.447
 14.534   730132.455
 16.121   730132.461
  2.174   730132.468
  7.555   730132.475
  0.000   730132.482
  0.000   730132.489
  0.000   730132.496
  0.000   730132.503
  0.000   730132.510
  0.000   730132.517
  0.000   730132.524
  0.139   730132.531
  0.000   730132.537
  0.000   730132.544
  0.000   730132.551
  0.000   730132.558
  0.000   730132.565
  0.000   730132.572
  0.000   730132.579
  0.000   730132.586
  0.000   730132.593
  0.000   730132.600
  0.000   730132.607
  0.000   730132.614
  0.000   730132.621
  0.000   730132.628
  0.000   730132.635
  0.000   730132.642
  0.000   730132.649
  0.000   730132.656
  0.000   730132.662
  0.000   730132.669
  0.000   730132.676
  0.000   730132.683
  0.000   730132.690
  2.128   730132.697
  1.902   730132.704
  1.624   730132.711
  1.891   730132.718
  1.655   730132.725
  1.709   730132.732
  0.745   730132.739
  0.000   730132.746
  2.095   730132.753
  1.503   730132.760
  0.937   730132.767
  0.000   730132.774
  0.000   730132.781
  5.074   730132.787
  1.653   730132.794
  1.486   730132.801
  1.658   730132.808
    NaN   730132.815
  1.717   730132.822
  1.730   730132.829
  1.436   730132.837
  1.618   730132.843
  1.908   730132.850
  1.857   730132.856
  1.570   730132.863
  1.572   730132.870
  1.551   730132.877
  1.655   730132.884
  1.637   730132.891
  1.693   730132.898
  1.788   730132.905
  1.722   730132.912
  1.791   730132.919
  1.599   730132.926
  1.538   730132.933
  1.685   730132.940
  1.815   730132.947
  1.649   730132.953
  1.852   730132.960
  1.875   730132.967
  1.739   730132.974
  1.677   730132.981
  1.666   730132.988
  1.498   730132.995
