  0.086   730132.000
  0.058   730132.007
  0.067   730132.014
  0.025   730132.021
  0.507   730132.028
  0.096   730132.035
  0.060   730132.042
  0.049   730132.049
  0.097   730132.056
  0.052   730132.063
  0.086   730132.070
  0.035   730132.077
  0.052   730132.084
  0.093   730132.091
  0.072   730132.098
  0.060   730132.105
  0.054   730132.111
  0.087   730132.119
  0.010   730132.126
  0.014   730132.133
  0.057   730132.140
  0.081   730132.147
  0.058   730132.153
  0.079   730132.160
  0.066   730132.167
  0.016   730132.174
  0.080   730132.181
  0.078   730132.188
  0.066   730132.194
  0.098   730132.201
  0.056   730132.208
  0.026   730132.215
  0.061   730132.222
  0.016   730132.229
  0.067   730132.236
  0.069   730132.243
  0.062   730132.250
  0.044   730132.257
  0.042   730132.264
  0.095   730132.271
  0.083   730132.278
  0.063   730132.285
  0.063   730132.292
  0.028   730132.299
  0.062   730132.306
  0.093   730132.312
  0.065   730132.320
  0.063   730132.326
  0.069   730132.333
  0.063   730132.340
  0.061   730132.347
  0.070   730132.354
  0.063   730132.361
  0.035   730132.368
  0.081   730132.375
  0.097   730132.382
  0.062   730132.389
  0.007   730132.396
  0.088   730132.403
  0.085   730132.410
  0.057   730132.417
  0.092   730132.424
  0.104   730132.431
  0.076   730132.438
  0.088   730132.444
  0.057   730132.451
  0.064   730132.458
  0.165   730132.465
  0.088   730132.472
  0.050   730132.479
  0.098   730132.486
  0.007   730132.493
  0.152   730132.500
  0.117   730132.507
  0.151   730132.514
  0.123   730132.521
  0.507   730132.528
  0.096   730132.535
  0.033   730132.542
  0.090   730132.549
  0.158   730132.556
  0.133   730132.562
  0.098   730132.569
  0.028   730132.576
  0.124   730132.583
  0.165   730132.590
  0.137   730132.597
  0.156   730132.604
  0.104   730132.611
  0.135   730132.618
  0.070   730132.625
  0.139   730132.632
  0.017   730132.639
  0.033   730132.646
  0.126   730132.653
  0.126   730132.660
  0.112   730132.667
  0.173   730132.674
  0.100   730132.681
  0.149   730132.688
  0.086   730132.694
  0.072   730132.701
  0.073   730132.708
  0.091   730132.715
  0.073   730132.722
  0.067   730132.729
  0.083   730132.736
  0.148   730132.743
  0.245   730132.750
  0.171   730132.757
  0.235   730132.764
  0.457   730132.771
  0.484   730132.778
  0.420   730132.785
  0.632   730132.792
  0.621   730132.799
  0.706   730132.806
  0.876   730132.812
  1.018   730132.819
  0.822   730132.826
  0.436   730132.833
  0.053   730132.840
  0.065   730132.847
  0.093   730132.854
  0.081   730132.861
  0.135   730132.868
  0.136   730132.875
  0.640   730132.882
  2.541   730132.889
  2.683   730132.896
  2.489   730132.903
  1.977   730132.910
  0.147   730132.917
  1.419   730132.924
  2.523   730132.931
  0.263   730132.938
  2.267   730132.944
  1.873   730132.951
  0.133   730132.958
  0.133   730132.965
  1.700   730132.972
  2.465   730132.979
  0.958   730132.986
  0.066   730132.993
