  0.124   730132.000
  0.126   730132.007
  0.123   730132.014
  0.117   730132.021
  0.150   730132.028
  0.116   730132.035
  0.111   730132.042
  0.121   730132.049
  0.121   730132.056
  0.134   730132.062
  0.119   730132.069
  0.114   730132.076
  0.122   730132.083
  0.124   730132.090
  0.130   730132.097
  0.118   730132.104
  0.206   730132.111
  0.120   730132.118
  0.118   730132.125
  0.126   730132.132
  0.118   730132.139
  0.108   730132.146
  0.115   730132.153
  0.107   730132.160
  0.109   730132.167
  0.102   730132.174
  0.111   730132.181
  0.106   730132.188
  0.114   730132.194
  0.116   730132.201
  0.116   730132.208
  0.103   730132.215
  0.106   730132.222
  0.103   730132.229
  0.116   730132.236
  0.106   730132.243
  0.110   730132.250
  0.114   730132.257
  0.120   730132.264
  0.103   730132.271
  0.116   730132.278
  0.124   730132.285
  0.107   730132.292
  0.130   730132.299
  0.128   730132.306
  0.108   730132.312
  0.122   730132.320
  0.109   730132.326
  0.111   730132.333
  0.105   730132.340
  0.108   730132.347
  0.112   730132.354
  0.101   730132.361
  0.106   730132.368
  0.093   730132.375
  0.113   730132.382
  0.117   730132.389
  0.119   730132.396
  0.115   730132.403
  0.099   730132.410
  0.118   730132.417
  0.111   730132.424
  0.099   730132.431
  0.109   730132.438
  0.101   730132.444
  0.115   730132.451
  0.109   730132.458
  0.114   730132.465
  0.111   730132.472
  0.103   730132.479
  0.109   730132.486
  0.110   730132.493
  0.112   730132.500
  0.110   730132.507
  0.104   730132.514
  0.100   730132.521
  0.112   730132.528
  0.115   730132.535
  0.114   730132.542
  0.110   730132.549
  0.107   730132.556
  0.127   730132.562
  0.123   730132.569
  0.124   730132.576
  0.112   730132.583
  0.127   730132.590
  0.125   730132.597
  0.125   730132.604
  0.132   730132.611
  0.131   730132.618
  0.119   730132.625
  0.132   730132.632
  0.138   730132.639
  0.148   730132.646
  0.141   730132.653
  0.135   730132.660
  0.144   730132.667
  0.130   730132.674
  0.130   730132.681
  0.144   730132.688
  0.131   730132.694
  0.140   730132.701
  0.144   730132.708
  0.148   730132.715
  0.150   730132.722
  0.147   730132.729
  0.151   730132.736
  0.136   730132.743
  0.146   730132.750
  0.146   730132.757
  0.140   730132.764
  0.176   730132.771
  0.156   730132.778
  0.154   730132.785
  0.167   730132.792
  0.159   730132.799
  0.165   730132.806
  0.158   730132.812
  0.172   730132.819
  0.155   730132.826
  0.144   730132.833
  0.173   730132.840
  0.160   730132.847
  0.163   730132.854
  0.149   730132.861
  0.146   730132.868
  0.144   730132.875
  0.163   730132.882
  0.151   730132.889
  0.135   730132.896
  0.140   730132.903
  0.139   730132.910
  0.133   730132.917
  0.142   730132.924
  0.153   730132.931
  0.150   730132.938
  0.134   730132.944
  0.136   730132.951
  0.147   730132.958
  0.128   730132.965
  0.136   730132.972
  0.122   730132.979
  0.131   730132.986
  0.123   730132.993
