  0.238   730132.000
  0.198   730132.007
  0.180   730132.021
  0.225   730132.028
  0.193   730132.035
  0.220   730132.042
  0.201   730132.049
  0.210   730132.056
  0.206   730132.064
  0.195   730132.071
  0.203   730132.078
  0.357   730132.106
  0.661   730132.111
  0.193   730132.119
  0.204   730132.126
  0.186   730132.133
  0.199   730132.140
  0.197   730132.154
  0.195   730132.167
  0.207   730132.174
  0.208   730132.181
  0.212   730132.188
  0.197   730132.195
  0.175   730132.201
  0.196   730132.215
  0.211   730132.222
  0.194   730132.230
  0.212   730132.236
  0.208   730132.243
  0.208   730132.250
  0.198   730132.264
  0.210   730132.271
  0.214   730132.285
  0.208   730132.292
  0.191   730132.306
  0.203   730132.313
  0.197   730132.326
  0.192   730132.341
  0.182   730132.347
  0.205   730132.355
  0.193   730132.362
  0.225   730132.375
  0.191   730132.382
  0.186   730132.403
  0.173   730132.417
  0.182   730132.424
  0.197   730132.431
  0.165   730132.445
  0.164   730132.452
  0.160   730132.465
  0.185   730132.486
  0.164   730132.508
  0.194   730132.515
  0.179   730132.521
  0.176   730132.528
  0.172   730132.535
  0.172   730132.542
  0.173   730132.562
  0.197   730132.583
  0.197   730132.590
  0.177   730132.597
  0.175   730132.604
  0.178   730132.611
  0.173   730132.619
  0.164   730132.632
  0.168   730132.640
  0.205   730132.646
  0.174   730132.653
  0.177   730132.660
  0.178   730132.667
  0.209   730132.674
  0.161   730132.681
  0.187   730132.688
  0.194   730132.694
  0.190   730132.716
  0.194   730132.729
  0.194   730132.736
  0.206   730132.758
  0.177   730132.765
  0.187   730132.771
  0.172   730132.778
  0.217   730132.785
  0.176   730132.792
  0.165   730132.806
  0.195   730132.813
  0.169   730132.820
  0.181   730132.833
  0.177   730132.848
  0.182   730132.854
  0.185   730132.868
  0.197   730132.875
  0.158   730132.882
  0.184   730132.896
  0.188   730132.917
  0.176   730132.924
  0.164   730132.938
  0.168   730132.951
  0.162   730132.958
  0.189   730132.965
  0.185   730132.972
  0.184   730132.979
  0.222   730132.986
  0.179   730132.993
