    NaN   730132.002
    NaN   730132.009
    NaN   730132.016
    NaN   730132.023
    NaN   730132.030
    NaN   730132.037
    NaN   730132.044
    NaN   730132.051
    NaN   730132.058
    NaN   730132.108
    NaN   730132.113
    NaN   730132.165
 37.361   730132.169
    NaN   730132.177
    NaN   730132.183
    NaN   730132.190
    NaN   730132.198
    NaN   730132.204
    NaN   730132.211
    NaN   730132.218
    NaN   730132.225
    NaN   730132.232
    NaN   730132.239
    NaN   730132.246
    NaN   730132.253
    NaN   730132.260
    NaN   730132.267
    NaN   730132.274
    NaN   730132.281
    NaN   730132.287
    NaN   730132.294
    NaN   730132.301
    NaN   730132.308
    NaN   730132.315
    NaN   730132.324
    NaN   730132.329
    NaN   730132.336
    NaN   730132.343
    NaN   730132.350
    NaN   730132.357
    NaN   730132.364
    NaN   730132.371
    NaN   730132.378
    NaN   730132.385
    NaN   730132.392
    NaN   730132.399
    NaN   730132.406
    NaN   730132.412
    NaN   730132.420
    NaN   730132.426
    NaN   730132.433
    NaN   730132.440
    NaN   730132.447
    NaN   730132.456
    NaN   730132.461
    NaN   730132.468
    NaN   730132.475
    NaN   730132.482
    NaN   730132.489
    NaN   730132.496
    NaN   730132.503
    NaN   730132.510
    NaN   730132.517
    NaN   730132.524
    NaN   730132.531
 39.814   730132.537
    NaN   730132.544
    NaN   730132.551
 35.243   730132.558
    NaN   730132.565
    NaN   730132.572
    NaN   730132.579
    NaN   730132.586
    NaN   730132.593
    NaN   730132.600
    NaN   730132.607
    NaN   730132.614
    NaN   730132.621
    NaN   730132.628
    NaN   730132.635
    NaN   730132.642
    NaN   730132.649
    NaN   730132.656
    NaN   730132.663
    NaN   730132.669
    NaN   730132.676
 39.219   730132.683
    NaN   730132.690
    NaN   730132.697
    NaN   730132.704
 39.163   730132.711
 37.933   730132.718
    NaN   730132.725
    NaN   730132.732
    NaN   730132.739
    NaN   730132.746
    NaN   730132.753
 36.915   730132.760
 38.243   730132.767
    NaN   730132.774
 39.358   730132.781
    NaN   730132.787
    NaN   730132.794
    NaN   730132.801
    NaN   730132.809
 27.511   730132.816
 12.550   730132.823
 31.155   730132.829
 26.657   730132.837
 30.751   730132.843
    NaN   730132.850
 38.556   730132.856
    NaN   730132.863
    NaN   730132.870
    NaN   730132.877
    NaN   730132.884
    NaN   730132.891
    NaN   730132.898
    NaN   730132.905
    NaN   730132.912
    NaN   730132.919
    NaN   730132.926
    NaN   730132.933
    NaN   730132.940
    NaN   730132.947
    NaN   730132.953
    NaN   730132.960
    NaN   730132.967
    NaN   730132.974
    NaN   730132.981
    NaN   730132.989
    NaN   730132.996
