  1.562   729320.000
  1.577   729320.010
  1.708   729320.021
  1.444   729320.031
  1.559   729320.042
  1.738   729320.052
  1.384   729320.063
  1.719   729320.073
  1.674   729320.083
  1.500   729320.094
  1.780   729320.104
  1.303   729320.115
  1.351   729320.125
  1.612   729320.135
  1.282   729320.146
  1.428   729320.156
  2.021   729320.167
  1.864   729320.177
  1.858   729320.188
  1.840   729320.198
  1.797   729320.208
  2.080   729320.219
  1.620   729320.229
  1.607   729320.240
  2.004   729320.250
  2.515   729320.260
  1.550   729320.271
  1.865   729320.281
  1.847   729320.292
  1.851   729320.302
  1.823   729320.313
  1.733   729320.323
  1.856   729320.333
  1.607   729320.344
  1.550   729320.365
  1.129   729320.375
  1.324   729320.385
  1.898   729320.396
  1.583   729320.406
  2.194   729320.417
  1.897   729320.427
  2.056   729320.438
  2.209   729320.458
  1.883   729320.469
  1.652   729320.479
  1.696   729320.490
  1.887   729320.500
  2.543   729320.510
  1.552   729320.521
  2.235   729320.531
  2.238   729320.542
  2.001   729320.552
  2.149   729320.563
  1.913   729320.573
  2.158   729320.583
  2.031   729320.594
  2.007   729320.604
  1.717   729320.615
  1.742   729320.625
  1.445   729320.635
  1.219   729320.646
  1.172   729320.656
  1.496   729320.667
  1.994   729320.677
  2.194   729320.688
  1.997   729320.698
  2.067   729320.708
  2.166   729320.719
  1.668   729320.729
  1.945   729320.740
  1.699   729320.750
  1.752   729320.760
  1.756   729320.771
  1.637   729320.781
  1.563   729320.792
  1.787   729320.802
  1.710   729320.813
  2.137   729320.823
  1.859   729320.833
  2.060   729320.844
  1.898   729320.854
  2.400   729320.865
  2.436   729320.875
  1.980   729320.885
  2.400   729320.896
  2.496   729320.906
    NaN   729320.917
  2.754   729320.927
  2.536   729320.938
  3.030   729320.948
  2.735   729320.958
  2.808   729320.969
  2.690   729320.979
  3.165   729320.990
