  0.293   730341.002
  0.011   730341.002
  0.151   730341.002
  0.277   730341.008
  0.276   730341.015
  0.264   730341.022
  0.309   730341.029
  2.272   730341.036
  0.282   730341.043
  0.303   730341.050
  0.297   730341.056
  0.294   730341.064
  0.294   730341.071
  0.374   730341.078
  0.287   730341.085
  0.286   730341.092
  0.300   730341.098
  0.286   730341.105
  0.324   730341.112
  0.333   730341.119
  0.295   730341.126
  0.284   730341.133
  0.281   730341.140
  0.305   730341.147
  0.288   730341.154
  0.317   730341.161
  0.318   730341.168
  0.309   730341.175
  0.307   730341.182
  0.309   730341.189
  0.313   730341.196
  0.298   730341.203
  0.285   730341.210
  0.312   730341.216
  0.338   730341.223
  0.322   730341.230
  0.315   730341.237
  0.325   730341.244
  0.312   730341.251
  0.265   730341.258
  0.299   730341.265
  0.313   730341.272
  0.291   730341.279
  0.351   730341.286
  0.320   730341.293
  0.315   730341.300
  0.340   730341.307
  0.292   730341.314
  0.283   730341.321
  0.360   730341.328
  0.312   730341.335
  0.292   730341.341
  0.300   730341.348
  0.285   730341.355
  0.321   730341.362
  0.298   730341.369
  0.265   730341.376
  0.311   730341.383
  0.304   730341.390
  0.311   730341.397
  0.309   730341.404
  0.295   730341.411
  0.309   730341.418
  0.317   730341.425
  0.320   730341.432
  0.303   730341.439
  0.340   730341.446
  0.316   730341.453
  0.320   730341.460
  0.288   730341.466
  0.304   730341.473
  0.309   730341.480
  0.346   730341.487
  0.328   730341.494
  0.319   730341.501
  0.329   730341.508
  0.303   730341.515
  0.346   730341.522
  0.318   730341.529
  1.095   730341.536
  0.302   730341.543
  0.302   730341.550
  0.345   730341.557
  0.337   730341.564
  0.346   730341.571
  0.282   730341.578
  0.307   730341.585
  0.305   730341.591
  0.289   730341.598
  0.287   730341.605
  0.296   730341.612
  0.301   730341.619
  0.324   730341.626
  0.271   730341.633
  0.326   730341.640
  0.293   730341.647
  0.257   730341.654
  0.244   730341.661
  0.288   730341.668
  0.278   730341.675
  0.265   730341.682
  0.259   730341.689
  0.292   730341.696
  0.322   730341.703
  0.323   730341.710
  0.257   730341.717
  0.305   730341.723
  0.280   730341.730
  0.263   730341.737
  0.247   730341.744
  0.281   730341.751
  0.264   730341.758
  0.283   730341.765
  0.299   730341.772
  0.290   730341.779
  0.263   730341.786
  0.265   730341.793
  0.308   730341.800
  0.264   730341.807
  0.281   730341.814
  0.261   730341.821
  0.240   730341.828
  0.301   730341.835
  0.330   730341.842
  0.287   730341.848
  0.268   730341.855
  0.255   730341.862
  0.272   730341.869
  0.280   730341.876
  0.258   730341.883
  0.271   730341.890
  0.281   730341.897
  0.250   730341.904
  0.248   730341.911
  0.312   730341.918
  0.289   730341.925
  0.261   730341.932
  0.231   730341.939
  0.270   730341.946
  0.286   730341.953
  0.589   730341.960
  0.665   730341.967
  0.239   730341.973
  0.293   730341.980
  0.285   730341.987
  0.248   730341.994
