  0.104   730341.006
  0.235   730341.006
  0.445   730341.013
  0.068   730341.020
  0.280   730341.020
  0.149   730341.027
  0.128   730341.034
  0.131   730341.034
  0.142   730341.041
  0.144   730341.048
  0.101   730341.048
  0.154   730341.055
  0.156   730341.062
  0.130   730341.062
  0.159   730341.069
  0.129   730341.076
  0.144   730341.076
  0.167   730341.083
  0.131   730341.090
  0.121   730341.090
  0.163   730341.097
  0.163   730341.104
  0.157   730341.104
  0.137   730341.110
  0.077   730341.117
  0.131   730341.117
  0.165   730341.124
  0.096   730341.131
  0.149   730341.131
  0.145   730341.138
  0.136   730341.145
  0.150   730341.145
  0.156   730341.152
  0.142   730341.159
  0.183   730341.159
  0.175   730341.166
  0.151   730341.173
  0.019   730341.180
  0.145   730341.180
  0.164   730341.187
  0.154   730341.194
  0.051   730341.194
  0.150   730341.201
  0.163   730341.208
  0.196   730341.215
  0.128   730341.215
  0.163   730341.222
  0.190   730341.229
  0.170   730341.235
  0.161   730341.235
  0.194   730341.242
  0.168   730341.249
  0.158   730341.256
  0.119   730341.256
  0.190   730341.263
  0.174   730341.270
  0.166   730341.277
  0.053   730341.277
  0.144   730341.284
  0.160   730341.291
  0.182   730341.298
  0.039   730341.298
  0.153   730341.305
  0.175   730341.312
  0.175   730341.319
  0.041   730341.326
  0.176   730341.326
  0.150   730341.333
  0.156   730341.340
  0.109   730341.347
  0.164   730341.347
  0.155   730341.354
  0.131   730341.360
  0.110   730341.367
  0.137   730341.367
  0.134   730341.374
  0.155   730341.381
  0.195   730341.388
  0.158   730341.388
  0.162   730341.395
  0.165   730341.402
  0.190   730341.409
  0.160   730341.409
  0.169   730341.416
  0.153   730341.423
  0.169   730341.430
  0.134   730341.430
  0.134   730341.437
  0.148   730341.444
  0.144   730341.451
  0.151   730341.451
  0.136   730341.458
  0.141   730341.465
  0.141   730341.472
  0.025   730341.472
  0.147   730341.479
  0.144   730341.485
  0.129   730341.492
  0.079   730341.499
  0.135   730341.499
  0.129   730341.506
  0.133   730341.513
  0.136   730341.520
  0.140   730341.520
  0.133   730341.527
  0.136   730341.534
  0.145   730341.541
  0.133   730341.541
  0.152   730341.548
  0.236   730341.555
  0.136   730341.562
  0.109   730341.562
  0.126   730341.569
  0.130   730341.576
  0.139   730341.583
  0.041   730341.583
  0.131   730341.590
  0.144   730341.597
  0.130   730341.604
  0.103   730341.611
  0.140   730341.611
  0.133   730341.617
  0.152   730341.624
  0.086   730341.631
  0.125   730341.631
  0.124   730341.638
  0.123   730341.645
  0.142   730341.652
  0.129   730341.652
  0.185   730341.659
  0.163   730341.666
  0.143   730341.673
  0.734   730341.673
  0.140   730341.680
  0.143   730341.687
  0.130   730341.694
  0.080   730341.694
  0.141   730341.701
  0.147   730341.708
  0.125   730341.715
  0.068   730341.715
  0.148   730341.722
  0.124   730341.729
  0.147   730341.735
  0.050   730341.742
  0.323   730341.742
  0.625   730341.749
  0.709   730341.756
  0.131   730341.763
  0.774   730341.763
  0.600   730341.770
  0.576   730341.777
  0.117   730341.784
  0.132   730341.784
  0.599   730341.791
  0.531   730341.798
  0.590   730341.805
  0.196   730341.805
  0.511   730341.812
  0.358   730341.819
  0.287   730341.826
  0.111   730341.833
  0.262   730341.833
  0.147   730341.840
  0.138   730341.847
  0.156   730341.854
  0.186   730341.854
  0.159   730341.860
  0.174   730341.867
  0.115   730341.874
  0.366   730341.874
  0.146   730341.882
  0.161   730341.888
  0.157   730341.888
  0.163   730341.895
  0.140   730341.902
  0.056   730341.902
  0.171   730341.909
  0.183   730341.916
  0.087   730341.923
  0.183   730341.923
  0.174   730341.930
  0.071   730341.937
  0.135   730341.937
  0.162   730341.944
  0.060   730341.951
  0.198   730341.951
  0.174   730341.958
  0.009   730341.958
  0.001   730341.965
  3.536   730341.965
  0.230   730341.972
  0.224   730341.972
  0.164   730341.979
  0.187   730341.985
  0.160   730341.985
  0.166   730341.992
    NaN   730341.999
  1.736   730341.999
