  0.073   730341.000
  0.007   730341.000
  0.021   730341.000
  0.067   730341.007
  0.066   730341.014
  0.048   730341.021
  0.052   730341.028
  0.056   730341.035
  0.063   730341.042
  0.069   730341.049
  0.084   730341.055
  0.073   730341.063
  0.075   730341.070
  0.071   730341.077
  0.072   730341.084
  0.068   730341.091
  0.074   730341.098
  0.080   730341.104
  0.080   730341.111
  0.071   730341.118
  0.073   730341.125
  0.083   730341.132
  0.072   730341.139
  0.077   730341.146
  0.073   730341.153
  0.076   730341.160
  0.063   730341.167
  0.065   730341.174
  0.072   730341.181
  0.074   730341.188
  0.092   730341.195
  0.082   730341.202
  0.083   730341.209
  0.076   730341.216
  0.088   730341.223
  0.085   730341.229
  0.099   730341.236
  0.102   730341.243
  0.089   730341.250
  0.095   730341.257
  0.091   730341.264
  0.098   730341.271
  0.095   730341.278
  0.087   730341.285
  0.099   730341.292
  0.101   730341.299
  0.083   730341.306
  0.083   730341.313
  0.081   730341.320
  0.066   730341.327
  0.064   730341.334
  0.079   730341.341
  0.079   730341.348
  0.080   730341.354
  0.100   730341.361
  0.092   730341.368
  0.099   730341.375
  0.097   730341.382
  0.099   730341.389
  0.088   730341.396
  0.084   730341.403
  0.087   730341.410
  0.074   730341.417
  0.084   730341.424
  0.082   730341.431
  0.084   730341.438
  0.081   730341.445
  0.079   730341.452
  0.084   730341.459
  0.085   730341.466
  0.082   730341.473
  0.079   730341.479
  0.084   730341.486
  0.077   730341.493
  0.077   730341.500
  0.087   730341.507
  0.073   730341.514
  0.073   730341.521
  0.074   730341.528
  0.083   730341.535
  0.068   730341.542
  0.063   730341.549
  0.069   730341.556
  0.085   730341.563
  0.091   730341.570
  0.082   730341.577
  0.093   730341.584
  0.067   730341.591
  0.077   730341.598
  0.067   730341.604
  0.081   730341.612
  0.083   730341.618
  0.071   730341.625
  0.075   730341.632
  0.083   730341.639
  0.085   730341.646
  0.087   730341.653
  0.101   730341.660
  0.116   730341.667
  0.124   730341.674
  0.185   730341.681
  7.496   730341.688
  0.170   730341.695
  0.158   730341.702
  0.178   730341.709
  0.157   730341.716
  0.139   730341.723
  0.129   730341.729
  0.126   730341.736
  0.112   730341.743
  0.123   730341.750
  0.138   730341.757
  0.130   730341.764
  0.142   730341.771
  0.121   730341.778
  0.121   730341.785
  0.118   730341.792
  0.124   730341.799
  0.113   730341.806
  0.103   730341.813
  0.093   730341.820
  0.104   730341.827
  0.104   730341.834
  0.113   730341.841
  0.100   730341.848
  0.091   730341.855
  0.109   730341.861
  0.105   730341.868
  0.097   730341.875
  0.096   730341.883
  0.113   730341.889
  0.111   730341.896
  0.102   730341.903
  0.095   730341.910
  0.102   730341.917
  0.089   730341.924
  0.110   730341.931
  0.107   730341.938
  0.097   730341.945
  0.099   730341.952
  0.104   730341.959
  0.358   730341.966
  0.113   730341.973
  0.096   730341.979
  0.131   730341.986
  0.093   730341.993
