  0.122   730341.000
  0.051   730341.000
  0.124   730341.007
  0.129   730341.014
  0.126   730341.021
  0.120   730341.028
  0.120   730341.035
  0.097   730341.042
  0.118   730341.049
  0.122   730341.055
  0.116   730341.063
  0.110   730341.070
  0.119   730341.077
  0.108   730341.084
  0.107   730341.091
  0.125   730341.098
  0.127   730341.104
  0.122   730341.111
  0.127   730341.118
  0.123   730341.125
  0.107   730341.132
  0.124   730341.139
  0.103   730341.146
  0.119   730341.153
  0.124   730341.160
  0.124   730341.167
  0.111   730341.174
  0.123   730341.181
  0.140   730341.188
  0.152   730341.195
  0.135   730341.202
  0.143   730341.209
  0.155   730341.216
  0.145   730341.223
  0.129   730341.229
  0.146   730341.236
  0.155   730341.243
  0.138   730341.250
  0.130   730341.257
  0.142   730341.264
  0.162   730341.271
  0.151   730341.278
  0.145   730341.285
  0.139   730341.292
  0.176   730341.299
  0.164   730341.306
  0.158   730341.313
  0.146   730341.320
  6.180   730341.327
  0.139   730341.334
  0.138   730341.341
  0.147   730341.348
  0.137   730341.354
  0.158   730341.361
  0.106   730341.368
  0.126   730341.375
  0.134   730341.382
  0.123   730341.389
  0.138   730341.396
  0.149   730341.403
  0.140   730341.410
  0.141   730341.417
  0.139   730341.424
  0.145   730341.431
  0.121   730341.438
  0.129   730341.445
  0.130   730341.452
  0.119   730341.459
  0.130   730341.466
  0.135   730341.473
  0.135   730341.479
  0.141   730341.486
  0.129   730341.493
  0.146   730341.500
  0.151   730341.507
  0.139   730341.514
  0.122   730341.521
  0.143   730341.528
  0.119   730341.535
  0.114   730341.542
  0.126   730341.549
  0.128   730341.556
  0.119   730341.563
  0.141   730341.570
  0.127   730341.577
  0.138   730341.584
  0.152   730341.591
  0.123   730341.598
  0.129   730341.604
  0.121   730341.612
  0.133   730341.618
  0.150   730341.625
  0.144   730341.632
  0.142   730341.639
  0.144   730341.646
  0.152   730341.653
  0.150   730341.660
  0.183   730341.667
  0.219   730341.674
  0.179   730341.681
  0.182   730341.688
  0.484   730341.695
  0.216   730341.702
  0.193   730341.709
  0.196   730341.716
  0.220   730341.723
  0.213   730341.729
  0.178   730341.736
  0.192   730341.743
  0.169   730341.750
  0.169   730341.757
  0.194   730341.764
  0.193   730341.771
  0.189   730341.778
  0.184   730341.785
  0.180   730341.792
  0.164   730341.799
  0.130   730341.806
  0.147   730341.813
  0.147   730341.820
  6.242   730341.827
  0.126   730341.834
  0.139   730341.841
  0.136   730341.848
  0.132   730341.855
  0.145   730341.861
  0.130   730341.868
  0.156   730341.875
  0.149   730341.883
  0.157   730341.889
  0.153   730341.896
  0.138   730341.903
  0.150   730341.910
  0.167   730341.917
  0.149   730341.924
  0.172   730341.931
  0.164   730341.938
  0.172   730341.945
  0.157   730341.952
  0.180   730341.959
  0.949   730341.966
  0.181   730341.973
  0.151   730341.979
  0.170   730341.986
  0.206   730341.993
