  0.269   730341.003
  0.042   730341.003
  0.215   730341.003
  0.239   730341.009
  0.245   730341.016
  0.280   730341.023
  0.283   730341.030
  0.265   730341.037
  0.241   730341.044
  0.278   730341.051
  0.207   730341.056
  0.303   730341.064
  0.299   730341.071
  0.506   730341.078
  0.335   730341.085
  0.358   730341.092
  0.319   730341.099
  0.391   730341.106
  0.363   730341.113
  0.330   730341.120
  0.370   730341.127
  0.410   730341.134
  0.364   730341.141
  0.378   730341.148
  0.327   730341.155
  0.382   730341.162
  0.354   730341.169
  0.346   730341.176
  0.373   730341.183
  0.409   730341.189
  0.319   730341.196
  0.316   730341.203
  0.357   730341.210
  0.311   730341.217
  0.351   730341.224
  0.295   730341.231
  0.297   730341.238
  0.305   730341.245
  0.315   730341.252
  0.348   730341.259
  0.302   730341.266
  0.309   730341.273
  0.286   730341.280
  0.287   730341.287
  0.322   730341.294
  0.274   730341.301
  0.315   730341.308
  0.274   730341.314
  0.302   730341.321
  0.287   730341.328
  0.255   730341.335
  0.332   730341.342
  0.262   730341.349
  0.300   730341.356
  0.293   730341.363
  0.346   730341.370
  0.300   730341.377
  0.319   730341.384
  0.332   730341.391
  0.313   730341.398
  0.331   730341.405
  0.310   730341.412
  0.309   730341.419
  0.310   730341.425
  0.326   730341.432
  0.361   730341.439
  0.285   730341.446
  0.297   730341.453
  0.314   730341.460
  0.339   730341.467
  0.296   730341.474
  0.311   730341.481
  0.313   730341.488
  0.285   730341.495
  0.291   730341.502
  0.333   730341.509
  0.298   730341.516
  0.324   730341.523
  0.295   730341.530
  0.276   730341.537
  0.326   730341.544
  0.319   730341.550
  0.355   730341.557
  0.372   730341.564
  0.406   730341.571
  0.367   730341.578
  0.384   730341.585
  0.400   730341.592
  0.435   730341.599
  0.399   730341.606
  0.391   730341.613
  0.376   730341.620
  0.422   730341.627
  0.446   730341.634
  0.442   730341.641
  0.434   730341.648
  0.420   730341.655
  0.440   730341.662
  0.455   730341.669
  0.446   730341.676
  0.456   730341.682
  0.460   730341.689
  0.491   730341.696
  0.477   730341.703
  0.502   730341.710
  0.477   730341.717
  0.522   730341.724
  0.495   730341.731
  0.458   730341.738
  0.470   730341.745
  0.503   730341.752
  0.500   730341.759
  0.539   730341.766
  0.570   730341.773
  0.533   730341.780
  0.548   730341.787
  0.541   730341.794
  0.568   730341.801
  0.492   730341.808
  0.526   730341.814
  0.552   730341.821
  0.563   730341.828
  0.575   730341.835
  0.468   730341.842
  0.572   730341.849
  0.516   730341.856
  0.568   730341.863
  3.292   730341.870
  0.486   730341.877
  0.500   730341.884
  0.521   730341.891
  0.490   730341.898
  0.512   730341.905
  0.548   730341.912
  0.615   730341.919
  0.619   730341.926
  0.565   730341.932
  0.714   730341.939
  0.667   730341.946
  0.559   730341.953
  0.834   730341.961
  0.663   730341.967
  0.590   730341.974
  0.552   730341.981
  0.562   730341.988
  0.551   730341.995
