  0.117   730295.000
  0.453   730295.007
  0.381   730295.014
  0.388   730295.021
  0.405   730295.028
  0.433   730295.035
  0.413   730295.042
  0.417   730295.048
  0.489   730295.055
  0.462   730295.062
  0.494   730295.069
  0.461   730295.076
  9.972   730295.083
  0.450   730295.090
  0.442   730295.097
  0.490   730295.104
  0.457   730295.111
  0.501   730295.118
  0.426   730295.125
  0.505   730295.132
  0.550   730295.139
  0.418   730295.146
  0.480   730295.153
  0.445   730295.160
  0.457   730295.166
  0.531   730295.173
  0.451   730295.180
  0.449   730295.187
  0.448   730295.194
  0.495   730295.201
  0.501   730295.208
  0.450   730295.215
  0.419   730295.222
  0.465   730295.229
  0.467   730295.236
  0.509   730295.243
  0.523   730295.250
  0.499   730295.257
  0.500   730295.264
  0.470   730295.271
  0.466   730295.278
  0.486   730295.285
  0.444   730295.292
  0.435   730295.298
  0.535   730295.305
  0.487   730295.312
  0.474   730295.319
  0.447   730295.326
  0.448   730295.333
  0.475   730295.340
  0.476   730295.347
  0.433   730295.354
  0.422   730295.361
  0.459   730295.368
  0.411   730295.375
  0.413   730295.382
  0.419   730295.389
  0.412   730295.396
  0.386   730295.403
  0.368   730295.410
  0.452   730295.417
  0.426   730295.424
  0.343   730295.430
  0.386   730295.437
  0.423   730295.444
  0.371   730295.451
  0.342   730295.459
  0.370   730295.472
  0.391   730295.475
  0.416   730295.481
  0.415   730295.495
  0.354   730295.496
  0.381   730295.501
  0.337   730295.510
  0.380   730295.522
  0.371   730295.529
  0.357   730295.535
  0.393   730295.542
  0.404   730295.549
  0.353   730295.556
  0.368   730295.563
  0.376   730295.569
  0.356   730295.576
  9.334   730295.583
  7.354   730295.590
  0.369   730295.597
  0.399   730295.604
  0.345   730295.611
  0.380   730295.618
  0.356   730295.625
  0.316   730295.632
  0.350   730295.639
  0.363   730295.646
  0.340   730295.653
  0.342   730295.660
  0.339   730295.667
  0.373   730295.673
  0.327   730295.680
  0.353   730295.687
  0.339   730295.694
  0.353   730295.701
  0.364   730295.708
  0.384   730295.715
  0.365   730295.722
  0.391   730295.729
  0.355   730295.736
  0.361   730295.743
  0.411   730295.750
  0.372   730295.757
  0.425   730295.764
  0.397   730295.771
  0.392   730295.778
  0.372   730295.785
  0.364   730295.792
  0.391   730295.799
  0.410   730295.805
  0.362   730295.812
  0.379   730295.819
  0.399   730295.826
  0.390   730295.833
  0.364   730295.840
  0.403   730295.847
  0.434   730295.854
  0.435   730295.861
  0.466   730295.868
  0.453   730295.875
  0.464   730295.882
  0.461   730295.889
  0.466   730295.896
  0.426   730295.903
  0.411   730295.910
  0.477   730295.917
  0.457   730295.924
  0.427   730295.931
  0.408   730295.937
  0.418   730295.944
  0.430   730295.952
  0.460   730295.958
  0.436   730295.965
  0.429   730295.972
  0.416   730295.979
  0.400   730295.986
  0.412   730295.993
