  0.072   730295.001
  0.167   730295.008
  0.157   730295.014
  0.156   730295.022
  0.176   730295.029
  0.192   730295.035
  0.165   730295.042
  0.185   730295.049
  0.206   730295.056
  0.213   730295.063
  0.195   730295.070
  0.182   730295.077
  0.171   730295.084
  0.176   730295.091
  0.169   730295.098
  0.165   730295.105
  0.144   730295.112
  0.155   730295.119
  0.135   730295.126
  0.151   730295.132
  0.154   730295.139
  0.143   730295.146
  0.139   730295.153
  0.130   730295.160
  0.139   730295.167
  0.130   730295.174
  0.139   730295.181
  0.127   730295.188
  0.127   730295.195
  0.146   730295.202
  0.131   730295.209
  0.142   730295.216
  0.149   730295.223
  0.124   730295.230
  3.736   730295.237
  0.123   730295.244
  0.136   730295.251
  0.144   730295.258
  0.146   730295.265
  0.141   730295.271
  0.114   730295.278
  0.142   730295.285
  0.148   730295.292
  0.136   730295.299
  0.140   730295.306
  0.148   730295.313
  0.147   730295.320
  0.150   730295.327
  0.143   730295.334
  0.152   730295.341
  0.143   730295.348
  0.146   730295.355
  0.136   730295.362
  0.131   730295.369
  0.154   730295.376
  0.172   730295.383
  0.143   730295.389
  0.156   730295.397
  0.141   730295.403
  0.156   730295.410
  0.144   730295.417
  0.156   730295.424
  0.149   730295.431
  0.155   730295.438
  0.156   730295.445
  0.145   730295.452
  0.153   730295.460
  0.138   730295.480
  0.144   730295.481
  0.550   730295.485
  0.158   730295.499
  0.163   730295.500
  0.175   730295.505
  0.158   730295.516
  0.161   730295.524
  0.157   730295.530
  0.169   730295.541
  0.162   730295.546
  0.162   730295.552
  0.155   730295.557
  0.157   730295.564
  0.148   730295.570
  0.321   730295.577
  0.175   730295.584
  0.172   730295.591
  0.177   730295.598
  0.180   730295.605
  0.189   730295.612
  0.163   730295.619
  0.197   730295.626
  0.176   730295.633
  0.157   730295.640
  0.177   730295.646
  0.191   730295.653
  0.188   730295.660
  0.203   730295.667
  0.184   730295.674
  0.199   730295.681
  0.200   730295.688
  0.219   730295.695
  0.198   730295.702
  0.186   730295.709
  0.215   730295.716
  0.211   730295.723
  0.230   730295.730
  3.733   730295.737
  0.203   730295.744
  0.202   730295.751
  0.189   730295.758
  0.203   730295.765
  0.176   730295.772
  0.197   730295.779
  0.205   730295.785
  0.202   730295.792
  0.167   730295.799
  0.185   730295.806
  0.201   730295.813
  0.199   730295.820
  0.201   730295.827
  0.190   730295.834
  0.193   730295.841
  0.183   730295.848
  0.181   730295.855
  0.178   730295.862
  0.195   730295.869
  0.213   730295.876
  0.197   730295.883
  0.215   730295.890
  0.196   730295.897
  0.198   730295.904
  0.208   730295.911
  0.195   730295.917
  0.206   730295.924
  0.179   730295.931
  0.208   730295.938
  0.206   730295.945
  0.170   730295.953
  0.201   730295.959
  0.186   730295.966
  0.357   730295.973
  1.242   730295.980
  0.312   730295.987
  0.161   730295.994
