  0.559   730112.003
  0.476   730112.010
  0.643   730112.017
  0.543   730112.024
  0.570   730112.031
  0.533   730112.037
  0.587   730112.044
  0.560   730112.051
  0.493   730112.058
  0.437   730112.065
  0.499   730112.072
  0.515   730112.079
  0.545   730112.086
  0.479   730112.093
  0.513   730112.100
  0.432   730112.107
  0.499   730112.114
  0.569   730112.121
  0.507   730112.128
  0.456   730112.135
  0.580   730112.142
  0.457   730112.149
  0.548   730112.156
  0.549   730112.162
  0.581   730112.169
  0.509   730112.176
  0.532   730112.183
  0.586   730112.190
  0.604   730112.197
  0.515   730112.204
  0.518   730112.211
  0.576   730112.218
  0.473   730112.225
  0.536   730112.232
  0.465   730112.239
  0.603   730112.246
  0.568   730112.253
  0.589   730112.260
  0.531   730112.267
  0.566   730112.274
  0.579   730112.281
  0.581   730112.287
  0.448   730112.294
  0.522   730112.301
  0.485   730112.308
  0.631   730112.315
  0.537   730112.322
  0.492   730112.329
  0.500   730112.336
  0.610   730112.343
  0.544   730112.350
  0.605   730112.357
  0.604   730112.364
  0.654   730112.371
  0.615   730112.378
  0.640   730112.385
  0.667   730112.392
  0.542   730112.399
  0.669   730112.406
  0.623   730112.413
  0.517   730112.419
  0.512   730112.426
  0.485   730112.434
  0.609   730112.440
  0.609   730112.447
  0.472   730112.455
  0.556   730112.461
  0.629   730112.468
  0.558   730112.475
  0.550   730112.482
  0.643   730112.489
  0.492   730112.496
  0.584   730112.503
  0.572   730112.510
  0.550   730112.517
  0.513   730112.524
  0.576   730112.531
  0.584   730112.537
  0.536   730112.544
  0.564   730112.551
  0.420   730112.558
  0.558   730112.565
  0.516   730112.572
  0.499   730112.579
  0.489   730112.591
  0.425   730112.616
  0.503   730112.637
  0.506   730112.666
  0.551   730112.701
  0.536   730112.725
  0.582   730112.732
  0.488   730112.739
  0.573   730112.746
  0.609   730112.753
  0.452   730112.760
  0.508   730112.767
  0.552   730112.774
    NaN   730112.781
  0.463   730112.794
  0.532   730112.801
  0.581   730112.808
  0.622   730112.815
  0.463   730112.822
  0.602   730112.843
  0.476   730112.850
  0.460   730112.857
  0.500   730112.865
  0.584   730112.871
  0.453   730112.878
  0.581   730112.885
  0.501   730112.892
  0.423   730112.899
  0.598   730112.906
  0.399   730112.912
  0.493   730112.919
  0.449   730112.926
  0.597   730112.935
  0.526   730112.948
  0.498   730112.954
  0.460   730112.961
  0.555   730112.968
  0.835   730112.975
  0.636   730112.982
  0.469   730112.989
  0.495   730112.996
