    NaN   730355.007
    NaN   730355.007
    NaN   730355.007
    NaN   730355.014
    NaN   730355.021
    NaN   730355.028
    NaN   730355.034
    NaN   730355.041
    NaN   730355.048
    NaN   730355.055
    NaN   730355.062
    NaN   730355.069
    NaN   730355.076
    NaN   730355.083
    NaN   730355.090
    NaN   730355.097
    NaN   730355.104
    NaN   730355.111
    NaN   730355.118
    NaN   730355.125
    NaN   730355.132
    NaN   730355.139
    NaN   730355.146
    NaN   730355.153
    NaN   730355.159
    NaN   730355.166
    NaN   730355.173
    NaN   730355.180
    NaN   730355.187
    NaN   730355.194
    NaN   730355.201
    NaN   730355.208
    NaN   730355.215
    NaN   730355.222
    NaN   730355.229
    NaN   730355.236
    NaN   730355.243
    NaN   730355.250
    NaN   730355.257
    NaN   730355.264
    NaN   730355.271
    NaN   730355.278
    NaN   730355.284
    NaN   730355.291
    NaN   730355.298
    NaN   730355.305
    NaN   730355.312
    NaN   730355.319
    NaN   730355.326
    NaN   730355.333
    NaN   730355.340
    NaN   730355.347
    NaN   730355.354
    NaN   730355.361
    NaN   730355.368
    NaN   730355.375
    NaN   730355.382
    NaN   730355.389
    NaN   730355.396
    NaN   730355.403
    NaN   730355.409
    NaN   730355.416
    NaN   730355.423
    NaN   730355.430
    NaN   730355.437
    NaN   730355.444
    NaN   730355.451
    NaN   730355.458
    NaN   730355.465
    NaN   730355.472
    NaN   730355.479
    NaN   730355.486
    NaN   730355.493
    NaN   730355.500
    NaN   730355.507
    NaN   730355.514
    NaN   730355.521
    NaN   730355.528
    NaN   730355.534
    NaN   730355.541
    NaN   730355.548
    NaN   730355.555
    NaN   730355.562
    NaN   730355.569
    NaN   730355.576
    NaN   730355.583
    NaN   730355.590
    NaN   730355.597
    NaN   730355.604
    NaN   730355.611
    NaN   730355.618
    NaN   730355.625
    NaN   730355.632
    NaN   730355.639
    NaN   730355.646
    NaN   730355.653
    NaN   730355.659
    NaN   730355.666
    NaN   730355.673
    NaN   730355.680
    NaN   730355.687
    NaN   730355.694
    NaN   730355.701
    NaN   730355.708
    NaN   730355.715
    NaN   730355.722
    NaN   730355.729
    NaN   730355.736
    NaN   730355.743
    NaN   730355.750
    NaN   730355.757
    NaN   730355.764
    NaN   730355.771
    NaN   730355.778
    NaN   730355.784
    NaN   730355.791
    NaN   730355.798
    NaN   730355.805
    NaN   730355.812
    NaN   730355.819
    NaN   730355.826
    NaN   730355.833
    NaN   730355.840
    NaN   730355.847
    NaN   730355.854
    NaN   730355.861
    NaN   730355.868
    NaN   730355.875
    NaN   730355.882
    NaN   730355.889
    NaN   730355.896
    NaN   730355.903
    NaN   730355.909
    NaN   730355.916
    NaN   730355.923
    NaN   730355.930
    NaN   730355.937
    NaN   730355.944
    NaN   730355.951
    NaN   730355.958
    NaN   730355.965
    NaN   730355.972
    NaN   730355.979
    NaN   730355.986
    NaN   730355.993
    NaN   730356.000
