  0.358   730355.007
  0.203   730355.007
  0.885   730355.007
  1.598   730355.014
  0.769   730355.021
  0.835   730355.028
  0.854   730355.034
  0.865   730355.041
  0.609   730355.048
  0.601   730355.055
  0.707   730355.062
  0.753   730355.069
  0.843   730355.076
  0.702   730355.083
  0.637   730355.090
  0.631   730355.097
  0.863   730355.104
  0.721   730355.111
  0.639   730355.118
  0.754   730355.125
  0.741   730355.132
  0.758   730355.139
  0.667   730355.146
  0.732   730355.153
  0.643   730355.159
  0.760   730355.166
  0.617   730355.173
  0.614   730355.180
  0.714   730355.187
  0.640   730355.194
  0.826   730355.201
  0.751   730355.208
  0.795   730355.215
  0.992   730355.222
  0.923   730355.229
  0.950   730355.236
  0.877   730355.243
  0.958   730355.250
  0.905   730355.257
  1.022   730355.264
  0.940   730355.271
  0.988   730355.278
  0.985   730355.284
  1.102   730355.291
  1.009   730355.298
  0.963   730355.305
  0.878   730355.312
  0.953   730355.319
  0.878   730355.326
  0.923   730355.333
  1.032   730355.340
  1.132   730355.347
  1.234   730355.354
  0.953   730355.361
  1.137   730355.368
  1.022   730355.375
  1.130   730355.382
  0.954   730355.389
  1.095   730355.396
  0.945   730355.403
  0.803   730355.409
  2.749   730355.416
  1.041   730355.423
  1.245   730355.430
  0.934   730355.437
  2.617   730355.444
  0.991   730355.451
  0.919   730355.458
  0.705   730355.465
  0.773   730355.472
  0.856   730355.479
  0.731   730355.486
  0.799   730355.493
  0.836   730355.500
  1.184   730355.507
  1.407   730355.514
  1.075   730355.521
  1.344   730355.528
  1.056   730355.534
  1.198   730355.541
  1.123   730355.548
  1.144   730355.555
  1.105   730355.562
  1.097   730355.569
  1.101   730355.576
  1.005   730355.583
  0.853   730355.590
  0.979   730355.597
  1.069   730355.604
  0.978   730355.611
  0.844   730355.618
  0.717   730355.625
  0.692   730355.632
  2.656   730355.639
  0.671   730355.646
  0.774   730355.653
  0.702   730355.659
  0.834   730355.666
  0.797   730355.673
  0.907   730355.680
  0.728   730355.687
  0.832   730355.694
  0.789   730355.701
  0.778   730355.708
  0.771   730355.715
  0.014   730355.722
  0.015   730355.729
  0.015   730355.736
  0.015   730355.743
  3.510   730355.750
  0.923   730355.757
  0.845   730355.764
  0.975   730355.771
  0.920   730355.778
  0.761   730355.784
  0.783   730355.791
  0.827   730355.798
  0.759   730355.805
  0.923   730355.812
  0.855   730355.819
  0.942   730355.826
  1.074   730355.833
  2.638   730355.840
  0.944   730355.847
  0.986   730355.854
  0.902   730355.861
  0.923   730355.868
  0.894   730355.875
  1.060   730355.882
  0.991   730355.889
  0.817   730355.896
  1.156   730355.903
  0.997   730355.909
  0.865   730355.916
  0.922   730355.923
  0.919   730355.930
  1.019   730355.937
  1.029   730355.944
  0.872   730355.951
  0.839   730355.958
  0.830   730355.965
  0.998   730355.972
  0.957   730355.979
  0.903   730355.986
  0.892   730355.993
  0.905   730356.000
