  0.058   730355.007
  0.007   730355.007
  0.154   730355.007
  0.142   730355.013
  0.133   730355.020
  0.146   730355.027
  0.138   730355.034
  0.138   730355.041
  0.153   730355.048
  0.141   730355.055
  0.141   730355.062
  0.153   730355.069
  0.170   730355.076
  0.142   730355.083
  0.159   730355.090
  0.137   730355.097
  0.156   730355.104
  0.141   730355.111
  0.149   730355.118
  0.148   730355.125
  0.131   730355.131
  0.143   730355.138
  0.143   730355.145
  0.161   730355.152
  0.165   730355.159
  0.157   730355.166
  0.151   730355.173
  0.159   730355.180
  0.158   730355.187
  0.150   730355.194
  0.158   730355.201
  0.150   730355.208
  0.168   730355.215
  0.145   730355.222
  0.187   730355.229
  0.166   730355.236
  0.169   730355.243
  0.168   730355.250
  0.156   730355.256
  0.192   730355.263
  0.189   730355.270
  0.166   730355.277
  0.169   730355.284
  0.157   730355.291
  0.163   730355.298
  0.186   730355.305
  0.184   730355.312
  0.171   730355.319
  0.168   730355.326
  0.179   730355.333
  0.171   730355.340
  0.175   730355.347
  0.187   730355.354
  0.185   730355.361
  0.175   730355.368
  0.182   730355.375
  0.189   730355.381
  0.170   730355.388
  0.174   730355.395
  0.189   730355.402
  0.177   730355.409
  0.191   730355.416
  0.195   730355.423
  0.179   730355.430
  0.179   730355.437
  0.202   730355.444
  0.196   730355.451
  0.236   730355.458
  0.206   730355.465
  0.224   730355.472
  0.228   730355.479
  0.189   730355.486
  0.243   730355.493
  0.267   730355.500
  0.468   730355.506
  0.484   730355.513
  0.173   730355.520
  0.169   730355.527
  0.179   730355.534
  0.175   730355.541
  0.161   730355.548
  0.154   730355.555
  0.169   730355.562
  0.145   730355.569
  0.158   730355.576
    NaN   730355.583
  0.164   730355.590
  0.154   730355.597
  0.142   730355.604
  0.137   730355.611
  0.147   730355.618
  0.153   730355.625
  0.131   730355.631
  0.171   730355.638
  0.145   730355.645
  0.154   730355.652
  0.136   730355.659
  0.146   730355.666
  0.127   730355.673
  0.144   730355.680
  0.125   730355.687
  0.130   730355.694
  0.145   730355.701
  0.132   730355.708
  0.127   730355.715
  0.133   730355.722
  0.136   730355.729
  0.125   730355.736
  0.122   730355.743
  0.154   730355.750
  0.126   730355.756
  0.136   730355.763
  0.123   730355.770
  0.133   730355.777
  0.129   730355.784
  0.115   730355.791
  0.130   730355.798
  0.128   730355.805
  0.133   730355.812
  0.126   730355.819
  0.112   730355.826
  0.124   730355.833
  0.142   730355.840
  0.128   730355.847
  0.122   730355.854
  0.111   730355.861
  0.117   730355.868
  0.126   730355.875
  0.146   730355.882
  0.133   730355.888
  0.126   730355.895
  0.150   730355.902
  0.117   730355.909
  0.120   730355.916
  0.136   730355.923
  0.115   730355.930
  0.119   730355.937
  0.141   730355.944
  0.127   730355.951
  0.143   730355.958
  0.129   730355.965
  0.141   730355.972
  0.126   730355.979
  0.111   730355.986
  0.134   730355.993
  0.124   730356.000
