  0.109   730355.006
  0.004   730355.006
  0.403   730355.006
  0.349   730355.013
  0.400   730355.020
  0.360   730355.027
  0.359   730355.034
  0.408   730355.041
  0.407   730355.048
  0.443   730355.055
  0.391   730355.062
  0.344   730355.069
  0.422   730355.076
  0.453   730355.083
  0.423   730355.090
  0.401   730355.097
  0.466   730355.104
  0.427   730355.110
  0.483   730355.117
  0.407   730355.124
  0.392   730355.131
  0.445   730355.138
  0.390   730355.145
  0.376   730355.152
  0.398   730355.159
  0.441   730355.166
  0.500   730355.173
  0.418   730355.180
  0.426   730355.187
  0.418   730355.194
  0.457   730355.201
  0.442   730355.208
  0.423   730355.215
  0.360   730355.222
  0.415   730355.229
  0.446   730355.235
  0.402   730355.242
  0.404   730355.249
  0.396   730355.256
  0.421   730355.263
  0.553   730355.270
  0.337   730355.277
  0.449   730355.284
  0.469   730355.291
  0.424   730355.298
  0.353   730355.305
  0.373   730355.312
  0.399   730355.319
  0.435   730355.326
  0.399   730355.333
  0.386   730355.340
  0.405   730355.347
  0.448   730355.354
  0.480   730355.360
  0.417   730355.367
  0.356   730355.374
  0.373   730355.381
  0.368   730355.388
  0.368   730355.395
  0.356   730355.402
  0.441   730355.409
  0.429   730355.416
  0.488   730355.423
  0.475   730355.430
  0.427   730355.437
  0.341   730355.444
  0.430   730355.451
  0.430   730355.458
  0.380   730355.465
  0.470   730355.472
  0.504   730355.479
  0.571   730355.485
  0.576   730355.492
  0.494   730355.499
  0.485   730355.506
  0.438   730355.513
  0.459   730355.520
  0.598   730355.527
  0.767   730355.534
  0.901   730355.541
  0.954   730355.548
  0.708   730355.555
  0.760   730355.562
  0.831   730355.569
  0.685   730355.576
  0.571   730355.583
  0.605   730355.590
  0.509   730355.597
  0.424   730355.604
  0.479   730355.610
  0.566   730355.617
  0.595   730355.624
  0.676   730355.631
  0.620   730355.638
  0.504   730355.645
  0.501   730355.652
  0.501   730355.659
  0.482   730355.666
  0.496   730355.673
  0.453   730355.680
  0.448   730355.687
  0.431   730355.694
  0.443   730355.701
  0.409   730355.708
  0.423   730355.715
  0.384   730355.722
  0.428   730355.729
  0.371   730355.735
  0.388   730355.742
  0.398   730355.749
  1.438   730355.756
  0.461   730355.763
  0.463   730355.770
  0.408   730355.777
  0.422   730355.784
  0.472   730355.791
  0.369   730355.798
  0.364   730355.805
  0.346   730355.812
  0.392   730355.819
  0.339   730355.826
  0.365   730355.833
  0.436   730355.840
  0.375   730355.847
  0.406   730355.854
  0.297   730355.860
  0.283   730355.867
  0.343   730355.874
  0.389   730355.881
  0.288   730355.888
  0.335   730355.895
  0.300   730355.902
  0.295   730355.909
  0.355   730355.916
  0.426   730355.923
  0.378   730355.930
  0.275   730355.937
  0.265   730355.944
  0.272   730355.951
  0.293   730355.958
  0.249   730355.965
  0.251   730355.972
  0.260   730355.979
  0.275   730355.985
  0.328   730355.992
  0.396   730355.999
