  6.870   730365.009
  0.442   730365.016
  0.427   730365.022
  0.441   730365.030
  0.603   730365.037
  0.755   730365.044
  0.803   730365.050
  0.964   730365.056
  0.594   730365.064
  1.134   730365.071
  0.597   730365.078
  0.310   730365.085
  0.965   730365.092
  1.365   730365.099
  0.526   730365.106
  1.364   730365.113
  0.496   730365.120
  0.789   730365.126
  0.252   730365.133
  0.813   730365.140
  1.136   730365.147
  0.594   730365.155
  0.466   730365.161
  0.963   730365.168
  1.021   730365.175
  0.557   730365.182
  1.224   730365.189
  0.379   730365.197
  0.285   730365.203
  0.588   730365.210
  0.271   730365.217
  0.796   730365.224
  0.759   730365.231
  0.784   730365.238
  0.395   730365.245
  0.380   730365.252
  0.481   730365.258
  0.670   730365.265
  0.528   730365.272
  1.164   730365.280
  0.181   730365.286
  0.340   730365.293
  1.017   730365.300
  0.374   730365.307
  0.458   730365.314
  0.669   730365.322
  0.781   730365.328
  0.406   730365.335
  1.230   730365.342
  0.893   730365.349
  0.495   730365.356
  0.849   730365.363
  0.545   730365.370
  0.551   730365.377
  0.907   730365.383
  0.932   730365.390
  0.262   730365.397
  0.626   730365.405
  0.253   730365.411
  0.649   730365.418
  0.498   730365.425
  0.722   730365.432
  0.444   730365.439
  0.330   730365.447
  0.939   730365.453
  0.387   730365.460
  0.473   730365.467
  0.653   730365.474
  0.556   730365.481
  0.371   730365.488
  0.679   730365.495
  0.904   730365.502
  0.648   730365.508
  0.985   730365.515
  0.256   730365.522
  0.431   730365.530
  0.671   730365.536
  0.355   730365.543
  0.470   730365.550
  0.738   730365.557
  0.226   730365.564
  0.728   730365.572
  1.140   730365.578
  0.769   730365.585
  1.039   730365.592
  0.490   730365.599
  0.697   730365.606
  0.360   730365.613
  0.414   730365.620
  0.655   730365.627
  0.469   730365.633
  0.480   730365.640
  1.049   730365.647
  0.372   730365.655
  0.417   730365.661
  0.920   730365.668
  0.236   730365.675
  0.348   730365.682
  0.677   730365.689
  0.856   730365.697
  0.645   730365.703
  0.595   730365.710
  0.774   730365.717
  0.627   730365.724
  0.706   730365.731
  0.679   730365.739
  0.742   730365.745
  0.746   730365.752
  0.682   730365.759
  0.621   730365.766
  0.798   730365.772
  0.696   730365.780
  0.642   730365.786
  0.730   730365.793
  0.742   730365.800
  0.760   730365.807
  0.754   730365.814
  0.696   730365.822
  1.914   730365.828
  0.737   730365.835
  0.695   730365.842
  0.784   730365.849
  0.737   730365.856
  0.724   730365.864
  0.671   730365.870
  0.762   730365.877
  0.644   730365.884
  0.691   730365.891
  0.742   730365.898
  0.757   730365.905
  0.727   730365.912
  0.705   730365.918
  0.691   730365.928
  0.723   730365.936
  0.706   730365.943
 60.428   730365.950
  0.833   730365.957
  0.817   730365.964
  0.844   730365.971
  0.714   730365.978
  0.798   730365.985
  0.758   730365.993
