  0.216   730365.000
  0.352   730365.000
  0.166   730365.000
  0.347   730365.007
  0.166   730365.007
  0.326   730365.014
  0.207   730365.014
  0.472   730365.021
  0.262   730365.021
  0.259   730365.027
  0.558   730365.034
  0.257   730365.034
  0.135   730365.041
  0.179   730365.048
  0.702   730365.048
  0.241   730365.055
  0.196   730365.062
  0.308   730365.069
  0.222   730365.069
  0.197   730365.076
  0.343   730365.076
  0.449   730365.083
  0.158   730365.090
  0.348   730365.090
  0.329   730365.097
  0.402   730365.097
  0.226   730365.104
  0.337   730365.104
  0.191   730365.111
  0.315   730365.111
  1.313   730365.118
  0.275   730365.118
  0.284   730365.125
  0.279   730365.132
  0.180   730365.139
  0.229   730365.139
  0.188   730365.146
  0.453   730365.152
  0.258   730365.159
  0.245   730365.159
  0.280   730365.166
  0.295   730365.166
  0.371   730365.173
  0.381   730365.180
  0.300   730365.180
  0.264   730365.180
  0.331   730365.187
  0.318   730365.194
  0.253   730365.194
  0.254   730365.201
  0.249   730365.201
  0.354   730365.208
  0.248   730365.215
  0.488   730365.215
  0.238   730365.222
  0.332   730365.229
  0.571   730365.229
  0.322   730365.236
  0.235   730365.243
  0.520   730365.243
  0.226   730365.250
  0.269   730365.257
  0.379   730365.257
  0.396   730365.264
  0.184   730365.271
  0.305   730365.271
  0.196   730365.277
  0.263   730365.284
  0.197   730365.291
  0.336   730365.291
  0.210   730365.298
  0.220   730365.305
  0.247   730365.305
  0.256   730365.312
  0.244   730365.319
  0.342   730365.326
  0.307   730365.326
  0.171   730365.333
  0.187   730365.333
  0.164   730365.340
  0.271   730365.347
  0.302   730365.347
  0.274   730365.354
  0.319   730365.361
  0.244   730365.368
  0.254   730365.368
  0.276   730365.375
  0.295   730365.375
  0.390   730365.382
  0.263   730365.389
  0.326   730365.396
  0.415   730365.396
  0.340   730365.402
  0.269   730365.409
  0.496   730365.409
  0.389   730365.416
  0.507   730365.416
  0.472   730365.423
  0.524   730365.430
  0.473   730365.437
  0.360   730365.437
  0.295   730365.444
  0.324   730365.451
  0.402   730365.451
  0.276   730365.458
  0.415   730365.465
  0.223   730365.465
  0.256   730365.472
  0.327   730365.479
  0.261   730365.479
  0.293   730365.486
  0.179   730365.493
  0.244   730365.493
  0.694   730365.500
  0.194   730365.507
  0.300   730365.514
  0.217   730365.514
  0.215   730365.521
  0.448   730365.521
  0.279   730365.527
  0.417   730365.534
  0.425   730365.541
  0.274   730365.541
  0.333   730365.541
  0.334   730365.548
  0.198   730365.555
  0.139   730365.562
  0.335   730365.562
  0.247   730365.569
  0.250   730365.576
  0.144   730365.583
  0.224   730365.583
  0.197   730365.590
  0.280   730365.597
  0.155   730365.597
  0.183   730365.604
  0.236   730365.604
  0.187   730365.611
  0.352   730365.618
  0.221   730365.625
  0.274   730365.625
  0.336   730365.632
  0.299   730365.632
  0.325   730365.639
  0.565   730365.646
  0.166   730365.646
  0.413   730365.652
  0.416   730365.659
  0.225   730365.666
  0.500   730365.666
  0.399   730365.673
  0.804   730365.673
  0.385   730365.680
  0.418   730365.687
  0.330   730365.687
  0.894   730365.694
  0.268   730365.701
  0.879   730365.708
  0.582   730365.708
  0.353   730365.715
  0.463   730365.722
  0.136   730365.729
  0.389   730365.729
  0.388   730365.736
  0.379   730365.742
  0.249   730365.742
  0.167   730365.749
  0.467   730365.749
  0.170   730365.756
