  0.600   730031.000
  0.630   730031.010
  0.640   730031.020
  0.650   730031.020
  0.640   730031.030
  0.660   730031.040
  0.600   730031.050
  0.590   730031.050
  0.630   730031.060
  0.620   730031.070
  0.600   730031.070
  0.590   730031.080
  0.630   730031.090
  0.610   730031.090
  0.630   730031.100
  0.590   730031.110
  0.570   730031.110
  0.590   730031.120
  0.660   730031.130
  0.630   730031.140
  0.590   730031.140
  0.580   730031.150
  0.600   730031.160
  0.620   730031.160
  0.580   730031.170
  0.580   730031.180
  0.650   730031.180
  0.600   730031.190
  0.540   730031.200
  0.620   730031.200
  0.620   730031.210
  0.660   730031.220
  0.560   730031.230
  0.590   730031.230
  0.580   730031.240
  0.580   730031.250
  0.660   730031.250
  0.700   730031.260
  0.720   730031.270
  0.710   730031.270
  0.700   730031.280
  0.670   730031.290
  0.640   730031.300
  0.760   730031.300
  0.740   730031.310
  0.720   730031.380
  0.810   730031.390
  0.780   730031.400
  0.740   730031.410
  0.780   730031.410
  0.760   730031.420
  0.760   730031.430
  0.760   730031.430
  0.700   730031.440
  0.760   730031.450
  0.730   730031.450
  0.670   730031.460
  0.800   730031.470
  0.830   730031.480
  0.760   730031.480
  0.790   730031.490
  0.700   730031.500
  0.710   730031.500
  0.700   730031.510
  0.750   730031.520
  0.720   730031.520
  0.700   730031.530
  0.760   730031.540
  0.750   730031.550
  0.750   730031.550
  0.740   730031.560
  0.720   730031.570
  0.760   730031.570
  0.790   730031.580
  0.800   730031.590
  0.770   730031.590
  0.750   730031.600
  0.780   730031.610
  0.800   730031.610
  0.810   730031.620
  0.770   730031.630
  0.790   730031.640
  0.840   730031.640
  0.760   730031.650
  0.810   730031.660
  0.780   730031.660
  0.740   730031.670
  0.700   730031.680
  0.710   730031.680
  0.710   730031.690
  0.780   730031.700
  0.730   730031.700
  0.850   730031.710
  0.820   730031.720
  0.810   730031.730
  0.770   730031.730
  0.850   730031.740
  0.850   730031.750
  0.800   730031.750
  0.880   730031.760
  0.830   730031.770
  0.820   730031.770
  0.880   730031.780
  0.830   730031.790
  0.790   730031.800
  0.950   730031.800
  0.950   730031.810
  0.890   730031.820
  0.840   730031.820
  0.920   730031.830
  0.920   730031.840
  0.980   730031.840
  0.960   730031.850
  1.010   730031.860
    NaN   730031.860
    NaN   730031.870
  1.050   730031.880
  1.040   730031.890
  0.930   730031.890
  1.000   730031.900
  1.040   730031.910
  0.920   730031.910
  0.980   730031.920
  0.960   730031.930
  0.950   730031.930
  0.920   730031.940
  1.080   730031.950
  1.020   730031.950
  0.970   730031.960
  1.090   730031.970
  1.030   730031.980
  1.050   730031.980
  1.020   730031.990
