  0.710   730031.000
  0.730   730031.010
  0.700   730031.020
  0.680   730031.030
  0.630   730031.050
  0.640   730031.050
  0.640   730031.060
  0.650   730031.070
  0.600   730031.080
  0.640   730031.080
  0.650   730031.090
  0.590   730031.100
  0.610   730031.100
  0.600   730031.110
  0.590   730031.120
  0.590   730031.120
  0.550   730031.130
  0.550   730031.140
  0.590   730031.140
  0.560   730031.150
  0.590   730031.160
  0.690   730031.170
  0.630   730031.170
    NaN   730031.180
    NaN   730031.190
  0.630   730031.190
  0.530   730031.200
  0.610   730031.210
  0.630   730031.210
  0.610   730031.220
  0.570   730031.230
  0.560   730031.230
  0.540   730031.240
  0.660   730031.250
  0.590   730031.260
  0.630   730031.260
  0.590   730031.270
  0.610   730031.280
  0.650   730031.280
  0.620   730031.290
  0.600   730031.300
  0.670   730031.310
  0.750   730031.380
  0.600   730031.390
  0.640   730031.390
  0.730   730031.400
  0.690   730031.410
  0.680   730031.420
  0.760   730031.420
  0.770   730031.430
  0.790   730031.440
  0.760   730031.440
  0.770   730031.450
  0.810   730031.460
  0.780   730031.460
  0.620   730031.470
  0.700   730031.480
  0.740   730031.480
  0.830   730031.490
  0.850   730031.500
  0.890   730031.500
  0.920   730031.510
  0.870   730031.520
  0.900   730031.530
  0.960   730031.530
  1.010   730031.540
  1.030   730031.550
  0.880   730031.550
  0.840   730031.560
  0.920   730031.570
  1.090   730031.580
  1.020   730031.580
  0.930   730031.590
  0.890   730031.600
  0.980   730031.600
  0.930   730031.610
  0.900   730031.620
  0.820   730031.620
  0.910   730031.630
  0.760   730031.640
  0.720   730031.650
  0.800   730031.650
  0.920   730031.660
  0.950   730031.670
  0.850   730031.670
    NaN   730031.680
    NaN   730031.690
  0.920   730031.690
  0.840   730031.700
  0.820   730031.710
  0.810   730031.710
  0.750   730031.720
  0.860   730031.730
  0.840   730031.730
  0.880   730031.740
  0.930   730031.750
  1.020   730031.760
  0.910   730031.760
  0.880   730031.770
  0.870   730031.780
  0.880   730031.780
  0.890   730031.790
  0.950   730031.800
  0.870   730031.800
  0.700   730031.810
  0.870   730031.820
  0.840   730031.830
  0.790   730031.830
  0.970   730031.840
  1.110   730031.850
  0.890   730031.850
  0.880   730031.860
  0.720   730031.870
  0.680   730031.870
  0.670   730031.880
  0.790   730031.890
  0.670   730031.900
  0.780   730031.900
  0.640   730031.910
  0.670   730031.920
  0.750   730031.920
  0.720   730031.930
  0.760   730031.940
  0.710   730031.940
  0.750   730031.950
  1.500   730031.960
  0.630   730031.960
  0.620   730031.970
  0.610   730031.980
  0.600   730031.980
  0.650   730031.990
