  0.600   730298.002
  1.042   730298.008
  0.974   730298.014
  0.906   730298.021
  0.886   730298.028
  0.890   730298.035
  0.961   730298.042
  0.934   730298.049
  0.815   730298.056
  0.801   730298.063
  0.942   730298.070
  0.936   730298.077
  0.887   730298.084
  0.816   730298.091
  0.807   730298.098
  0.825   730298.105
  0.817   730298.112
  0.913   730298.119
  0.957   730298.126
  0.938   730298.133
  0.897   730298.140
  0.781   730298.146
  0.863   730298.153
  0.908   730298.160
  0.801   730298.167
  1.739   730298.174
  0.896   730298.181
  0.915   730298.188
  0.911   730298.195
  1.044   730298.202
  1.001   730298.209
  0.950   730298.216
  1.074   730298.223
  1.043   730298.230
  1.039   730298.237
  1.016   730298.244
  1.084   730298.251
  1.133   730298.258
  1.172   730298.265
  1.179   730298.271
  1.189   730298.279
  1.160   730298.286
  1.424   730298.292
  1.312   730298.299
  1.127   730298.306
  1.274   730298.313
  1.283   730298.320
  1.225   730298.327
  1.369   730298.334
  1.362   730298.341
  1.332   730298.348
  1.319   730298.355
  1.335   730298.362
  1.270   730298.369
  1.443   730298.376
  1.534   730298.383
  1.515   730298.389
  1.520   730298.396
  1.440   730298.403
  1.444   730298.410
  1.427   730298.417
  1.313   730298.424
  1.633   730298.431
  1.446   730298.438
  1.476   730298.445
  1.288   730298.452
  1.457   730298.459
  1.400   730298.466
  1.394   730298.473
  1.469   730298.480
  1.403   730298.487
  1.458   730298.494
  1.370   730298.501
  1.207   730298.508
  1.262   730298.515
  1.230   730298.522
  1.231   730298.528
  1.444   730298.535
  1.200   730298.542
  1.348   730298.549
  1.223   730298.556
  1.187   730298.563
  1.087   730298.570
  1.163   730298.577
  1.047   730298.584
  1.155   730298.591
  1.106   730298.598
  1.113   730298.605
  1.065   730298.612
  1.068   730298.619
  1.017   730298.626
  0.927   730298.633
  1.022   730298.640
  1.012   730298.647
  1.021   730298.654
  0.976   730298.660
  0.924   730298.667
  0.789   730298.674
  0.995   730298.681
  0.885   730298.688
  0.808   730298.695
  0.788   730298.702
  0.866   730298.709
  0.828   730298.716
  0.738   730298.723
  0.750   730298.730
  0.833   730298.737
  0.796   730298.744
  0.780   730298.751
  0.695   730298.758
  0.715   730298.765
  0.727   730298.772
  0.672   730298.779
  0.674   730298.786
  0.725   730298.793
  0.680   730298.800
  0.636   730298.806
  0.680   730298.813
 10.589   730298.820
  0.676   730298.827
  0.713   730298.834
  0.599   730298.841
  0.690   730298.848
  0.654   730298.855
  0.726   730298.862
  0.717   730298.869
  0.674   730298.876
  0.702   730298.883
  0.633   730298.890
  0.599   730298.897
  0.606   730298.904
  0.601   730298.910
  0.624   730298.917
  0.586   730298.924
  0.556   730298.931
  0.553   730298.938
  0.614   730298.945
  0.730   730298.952
  0.645   730298.959
  0.637   730298.966
  0.583   730298.973
 10.019   730298.980
  0.541   730298.987
  0.622   730298.994
