  0.440   730298.001
  0.684   730298.007
  0.701   730298.014
  0.665   730298.021
  0.659   730298.028
  0.598   730298.035
  0.685   730298.042
  0.628   730298.049
  0.618   730298.056
  0.733   730298.063
  0.634   730298.070
  0.703   730298.077
  0.533   730298.084
  0.573   730298.091
  0.605   730298.098
  0.579   730298.105
  0.515   730298.112
  0.579   730298.118
  0.575   730298.125
  0.522   730298.132
  0.534   730298.139
  0.515   730298.146
  0.540   730298.153
  0.541   730298.160
  0.502   730298.167
  4.942   730298.174
  0.540   730298.181
  0.505   730298.188
  0.573   730298.195
  0.453   730298.202
  0.577   730298.209
  0.554   730298.216
  0.555   730298.223
  0.493   730298.230
  0.466   730298.237
  0.448   730298.243
  0.475   730298.250
  0.492   730298.258
  0.490   730298.264
  0.462   730298.271
  0.503   730298.278
  0.504   730298.285
  0.439   730298.292
  0.427   730298.299
  0.417   730298.306
  0.464   730298.313
  0.447   730298.320
  0.475   730298.327
  0.452   730298.334
  0.453   730298.341
  0.468   730298.348
  0.486   730298.355
  0.423   730298.362
  0.435   730298.369
  0.463   730298.375
  0.435   730298.382
  0.699   730298.389
  0.399   730298.396
  0.428   730298.403
  0.445   730298.410
  0.409   730298.417
  0.374   730298.424
  0.415   730298.431
  0.385   730298.438
  6.281   730298.445
  0.344   730298.452
  0.366   730298.459
  0.992   730298.466
  0.326   730298.473
  0.385   730298.480
  0.373   730298.487
  0.347   730298.494
  0.336   730298.500
  0.350   730298.507
  0.357   730298.514
  1.112   730298.521
  0.330   730298.528
  0.421   730298.535
  0.458   730298.542
  0.330   730298.549
  0.362   730298.556
  0.323   730298.563
  0.361   730298.570
  0.361   730298.577
  0.347   730298.584
  0.312   730298.591
  0.347   730298.598
  0.303   730298.605
  0.377   730298.612
  0.329   730298.619
  0.307   730298.625
  0.344   730298.632
  0.320   730298.639
  0.268   730298.646
  0.305   730298.653
  0.766   730298.660
  0.269   730298.667
  0.285   730298.674
  0.287   730298.681
  0.277   730298.688
  0.344   730298.695
  0.288   730298.702
  0.271   730298.709
  0.292   730298.716
  0.280   730298.723
  0.305   730298.730
  0.329   730298.737
  0.321   730298.744
  0.310   730298.750
  0.300   730298.758
  0.310   730298.764
  0.283   730298.771
  0.948   730298.778
  0.307   730298.785
  0.294   730298.792
  0.313   730298.799
  0.343   730298.806
  0.356   730298.813
  0.358   730298.820
  0.339   730298.827
  0.333   730298.834
  0.357   730298.841
  0.345   730298.848
  0.334   730298.855
  0.349   730298.862
  0.363   730298.869
  0.359   730298.875
  0.320   730298.882
  0.339   730298.889
  0.334   730298.896
  0.309   730298.903
  0.301   730298.910
  0.308   730298.917
  0.335   730298.924
  0.293   730298.931
  0.309   730298.938
  5.663   730298.945
  0.332   730298.952
  0.359   730298.959
  0.298   730298.966
  0.306   730298.973
  2.192   730298.980
  0.279   730298.987
  0.313   730298.994
