  0.136   730298.002
  0.253   730298.008
  0.293   730298.014
  0.281   730298.021
  0.290   730298.028
  0.268   730298.035
  0.302   730298.042
  0.293   730298.049
  0.242   730298.056
  0.309   730298.063
  0.273   730298.070
  0.252   730298.077
  0.274   730298.084
  0.272   730298.091
  0.260   730298.098
  0.262   730298.105
  0.278   730298.112
  0.260   730298.119
  0.275   730298.126
  0.260   730298.133
  0.283   730298.140
  0.238   730298.146
  0.303   730298.153
  0.275   730298.160
  0.289   730298.167
  1.367   730298.174
  0.296   730298.181
  0.361   730298.188
  0.351   730298.195
  0.345   730298.202
  0.358   730298.209
  0.389   730298.216
  0.408   730298.223
  0.390   730298.230
  0.382   730298.237
  0.372   730298.244
  0.382   730298.251
  0.400   730298.258
  0.366   730298.265
  0.429   730298.271
  0.400   730298.279
  0.386   730298.286
  0.451   730298.292
  0.390   730298.299
  0.430   730298.306
  0.471   730298.313
  0.437   730298.320
  0.476   730298.327
  0.399   730298.334
  0.462   730298.341
  0.426   730298.348
  0.520   730298.355
  0.501   730298.362
  0.431   730298.369
  0.402   730298.376
  0.492   730298.383
  0.397   730298.389
  0.446   730298.396
  0.524   730298.403
  0.418   730298.410
  0.469   730298.417
  0.424   730298.424
  0.429   730298.431
  0.399   730298.438
  0.439   730298.445
  0.420   730298.452
  0.430   730298.459
  0.388   730298.466
  0.429   730298.473
  0.405   730298.480
  0.390   730298.487
  0.412   730298.494
  0.377   730298.501
  0.347   730298.508
  0.345   730298.515
  0.552   730298.522
  0.396   730298.528
  0.596   730298.535
  0.361   730298.542
  0.325   730298.549
  0.317   730298.556
  0.310   730298.563
  0.339   730298.570
  0.329   730298.577
  0.362   730298.584
  0.326   730298.591
  0.321   730298.598
  0.298   730298.605
  0.309   730298.612
  0.287   730298.619
  0.331   730298.626
  0.313   730298.633
  0.282   730298.640
  0.285   730298.647
  0.269   730298.654
  0.289   730298.660
  0.258   730298.667
  0.290   730298.674
  0.270   730298.681
  0.271   730298.688
  0.286   730298.695
  0.274   730298.702
  0.237   730298.709
  0.236   730298.716
  0.242   730298.723
  0.226   730298.730
  0.248   730298.737
  0.215   730298.744
  0.211   730298.751
  0.195   730298.758
  0.204   730298.765
  0.196   730298.772
  0.344   730298.779
  0.215   730298.786
  0.201   730298.793
  0.240   730298.800
  0.197   730298.806
  0.204   730298.813
  0.280   730298.820
  0.345   730298.827
  0.327   730298.834
  0.289   730298.841
  0.250   730298.848
  0.253   730298.855
  0.206   730298.862
  3.732   730298.869
  0.274   730298.876
  0.238   730298.883
  0.191   730298.890
  0.180   730298.897
  0.166   730298.904
  0.202   730298.910
  0.169   730298.917
  0.175   730298.924
  0.165   730298.931
  0.174   730298.938
  0.206   730298.945
  0.203   730298.952
  0.195   730298.959
  0.197   730298.966
  0.175   730298.973
  5.421   730298.980
  0.193   730298.987
  0.203   730298.994
