  0.126   730082.001
  0.134   730082.008
  0.150   730082.015
  0.143   730082.022
  0.102   730082.028
  0.151   730082.035
  0.107   730082.042
  0.159   730082.049
  0.185   730082.056
  0.187   730082.063
  0.147   730082.082
  0.215   730082.091
  0.147   730082.098
  0.134   730082.105
  0.161   730082.112
  0.160   730082.119
  0.120   730082.126
  0.083   730082.758
  0.110   730082.765
  0.109   730082.772
  0.131   730082.778
  0.101   730082.785
  0.100   730082.792
  0.115   730082.799
  0.090   730082.806
  0.133   730082.813
  0.120   730082.820
  0.144   730082.827
  0.100   730082.834
  0.105   730082.841
  0.125   730082.848
  0.148   730082.855
  0.087   730082.862
  0.104   730082.869
  0.166   730082.876
  0.124   730082.883
  0.110   730082.890
  0.092   730082.897
  0.089   730082.903
  0.141   730082.911
  0.088   730082.918
  0.181   730082.925
  0.114   730082.932
  0.102   730082.939
  0.116   730082.946
  0.113   730082.953
  0.171   730082.960
  0.124   730082.967
  0.125   730082.974
