  1.455   730082.001
  1.357   730082.008
  1.361   730082.015
  1.408   730082.022
  1.420   730082.029
  1.349   730082.035
  1.189   730082.042
  1.403   730082.050
  1.445   730082.057
  1.369   730082.063
  1.598   730082.082
  1.222   730082.091
  1.238   730082.099
  1.292   730082.105
  1.305   730082.112
  1.182   730082.119
  1.245   730082.126
  1.286   730082.758
  1.582   730082.765
  1.389   730082.772
  1.276   730082.778
  1.276   730082.785
  1.002   730082.792
  1.086   730082.799
  1.392   730082.806
  0.937   730082.813
  1.110   730082.820
  1.301   730082.827
  1.083   730082.834
  1.165   730082.841
  1.096   730082.848
    NaN   730082.855
  1.020   730082.862
  1.087   730082.869
  1.097   730082.876
  1.052   730082.883
  1.210   730082.890
  0.996   730082.897
  1.068   730082.904
  1.043   730082.911
  1.312   730082.918
  1.305   730082.925
  1.088   730082.932
  1.209   730082.939
  1.136   730082.946
  1.331   730082.953
  1.312   730082.960
  1.245   730082.967
  1.280   730082.974
