  0.283   730082.000
  0.285   730082.006
  0.250   730082.014
  0.297   730082.020
  0.250   730082.028
  0.268   730082.035
  0.271   730082.042
  0.264   730082.049
  0.272   730082.055
  0.258   730082.062
  0.249   730082.081
  0.243   730082.090
  0.257   730082.097
  0.238   730082.104
  0.240   730082.111
  0.260   730082.118
  0.260   730082.125
  0.251   730082.757
  0.236   730082.763
  0.256   730082.771
  0.254   730082.778
  0.244   730082.785
  0.271   730082.792
  0.285   730082.799
  0.290   730082.806
  0.282   730082.812
  0.275   730082.819
  0.282   730082.826
  0.306   730082.833
  0.304   730082.840
  0.268   730082.847
  0.314   730082.853
  0.298   730082.860
  0.290   730082.868
    NaN   730082.875
  0.327   730082.882
  0.308   730082.888
  0.312   730082.896
  0.338   730082.903
  0.327   730082.910
  0.375   730082.917
  0.349   730082.924
  0.324   730082.931
  0.344   730082.938
  0.337   730082.944
  0.363   730082.951
  0.339   730082.958
  0.314   730082.965
  0.328   730082.972
