 10.940   730006.000
 11.670   730006.000
 11.940   730006.010
 10.890   730006.020
 10.670   730006.030
 11.050   730006.030
 10.430   730006.040
 10.880   730006.050
 10.340   730006.050
 10.060   730006.060
  9.990   730006.070
 10.520   730006.070
 10.430   730006.080
  9.590   730006.090
  9.640   730006.100
  9.400   730006.100
 10.050   730006.110
  8.900   730006.120
  8.450   730006.120
 10.000   730006.130
  8.860   730006.140
  9.260   730006.140
  7.960   730006.150
  8.140   730006.160
  7.560   730006.160
  7.460   730006.170
  7.430   730006.180
  8.010   730006.190
  7.550   730006.190
  6.940   730006.200
  7.410   730006.210
  7.230   730006.210
  7.610   730006.220
  7.280   730006.230
  7.300   730006.230
  7.200   730006.240
  7.010   730006.250
  6.990   730006.250
  7.880   730006.260
  7.730   730006.270
  7.980   730006.280
  8.260   730006.280
  7.620   730006.290
  8.670   730006.300
  8.910   730006.300
  8.910   730006.310
  8.520   730006.320
  9.090   730006.320
 10.120   730006.330
 10.440   730006.340
 10.280   730006.350
 10.860   730006.350
 10.430   730006.360
  9.310   730006.370
  8.840   730006.370
  9.060   730006.380
  9.650   730006.390
  9.020   730006.390
  8.240   730006.400
  7.590   730006.410
  8.260   730006.410
  7.520   730006.420
  7.020   730006.430
  7.170   730006.440
  6.550   730006.440
  6.250   730006.450
  5.960   730006.460
  6.350   730006.460
  6.570   730006.470
  6.590   730006.480
  5.970   730006.480
  5.940   730006.490
  6.530   730006.500
  6.490   730006.500
  5.670   730006.510
  5.780   730006.520
  6.190   730006.530
  6.550   730006.530
  6.280   730006.540
  6.550   730006.550
  7.400   730006.550
  7.240   730006.560
  8.210   730006.570
  9.080   730006.570
  9.110   730006.580
  8.450   730006.590
  8.680   730006.600
  8.990   730006.600
  9.400   730006.610
  9.290   730006.620
  8.950   730006.620
  9.570   730006.630
  8.390   730006.640
  8.630   730006.640
  8.980   730006.650
  8.830   730006.660
  8.340   730006.660
  7.790   730006.670
  8.560   730006.680
  6.800   730006.690
  7.640   730006.690
  7.470   730006.700
  7.650   730006.710
  7.150   730006.710
  6.850   730006.720
  7.270   730006.730
  7.330   730006.730
  7.160   730006.740
  6.560   730006.750
  6.330   730006.750
  5.890   730006.780
  5.750   730006.780
  6.170   730006.790
  5.730   730006.800
  5.540   730006.800
  5.560   730006.810
  6.200   730006.820
  6.150   730006.820
  6.310   730006.830
  5.770   730006.840
  5.790   730006.850
  5.690   730006.850
  5.150   730006.860
  4.620   730006.870
  4.340   730006.870
  3.580   730006.880
  3.470   730006.890
  3.210   730006.890
  2.970   730006.900
  3.160   730006.910
  3.360   730006.910
  3.290   730006.920
  3.140   730006.930
  3.080   730006.940
  3.180   730006.940
  3.310   730006.950
  3.090   730006.960
  3.250   730006.960
  3.120   730006.970
  4.100   730006.980
  3.350   730006.980
  3.160   730006.990
