  0.750   730006.000
  0.690   730006.000
  0.650   730006.010
  0.670   730006.020
  0.670   730006.030
  0.630   730006.030
  0.590   730006.040
  0.620   730006.050
  0.580   730006.050
  0.570   730006.060
  0.560   730006.070
  0.580   730006.070
  0.580   730006.080
  0.610   730006.090
  0.560   730006.100
  0.550   730006.100
  0.620   730006.110
  0.650   730006.120
  0.640   730006.120
  0.600   730006.130
  0.580   730006.140
  0.560   730006.140
  0.600   730006.150
  0.580   730006.160
  0.550   730006.160
  0.570   730006.170
  0.550   730006.180
  0.560   730006.190
  0.550   730006.190
  0.560   730006.200
  0.530   730006.210
  0.550   730006.210
  0.570   730006.220
  0.550   730006.230
  0.540   730006.230
  0.510   730006.240
  0.530   730006.250
  0.560   730006.250
  0.500   730006.260
  0.540   730006.270
  0.570   730006.280
  0.580   730006.280
  0.580   730006.290
  0.550   730006.300
  0.530   730006.300
  0.540   730006.310
  0.560   730006.320
  0.540   730006.320
  0.560   730006.330
  0.560   730006.340
  0.600   730006.350
  0.610   730006.350
  0.590   730006.360
  0.590   730006.370
  0.500   730006.370
  0.480   730006.380
  0.500   730006.390
  0.500   730006.390
  0.500   730006.400
  0.460   730006.410
  0.460   730006.410
  0.420   730006.420
  0.450   730006.430
  0.520   730006.440
  0.490   730006.440
  0.470   730006.450
  0.450   730006.460
  0.470   730006.460
  0.470   730006.470
  0.460   730006.480
  0.480   730006.480
  0.460   730006.490
  0.490   730006.500
  0.490   730006.500
  0.430   730006.510
  0.440   730006.520
  0.600   730006.530
  0.580   730006.530
  0.540   730006.540
  0.590   730006.550
  0.600   730006.550
  0.680   730006.560
  0.640   730006.570
  0.650   730006.570
  0.620   730006.580
  0.660   730006.590
  0.660   730006.600
  0.670   730006.600
  0.660   730006.610
  0.610   730006.620
  0.620   730006.620
  0.620   730006.630
  0.610   730006.640
  0.580   730006.640
  0.590   730006.650
  0.580   730006.660
  0.550   730006.660
  0.620   730006.670
  0.620   730006.680
  0.540   730006.690
  0.590   730006.690
  0.530   730006.700
  0.590   730006.710
  0.600   730006.710
  0.580   730006.720
  0.560   730006.730
  0.530   730006.730
  0.610   730006.740
  0.530   730006.750
  0.580   730006.750
  0.550   730006.780
  0.620   730006.780
  0.600   730006.790
  0.600   730006.800
  0.540   730006.800
  0.600   730006.810
  0.620   730006.820
  0.600   730006.820
  0.570   730006.830
  0.580   730006.840
  0.550   730006.850
  0.500   730006.850
  0.490   730006.860
  0.420   730006.870
  0.420   730006.870
  0.400   730006.880
  0.370   730006.890
  0.330   730006.890
  0.320   730006.900
  0.320   730006.910
  0.330   730006.910
  0.310   730006.920
  0.290   730006.930
  0.290   730006.940
  0.260   730006.940
  0.300   730006.950
  0.270   730006.960
  0.290   730006.960
  0.270   730006.970
  0.420   730006.980
  0.320   730006.980
  0.370   730006.990
