 15.612   730130.001
 11.461   730130.008
  9.754   730130.015
 12.940   730130.022
  8.950   730130.028
  7.550   730130.035
 10.050   730130.042
 10.738   730130.049
  9.121   730130.056
 14.231   730130.063
 16.788   730130.070
 14.386   730130.077
 15.622   730130.084
 15.286   730130.091
 11.356   730130.098
 18.675   730130.105
 12.585   730130.112
 10.928   730130.119
 12.342   730130.126
 10.276   730130.133
 10.241   730130.140
 15.022   730130.147
 14.758   730130.153
 16.624   730130.160
 14.811   730130.167
 14.930   730130.174
 13.093   730130.181
 15.512   730130.188
 12.404   730130.195
 10.511   730130.202
 10.438   730130.209
 12.438   730130.216
 12.881   730130.223
 12.439   730130.230
  9.956   730130.237
  9.731   730130.244
  9.257   730130.251
  7.923   730130.258
  8.201   730130.265
  7.866   730130.272
  9.074   730130.278
  5.401   730130.285
  7.069   730130.292
  5.115   730130.299
  4.959   730130.306
  5.881   730130.313
  6.039   730130.320
  6.453   730130.327
  5.152   730130.334
  6.119   730130.341
  6.199   730130.348
  5.274   730130.355
  5.321   730130.362
  5.621   730130.369
  5.616   730130.376
  4.337   730130.383
  6.215   730130.390
  4.302   730130.397
  3.481   730130.403
  3.714   730130.410
  5.859   730130.417
  6.092   730130.424
  4.557   730130.431
  3.123   730130.438
  3.434   730130.445
  3.850   730130.453
  3.981   730130.459
  2.741   730130.466
  3.257   730130.473
  2.165   730130.480
  1.922   730130.487
  1.424   730130.494
  1.322   730130.501
  1.635   730130.508
  1.107   730130.515
  1.216   730130.522
  0.859   730130.528
  0.938   730130.535
  0.849   730130.542
  0.839   730130.549
  1.049   730130.556
  0.551   730130.563
  0.546   730130.570
  0.481   730130.577
  0.688   730130.584
  0.587   730130.591
  0.474   730130.598
  0.860   730130.605
  1.277   730130.612
  0.535   730130.619
  0.411   730130.626
  0.690   730130.633
  0.473   730130.640
  0.574   730130.647
  0.624   730130.653
  0.767   730130.660
  0.684   730130.667
  0.472   730130.674
  0.490   730130.681
  0.822   730130.688
  0.695   730130.695
  0.564   730130.702
  0.330   730130.709
  0.537   730130.716
  0.449   730130.723
  0.694   730130.730
  0.304   730130.737
  0.439   730130.744
  0.308   730130.751
  0.589   730130.758
  0.463   730130.765
  0.449   730130.772
  0.563   730130.778
  0.537   730130.785
  0.457   730130.792
  0.574   730130.799
  0.644   730130.806
  0.585   730130.813
  0.763   730130.820
  0.592   730130.827
  0.631   730130.834
  0.711   730130.841
  0.771   730130.848
  0.813   730130.855
  0.513   730130.862
  0.554   730130.869
  0.471   730130.876
  0.512   730130.883
  1.205   730130.890
  0.391   730130.897
  0.803   730130.903
  0.929   730130.910
  0.413   730130.917
  0.690   730130.924
  0.470   730130.931
  0.590   730130.938
  0.376   730130.945
  0.525   730130.952
  0.903   730130.959
  4.977   730130.966
  0.703   730130.973
  1.059   730130.980
  0.617   730130.987
  0.478   730130.994
