  0.702   730130.001
  0.719   730130.008
  0.657   730130.015
  0.707   730130.022
  0.726   730130.028
  0.712   730130.035
  0.726   730130.042
  0.762   730130.049
  0.806   730130.056
  0.708   730130.063
  0.714   730130.070
  0.784   730130.077
  0.767   730130.084
  0.731   730130.091
  0.772   730130.098
  3.241   730130.105
  1.027   730130.112
  0.722   730130.119
  0.824   730130.126
  0.797   730130.133
  0.757   730130.140
  0.799   730130.147
  0.891   730130.153
  0.969   730130.160
  0.869   730130.167
  1.115   730130.174
  1.010   730130.181
  1.194   730130.188
  1.179   730130.195
  1.114   730130.202
  1.414   730130.209
  1.364   730130.216
  1.385   730130.223
  1.499   730130.230
  1.756   730130.237
  1.837   730130.244
  1.724   730130.251
  1.928   730130.258
  1.908   730130.265
  1.969   730130.272
  1.886   730130.278
  2.122   730130.285
  2.117   730130.292
  2.217   730130.299
  2.029   730130.306
  2.105   730130.313
  2.561   730130.320
  2.408   730130.327
  2.518   730130.334
  2.344   730130.341
  2.439   730130.348
  2.481   730130.355
  2.496   730130.362
  2.547   730130.369
  2.299   730130.376
  2.194   730130.383
  2.432   730130.390
  1.956   730130.397
  2.222   730130.403
  2.112   730130.410
  1.958   730130.417
  2.046   730130.424
    NaN   730130.431
  2.051   730130.438
  1.757   730130.445
  2.189   730130.453
  2.006   730130.459
  1.663   730130.466
  1.954   730130.473
  1.590   730130.480
  1.846   730130.487
  1.745   730130.494
  1.644   730130.501
  1.716   730130.508
  1.415   730130.515
  1.531   730130.522
  1.503   730130.528
  1.260   730130.535
  1.491   730130.542
  1.177   730130.549
  1.338   730130.556
  1.147   730130.563
  1.169   730130.570
  1.277   730130.577
  1.365   730130.584
  1.184   730130.591
  1.184   730130.598
  1.138   730130.605
  1.266   730130.612
  1.196   730130.619
  1.073   730130.626
  1.090   730130.633
  1.280   730130.640
  1.203   730130.647
  1.136   730130.653
  1.128   730130.660
  1.113   730130.667
  1.143   730130.674
  1.065   730130.681
  1.162   730130.688
  1.213   730130.695
  1.084   730130.702
  0.954   730130.709
  0.973   730130.716
  0.975   730130.723
  0.946   730130.730
  0.966   730130.737
  0.942   730130.744
  0.922   730130.751
  0.973   730130.758
  0.970   730130.765
  0.933   730130.772
  0.829   730130.778
  0.906   730130.785
  0.902   730130.792
  0.795   730130.799
  0.816   730130.806
  0.766   730130.813
  0.742   730130.820
  0.718   730130.827
  0.726   730130.834
  0.707   730130.841
  0.693   730130.848
  0.656   730130.855
  0.677   730130.862
  0.700   730130.869
  0.709   730130.876
  0.705   730130.883
  0.696   730130.890
  0.779   730130.897
  0.700   730130.903
  0.889   730130.910
  0.799   730130.917
  0.885   730130.924
    NaN   730130.931
  1.029   730130.938
  1.083   730130.945
  1.226   730130.952
  1.252   730130.959
  1.370   730130.966
  1.442   730130.973
  1.433   730130.980
  1.579   730130.987
  1.496   730130.994
