  1.156   730130.000
  1.212   730130.007
  1.204   730130.014
  1.155   730130.021
  1.255   730130.028
  1.182   730130.035
  1.201   730130.042
  1.156   730130.049
  1.181   730130.056
  1.240   730130.062
  1.124   730130.069
  1.204   730130.076
  1.257   730130.083
  1.414   730130.090
  1.238   730130.097
  1.281   730130.104
  1.628   730130.111
  1.345   730130.118
  1.344   730130.125
  1.243   730130.132
  1.346   730130.139
  1.275   730130.146
  1.250   730130.153
  1.324   730130.160
  1.185   730130.167
  1.175   730130.174
  1.265   730130.181
  1.222   730130.188
  1.405   730130.194
  1.376   730130.201
  1.363   730130.208
  1.303   730130.215
  1.270   730130.222
  1.350   730130.229
  1.127   730130.236
  1.408   730130.243
  1.204   730130.250
  1.316   730130.257
  1.366   730130.264
  1.316   730130.271
  1.201   730130.278
  1.161   730130.285
  1.274   730130.292
  1.263   730130.299
  1.354   730130.306
  1.254   730130.312
  1.211   730130.319
  1.156   730130.326
  1.237   730130.333
  1.401   730130.340
  1.290   730130.347
  1.357   730130.354
  1.209   730130.361
  1.279   730130.368
  1.287   730130.375
  1.312   730130.382
  1.293   730130.389
  1.200   730130.396
  1.366   730130.403
  1.293   730130.410
  1.212   730130.417
  1.233   730130.424
  1.238   730130.431
  1.112   730130.438
  1.225   730130.444
  1.089   730130.451
  1.120   730130.458
  1.105   730130.465
  1.105   730130.472
  1.034   730130.479
  1.005   730130.486
  1.160   730130.493
  1.100   730130.500
  1.081   730130.507
  1.103   730130.514
  1.189   730130.521
  1.217   730130.528
  1.152   730130.535
  1.104   730130.542
  1.084   730130.549
  1.066   730130.556
  1.172   730130.562
  1.229   730130.569
  1.228   730130.576
  1.049   730130.583
  1.132   730130.590
  1.126   730130.597
  1.016   730130.604
  1.028   730130.611
  0.969   730130.618
  1.020   730130.625
  1.080   730130.632
  1.001   730130.639
  0.998   730130.646
  0.905   730130.653
  0.929   730130.660
  1.084   730130.667
  0.930   730130.674
  0.927   730130.681
  0.909   730130.688
  1.013   730130.694
  0.934   730130.701
  0.883   730130.708
  0.962   730130.715
  0.971   730130.722
  0.845   730130.729
  0.812   730130.736
  0.792   730130.743
  0.842   730130.750
  0.825   730130.757
  0.829   730130.764
  0.786   730130.771
  0.784   730130.778
  0.824   730130.785
  0.741   730130.792
  0.831   730130.799
  0.710   730130.806
  0.770   730130.812
  0.739   730130.819
  0.791   730130.826
  0.730   730130.833
  0.682   730130.840
  0.795   730130.847
  0.733   730130.854
  0.716   730130.861
  0.699   730130.868
  0.804   730130.875
  0.672   730130.882
  0.690   730130.889
  0.743   730130.896
  0.615   730130.903
  0.688   730130.910
  0.695   730130.917
  0.688   730130.924
  0.651   730130.931
  0.684   730130.938
  0.657   730130.944
  0.633   730130.951
  0.629   730130.958
  0.673   730130.965
  0.602   730130.972
  0.596   730130.979
  0.659   730130.986
  0.550   730130.993
