  5.106   730130.001
  4.695   730130.008
  5.023   730130.015
  5.231   730130.022
  5.217   730130.029
  4.911   730130.036
  4.667   730130.043
  4.835   730130.050
  4.717   730130.057
  5.106   730130.064
  4.782   730130.071
  4.818   730130.078
  4.589   730130.085
  4.755   730130.092
  4.979   730130.099
 38.446   730130.106
  5.057   730130.113
  5.309   730130.119
  5.072   730130.126
  4.901   730130.133
  4.480   730130.140
  5.562   730130.147
  5.400   730130.154
  4.886   730130.161
  4.867   730130.168
  4.877   730130.175
  4.646   730130.182
  5.147   730130.189
  5.076   730130.196
  5.480   730130.203
  5.612   730130.210
  5.181   730130.217
  5.148   730130.224
  4.762   730130.231
  4.584   730130.238
  4.682   730130.244
  3.934   730130.251
  4.626   730130.258
  4.617   730130.265
  4.859   730130.272
  4.456   730130.279
  4.600   730130.286
  4.173   730130.293
  4.405   730130.300
  4.301   730130.307
  3.893   730130.314
  4.038   730130.321
  3.917   730130.328
  4.268   730130.335
  3.971   730130.342
  4.045   730130.349
  3.162   730130.356
  3.785   730130.363
  3.768   730130.369
  3.478   730130.376
  3.349   730130.383
  3.183   730130.390
  3.417   730130.397
  3.291   730130.404
  3.137   730130.411
  3.089   730130.418
  3.678   730130.425
  3.748   730130.432
  3.464   730130.439
  3.252   730130.446
  3.417   730130.453
  3.399   730130.460
  3.267   730130.467
  3.245   730130.474
  3.314   730130.481
  3.331   730130.488
  3.023   730130.494
  3.527   730130.501
  3.722   730130.508
  3.898   730130.515
  4.106   730130.522
  4.422   730130.529
  4.491   730130.536
  4.273   730130.543
  4.862   730130.550
  4.855   730130.557
  4.992   730130.564
  5.216   730130.571
  4.767   730130.578
  4.816   730130.585
  4.450   730130.592
  4.515   730130.599
  4.682   730130.606
  4.537   730130.613
  4.122   730130.619
  3.979   730130.626
  3.781   730130.633
  4.202   730130.640
  3.988   730130.647
  3.818   730130.654
  3.573   730130.661
  3.817   730130.668
  3.614   730130.675
  3.476   730130.682
  3.741   730130.689
  3.628   730130.696
  3.340   730130.703
  3.483   730130.710
  3.682   730130.717
  2.853   730130.724
  3.155   730130.731
  3.796   730130.738
  3.430   730130.744
  3.193   730130.751
  3.795   730130.758
  3.528   730130.765
  3.704   730130.772
  3.886   730130.779
  3.326   730130.786
  3.576   730130.793
  3.650   730130.800
  3.085   730130.807
  3.947   730130.814
  3.570   730130.821
  3.727   730130.828
  4.013   730130.835
  4.261   730130.842
  4.350   730130.849
  4.795   730130.856
  5.195   730130.863
  4.468   730130.869
  5.606   730130.876
  5.509   730130.883
  5.622   730130.890
  6.461   730130.897
  5.716   730130.904
  6.185   730130.911
  6.292   730130.918
  6.485   730130.925
  6.977   730130.932
  6.087   730130.939
  7.445   730130.946
  7.732   730130.953
  6.991   730130.960
  7.161   730130.967
  7.295   730130.974
  7.781   730130.981
  8.168   730130.988
  8.393   730130.994
