  0.720   729766.000
  0.690   729766.000
  0.740   729766.010
  0.750   729766.020
  0.790   729766.020
  0.750   729766.030
  0.810   729766.040
  0.800   729766.050
  0.740   729766.050
  0.760   729766.060
  0.730   729766.070
  0.880   729766.070
  0.880   729766.080
  0.790   729766.090
  0.780   729766.090
  0.700   729766.100
  0.840   729766.110
  0.900   729766.110
  0.850   729766.120
  0.940   729766.130
  0.950   729766.140
  0.910   729766.140
  0.810   729766.150
  0.850   729766.160
  0.850   729766.160
  0.830   729766.170
  0.920   729766.180
  0.960   729766.180
  0.940   729766.190
  0.960   729766.200
  0.980   729766.200
  1.030   729766.210
  0.880   729766.220
  0.970   729766.230
  0.970   729766.230
  1.000   729766.240
  1.040   729766.250
  0.940   729766.250
  1.110   729766.260
  1.050   729766.270
  1.010   729766.270
  1.030   729766.280
  1.050   729766.290
  1.170   729766.300
  1.150   729766.300
  1.110   729766.310
  1.110   729766.320
  1.220   729766.320
  1.190   729766.330
  1.170   729766.340
  1.110   729766.340
  1.120   729766.350
  1.150   729766.360
  1.170   729766.360
  1.150   729766.370
  1.110   729766.380
  1.120   729766.390
  1.100   729766.390
  1.110   729766.400
  1.170   729766.410
  1.200   729766.410
  1.120   729766.420
  1.120   729766.430
  1.120   729766.430
  1.120   729766.440
  1.080   729766.450
  1.060   729766.450
  1.080   729766.460
  1.110   729766.470
    NaN   729766.480
    NaN   729766.480
  1.140   729766.490
  1.140   729766.500
  1.030   729766.500
  1.060   729766.510
  1.030   729766.520
  1.120   729766.520
  1.200   729766.530
  1.060   729766.540
  1.150   729766.550
  1.130   729766.550
  0.980   729766.560
  1.000   729766.570
  1.040   729766.570
  0.970   729766.580
  1.130   729766.590
  1.070   729766.590
  0.950   729766.600
  1.010   729766.610
  1.080   729766.610
  1.110   729766.620
  1.020   729766.630
  1.030   729766.640
  1.060   729766.640
  1.090   729766.650
  0.990   729766.660
  0.990   729766.660
  1.090   729766.670
  0.970   729766.680
  1.060   729766.680
  0.990   729766.690
  0.970   729766.700
  0.930   729766.700
  0.950   729766.710
  0.960   729766.720
  0.950   729766.730
  0.920   729766.730
  1.020   729766.740
  1.010   729766.750
  0.940   729766.750
  0.930   729766.760
  0.930   729766.770
  0.950   729766.770
  0.960   729766.780
  1.230   729766.790
  1.070   729766.800
  0.910   729766.800
  0.890   729766.810
  0.990   729766.820
  1.010   729766.820
  0.950   729766.830
  0.960   729766.840
  0.960   729766.840
  1.080   729766.850
  1.040   729766.860
  0.880   729766.860
  0.870   729766.870
  1.090   729766.880
  0.980   729766.890
  0.950   729766.890
  0.880   729766.900
  0.950   729766.910
  0.900   729766.910
  0.880   729766.920
  0.900   729766.930
  0.820   729766.930
  0.910   729766.940
  0.810   729766.950
  0.770   729766.950
  0.840   729766.960
  0.830   729766.970
    NaN   729766.980
    NaN   729766.980
  0.850   729766.990
