  0.051   730407.002
  0.038   730407.002
  0.052   730407.009
  0.049   730407.016
  0.048   730407.023
  0.047   730407.030
  0.050   730407.038
  0.048   730407.044
  0.049   730407.051
  0.047   730407.057
  0.048   730407.064
  0.053   730407.072
  0.049   730407.078
  0.044   730407.086
  0.053   730407.093
  0.052   730407.099
  0.048   730407.106
  0.046   730407.113
  0.050   730407.120
  0.040   730407.127
  0.050   730407.134
  0.043   730407.141
  0.047   730407.148
  0.056   730407.155
  0.043   730407.162
  0.044   730407.169
  0.049   730407.175
  0.041   730407.182
  0.049   730407.189
  0.046   730407.196
  0.042   730407.203
  0.043   730407.210
  0.049   730407.217
  0.053   730407.224
  0.047   730407.231
  0.041   730407.238
  0.047   730407.245
  0.044   730407.252
  0.047   730407.259
  0.039   730407.266
  0.043   730407.273
  0.049   730407.280
  0.053   730407.287
  0.042   730407.293
  0.040   730407.301
  0.041   730407.307
  0.044   730407.314
  0.043   730407.321
  0.044   730407.329
  0.040   730407.333
  0.045   730407.340
  0.044   730407.347
  0.049   730407.354
  0.044   730407.361
  0.043   730407.368
  0.041   730407.375
  0.044   730407.382
  0.048   730407.389
  0.049   730407.396
  0.048   730407.403
  0.041   730407.410
  0.043   730407.417
  0.050   730407.424
  0.045   730407.431
  0.042   730407.437
  0.056   730407.445
  1.679   730407.451
  0.053   730407.458
  0.049   730407.465
  0.048   730407.472
  0.051   730407.479
  0.051   730407.486
  0.054   730407.493
  0.039   730407.500
  0.049   730407.507
  0.050   730407.514
  0.046   730407.521
  0.047   730407.528
  0.050   730407.535
  0.038   730407.542
  0.042   730407.549
  0.048   730407.556
  0.048   730407.562
  0.039   730407.570
  0.047   730407.576
  0.044   730407.583
  0.048   730407.590
  0.044   730407.597
  0.043   730407.604
  0.046   730407.611
  0.042   730407.618
  0.041   730407.625
  0.046   730407.632
  0.042   730407.639
  0.050   730407.646
  0.037   730407.653
  0.044   730407.660
  0.046   730407.667
  0.042   730407.674
  0.038   730407.681
  0.047   730407.687
  0.042   730407.695
  0.284   730407.701
  0.083   730407.708
  0.044   730407.715
  0.042   730407.722
  0.043   730407.729
  0.043   730407.736
  0.055   730407.743
  0.041   730407.750
  0.041   730407.757
  0.041   730407.764
  0.041   730407.771
  0.043   730407.778
  0.040   730407.785
  0.037   730407.792
  0.043   730407.799
  0.045   730407.806
  0.045   730407.813
  0.043   730407.820
  0.039   730407.826
  0.042   730407.833
  0.041   730407.840
  0.040   730407.847
  0.039   730407.854
  0.038   730407.861
  0.037   730407.868
  0.468   730407.875
  0.610   730407.882
  0.037   730407.889
  0.039   730407.896
  0.038   730407.903
  0.039   730407.910
  0.034   730407.917
  0.038   730407.924
  0.032   730407.931
  0.033   730407.937
  0.044   730407.945
  2.286   730407.951
  0.035   730407.958
  0.038   730407.965
  0.065   730407.972
  0.034   730407.979
  0.037   730407.986
  0.040   730407.993
  0.036   730408.000
