  0.306   730407.005
  0.543   730407.005
  0.593   730407.012
  0.626   730407.018
  0.488   730407.025
  0.765   730407.033
 33.767   730407.041
 32.856   730407.047
  0.561   730407.054
  0.527   730407.061
  0.497   730407.067
  0.460   730407.075
  0.549   730407.081
  0.511   730407.090
  0.501   730407.096
  0.418   730407.102
  0.500   730407.109
  0.471   730407.116
  0.438   730407.123
  0.471   730407.130
  0.461   730407.137
  0.543   730407.144
  0.478   730407.151
  0.449   730407.158
  0.523   730407.165
  0.556   730407.172
  0.493   730407.179
  0.513   730407.185
  0.546   730407.192
  0.474   730407.199
  0.442   730407.207
  0.437   730407.213
  0.538   730407.220
  0.492   730407.227
  0.468   730407.234
  0.421   730407.241
  0.432   730407.248
  0.542   730407.255
  0.450   730407.262
  0.510   730407.269
  0.396   730407.275
  0.464   730407.283
  0.433   730407.290
  0.431   730407.297
  0.359   730407.303
  0.431   730407.310
  0.427   730407.318
  0.484   730407.324
  0.533   730407.330
  0.460   730407.335
  0.528   730407.341
  0.458   730407.348
  0.468   730407.355
  0.451   730407.362
  0.439   730407.369
  0.423   730407.376
  0.448   730407.383
  0.433   730407.390
  0.428   730407.397
  0.496   730407.404
  0.498   730407.410
  0.432   730407.417
  0.514   730407.424
  0.486   730407.431
  0.485   730407.438
  0.425   730407.446
  0.460   730407.452
  0.424   730407.459
  0.430   730407.466
  0.517   730407.473
  0.554   730407.480
  0.564   730407.487
  0.540   730407.494
  0.619   730407.501
  0.515   730407.508
  0.613   730407.515
  0.458   730407.522
  0.527   730407.529
  0.528   730407.535
 21.668   730407.542
  0.453   730407.549
  0.523   730407.556
  0.564   730407.563
  0.667   730407.571
  0.729   730407.577
  0.610   730407.584
  0.506   730407.591
  0.510   730407.598
  0.602   730407.605
  0.592   730407.612
  0.541   730407.619
  0.716   730407.626
  0.664   730407.633
  0.632   730407.640
  0.637   730407.647
  0.614   730407.654
  0.555   730407.660
  0.546   730407.667
  0.498   730407.674
  0.518   730407.681
  0.465   730407.688
  0.564   730407.696
  5.279   730407.702
  0.555   730407.709
  0.629   730407.716
  0.612   730407.723
  0.686   730407.730
  0.517   730407.738
  0.576   730407.744
  0.628   730407.751
  0.586   730407.758
  0.563   730407.765
  0.642   730407.772
  0.673   730407.779
  0.688   730407.786
  0.623   730407.792
  0.688   730407.799
  0.619   730407.806
  0.650   730407.813
  0.697   730407.821
  0.582   730407.827
  0.812   730407.834
  0.569   730407.841
  0.542   730407.848
  0.555   730407.855
  0.576   730407.862
  0.495   730407.869
  1.529   730407.876
  0.557   730407.883
  0.563   730407.890
  1.472   730407.897
  0.537   730407.904
  0.532   730407.911
  0.495   730407.917
  0.525   730407.924
  0.581   730407.931
  0.604   730407.938
  0.561   730407.946
  0.500   730407.952
  0.566   730407.959
  0.496   730407.966
  0.438   730407.973
  0.456   730407.980
  0.607   730407.987
  0.500   730407.994
