  0.040   730007.000
  0.040   730007.000
  0.040   730007.010
  0.040   730007.020
  0.040   730007.030
  0.040   730007.030
  0.030   730007.040
  0.040   730007.050
  0.040   730007.050
    NaN   730007.060
    NaN   730007.070
  0.050   730007.070
  0.060   730007.080
  0.030   730007.090
  0.030   730007.090
  0.040   730007.100
  0.040   730007.110
  0.040   730007.120
  0.040   730007.120
  0.030   730007.130
  0.040   730007.140
  0.040   730007.140
  0.040   730007.150
  0.040   730007.160
  0.040   730007.160
  0.030   730007.170
  0.040   730007.180
  0.040   730007.180
  0.040   730007.190
  0.040   730007.200
  0.030   730007.210
  0.040   730007.210
  0.040   730007.220
  0.040   730007.230
  0.030   730007.230
  0.040   730007.240
  0.040   730007.250
  0.040   730007.250
  0.040   730007.260
  0.040   730007.270
  0.040   730007.280
  0.040   730007.280
  0.030   730007.290
  0.050   730007.300
  0.030   730007.300
  0.040   730007.310
  0.030   730007.320
  0.030   730007.320
  0.030   730007.330
  0.040   730007.340
  0.040   730007.340
  0.040   730007.350
  0.040   730007.360
  0.040   730007.370
  0.040   730007.370
  0.040   730007.380
  0.040   730007.390
  0.040   730007.390
  0.040   730007.400
  0.040   730007.410
  0.040   730007.410
  0.040   730007.420
  0.040   730007.430
  0.040   730007.430
  0.040   730007.440
  0.040   730007.450
  0.040   730007.460
  0.040   730007.460
  0.040   730007.470
  0.040   730007.480
  0.050   730007.480
  0.050   730007.490
  0.040   730007.500
  0.040   730007.500
  0.040   730007.510
  0.040   730007.520
  0.050   730007.530
  0.080   730007.530
  0.080   730007.540
  0.060   730007.550
  0.060   730007.550
  0.070   730007.560
  0.070   730007.570
  0.080   730007.570
  0.090   730007.580
  0.090   730007.590
  0.100   730007.590
  0.090   730007.600
  0.090   730007.610
  0.090   730007.620
  0.080   730007.620
  0.090   730007.630
  0.100   730007.640
  0.100   730007.640
  0.090   730007.650
  0.080   730007.660
  0.090   730007.660
  0.100   730007.670
  0.090   730007.680
  0.090   730007.680
  0.100   730007.690
  0.090   730007.700
  0.100   730007.710
  0.090   730007.710
  0.100   730007.720
  0.090   730007.730
  0.080   730007.730
  0.210   730007.740
  0.090   730007.750
  0.090   730007.750
  0.100   730007.760
  0.090   730007.770
  0.090   730007.780
  0.100   730007.780
  0.100   730007.790
  0.110   730007.800
  0.100   730007.800
  0.100   730007.810
  0.100   730007.820
  0.110   730007.820
  0.110   730007.830
  0.100   730007.840
  0.110   730007.840
  0.110   730007.850
  0.110   730007.860
  0.100   730007.870
  0.090   730007.870
  0.100   730007.880
  0.110   730007.890
  0.100   730007.890
  0.100   730007.900
  0.100   730007.910
  0.100   730007.910
  0.100   730007.920
  0.120   730007.930
  0.120   730007.930
  0.130   730007.940
  0.110   730007.950
  0.140   730007.960
  0.130   730007.960
  0.150   730007.970
  0.140   730007.980
  0.150   730007.980
  0.140   730007.990
