  0.090   730007.000
  0.090   730007.000
  0.090   730007.010
  0.080   730007.020
  0.080   730007.030
  0.090   730007.030
  0.090   730007.040
  0.080   730007.050
  0.090   730007.050
  0.090   730007.060
  0.090   730007.070
  0.590   730007.070
  0.550   730007.080
  0.090   730007.090
  0.100   730007.100
  0.100   730007.100
  0.100   730007.110
  0.100   730007.120
  0.100   730007.120
  0.120   730007.130
  0.120   730007.140
  0.120   730007.140
  0.130   730007.150
  0.130   730007.160
  0.140   730007.160
  0.150   730007.170
  0.170   730007.180
  0.200   730007.180
  0.190   730007.190
  0.210   730007.200
  0.230   730007.210
  0.260   730007.210
  0.230   730007.220
  0.220   730007.230
  0.240   730007.230
  0.240   730007.240
  0.210   730007.250
  0.210   730007.250
  0.200   730007.260
  0.200   730007.270
  0.210   730007.280
  0.210   730007.280
  0.200   730007.290
  0.200   730007.300
    NaN   730007.300
    NaN   730007.310
  0.180   730007.320
  0.200   730007.320
  0.190   730007.330
  0.200   730007.340
  0.210   730007.350
  0.210   730007.350
  0.210   730007.360
    NaN   730007.370
    NaN   730007.370
  0.210   730007.380
  0.200   730007.390
  0.220   730007.390
  0.220   730007.400
  0.200   730007.410
  0.230   730007.410
  0.250   730007.420
  0.240   730007.430
  0.250   730007.430
  0.260   730007.440
  0.320   730007.450
    NaN   730007.460
    NaN   730007.460
    NaN   730007.470
    NaN   730007.480
  0.300   730007.480
  0.290   730007.490
  0.270   730007.500
    NaN   730007.500
  0.290   730007.510
  0.300   730007.520
  0.270   730007.530
  0.300   730007.530
  0.310   730007.540
  0.270   730007.550
    NaN   730007.550
  0.290   730007.560
  0.310   730007.570
  0.290   730007.570
  0.330   730007.580
  0.300   730007.590
  0.310   730007.600
    NaN   730007.600
  0.290   730007.610
  0.280   730007.620
  0.310   730007.620
  0.300   730007.630
    NaN   730007.640
  0.270   730007.640
  0.240   730007.650
  0.250   730007.660
  0.250   730007.660
  0.290   730007.670
  0.290   730007.680
  0.270   730007.690
  0.260   730007.690
  0.290   730007.700
    NaN   730007.710
  0.270   730007.710
  0.280   730007.720
  0.290   730007.730
  0.280   730007.730
  0.280   730007.740
  0.270   730007.750
  0.260   730007.750
  0.260   730007.760
  0.290   730007.770
  0.270   730007.780
  0.250   730007.780
  0.290   730007.790
  0.280   730007.800
  0.290   730007.820
  0.300   730007.820
  0.320   730007.830
  0.310   730007.840
  0.330   730007.850
  0.290   730007.850
  0.300   730007.860
  0.290   730007.870
  0.320   730007.870
  0.340   730007.880
    NaN   730007.890
  0.320   730007.890
  0.310   730007.900
  0.320   730007.910
  0.380   730007.910
  0.360   730007.920
  0.400   730007.930
  0.370   730007.940
  0.310   730007.940
  0.360   730007.950
  0.360   730007.960
  0.360   730007.960
  0.390   730007.970
  0.370   730007.980
  0.390   730007.980
  0.390   730007.990
