  0.550   729741.000
  0.620   729741.000
  0.580   729741.010
  0.590   729741.020
  0.550   729741.030
  0.550   729741.030
  0.590   729741.040
  0.560   729741.050
  0.600   729741.050
  0.530   729741.060
  0.580   729741.070
  0.560   729741.070
    NaN   729741.080
    NaN   729741.090
  0.590   729741.090
  0.530   729741.100
  0.520   729741.110
  0.560   729741.120
  0.520   729741.120
  0.530   729741.130
  0.520   729741.140
  0.580   729741.140
  0.580   729741.150
  0.520   729741.160
  0.530   729741.160
  0.500   729741.170
  0.510   729741.180
  0.520   729741.180
  2.690   729741.190
  0.780   729741.200
  0.510   729741.210
  0.530   729741.210
  0.530   729741.220
  0.520   729741.230
  0.520   729741.230
  0.540   729741.240
  0.510   729741.250
  0.520   729741.250
  0.480   729741.260
  0.510   729741.270
  0.500   729741.280
  0.480   729741.280
  0.540   729741.290
  0.460   729741.300
  0.450   729741.300
  0.410   729741.310
  0.480   729741.320
  0.450   729741.320
  0.500   729741.330
  0.490   729741.340
  0.480   729741.340
  0.460   729741.350
  0.440   729741.360
  0.470   729741.370
  0.480   729741.370
  0.450   729741.380
  0.460   729741.390
  0.470   729741.390
  0.450   729741.400
  0.440   729741.410
  0.450   729741.410
  0.480   729741.420
  0.490   729741.430
  0.470   729741.430
  0.470   729741.440
  0.490   729741.450
  0.480   729741.460
  0.490   729741.460
  0.480   729741.480
  0.510   729741.480
  0.510   729741.490
  0.470   729741.500
  0.490   729741.510
  0.490   729741.510
  0.490   729741.520
  0.450   729741.530
  0.450   729741.530
  0.480   729741.540
  0.920   729741.550
  0.900   729741.550
  0.510   729741.560
  0.550   729741.570
  0.530   729741.570
    NaN   729741.580
    NaN   729741.590
  0.520   729741.590
  0.520   729741.600
  0.500   729741.610
  0.570   729741.620
  0.570   729741.620
  0.540   729741.640
  0.550   729741.650
  0.540   729741.660
  0.520   729741.660
  0.510   729741.670
  0.530   729741.680
  0.550   729741.680
  0.510   729741.690
  0.880   729741.700
  0.580   729741.710
  0.540   729741.710
  0.540   729741.720
  0.520   729741.730
  0.570   729741.730
  0.520   729741.740
  0.530   729741.750
  0.680   729741.750
  0.590   729741.760
  0.580   729741.770
  0.580   729741.780
  0.630   729741.780
  0.610   729741.790
  0.860   729741.800
  0.620   729741.800
  0.620   729741.820
  0.600   729741.830
  0.630   729741.840
  0.570   729741.840
  0.600   729741.850
  0.590   729741.870
  0.610   729741.880
  0.640   729741.890
  0.580   729741.890
  0.610   729741.900
  0.630   729741.910
  0.590   729741.910
  0.570   729741.920
  0.590   729741.930
  0.560   729741.930
  0.500   729741.940
  0.510   729741.950
  0.500   729741.960
  0.590   729741.970
  0.540   729741.980
  0.550   729741.980
  0.570   729741.990
