  2.424   730088.001
  1.887   730088.008
  2.495   730088.016
  2.433   730088.022
  2.533   730088.029
  2.412   730088.036
  1.856   730088.043
  2.195   730088.050
  2.195   730088.058
  2.454   730088.064
  2.432   730088.071
  2.601   730088.078
  2.459   730088.085
  2.326   730088.092
  1.963   730088.099
  2.378   730088.106
  2.339   730088.113
  2.370   730088.119
  2.598   730088.126
  2.208   730088.133
  2.459   730088.140
  2.363   730088.147
  2.514   730088.154
  2.317   730088.161
  2.211   730088.168
  2.511   730088.175
  2.320   730088.182
  2.138   730088.189
  2.299   730088.196
  2.604   730088.203
  2.048   730088.210
  2.381   730088.217
  2.166   730088.224
  2.291   730088.231
  2.281   730088.238
  2.069   730088.244
  2.385   730088.251
  2.245   730088.258
  2.273   730088.265
  2.433   730088.272
  2.113   730088.279
  2.063   730088.286
  2.119   730088.293
  2.146   730088.300
  1.999   730088.307
  1.900   730088.314
  1.895   730088.321
  2.074   730088.328
  1.976   730088.335
  1.906   730088.342
  2.196   730088.349
    NaN   730088.356
  1.981   730088.363
  1.977   730088.369
  2.098   730088.376
  2.064   730088.383
  2.028   730088.390
  2.017   730088.397
  1.883   730088.404
  2.264   730088.411
  1.897   730088.418
  1.939   730088.425
  1.928   730088.432
  1.851   730088.439
  2.048   730088.446
  2.054   730088.453
  2.005   730088.460
  1.978   730088.467
  1.869   730088.474
  1.934   730088.481
  1.802   730088.488
  1.831   730088.494
  1.916   730088.501
  1.791   730088.508
  1.799   730088.515
  1.952   730088.522
  1.870   730088.529
  1.690   730088.536
  1.764   730088.543
  1.968   730088.550
  2.035   730088.557
  1.854   730088.564
  1.634   730088.571
  1.763   730088.578
  1.833   730088.585
  1.618   730088.592
  2.549   730088.599
  1.780   730088.606
  1.774   730088.613
  1.939   730088.619
  1.770   730088.626
  1.741   730088.633
  1.717   730088.640
  4.914   730088.647
  1.581   730088.654
  1.766   730088.661
  1.577   730088.668
  1.785   730088.675
  1.614   730088.682
  1.661   730088.689
  1.521   730088.696
  1.438   730088.703
  1.425   730088.710
  1.684   730088.717
  1.767   730088.724
  1.503   730088.731
  1.523   730088.738
  1.451   730088.744
  1.679   730088.751
  1.582   730088.758
  1.510   730088.765
  1.579   730088.772
  1.756   730088.779
  1.744   730088.786
  1.588   730088.793
  1.553   730088.800
  1.443   730088.807
  1.535   730088.814
  1.553   730088.821
  1.543   730088.828
  1.406   730088.835
  1.437   730088.842
  1.300   730088.849
    NaN   730088.856
  1.350   730088.863
  1.317   730088.869
  1.509   730088.876
  1.605   730088.883
  1.342   730088.890
  1.517   730088.897
  1.448   730088.904
  1.379   730088.911
  1.527   730088.918
  1.477   730088.925
  1.454   730088.932
  1.293   730088.939
  1.465   730088.946
  1.484   730088.953
  1.365   730088.960
  1.369   730088.967
  1.575   730088.974
  1.349   730088.981
  1.420   730088.988
  1.424   730088.994
