 24.782   730069.000
 26.400   730069.007
 24.108   730069.014
 26.306   730069.021
 26.286   730069.028
 28.136   730069.035
 29.818   730069.042
 27.649   730069.049
 27.420   730069.056
 26.181   730069.069
 25.481   730069.076
 29.292   730069.083
 27.581   730069.090
 26.192   730069.097
 25.611   730069.104
 25.418   730069.111
 26.482   730069.118
 27.711   730069.126
 26.012   730069.133
 26.959   730069.147
 30.438   730069.160
 28.595   730069.167
 26.234   730069.181
 28.574   730069.188
 28.116   730069.194
 26.070   730069.201
 26.983   730069.208
 27.827   730069.215
 25.787   730069.222
 25.262   730069.229
 28.023   730069.236
 26.564   730069.243
 27.843   730069.250
 25.479   730069.257
 29.279   730069.264
 29.227   730069.271
 28.054   730069.278
 26.641   730069.285
 27.121   730069.292
 24.633   730069.299
 23.962   730069.306
 24.684   730069.312
 26.303   730069.319
 23.165   730069.326
 27.471   730069.333
 25.060   730069.340
 27.462   730069.347
 27.297   730069.354
 23.531   730069.361
 25.162   730069.368
 24.529   730069.375
 26.694   730069.382
 26.191   730069.389
 25.250   730069.396
 26.495   730069.403
 27.062   730069.410
 22.732   730069.417
 24.166   730069.424
 30.850   730069.431
 24.564   730069.438
 24.857   730069.444
 24.642   730069.451
 22.079   730069.458
 23.345   730069.465
 22.903   730069.472
 23.333   730069.479
 23.561   730069.486
 24.028   730069.493
 22.183   730069.500
 26.240   730069.507
 24.815   730069.514
 22.342   730069.521
 24.939   730069.528
 23.863   730069.535
 25.974   730069.542
 23.960   730069.549
 23.968   730069.556
 23.549   730069.562
 25.015   730069.569
 23.515   730069.576
 24.476   730069.583
 25.194   730069.590
 23.922   730069.597
 24.125   730069.604
 25.586   730069.611
 23.619   730069.618
 23.036   730069.625
 26.140   730069.632
 26.233   730069.639
 26.198   730069.646
 22.307   730069.653
 27.165   730069.660
 25.125   730069.667
 27.614   730069.674
 26.777   730069.681
 27.347   730069.688
 24.931   730069.694
 25.981   730069.701
 30.297   730069.708
 23.685   730069.715
 25.139   730069.722
 23.240   730069.729
 23.448   730069.736
 23.687   730069.743
 24.998   730069.750
 23.265   730069.757
 20.728   730069.764
 19.823   730069.771
 22.900   730069.778
 22.906   730069.785
 23.720   730069.792
 23.135   730069.799
 22.049   730069.806
 21.181   730069.819
 22.628   730069.826
 24.400   730069.833
 24.475   730069.840
 20.687   730069.848
 24.957   730069.854
 22.238   730069.861
 19.533   730069.868
 22.009   730069.875
 19.433   730069.882
 23.017   730069.889
 21.947   730069.896
 21.198   730069.903
 23.188   730069.910
 19.731   730069.917
 20.829   730069.924
 20.399   730069.931
    NaN   730069.938
 19.521   730069.944
 23.375   730069.952
 21.522   730069.959
 20.011   730069.973
 19.044   730069.980
 21.210   730069.994
