  0.361   730069.001
  0.350   730069.008
  0.354   730069.015
  0.329   730069.022
  0.355   730069.029
  0.367   730069.036
  0.425   730069.043
  0.365   730069.050
  0.392   730069.057
  0.363   730069.070
  0.411   730069.077
  0.408   730069.084
  0.353   730069.091
  0.323   730069.098
  0.381   730069.105
  0.366   730069.112
  0.353   730069.119
  0.333   730069.129
  0.382   730069.137
  0.372   730069.150
  0.362   730069.164
  0.360   730069.171
  0.285   730069.182
  0.376   730069.189
  0.364   730069.195
  0.376   730069.203
  0.394   730069.210
  0.357   730069.216
  0.399   730069.224
  0.402   730069.231
  0.370   730069.237
  0.404   730069.244
  0.362   730069.251
  0.383   730069.258
  0.359   730069.265
  0.354   730069.272
  0.386   730069.279
  0.359   730069.286
  0.386   730069.293
  0.409   730069.299
  0.356   730069.307
  0.370   730069.313
  0.373   730069.320
  0.356   730069.328
  0.386   730069.335
  0.440   730069.341
  0.373   730069.349
  0.425   730069.356
  0.363   730069.362
  0.359   730069.369
  0.419   730069.376
  0.379   730069.383
  0.370   730069.390
  0.407   730069.397
  0.430   730069.404
  0.414   730069.411
  0.419   730069.418
  0.427   730069.425
    NaN   730069.432
  0.428   730069.439
  0.423   730069.446
  0.463   730069.453
  0.432   730069.460
  0.467   730069.467
  0.411   730069.474
  0.446   730069.481
  0.447   730069.488
  0.455   730069.494
  0.457   730069.501
  0.476   730069.508
  0.469   730069.515
  0.460   730069.522
  0.464   730069.529
  0.468   730069.536
  0.456   730069.543
  0.443   730069.549
  0.493   730069.557
  0.494   730069.564
  0.488   730069.570
  0.463   730069.578
  0.488   730069.585
  0.532   730069.591
  0.499   730069.599
  0.445   730069.606
  0.460   730069.612
  0.423   730069.619
  0.508   730069.626
  0.469   730069.633
  0.498   730069.640
  0.510   730069.647
  0.524   730069.654
  0.518   730069.661
  0.498   730069.668
  0.484   730069.675
  0.483   730069.682
  0.490   730069.689
  0.476   730069.695
  0.513   730069.703
  0.496   730069.710
  0.543   730069.717
  0.503   730069.724
  0.499   730069.731
  0.556   730069.737
  0.470   730069.744
  0.488   730069.751
  0.613   730069.758
  0.559   730069.765
  0.577   730069.772
  0.505   730069.778
  0.633   730069.786
  0.555   730069.793
  0.572   730069.802
  0.564   730069.810
  0.481   730069.821
  0.553   730069.828
  0.538   730069.835
  0.491   730069.842
  0.584   730069.849
  0.571   730069.856
  0.508   730069.863
  0.547   730069.869
  0.582   730069.876
  0.539   730069.883
  0.472   730069.890
  0.480   730069.897
  0.480   730069.904
  0.475   730069.911
  0.459   730069.918
  0.490   730069.925
    NaN   730069.932
  0.420   730069.939
  0.417   730069.947
  0.451   730069.956
  0.382   730069.963
  0.393   730069.975
  0.377   730069.983
  0.390   730069.997
