  3.145   730262.000
  0.304   730262.007
  0.290   730262.014
  0.265   730262.020
  0.255   730262.027
  0.233   730262.034
  0.255   730262.041
  0.263   730262.048
  0.273   730262.055
  0.259   730262.062
  0.255   730262.069
  0.233   730262.076
  0.260   730262.083
  0.252   730262.090
  0.256   730262.097
  0.260   730262.104
  0.294   730262.111
  0.240   730262.118
  0.247   730262.125
  0.255   730262.132
  0.264   730262.138
  0.255   730262.145
  0.262   730262.152
  0.288   730262.159
  0.265   730262.166
  0.235   730262.173
  0.227   730262.180
  0.286   730262.187
  0.278   730262.194
 12.403   730262.201
  0.000   730262.208
  0.000   730262.215
  0.000   730262.222
  0.000   730262.229
  0.000   730262.236
  0.000   730262.243
  0.000   730262.250
  0.000   730262.257
  0.000   730262.263
  0.000   730262.270
  0.000   730262.277
  0.000   730262.284
  0.000   730262.291
  0.000   730262.298
  0.000   730262.305
  0.000   730262.312
  0.000   730262.319
  0.000   730262.326
  0.000   730262.333
  0.000   730262.340
  0.000   730262.347
  0.000   730262.354
  0.000   730262.361
  0.000   730262.368
  0.000   730262.375
  0.000   730262.382
  0.000   730262.389
  0.000   730262.395
  0.000   730262.402
  0.000   730262.409
  0.000   730262.416
  0.000   730262.423
  0.000   730262.430
  0.000   730262.437
  0.000   730262.444
  0.000   730262.451
  0.000   730262.458
  0.000   730262.465
  0.000   730262.472
  0.000   730262.479
  0.000   730262.486
  0.000   730262.493
  0.000   730262.500
  0.000   730262.507
  0.000   730262.513
  0.000   730262.520
  0.000   730262.527
  0.000   730262.534
  0.000   730262.541
  0.000   730262.548
  0.000   730262.555
  0.000   730262.562
  0.000   730262.569
  0.000   730262.576
  0.000   730262.583
  0.000   730262.590
  0.000   730262.597
  0.000   730262.604
  0.000   730262.611
  0.000   730262.618
  0.000   730262.625
  0.000   730262.632
  0.000   730262.639
  0.000   730262.645
  0.000   730262.652
  0.000   730262.659
  0.000   730262.666
  0.000   730262.673
 10.805   730262.680
  0.000   730262.687
  0.000   730262.694
  0.000   730262.701
  0.000   730262.708
  0.000   730262.715
  0.000   730262.722
  0.000   730262.729
  0.000   730262.736
  0.000   730262.743
  0.000   730262.750
  0.000   730262.757
  0.000   730262.764
  0.000   730262.770
  0.000   730262.777
  0.000   730262.784
  0.000   730262.791
  0.000   730262.798
  0.000   730262.805
  0.000   730262.812
  0.000   730262.819
  0.000   730262.826
  0.000   730262.833
  0.000   730262.840
  0.000   730262.847
  0.000   730262.854
  0.000   730262.861
  0.000   730262.868
  0.000   730262.875
  0.000   730262.882
  0.000   730262.889
  0.000   730262.896
  0.000   730262.902
  0.000   730262.909
  0.000   730262.916
  0.000   730262.923
  0.000   730262.930
  0.000   730262.937
  0.000   730262.944
  0.000   730262.951
  0.000   730262.958
  0.000   730262.965
  0.000   730262.972
  0.000   730262.979
  0.000   730262.986
  0.000   730262.993
  0.000   730263.000
