  0.064   730262.001
  0.155   730262.008
  0.156   730262.015
  0.139   730262.022
  0.155   730262.028
  0.168   730262.035
  0.151   730262.042
  0.146   730262.049
  0.151   730262.056
  0.202   730262.063
  0.150   730262.070
  0.136   730262.077
  0.148   730262.084
  0.151   730262.091
  0.158   730262.098
  0.136   730262.105
  0.149   730262.112
  0.152   730262.119
  0.145   730262.126
  0.156   730262.133
  0.146   730262.140
  0.148   730262.147
  0.148   730262.153
  0.136   730262.160
  0.135   730262.167
  0.111   730262.174
  0.126   730262.181
  0.114   730262.188
  0.118   730262.195
  0.118   730262.202
  0.116   730262.209
  0.101   730262.216
  0.211   730262.223
  0.096   730262.230
  0.113   730262.237
  3.765   730262.244
  0.117   730262.251
  0.114   730262.258
  0.097   730262.265
  0.091   730262.272
  0.106   730262.278
  0.096   730262.285
  0.095   730262.292
  0.087   730262.299
  0.088   730262.306
  0.091   730262.313
  0.087   730262.320
  0.087   730262.327
  0.086   730262.334
  0.091   730262.341
  0.082   730262.348
  0.093   730262.355
  0.091   730262.362
  0.077   730262.369
  0.084   730262.376
  0.085   730262.383
  0.078   730262.390
  0.075   730262.397
  0.078   730262.404
  0.085   730262.411
  0.069   730262.417
  0.180   730262.424
  0.085   730262.431
  0.242   730262.438
  0.080   730262.445
  0.082   730262.452
  0.072   730262.459
  0.081   730262.466
  0.081   730262.473
  0.078   730262.480
  0.068   730262.487
  0.474   730262.494
  0.073   730262.501
  0.070   730262.508
  0.062   730262.514
  0.074   730262.522
  0.074   730262.529
  0.300   730262.535
  0.071   730262.542
  0.064   730262.549
  0.065   730262.556
  0.068   730262.563
  0.064   730262.570
  0.066   730262.577
  0.060   730262.584
  0.062   730262.591
  0.063   730262.598
  0.068   730262.605
  0.060   730262.612
  0.067   730262.619
  0.060   730262.626
  0.066   730262.633
  0.069   730262.640
  0.062   730262.647
  0.060   730262.653
  0.064   730262.660
  0.062   730262.667
  0.064   730262.674
  0.063   730262.681
  0.067   730262.688
  0.052   730262.695
  0.061   730262.702
  0.061   730262.709
  0.063   730262.716
  0.058   730262.723
  0.058   730262.730
  0.049   730262.737
  3.808   730262.744
  0.060   730262.751
  0.050   730262.758
  0.052   730262.765
  0.057   730262.772
  0.058   730262.779
  0.055   730262.786
  0.056   730262.793
  0.059   730262.799
  0.056   730262.806
  0.058   730262.813
  0.055   730262.820
  0.056   730262.827
  0.053   730262.834
  0.051   730262.841
  0.054   730262.848
  0.058   730262.855
  0.056   730262.862
  0.058   730262.869
  0.055   730262.876
  0.050   730262.883
  0.051   730262.890
  0.046   730262.897
  0.048   730262.904
  0.054   730262.911
  0.051   730262.918
  0.056   730262.924
  0.057   730262.931
  0.054   730262.938
  0.057   730262.945
  0.051   730262.952
  0.065   730262.959
  0.258   730262.966
  0.061   730262.973
  0.056   730262.980
  0.059   730262.987
  0.244   730262.994
