  0.890   729920.390
  0.840   729920.400
  1.480   729920.400
  2.020   729920.410
  1.380   729920.420
  0.970   729920.420
  1.150   729920.430
  1.440   729920.440
  0.890   729920.440
  1.200   729920.450
  1.180   729920.460
  0.890   729920.470
  0.850   729920.470
  1.250   729920.480
  1.100   729920.490
  0.830   729920.490
  0.720   729920.500
  0.870   729920.510
  0.630   729920.510
  0.530   729920.520
  0.560   729920.530
  0.470   729920.530
  0.570   729920.540
  0.600   729920.550
  0.750   729920.550
  0.590   729920.560
  0.540   729920.570
  0.550   729920.580
  0.460   729920.580
  0.670   729920.590
  0.580   729920.600
  0.620   729920.600
  0.780   729920.610
  0.690   729920.620
  0.600   729920.620
  0.700   729920.630
  0.630   729920.640
  0.670   729920.650
  0.650   729920.650
  0.720   729920.660
  0.710   729920.670
  0.540   729920.670
  0.610   729920.680
  0.790   729920.690
  0.660   729920.690
    NaN   729920.700
    NaN   729920.710
  1.240   729920.710
  0.530   729920.720
  0.520   729920.730
  0.620   729920.740
  0.510   729920.740
  0.690   729920.750
  0.730   729920.780
  0.810   729920.790
  0.860   729920.790
  0.790   729920.800
  0.820   729920.810
  1.010   729920.820
  0.610   729920.820
  0.440   729920.830
  0.440   729920.840
  0.450   729920.850
  0.440   729920.850
  0.430   729920.860
  0.470   729920.870
  0.640   729920.890
  0.590   729920.890
  0.640   729920.900
  0.550   729920.900
  0.560   729920.910
  0.550   729920.910
  0.440   729920.920
  0.580   729920.930
  0.690   729920.930
  0.630   729920.940
  0.780   729920.940
  0.840   729920.950
  0.900   729920.960
  0.900   729920.960
  0.970   729920.970
  1.380   729920.980
  1.280   729920.980
  1.140   729920.990
