  0.730   729920.000
  0.710   729920.010
  0.720   729920.010
  0.620   729920.020
  0.650   729920.030
  0.680   729920.040
  0.710   729920.040
  0.700   729920.050
  0.670   729920.060
  0.640   729920.060
  0.680   729920.070
  0.620   729920.080
  0.710   729920.080
  0.720   729920.090
  0.720   729920.100
  0.730   729920.100
  0.740   729920.110
  0.740   729920.120
  0.780   729920.130
  0.770   729920.130
  0.670   729920.140
  0.710   729920.150
  0.760   729920.150
  0.780   729920.160
  0.710   729920.170
  0.710   729920.170
  0.620   729920.180
  0.640   729920.190
  0.710   729920.200
  0.660   729920.200
  0.670   729920.210
  0.590   729920.220
  0.580   729920.220
  0.590   729920.230
  0.560   729920.240
  0.570   729920.240
  0.590   729920.250
  0.550   729920.260
  0.560   729920.260
  0.520   729920.270
  0.500   729920.280
  0.540   729920.290
  0.590   729920.290
  0.510   729920.300
  0.470   729920.310
  0.490   729920.310
  0.510   729920.320
  0.520   729920.330
  0.510   729920.330
  0.440   729920.340
  0.480   729920.350
  0.510   729920.390
  0.540   729920.390
  0.530   729920.400
  0.450   729920.410
  0.470   729920.410
  0.430   729920.420
  0.460   729920.430
  0.470   729920.430
  0.440   729920.440
  0.430   729920.450
  0.450   729920.460
  0.470   729920.470
  0.500   729920.470
  0.530   729920.480
  0.470   729920.480
  0.430   729920.490
  0.470   729920.500
  0.460   729920.500
  0.480   729920.510
  0.420   729920.520
  0.500   729920.530
  0.500   729920.530
  0.500   729920.540
  0.440   729920.550
  0.470   729920.550
  0.470   729920.560
  0.420   729920.570
  0.460   729920.570
  0.450   729920.580
  0.500   729920.590
  0.440   729920.590
  0.430   729920.600
  0.410   729920.610
  0.390   729920.620
  0.420   729920.620
  0.470   729920.630
  0.430   729920.640
  0.440   729920.640
  0.410   729920.650
  0.410   729920.660
  0.460   729920.660
  0.460   729920.670
  0.430   729920.680
  0.440   729920.680
  0.400   729920.690
  0.430   729920.700
  0.420   729920.710
  0.410   729920.710
  0.400   729920.720
  0.400   729920.730
  0.390   729920.730
  0.380   729920.740
  0.390   729920.750
  0.360   729920.760
  0.360   729920.760
  0.360   729920.790
  0.330   729920.790
  0.380   729920.800
    NaN   729920.810
    NaN   729920.810
  0.370   729920.820
  0.390   729920.830
  0.410   729920.840
  0.440   729920.840
  0.450   729920.850
  0.440   729920.860
  0.560   729920.880
  0.540   729920.880
  0.600   729920.890
  0.790   729920.910
  0.740   729920.920
  0.780   729920.920
  0.800   729920.930
  0.810   729920.940
  0.740   729920.940
  0.780   729920.950
  0.810   729920.960
  0.860   729920.960
  0.830   729920.970
  0.890   729920.980
  0.830   729920.980
  0.870   729920.990
