  0.230   729923.000
  0.230   729923.000
  0.230   729923.010
  0.210   729923.020
  0.240   729923.020
  0.240   729923.030
  0.250   729923.040
  0.230   729923.050
  0.230   729923.050
  0.230   729923.060
  0.260   729923.070
  0.240   729923.070
  0.260   729923.080
  0.220   729923.090
  0.230   729923.090
  0.250   729923.100
  0.250   729923.110
  0.280   729923.110
  0.270   729923.120
  0.250   729923.130
  0.260   729923.140
  0.270   729923.140
  0.280   729923.150
  0.260   729923.160
  0.290   729923.160
  0.310   729923.170
  0.280   729923.180
  0.260   729923.180
  0.260   729923.190
  0.270   729923.200
  0.250   729923.200
  0.280   729923.210
  0.290   729923.220
  0.290   729923.230
  0.310   729923.230
  0.310   729923.240
  0.290   729923.250
  0.310   729923.250
  0.280   729923.260
  0.270   729923.270
  0.280   729923.270
  0.270   729923.280
  0.280   729923.290
  0.300   729923.300
  0.290   729923.300
  0.290   729923.310
  0.300   729923.320
  0.290   729923.320
  0.300   729923.330
  0.290   729923.340
  0.310   729923.340
  0.270   729923.350
  0.290   729923.360
  0.300   729923.360
  0.280   729923.370
  0.300   729923.380
  0.280   729923.390
  0.290   729923.390
  0.250   729923.400
  0.270   729923.410
  0.260   729923.410
  0.280   729923.420
  0.260   729923.430
  0.270   729923.430
  0.260   729923.440
  0.280   729923.450
  0.250   729923.450
  0.250   729923.460
    NaN   729923.470
    NaN   729923.480
  0.260   729923.480
  0.270   729923.490
  0.270   729923.500
  0.290   729923.500
  0.280   729923.510
  0.280   729923.520
  0.270   729923.520
  0.250   729923.530
  0.260   729923.540
  0.270   729923.550
  0.250   729923.550
  0.230   729923.560
  0.250   729923.570
  0.240   729923.570
  0.270   729923.580
  0.250   729923.590
  0.250   729923.590
  0.270   729923.600
  0.260   729923.610
  0.260   729923.610
  0.290   729923.620
  0.260   729923.630
  0.270   729923.640
  0.260   729923.640
  0.260   729923.650
  0.250   729923.660
  0.260   729923.660
  0.260   729923.670
  0.260   729923.680
  0.270   729923.680
  0.280   729923.690
  0.280   729923.700
  0.250   729923.700
  0.240   729923.710
  0.230   729923.720
  0.250   729923.730
  0.220   729923.730
  0.260   729923.740
  0.260   729923.750
  0.260   729923.750
  0.250   729923.760
  0.230   729923.770
  0.270   729923.770
  0.250   729923.780
  0.290   729923.790
  0.260   729923.800
  0.270   729923.800
  0.250   729923.810
  0.230   729923.820
  0.230   729923.820
  0.260   729923.830
  0.270   729923.840
  0.280   729923.840
  0.260   729923.850
  0.270   729923.860
  0.260   729923.860
  0.280   729923.870
  0.270   729923.880
  0.260   729923.890
  0.250   729923.890
  0.260   729923.900
  0.290   729923.910
  0.260   729923.910
  0.250   729923.920
  0.260   729923.930
  0.250   729923.930
  0.270   729923.940
  0.280   729923.950
  0.270   729923.950
  0.270   729923.960
    NaN   729923.970
    NaN   729923.980
  0.270   729923.980
  0.300   729923.990
