  0.042   730301.002
  0.089   730301.008
  0.086   730301.015
  0.085   730301.021
  0.084   730301.028
  0.098   730301.035
  0.101   730301.042
  0.092   730301.049
  0.108   730301.056
  0.112   730301.063
  0.125   730301.070
  0.131   730301.077
  0.110   730301.084
  0.134   730301.091
  0.115   730301.098
  0.125   730301.105
  0.132   730301.112
  0.130   730301.119
  0.127   730301.126
  0.129   730301.133
  0.139   730301.140
  0.136   730301.147
  0.143   730301.153
  0.144   730301.160
  0.150   730301.168
  0.151   730301.174
  0.155   730301.181
  0.147   730301.188
  0.148   730301.195
  0.140   730301.202
  0.140   730301.209
  0.156   730301.216
  0.164   730301.223
  0.153   730301.230
  3.500   730301.237
  0.154   730301.244
  0.169   730301.251
  0.159   730301.258
  0.225   730301.265
  0.139   730301.272
  0.159   730301.278
  0.143   730301.285
  0.145   730301.292
  0.147   730301.299
  0.146   730301.306
  0.146   730301.313
  0.157   730301.320
  0.158   730301.327
  0.140   730301.334
  0.145   730301.341
  0.145   730301.348
  0.140   730301.355
  0.154   730301.362
  0.119   730301.369
  0.140   730301.376
  0.135   730301.383
  0.119   730301.389
  0.133   730301.397
  0.133   730301.404
  0.127   730301.410
  0.134   730301.417
  0.125   730301.424
  0.125   730301.431
  0.123   730301.438
  0.137   730301.445
  0.116   730301.452
  0.252   730301.459
  0.129   730301.466
  0.127   730301.473
  0.131   730301.480
  0.243   730301.487
  0.116   730301.494
  0.132   730301.501
  0.145   730301.508
  0.131   730301.515
  0.133   730301.522
  0.142   730301.528
  0.151   730301.535
  0.130   730301.542
  0.137   730301.550
  0.137   730301.556
  0.113   730301.563
  0.147   730301.570
  0.134   730301.577
  0.125   730301.584
  0.157   730301.591
  0.135   730301.598
  0.140   730301.605
  0.128   730301.612
  0.129   730301.619
  0.119   730301.626
  0.128   730301.633
  0.130   730301.640
  0.132   730301.647
  0.123   730301.654
  0.128   730301.660
  0.132   730301.667
  0.129   730301.674
  0.123   730301.681
  0.125   730301.688
  0.132   730301.695
  0.076   730301.702
  0.132   730301.716
  0.135   730301.723
  0.139   730301.730
  3.542   730301.737
  0.144   730301.744
  0.131   730301.751
  0.138   730301.758
  0.126   730301.765
  3.787   730301.772
  0.023   730301.779
  1.676   730301.785
  0.135   730301.792
  0.117   730301.800
  0.126   730301.806
  0.131   730301.813
  0.130   730301.820
  0.141   730301.827
  0.155   730301.834
  0.135   730301.841
  0.145   730301.848
  0.138   730301.855
  0.156   730301.862
  0.176   730301.869
  0.178   730301.876
  0.169   730301.883
  0.185   730301.890
  0.193   730301.897
  0.190   730301.904
  0.166   730301.911
  0.200   730301.917
  0.195   730301.924
  0.180   730301.931
  0.184   730301.938
  0.187   730301.945
  0.187   730301.952
  0.145   730301.959
  0.191   730301.966
  0.180   730301.973
  0.218   730301.980
  0.514   730301.987
  0.195   730301.994
