  0.628   730393.001
  0.409   730393.001
  4.234   730393.008
  0.651   730393.015
  0.645   730393.022
  0.617   730393.029
  0.629   730393.036
  0.561   730393.043
  0.670   730393.050
  0.567   730393.056
  0.594   730393.064
  0.535   730393.071
  0.552   730393.077
  0.564   730393.084
  0.593   730393.091
  0.566   730393.098
  0.590   730393.105
  0.577   730393.113
  0.561   730393.119
  0.597   730393.126
  0.533   730393.133
  0.521   730393.140
  0.607   730393.147
  0.631   730393.154
  0.527   730393.161
  0.652   730393.168
  0.534   730393.175
  0.584   730393.182
  0.525   730393.188
  0.552   730393.196
  0.583   730393.202
  0.612   730393.209
  0.465   730393.216
  0.547   730393.223
  0.602   730393.230
  0.560   730393.238
  0.597   730393.244
  0.565   730393.251
  0.619   730393.258
  0.523   730393.265
  0.535   730393.272
  0.519   730393.279
  0.561   730393.286
  0.495   730393.293
  0.613   730393.300
  0.491   730393.307
  0.508   730393.313
  0.491   730393.321
  0.479   730393.327
  0.516   730393.335
  0.483   730393.342
  0.536   730393.350
  0.499   730393.356
  0.517   730393.364
  0.517   730393.369
  0.516   730393.376
  0.549   730393.383
  0.496   730393.390
  0.589   730393.397
  0.554   730393.405
  0.523   730393.411
  0.575   730393.418
  0.585   730393.425
  0.595   730393.432
  0.558   730393.438
  0.544   730393.446
  0.518   730393.452
  0.514   730393.460
  0.543   730393.466
  0.566   730393.473
  0.497   730393.480
  0.502   730393.488
  0.633   730393.494
  0.558   730393.501
  3.367   730393.508
  0.518   730393.515
  0.517   730393.522
  0.561   730393.529
  0.465   730393.536
  0.526   730393.543
  0.583   730393.550
  0.522   730393.557
  0.540   730393.564
  0.504   730393.571
  0.496   730393.577
  0.498   730393.584
  0.512   730393.591
  0.585   730393.598
  0.496   730393.605
  0.559   730393.613
  0.610   730393.619
  0.530   730393.626
  0.581   730393.633
  0.572   730393.640
  0.581   730393.647
  0.667   730393.654
  0.579   730393.661
  0.550   730393.668
  0.633   730393.675
  0.667   730393.682
  0.667   730393.689
  1.233   730393.696
  1.191   730393.702
  0.626   730393.709
  0.692   730393.716
  0.664   730393.723
  0.638   730393.730
  0.585   730393.738
  0.656   730393.744
  0.646   730393.751
  0.603   730393.758
  0.595   730393.765
  0.618   730393.772
  0.632   730393.779
  0.579   730393.786
  0.581   730393.793
  0.698   730393.800
  0.569   730393.807
  0.512   730393.814
  0.565   730393.821
  0.644   730393.827
  0.670   730393.834
  0.598   730393.841
  0.582   730393.848
  0.533   730393.855
  0.579   730393.863
  0.604   730393.869
  0.597   730393.876
  0.601   730393.883
  0.589   730393.890
  0.574   730393.897
  0.557   730393.904
  0.605   730393.911
  0.586   730393.918
  0.578   730393.925
  0.563   730393.932
  0.614   730393.939
  0.669   730393.946
  0.657   730393.952
  0.668   730393.959
  0.521   730393.959
  0.601   730393.966
  0.636   730393.973
  0.618   730393.980
  0.599   730393.988
  0.589   730393.994
