 41.342   730210.000
 58.434   730210.007
 41.985   730210.013
 39.068   730210.020
 37.096   730210.027
 35.886   730210.034
 36.429   730210.042
 31.808   730210.048
 32.306   730210.055
 34.638   730210.062
 30.725   730210.069
 32.343   730210.076
 32.332   730210.083
 32.020   730210.090
 27.196   730210.097
 28.461   730210.104
 29.047   730210.111
 27.238   730210.118
 23.896   730210.125
 21.713   730210.132
 26.225   730210.139
 24.316   730210.145
 23.388   730210.152
 21.781   730210.159
 17.758   730210.167
 24.843   730210.173
 19.659   730210.180
 23.279   730210.187
 19.795   730210.194
 23.597   730210.201
 22.046   730210.208
 21.973   730210.215
 22.609   730210.222
 19.120   730210.229
 22.582   730210.236
 25.052   730210.243
 21.225   730210.250
 23.364   730210.257
 21.405   730210.264
 18.266   730210.270
 19.936   730210.277
 19.522   730210.285
 19.836   730210.292
 20.058   730210.298
 19.493   730210.305
 17.620   730210.312
 15.707   730210.319
 17.185   730210.326
 18.583   730210.333
 13.592   730210.340
 14.995   730210.347
 16.128   730210.354
 16.071   730210.361
 16.286   730210.368
 16.587   730210.375
 17.220   730210.382
 19.475   730210.389
 17.398   730210.395
 19.271   730210.402
 16.448   730210.409
 19.280   730210.417
 20.989   730210.423
 19.211   730210.430
 17.173   730210.437
 17.478   730210.444
 15.272   730210.451
 18.154   730210.458
 18.500   730210.465
 18.633   730210.472
 18.965   730210.479
 19.200   730210.486
 18.976   730210.493
 20.809   730210.500
 18.953   730210.507
 22.837   730210.514
 22.466   730210.520
 21.498   730210.527
 22.022   730210.534
 25.504   730210.542
 24.766   730210.548
 22.640   730210.555
 29.200   730210.562
 29.714   730210.569
 33.166   730210.576
 32.344   730210.583
 38.954   730210.590
 34.639   730210.597
 35.139   730210.604
 36.977   730210.611
 36.147   730210.618
 36.077   730210.625
 38.514   730210.632
 39.474   730210.639
 38.853   730210.645
 40.596   730210.652
 38.343   730210.659
 40.358   730210.667
 39.944   730210.673
 38.358   730210.680
 35.372   730210.687
 37.103   730210.694
 39.528   730210.701
 36.767   730210.708
 34.798   730210.715
 41.293   730210.729
 39.267   730210.736
 48.078   730210.743
 47.220   730210.750
 50.341   730210.757
 52.428   730210.763
 46.318   730210.770
 55.339   730210.777
 53.296   730210.785
 55.658   730210.792
 61.156   730210.798
 63.610   730210.805
 60.322   730210.812
 63.520   730210.819
 61.292   730210.826
 62.834   730210.833
 61.124   730210.840
 63.363   730210.847
 60.722   730210.854
 65.164   730210.861
    NaN   730210.868
 72.958   730210.875
 73.985   730210.882
 75.302   730210.888
 93.474   730210.895
 86.377   730210.902
 84.318   730210.909
 97.775   730210.917
 96.619   730210.923
 94.897   730210.930
 86.569   730210.937
    NaN   730210.944
 89.605   730210.951
 96.936   730210.959
 87.843   730210.965
 97.029   730210.972
 92.302   730210.979
 89.573   730210.986
 85.381   730210.993
