  0.252   730210.002
  0.209   730210.002
  1.376   730210.009
  0.225   730210.015
  0.228   730210.022
  0.250   730210.029
  0.244   730210.036
  0.224   730210.044
  0.219   730210.049
  0.203   730210.056
  0.225   730210.065
  0.213   730210.071
  0.211   730210.077
  0.221   730210.086
  0.233   730210.092
  0.220   730210.098
  0.244   730210.105
  0.232   730210.112
  0.217   730210.119
  0.236   730210.127
  0.242   730210.133
  0.234   730210.140
  0.248   730210.147
  0.250   730210.154
  0.249   730210.161
  0.245   730210.169
  0.266   730210.175
  0.254   730210.182
  0.260   730210.188
  0.251   730210.195
  0.269   730210.202
  0.238   730210.211
  0.250   730210.216
  0.251   730210.223
  0.211   730210.230
  0.230   730210.237
  0.236   730210.244
  0.241   730210.252
  0.629   730210.258
  0.249   730210.265
  0.222   730210.272
  0.251   730210.279
  0.244   730210.287
  0.224   730210.294
  0.260   730210.300
  0.225   730210.306
  0.244   730210.313
  0.188   730210.319
  0.217   730210.327
  0.224   730210.336
  0.287   730210.341
  0.213   730210.348
  0.228   730210.355
  0.209   730210.362
  0.276   730210.369
  0.201   730210.377
  0.215   730210.383
  0.234   730210.390
  0.225   730210.397
  0.224   730210.404
  0.239   730210.411
  0.218   730210.419
  0.221   730210.425
  0.233   730210.431
  0.260   730210.438
  0.227   730210.445
  0.253   730210.454
  0.243   730210.461
  0.222   730210.467
  0.252   730210.473
  0.228   730210.480
  0.256   730210.487
  0.250   730210.494
  0.230   730210.502
  0.249   730210.508
  0.232   730210.515
  0.239   730210.522
  0.258   730210.529
  0.233   730210.536
  0.235   730210.544
  0.226   730210.550
  0.216   730210.556
  0.199   730210.563
  0.226   730210.570
  0.208   730210.577
  0.213   730210.586
  0.217   730210.591
  0.216   730210.598
  0.218   730210.605
  0.171   730210.612
  0.202   730210.620
  0.211   730210.628
  0.217   730210.634
  0.195   730210.640
  0.197   730210.647
  0.202   730210.654
  0.204   730210.661
  0.219   730210.669
  0.228   730210.675
  0.250   730210.681
  0.206   730210.688
  0.240   730210.695
  0.269   730210.702
  0.250   730210.710
  0.255   730210.716
  0.297   730210.730
  0.266   730210.737
  0.287   730210.744
  0.300   730210.752
  0.315   730210.758
  0.324   730210.765
  0.353   730210.772
  0.330   730210.779
  0.383   730210.787
  0.341   730210.795
  0.358   730210.800
  0.380   730210.807
  0.362   730210.814
  0.388   730210.821
  0.403   730210.827
  0.337   730210.835
  0.361   730210.841
  0.430   730210.848
  0.384   730210.855
  0.398   730210.862
  0.413   730210.869
  0.415   730210.877
    NaN   730210.883
  0.418   730210.890
  0.447   730210.897
  0.415   730210.904
  0.502   730210.910
  0.462   730210.919
  0.496   730210.925
  0.465   730210.932
  0.550   730210.939
  0.510   730210.945
  0.597   730210.954
  0.514   730210.962
  0.539   730210.967
  0.494   730210.973
  0.541   730210.980
  0.559   730210.987
  0.527   730210.994
