  1.110   730000.000
  1.150   730000.000
  1.180   730000.010
  1.290   730000.020
  1.260   730000.030
  1.220   730000.030
  1.170   730000.050
  1.240   730000.060
  1.260   730000.070
  1.210   730000.070
  2.420   730000.080
  1.170   730000.090
  1.140   730000.100
  1.180   730000.100
  1.280   730000.110
  1.140   730000.120
  1.260   730000.120
  1.260   730000.130
  1.220   730000.140
  1.220   730000.140
  1.150   730000.150
  1.240   730000.160
  1.200   730000.160
  1.220   730000.170
  1.050   730000.180
  1.140   730000.190
  1.160   730000.190
  1.140   730000.200
  1.070   730000.210
  1.110   730000.210
  1.180   730000.220
  1.170   730000.230
  1.170   730000.230
  1.210   730000.240
  1.170   730000.250
  1.090   730000.250
  1.100   730000.260
  1.110   730000.270
  1.140   730000.280
  0.950   730000.280
  1.030   730000.290
  1.010   730000.300
  1.010   730000.300
  1.030   730000.310
  1.000   730000.320
  1.060   730000.320
  0.980   730000.330
  0.990   730000.340
  0.900   730000.350
  1.030   730000.350
  1.670   730000.360
  1.300   730000.370
  1.010   730000.370
  0.990   730000.380
  1.020   730000.390
  0.980   730000.390
  0.930   730000.400
  0.900   730000.410
  0.970   730000.410
  0.930   730000.420
  0.930   730000.430
  0.890   730000.440
  0.960   730000.440
  0.940   730000.450
  0.860   730000.460
  0.810   730000.460
  0.900   730000.470
  0.860   730000.480
  0.830   730000.480
  0.770   730000.490
  0.720   730000.500
  0.860   730000.500
  0.810   730000.510
  0.710   730000.520
  0.690   730000.530
  0.740   730000.530
  0.720   730000.540
  0.750   730000.550
  0.760   730000.550
  0.790   730000.560
  0.780   730000.570
  0.740   730000.570
  0.740   730000.580
  0.790   730000.590
  0.740   730000.600
  0.790   730000.600
  0.840   730000.610
  0.800   730000.620
  0.800   730000.620
  0.820   730000.630
  0.820   730000.640
  0.820   730000.640
  0.830   730000.650
  3.200   730000.660
  3.470   730000.660
  0.830   730000.670
  0.760   730000.680
  0.860   730000.690
  0.860   730000.690
  0.810   730000.700
  0.800   730000.710
  0.890   730000.710
  0.840   730000.720
  0.850   730000.730
  0.930   730000.730
  0.830   730000.740
  0.810   730000.750
  0.870   730000.760
  0.850   730000.770
  0.880   730000.780
  0.920   730000.780
  0.960   730000.790
  1.290   730000.800
  1.100   730000.800
  0.990   730000.810
  0.950   730000.820
  0.900   730000.820
  0.860   730000.830
  0.910   730000.840
  0.970   730000.850
  0.850   730000.850
  0.880   730000.860
  0.990   730000.870
  0.910   730000.870
  0.890   730000.880
  1.370   730000.890
  0.820   730000.890
  0.860   730000.900
  0.860   730000.910
  0.780   730000.910
  0.730   730000.920
  0.740   730000.930
  0.660   730000.940
  0.730   730000.940
  0.710   730000.950
  0.730   730000.960
  0.760   730000.960
  0.640   730000.970
  0.620   730000.980
  0.640   730000.980
  0.630   730000.990
