  0.169   730353.001
  0.053   730353.001
  0.169   730353.008
  0.192   730353.014
  0.172   730353.021
  0.188   730353.028
  0.170   730353.035
  0.165   730353.042
  0.185   730353.049
  0.148   730353.056
  0.166   730353.063
  1.802   730353.070
  0.173   730353.077
  0.198   730353.084
  0.167   730353.091
  0.174   730353.098
  0.166   730353.105
  0.155   730353.112
  0.157   730353.118
  0.187   730353.125
  0.192   730353.132
  0.150   730353.139
  0.165   730353.146
  0.174   730353.153
  0.151   730353.160
  0.156   730353.167
  0.161   730353.174
  0.167   730353.181
  0.162   730353.188
  0.150   730353.195
  0.167   730353.202
  0.153   730353.209
  0.144   730353.216
  0.157   730353.223
  0.141   730353.230
  0.140   730353.237
  0.159   730353.244
  0.154   730353.250
  0.148   730353.257
  0.142   730353.264
  0.132   730353.271
  0.126   730353.278
  0.126   730353.285
  0.144   730353.292
  0.139   730353.299
  0.145   730353.306
  0.150   730353.313
  0.133   730353.320
  0.134   730353.327
  0.148   730353.334
  0.146   730353.341
  0.141   730353.348
  0.543   730353.355
  0.155   730353.362
  0.157   730353.368
  0.182   730353.375
  0.155   730353.382
  0.163   730353.389
  0.146   730353.396
  0.152   730353.403
  0.163   730353.410
  0.141   730353.417
  0.149   730353.424
  0.145   730353.431
  0.145   730353.438
  0.125   730353.445
  0.172   730353.452
  0.141   730353.459
  0.171   730353.466
  0.178   730353.473
  0.172   730353.480
  0.166   730353.487
  0.166   730353.493
  0.153   730353.500
  0.175   730353.507
  0.170   730353.514
  0.170   730353.521
  0.162   730353.528
  0.194   730353.535
  0.161   730353.542
  0.169   730353.549
  0.158   730353.556
  0.145   730353.563
  1.683   730353.570
  0.158   730353.577
  0.160   730353.584
  0.165   730353.591
  0.150   730353.598
  0.149   730353.605
  0.162   730353.612
  0.155   730353.618
  0.151   730353.625
  0.154   730353.632
  0.154   730353.639
  0.157   730353.646
  0.136   730353.653
  0.152   730353.660
  0.152   730353.667
  0.166   730353.674
  0.145   730353.681
  0.140   730353.688
  0.158   730353.695
  0.164   730353.702
  0.144   730353.709
  0.176   730353.716
  0.163   730353.723
  0.156   730353.730
  0.154   730353.737
  0.164   730353.743
  0.159   730353.750
  0.154   730353.757
  0.151   730353.764
  0.148   730353.771
  0.145   730353.778
  0.141   730353.785
  0.151   730353.792
  0.127   730353.799
  0.132   730353.806
  0.136   730353.813
  0.151   730353.820
  0.145   730353.827
  0.151   730353.834
  0.153   730353.841
  0.148   730353.848
  0.124   730353.855
  0.128   730353.862
  0.145   730353.868
  0.136   730353.875
  0.139   730353.882
  0.126   730353.889
  0.115   730353.896
  0.128   730353.903
  0.132   730353.910
  0.120   730353.917
  0.113   730353.924
  0.127   730353.931
  0.107   730353.938
  0.123   730353.945
  0.124   730353.952
  0.115   730353.959
  0.124   730353.966
  0.124   730353.973
  0.106   730353.980
  0.153   730353.987
  0.106   730353.993
