  0.191   730353.006
  0.009   730353.006
  0.550   730353.006
  0.492   730353.013
  0.483   730353.020
  0.599   730353.027
  0.518   730353.034
  0.479   730353.041
  0.571   730353.048
  0.509   730353.055
  0.360   730353.062
  0.410   730353.069
  0.472   730353.076
  0.441   730353.083
  0.375   730353.090
  0.426   730353.097
  0.461   730353.104
  0.395   730353.110
  0.532   730353.117
  0.498   730353.124
  0.605   730353.131
  0.688   730353.138
  0.493   730353.145
  0.532   730353.152
  0.441   730353.159
  0.397   730353.166
  0.432   730353.173
  0.381   730353.180
  0.374   730353.187
  0.361   730353.194
  0.339   730353.201
  0.346   730353.208
  0.361   730353.215
  0.358   730353.222
  0.338   730353.229
  0.359   730353.235
  0.821   730353.242
  0.419   730353.249
  0.429   730353.256
  0.444   730353.263
  0.465   730353.270
  0.475   730353.277
  0.567   730353.284
  0.493   730353.291
  0.496   730353.298
  0.544   730353.305
  0.572   730353.312
  0.537   730353.319
  0.681   730353.326
  0.644   730353.333
  0.711   730353.340
  0.758   730353.347
  0.743   730353.354
  0.811   730353.360
  0.688   730353.367
  0.788   730353.374
  0.754   730353.381
  0.830   730353.388
  0.780   730353.395
  0.727   730353.402
  0.670   730353.409
  0.641   730353.416
  0.696   730353.423
  1.017   730353.430
  0.878   730353.437
  0.781   730353.444
  0.787   730353.451
  0.579   730353.458
  0.880   730353.465
  0.730   730353.472
  0.872   730353.479
  0.673   730353.485
  0.644   730353.492
  0.984   730353.499
  0.741   730353.506
  0.714   730353.513
  0.730   730353.520
  0.764   730353.527
  0.588   730353.534
  0.658   730353.541
  0.786   730353.548
  0.776   730353.555
  0.989   730353.562
  0.898   730353.569
  0.930   730353.576
  1.064   730353.583
  1.207   730353.590
  1.176   730353.597
  1.162   730353.604
  1.113   730353.610
  1.086   730353.617
  1.050   730353.624
  1.237   730353.631
  1.287   730353.638
  1.230   730353.645
  0.997   730353.652
  1.072   730353.659
  1.183   730353.666
  1.024   730353.673
  0.947   730353.680
  0.940   730353.687
  0.892   730353.694
  0.879   730353.701
  0.815   730353.708
  0.807   730353.715
  0.746   730353.722
  0.653   730353.729
  0.827   730353.735
  0.746   730353.742
  0.746   730353.749
  1.167   730353.756
  0.772   730353.763
  0.669   730353.770
  0.685   730353.777
  0.676   730353.784
  0.707   730353.791
  0.840   730353.798
  0.668   730353.805
  0.542   730353.812
  0.603   730353.819
  0.803   730353.826
  0.753   730353.833
  0.621   730353.840
  0.667   730353.847
  0.565   730353.854
  0.551   730353.860
  0.512   730353.867
  0.492   730353.874
  0.641   730353.881
  0.614   730353.888
  0.615   730353.895
  0.559   730353.902
  0.445   730353.909
  0.554   730353.916
  0.595   730353.923
  0.617   730353.930
  0.675   730353.937
  0.520   730353.944
  0.510   730353.951
  0.485   730353.958
  0.446   730353.965
  0.404   730353.972
  0.372   730353.979
  0.413   730353.985
  0.486   730353.992
  0.417   730353.999
