  0.636   730105.001
  0.891   730105.008
  0.824   730105.015
  0.769   730105.022
  0.764   730105.028
  0.872   730105.035
  0.922   730105.042
  0.934   730105.049
  1.057   730105.056
  0.995   730105.063
  1.024   730105.070
  0.780   730105.077
  0.871   730105.084
  0.969   730105.091
  0.736   730105.098
  0.787   730105.105
  0.780   730105.112
  0.876   730105.118
  0.781   730105.126
  0.806   730105.133
  0.699   730105.140
  0.565   730105.147
  0.931   730105.153
  1.103   730105.160
  1.219   730105.167
  1.406   730105.174
  1.117   730105.181
  1.336   730105.188
  1.182   730105.195
  1.233   730105.202
  1.205   730105.209
  1.103   730105.216
  1.047   730105.223
  0.762   730105.230
  0.778   730105.237
  0.927   730105.244
  0.988   730105.251
  0.840   730105.258
  0.715   730105.265
  0.685   730105.272
  0.782   730105.278
  0.875   730105.285
  0.797   730105.292
  0.679   730105.299
  0.623   730105.306
  0.770   730105.313
  0.840   730105.320
  0.865   730105.327
  0.926   730105.334
  0.820   730105.341
  0.967   730105.348
  1.032   730105.355
  0.890   730105.362
  0.923   730105.369
  1.033   730105.376
  0.982   730105.383
  0.766   730105.390
  0.697   730105.397
  0.594   730105.403
  0.613   730105.410
  0.666   730105.417
  0.568   730105.424
  0.562   730105.431
  0.482   730105.438
  0.517   730105.445
  0.425   730105.453
  0.469   730105.459
  0.434   730105.466
  0.480   730105.473
  0.529   730105.480
  0.510   730105.487
  0.551   730105.494
  0.426   730105.501
  0.414   730105.508
  0.646   730105.515
  0.522   730105.522
  0.476   730105.528
  0.529   730105.535
  0.435   730105.542
  0.382   730105.549
  0.477   730105.556
  0.521   730105.563
  0.576   730105.570
  0.711   730105.576
  0.607   730105.584
  0.711   730105.591
  0.628   730105.598
  0.707   730105.605
  0.711   730105.612
  0.501   730105.619
  0.638   730105.626
  0.644   730105.633
  0.615   730105.640
  0.588   730105.647
  0.560   730105.653
  0.518   730105.660
  0.480   730105.667
  0.391   730105.674
  0.408   730105.681
  0.406   730105.688
  0.391   730105.695
  0.482   730105.702
  0.518   730105.709
  0.584   730105.716
  0.610   730105.723
  0.594   730105.730
  0.546   730105.736
  0.555   730105.744
  0.473   730105.751
  0.473   730105.758
  0.521   730105.765
  0.409   730105.772
  0.432   730105.778
  0.051   730105.785
  0.041   730105.792
  0.059   730105.799
  0.080   730105.806
  0.071   730105.813
  0.064   730105.820
  0.053   730105.827
  0.067   730105.834
  0.034   730105.841
  0.063   730105.848
  0.092   730105.855
  0.067   730105.862
  0.084   730105.869
  0.098   730105.876
  0.033   730105.883
  0.058   730105.890
  0.009   730105.897
  0.090   730105.903
  0.068   730105.910
  0.060   730105.917
  0.069   730105.924
  0.098   730105.931
  0.035   730105.938
  0.075   730105.945
  0.064   730105.952
  0.009   730105.959
  0.067   730105.966
  0.074   730105.973
  0.049   730105.980
  0.057   730105.987
  0.068   730105.994
