  0.135   730105.001
  0.160   730105.008
  0.148   730105.015
  0.133   730105.022
  0.123   730105.028
  0.139   730105.035
  0.144   730105.042
  0.139   730105.049
  0.118   730105.056
  0.135   730105.062
  0.125   730105.069
  0.139   730105.076
  0.149   730105.083
  0.128   730105.090
  0.121   730105.097
  0.119   730105.104
  0.115   730105.111
  0.135   730105.118
  0.131   730105.125
  0.135   730105.132
  0.123   730105.139
  0.138   730105.146
  0.124   730105.153
  0.147   730105.160
  0.145   730105.167
  0.146   730105.174
  0.158   730105.181
  0.149   730105.188
  0.146   730105.194
  0.148   730105.201
  0.157   730105.208
  0.172   730105.215
  0.165   730105.222
  0.151   730105.229
  0.158   730105.236
  0.177   730105.243
  0.170   730105.250
  0.200   730105.257
  0.173   730105.264
  0.179   730105.271
  0.198   730105.278
  0.170   730105.285
  0.162   730105.292
  0.189   730105.299
  0.200   730105.306
  0.186   730105.312
  0.228   730105.319
  0.194   730105.326
  0.180   730105.333
  0.214   730105.340
  0.176   730105.347
  0.167   730105.354
  0.179   730105.361
  0.189   730105.368
  0.185   730105.375
  0.165   730105.382
  0.195   730105.389
  0.182   730105.396
  0.163   730105.403
  0.175   730105.410
  0.166   730105.417
  0.155   730105.424
  0.165   730105.431
  0.205   730105.438
  0.186   730105.444
  0.160   730105.452
  0.167   730105.458
  0.155   730105.465
  0.173   730105.472
  0.169   730105.479
  0.138   730105.486
  0.162   730105.493
  0.160   730105.500
  0.150   730105.507
  0.144   730105.514
  0.156   730105.521
  0.179   730105.528
  0.157   730105.535
  0.145   730105.542
  0.167   730105.549
  0.161   730105.556
  0.161   730105.562
  0.143   730105.569
  0.151   730105.576
  0.141   730105.583
  0.138   730105.590
  0.161   730105.597
  0.154   730105.604
  0.149   730105.611
  0.153   730105.618
  0.173   730105.625
  0.148   730105.632
  0.119   730105.639
  0.157   730105.646
  0.141   730105.653
  0.176   730105.660
  0.179   730105.667
  0.167   730105.674
  0.152   730105.681
  0.178   730105.688
  0.170   730105.694
  0.190   730105.701
  0.155   730105.708
  0.173   730105.715
  0.187   730105.722
  0.161   730105.729
  0.168   730105.736
  0.226   730105.743
  0.176   730105.750
  0.172   730105.757
  0.170   730105.764
  0.192   730105.771
  0.192   730105.778
  0.194   730105.785
  0.180   730105.792
  0.181   730105.799
  0.181   730105.806
  0.190   730105.812
  0.164   730105.819
  0.174   730105.826
  0.174   730105.833
  0.134   730105.840
  0.179   730105.847
  0.168   730105.854
  0.153   730105.861
  0.152   730105.868
  0.142   730105.875
  0.159   730105.882
  0.168   730105.889
  0.163   730105.896
  0.142   730105.903
  0.150   730105.910
  0.148   730105.917
  0.155   730105.924
  0.154   730105.931
  0.144   730105.938
  0.154   730105.944
  0.146   730105.951
  0.145   730105.958
  0.139   730105.965
  0.131   730105.972
  0.113   730105.979
  0.106   730105.986
  0.125   730105.993
