  0.580   730105.002
  0.618   730105.009
  0.603   730105.017
  0.613   730105.023
  0.617   730105.030
    NaN   730105.037
  0.568   730105.044
  0.595   730105.051
  0.670   730105.058
  0.623   730105.065
  0.608   730105.072
  0.607   730105.078
  0.674   730105.085
  0.646   730105.092
  0.577   730105.099
  0.605   730105.106
  0.686   730105.113
  0.599   730105.120
  0.588   730105.127
  0.624   730105.134
  0.663   730105.141
  0.578   730105.148
  0.584   730105.155
  0.645   730105.162
  0.705   730105.169
  0.695   730105.176
  0.626   730105.183
  0.705   730105.190
  0.714   730105.197
  0.721   730105.203
  0.781   730105.210
  0.688   730105.217
  0.715   730105.224
  0.784   730105.231
  0.777   730105.238
  0.653   730105.245
  0.828   730105.252
  0.763   730105.259
  0.791   730105.266
  0.794   730105.273
  0.715   730105.280
  0.816   730105.287
  0.749   730105.294
  0.893   730105.301
  0.898   730105.308
  0.649   730105.315
  0.815   730105.322
  0.785   730105.328
  0.795   730105.335
  0.808   730105.342
  0.900   730105.349
  0.751   730105.356
  0.845   730105.363
  0.793   730105.370
  0.881   730105.377
  0.825   730105.384
  0.891   730105.391
  0.837   730105.398
  0.836   730105.405
  1.612   730105.412
  0.867   730105.419
  0.838   730105.426
  0.832   730105.433
  0.906   730105.440
  0.781   730105.447
  0.958   730105.454
  0.908   730105.460
  0.966   730105.467
  1.022   730105.474
  1.015   730105.481
  0.891   730105.488
  0.875   730105.495
  0.950   730105.502
  1.010   730105.509
  1.031   730105.516
  0.907   730105.523
  0.910   730105.530
    NaN   730105.537
  1.064   730105.544
  0.958   730105.551
  0.852   730105.558
  1.041   730105.565
  1.038   730105.572
  0.990   730105.578
  1.015   730105.585
  1.048   730105.592
  0.863   730105.599
  0.891   730105.606
  1.085   730105.613
  1.121   730105.620
  0.934   730105.627
  1.032   730105.634
  1.025   730105.641
  0.914   730105.648
  0.982   730105.655
  1.054   730105.662
  1.069   730105.669
  1.167   730105.676
  1.046   730105.683
  1.019   730105.690
  1.036   730105.697
  1.104   730105.703
  1.077   730105.710
  1.111   730105.717
  1.116   730105.724
  1.125   730105.731
  1.039   730105.738
  1.525   730105.745
  1.076   730105.752
  1.089   730105.759
  1.222   730105.766
  1.126   730105.773
  1.157   730105.780
  1.057   730105.787
  1.278   730105.794
  1.221   730105.801
  1.125   730105.808
  1.192   730105.815
  1.159   730105.822
  1.176   730105.828
  1.132   730105.835
  1.155   730105.842
  1.159   730105.849
  1.278   730105.856
  1.194   730105.863
  1.228   730105.870
  1.137   730105.877
  1.118   730105.884
  1.008   730105.891
  1.099   730105.898
  1.219   730105.905
  1.325   730105.912
  1.166   730105.919
  1.270   730105.926
  1.223   730105.933
  1.176   730105.940
  1.048   730105.947
  1.173   730105.953
  1.209   730105.960
  1.202   730105.967
  1.121   730105.974
  1.227   730105.981
  1.090   730105.988
  1.080   730105.995
