  0.322   730105.003
  0.340   730105.010
  0.380   730105.017
  0.334   730105.024
  0.396   730105.031
  0.389   730105.038
  0.352   730105.045
  0.334   730105.051
  0.535   730105.058
  0.336   730105.065
  0.469   730105.072
  0.415   730105.079
  0.434   730105.086
  0.391   730105.093
  0.351   730105.100
  0.363   730105.107
    NaN   730105.114
  0.493   730105.121
  0.351   730105.128
  0.490   730105.135
  0.366   730105.142
  0.553   730105.149
  0.348   730105.156
  0.414   730105.162
  0.477   730105.169
  0.369   730105.176
  0.429   730105.183
  0.441   730105.190
  0.366   730105.197
  0.435   730105.204
  0.424   730105.211
  0.383   730105.218
  0.433   730105.225
  0.415   730105.232
  0.393   730105.239
  0.451   730105.246
  0.448   730105.253
  0.406   730105.260
  0.406   730105.267
  0.421   730105.274
  0.479   730105.281
  0.439   730105.287
  0.451   730105.294
  0.425   730105.301
  0.393   730105.308
  0.445   730105.315
  0.451   730105.322
  0.521   730105.329
  0.392   730105.336
  0.427   730105.343
  0.510   730105.350
  0.469   730105.357
  0.427   730105.364
  0.478   730105.371
  0.462   730105.378
  0.484   730105.385
  0.609   730105.392
  0.447   730105.399
  0.468   730105.406
  0.568   730105.412
  0.548   730105.419
  0.525   730105.426
  0.639   730105.433
  0.497   730105.440
  0.599   730105.447
  0.537   730105.455
  0.666   730105.461
  0.701   730105.468
  0.750   730105.475
  0.650   730105.482
  0.539   730105.489
  0.552   730105.496
  0.615   730105.503
  0.595   730105.510
  0.518   730105.517
  0.582   730105.524
  0.570   730105.531
  0.665   730105.537
  0.592   730105.544
  0.543   730105.551
  0.583   730105.558
  0.538   730105.565
  0.532   730105.572
  0.515   730105.579
  0.542   730105.586
  0.561   730105.593
  0.577   730105.600
  0.670   730105.607
  0.563   730105.614
  0.491   730105.621
  0.650   730105.628
  0.539   730105.635
  0.650   730105.642
  0.475   730105.649
  0.548   730105.656
  0.576   730105.662
  0.528   730105.669
  0.605   730105.676
  0.579   730105.683
  0.482   730105.690
  0.531   730105.697
  0.534   730105.704
  0.544   730105.711
  0.546   730105.718
  0.467   730105.725
  0.509   730105.732
  0.519   730105.739
  0.906   730105.746
  0.446   730105.753
  0.423   730105.760
  0.460   730105.767
  0.473   730105.774
  0.474   730105.781
  0.449   730105.787
  0.428   730105.794
  0.557   730105.801
  0.524   730105.808
  0.510   730105.815
  0.456   730105.822
  0.446   730105.829
  9.477   730105.836
  1.069   730105.843
  1.005   730105.850
    NaN   730105.857
  1.135   730105.864
  0.989   730105.871
  1.138   730105.878
  0.923   730105.885
  0.952   730105.892
  1.094   730105.899
  0.986   730105.906
  0.957   730105.912
  1.260   730105.919
  1.133   730105.926
  1.002   730105.933
  1.048   730105.940
  1.096   730105.947
  1.076   730105.954
  1.034   730105.961
  1.113   730105.968
  1.196   730105.975
  1.203   730105.982
  1.049   730105.989
  1.037   730105.996
