  0.276   730105.002
  0.288   730105.009
  0.280   730105.016
  0.260   730105.023
  0.262   730105.030
  0.301   730105.037
  0.229   730105.044
  0.245   730105.050
  0.279   730105.057
  0.264   730105.064
  0.270   730105.071
    NaN   730105.078
  6.103   730105.085
  0.272   730105.092
  0.241   730105.099
  0.260   730105.106
  0.279   730105.113
  0.273   730105.119
  0.360   730105.126
  0.284   730105.133
  0.284   730105.140
  0.308   730105.147
  0.352   730105.154
  0.281   730105.161
  0.323   730105.168
  0.305   730105.175
  0.295   730105.182
  0.285   730105.189
  0.327   730105.196
  0.313   730105.203
  0.335   730105.210
  0.283   730105.217
  0.324   730105.224
  0.294   730105.231
  0.282   730105.238
  0.362   730105.244
  0.283   730105.251
  0.325   730105.258
  0.319   730105.265
  0.326   730105.272
  0.292   730105.279
  0.287   730105.286
  0.298   730105.293
  0.331   730105.300
  0.360   730105.307
  0.357   730105.314
  0.337   730105.321
  0.354   730105.328
  0.350   730105.335
  0.356   730105.342
  0.307   730105.349
  0.333   730105.356
  0.298   730105.363
  0.336   730105.369
  0.357   730105.376
  0.321   730105.383
  0.336   730105.390
  0.348   730105.397
  0.369   730105.404
  0.410   730105.411
  0.318   730105.418
  0.397   730105.425
  0.354   730105.432
  0.367   730105.439
  0.385   730105.446
  0.415   730105.453
  0.345   730105.460
  0.350   730105.467
  0.509   730105.474
  0.432   730105.481
  0.397   730105.488
  0.433   730105.494
  0.391   730105.501
  0.354   730105.508
  0.341   730105.515
  0.330   730105.522
  0.342   730105.529
  0.328   730105.536
  0.370   730105.543
  0.362   730105.550
  0.431   730105.557
  0.421   730105.564
  0.410   730105.571
    NaN   730105.578
  6.695   730105.585
  0.416   730105.592
  0.453   730105.599
  0.346   730105.606
  0.464   730105.613
  0.426   730105.619
  0.408   730105.626
  0.446   730105.633
  0.455   730105.640
  0.498   730105.647
  0.434   730105.654
  0.511   730105.661
  0.500   730105.668
  0.473   730105.675
  0.485   730105.682
  0.424   730105.689
  0.523   730105.696
  0.458   730105.703
  0.516   730105.710
  0.534   730105.717
  0.512   730105.724
  0.484   730105.731
  0.510   730105.738
  0.576   730105.744
  0.492   730105.751
  0.518   730105.758
  0.476   730105.765
  0.431   730105.772
  0.475   730105.779
  0.517   730105.786
  0.420   730105.793
  0.506   730105.800
  0.485   730105.807
  0.515   730105.814
  0.551   730105.821
  0.437   730105.828
  0.551   730105.835
  0.478   730105.842
  0.455   730105.849
  0.539   730105.856
  0.553   730105.863
  0.498   730105.869
  0.445   730105.876
  0.553   730105.883
  0.547   730105.890
  0.490   730105.897
  0.535   730105.904
  0.483   730105.911
  0.551   730105.918
  0.540   730105.925
  0.520   730105.932
  0.496   730105.939
  0.425   730105.946
  0.506   730105.953
  0.545   730105.960
  0.436   730105.967
  0.536   730105.974
  0.479   730105.981
  0.499   730105.988
  0.498   730105.994
