  1.489   730105.003
  1.278   730105.010
  1.320   730105.017
  1.272   730105.024
  1.466   730105.031
  1.531   730105.037
  1.467   730105.044
  1.707   730105.051
  1.411   730105.058
  1.309   730105.065
  1.383   730105.072
  1.353   730105.079
  1.216   730105.085
  1.384   730105.092
  1.394   730105.099
  1.273   730105.106
  1.341   730105.113
  1.311   730105.120
  1.210   730105.127
  1.360   730105.134
  1.316   730105.141
  1.348   730105.148
  1.299   730105.155
  1.317   730105.162
  1.257   730105.169
  1.268   730105.176
  1.318   730105.183
  1.322   730105.190
  1.397   730105.197
  1.159   730105.203
  1.202   730105.210
  1.376   730105.217
  1.100   730105.224
  1.271   730105.231
  1.283   730105.238
  1.259   730105.246
  1.369   730105.252
  1.193   730105.259
  1.402   730105.266
  1.106   730105.273
  1.164   730105.280
  1.019   730105.287
  1.203   730105.294
  1.237   730105.301
  1.148   730105.308
  1.099   730105.315
  1.322   730105.322
  1.079   730105.329
  1.063   730105.335
  1.206   730105.342
  1.233   730105.349
  1.301   730105.356
  1.142   730105.363
  1.338   730105.370
  1.053   730105.377
  1.160   730105.384
  1.284   730105.391
  1.285   730105.398
  1.223   730105.405
  1.456   730105.412
  1.268   730105.419
  1.321   730105.426
  1.300   730105.433
  1.235   730105.440
  1.125   730105.447
  1.391   730105.455
  1.230   730105.460
    NaN   730105.467
  1.198   730105.475
  1.370   730105.481
  1.204   730105.488
  1.246   730105.496
  1.330   730105.502
  1.287   730105.509
  1.303   730105.517
  1.374   730105.523
  1.364   730105.530
  1.376   730105.537
  1.407   730105.544
  1.438   730105.551
  1.325   730105.558
  1.338   730105.565
  1.198   730105.572
  1.137   730105.578
  1.505   730105.585
  1.383   730105.592
  1.552   730105.599
  1.379   730105.606
  1.596   730105.613
  1.348   730105.620
  1.470   730105.627
  1.433   730105.634
  1.381   730105.642
  1.357   730105.648
  1.295   730105.655
  1.587   730105.662
  1.603   730105.669
  1.493   730105.676
  1.611   730105.683
  1.837   730105.690
  1.575   730105.697
  1.706   730105.704
  1.569   730105.710
  1.533   730105.717
  1.919   730105.724
  1.919   730105.731
  1.620   730105.738
  2.144   730105.745
  1.543   730105.752
  1.767   730105.759
  1.642   730105.766
  1.781   730105.773
  1.660   730105.780
  1.843   730105.787
  1.823   730105.794
  1.594   730105.801
  1.697   730105.808
  1.670   730105.815
  1.609   730105.822
  2.143   730105.828
  1.584   730105.835
  1.919   730105.842
  1.924   730105.850
  1.517   730105.856
  1.567   730105.863
  1.595   730105.871
  1.635   730105.877
  1.724   730105.884
  1.584   730105.891
  1.667   730105.898
  1.680   730105.905
  1.590   730105.912
  1.925   730105.919
  1.669   730105.926
  1.584   730105.933
  1.831   730105.940
  1.582   730105.947
  1.548   730105.953
  1.560   730105.960
    NaN   730105.967
  1.733   730105.974
  1.731   730105.981
  1.616   730105.988
  1.725   730105.996
