  0.725   730139.001
  0.680   730139.008
  0.693   730139.015
  0.599   730139.022
  0.577   730139.028
  0.614   730139.035
  0.568   730139.042
  0.519   730139.049
  0.515   730139.056
  0.456   730139.063
  0.461   730139.070
  0.480   730139.077
  0.433   730139.084
  0.427   730139.091
  0.373   730139.098
  0.358   730139.105
  0.420   730139.112
  0.454   730139.119
  0.463   730139.126
  0.450   730139.133
  0.565   730139.140
  0.598   730139.147
  1.458   730139.153
  0.733   730139.160
  0.747   730139.167
  0.854   730139.174
  0.812   730139.181
  0.745   730139.188
  0.667   730139.196
  0.813   730139.203
  0.781   730139.210
  0.735   730139.217
  0.775   730139.224
  0.860   730139.231
  1.009   730139.238
  1.101   730139.244
  1.020   730139.251
  1.227   730139.258
  1.111   730139.265
  1.137   730139.272
  1.477   730139.279
  1.242   730139.286
  1.455   730139.293
  1.190   730139.300
  1.323   730139.307
  1.215   730139.314
  1.354   730139.321
  1.261   730139.328
  1.177   730139.335
  1.121   730139.342
  1.233   730139.349
  1.333   730139.356
  1.027   730139.363
  1.048   730139.369
  1.142   730139.376
  1.012   730139.383
  1.046   730139.390
  0.969   730139.397
  0.950   730139.404
  1.046   730139.411
  1.085   730139.418
  1.032   730139.425
  0.944   730139.432
  0.932   730139.439
  0.911   730139.446
  0.862   730139.453
  0.940   730139.460
  0.933   730139.467
  0.870   730139.474
  0.839   730139.481
  0.883   730139.488
  0.826   730139.494
  0.799   730139.501
  0.753   730139.508
  0.867   730139.515
  0.688   730139.522
  0.745   730139.529
  0.732   730139.536
  0.643   730139.543
  0.696   730139.550
  0.753   730139.557
  0.699   730139.564
  0.729   730139.571
  0.736   730139.578
  0.764   730139.585
  0.802   730139.592
  0.661   730139.599
  0.654   730139.606
  0.682   730139.613
  0.628   730139.619
  0.628   730139.626
  0.726   730139.633
  0.711   730139.640
  0.651   730139.647
  0.629   730139.654
  0.599   730139.661
  0.619   730139.668
  0.684   730139.675
  0.630   730139.682
  0.637   730139.689
  0.645   730139.696
  0.574   730139.703
  0.551   730139.710
  0.596   730139.717
  0.572   730139.724
  0.537   730139.731
  0.598   730139.738
  0.599   730139.744
  0.653   730139.751
  0.565   730139.758
  0.541   730139.765
  0.592   730139.772
  0.621   730139.779
  0.560   730139.786
  0.587   730139.792
  0.518   730139.799
  0.611   730139.806
  0.493   730139.813
  0.539   730139.820
  0.460   730139.827
  0.495   730139.834
  0.467   730139.841
  0.481   730139.848
  0.411   730139.855
  0.436   730139.862
  0.376   730139.869
  0.391   730139.876
  0.342   730139.883
  0.342   730139.890
  0.362   730139.897
  0.355   730139.903
  0.368   730139.910
  0.348   730139.917
  0.347   730139.924
  0.322   730139.931
  0.309   730139.938
  0.361   730139.945
  0.332   730139.952
  0.345   730139.959
  0.347   730139.966
  0.343   730139.973
  0.371   730139.980
  0.382   730139.987
  0.357   730139.994
