  0.321   730139.001
  0.354   730139.015
  0.335   730139.022
  0.316   730139.029
  0.327   730139.036
  0.282   730139.043
  0.313   730139.050
  0.308   730139.057
  0.297   730139.063
  0.274   730139.070
  0.296   730139.077
  0.295   730139.084
  0.297   730139.091
  0.289   730139.098
  0.294   730139.105
  0.269   730139.112
  0.280   730139.119
  0.288   730139.126
  0.284   730139.133
  0.274   730139.140
  0.282   730139.147
  2.796   730139.154
  0.457   730139.160
  0.292   730139.167
  0.325   730139.174
  0.279   730139.181
  0.292   730139.188
  0.296   730139.197
  0.306   730139.204
  0.302   730139.210
  0.315   730139.217
  0.319   730139.224
  0.302   730139.231
  0.342   730139.238
  0.303   730139.245
  0.619   730139.252
  0.331   730139.259
  0.315   730139.266
  0.302   730139.273
  0.303   730139.280
  0.299   730139.287
  0.273   730139.294
  0.588   730139.301
  0.267   730139.308
  0.292   730139.315
  0.305   730139.322
  0.280   730139.328
  0.313   730139.335
  0.295   730139.342
  0.297   730139.349
  0.322   730139.356
  0.319   730139.363
  0.292   730139.370
  0.337   730139.377
  0.344   730139.384
  0.631   730139.391
  0.272   730139.398
  0.284   730139.405
  0.320   730139.412
  0.324   730139.419
  0.308   730139.433
  0.304   730139.440
  0.312   730139.447
  0.281   730139.455
  0.301   730139.461
  0.321   730139.467
  0.320   730139.474
  0.273   730139.481
  0.311   730139.489
  0.270   730139.495
  0.279   730139.503
  0.385   730139.509
  0.312   730139.516
  0.322   730139.523
  0.293   730139.530
  0.296   730139.537
  0.323   730139.544
  0.294   730139.551
  0.278   730139.558
  0.299   730139.565
  0.311   730139.579
  0.307   730139.593
  0.296   730139.599
  0.322   730139.607
  0.307   730139.614
  0.303   730139.621
  0.295   730139.628
  0.300   730139.634
  0.293   730139.649
  0.280   730139.655
  0.305   730139.662
  0.291   730139.669
  0.290   730139.676
  0.310   730139.683
  0.281   730139.690
  0.325   730139.697
  0.584   730139.752
  0.277   730139.781
  0.286   730139.787
  0.366   730139.799
  0.302   730139.813
  0.304   730139.820
  0.287   730139.827
  0.315   730139.834
  0.307   730139.841
  0.291   730139.848
  0.306   730139.855
  0.316   730139.862
  0.180   730139.876
  0.310   730139.883
  0.313   730139.890
  0.375   730139.897
  0.326   730139.903
  0.296   730139.910
  0.290   730139.917
  0.292   730139.924
  0.319   730139.931
  0.311   730139.938
  0.313   730139.945
  0.302   730139.952
  0.327   730139.959
  0.303   730139.966
  0.277   730139.973
  0.304   730139.980
  0.307   730139.987
