  0.138   730139.001
  0.132   730139.008
  0.128   730139.015
  0.115   730139.029
  0.132   730139.035
  0.120   730139.042
  0.115   730139.049
  0.134   730139.063
  0.123   730139.070
  0.130   730139.077
  0.120   730139.084
  0.114   730139.091
  0.109   730139.098
  0.126   730139.112
  0.187   730139.119
  0.114   730139.126
  0.117   730139.133
  0.130   730139.147
  1.820   730139.153
  0.131   730139.167
  0.140   730139.174
  0.122   730139.181
  0.125   730139.197
  0.108   730139.203
  0.095   730139.210
  0.118   730139.217
  0.122   730139.238
  0.133   730139.245
  0.123   730139.252
  0.129   730139.259
  0.143   730139.266
  0.118   730139.273
  0.131   730139.280
  0.142   730139.287
  0.129   730139.294
  0.124   730139.301
  0.130   730139.308
  0.136   730139.322
  0.123   730139.335
  0.127   730139.342
  0.118   730139.356
  0.139   730139.370
  0.134   730139.384
  0.115   730139.391
  0.120   730139.398
  0.129   730139.405
  0.135   730139.412
  0.136   730139.419
  0.132   730139.426
  0.134   730139.433
  0.110   730139.440
  0.131   730139.447
  0.142   730139.454
  0.135   730139.460
  0.122   730139.481
  0.140   730139.488
  0.124   730139.495
  0.119   730139.502
  0.122   730139.516
  0.118   730139.530
  0.150   730139.544
  0.133   730139.551
  0.099   730139.565
  0.114   730139.572
  0.138   730139.578
  0.134   730139.585
  0.121   730139.592
  0.129   730139.599
  0.141   730139.606
  0.147   730139.613
  0.148   730139.620
  0.139   730139.627
  0.122   730139.641
  0.142   730139.648
  0.114   730139.662
  0.111   730139.669
  0.095   730139.676
  0.108   730139.690
  0.120   730139.697
  0.114   730139.703
  0.113   730139.710
  0.111   730139.717
  0.124   730139.724
  0.126   730139.731
  0.096   730139.738
  0.101   730139.752
  0.101   730139.759
  0.102   730139.766
  0.120   730139.773
  0.102   730139.780
  0.112   730139.787
  0.109   730139.792
  0.165   730139.799
  0.120   730139.806
  0.114   730139.813
  0.096   730139.827
  0.121   730139.834
  0.106   730139.841
  0.120   730139.855
  0.106   730139.876
  0.113   730139.890
  0.112   730139.897
  0.108   730139.903
  0.112   730139.910
  0.110   730139.917
  0.116   730139.924
  0.109   730139.931
  0.120   730139.945
  0.111   730139.952
  0.107   730139.959
  0.109   730139.966
  0.111   730139.980
  0.100   730139.994
