  1.570   730139.003
  1.432   730139.010
  1.614   730139.017
  0.601   730139.024
  0.581   730139.031
  1.500   730139.038
  4.666   730139.044
  0.528   730139.051
  0.607   730139.059
  0.625   730139.065
  1.656   730139.073
  1.753   730139.079
  2.053   730139.086
  0.617   730139.093
  0.537   730139.100
  1.532   730139.107
  1.594   730139.115
  1.730   730139.121
  1.725   730139.128
  1.597   730139.135
  1.837   730139.142
  1.590   730139.149
  1.124   730139.156
  0.551   730139.162
  1.651   730139.170
  0.681   730139.176
  1.695   730139.183
  1.646   730139.190
  1.646   730139.199
  1.742   730139.208
  0.636   730139.215
  1.494   730139.222
  1.634   730139.228
  1.634   730139.235
  1.578   730139.242
  0.640   730139.249
  1.582   730139.256
  1.607   730139.263
  1.683   730139.270
  0.676   730139.277
  0.669   730139.284
  7.189   730139.291
  1.771   730139.298
  1.479   730139.305
  1.689   730139.312
  1.672   730139.318
  1.629   730139.325
  1.764   730139.332
  1.713   730139.339
  1.769   730139.347
  1.788   730139.353
  1.614   730139.360
  1.608   730139.367
  1.673   730139.374
  0.751   730139.381
  1.665   730139.388
  1.824   730139.395
  1.717   730139.402
    NaN   730139.409
  1.636   730139.416
  1.702   730139.423
  1.746   730139.430
  1.777   730139.437
  0.774   730139.444
  1.800   730139.451
  1.698   730139.465
  1.790   730139.472
  1.873   730139.478
  4.548   730139.485
  1.703   730139.492
  1.746   730139.499
  0.688   730139.506
 15.633   730139.512
  1.671   730139.519
  0.739   730139.526
  1.793   730139.533
  0.729   730139.540
  1.703   730139.547
  1.800   730139.554
  0.651   730139.561
  1.780   730139.568
  1.750   730139.575
  1.737   730139.582
  1.795   730139.589
  1.697   730139.596
  0.796   730139.603
  1.806   730139.610
  1.758   730139.617
  1.634   730139.624
  1.749   730139.631
  1.771   730139.637
  1.632   730139.644
  1.890   730139.651
  2.806   730139.658
  0.705   730139.665
  0.655   730139.672
  1.782   730139.679
  1.702   730139.686
  1.839   730139.693
  0.867   730139.700
  1.711   730139.707
  1.844   730139.714
  4.328   730139.721
  1.799   730139.728
  0.732   730139.735
  0.749   730139.742
  1.714   730139.749
  1.736   730139.756
  1.731   730139.763
  1.779   730139.770
  1.786   730139.777
  0.825   730139.790
  0.806   730139.795
  0.940   730139.802
  1.919   730139.808
  1.787   730139.816
 18.542   730139.823
  0.871   730139.829
  1.869   730139.836
  4.651   730139.843
  1.707   730139.850
  8.955   730139.857
  7.864   730139.864
  1.910   730139.871
 12.265   730139.878
  1.823   730139.885
  1.638   730139.892
  1.725   730139.899
  0.783   730139.906
  0.826   730139.912
  0.825   730139.927
  0.933   730139.933
  0.805   730139.940
  0.848   730139.947
  0.910   730139.954
  1.659   730139.961
  3.066   730139.968
  1.903   730139.975
  1.904   730139.982
  1.618   730139.989
  1.791   730139.996
