  0.960   730047.000
  0.840   730047.010
  1.000   730047.010
  0.880   730047.020
  0.900   730047.030
  0.990   730047.040
  0.930   730047.040
  1.020   730047.050
  1.650   730047.060
  1.000   730047.060
  1.100   730047.070
  1.660   730047.080
  1.050   730047.080
  1.540   730047.090
  1.000   730047.100
  1.050   730047.100
  0.920   730047.110
  0.980   730047.120
  1.050   730047.130
  0.930   730047.140
  0.890   730047.150
  0.750   730047.150
  0.800   730047.160
  0.880   730047.170
  1.300   730047.170
  1.630   730047.180
  2.040   730047.190
  2.270   730047.200
  2.110   730047.200
  2.560   730047.210
  2.770   730047.220
  3.050   730047.220
  2.540   730047.230
    NaN   730047.240
    NaN   730047.240
  2.960   730047.250
  2.700   730047.260
  2.750   730047.270
  2.880   730047.280
  2.530   730047.290
  2.810   730047.290
  2.020   730047.310
  3.300   730047.310
  4.210   730047.320
  3.060   730047.330
  3.100   730047.340
  3.580   730047.350
  2.840   730047.360
  3.160   730047.370
  3.080   730047.380
  3.720   730047.390
  3.610   730047.400
  3.540   730047.410
  3.250   730047.420
  2.890   730047.430
  2.700   730047.440
  3.280   730047.450
  2.750   730047.470
  2.850   730047.470
  2.220   730047.490
  2.040   730047.490
  3.840   730047.510
  2.720   730047.510
  3.330   730047.530
  3.010   730047.540
  2.710   730047.550
  5.420   730047.560
  2.670   730047.570
  2.220   730047.580
  2.250   730047.590
  2.890   730047.600
  2.680   730047.610
  2.390   730047.620
  2.730   730047.630
  2.290   730047.640
  2.480   730047.650
  8.890   730047.660
    NaN   730047.670
    NaN   730047.680
  1.970   730047.700
  1.820   730047.700
  2.510   730047.720
  2.150   730047.720
  1.750   730047.740
  2.190   730047.750
  2.140   730047.760
  1.660   730047.770
  1.500   730047.780
  2.280   730047.790
 11.130   730047.800
  7.070   730047.800
  5.300   730047.810
  1.530   730047.820
  1.520   730047.830
  1.540   730047.830
  1.580   730047.840
  1.440   730047.850
  1.510   730047.850
  1.710   730047.860
  1.530   730047.870
  1.520   730047.870
  1.740   730047.880
  1.570   730047.890
  1.390   730047.900
