  0.796   730142.000
  0.776   730142.007
  0.805   730142.014
  9.985   730142.021
  0.679   730142.028
  0.738   730142.035
  0.684   730142.042
  0.683   730142.049
  0.724   730142.056
  0.838   730142.062
  0.757   730142.069
  0.698   730142.076
  0.757   730142.083
  0.726   730142.090
  0.694   730142.097
  0.787   730142.104
  0.839   730142.111
  0.767   730142.118
  0.675   730142.125
  1.448   730142.132
  0.714   730142.139
  0.663   730142.146
  0.802   730142.153
  0.775   730142.160
  0.842   730142.167
  0.888   730142.174
  0.714   730142.181
  1.047   730142.188
  0.719   730142.194
  0.781   730142.201
  0.790   730142.208
  0.719   730142.215
  0.855   730142.222
  0.844   730142.229
  0.711   730142.236
  0.831   730142.243
  0.706   730142.250
  1.883   730142.257
  0.852   730142.264
  0.825   730142.271
  0.867   730142.278
  0.891   730142.285
  0.836   730142.292
  0.789   730142.299
  0.811   730142.306
  0.922   730142.312
  0.861   730142.319
  0.901   730142.326
  0.885   730142.333
  0.833   730142.340
  0.839   730142.347
  0.917   730142.354
  0.866   730142.361
  0.905   730142.368
  0.935   730142.375
  0.920   730142.382
  0.935   730142.389
  1.022   730142.396
  1.016   730142.403
  1.093   730142.410
  1.040   730142.417
  1.029   730142.424
  1.169   730142.431
  0.998   730142.438
  1.007   730142.444
  1.111   730142.451
  0.934   730142.458
  1.010   730142.465
  1.076   730142.472
  1.076   730142.479
  1.070   730142.486
  1.102   730142.493
  1.142   730142.500
  1.053   730142.507
  1.129   730142.514
  1.168   730142.521
  0.985   730142.528
  1.003   730142.535
  1.092   730142.542
  1.130   730142.549
  1.068   730142.556
  1.121   730142.562
  1.106   730142.569
  1.215   730142.576
  1.080   730142.583
  1.266   730142.590
  1.242   730142.597
  1.253   730142.604
  1.179   730142.611
  1.179   730142.618
  1.290   730142.625
  1.193   730142.632
  1.165   730142.639
  1.386   730142.646
  1.288   730142.653
  1.285   730142.660
  1.314   730142.667
  1.338   730142.674
  1.340   730142.681
  1.429   730142.712
  1.409   730142.715
  1.267   730142.722
  1.426   730142.729
  1.316   730142.736
  1.303   730142.743
  1.390   730142.750
  1.417   730142.757
  1.625   730142.764
  1.398   730142.771
  1.433   730142.778
  1.428   730142.785
  1.390   730142.792
  2.365   730142.799
  1.336   730142.806
  1.371   730142.812
  1.512   730142.819
  1.424   730142.826
  2.163   730142.833
  2.786   730142.840
  1.453   730142.847
  1.509   730142.854
  2.147   730142.861
  1.864   730142.868
  1.732   730142.875
  1.461   730142.882
  1.468   730142.889
    NaN   730142.896
  1.598   730142.903
  1.444   730142.910
  2.837   730142.917
  1.809   730142.924
  2.481   730142.931
  2.523   730142.938
  2.694   730142.944
  2.485   730142.951
  2.932   730142.958
  2.840   730142.965
  2.465   730142.972
  2.320   730142.979
  2.336   730142.986
  2.621   730142.993
  2.622   730142.999
