  0.041   730142.003
  0.042   730142.008
  0.039   730142.015
  0.039   730142.022
  0.036   730142.028
  0.040   730142.035
  0.040   730142.042
  0.043   730142.051
  0.040   730142.056
  0.039   730142.063
  0.040   730142.070
  0.041   730142.077
  0.041   730142.084
  0.038   730142.091
  0.034   730142.099
  0.131   730142.105
  0.040   730142.112
  0.039   730142.119
  0.039   730142.126
  0.038   730142.133
  0.033   730142.140
  0.036   730142.147
    NaN   730142.153
  0.037   730142.160
  0.039   730142.167
  0.040   730142.174
  0.048   730142.181
  0.042   730142.188
  0.037   730142.195
  0.042   730142.202
  0.042   730142.209
  0.045   730142.216
  0.038   730142.223
  0.043   730142.230
  0.040   730142.237
  0.035   730142.244
  0.043   730142.251
  0.041   730142.258
  0.041   730142.265
  0.046   730142.272
  0.038   730142.278
  0.036   730142.285
  0.045   730142.292
  0.041   730142.299
  0.049   730142.306
  0.042   730142.313
  0.039   730142.320
  0.256   730142.327
  0.044   730142.334
  0.040   730142.341
  0.043   730142.348
  0.040   730142.355
  0.035   730142.362
  0.036   730142.369
  0.038   730142.376
  0.038   730142.383
  0.041   730142.390
  0.075   730142.397
  0.040   730142.403
  0.035   730142.410
  0.040   730142.417
  0.038   730142.424
  0.040   730142.431
  0.035   730142.438
  0.040   730142.445
  0.040   730142.453
  0.041   730142.459
  0.038   730142.466
  0.037   730142.473
  0.037   730142.480
  0.037   730142.487
  0.034   730142.494
  0.040   730142.501
  0.036   730142.508
  0.034   730142.515
  0.038   730142.522
  0.040   730142.528
  0.033   730142.535
  0.041   730142.542
  0.039   730142.549
  0.246   730142.556
  0.038   730142.563
  0.042   730142.570
  0.111   730142.577
  0.032   730142.584
  0.231   730142.591
  0.063   730142.598
  0.037   730142.605
  0.039   730142.612
  0.071   730142.619
  0.117   730142.626
  0.040   730142.633
  0.049   730142.640
  0.126   730142.647
  0.141   730142.653
  0.109   730142.660
  0.041   730142.667
  0.119   730142.674
  0.073   730142.681
  0.034   730142.709
  0.038   730142.716
  0.041   730142.723
  0.033   730142.730
  0.074   730142.737
  0.041   730142.744
  0.096   730142.751
  0.095   730142.758
  0.069   730142.765
  0.038   730142.772
  0.032   730142.778
  0.106   730142.785
  0.037   730142.792
  0.036   730142.799
  0.041   730142.806
  0.034   730142.813
  0.058   730142.820
  0.039   730142.827
  0.034   730142.834
  0.040   730142.841
  0.044   730142.848
  0.034   730142.855
  0.108   730142.862
  0.039   730142.869
  0.049   730142.876
  0.150   730142.883
  0.075   730142.890
  0.037   730142.897
  0.048   730142.903
  0.040   730142.910
  0.080   730142.917
  0.043   730142.924
  0.079   730142.931
  0.045   730142.938
  0.187   730142.945
  0.038   730142.952
  0.035   730142.959
  0.040   730142.966
  0.036   730142.973
  0.041   730142.980
  0.044   730142.987
  0.036   730142.994
