    NaN   730350.007
    NaN   730350.007
    NaN   730350.007
    NaN   730350.014
    NaN   730350.021
    NaN   730350.028
    NaN   730350.034
    NaN   730350.041
    NaN   730350.048
    NaN   730350.055
    NaN   730350.062
    NaN   730350.069
    NaN   730350.076
    NaN   730350.083
    NaN   730350.090
    NaN   730350.097
    NaN   730350.104
    NaN   730350.111
    NaN   730350.118
    NaN   730350.125
    NaN   730350.132
    NaN   730350.139
    NaN   730350.146
    NaN   730350.153
    NaN   730350.159
    NaN   730350.166
    NaN   730350.173
    NaN   730350.180
    NaN   730350.187
    NaN   730350.194
    NaN   730350.201
    NaN   730350.208
    NaN   730350.215
    NaN   730350.222
    NaN   730350.229
    NaN   730350.236
    NaN   730350.243
    NaN   730350.250
    NaN   730350.257
    NaN   730350.264
    NaN   730350.271
    NaN   730350.278
    NaN   730350.284
    NaN   730350.291
    NaN   730350.298
    NaN   730350.305
    NaN   730350.312
    NaN   730350.319
    NaN   730350.326
    NaN   730350.333
    NaN   730350.340
    NaN   730350.347
    NaN   730350.354
    NaN   730350.361
    NaN   730350.368
    NaN   730350.375
    NaN   730350.382
    NaN   730350.389
    NaN   730350.396
    NaN   730350.403
    NaN   730350.410
    NaN   730350.417
    NaN   730350.423
    NaN   730350.430
    NaN   730350.437
    NaN   730350.444
    NaN   730350.451
    NaN   730350.458
    NaN   730350.465
    NaN   730350.472
    NaN   730350.479
    NaN   730350.486
    NaN   730350.493
    NaN   730350.500
    NaN   730350.507
    NaN   730350.514
    NaN   730350.521
    NaN   730350.528
    NaN   730350.534
    NaN   730350.541
    NaN   730350.548
    NaN   730350.555
    NaN   730350.562
    NaN   730350.569
    NaN   730350.576
    NaN   730350.583
    NaN   730350.590
    NaN   730350.597
    NaN   730350.604
    NaN   730350.611
    NaN   730350.618
    NaN   730350.625
    NaN   730350.632
    NaN   730350.639
    NaN   730350.646
    NaN   730350.653
    NaN   730350.659
    NaN   730350.666
    NaN   730350.673
    NaN   730350.680
    NaN   730350.687
    NaN   730350.694
    NaN   730350.701
    NaN   730350.708
    NaN   730350.715
    NaN   730350.722
    NaN   730350.729
    NaN   730350.743
    NaN   730350.750
    NaN   730350.757
    NaN   730350.764
    NaN   730350.771
    NaN   730350.778
    NaN   730350.784
    NaN   730350.791
    NaN   730350.798
    NaN   730350.805
    NaN   730350.812
    NaN   730350.819
    NaN   730350.826
    NaN   730350.833
    NaN   730350.840
    NaN   730350.847
    NaN   730350.854
    NaN   730350.861
    NaN   730350.868
    NaN   730350.875
    NaN   730350.882
    NaN   730350.889
    NaN   730350.896
    NaN   730350.903
    NaN   730350.909
    NaN   730350.916
    NaN   730350.923
    NaN   730350.930
    NaN   730350.937
    NaN   730350.944
    NaN   730350.951
    NaN   730350.958
    NaN   730350.965
    NaN   730350.972
    NaN   730350.979
    NaN   730350.986
    NaN   730350.993
    NaN   730351.000
