  0.083   730350.000
  0.076   730350.000
  0.073   730350.007
  0.087   730350.014
  0.071   730350.021
  0.072   730350.028
  0.067   730350.035
  0.086   730350.042
  0.080   730350.049
  0.080   730350.056
  0.082   730350.063
  0.083   730350.069
  0.068   730350.076
  0.068   730350.083
  0.075   730350.090
  0.075   730350.097
  0.082   730350.104
  0.071   730350.111
  0.070   730350.118
  0.077   730350.125
  0.092   730350.132
  0.083   730350.139
  0.075   730350.146
  0.073   730350.153
  0.084   730350.160
  0.077   730350.167
  0.077   730350.174
  0.080   730350.181
  0.070   730350.187
  0.075   730350.194
  0.075   730350.201
  0.083   730350.208
  0.083   730350.215
  0.077   730350.222
  0.074   730350.229
  0.075   730350.236
  0.079   730350.243
  0.086   730350.250
  0.090   730350.257
  0.093   730350.264
  0.086   730350.271
  0.093   730350.278
  0.091   730350.285
  0.084   730350.292
  0.089   730350.299
  0.084   730350.306
  0.089   730350.312
  0.084   730350.319
  0.090   730350.326
  0.098   730350.333
  0.100   730350.340
  0.152   730350.347
  0.095   730350.354
  0.105   730350.361
  0.089   730350.368
  0.091   730350.375
  0.086   730350.382
  0.097   730350.389
  0.096   730350.396
  0.087   730350.403
  0.089   730350.410
  0.098   730350.417
  0.105   730350.424
  0.107   730350.431
  0.102   730350.437
  0.095   730350.444
  0.090   730350.451
  0.118   730350.458
  0.106   730350.465
  0.101   730350.472
  0.104   730350.479
  0.091   730350.486
  0.085   730350.493
  0.080   730350.500
  0.079   730350.507
  0.087   730350.514
  0.085   730350.521
  0.095   730350.528
  0.101   730350.535
  0.100   730350.542
  0.096   730350.549
  0.114   730350.556
  0.108   730350.562
  0.115   730350.569
  0.106   730350.576
  0.104   730350.583
  0.132   730350.590
  0.116   730350.597
  0.102   730350.604
  0.093   730350.611
  0.111   730350.618
  0.086   730350.625
  0.116   730350.632
  0.084   730350.639
  0.108   730350.646
  0.108   730350.653
  0.103   730350.660
  0.116   730350.667
  0.094   730350.674
  0.090   730350.681
  3.891   730350.688
  0.096   730350.694
  0.099   730350.701
  0.097   730350.708
  0.088   730350.715
  0.109   730350.722
  0.107   730350.729
  0.093   730350.743
  0.098   730350.750
  0.110   730350.757
  0.107   730350.764
  0.110   730350.771
  0.092   730350.778
  0.098   730350.785
  0.102   730350.792
  0.098   730350.799
  0.110   730350.806
  0.104   730350.812
  0.129   730350.819
  0.153   730350.826
  0.119   730350.833
  0.118   730350.840
  0.126   730350.847
  0.106   730350.854
  0.138   730350.861
  0.138   730350.868
  0.127   730350.875
  0.114   730350.882
  0.122   730350.889
  0.113   730350.896
  0.110   730350.903
  0.127   730350.910
  0.133   730350.917
  0.115   730350.924
  0.093   730350.931
  0.096   730350.938
  0.097   730350.944
  0.119   730350.951
  0.123   730350.958
  0.119   730350.965
  0.117   730350.972
  0.117   730350.979
  0.099   730350.986
  0.100   730350.993
