  0.169   730350.002
  0.078   730350.002
  0.160   730350.008
  0.152   730350.015
  0.161   730350.022
  0.151   730350.029
  0.164   730350.036
  0.157   730350.043
  0.173   730350.050
  0.177   730350.057
  0.167   730350.064
  0.165   730350.071
  0.159   730350.077
  0.161   730350.084
  0.162   730350.091
  0.173   730350.098
  0.183   730350.105
  0.172   730350.112
  0.169   730350.119
  0.167   730350.126
  0.148   730350.133
  0.139   730350.140
  0.134   730350.147
  0.126   730350.154
  0.123   730350.161
  0.123   730350.168
  0.121   730350.175
  0.133   730350.182
  0.105   730350.189
  0.112   730350.196
  0.101   730350.202
  0.106   730350.209
  0.106   730350.216
  0.109   730350.223
  0.100   730350.230
  0.091   730350.237
  0.089   730350.244
  0.086   730350.251
  0.097   730350.258
  0.079   730350.265
  0.089   730350.272
  0.092   730350.279
  0.088   730350.286
  0.089   730350.293
  0.084   730350.300
  0.086   730350.307
  0.083   730350.314
  0.074   730350.321
  0.075   730350.327
  0.076   730350.334
  0.087   730350.341
  0.083   730350.348
  0.089   730350.355
  0.085   730350.362
  0.091   730350.369
  2.595   730350.376
  3.453   730350.383
  0.081   730350.390
  0.086   730350.397
  0.080   730350.404
  0.082   730350.411
  0.073   730350.418
  0.091   730350.425
  0.076   730350.432
  0.085   730350.439
  0.078   730350.445
  0.081   730350.452
  0.078   730350.459
  0.073   730350.466
  0.083   730350.473
  0.071   730350.480
  0.084   730350.487
  0.092   730350.494
  0.089   730350.501
  0.088   730350.508
  0.090   730350.515
  0.087   730350.522
  0.084   730350.529
  0.090   730350.536
  0.099   730350.543
  0.092   730350.550
  0.095   730350.557
  0.099   730350.564
  0.101   730350.571
  0.099   730350.577
  0.102   730350.584
  0.098   730350.591
  0.109   730350.598
  0.103   730350.605
  0.117   730350.612
  0.124   730350.619
  0.108   730350.626
  0.125   730350.633
  0.143   730350.640
  0.141   730350.647
  0.131   730350.654
  0.140   730350.661
  0.166   730350.668
  0.152   730350.675
  0.167   730350.682
  0.163   730350.689
  0.168   730350.696
  0.172   730350.702
  0.178   730350.709
  0.164   730350.716
  0.164   730350.723
  0.163   730350.730
  0.166   730350.744
  0.171   730350.751
  0.179   730350.758
  0.154   730350.765
  0.160   730350.772
  0.156   730350.779
  0.149   730350.786
  0.153   730350.793
  0.151   730350.800
  0.157   730350.807
  0.127   730350.814
  0.131   730350.821
  0.129   730350.827
  0.130   730350.834
  0.130   730350.841
  0.128   730350.848
  0.101   730350.855
  0.231   730350.862
  0.132   730350.869
  0.626   730350.876
  3.207   730350.883
  0.107   730350.890
  0.124   730350.897
  0.124   730350.904
  0.119   730350.911
  0.121   730350.918
  0.113   730350.925
  0.130   730350.932
  0.111   730350.939
  0.116   730350.946
  0.106   730350.952
  0.131   730350.959
  0.131   730350.966
  0.150   730350.973
  0.154   730350.980
  0.160   730350.987
  0.155   730350.994
