  1.812   730352.007
  0.068   730352.007
 11.524   730352.007
 10.843   730352.014
 12.023   730352.021
 10.389   730352.028
 10.478   730352.034
 10.506   730352.041
 11.227   730352.048
 10.950   730352.055
 10.780   730352.062
 11.596   730352.069
 10.808   730352.076
 11.633   730352.083
 12.524   730352.090
 11.919   730352.097
 12.154   730352.104
 11.757   730352.111
 11.328   730352.118
 12.153   730352.125
 11.759   730352.132
 11.331   730352.139
 11.219   730352.146
 12.684   730352.153
 12.149   730352.159
 12.023   730352.166
 12.540   730352.173
 11.608   730352.180
 11.981   730352.187
 12.234   730352.194
 12.485   730352.201
 11.104   730352.208
 12.271   730352.215
 11.138   730352.222
 11.283   730352.229
 11.098   730352.236
 10.334   730352.243
 11.502   730352.250
 12.956   730352.257
 12.833   730352.264
 11.926   730352.271
 12.073   730352.278
 11.496   730352.284
 12.144   730352.291
 11.517   730352.298
 11.806   730352.305
 11.903   730352.312
 12.179   730352.319
 10.429   730352.326
 11.329   730352.333
 10.592   730352.340
 11.311   730352.347
 10.932   730352.354
  9.628   730352.361
 10.023   730352.368
 10.760   730352.375
  9.804   730352.382
 10.184   730352.389
 11.652   730352.396
  9.902   730352.403
 10.855   730352.409
 10.373   730352.416
 10.336   730352.423
 11.076   730352.430
 10.498   730352.437
 10.971   730352.444
 10.959   730352.451
 10.456   730352.458
  9.950   730352.465
 11.479   730352.472
 10.332   730352.479
 11.652   730352.486
 10.066   730352.493
 10.278   730352.500
 11.297   730352.507
 10.419   730352.514
 11.452   730352.521
 11.279   730352.528
 10.522   730352.534
 11.322   730352.541
 11.534   730352.548
 10.584   730352.555
 11.024   730352.562
 11.396   730352.569
 11.274   730352.576
  9.950   730352.583
 10.891   730352.590
 11.693   730352.597
 10.633   730352.604
 10.727   730352.611
 10.892   730352.618
 10.465   730352.625
 11.225   730352.632
 11.247   730352.639
 10.558   730352.646
 10.658   730352.653
 10.520   730352.659
 11.533   730352.666
 10.583   730352.673
 10.678   730352.680
  9.650   730352.687
 10.207   730352.694
  9.849   730352.701
  9.857   730352.708
  9.496   730352.715
 10.662   730352.722
 10.686   730352.729
 10.333   730352.736
  9.881   730352.743
 10.180   730352.750
 10.020   730352.757
 10.567   730352.764
 11.130   730352.771
 10.959   730352.778
 10.713   730352.784
 10.243   730352.791
 10.484   730352.798
  9.779   730352.805
  9.909   730352.812
 10.124   730352.819
  9.101   730352.826
 10.798   730352.833
 10.019   730352.840
  9.307   730352.847
 10.097   730352.854
 10.015   730352.861
  9.592   730352.868
 10.112   730352.875
  9.605   730352.882
  9.782   730352.889
 10.281   730352.896
  9.743   730352.903
  9.525   730352.909
  9.756   730352.916
 10.005   730352.923
  9.575   730352.930
  9.566   730352.937
  9.267   730352.944
  9.869   730352.951
 10.454   730352.958
  9.382   730352.965
 10.871   730352.972
  9.683   730352.979
 11.092   730352.986
 10.993   730352.993
 11.051   730353.000
