  4.499   730352.007
  0.995   730352.007
  3.071   730352.007
  3.184   730352.014
  3.168   730352.021
  2.525   730352.028
  2.802   730352.034
  3.173   730352.041
  3.116   730352.048
  3.013   730352.055
  3.081   730352.062
  2.820   730352.069
  3.060   730352.076
  3.625   730352.083
  3.105   730352.090
  4.209   730352.097
  3.472   730352.104
  4.257   730352.111
  3.631   730352.118
  3.414   730352.125
  3.575   730352.132
  3.521   730352.139
  3.388   730352.146
  3.026   730352.153
  3.235   730352.159
  3.666   730352.166
  4.118   730352.173
  3.861   730352.180
  3.872   730352.187
  3.794   730352.194
  3.605   730352.201
  3.437   730352.208
  3.857   730352.215
  3.430   730352.222
  3.895   730352.229
  3.223   730352.236
  3.310   730352.243
  3.459   730352.250
  5.206   730352.257
  4.220   730352.264
  3.481   730352.271
  3.260   730352.278
  3.338   730352.284
  3.931   730352.291
  3.756   730352.298
  3.641   730352.305
  3.740   730352.312
  3.607   730352.319
  3.575   730352.326
  3.604   730352.333
  3.176   730352.340
  3.358   730352.347
  3.209   730352.354
  2.980   730352.361
  3.456   730352.368
  3.703   730352.375
  3.263   730352.382
  3.727   730352.389
  3.735   730352.396
  3.963   730352.403
  3.543   730352.409
  3.915   730352.416
  3.764   730352.423
  4.332   730352.430
  3.563   730352.437
  3.618   730352.444
  3.300   730352.451
  3.683   730352.458
  3.438   730352.465
  6.611   730352.472
  3.420   730352.479
  3.595   730352.486
  3.322   730352.493
  3.216   730352.500
  3.346   730352.507
  2.907   730352.514
  2.559   730352.521
  2.780   730352.528
  3.097   730352.534
  2.918   730352.541
  3.379   730352.548
  3.394   730352.555
  3.221   730352.562
  3.252   730352.569
  3.030   730352.576
  3.246   730352.583
  2.996   730352.590
  2.895   730352.597
  3.237   730352.604
  2.877   730352.611
  3.166   730352.618
  3.097   730352.625
  3.443   730352.632
  3.653   730352.639
  2.783   730352.646
  3.007   730352.653
  3.112   730352.659
  2.983   730352.666
  2.704   730352.673
  3.142   730352.680
  2.584   730352.687
  2.888   730352.694
  3.898   730352.701
  3.358   730352.708
  3.680   730352.715
  3.808   730352.722
 12.589   730352.729
  3.151   730352.736
  2.992   730352.743
  2.845   730352.750
  2.918   730352.757
  2.892   730352.764
  3.089   730352.771
  2.921   730352.778
  2.702   730352.784
  2.864   730352.791
  2.942   730352.798
  2.790   730352.805
  2.451   730352.812
  2.835   730352.819
  3.071   730352.826
 10.332   730352.833
  2.796   730352.840
  2.635   730352.847
  3.040   730352.854
  2.999   730352.861
  2.776   730352.868
  3.213   730352.875
  2.778   730352.882
  2.700   730352.889
  3.498   730352.896
  3.381   730352.903
  2.920   730352.909
  3.015   730352.916
  3.360   730352.923
 13.183   730352.930
  3.439   730352.937
  3.470   730352.944
  3.247   730352.951
  3.161   730352.958
  2.528   730352.965
  2.696   730352.972
  3.195   730352.979
  3.404   730352.986
  3.502   730352.993
  3.531   730353.000
