  0.195   730352.000
  0.055   730352.000
  0.133   730352.007
  0.186   730352.014
  0.213   730352.021
  0.211   730352.028
  0.175   730352.035
  0.148   730352.042
  0.129   730352.049
  0.128   730352.055
  0.122   730352.062
  0.085   730352.069
  0.071   730352.076
  0.085   730352.083
  0.097   730352.090
  0.105   730352.097
  0.064   730352.104
  0.049   730352.111
  0.039   730352.118
  0.042   730352.125
  0.044   730352.132
  3.679   730352.139
  0.043   730352.146
  0.042   730352.153
  0.041   730352.160
  0.045   730352.167
  0.051   730352.174
  0.047   730352.181
  0.051   730352.188
  0.053   730352.194
  0.049   730352.201
  0.056   730352.208
  0.062   730352.215
  0.061   730352.222
  0.059   730352.229
  0.062   730352.236
  0.068   730352.243
  0.088   730352.250
  0.246   730352.257
  0.081   730352.264
  0.093   730352.271
  0.095   730352.278
  0.089   730352.285
  0.076   730352.292
  0.104   730352.299
  0.102   730352.306
  0.103   730352.312
  0.061   730352.319
  0.088   730352.326
  0.083   730352.333
  0.062   730352.340
  0.050   730352.347
  0.061   730352.354
  0.088   730352.361
  0.063   730352.368
  0.054   730352.375
  0.065   730352.382
  0.078   730352.389
  0.086   730352.396
  0.080   730352.403
  0.092   730352.410
  0.067   730352.417
  0.060   730352.424
  0.142   730352.431
  0.045   730352.437
  0.049   730352.444
  0.041   730352.451
  0.051   730352.458
  0.052   730352.465
  0.067   730352.472
  0.043   730352.479
  0.046   730352.486
  0.045   730352.493
  0.050   730352.500
  0.055   730352.507
  0.049   730352.514
  0.047   730352.521
  0.048   730352.528
  0.038   730352.535
  0.046   730352.542
  0.044   730352.549
  0.051   730352.556
  0.042   730352.562
  0.046   730352.569
  0.045   730352.576
  0.044   730352.583
  0.045   730352.590
  0.043   730352.597
  0.052   730352.604
  0.040   730352.611
  0.055   730352.618
  0.047   730352.625
  0.047   730352.632
  3.924   730352.639
  0.049   730352.646
  0.045   730352.653
  0.046   730352.660
  0.044   730352.667
  0.038   730352.674
  0.048   730352.681
  0.045   730352.687
  0.048   730352.694
  0.042   730352.701
  0.044   730352.708
  0.039   730352.715
  0.045   730352.722
  0.087   730352.729
  0.051   730352.736
  0.045   730352.743
  0.043   730352.750
  0.043   730352.757
  0.164   730352.764
  0.583   730352.771
  0.045   730352.778
  0.042   730352.785
  0.038   730352.792
  0.043   730352.799
  0.044   730352.806
  0.042   730352.812
  0.041   730352.819
  0.046   730352.826
  0.068   730352.833
  0.043   730352.840
  0.043   730352.847
  0.046   730352.854
  0.049   730352.861
  0.060   730352.868
  0.046   730352.875
  0.051   730352.882
  0.047   730352.889
  0.047   730352.896
  0.043   730352.903
  0.042   730352.910
  0.163   730352.917
  0.044   730352.924
  0.083   730352.931
  0.040   730352.937
  0.040   730352.944
  0.047   730352.951
  0.043   730352.958
  0.041   730352.965
  0.041   730352.972
  0.038   730352.979
  0.044   730352.986
  0.105   730352.993
