  1.131   730352.001
 17.739   730352.001
  1.122   730352.008
  1.320   730352.014
  1.256   730352.021
    NaN   730352.028
  1.337   730352.035
  1.287   730352.042
  1.129   730352.049
  1.401   730352.056
  1.377   730352.063
  1.416   730352.070
  1.498   730352.077
  1.674   730352.084
  1.551   730352.091
  1.580   730352.098
  1.560   730352.105
  1.560   730352.112
  1.686   730352.118
  1.648   730352.125
  1.523   730352.132
  1.541   730352.139
  1.625   730352.146
  1.692   730352.153
  1.379   730352.160
  1.450   730352.167
  1.467   730352.174
  1.511   730352.181
  1.578   730352.188
  1.580   730352.195
  1.510   730352.202
  1.587   730352.209
  1.483   730352.216
  1.592   730352.223
  1.689   730352.230
  1.528   730352.237
  1.533   730352.244
  1.543   730352.250
  1.655   730352.257
  1.579   730352.264
  1.761   730352.271
  1.593   730352.278
  1.651   730352.285
  1.477   730352.292
  1.385   730352.299
  1.471   730352.306
  1.585   730352.313
  1.661   730352.320
  1.527   730352.327
  1.540   730352.334
  1.877   730352.341
  1.603   730352.348
  1.505   730352.355
  1.597   730352.362
  1.584   730352.369
  1.601   730352.375
  1.367   730352.382
  1.558   730352.389
  1.259   730352.396
  1.580   730352.403
  1.652   730352.410
  1.459   730352.417
  1.519   730352.424
  2.371   730352.431
  1.514   730352.438
  1.558   730352.445
  1.460   730352.452
  1.481   730352.459
  1.361   730352.466
  1.572   730352.473
  1.225   730352.480
  1.566   730352.487
  1.534   730352.493
  1.599   730352.500
  1.527   730352.507
  1.390   730352.514
  1.251   730352.521
    NaN   730352.528
  1.273   730352.535
  1.350   730352.542
  1.478   730352.549
  1.299   730352.556
  1.374   730352.563
  1.230   730352.570
  1.153   730352.577
  1.176   730352.584
  1.280   730352.591
  1.374   730352.598
  1.241   730352.605
  1.304   730352.612
  1.293   730352.618
  1.409   730352.625
  1.351   730352.632
  1.406   730352.639
  1.315   730352.646
  1.268   730352.653
  1.190   730352.660
  1.310   730352.667
  1.355   730352.674
  1.285   730352.681
  1.259   730352.688
  1.218   730352.695
  1.305   730352.702
  1.318   730352.709
  1.133   730352.716
  1.132   730352.723
 19.619   730352.730
  1.376   730352.737
  1.373   730352.743
  1.281   730352.750
  1.312   730352.757
  1.181   730352.764
  1.478   730352.771
  1.166   730352.778
  1.215   730352.785
  1.163   730352.792
  1.293   730352.799
  1.373   730352.806
  1.208   730352.813
  1.325   730352.820
  1.184   730352.827
 23.502   730352.834
  1.186   730352.841
  1.319   730352.848
  1.299   730352.855
  1.264   730352.862
  1.366   730352.869
  1.176   730352.875
  1.128   730352.882
  1.245   730352.889
  1.255   730352.896
  1.240   730352.903
  1.314   730352.910
  1.391   730352.917
  1.404   730352.924
 31.475   730352.931
  1.226   730352.938
  1.187   730352.945
  1.243   730352.952
  1.367   730352.959
  1.389   730352.966
  1.249   730352.973
  1.178   730352.980
  1.291   730352.987
  1.363   730352.993
