  0.108   730352.001
  0.036   730352.001
  0.114   730352.008
  0.104   730352.014
  0.123   730352.021
  0.096   730352.028
  0.105   730352.035
  0.110   730352.042
  0.102   730352.049
  0.100   730352.056
  0.105   730352.063
  0.115   730352.070
  0.117   730352.077
  0.120   730352.084
  0.116   730352.091
  0.111   730352.098
  0.135   730352.105
  0.109   730352.112
  0.109   730352.118
  0.120   730352.125
  0.128   730352.132
  0.112   730352.139
  0.115   730352.146
  0.120   730352.153
  0.130   730352.160
  0.119   730352.167
  0.118   730352.174
  0.119   730352.181
  0.118   730352.188
  0.145   730352.195
  0.126   730352.202
  0.142   730352.209
  0.143   730352.216
  0.137   730352.223
  0.146   730352.230
  0.157   730352.237
  0.156   730352.244
  0.147   730352.250
  0.167   730352.257
  0.178   730352.264
  0.149   730352.271
  0.194   730352.278
  0.169   730352.285
  0.179   730352.292
  0.161   730352.299
  0.162   730352.306
  0.182   730352.313
  0.166   730352.320
  0.185   730352.327
  0.178   730352.334
  0.153   730352.341
  0.167   730352.348
  0.169   730352.355
  0.149   730352.362
  0.168   730352.369
  0.129   730352.375
  0.156   730352.382
  0.148   730352.389
  0.146   730352.396
  0.159   730352.403
  0.151   730352.410
  0.152   730352.417
  0.158   730352.424
  0.418   730352.431
  0.149   730352.438
  0.141   730352.445
  0.134   730352.452
  0.151   730352.459
  0.121   730352.466
  0.162   730352.473
  3.677   730352.480
  0.147   730352.487
  0.146   730352.493
  0.129   730352.500
  0.144   730352.507
  0.132   730352.514
  0.125   730352.521
  0.140   730352.528
  0.139   730352.535
  0.127   730352.542
  0.137   730352.549
  0.136   730352.556
  0.146   730352.563
  0.265   730352.570
  0.142   730352.577
  0.138   730352.584
  0.134   730352.591
  0.136   730352.598
  0.144   730352.605
  0.135   730352.612
  0.130   730352.618
  0.133   730352.625
  0.126   730352.632
  0.126   730352.639
  0.118   730352.646
  0.118   730352.653
  0.100   730352.660
  0.130   730352.667
  0.111   730352.674
  0.112   730352.681
  0.121   730352.688
  0.119   730352.695
  0.106   730352.702
  0.100   730352.709
  0.111   730352.716
  0.114   730352.723
  0.111   730352.730
  0.108   730352.737
  0.117   730352.743
  0.112   730352.750
  0.092   730352.757
  0.115   730352.764
  0.111   730352.771
  0.108   730352.778
  0.106   730352.785
  0.102   730352.792
  0.097   730352.799
  0.101   730352.806
  0.568   730352.813
  0.100   730352.820
  0.101   730352.827
  0.089   730352.834
  0.109   730352.841
  0.099   730352.848
  0.091   730352.855
  0.095   730352.862
  0.100   730352.869
  0.083   730352.875
  0.091   730352.882
  0.095   730352.889
  0.090   730352.896
  0.090   730352.903
  0.087   730352.910
  0.081   730352.917
  0.073   730352.924
  0.085   730352.931
  0.071   730352.938
  0.080   730352.945
  0.086   730352.952
  0.087   730352.959
  0.071   730352.966
  0.081   730352.973
  1.809   730352.980
  0.075   730352.987
  0.083   730352.993
