  0.152   730369.003
  0.312   730369.003
  0.160   730369.009
  0.162   730369.016
  0.171   730369.023
  0.182   730369.030
  0.153   730369.037
  0.163   730369.044
  0.165   730369.051
  0.167   730369.057
  0.148   730369.064
  0.160   730369.072
  7.229   730369.079
  0.155   730369.086
  0.160   730369.093
  0.155   730369.100
  0.142   730369.106
  0.163   730369.113
  0.150   730369.120
  0.158   730369.127
  0.148   730369.134
  0.167   730369.141
  0.188   730369.148
  0.169   730369.155
  0.177   730369.162
  0.176   730369.169
  0.181   730369.176
  0.178   730369.183
  0.183   730369.190
  0.205   730369.197
  0.193   730369.204
  0.187   730369.210
  0.204   730369.217
  0.189   730369.224
  0.198   730369.232
  0.190   730369.239
  0.207   730369.246
  0.181   730369.252
  0.189   730369.259
  0.171   730369.266
  0.201   730369.273
  0.194   730369.280
  0.167   730369.287
  0.162   730369.294
  0.170   730369.301
  0.152   730369.308
  0.183   730369.314
  0.167   730369.321
  0.162   730369.328
  0.188   730369.335
  0.154   730369.342
  0.146   730369.349
  0.151   730369.356
  0.156   730369.363
  0.173   730369.370
  0.164   730369.377
  0.156   730369.384
  0.134   730369.391
  0.188   730369.398
  0.151   730369.405
  0.141   730369.412
  0.130   730369.419
  0.147   730369.426
  0.141   730369.432
  0.135   730369.439
  0.137   730369.446
  0.143   730369.453
  0.157   730369.460
  0.141   730369.467
  0.173   730369.474
  0.179   730369.481
  0.171   730369.488
  0.152   730369.495
  0.146   730369.502
  0.164   730369.509
  0.175   730369.516
  0.148   730369.523
  0.156   730369.530
  0.145   730369.537
  0.165   730369.544
  0.130   730369.551
  0.154   730369.558
  0.153   730369.564
  0.144   730369.571
  7.440   730369.579
  0.157   730369.585
  0.145   730369.592
  0.157   730369.599
  0.148   730369.606
  0.165   730369.613
  0.167   730369.620
  0.146   730369.627
  0.172   730369.634
  0.460   730369.641
  0.152   730369.648
  0.173   730369.655
  0.159   730369.662
  0.139   730369.669
  0.152   730369.676
  0.147   730369.683
  0.150   730369.690
  0.145   730369.697
  0.143   730369.704
  0.156   730369.711
  0.135   730369.717
  0.126   730369.724
  0.150   730369.731
  0.154   730369.738
  0.144   730369.745
  0.164   730369.752
  0.130   730369.759
  0.146   730369.766
  0.123   730369.773
  0.139   730369.780
  0.141   730369.787
  0.318   730369.794
  0.142   730369.801
  0.137   730369.808
  0.128   730369.814
  0.128   730369.821
  0.134   730369.829
  0.152   730369.835
  0.130   730369.842
  0.125   730369.849
  0.134   730369.856
  0.158   730369.863
  0.142   730369.870
  0.139   730369.877
  0.133   730369.884
  0.140   730369.891
  0.206   730369.898
  0.154   730369.905
  0.187   730369.912
  0.167   730369.919
  0.156   730369.927
  0.165   730369.934
  0.178   730369.940
  0.178   730369.947
  0.205   730369.954
  0.212   730369.961
  0.194   730369.967
  0.189   730369.974
  0.215   730369.981
  0.242   730369.988
  0.224   730369.995
