  0.288   730162.001
  0.253   730162.029
  0.253   730162.036
  0.235   730162.043
  0.262   730162.050
  0.281   730162.057
  0.254   730162.064
  0.269   730162.071
  0.284   730162.078
  0.241   730162.085
  0.288   730162.092
  0.266   730162.099
  0.256   730162.106
  0.254   730162.113
  0.259   730162.119
  0.286   730162.126
  0.306   730162.133
  0.301   730162.140
  0.257   730162.147
  0.254   730162.154
  0.279   730162.161
  0.261   730162.168
  0.261   730162.175
  0.280   730162.182
  0.279   730162.189
  0.292   730162.196
  0.297   730162.203
  0.300   730162.210
  0.263   730162.217
  0.323   730162.224
  0.285   730162.231
  0.318   730162.238
  0.283   730162.244
  0.349   730162.251
  0.264   730162.258
  0.310   730162.265
  0.281   730162.272
  0.305   730162.279
  0.322   730162.286
  0.308   730162.293
  0.278   730162.300
  0.264   730162.307
