  0.869   730162.003
  0.855   730162.030
  0.968   730162.037
  0.873   730162.044
  0.759   730162.051
  1.439   730162.058
  0.800   730162.065
  0.819   730162.072
  0.798   730162.078
  0.961   730162.085
  0.932   730162.092
  1.004   730162.099
  1.009   730162.106
  1.016   730162.114
  1.039   730162.120
  1.165   730162.128
  1.047   730162.134
    NaN   730162.141
  1.145   730162.149
  1.270   730162.156
  1.336   730162.162
  1.259   730162.169
  1.270   730162.176
  1.469   730162.183
  1.337   730162.190
  1.358   730162.197
  1.260   730162.203
  1.307   730162.211
  1.208   730162.217
  1.319   730162.225
  1.198   730162.231
  1.298   730162.238
  1.236   730162.245
  1.269   730162.252
  1.038   730162.260
  1.235   730162.266
  1.076   730162.274
  1.072   730162.281
  1.266   730162.287
  1.175   730162.294
  1.064   730162.301
  1.246   730162.308
  0.701   730162.792
  0.632   730162.799
  0.595   730162.806
  0.630   730162.812
  0.547   730162.819
  0.646   730162.833
  0.579   730162.840
  0.634   730162.847
  0.631   730162.854
  0.651   730162.861
  0.553   730162.868
  0.589   730162.875
  0.588   730162.882
  0.598   730162.889
  0.566   730162.896
  0.566   730162.903
  0.607   730162.910
  0.597   730162.917
  0.555   730162.924
  0.627   730162.931
  0.570   730162.938
  0.602   730162.944
  0.540   730162.951
  0.563   730162.958
  0.550   730162.965
  0.638   730162.972
  0.575   730162.979
  0.608   730162.986
  0.612   730162.993
