  0.260   730030.000
  0.250   730030.000
  0.280   730030.010
  0.280   730030.020
  0.290   730030.020
  0.270   730030.030
  0.240   730030.040
  0.260   730030.050
  0.260   730030.050
  0.250   730030.060
  0.240   730030.070
  0.250   730030.070
    NaN   730030.080
  0.290   730030.090
  0.250   730030.090
  0.250   730030.100
  0.260   730030.110
  0.250   730030.110
  0.270   730030.120
  0.260   730030.130
  0.290   730030.140
  0.270   730030.140
  0.260   730030.150
  0.250   730030.160
  0.250   730030.160
  0.240   730030.170
  0.250   730030.180
  0.250   730030.180
  0.250   730030.190
  0.250   730030.200
  0.230   730030.200
  0.240   730030.210
  0.250   730030.220
  0.250   730030.230
  0.260   730030.230
  0.230   730030.240
  0.230   730030.250
  0.230   730030.250
  0.250   730030.260
  0.230   730030.270
  0.230   730030.270
  0.230   730030.280
  0.240   730030.290
  0.210   730030.300
  0.220   730030.300
  0.240   730030.310
  0.220   730030.320
  0.200   730030.320
  0.220   730030.330
  0.250   730030.340
  0.200   730030.340
  0.210   730030.350
  0.210   730030.360
  0.210   730030.360
  0.220   730030.370
  0.200   730030.380
  0.190   730030.390
  0.200   730030.390
  0.200   730030.400
  0.210   730030.410
  0.230   730030.410
  0.220   730030.420
  0.220   730030.430
  0.250   730030.430
  0.220   730030.440
  0.220   730030.450
  0.220   730030.450
  0.210   730030.460
  0.230   730030.470
  0.230   730030.480
  0.230   730030.480
  0.210   730030.490
  0.220   730030.500
  0.220   730030.500
  0.220   730030.510
  0.230   730030.520
  0.230   730030.520
  0.220   730030.530
  0.220   730030.540
  0.210   730030.550
  0.210   730030.550
  0.220   730030.560
  0.190   730030.570
  0.200   730030.570
    NaN   730030.580
  0.200   730030.590
  0.200   730030.590
  0.200   730030.600
  0.200   730030.610
  0.180   730030.610
  0.200   730030.620
  0.190   730030.630
  0.190   730030.640
  0.200   730030.640
  0.180   730030.650
  0.200   730030.660
  0.190   730030.660
  0.180   730030.670
  0.180   730030.680
  0.160   730030.680
  0.200   730030.690
  0.170   730030.700
  0.170   730030.700
  0.190   730030.710
  0.180   730030.720
  0.180   730030.730
  0.160   730030.730
  0.180   730030.740
  0.190   730030.750
  0.210   730030.750
  0.190   730030.760
  0.190   730030.770
  0.180   730030.770
  1.360   730030.780
  0.190   730030.790
  0.160   730030.800
  0.180   730030.800
  0.180   730030.810
  0.200   730030.820
  0.220   730030.820
  0.190   730030.830
  0.200   730030.840
  0.210   730030.840
  0.180   730030.850
  0.200   730030.860
  0.180   730030.870
  0.200   730030.870
  0.210   730030.880
  0.230   730030.890
  0.210   730030.890
  0.180   730030.900
  0.190   730030.910
  0.210   730030.910
  0.190   730030.920
  0.190   730030.930
  0.210   730030.930
  0.400   730030.940
  0.190   730030.950
  0.170   730030.950
  0.190   730030.960
  0.180   730030.970
  0.180   730030.980
  0.200   730030.980
  0.180   730030.990
