  2.000   730030.000
  1.640   730030.000
  1.950   730030.010
  2.250   730030.020
  1.900   730030.020
  1.430   730030.030
  2.570   730030.040
  1.640   730030.050
  1.680   730030.050
  2.450   730030.060
  2.130   730030.070
  1.580   730030.070
  1.930   730030.080
  1.850   730030.090
  1.780   730030.090
  1.900   730030.100
  2.230   730030.110
  2.130   730030.110
  2.000   730030.120
  1.550   730030.130
  1.730   730030.140
  1.410   730030.140
  1.940   730030.150
  1.680   730030.160
  1.800   730030.160
  1.950   730030.170
  2.250   730030.180
  1.920   730030.180
  1.970   730030.190
  1.910   730030.200
  1.610   730030.200
  2.920   730030.210
  2.640   730030.220
  1.750   730030.230
  1.650   730030.230
  1.700   730030.240
  1.740   730030.250
  1.760   730030.250
  1.930   730030.260
  1.840   730030.270
  1.900   730030.270
  1.820   730030.280
  1.720   730030.290
  1.710   730030.300
  1.660   730030.300
  1.440   730030.310
  1.690   730030.320
    NaN   730030.320
  1.860   730030.330
  1.800   730030.340
  1.600   730030.340
  1.980   730030.350
  1.980   730030.360
  1.850   730030.360
  1.800   730030.370
  1.710   730030.380
  1.680   730030.390
  1.730   730030.390
  1.730   730030.400
  1.760   730030.410
  1.910   730030.410
  1.640   730030.420
  1.550   730030.430
  1.730   730030.430
  1.810   730030.440
  1.790   730030.450
  2.110   730030.450
  1.530   730030.460
  1.460   730030.470
  1.820   730030.480
  1.500   730030.480
  1.580   730030.490
  1.630   730030.500
  1.700   730030.500
  1.930   730030.510
  1.490   730030.520
  1.410   730030.520
  1.500   730030.530
  1.580   730030.540
  1.620   730030.550
  1.830   730030.550
  2.130   730030.560
  1.510   730030.570
  1.460   730030.570
  1.470   730030.580
  1.780   730030.590
  1.580   730030.590
  1.780   730030.600
  1.640   730030.610
  1.510   730030.610
  1.570   730030.620
  1.450   730030.630
  1.460   730030.640
  1.270   730030.640
  1.720   730030.650
  1.850   730030.660
  1.800   730030.660
  1.410   730030.670
  1.390   730030.680
  1.230   730030.680
  1.810   730030.690
  1.740   730030.700
  1.620   730030.700
  1.790   730030.710
  1.550   730030.720
  1.610   730030.730
  1.560   730030.730
  1.690   730030.740
  3.070   730030.750
  1.570   730030.750
  1.340   730030.760
  1.420   730030.770
  2.210   730030.770
 11.440   730030.780
  1.550   730030.790
  2.410   730030.800
  2.260   730030.800
  1.530   730030.810
  2.510   730030.820
    NaN   730030.820
  1.720   730030.830
  1.470   730030.840
  1.370   730030.840
  1.370   730030.850
  2.090   730030.860
  1.970   730030.870
  1.490   730030.870
  1.670   730030.880
  2.430   730030.890
  2.280   730030.890
  1.420   730030.900
  1.520   730030.910
  1.400   730030.910
  1.390   730030.920
  1.310   730030.930
  3.650   730030.930
  2.680   730030.940
  1.400   730030.950
  2.400   730030.950
  1.730   730030.960
  2.330   730030.970
  1.410   730030.980
  1.440   730030.980
  1.980   730030.990
