 20.584   730107.001
 20.356   730107.008
 19.734   730107.015
 20.553   730107.022
 22.715   730107.028
 22.177   730107.035
 21.202   730107.042
 18.872   730107.049
 18.733   730107.056
 20.247   730107.063
 22.957   730107.070
 21.145   730107.077
 19.889   730107.084
 21.107   730107.091
 18.484   730107.098
 20.522   730107.104
 20.024   730107.112
 20.726   730107.119
 19.992   730107.126
 19.524   730107.133
 21.218   730107.140
 25.335   730107.147
 22.220   730107.153
 21.832   730107.160
 22.613   730107.167
 22.661   730107.174
 21.394   730107.181
 18.721   730107.188
 20.690   730107.195
 19.529   730107.202
 19.759   730107.208
 19.919   730107.215
 18.548   730107.222
 20.863   730107.229
 19.993   730107.237
 20.439   730107.244
 19.913   730107.251
 19.645   730107.258
 18.573   730107.265
 18.334   730107.272
 17.275   730107.278
 21.222   730107.285
 19.619   730107.292
 18.134   730107.299
 18.171   730107.306
 18.768   730107.327
 18.714   730107.334
 19.784   730107.341
 20.876   730107.348
 19.309   730107.355
 19.889   730107.362
 19.063   730107.369
 22.058   730107.376
 19.478   730107.383
 22.017   730107.390
 19.659   730107.397
 21.015   730107.403
 17.732   730107.410
 21.427   730107.417
 22.119   730107.424
 19.668   730107.431
 21.761   730107.438
 21.718   730107.445
 24.078   730107.453
 23.111   730107.459
 22.658   730107.466
 23.435   730107.473
 22.780   730107.480
 26.301   730107.487
 23.671   730107.494
 21.982   730107.501
 24.057   730107.508
 25.722   730107.515
 24.064   730107.522
 25.565   730107.528
 28.043   730107.535
 22.575   730107.542
 26.237   730107.549
 26.117   730107.556
 26.425   730107.563
 22.791   730107.570
 24.168   730107.577
 24.571   730107.584
 30.035   730107.591
 25.990   730107.598
 26.716   730107.605
 24.487   730107.612
 26.029   730107.619
 27.488   730107.626
 26.239   730107.633
 27.948   730107.640
 25.647   730107.647
 27.811   730107.653
 25.573   730107.660
 28.141   730107.667
 26.030   730107.674
 24.947   730107.681
 24.801   730107.688
 23.971   730107.695
 27.368   730107.702
 26.414   730107.709
 26.003   730107.716
 24.352   730107.723
 26.817   730107.730
 28.256   730107.737
 26.563   730107.744
 24.092   730107.751
 25.880   730107.758
 23.880   730107.765
 25.739   730107.772
 26.040   730107.778
 28.052   730107.785
 25.469   730107.792
 24.071   730107.799
 26.207   730107.806
 27.115   730107.813
 23.856   730107.820
 27.022   730107.827
 28.558   730107.834
 29.799   730107.841
 27.146   730107.848
 29.405   730107.855
 27.306   730107.862
 28.784   730107.869
 27.931   730107.876
 27.479   730107.883
 28.124   730107.890
 27.380   730107.897
 28.953   730107.903
 30.153   730107.910
 27.941   730107.917
 32.966   730107.924
 27.364   730107.931
 28.037   730107.938
 30.939   730107.945
 29.353   730107.951
 31.542   730107.959
 30.662   730107.966
 36.208   730107.973
 30.009   730107.980
 34.237   730107.987
 31.123   730107.994
