  0.071   730107.000
  0.065   730107.007
  0.076   730107.014
  0.067   730107.021
  0.065   730107.028
  0.070   730107.035
  0.062   730107.042
  0.064   730107.049
  0.063   730107.056
  0.065   730107.062
  0.068   730107.069
  0.066   730107.076
  0.061   730107.083
  0.070   730107.090
  0.062   730107.097
  0.068   730107.104
  0.061   730107.112
  0.071   730107.118
  0.101   730107.126
  0.067   730107.132
  0.079   730107.139
  0.080   730107.146
  0.084   730107.153
  0.094   730107.160
  0.075   730107.167
  0.089   730107.174
  0.084   730107.181
  0.081   730107.188
  0.078   730107.194
  0.095   730107.201
  0.086   730107.208
  0.087   730107.215
  0.092   730107.222
  0.087   730107.229
  0.084   730107.236
  0.077   730107.243
  0.073   730107.250
  0.075   730107.257
  0.078   730107.264
  0.073   730107.271
  0.080   730107.278
  0.081   730107.285
  0.070   730107.292
  0.075   730107.299
  0.070   730107.306
  0.063   730107.326
  0.067   730107.333
  0.081   730107.340
  0.077   730107.347
  0.072   730107.354
  0.074   730107.361
  0.087   730107.368
  0.077   730107.375
  0.084   730107.382
  0.068   730107.389
  0.078   730107.396
  0.085   730107.403
  0.080   730107.410
  0.092   730107.417
  0.097   730107.424
  0.090   730107.431
  0.094   730107.438
  0.082   730107.444
  0.089   730107.452
  0.089   730107.458
  0.094   730107.465
  0.084   730107.472
  0.082   730107.479
  0.087   730107.486
  0.098   730107.493
  0.090   730107.500
  0.090   730107.507
  0.081   730107.514
  0.089   730107.521
  0.095   730107.528
  0.087   730107.535
  0.092   730107.542
  0.087   730107.549
  0.084   730107.556
  0.079   730107.562
  0.103   730107.569
  0.093   730107.576
  0.091   730107.583
  0.094   730107.590
  0.088   730107.597
  0.100   730107.604
  0.098   730107.611
  0.102   730107.618
  0.096   730107.625
  0.096   730107.632
  0.085   730107.639
  0.091   730107.646
  0.094   730107.653
  0.090   730107.660
  0.109   730107.667
  0.101   730107.674
  0.101   730107.681
  0.093   730107.688
  0.101   730107.694
  0.103   730107.701
  0.101   730107.708
  0.099   730107.715
  0.100   730107.722
  0.094   730107.729
  0.114   730107.736
  0.103   730107.743
  0.106   730107.750
  0.097   730107.757
  0.091   730107.764
  0.100   730107.771
  0.093   730107.778
  0.099   730107.785
  0.091   730107.792
  0.090   730107.799
  0.080   730107.806
  0.093   730107.812
  0.088   730107.819
  0.098   730107.826
  0.086   730107.833
  0.096   730107.840
  0.091   730107.847
  0.089   730107.854
  0.097   730107.861
  0.092   730107.868
  0.110   730107.875
  0.104   730107.882
  0.089   730107.889
  0.095   730107.896
  0.101   730107.903
  0.090   730107.910
  0.091   730107.917
  0.097   730107.924
  0.090   730107.931
  0.095   730107.938
  0.097   730107.944
  0.100   730107.951
  0.092   730107.958
  0.097   730107.965
  0.095   730107.972
  0.106   730107.979
  0.101   730107.986
  0.084   730107.993
