  1.728   730107.002
  1.745   730107.009
  1.815   730107.016
  1.659   730107.023
  1.943   730107.030
  1.886   730107.037
  1.834   730107.044
  1.699   730107.051
  1.704   730107.058
  1.691   730107.065
  2.111   730107.072
  1.808   730107.078
  1.860   730107.085
  1.787   730107.092
  1.932   730107.100
  1.615   730107.109
  1.779   730107.115
  1.723   730107.123
  1.802   730107.128
  1.815   730107.134
  1.568   730107.142
  1.947   730107.148
  1.893   730107.155
  1.784   730107.162
  1.632   730107.169
  1.695   730107.176
  1.646   730107.183
  1.750   730107.190
  1.698   730107.197
  1.483   730107.203
  1.539   730107.210
  1.635   730107.217
  1.679   730107.224
  1.635   730107.231
  1.798   730107.238
  1.706   730107.246
  1.744   730107.252
  1.706   730107.259
  1.592   730107.266
  1.931   730107.273
  1.684   730107.280
  1.871   730107.287
  1.645   730107.294
  1.645   730107.301
  1.754   730107.308
  1.718   730107.328
  1.641   730107.335
  1.729   730107.342
  1.662   730107.349
  1.860   730107.356
  2.385   730107.363
  1.732   730107.370
  1.836   730107.377
  1.710   730107.384
  1.766   730107.391
  1.677   730107.398
  1.714   730107.405
  1.794   730107.412
  1.557   730107.419
  1.612   730107.426
  1.423   730107.433
  1.859   730107.440
  1.713   730107.447
  1.656   730107.454
  1.800   730107.460
    NaN   730107.467
  2.721   730107.474
  1.675   730107.481
  1.887   730107.488
  1.673   730107.495
  1.977   730107.502
  1.710   730107.509
  1.932   730107.516
  1.727   730107.523
  1.680   730107.530
  1.709   730107.537
  1.666   730107.544
  1.688   730107.551
  1.489   730107.558
  1.712   730107.565
  1.709   730107.572
  1.820   730107.578
  2.100   730107.585
  1.632   730107.592
  1.796   730107.599
  2.172   730107.606
  1.768   730107.613
  1.467   730107.620
  1.516   730107.627
  1.699   730107.634
  1.624   730107.641
  1.682   730107.648
  1.632   730107.655
  1.667   730107.662
  1.628   730107.669
  1.759   730107.676
  1.741   730107.683
  1.669   730107.690
  1.774   730107.697
  1.487   730107.703
  1.542   730107.710
  1.582   730107.717
  1.656   730107.724
  1.968   730107.731
  1.733   730107.738
  1.722   730107.745
  1.625   730107.752
  1.802   730107.759
  1.615   730107.766
  1.563   730107.773
  1.700   730107.780
  1.875   730107.787
  1.545   730107.794
  1.736   730107.801
  2.060   730107.808
  1.771   730107.815
  1.522   730107.822
  1.751   730107.829
  1.614   730107.835
  1.826   730107.842
  1.881   730107.849
  1.929   730107.856
  1.635   730107.863
  1.811   730107.870
  1.900   730107.877
  1.712   730107.884
  1.568   730107.892
  1.639   730107.898
  1.804   730107.905
  1.849   730107.912
  1.928   730107.919
  1.909   730107.926
  1.637   730107.933
  1.876   730107.940
  1.692   730107.947
  1.931   730107.953
  1.718   730107.960
    NaN   730107.967
  1.653   730107.975
  2.101   730107.981
  1.575   730107.988
  2.969   730107.996
