  2.947   730107.002
  2.313   730107.009
  2.917   730107.016
  2.860   730107.023
  2.792   730107.030
  2.395   730107.037
  2.625   730107.044
  2.668   730107.051
  2.615   730107.058
  2.545   730107.065
  2.694   730107.072
  2.340   730107.078
  2.431   730107.085
  2.428   730107.092
  2.385   730107.100
  2.525   730107.109
  2.473   730107.115
  2.417   730107.123
  2.702   730107.128
  2.660   730107.134
  2.685   730107.142
  2.724   730107.148
  2.728   730107.155
  2.390   730107.162
  2.855   730107.169
  2.599   730107.176
    NaN   730107.183
    NaN   730107.190
  2.676   730107.197
  2.720   730107.203
  2.507   730107.210
  2.475   730107.217
  2.619   730107.224
  2.494   730107.231
  2.533   730107.238
  2.797   730107.246
  2.430   730107.252
  2.596   730107.259
  2.961   730107.266
  2.871   730107.273
  2.606   730107.280
  2.679   730107.287
  2.506   730107.294
  2.401   730107.301
  2.523   730107.308
  2.428   730107.328
  2.520   730107.335
  2.562   730107.342
  2.506   730107.349
  2.513   730107.356
  2.375   730107.363
  2.637   730107.370
  2.437   730107.377
  2.807   730107.384
  2.393   730107.391
  2.299   730107.398
  2.429   730107.405
  2.395   730107.412
  2.474   730107.419
  2.415   730107.426
  2.131   730107.433
  2.408   730107.440
  2.251   730107.447
  2.364   730107.454
  2.318   730107.460
  2.261   730107.467
  2.754   730107.474
  2.715   730107.481
  2.262   730107.488
  2.554   730107.495
  2.262   730107.502
  2.350   730107.509
  2.705   730107.516
  2.281   730107.523
  2.551   730107.530
  2.512   730107.537
  2.455   730107.544
  2.640   730107.551
  2.499   730107.558
  2.364   730107.565
  2.455   730107.572
  2.363   730107.578
  2.428   730107.585
  2.624   730107.592
  2.699   730107.599
  2.285   730107.606
  2.534   730107.613
  2.471   730107.620
  2.320   730107.627
  2.352   730107.634
  2.101   730107.641
  2.338   730107.648
  2.216   730107.655
  2.661   730107.662
  2.231   730107.669
  2.334   730107.676
  2.225   730107.683
    NaN   730107.690
  2.487   730107.697
  2.187   730107.703
  2.056   730107.710
  2.520   730107.717
  2.323   730107.724
  2.337   730107.731
  2.320   730107.738
  2.182   730107.745
  2.452   730107.752
  2.525   730107.759
  2.364   730107.766
  2.215   730107.773
  2.166   730107.780
  2.301   730107.787
  2.399   730107.794
  2.252   730107.801
  2.451   730107.808
  2.424   730107.815
  2.402   730107.822
  2.613   730107.829
  2.430   730107.835
  2.241   730107.842
  2.321   730107.849
  2.334   730107.856
  2.449   730107.863
  2.380   730107.870
  2.391   730107.877
  2.679   730107.884
  2.463   730107.892
  2.248   730107.898
  2.370   730107.905
  2.533   730107.912
  2.235   730107.919
  2.252   730107.926
  2.520   730107.933
  2.373   730107.940
  2.368   730107.947
  2.573   730107.953
  2.313   730107.960
  2.197   730107.967
  2.637   730107.975
  2.228   730107.981
  2.563   730107.988
  2.301   730107.996
