  0.319   730178.000
  0.506   730178.007
  0.148   730178.014
  0.190   730178.021
  0.083   730178.028
  0.056   730178.035
  0.065   730178.042
  0.030   730178.049
  0.035   730178.056
  0.031   730178.062
  0.155   730178.069
  0.092   730178.076
  0.099   730178.083
  0.031   730178.090
  0.029   730178.097
  0.035   730178.104
  0.028   730178.111
  0.029   730178.118
  0.026   730178.125
  0.026   730178.132
  0.029   730178.139
  0.024   730178.146
  0.024   730178.153
  0.026   730178.160
  0.025   730178.167
  0.021   730178.174
  0.025   730178.181
  0.024   730178.188
  0.151   730178.194
  0.027   730178.201
  0.035   730178.208
  0.036   730178.215
  0.027   730178.222
  0.107   730178.229
  0.156   730178.236
  0.172   730178.243
  0.309   730178.250
  0.471   730178.257
  0.581   730178.264
  0.627   730178.271
  1.033   730178.278
  1.352   730178.285
  1.576   730178.292
  1.950   730178.299
  2.076   730178.306
  1.863   730178.312
  2.011   730178.319
  2.262   730178.327
  2.317   730178.334
  2.772   730178.340
  3.020   730178.347
  2.931   730178.354
  3.211   730178.361
  3.659   730178.368
  3.418   730178.375
  3.592   730178.382
  3.378   730178.389
  3.176   730178.396
  3.411   730178.403
  3.557   730178.410
  3.507   730178.417
  3.609   730178.424
  3.066   730178.431
  3.407   730178.438
  3.408   730178.444
  3.511   730178.452
  3.184   730178.458
  2.873   730178.465
  3.096   730178.472
  2.537   730178.479
  2.412   730178.486
  2.646   730178.493
  3.109   730178.500
  3.072   730178.507
  2.841   730178.514
  2.338   730178.521
  2.453   730178.528
  2.571   730178.535
  2.755   730178.542
  2.573   730178.549
  2.309   730178.556
  2.038   730178.562
  2.000   730178.569
  1.833   730178.576
  2.010   730178.583
  1.869   730178.590
  1.741   730178.597
  1.447   730178.604
  1.470   730178.611
  1.459   730178.618
  1.460   730178.625
  1.467   730178.632
  1.545   730178.639
  1.514   730178.646
  1.641   730178.653
  1.420   730178.660
  1.557   730178.667
  1.665   730178.674
  1.890   730178.681
  2.349   730178.688
  2.246   730178.694
  2.386   730178.701
  2.445   730178.708
  2.999   730178.715
  2.741   730178.722
  3.220   730178.729
  2.869   730178.736
  3.095   730178.743
  3.066   730178.750
  2.775   730178.757
  2.834   730178.764
  2.780   730178.771
  2.321   730178.778
  2.563   730178.785
  3.062   730178.792
  2.867   730178.799
  2.918   730178.806
  3.009   730178.812
  2.728   730178.819
  2.759   730178.826
  2.427   730178.833
  2.254   730178.840
  2.092   730178.847
  1.733   730178.854
  1.952   730178.861
  1.693   730178.868
  1.383   730178.875
  1.381   730178.882
  1.339   730178.889
  1.585   730178.896
  1.520   730178.903
  1.896   730178.910
  1.942   730178.917
  2.113   730178.924
  2.344   730178.931
  2.085   730178.938
  2.038   730178.944
  1.973   730178.951
  1.434   730178.958
  1.383   730178.965
  1.056   730178.972
  0.880   730178.979
  0.505   730178.986
  0.320   730178.993
