 12.120   729337.000
 15.262   729337.010
 13.924   729337.021
 14.981   729337.031
 15.374   729337.042
 15.582   729337.052
 17.753   729337.063
 17.783   729337.073
 16.579   729337.083
    NaN   729337.094
 13.327   729337.104
 12.639   729337.115
 13.549   729337.125
 10.920   729337.146
 13.183   729337.156
 14.817   729337.167
 12.610   729337.177
 12.199   729337.188
 11.810   729337.198
 12.181   729337.208
 13.652   729337.219
 15.657   729337.229
 15.632   729337.240
 14.850   729337.250
 13.494   729337.260
 12.580   729337.271
 12.150   729337.281
 13.672   729337.303
 14.254   729337.313
 13.066   729337.323
 12.963   729337.333
 12.496   729337.344
 11.044   729337.354
 13.607   729337.365
 13.346   729337.375
 15.904   729337.385
 13.786   729337.396
 14.443   729337.406
 13.409   729337.417
 12.477   729337.427
 13.756   729337.438
 13.142   729337.448
 12.814   729337.458
 12.389   729337.469
 11.416   729337.479
 14.516   729337.490
 11.971   729337.500
 12.000   729337.510
 11.739   729337.521
 12.607   729337.531
 11.592   729337.542
 12.104   729337.552
 11.894   729337.563
 13.547   729337.573
 14.986   729337.583
 14.111   729337.594
 15.217   729337.604
 15.035   729337.615
 16.371   729337.625
 12.329   729337.635
 16.599   729337.646
 15.536   729337.656
 13.589   729337.667
 15.396   729337.677
 13.323   729337.688
 13.174   729337.698
 13.926   729337.708
 13.546   729337.719
 13.342   729337.729
 12.982   729337.740
 14.107   729337.750
 11.956   729337.760
 11.749   729337.771
 12.901   729337.781
 13.090   729337.792
 13.564   729337.802
 14.347   729337.813
 15.884   729337.823
 15.441   729337.833
 15.414   729337.844
 15.339   729337.854
 13.128   729337.865
 12.003   729337.875
 12.254   729337.885
 12.197   729337.896
 12.426   729337.906
 13.581   729337.917
 15.401   729337.927
 12.887   729337.938
 13.763   729337.948
 15.756   729337.958
 13.599   729337.969
 12.919   729337.979
 17.129   729337.990
