  3.239   729337.000
  3.448   729337.010
  3.390   729337.021
  3.523   729337.031
  3.589   729337.042
  4.181   729337.052
  4.363   729337.063
  4.061   729337.073
  4.233   729337.083
  3.900   729337.094
  3.296   729337.104
  3.357   729337.115
  3.372   729337.125
  3.256   729337.146
  3.464   729337.156
  3.117   729337.167
  3.607   729337.177
  3.733   729337.188
  3.062   729337.198
  3.144   729337.208
  3.533   729337.219
  3.674   729337.229
  3.970   729337.240
  3.781   729337.250
  3.843   729337.260
  3.740   729337.271
  3.370   729337.281
  3.623   729337.303
  3.458   729337.313
  3.757   729337.323
  3.313   729337.333
  2.630   729337.344
  2.389   729337.354
  3.004   729337.365
  2.957   729337.375
  3.577   729337.385
  3.169   729337.396
  3.406   729337.406
  3.185   729337.417
  2.874   729337.427
  3.977   729337.438
  3.430   729337.448
  3.045   729337.458
  3.230   729337.469
  3.518   729337.479
  3.145   729337.490
  3.251   729337.500
  2.827   729337.510
  2.980   729337.521
  2.827   729337.531
  2.428   729337.542
  2.623   729337.552
  3.358   729337.563
  3.871   729337.573
  4.603   729337.583
  4.247   729337.594
  3.934   729337.604
  3.745   729337.615
  3.826   729337.625
  3.280   729337.635
  3.459   729337.646
  3.955   729337.656
  3.301   729337.667
  3.823   729337.677
  3.928   729337.688
  3.738   729337.698
  3.929   729337.708
  3.586   729337.719
  3.587   729337.729
  3.128   729337.740
  3.346   729337.750
  2.901   729337.760
  2.794   729337.771
  3.234   729337.781
  3.083   729337.792
  3.345   729337.802
  3.641   729337.813
  4.915   729337.823
  3.956   729337.833
  4.080   729337.844
  3.963   729337.854
  3.393   729337.865
  3.316   729337.875
  3.218   729337.885
    NaN   729337.896
  3.648   729337.906
  3.608   729337.917
  3.574   729337.927
  3.580   729337.938
  3.858   729337.948
  3.435   729337.958
  3.183   729337.969
  3.710   729337.979
  4.916   729337.990
