  1.771   729344.000
  1.428   729344.010
  1.512   729344.021
  1.880   729344.031
  1.539   729344.042
  1.582   729344.052
  2.052   729344.063
  1.900   729344.073
  1.962   729344.083
  2.541   729344.094
  2.314   729344.104
  2.041   729344.115
  2.433   729344.125
  2.144   729344.135
  1.962   729344.146
  2.067   729344.156
  2.305   729344.167
  2.607   729344.177
  2.402   729344.188
  3.039   729344.198
  3.794   729344.208
  3.626   729344.219
  4.062   729344.229
  4.465   729344.240
  3.824   729344.250
  4.005   729344.260
  3.669   729344.271
  3.565   729344.281
  3.542   729344.292
  2.959   729344.302
  2.667   729344.313
  2.070   729344.323
  2.056   729344.333
  1.830   729344.344
  2.581   729344.354
  2.352   729344.365
  2.688   729344.375
  1.973   729344.385
  2.013   729344.396
  1.880   729344.406
  2.335   729344.417
  1.832   729344.427
  2.347   729344.438
  2.518   729344.448
  2.250   729344.458
  2.434   729344.469
  2.273   729344.479
  2.682   729344.490
  2.453   729344.500
  2.403   729344.510
  2.504   729344.521
  3.613   729344.531
  3.544   729344.542
  3.082   729344.552
  3.086   729344.563
  3.373   729344.573
  3.463   729344.583
  2.835   729344.594
  2.974   729344.604
  3.186   729344.615
  2.742   729344.646
  3.584   729344.667
  3.063   729344.677
  2.662   729344.688
  2.847   729344.698
  3.123   729344.708
  4.009   729344.719
  3.861   729344.729
  3.199   729344.740
  3.787   729344.750
  3.113   729344.760
  3.118   729344.771
  3.292   729344.781
  2.466   729344.792
  2.636   729344.802
  2.974   729344.813
  3.368   729344.823
  3.404   729344.833
  3.229   729344.844
  3.059   729344.854
  2.916   729344.865
  3.276   729344.875
  3.523   729344.885
  4.138   729344.896
  3.914   729344.906
    NaN   729344.917
    NaN   729344.927
  3.767   729344.938
  4.015   729344.948
  3.466   729344.958
  3.189   729344.969
  3.647   729344.979
  2.581   729344.990
