  2.263   730094.069
  2.422   730094.076
  3.930   730094.083
    NaN   730094.090
  1.931   730094.097
  2.700   730094.104
  5.379   730094.111
  3.870   730094.118
  3.469   730094.125
  3.636   730094.132
  2.921   730094.139
  5.271   730094.146
  4.880   730094.153
  3.660   730094.160
  4.869   730094.167
  3.231   730094.174
  2.659   730094.181
  2.832   730094.188
  3.752   730094.194
  3.712   730094.201
  2.960   730094.208
  3.046   730094.215
  2.507   730094.222
  2.146   730094.229
  4.472   730094.236
  1.928   730094.243
  2.781   730094.250
  3.435   730094.257
  2.509   730094.264
  3.812   730094.271
  3.896   730094.278
  3.474   730094.285
  6.354   730094.292
  4.493   730094.299
  5.609   730094.306
  3.972   730094.312
  4.510   730094.319
  4.480   730094.326
  6.292   730094.333
  4.739   730094.340
  4.169   730094.347
  3.323   730094.354
  3.401   730094.361
  2.975   730094.368
  7.635   730094.375
  4.099   730094.382
  3.224   730094.389
  4.096   730094.396
  3.222   730094.403
  3.319   730094.410
  3.100   730094.417
  4.366   730094.424
  4.830   730094.431
  3.963   730094.438
  4.716   730094.444
  4.259   730094.451
  3.942   730094.458
  3.070   730094.465
  3.979   730094.472
  3.766   730094.479
  5.126   730094.486
  2.589   730094.493
  4.839   730094.500
  3.706   730094.507
  2.482   730094.514
  2.863   730094.521
  4.582   730094.528
  4.898   730094.535
  3.151   730094.542
  3.461   730094.549
  4.340   730094.556
  3.644   730094.562
  2.443   730094.569
  2.512   730094.576
  3.330   730094.583
  2.271   730094.590
  2.000   730094.597
  2.529   730094.604
  2.090   730094.611
  3.289   730094.618
  1.627   730094.625
  1.680   730094.632
  3.105   730094.639
  2.011   730094.646
  4.010   730094.653
  3.928   730094.660
  4.523   730094.667
  3.267   730094.674
  3.953   730094.681
  4.810   730094.688
  2.808   730094.694
  4.135   730094.701
  1.014   730094.708
  4.107   730094.715
  3.216   730094.722
  4.993   730094.729
  6.543   730094.736
  3.610   730094.743
  2.376   730094.750
  3.914   730094.757
  3.465   730094.764
  5.252   730094.771
  4.040   730094.778
  2.749   730094.785
  2.724   730094.799
  2.390   730094.806
  3.187   730094.812
  1.804   730094.819
  3.095   730094.826
  4.958   730094.833
  1.789   730094.840
  2.075   730094.847
  2.683   730094.854
  2.762   730094.861
  3.263   730094.868
  2.965   730094.875
  4.987   730094.882
  3.846   730094.889
  1.650   730094.896
  3.576   730094.903
  3.965   730094.910
  4.744   730094.917
  3.731   730094.924
  3.332   730094.931
  2.190   730094.938
  1.356   730094.944
  2.051   730094.951
  2.455   730094.958
  2.383   730094.965
  2.465   730094.972
  1.389   730094.979
  4.008   730094.986
  1.508   730094.993
