  1.553   730094.069
  2.014   730094.076
  2.292   730094.083
  1.869   730094.090
  1.416   730094.097
  1.215   730094.104
  1.525   730094.111
  1.364   730094.118
  1.293   730094.125
  1.259   730094.132
  1.263   730094.139
  2.089   730094.146
  1.718   730094.153
  1.647   730094.160
  1.226   730094.167
  0.992   730094.174
  1.046   730094.181
  1.225   730094.188
  1.284   730094.194
  1.102   730094.201
  1.150   730094.208
  1.141   730094.215
  1.304   730094.222
  1.348   730094.229
  1.349   730094.236
  1.336   730094.243
  1.359   730094.250
  1.177   730094.257
  1.310   730094.264
  1.300   730094.271
  1.199   730094.278
  1.337   730094.285
  1.227   730094.292
  1.136   730094.299
  1.240   730094.306
  1.261   730094.312
  1.381   730094.319
  1.190   730094.326
  1.360   730094.333
  1.270   730094.340
  1.312   730094.347
  1.225   730094.354
  1.398   730094.361
  1.414   730094.368
  1.279   730094.375
  1.244   730094.382
  1.264   730094.389
  1.286   730094.396
  1.302   730094.403
  1.306   730094.410
  1.280   730094.417
  1.323   730094.424
  1.379   730094.431
  1.402   730094.438
    NaN   730094.444
  1.233   730094.451
  1.398   730094.458
  1.333   730094.465
  1.568   730094.472
  1.320   730094.479
  1.560   730094.486
  1.529   730094.493
  1.562   730094.500
  1.575   730094.507
  1.579   730094.514
  1.654   730094.521
  1.634   730094.528
  1.745   730094.535
  1.785   730094.542
  1.505   730094.549
  1.548   730094.556
  1.833   730094.562
  1.573   730094.569
  1.939   730094.576
  1.763   730094.583
  1.573   730094.590
  1.504   730094.597
  1.780   730094.604
  1.542   730094.611
  1.808   730094.618
  1.359   730094.625
  1.276   730094.632
  1.359   730094.639
  1.401   730094.646
  1.250   730094.653
  1.372   730094.660
  1.329   730094.667
  1.296   730094.674
  1.318   730094.681
  1.343   730094.688
  1.264   730094.694
  1.307   730094.701
  1.282   730094.708
  1.343   730094.715
  1.101   730094.722
  1.230   730094.729
  1.147   730094.736
  1.244   730094.743
  1.196   730094.750
  1.183   730094.757
  1.110   730094.764
  1.056   730094.771
  1.126   730094.778
  1.250   730094.785
  1.184   730094.799
  1.140   730094.806
  1.017   730094.812
  1.115   730094.819
  1.183   730094.826
  1.220   730094.833
  1.151   730094.840
  1.077   730094.847
  1.007   730094.854
  1.116   730094.861
  1.123   730094.868
  1.090   730094.875
  1.215   730094.882
  1.035   730094.889
  1.180   730094.896
  0.989   730094.903
  1.180   730094.910
  1.148   730094.917
  1.193   730094.924
  1.231   730094.931
  1.170   730094.938
  1.219   730094.944
  1.112   730094.951
  1.093   730094.958
  1.005   730094.965
  1.116   730094.972
  1.124   730094.979
  1.209   730094.986
  1.224   730094.993
