  0.011   730161.001
  0.016   730161.015
  0.012   730161.022
  0.010   730161.029
  0.009   730161.036
  0.009   730161.043
  0.008   730161.049
  0.009   730161.056
  0.010   730161.064
  0.007   730161.070
  0.009   730161.078
  0.010   730161.085
  0.009   730161.092
  0.007   730161.113
  0.005   730161.133
  2.451   730161.140
  0.006   730161.153
  0.007   730161.160
  0.009   730161.174
  0.006   730161.181
  0.008   730161.188
  0.008   730161.195
  0.007   730161.202
  0.006   730161.216
  0.007   730161.223
  0.006   730161.230
  0.005   730161.237
  0.006   730161.244
  0.007   730161.258
  0.006   730161.272
  0.006   730161.278
  0.005   730161.285
  0.006   730161.292
  0.005   730161.299
  0.006   730161.306
  0.006   730161.313
  0.006   730161.320
  0.829   730161.327
  0.006   730161.334
  0.006   730161.341
  0.006   730161.348
  0.008   730161.355
  0.007   730161.362
  0.006   730161.369
  0.007   730161.376
  0.006   730161.390
  0.007   730161.397
  0.007   730161.410
  0.241   730161.417
  0.792   730161.431
  2.713   730161.438
  3.112   730161.445
  0.006   730161.453
  0.007   730161.466
  0.008   730161.473
  0.007   730161.487
  0.006   730161.501
  0.005   730161.508
  0.005   730161.515
  0.005   730161.522
  0.006   730161.528
  0.006   730161.535
  0.005   730161.542
  0.005   730161.549
  0.006   730161.557
  0.006   730161.564
  0.006   730161.570
  0.005   730161.577
  0.006   730161.584
  0.005   730161.591
  0.006   730161.598
  0.006   730161.612
  0.006   730161.619
  0.006   730161.640
  0.005   730161.647
  0.006   730161.653
  0.006   730161.660
  0.005   730161.674
  0.006   730161.681
  0.006   730161.688
  0.007   730161.695
  0.007   730161.702
  1.139   730161.709
  0.006   730161.723
  0.007   730161.737
  0.007   730161.744
  0.006   730161.765
  0.007   730161.772
  0.007   730161.785
  0.007   730161.792
  0.008   730161.799
  0.007   730161.806
  0.006   730161.813
  0.006   730161.820
  0.006   730161.827
  0.006   730161.834
  0.122   730161.858
  0.009   730161.865
  0.008   730161.888
  0.010   730161.892
  0.010   730161.901
  0.007   730161.906
  0.007   730161.918
  0.012   730161.931
  0.007   730161.938
  0.007   730161.945
  0.007   730161.952
  1.079   730161.966
  0.009   730161.974
  0.008   730161.987
  0.008   730161.994
