  0.804   730161.000
  0.860   730161.007
  0.753   730161.014
  0.750   730161.021
  0.829   730161.028
  0.842   730161.035
  0.821   730161.042
  0.813   730161.049
  0.880   730161.056
  0.786   730161.062
  0.790   730161.069
  0.825   730161.076
  0.948   730161.083
  0.869   730161.090
  0.904   730161.097
  0.904   730161.104
  0.899   730161.111
  0.755   730161.118
  1.930   730161.125
  1.146   730161.132
  0.745   730161.139
  0.832   730161.146
  0.831   730161.153
  0.810   730161.160
  0.740   730161.167
  0.812   730161.174
  0.771   730161.181
  0.871   730161.188
  0.807   730161.194
  0.803   730161.201
  0.800   730161.208
  0.862   730161.215
  0.751   730161.222
  0.800   730161.229
  0.805   730161.236
  0.782   730161.243
  0.876   730161.250
  0.721   730161.257
  0.748   730161.264
  0.793   730161.271
  0.712   730161.278
  0.733   730161.285
  0.731   730161.292
  0.787   730161.299
  0.758   730161.306
  0.794   730161.312
  0.708   730161.319
  0.819   730161.326
  0.764   730161.333
  0.835   730161.340
  0.705   730161.347
  0.718   730161.354
  0.795   730161.361
  0.741   730161.368
  0.672   730161.375
  0.705   730161.382
  0.696   730161.389
  0.817   730161.396
  0.758   730161.403
  0.797   730161.410
  0.646   730161.417
  1.444   730161.424
  0.755   730161.431
  1.010   730161.438
  0.709   730161.444
  0.625   730161.451
  0.638   730161.458
  0.725   730161.465
  0.746   730161.472
  0.727   730161.479
  0.687   730161.486
    NaN   730161.493
  0.639   730161.500
  0.628   730161.507
  0.703   730161.514
  0.663   730161.521
  0.674   730161.528
  0.738   730161.535
  0.781   730161.542
  0.751   730161.549
  0.712   730161.556
  0.772   730161.562
  0.673   730161.569
  0.730   730161.576
  0.649   730161.583
  0.703   730161.590
  0.701   730161.597
  0.663   730161.604
  0.649   730161.611
  0.623   730161.618
  0.626   730161.625
  0.609   730161.632
  0.634   730161.639
  0.720   730161.646
  0.588   730161.653
  0.582   730161.660
  0.569   730161.667
  0.638   730161.674
  0.578   730161.681
  0.641   730161.688
  0.664   730161.694
  0.621   730161.701
  0.652   730161.708
  0.589   730161.715
  0.697   730161.722
  0.617   730161.729
  0.621   730161.736
  0.648   730161.743
  0.724   730161.750
  0.610   730161.757
  0.624   730161.764
  0.610   730161.771
  0.641   730161.778
  0.649   730161.785
  0.623   730161.792
  0.636   730161.799
  0.580   730161.806
  0.573   730161.812
  0.653   730161.819
  0.594   730161.826
  0.663   730161.833
  0.682   730161.840
  0.626   730161.847
  0.623   730161.854
  0.649   730161.861
  0.554   730161.868
  0.573   730161.884
  0.572   730161.890
  0.529   730161.898
  0.595   730161.917
  1.612   730161.924
  0.655   730161.931
  0.618   730161.938
  0.553   730161.944
  0.557   730161.951
  0.590   730161.958
  0.604   730161.965
  0.575   730161.972
  0.586   730161.979
  0.616   730161.986
  0.566   730161.993
