  1.149   730161.003
  1.025   730161.010
  1.246   730161.017
  1.133   730161.024
  1.232   730161.031
  1.188   730161.037
  1.169   730161.044
  1.154   730161.051
  1.149   730161.058
  1.072   730161.065
  1.266   730161.072
  1.192   730161.079
  1.182   730161.086
  1.149   730161.093
  1.326   730161.100
  1.214   730161.107
  1.166   730161.114
  1.246   730161.120
  1.247   730161.127
  1.216   730161.135
    NaN   730161.141
  1.189   730161.148
  1.234   730161.156
  1.163   730161.162
  1.175   730161.169
  1.255   730161.176
  1.262   730161.183
  1.224   730161.190
  1.289   730161.197
  1.210   730161.203
  1.207   730161.210
  1.415   730161.218
  1.283   730161.225
  1.345   730161.231
  1.212   730161.239
  1.287   730161.246
  1.437   730161.252
  1.329   730161.260
  1.516   730161.266
  1.360   730161.274
  1.637   730161.281
  1.373   730161.287
  1.388   730161.294
  1.345   730161.301
  1.492   730161.308
  1.507   730161.315
  1.384   730161.322
  1.470   730161.329
  1.448   730161.336
  1.411   730161.342
  1.467   730161.350
  1.375   730161.356
  1.362   730161.364
  1.271   730161.371
  1.495   730161.377
  1.425   730161.384
  1.546   730161.391
  1.627   730161.398
  1.536   730161.405
  1.729   730161.412
  1.561   730161.419
  1.471   730161.426
  1.443   730161.433
  1.475   730161.440
  1.318   730161.447
  1.136   730161.455
  1.395   730161.460
  1.428   730161.468
  1.385   730161.475
  1.469   730161.481
  1.271   730161.488
  1.380   730161.495
  1.427   730161.503
  1.434   730161.510
  1.422   730161.517
  1.353   730161.524
  1.354   730161.530
  1.439   730161.537
  1.391   730161.544
  1.446   730161.551
  1.377   730161.558
  1.363   730161.565
  1.411   730161.572
  1.423   730161.579
  1.531   730161.586
  1.414   730161.592
  1.268   730161.600
  1.270   730161.606
  1.333   730161.614
  1.452   730161.620
  1.483   730161.627
  1.462   730161.634
    NaN   730161.642
  1.365   730161.649
  1.443   730161.656
  1.314   730161.662
  1.417   730161.669
  1.336   730161.676
  1.280   730161.683
  1.473   730161.690
  1.490   730161.697
  1.463   730161.704
  1.432   730161.711
  1.504   730161.717
  1.432   730161.725
  1.473   730161.731
  1.564   730161.739
  1.394   730161.746
  1.584   730161.760
  1.504   730161.767
  1.461   730161.774
  1.453   730161.780
  1.416   730161.787
  1.489   730161.794
  1.525   730161.801
  1.545   730161.808
  1.367   730161.815
  1.324   730161.822
  1.431   730161.829
  1.529   730161.836
  1.377   730161.842
  1.233   730161.874
  1.229   730161.919
  1.224   730161.926
  1.156   730161.933
  1.199   730161.940
  1.005   730161.947
  1.093   730161.953
  1.152   730161.960
  1.131   730161.968
  1.015   730161.975
  0.970   730161.981
  0.911   730161.988
  0.875   730161.996
