  2.220   729768.000
  2.310   729768.000
  2.210   729768.010
  2.450   729768.030
  2.450   729768.030
  2.450   729768.030
  2.450   729768.030
  2.450   729768.030
  2.450   729768.030
  2.450   729768.030
  2.450   729768.030
  2.450   729768.030
  2.450   729768.030
  2.450   729768.030
  2.450   729768.030
  2.450   729768.030
  2.450   729768.030
  2.450   729768.030
  2.450   729768.030
  2.450   729768.030
  2.450   729768.030
  2.450   729768.030
  2.450   729768.030
  2.450   729768.030
  2.450   729768.030
  2.450   729768.030
  2.450   729768.030
  2.450   729768.030
  2.450   729768.030
  2.450   729768.030
  2.450   729768.030
  2.450   729768.030
  2.450   729768.030
  2.450   729768.030
  2.450   729768.030
  2.450   729768.030
  2.450   729768.030
  2.450   729768.030
  2.450   729768.030
  2.450   729768.030
  2.450   729768.030
  2.450   729768.030
  2.450   729768.030
  2.450   729768.030
  2.450   729768.030
  2.450   729768.030
  2.450   729768.030
  2.450   729768.030
  2.450   729768.030
  2.450   729768.030
  2.450   729768.030
  2.450   729768.030
  2.450   729768.030
  2.450   729768.030
  2.450   729768.030
  2.450   729768.030
  2.450   729768.030
  2.450   729768.030
  2.450   729768.030
  2.450   729768.030
  2.450   729768.030
  2.450   729768.030
  2.450   729768.030
  2.450   729768.030
  2.450   729768.030
  2.450   729768.030
  2.450   729768.030
  2.450   729768.030
  2.450   729768.030
  2.450   729768.030
  2.450   729768.030
  2.450   729768.030
  2.450   729768.030
  2.450   729768.030
  2.450   729768.030
  2.450   729768.030
  2.450   729768.030
  2.450   729768.030
  2.450   729768.030
  2.450   729768.030
  2.450   729768.030
  2.450   729768.030
  2.450   729768.030
  2.450   729768.030
  2.450   729768.030
  2.450   729768.030
  2.450   729768.030
  2.450   729768.030
  2.450   729768.030
  2.450   729768.030
  2.450   729768.030
  2.450   729768.030
  2.450   729768.030
  2.450   729768.030
  2.450   729768.030
  2.450   729768.030
  2.450   729768.030
  2.450   729768.030
  2.450   729768.030
