  0.153   730340.002
  0.000   730340.002
  0.097   730340.002
  0.159   730340.008
  0.160   730340.015
  0.157   730340.022
  0.173   730340.029
  0.179   730340.036
  0.183   730340.043
  0.151   730340.050
  0.170   730340.056
  0.166   730340.063
  0.189   730340.070
  0.170   730340.077
  0.161   730340.084
  0.165   730340.092
  0.179   730340.098
  0.178   730340.105
  0.192   730340.112
  0.163   730340.119
  0.188   730340.126
  0.185   730340.133
  0.602   730340.140
  1.656   730340.147
  0.160   730340.154
  0.164   730340.161
  0.181   730340.168
  0.181   730340.175
  0.180   730340.181
  0.167   730340.189
  0.146   730340.195
  0.169   730340.202
  0.161   730340.209
  0.165   730340.216
  0.138   730340.223
  0.146   730340.230
  0.141   730340.237
  0.154   730340.244
  0.142   730340.251
  0.161   730340.258
  0.128   730340.265
  0.126   730340.272
  0.135   730340.279
  0.135   730340.286
  0.149   730340.293
  0.126   730340.300
  0.138   730340.307
  4.954   730340.313
  0.152   730340.320
  0.159   730340.327
  0.180   730340.334
  0.171   730340.341
  0.223   730340.348
  0.213   730340.355
  0.269   730340.362
  0.282   730340.369
  0.352   730340.376
  0.397   730340.383
  0.426   730340.390
  0.454   730340.397
  0.504   730340.404
  0.518   730340.411
  0.534   730340.418
  0.474   730340.425
  0.516   730340.431
  0.616   730340.438
  0.605   730340.445
  0.624   730340.452
  0.642   730340.459
  0.598   730340.466
  0.614   730340.473
  0.634   730340.480
  0.656   730340.487
  0.654   730340.494
  0.617   730340.501
  0.566   730340.508
  0.606   730340.515
  0.626   730340.522
  0.585   730340.529
  0.607   730340.536
  0.511   730340.543
  0.560   730340.550
  0.530   730340.557
  0.545   730340.563
  0.556   730340.570
  0.506   730340.577
  0.474   730340.584
  0.461   730340.591
  0.502   730340.598
  0.480   730340.605
  0.539   730340.612
  0.523   730340.619
  0.565   730340.626
  0.498   730340.633
  0.774   730340.640
  0.778   730340.647
  0.536   730340.654
  0.547   730340.661
  0.558   730340.668
  0.469   730340.675
  0.594   730340.682
  0.566   730340.689
  0.545   730340.695
  0.568   730340.702
  0.503   730340.709
  0.504   730340.716
  0.485   730340.723
  0.446   730340.730
  0.467   730340.737
  0.486   730340.744
  0.440   730340.751
  0.427   730340.758
  0.416   730340.765
  0.405   730340.772
  0.416   730340.779
  0.383   730340.786
  0.418   730340.793
  3.737   730340.800
  0.367   730340.806
  0.375   730340.813
  0.358   730340.821
  0.365   730340.827
  0.357   730340.834
  0.319   730340.841
  0.310   730340.848
  0.317   730340.855
  0.318   730340.862
  0.356   730340.869
  0.329   730340.876
  0.319   730340.883
  0.318   730340.890
  0.318   730340.897
  0.347   730340.904
  0.328   730340.911
  0.314   730340.918
  0.349   730340.925
  0.299   730340.932
  0.310   730340.938
  0.343   730340.945
  0.344   730340.952
  0.341   730340.959
  0.333   730340.966
  0.367   730340.973
  0.356   730340.980
  0.371   730340.987
  0.357   730340.994
