  0.174   730340.001
  0.054   730340.001
  0.522   730340.001
  0.079   730340.008
  0.073   730340.015
  0.058   730340.022
  0.056   730340.029
  0.055   730340.035
  0.369   730340.043
  0.439   730340.050
  0.689   730340.056
  0.059   730340.063
  0.061   730340.070
  0.055   730340.077
  0.061   730340.084
  0.060   730340.091
  0.066   730340.098
  0.058   730340.105
  0.064   730340.112
  0.061   730340.119
  0.052   730340.126
  0.058   730340.133
  0.056   730340.140
  0.063   730340.147
  0.061   730340.153
  0.057   730340.161
  0.053   730340.167
  0.060   730340.174
  0.056   730340.181
  0.056   730340.188
  0.056   730340.195
  0.053   730340.202
  0.050   730340.209
  0.055   730340.216
  0.054   730340.223
  0.109   730340.230
  0.052   730340.237
  0.054   730340.244
  0.049   730340.251
  0.046   730340.258
  0.092   730340.265
  0.052   730340.272
  0.088   730340.279
  0.052   730340.285
  0.062   730340.292
  0.046   730340.299
  0.048   730340.306
  0.045   730340.313
  0.063   730340.320
  0.415   730340.327
  0.047   730340.334
  1.281   730340.341
  0.066   730340.348
  0.072   730340.355
  0.061   730340.362
  0.053   730340.369
  0.075   730340.376
  0.056   730340.383
  0.063   730340.390
  0.089   730340.397
  0.078   730340.404
  0.112   730340.410
  0.076   730340.417
  0.087   730340.424
  0.074   730340.431
  0.508   730340.438
  0.080   730340.445
  0.090   730340.452
  0.074   730340.459
  0.091   730340.466
  0.096   730340.473
  0.108   730340.480
  0.079   730340.487
  0.090   730340.494
  0.092   730340.501
  0.117   730340.508
  0.094   730340.515
  0.092   730340.522
  0.102   730340.528
  0.103   730340.535
  0.103   730340.542
  0.118   730340.549
  0.105   730340.556
  0.112   730340.563
  0.102   730340.570
  0.124   730340.577
  0.114   730340.584
  0.143   730340.591
  0.115   730340.598
  0.121   730340.605
  0.124   730340.612
  0.127   730340.619
  0.113   730340.626
  0.124   730340.633
  0.115   730340.640
  0.115   730340.647
  0.116   730340.653
  0.111   730340.660
  0.118   730340.667
  0.351   730340.674
  0.107   730340.681
  0.112   730340.688
  0.094   730340.695
  0.105   730340.702
  0.096   730340.709
  0.118   730340.716
  0.092   730340.723
  0.105   730340.730
  0.115   730340.737
  0.107   730340.744
  0.099   730340.751
  0.111   730340.758
  0.105   730340.765
  0.119   730340.772
  0.122   730340.779
  0.132   730340.785
  0.130   730340.792
  0.137   730340.799
  0.166   730340.806
  1.210   730340.813
  0.196   730340.820
  0.155   730340.827
  0.537   730340.834
  1.459   730340.841
  0.171   730340.848
  0.142   730340.855
  0.154   730340.862
  0.174   730340.869
  0.155   730340.876
  0.811   730340.883
  0.145   730340.890
  0.154   730340.897
  0.145   730340.904
  0.141   730340.910
  0.142   730340.917
  0.115   730340.924
  0.059   730340.931
  0.000   730340.938
  0.043   730340.945
  0.058   730340.952
  0.000   730340.959
  0.000   730340.966
  0.000   730340.973
  0.000   730340.980
  0.000   730340.987
  0.001   730340.994
