  0.025   730340.000
  0.025   730340.007
  0.026   730340.014
  0.023   730340.021
  0.021   730340.028
  0.021   730340.035
  0.022   730340.042
  0.020   730340.049
  0.026   730340.055
  0.025   730340.062
  0.023   730340.069
  0.024   730340.076
  0.024   730340.083
  0.021   730340.090
  0.024   730340.097
  0.023   730340.104
  0.022   730340.111
  0.021   730340.118
  0.019   730340.125
  0.020   730340.132
  0.020   730340.139
  0.023   730340.146
  0.021   730340.153
  0.022   730340.160
  0.017   730340.167
  0.019   730340.174
  0.018   730340.180
  0.019   730340.187
  0.018   730340.194
  0.019   730340.201
  0.018   730340.208
  0.018   730340.215
  0.016   730340.222
  0.020   730340.229
  0.017   730340.236
  0.015   730340.243
  0.012   730340.250
  0.017   730340.257
  0.016   730340.264
  0.017   730340.271
  0.016   730340.278
  0.018   730340.285
  0.015   730340.292
  0.016   730340.299
  0.015   730340.305
  0.018   730340.312
  0.017   730340.319
  0.018   730340.326
  0.017   730340.333
  0.018   730340.340
  0.016   730340.347
  0.021   730340.354
  0.020   730340.361
  0.017   730340.368
  0.018   730340.375
  0.020   730340.382
  0.021   730340.389
  0.024   730340.396
  0.019   730340.403
  0.019   730340.410
  0.018   730340.417
  0.021   730340.423
  0.019   730340.430
  0.021   730340.437
  0.018   730340.444
  0.017   730340.451
  0.019   730340.458
  0.018   730340.465
  0.016   730340.472
  0.017   730340.479
  0.019   730340.486
  0.018   730340.493
  0.018   730340.500
  0.020   730340.507
  0.020   730340.514
  0.020   730340.521
  0.021   730340.528
  0.018   730340.535
  0.020   730340.542
  0.023   730340.548
  0.023   730340.555
  0.025   730340.562
  0.024   730340.569
  0.022   730340.576
  0.024   730340.583
  0.027   730340.590
  0.030   730340.597
  0.027   730340.604
  0.025   730340.611
  0.022   730340.618
  0.025   730340.625
  0.025   730340.632
  0.024   730340.639
  0.024   730340.646
  0.022   730340.653
  0.023   730340.660
  0.025   730340.667
  0.025   730340.673
  0.027   730340.680
  0.023   730340.687
  0.024   730340.694
  0.026   730340.701
  0.028   730340.708
  0.026   730340.715
  0.028   730340.722
  0.025   730340.729
  0.030   730340.736
  0.024   730340.743
  0.021   730340.750
  0.023   730340.757
  0.024   730340.764
  0.023   730340.771
  0.027   730340.778
  0.020   730340.785
  0.023   730340.791
  0.023   730340.799
  0.027   730340.805
  0.030   730340.812
  0.024   730340.819
  0.026   730340.826
  0.027   730340.833
  0.022   730340.840
  0.024   730340.847
  0.027   730340.854
  0.026   730340.861
  0.025   730340.868
  0.025   730340.875
  0.032   730340.882
  0.033   730340.889
  0.042   730340.896
  0.024   730340.903
  0.027   730340.910
  0.064   730340.917
  0.043   730340.923
  0.054   730340.930
  0.035   730340.937
  0.042   730340.944
  2.219   730340.951
  0.018   730340.958
  0.195   730340.965
  0.019   730340.972
  0.019   730340.979
  0.021   730340.986
  0.020   730340.993
  0.019   730341.000
