  0.040   730340.001
  0.007   730340.001
  0.073   730340.001
  0.106   730340.007
  0.043   730340.014
  0.045   730340.021
  0.044   730340.028
  0.041   730340.035
  0.047   730340.042
  0.041   730340.049
  0.104   730340.056
  0.112   730340.063
  0.042   730340.070
  0.044   730340.077
  0.041   730340.084
  0.047   730340.091
  0.037   730340.098
  0.044   730340.104
  0.043   730340.111
  0.038   730340.118
  0.118   730340.125
  2.656   730340.132
  1.547   730340.139
  0.039   730340.146
  0.043   730340.153
  0.041   730340.160
  0.035   730340.167
  0.030   730340.174
  0.033   730340.181
  0.032   730340.188
  0.032   730340.195
  0.030   730340.202
  0.039   730340.209
  0.029   730340.216
  0.033   730340.223
  0.113   730340.229
  0.031   730340.236
  0.030   730340.243
  0.024   730340.250
  0.028   730340.257
  0.029   730340.264
  0.029   730340.271
  0.025   730340.278
  0.028   730340.285
  0.030   730340.292
  0.025   730340.299
  0.030   730340.306
  0.025   730340.313
  0.027   730340.320
  0.025   730340.327
  0.027   730340.334
  0.026   730340.341
  0.027   730340.348
  0.029   730340.354
  0.028   730340.361
  0.027   730340.368
  0.026   730340.375
  0.031   730340.382
  0.028   730340.389
  0.029   730340.396
  0.028   730340.403
  0.029   730340.410
  0.028   730340.417
  0.055   730340.424
  0.038   730340.431
  0.062   730340.438
  0.029   730340.445
  0.032   730340.452
  0.027   730340.459
  0.032   730340.466
  0.031   730340.473
  0.029   730340.479
  0.030   730340.486
  0.028   730340.493
  0.028   730340.500
  0.031   730340.507
  0.031   730340.514
  0.035   730340.521
  0.035   730340.528
  0.031   730340.535
  0.031   730340.542
  0.032   730340.549
  0.040   730340.556
  0.039   730340.563
  0.038   730340.570
  0.035   730340.577
  0.037   730340.584
  0.035   730340.591
  0.039   730340.598
  0.040   730340.604
  0.035   730340.611
  0.034   730340.618
  0.031   730340.625
  2.211   730340.632
  1.812   730340.639
  0.033   730340.646
  0.034   730340.653
  0.032   730340.660
  0.035   730340.667
  0.060   730340.674
  0.037   730340.681
  0.034   730340.688
  0.031   730340.695
  0.032   730340.702
  0.033   730340.709
  0.030   730340.716
  0.029   730340.723
  0.032   730340.729
  0.031   730340.736
  0.031   730340.743
  0.033   730340.750
  0.077   730340.757
  0.029   730340.764
  0.030   730340.771
  0.025   730340.778
  0.030   730340.785
  0.027   730340.792
  0.024   730340.799
  0.027   730340.806
  0.083   730340.813
  0.029   730340.820
  0.026   730340.827
  0.026   730340.834
  0.084   730340.841
  0.031   730340.848
  0.025   730340.854
  0.027   730340.861
  0.027   730340.868
  0.025   730340.875
  0.034   730340.882
  0.023   730340.889
  0.025   730340.896
  0.022   730340.903
  0.022   730340.910
  0.022   730340.917
  0.022   730340.924
  0.020   730340.931
  0.021   730340.938
  0.024   730340.945
  0.023   730340.952
  0.037   730340.959
  0.021   730340.966
  0.021   730340.973
  0.022   730340.979
  0.024   730340.986
  0.023   730340.993
