  0.111   730340.002
  0.064   730340.002
  0.104   730340.009
  0.106   730340.015
  0.099   730340.022
  0.119   730340.029
  0.119   730340.036
  0.098   730340.043
  0.134   730340.051
  0.116   730340.056
  0.135   730340.064
  0.126   730340.071
  0.118   730340.078
  0.136   730340.085
  0.115   730340.092
  0.130   730340.099
  0.135   730340.106
  0.169   730340.113
  0.142   730340.120
  0.173   730340.127
  0.140   730340.133
  0.171   730340.140
  0.131   730340.147
  0.131   730340.154
  0.140   730340.161
  0.146   730340.168
  0.149   730340.175
  0.154   730340.182
  0.172   730340.189
  0.191   730340.196
  0.165   730340.203
  0.137   730340.210
  0.149   730340.217
  3.599   730340.224
  0.166   730340.231
  0.145   730340.238
  0.141   730340.245
  0.136   730340.252
  0.132   730340.259
  0.143   730340.265
  0.132   730340.272
  0.130   730340.279
  0.124   730340.286
  0.121   730340.293
  0.132   730340.300
  0.126   730340.307
  0.116   730340.314
  0.123   730340.321
  0.135   730340.328
  0.136   730340.335
  0.140   730340.342
  0.122   730340.349
  0.137   730340.356
  0.130   730340.363
  0.120   730340.370
  0.122   730340.377
  0.137   730340.384
  0.117   730340.391
  0.136   730340.397
  0.133   730340.404
  0.127   730340.411
  0.126   730340.418
  0.131   730340.425
  0.123   730340.432
  0.114   730340.439
  0.136   730340.446
  0.119   730340.453
  0.135   730340.460
  0.127   730340.467
  0.189   730340.474
  0.122   730340.481
  0.111   730340.488
  0.106   730340.495
  0.116   730340.502
  0.116   730340.509
  0.126   730340.515
  0.135   730340.522
  0.110   730340.529
  0.130   730340.536
  0.122   730340.543
  0.122   730340.550
  0.121   730340.557
  0.124   730340.564
  0.124   730340.571
  0.136   730340.578
  0.135   730340.585
  0.127   730340.592
  0.128   730340.599
  0.125   730340.606
  0.113   730340.613
  0.120   730340.620
  0.118   730340.627
  0.122   730340.633
  0.118   730340.640
  0.119   730340.647
  0.297   730340.654
  0.121   730340.661
  0.117   730340.668
  0.105   730340.675
  0.113   730340.682
  0.115   730340.689
  0.128   730340.696
  0.135   730340.703
  0.112   730340.710
  0.123   730340.717
  3.511   730340.724
  0.129   730340.731
  0.107   730340.738
  0.120   730340.745
  0.127   730340.752
  0.136   730340.759
  0.128   730340.766
  0.136   730340.773
  0.140   730340.779
  0.144   730340.786
  0.132   730340.793
  0.127   730340.800
  0.140   730340.807
  0.159   730340.814
  0.169   730340.821
  0.159   730340.828
  0.167   730340.835
  0.147   730340.842
  0.172   730340.849
  0.169   730340.856
  0.173   730340.863
  0.180   730340.870
  0.191   730340.877
  0.191   730340.884
  0.170   730340.890
  0.201   730340.897
  0.212   730340.904
  0.225   730340.911
  0.222   730340.918
  0.239   730340.925
  0.244   730340.932
  0.224   730340.939
  0.233   730340.946
  0.246   730340.953
  0.246   730340.960
  0.237   730340.967
  0.331   730340.974
  0.271   730340.981
  0.264   730340.988
  0.271   730340.995
