  1.268   730208.001
  0.998   730208.001
  1.202   730208.007
  1.144   730208.014
  1.153   730208.021
  1.144   730208.028
  1.222   730208.035
  1.011   730208.042
  1.965   730208.049
  1.042   730208.055
  1.205   730208.063
  1.041   730208.070
  1.056   730208.076
  1.196   730208.084
  1.042   730208.090
  1.119   730208.097
  1.068   730208.104
  1.084   730208.111
  1.210   730208.119
  1.311   730208.125
  1.268   730208.132
  1.294   730208.139
  1.084   730208.146
  0.989   730208.153
  1.407   730208.160
  1.040   730208.167
  1.105   730208.174
  0.947   730208.181
  1.096   730208.187
  1.067   730208.194
  1.249   730208.201
  1.047   730208.209
  1.095   730208.215
  1.395   730208.222
  1.031   730208.229
  0.887   730208.236
  1.076   730208.243
  1.046   730208.251
  1.309   730208.257
  1.034   730208.264
  1.083   730208.271
  0.900   730208.278
  0.842   730208.285
  0.897   730208.293
  1.169   730208.299
  0.901   730208.306
  0.992   730208.312
  0.934   730208.319
  0.975   730208.326
  1.018   730208.334
  0.906   730208.340
  0.996   730208.347
  0.944   730208.354
  1.030   730208.361
  0.956   730208.368
  0.919   730208.376
  0.902   730208.382
  0.945   730208.389
  1.015   730208.396
  1.056   730208.403
  0.942   730208.410
  0.969   730208.417
  0.853   730208.423
  1.173   730208.430
  0.850   730208.444
  0.939   730208.452
  0.852   730208.459
  0.903   730208.466
  0.853   730208.472
  0.855   730208.479
  0.902   730208.486
  0.830   730208.493
  1.138   730208.501
  0.732   730208.507
  0.852   730208.514
  0.838   730208.521
  0.760   730208.528
  0.823   730208.535
  0.800   730208.542
  0.826   730208.549
  0.899   730208.556
  0.774   730208.562
  0.749   730208.569
  0.687   730208.576
  0.777   730208.584
  0.710   730208.590
  0.757   730208.597
  0.699   730208.604
  0.769   730208.611
  0.730   730208.619
  0.687   730208.626
  0.668   730208.632
  0.725   730208.639
  0.790   730208.646
  0.737   730208.653
  0.728   730208.660
  0.787   730208.667
  0.678   730208.674
  0.711   730208.681
  0.666   730208.687
  0.660   730208.694
  0.687   730208.701
  0.608   730208.709
  0.625   730208.716
  0.707   730208.722
  0.688   730208.729
  0.672   730208.736
  0.688   730208.743
  0.613   730208.751
  0.633   730208.757
  1.682   730208.764
  0.681   730208.771
  0.688   730208.778
  0.579   730208.785
  0.680   730208.793
  0.598   730208.799
  0.535   730208.806
  0.644   730208.812
  0.632   730208.819
  0.636   730208.826
  0.589   730208.834
  0.628   730208.840
    NaN   730208.847
  0.603   730208.854
  0.587   730208.861
  0.612   730208.868
  0.609   730208.875
  0.649   730208.882
  0.577   730208.889
  0.604   730208.896
  0.560   730208.903
  0.610   730208.910
  0.921   730208.917
  0.655   730208.924
  0.556   730208.930
  0.583   730208.937
  0.643   730208.944
  0.604   730208.952
  0.685   730208.960
  0.682   730208.966
  1.476   730208.972
  0.775   730208.979
  0.723   730208.986
  0.649   730208.994
