  1.141   730208.004
  1.012   730208.004
  1.133   730208.010
  1.364   730208.016
  1.272   730208.023
  1.182   730208.030
  1.159   730208.037
  0.961   730208.045
  1.053   730208.051
  1.095   730208.058
  1.146   730208.067
  0.972   730208.073
  0.989   730208.078
  0.928   730208.087
  0.990   730208.092
  0.985   730208.099
  0.991   730208.106
  0.893   730208.113
  0.846   730208.121
  0.972   730208.128
  1.064   730208.134
  0.912   730208.141
  0.832   730208.148
  0.864   730208.155
  0.873   730208.161
  0.869   730208.170
  0.886   730208.176
  0.799   730208.183
  0.796   730208.190
  0.733   730208.197
  0.839   730208.204
  0.877   730208.212
  0.885   730208.218
  0.804   730208.224
  0.829   730208.231
  0.836   730208.238
  0.812   730208.245
  0.870   730208.254
  0.820   730208.259
  0.854   730208.266
  0.806   730208.273
  0.902   730208.280
  0.765   730208.289
  0.805   730208.296
  0.859   730208.301
  0.765   730208.308
  0.814   730208.315
  0.786   730208.322
  0.747   730208.329
  0.685   730208.337
  0.749   730208.343
  0.750   730208.350
  0.690   730208.356
  0.732   730208.363
  0.761   730208.370
  0.759   730208.379
  0.767   730208.384
  0.964   730208.391
  0.901   730208.398
  0.775   730208.405
  0.736   730208.412
  0.854   730208.420
  0.728   730208.425
  0.687   730208.431
  0.719   730208.447
  0.702   730208.456
  0.738   730208.463
  0.689   730208.468
  0.817   730208.475
  0.720   730208.481
  0.692   730208.488
  0.696   730208.495
  0.731   730208.504
  0.797   730208.510
  0.731   730208.516
  0.863   730208.523
  0.703   730208.530
  0.668   730208.537
  0.655   730208.545
  0.736   730208.551
  0.771   730208.558
  0.771   730208.565
  0.681   730208.572
  0.742   730208.579
  0.800   730208.587
  0.712   730208.593
  0.832   730208.599
  0.753   730208.606
  0.739   730208.613
  0.741   730208.624
  0.649   730208.630
  0.612   730208.635
  0.716   730208.641
  0.688   730208.648
  0.718   730208.655
  0.680   730208.662
  0.762   730208.670
  0.683   730208.676
  0.703   730208.683
  0.768   730208.690
  0.739   730208.697
  0.849   730208.704
  0.831   730208.712
  0.819   730208.718
  0.753   730208.724
  0.818   730208.732
  0.811   730208.738
  4.100   730208.745
  7.576   730208.754
  1.405   730208.759
  0.732   730208.766
  0.876   730208.773
  0.907   730208.780
  0.877   730208.790
  1.043   730208.798
  0.929   730208.803
  0.926   730208.808
  0.855   730208.815
  0.959   730208.822
  0.947   730208.829
  0.993   730208.837
  0.943   730208.843
  0.974   730208.850
  0.918   730208.856
  0.932   730208.863
  0.872   730208.870
    NaN   730208.878
  0.912   730208.884
  1.023   730208.891
  1.010   730208.898
  1.053   730208.905
  1.006   730208.912
  0.994   730208.920
  1.077   730208.926
  0.919   730208.933
  1.017   730208.940
  0.899   730208.946
  0.995   730208.959
  1.187   730208.966
  1.158   730208.969
  1.115   730208.974
  1.024   730208.981
  0.980   730208.989
  1.008   730208.996
