  0.047   730208.003
  0.032   730208.003
  0.133   730208.009
  0.116   730208.015
  0.074   730208.022
  0.082   730208.029
  0.141   730208.035
  0.040   730208.044
  0.060   730208.049
  0.195   730208.056
  0.129   730208.064
  0.040   730208.072
  0.039   730208.077
  0.053   730208.085
  0.041   730208.091
  0.037   730208.098
  0.035   730208.105
  0.032   730208.112
  0.039   730208.120
  0.039   730208.127
  0.037   730208.133
  0.041   730208.140
  0.086   730208.147
  0.033   730208.154
  0.043   730208.160
  0.039   730208.169
  0.042   730208.175
  0.036   730208.181
  0.038   730208.188
  0.033   730208.195
  0.044   730208.202
  0.043   730208.211
  0.036   730208.216
  0.042   730208.223
  0.040   730208.230
  0.037   730208.237
  0.039   730208.244
  0.036   730208.252
  0.040   730208.258
  0.038   730208.265
  0.039   730208.272
  0.043   730208.279
  0.042   730208.287
  0.047   730208.295
  0.052   730208.300
  0.051   730208.306
  0.038   730208.313
  0.044   730208.320
  0.045   730208.327
  0.050   730208.336
  0.051   730208.341
  0.058   730208.348
  0.057   730208.355
  0.055   730208.362
  0.058   730208.369
  0.062   730208.377
  0.064   730208.383
  0.061   730208.390
  0.062   730208.397
  0.062   730208.404
  0.074   730208.411
  0.068   730208.419
  0.070   730208.424
  0.084   730208.431
  0.076   730208.445
  0.077   730208.454
  0.073   730208.462
  0.071   730208.467
  0.074   730208.473
  0.084   730208.480
  0.079   730208.487
  0.081   730208.494
  0.079   730208.502
  0.082   730208.508
  0.080   730208.515
  0.078   730208.522
  0.082   730208.529
  0.085   730208.536
  0.085   730208.544
  0.081   730208.550
  0.080   730208.556
  0.087   730208.563
  0.091   730208.570
  0.084   730208.577
  0.082   730208.586
  0.088   730208.591
  0.084   730208.598
  0.085   730208.605
  0.087   730208.612
  0.089   730208.620
  0.088   730208.628
  0.085   730208.634
  0.079   730208.640
  0.100   730208.647
  0.087   730208.654
  0.089   730208.661
  0.080   730208.669
  0.086   730208.675
  0.072   730208.681
  0.083   730208.688
  0.075   730208.695
  0.071   730208.702
  0.086   730208.711
  0.078   730208.716
  0.067   730208.723
  0.081   730208.730
  0.074   730208.737
  0.069   730208.744
  0.065   730208.752
  0.069   730208.758
  0.080   730208.765
  0.067   730208.772
  0.071   730208.779
  0.067   730208.787
  0.065   730208.796
  0.075   730208.800
  0.070   730208.807
  0.072   730208.813
  0.073   730208.820
  0.083   730208.827
  0.082   730208.836
  0.072   730208.841
  0.067   730208.848
  0.079   730208.855
  0.073   730208.862
  0.073   730208.869
  0.077   730208.877
  0.077   730208.883
  0.068   730208.890
  0.079   730208.897
  0.071   730208.904
  0.079   730208.911
  0.084   730208.919
  0.072   730208.924
  0.072   730208.931
  0.072   730208.938
  0.081   730208.945
  0.069   730208.955
  0.088   730208.964
  0.077   730208.967
  0.077   730208.973
  0.076   730208.980
  0.070   730208.987
  0.079   730208.995
