  1.348   730208.003
  1.148   730208.003
  1.261   730208.009
  1.314   730208.015
  1.417   730208.022
  1.242   730208.029
  1.210   730208.036
  1.246   730208.044
  1.573   730208.050
  1.301   730208.056
  1.163   730208.065
  1.391   730208.072
  1.280   730208.077
  1.051   730208.086
  1.080   730208.091
  1.189   730208.098
  1.097   730208.105
  1.079   730208.112
  1.256   730208.120
  1.132   730208.127
  1.305   730208.133
  1.092   730208.140
  1.268   730208.147
  1.121   730208.154
  1.230   730208.161
  1.161   730208.169
  1.216   730208.175
  1.252   730208.182
  1.128   730208.189
  1.129   730208.196
  1.055   730208.203
  1.094   730208.211
 34.267   730208.217
 33.143   730208.223
 11.661   730208.230
 23.658   730208.237
 48.003   730208.244
 46.785   730208.253
 57.115   730208.258
 49.640   730208.265
 45.430   730208.272
 44.444   730208.279
 42.123   730208.287
 44.480   730208.295
 46.057   730208.300
 49.419   730208.307
 52.365   730208.314
 43.079   730208.321
 46.533   730208.328
 50.407   730208.336
 49.319   730208.342
 51.558   730208.348
 46.419   730208.355
 40.333   730208.362
 54.166   730208.369
 41.155   730208.378
 43.131   730208.383
 42.337   730208.390
 37.580   730208.397
 51.719   730208.404
 48.693   730208.411
 50.908   730208.419
 41.702   730208.424
 64.055   730208.431
 49.922   730208.446
 47.570   730208.454
 48.745   730208.462
 51.518   730208.467
 51.653   730208.473
 40.013   730208.480
 54.936   730208.487
 50.018   730208.494
 48.692   730208.503
 54.309   730208.508
 48.092   730208.515
 49.002   730208.522
 53.321   730208.529
 49.163   730208.536
 46.755   730208.544
 43.363   730208.550
 41.153   730208.557
 47.879   730208.564
 52.706   730208.571
 49.621   730208.578
 45.633   730208.586
 50.642   730208.592
 43.495   730208.598
 48.484   730208.605
 45.234   730208.612
 50.783   730208.621
 49.932   730208.629
 54.253   730208.634
 53.335   730208.640
 48.575   730208.647
 43.909   730208.654
 55.897   730208.661
 57.143   730208.669
 45.272   730208.675
 46.744   730208.682
 54.355   730208.689
 49.919   730208.696
 23.684   730208.703
 28.587   730208.711
 26.106   730208.717
 34.982   730208.723
  0.985   730208.730
  7.168   730208.737
  4.674   730208.744
  1.131   730208.753
  1.601   730208.758
  1.437   730208.765
  1.062   730208.772
  0.959   730208.779
  1.022   730208.788
  0.986   730208.796
  0.977   730208.801
  1.079   730208.807
 39.708   730208.814
 52.535   730208.821
 50.993   730208.828
 46.253   730208.836
 60.908   730208.842
 54.719   730208.848
 52.195   730208.855
 53.135   730208.862
 58.868   730208.869
 19.990   730208.877
  1.117   730208.883
  1.125   730208.890
  1.186   730208.897
  1.142   730208.904
  1.109   730208.911
  1.153   730208.919
  1.131   730208.925
  1.117   730208.932
  1.108   730208.939
  1.011   730208.945
  1.151   730208.955
  1.112   730208.964
  1.201   730208.968
  1.172   730208.973
  0.975   730208.980
  1.216   730208.988
  1.097   730208.995
