  0.591   730208.003
  0.505   730208.003
  0.500   730208.009
  0.667   730208.015
  0.668   730208.022
  0.564   730208.029
  0.600   730208.036
  0.497   730208.044
  0.584   730208.050
  0.569   730208.056
  0.600   730208.065
  0.539   730208.072
  0.510   730208.077
  0.444   730208.086
  0.653   730208.091
  0.690   730208.098
  0.530   730208.105
  0.542   730208.112
  0.507   730208.120
  0.539   730208.127
  0.567   730208.133
  0.699   730208.140
  0.638   730208.147
  0.607   730208.154
  0.539   730208.161
  0.605   730208.169
  0.629   730208.175
  0.591   730208.182
  0.610   730208.189
  0.593   730208.196
  0.596   730208.203
  0.558   730208.211
  0.655   730208.217
  0.606   730208.223
  0.565   730208.230
  0.629   730208.237
  0.544   730208.244
  0.605   730208.253
  0.565   730208.258
  0.637   730208.265
  0.687   730208.272
  0.607   730208.279
  0.541   730208.287
  0.609   730208.295
  0.695   730208.300
  0.577   730208.307
  0.582   730208.314
  0.546   730208.321
  0.562   730208.328
  0.574   730208.336
  0.573   730208.342
  0.567   730208.348
  0.558   730208.355
  0.589   730208.362
  0.611   730208.369
  0.639   730208.378
  0.627   730208.383
  0.670   730208.390
  0.632   730208.397
  0.696   730208.404
  0.598   730208.411
  0.763   730208.419
  0.646   730208.424
  0.615   730208.431
  0.738   730208.446
  0.650   730208.454
  0.704   730208.462
  0.590   730208.467
  0.690   730208.473
  0.656   730208.480
  0.616   730208.487
  0.695   730208.494
  0.662   730208.503
  0.640   730208.508
  0.651   730208.515
  0.608   730208.522
  0.730   730208.529
  0.653   730208.536
  0.745   730208.544
  0.691   730208.550
  0.667   730208.557
  0.767   730208.564
  0.779   730208.571
  0.634   730208.578
  0.723   730208.586
  0.695   730208.592
  0.644   730208.598
  0.673   730208.605
  0.693   730208.612
  0.611   730208.621
  0.763   730208.629
  0.682   730208.634
  0.687   730208.640
  0.663   730208.647
  0.807   730208.654
  0.728   730208.661
  0.742   730208.669
  0.701   730208.675
  0.648   730208.682
  0.744   730208.689
  0.667   730208.696
  0.738   730208.703
  0.663   730208.711
  0.741   730208.717
  0.705   730208.723
  0.680   730208.730
  3.627   730208.737
  0.691   730208.744
  9.498   730208.753
  4.533   730208.758
  0.839   730208.765
  0.678   730208.772
  0.737   730208.779
    NaN   730208.788
  0.774   730208.796
  0.692   730208.801
  0.729   730208.807
  0.690   730208.814
  0.641   730208.821
  0.672   730208.828
  0.728   730208.836
  0.813   730208.842
  0.786   730208.848
  0.742   730208.855
  0.743   730208.862
  0.728   730208.869
  0.742   730208.877
  0.749   730208.883
  0.732   730208.890
  0.667   730208.897
  0.621   730208.904
  0.642   730208.911
  0.705   730208.919
  0.705   730208.925
  0.740   730208.932
  0.689   730208.939
  0.671   730208.945
  0.672   730208.955
  0.750   730208.964
  0.705   730208.968
  0.768   730208.973
  0.683   730208.980
  0.652   730208.988
  0.674   730208.995
