  0.399   730208.006
  1.269   730208.006
  1.429   730208.013
  1.401   730208.020
  1.257   730208.027
  1.537   730208.034
  1.452   730208.041
  1.277   730208.048
  1.172   730208.055
  1.260   730208.062
  1.467   730208.069
  1.233   730208.076
  1.334   730208.083
  1.361   730208.090
  1.409   730208.097
  1.192   730208.104
  1.220   730208.110
  1.180   730208.117
  1.246   730208.124
  1.143   730208.131
  1.141   730208.138
  1.268   730208.145
  1.105   730208.152
  1.282   730208.159
  1.016   730208.166
  1.272   730208.173
  2.979   730208.180
  1.078   730208.187
  0.966   730208.194
  0.985   730208.201
  0.906   730208.208
  0.976   730208.215
  1.098   730208.222
  1.020   730208.229
  0.948   730208.235
  1.065   730208.242
  0.884   730208.249
  0.933   730208.256
  0.956   730208.263
  0.984   730208.270
  1.000   730208.277
  0.991   730208.284
  0.941   730208.291
  0.916   730208.298
  0.966   730208.305
  0.891   730208.312
  1.023   730208.319
  1.001   730208.326
  0.876   730208.333
  0.794   730208.340
  0.921   730208.347
  0.868   730208.354
  0.871   730208.360
  0.832   730208.367
  0.857   730208.374
  1.005   730208.381
  0.859   730208.388
    NaN   730208.395
  3.704   730208.402
  0.820   730208.409
  0.809   730208.416
  0.651   730208.423
  0.977   730208.430
  0.835   730208.444
  0.849   730208.451
  0.792   730208.458
  0.753   730208.465
  0.905   730208.472
  0.840   730208.479
  0.785   730208.485
  0.843   730208.492
  0.798   730208.499
  0.804   730208.506
  0.800   730208.513
  0.940   730208.520
  0.816   730208.527
  0.810   730208.534
  0.786   730208.541
  0.811   730208.548
  0.938   730208.555
  0.779   730208.562
  0.701   730208.569
  0.693   730208.576
  0.841   730208.583
  0.643   730208.590
  0.667   730208.597
  0.726   730208.604
  0.733   730208.610
  0.667   730208.617
  0.702   730208.624
  0.568   730208.631
  0.675   730208.638
  0.598   730208.645
  0.557   730208.652
  2.878   730208.659
  0.597   730208.666
  0.602   730208.673
  0.595   730208.680
  0.605   730208.687
  0.685   730208.694
  0.687   730208.701
  0.678   730208.708
  0.673   730208.715
  0.672   730208.722
  0.601   730208.729
  0.727   730208.735
  0.708   730208.742
  0.829   730208.749
  0.947   730208.756
  0.742   730208.763
  0.738   730208.770
  0.878   730208.777
  0.782   730208.784
  0.873   730208.791
  0.890   730208.798
  0.718   730208.805
  0.654   730208.812
  0.597   730208.819
  0.566   730208.826
  0.535   730208.833
  0.946   730208.840
  0.729   730208.847
  0.677   730208.854
  0.717   730208.860
  0.772   730208.867
  0.797   730208.874
  0.899   730208.881
  0.965   730208.888
    NaN   730208.895
  4.652   730208.902
  1.025   730208.909
  1.133   730208.916
  0.935   730208.923
  0.921   730208.930
  1.091   730208.937
  0.987   730208.944
  1.029   730208.951
  0.882   730208.958
  1.004   730208.965
  0.942   730208.972
  0.858   730208.979
  1.031   730208.985
  0.983   730208.993
  1.100   730208.999
