    NaN   730208.003
  2.592   730208.003
  3.107   730208.009
  2.970   730208.015
  2.884   730208.022
  2.681   730208.029
  2.131   730208.036
  2.846   730208.044
  3.141   730208.050
  2.822   730208.057
  2.802   730208.066
  2.962   730208.073
  2.767   730208.078
  2.346   730208.086
  2.783   730208.092
  2.968   730208.099
  3.024   730208.106
  2.754   730208.113
  2.803   730208.120
  2.747   730208.128
  2.932   730208.133
  2.733   730208.140
  2.705   730208.147
  2.495   730208.155
  2.859   730208.161
  2.888   730208.170
  2.706   730208.176
  2.423   730208.182
  2.191   730208.189
  2.725   730208.196
  2.564   730208.203
  2.436   730208.211
  2.162   730208.217
  2.171   730208.224
  2.318   730208.231
  2.079   730208.238
  2.195   730208.245
  2.348   730208.253
  1.965   730208.259
  1.861   730208.266
  1.820   730208.272
  1.818   730208.279
  1.916   730208.288
  2.039   730208.295
  1.875   730208.301
  1.866   730208.307
  1.914   730208.314
  1.997   730208.321
  2.020   730208.328
  1.963   730208.336
  1.929   730208.342
  1.786   730208.349
  1.865   730208.356
  1.619   730208.363
  1.540   730208.370
  1.623   730208.378
  1.636   730208.384
  1.620   730208.391
  1.327   730208.398
  1.352   730208.404
  1.331   730208.411
  1.490   730208.420
  1.367   730208.424
  1.520   730208.431
  1.322   730208.446
  1.220   730208.455
  1.302   730208.463
  1.306   730208.468
  1.159   730208.474
  1.334   730208.481
  1.385   730208.488
  1.250   730208.495
    NaN   730208.503
  1.457   730208.509
  1.453   730208.516
  1.443   730208.522
  1.568   730208.529
  1.422   730208.536
  1.524   730208.545
  1.557   730208.550
  1.720   730208.557
  1.901   730208.564
  1.696   730208.571
  1.777   730208.578
  1.559   730208.586
  1.659   730208.592
  1.823   730208.599
  1.935   730208.606
  1.800   730208.613
  1.927   730208.622
  2.013   730208.630
  2.054   730208.635
  1.904   730208.641
  2.059   730208.648
  2.272   730208.654
  2.254   730208.661
  2.363   730208.670
  2.314   730208.675
  2.626   730208.682
  2.980   730208.689
  3.197   730208.696
  3.206   730208.703
  3.194   730208.712
  3.458   730208.717
  3.249   730208.724
  3.241   730208.731
  3.648   730208.738
  3.394   730208.745
  3.484   730208.753
  3.558   730208.759
  3.083   730208.766
  2.616   730208.772
  3.277   730208.780
  2.938   730208.789
  3.558   730208.797
  3.208   730208.802
  3.524   730208.808
  3.285   730208.814
  2.953   730208.821
  2.952   730208.828
  3.092   730208.836
  3.283   730208.842
  2.945   730208.849
  3.329   730208.856
  3.583   730208.863
  2.618   730208.870
  2.895   730208.877
  3.148   730208.883
  3.444   730208.890
  3.521   730208.897
  3.515   730208.904
  3.127   730208.911
  3.293   730208.919
  3.381   730208.925
  3.601   730208.932
  3.274   730208.939
  3.277   730208.946
  3.612   730208.957
  3.755   730208.965
  3.379   730208.968
  3.078   730208.974
  3.476   730208.981
  3.139   730208.988
  2.953   730208.995
