  0.712   730208.004
  0.893   730208.004
  0.808   730208.010
  0.751   730208.016
  0.763   730208.023
  0.734   730208.030
  0.718   730208.037
  0.735   730208.045
  0.633   730208.051
  0.789   730208.058
  0.667   730208.067
  0.656   730208.073
  0.736   730208.078
  0.617   730208.087
  0.576   730208.092
  0.647   730208.099
  0.572   730208.106
  0.652   730208.113
  0.519   730208.121
  0.559   730208.128
  0.543   730208.134
  0.526   730208.141
  0.540   730208.148
  0.523   730208.155
  0.480   730208.161
  0.547   730208.170
  0.487   730208.176
  0.536   730208.183
  0.518   730208.190
  0.477   730208.197
  0.549   730208.204
  0.480   730208.212
  0.493   730208.218
  0.502   730208.224
  0.471   730208.231
  0.418   730208.238
  0.515   730208.245
  0.522   730208.254
  0.498   730208.259
  0.504   730208.266
  0.475   730208.273
  0.456   730208.280
  0.528   730208.289
  0.515   730208.296
  0.504   730208.301
  0.463   730208.308
  0.507   730208.315
  0.477   730208.322
  0.522   730208.329
  0.495   730208.337
  0.468   730208.343
  0.447   730208.350
  0.487   730208.356
  0.496   730208.363
  0.467   730208.370
  0.496   730208.379
  0.523   730208.384
  0.562   730208.391
  0.537   730208.398
  0.589   730208.405
  0.594   730208.412
  0.701   730208.420
  0.617   730208.425
  0.875   730208.431
  0.690   730208.447
  0.707   730208.456
  0.779   730208.463
  0.700   730208.468
  0.660   730208.475
  0.602   730208.481
  0.583   730208.488
  0.659   730208.495
  0.654   730208.504
  0.691   730208.510
  0.638   730208.516
  0.581   730208.523
  0.608   730208.530
  0.558   730208.537
  0.608   730208.545
  0.608   730208.551
  0.547   730208.558
  0.619   730208.565
  0.605   730208.572
  0.521   730208.579
  0.570   730208.587
  0.589   730208.593
  0.578   730208.599
  0.615   730208.606
  0.578   730208.613
  0.579   730208.624
  0.529   730208.630
  0.605   730208.635
  0.609   730208.641
  0.543   730208.648
  0.550   730208.655
  0.622   730208.662
  0.549   730208.670
  0.586   730208.676
  0.537   730208.683
  0.534   730208.690
  0.695   730208.697
  0.619   730208.704
  0.656   730208.712
  0.694   730208.718
  0.657   730208.724
  0.655   730208.732
  0.714   730208.738
  6.150   730208.745
  8.064   730208.754
  2.574   730208.759
  0.764   730208.766
  0.819   730208.773
  0.657   730208.780
  0.650   730208.790
  0.685   730208.798
  0.656   730208.803
  0.663   730208.808
  0.601   730208.815
  0.650   730208.822
  0.688   730208.829
  0.664   730208.837
  0.576   730208.843
  0.661   730208.850
  0.640   730208.856
    NaN   730208.863
  0.680   730208.870
  0.638   730208.878
  0.613   730208.884
  0.635   730208.891
  0.665   730208.898
  0.698   730208.905
  0.686   730208.912
  0.688   730208.920
  0.765   730208.926
  0.711   730208.933
  0.691   730208.940
  0.666   730208.946
  0.700   730208.959
  0.767   730208.966
  0.761   730208.969
  0.851   730208.974
  0.755   730208.981
  0.791   730208.989
  0.770   730208.996
