  0.270   729878.000
  0.270   729878.000
  0.280   729878.010
  0.280   729878.020
  0.290   729878.020
  0.280   729878.030
  0.250   729878.040
  0.300   729878.050
  0.270   729878.050
  0.280   729878.060
  0.270   729878.070
  0.290   729878.070
  0.310   729878.080
  0.310   729878.090
  0.280   729878.090
  0.290   729878.100
  0.270   729878.110
  0.280   729878.110
  0.320   729878.120
  0.300   729878.130
  0.300   729878.130
  0.310   729878.140
  0.280   729878.150
  0.300   729878.160
  0.300   729878.160
  0.300   729878.170
  0.280   729878.180
  0.300   729878.180
  0.320   729878.190
  0.290   729878.200
  0.330   729878.200
  0.310   729878.210
  0.270   729878.220
  0.270   729878.230
  0.290   729878.230
  0.270   729878.240
  0.280   729878.250
  0.300   729878.250
  0.310   729878.260
  0.300   729878.270
  0.270   729878.270
  0.280   729878.280
  0.290   729878.290
  0.310   729878.300
  0.280   729878.300
  0.310   729878.310
  0.280   729878.320
  0.260   729878.320
  0.260   729878.330
  0.270   729878.340
  0.300   729878.340
  0.260   729878.350
  0.260   729878.360
  0.250   729878.360
  0.260   729878.370
  0.280   729878.380
  0.280   729878.390
  0.270   729878.390
  0.250   729878.400
  0.270   729878.410
  0.270   729878.410
  0.270   729878.420
  0.260   729878.430
  0.280   729878.430
  0.280   729878.440
  0.300   729878.450
  0.300   729878.450
  0.270   729878.460
    NaN   729878.470
    NaN   729878.480
  0.250   729878.480
  0.300   729878.490
  0.290   729878.500
  0.270   729878.500
  0.260   729878.510
  0.260   729878.520
  0.270   729878.520
  0.240   729878.530
  0.240   729878.540
  0.270   729878.540
  0.260   729878.550
  0.260   729878.560
  0.280   729878.570
  0.270   729878.570
  0.280   729878.580
  0.250   729878.590
  0.290   729878.590
  0.260   729878.600
  0.260   729878.610
  0.250   729878.610
  0.280   729878.620
  0.290   729878.630
  0.260   729878.640
  0.260   729878.640
  0.270   729878.650
  0.230   729878.660
  0.250   729878.660
  0.230   729878.670
  0.240   729878.680
  0.250   729878.680
  0.250   729878.690
  0.250   729878.700
  0.270   729878.700
  0.270   729878.710
  0.240   729878.720
  0.240   729878.720
  0.250   729878.730
  0.230   729878.740
  0.250   729878.750
  0.230   729878.750
  0.260   729878.760
  0.240   729878.770
  0.240   729878.770
  0.270   729878.780
  0.260   729878.790
  0.260   729878.800
  0.270   729878.800
  0.250   729878.810
  0.240   729878.820
  0.250   729878.820
  0.260   729878.830
  0.280   729878.840
  0.240   729878.840
  0.250   729878.850
  0.250   729878.860
  0.260   729878.860
  0.250   729878.870
  0.280   729878.880
  0.240   729878.880
  0.270   729878.890
  0.270   729878.900
  0.270   729878.910
  0.260   729878.910
  0.270   729878.920
  0.270   729878.930
  0.260   729878.930
  0.280   729878.940
  0.310   729878.950
  0.300   729878.950
  0.330   729878.960
    NaN   729878.970
    NaN   729878.980
  1.270   729878.980
  0.430   729878.990
