  0.140   729939.000
  0.130   729939.000
  0.140   729939.010
  0.140   729939.020
  0.140   729939.040
  0.170   729939.050
  0.140   729939.050
  0.150   729939.060
  0.150   729939.070
  0.170   729939.070
  0.140   729939.080
  0.160   729939.090
  0.140   729939.090
  0.150   729939.100
  0.180   729939.110
  0.170   729939.110
  0.170   729939.110
  0.170   729939.110
  0.170   729939.110
  0.170   729939.110
  0.170   729939.110
  0.170   729939.110
  0.170   729939.110
  0.170   729939.110
  0.170   729939.110
  0.170   729939.110
  0.170   729939.110
  0.170   729939.110
  0.170   729939.110
  0.170   729939.110
  0.170   729939.110
  0.170   729939.110
  0.170   729939.110
  0.170   729939.110
  0.170   729939.110
  0.170   729939.110
  0.170   729939.110
  0.170   729939.110
  0.170   729939.110
  0.170   729939.110
  0.170   729939.110
  0.170   729939.110
  0.170   729939.110
  0.170   729939.110
  0.170   729939.110
  0.170   729939.110
  0.170   729939.110
  0.170   729939.110
  0.170   729939.110
  0.170   729939.110
  0.170   729939.110
  0.170   729939.110
  0.170   729939.110
  0.170   729939.110
  0.170   729939.110
  0.170   729939.110
  0.170   729939.110
  0.170   729939.110
  0.170   729939.110
  0.170   729939.110
  0.170   729939.110
  0.170   729939.110
  0.170   729939.110
  0.170   729939.110
  0.170   729939.110
  0.170   729939.110
  0.170   729939.110
  0.170   729939.110
  0.170   729939.110
  0.170   729939.110
  0.170   729939.110
  0.170   729939.110
  0.170   729939.110
  0.170   729939.110
  0.170   729939.110
  0.170   729939.110
  0.170   729939.110
  0.170   729939.110
  0.170   729939.110
  0.170   729939.110
  0.170   729939.110
  0.170   729939.110
  0.170   729939.110
  0.170   729939.110
  0.170   729939.110
  0.170   729939.110
  0.170   729939.110
  0.170   729939.110
  0.170   729939.110
  0.170   729939.110
  0.170   729939.110
  0.170   729939.110
  0.170   729939.110
  0.170   729939.110
  0.170   729939.110
  0.170   729939.110
  0.170   729939.110
  0.170   729939.110
  0.170   729939.110
  0.170   729939.110
  0.170   729939.110
  0.170   729939.110
  0.170   729939.110
  0.170   729939.110
  0.170   729939.110
  0.170   729939.110
  0.170   729939.110
  0.170   729939.110
  0.170   729939.110
  0.170   729939.110
  0.170   729939.110
  0.170   729939.110
  0.170   729939.110
  0.170   729939.110
  0.170   729939.110
  0.170   729939.110
  0.170   729939.110
  0.170   729939.110
  0.170   729939.110
  0.150   729939.850
  0.140   729939.860
  0.500   729939.870
    NaN   729939.870
  0.150   729939.880
  0.140   729939.890
  0.140   729939.890
  0.150   729939.900
  0.160   729939.910
  0.150   729939.910
  0.120   729939.920
  0.160   729939.930
  0.150   729939.930
  0.150   729939.940
  0.140   729939.950
  0.130   729939.960
  0.140   729939.960
  0.140   729939.970
  0.140   729939.980
  0.130   729939.980
  0.130   729939.990
