  0.673   730276.002
  0.545   730276.002
  0.705   730276.009
  0.715   730276.017
  0.691   730276.023
  0.751   730276.030
  0.701   730276.037
  5.708   730276.043
  0.753   730276.050
  0.797   730276.057
  0.711   730276.064
  0.624   730276.071
  0.717   730276.078
  0.738   730276.085
  0.649   730276.092
  0.709   730276.099
  0.620   730276.106
  0.657   730276.113
  0.647   730276.120
  0.796   730276.127
  0.606   730276.134
  0.722   730276.141
  0.621   730276.148
  0.733   730276.155
  0.690   730276.161
  0.719   730276.168
  0.734   730276.175
  0.722   730276.182
  0.724   730276.189
  0.734   730276.196
  0.711   730276.203
  0.685   730276.210
  0.670   730276.217
  7.866   730276.224
  0.753   730276.231
  0.727   730276.238
  0.765   730276.245
  0.819   730276.253
  0.748   730276.264
  0.673   730276.271
  0.688   730276.278
  0.699   730276.285
  0.770   730276.292
  0.808   730276.299
  0.678   730276.306
  0.855   730276.313
  0.786   730276.320
  0.832   730276.326
  0.789   730276.333
  0.792   730276.340
  0.770   730276.347
  0.761   730276.354
  0.807   730276.361
  0.855   730276.368
  0.757   730276.375
  0.863   730276.382
  8.275   730276.389
  0.803   730276.396
  0.827   730276.403
  0.734   730276.410
  0.781   730276.417
  0.913   730276.424
  0.816   730276.431
  5.555   730276.438
  0.816   730276.445
  0.789   730276.452
  0.866   730276.458
  0.827   730276.465
  0.904   730276.472
  0.944   730276.479
  0.782   730276.486
  0.898   730276.493
  0.839   730276.500
  0.897   730276.507
  0.834   730276.515
  0.852   730276.523
  0.902   730276.529
  0.920   730276.536
  0.800   730276.546
  0.967   730276.552
  1.064   730276.564
  0.921   730276.568
  0.907   730276.581
  0.974   730276.582
  0.901   730276.593
  0.875   730276.599
  0.957   730276.611
  0.922   730276.612
  0.918   730276.617
  0.955   730276.632
  0.912   730276.641
  0.913   730276.651
  0.888   730276.652
  1.016   730276.657
  0.909   730276.662
  0.971   730276.667
  0.923   730276.679
  0.945   730276.685
  0.902   730276.692
  1.050   730276.697
  6.268   730276.709
  1.014   730276.722
  1.015   730276.725
  1.060   730276.730
  0.911   730276.736
  1.075   730276.747
  1.162   730276.749
  1.105   730276.751
  0.998   730276.757
  1.118   730276.764
  1.059   730276.771
  1.101   730276.778
  1.040   730276.785
  1.166   730276.792
  1.099   730276.799
  1.071   730276.806
  1.165   730276.813
  1.260   730276.820
  1.190   730276.827
  1.285   730276.833
  1.060   730276.840
  1.200   730276.847
  1.155   730276.854
  1.300   730276.861
  1.112   730276.868
  1.341   730276.875
  1.341   730276.882
  1.262   730276.889
  1.263   730276.896
  1.335   730276.903
  1.429   730276.911
  1.337   730276.917
  1.393   730276.924
  1.312   730276.931
  6.771   730276.938
  1.497   730276.945
  1.484   730276.952
  1.618   730276.959
  1.436   730276.966
  1.588   730276.973
  1.550   730276.979
  1.450   730276.986
  1.369   730276.993
