  1.170   730276.007
  1.206   730276.014
  1.273   730276.020
  1.118   730276.027
  1.168   730276.034
  1.301   730276.041
  1.462   730276.048
  1.274   730276.055
  1.168   730276.062
  1.383   730276.069
  1.343   730276.076
  1.288   730276.083
  1.353   730276.090
  1.442   730276.097
  1.469   730276.104
  1.599   730276.111
  1.579   730276.118
  1.594   730276.125
  1.537   730276.131
  1.553   730276.138
  1.784   730276.145
  1.654   730276.152
  1.689   730276.159
  1.802   730276.166
  1.695   730276.173
  1.756   730276.180
  1.932   730276.187
  1.953   730276.194
  1.952   730276.201
  1.848   730276.208
  1.803   730276.215
  1.867   730276.222
  1.731   730276.229
  1.660   730276.236
  1.800   730276.243
  4.505   730276.251
  1.883   730276.256
  1.692   730276.263
  1.647   730276.270
  1.824   730276.277
  1.665   730276.284
  1.655   730276.291
  1.564   730276.298
  1.542   730276.305
  1.678   730276.312
  1.554   730276.319
  1.529   730276.326
  1.415   730276.333
  1.603   730276.340
  1.586   730276.347
  1.516   730276.354
  1.655   730276.360
  1.460   730276.367
  1.591   730276.374
  1.626   730276.381
  2.095   730276.388
  1.517   730276.395
  1.447   730276.402
  1.462   730276.409
  1.691   730276.416
  1.673   730276.423
  1.617   730276.430
  1.494   730276.437
  1.678   730276.444
  1.640   730276.451
  1.774   730276.458
  1.724   730276.465
  1.533   730276.472
  1.771   730276.479
  1.529   730276.485
  1.632   730276.492
  1.782   730276.499
  1.593   730276.506
  1.563   730276.514
  1.739   730276.520
  1.460   730276.528
  1.664   730276.535
  1.640   730276.542
  1.499   730276.548
  1.466   730276.555
  1.659   730276.564
  1.640   730276.571
  1.608   730276.581
  1.493   730276.585
  1.722   730276.590
  1.537   730276.599
  1.705   730276.606
  1.454   730276.611
  1.601   730276.621
  1.556   730276.625
  1.929   730276.631
  1.661   730276.641
  1.514   730276.646
  7.709   730276.652
  1.662   730276.660
  1.488   730276.666
  1.902   730276.676
  1.846   730276.684
  1.902   730276.687
  1.972   730276.695
  1.717   730276.702
  1.635   730276.708
  1.611   730276.716
  1.922   730276.725
  1.812   730276.729
  1.627   730276.736
  1.669   730276.747
  1.629   730276.749
  1.730   730276.756
  1.499   730276.763
  1.670   730276.770
  1.588   730276.777
  1.563   730276.784
  1.502   730276.791
  1.436   730276.798
  1.620   730276.805
  1.831   730276.812
  1.413   730276.819
  1.523   730276.826
  1.472   730276.833
  1.553   730276.840
  1.549   730276.847
  1.622   730276.854
  1.386   730276.860
  1.642   730276.867
  1.616   730276.874
  1.407   730276.881
  1.621   730276.888
  1.352   730276.895
  1.579   730276.902
  1.456   730276.909
  1.503   730276.916
  1.551   730276.923
  1.646   730276.930
  1.465   730276.937
  1.291   730276.944
  1.440   730276.951
  1.233   730276.958
  1.362   730276.965
  1.281   730276.972
  2.101   730276.979
  1.392   730276.985
  1.242   730276.992
  1.339   730276.999
