 24.370   730113.001
    NaN   730113.008
 24.227   730113.015
 11.500   730113.022
 11.483   730113.028
 11.645   730113.035
 11.048   730113.042
 11.457   730113.049
 10.285   730113.056
 11.551   730113.063
 12.062   730113.070
 10.932   730113.091
 11.684   730113.112
 10.341   730113.133
 11.849   730113.167
 14.718   730113.195
 15.373   730113.209
 16.671   730113.240
 20.205   730113.268
 24.398   730113.292
 32.842   730113.320
 27.859   730113.334
 30.268   730113.358
    NaN   730113.369
    NaN   730113.376
 36.269   730113.383
 39.379   730113.390
    NaN   730113.397
    NaN   730113.403
    NaN   730113.410
    NaN   730113.417
    NaN   730113.424
    NaN   730113.431
    NaN   730113.438
    NaN   730113.445
    NaN   730113.453
    NaN   730113.459
    NaN   730113.466
    NaN   730113.473
    NaN   730113.480
    NaN   730113.487
    NaN   730113.494
    NaN   730113.501
    NaN   730113.508
    NaN   730113.515
    NaN   730113.522
    NaN   730113.528
    NaN   730113.535
    NaN   730113.542
    NaN   730113.549
    NaN   730113.556
    NaN   730113.563
    NaN   730113.570
    NaN   730113.577
 38.575   730113.584
 33.519   730113.591
 32.079   730113.598
 29.116   730113.605
 32.093   730113.612
 25.931   730113.619
 23.062   730113.626
 24.475   730113.633
 21.432   730113.640
 19.715   730113.647
 17.930   730113.653
 13.991   730113.660
 15.977   730113.667
 14.820   730113.674
 10.977   730113.681
 12.442   730113.688
 13.379   730113.695
 11.140   730113.702
 11.677   730113.709
 11.413   730113.716
 11.205   730113.723
 12.609   730113.730
 11.769   730113.737
 21.928   730113.744
    NaN   730113.751
 32.799   730113.758
 32.953   730113.765
    NaN   730113.772
 38.919   730113.778
 31.272   730113.785
 27.660   730113.792
 22.175   730113.799
 17.031   730113.806
 12.917   730113.813
 15.757   730113.820
 19.803   730113.827
 17.182   730113.834
 22.117   730113.841
 22.745   730113.848
 22.345   730113.855
 20.204   730113.862
 27.100   730113.869
 36.043   730113.876
 33.395   730113.883
 31.093   730113.890
 33.579   730113.897
 34.234   730113.903
 29.747   730113.910
 30.740   730113.917
    NaN   730113.924
    NaN   730113.931
    NaN   730113.938
    NaN   730113.945
    NaN   730113.952
    NaN   730113.959
    NaN   730113.966
    NaN   730113.973
    NaN   730113.980
    NaN   730113.987
    NaN   730113.994
