  0.222   730113.000
  0.323   730113.007
  0.286   730113.014
  0.240   730113.021
  0.486   730113.028
  3.491   730113.035
  1.137   730113.042
  4.201   730113.049
  4.358   730113.056
  0.276   730113.062
  0.231   730113.069
  0.249   730113.090
  0.274   730113.111
  0.281   730113.132
  0.267   730113.167
  0.316   730113.194
  0.272   730113.208
  0.278   730113.236
  0.293   730113.264
  0.284   730113.292
  0.316   730113.319
  0.323   730113.333
  0.308   730113.358
  0.327   730113.368
  0.333   730113.375
  0.360   730113.382
  0.336   730113.389
  0.324   730113.396
  0.348   730113.403
  0.364   730113.410
  0.373   730113.417
  0.359   730113.424
  0.353   730113.431
  0.388   730113.438
  0.395   730113.444
  0.369   730113.451
  0.348   730113.458
  0.338   730113.465
  0.518   730113.472
  0.334   730113.479
  0.364   730113.486
  0.387   730113.493
  0.410   730113.500
  0.366   730113.507
  0.346   730113.513
  0.389   730113.521
  0.350   730113.528
  0.380   730113.535
  0.406   730113.542
  0.386   730113.549
  1.092   730113.555
  0.375   730113.562
  0.370   730113.569
  0.344   730113.576
  0.405   730113.583
  0.354   730113.590
  0.387   730113.597
  0.387   730113.604
  0.367   730113.611
  0.350   730113.618
  0.397   730113.625
  0.422   730113.632
  0.438   730113.639
  0.409   730113.646
  0.441   730113.653
  0.334   730113.660
  0.429   730113.667
  0.518   730113.674
  0.371   730113.681
  0.399   730113.688
  0.391   730113.694
  0.370   730113.701
  0.389   730113.708
  0.371   730113.715
  0.373   730113.722
  0.411   730113.729
  0.349   730113.736
  0.412   730113.743
  0.352   730113.750
  0.366   730113.757
  0.321   730113.764
  0.346   730113.771
  0.378   730113.778
  0.361   730113.785
  0.331   730113.792
  0.354   730113.799
  0.395   730113.806
  0.362   730113.812
  0.381   730113.819
  0.335   730113.826
  0.360   730113.833
  0.383   730113.840
  0.349   730113.847
  0.356   730113.854
  0.379   730113.861
  0.330   730113.868
  0.408   730113.875
  0.356   730113.882
  0.351   730113.889
  1.313   730113.895
  0.337   730113.903
  0.314   730113.910
  0.342   730113.917
  0.348   730113.924
  0.310   730113.931
  0.330   730113.938
  0.340   730113.944
  0.331   730113.951
  0.339   730113.958
  0.347   730113.965
  0.348   730113.972
  0.347   730113.979
  0.323   730113.986
  0.320   730113.993
