  0.110   730113.001
  0.126   730113.008
  0.122   730113.015
  0.117   730113.022
    NaN   730113.028
  0.101   730113.035
  0.135   730113.042
  0.125   730113.049
  0.132   730113.056
  0.137   730113.063
  0.140   730113.070
    NaN   730113.091
    NaN   730113.112
  0.117   730113.133
  0.109   730113.170
  0.115   730113.195
  0.138   730113.210
  0.109   730113.240
  0.145   730113.268
  0.119   730113.292
  0.132   730113.320
  0.145   730113.334
  0.141   730113.359
  0.146   730113.369
  0.146   730113.376
  0.153   730113.383
    NaN   730113.390
  0.136   730113.397
    NaN   730113.403
  0.142   730113.410
    NaN   730113.417
  0.148   730113.424
  0.158   730113.431
  0.161   730113.438
  0.136   730113.445
  0.170   730113.453
  0.165   730113.459
  0.125   730113.466
  0.158   730113.473
  0.193   730113.480
  0.156   730113.487
    NaN   730113.494
    NaN   730113.501
    NaN   730113.508
  0.169   730113.515
  0.140   730113.522
  0.150   730113.528
    NaN   730113.535
  0.160   730113.542
  0.175   730113.549
  0.151   730113.556
  0.147   730113.563
    NaN   730113.570
    NaN   730113.577
    NaN   730113.584
  0.159   730113.591
    NaN   730113.598
  0.143   730113.605
  0.142   730113.612
  0.152   730113.619
    NaN   730113.626
  0.177   730113.633
  0.179   730113.640
  0.180   730113.647
    NaN   730113.653
  0.167   730113.660
  0.186   730113.667
  0.165   730113.674
    NaN   730113.681
  0.174   730113.688
    NaN   730113.695
  0.170   730113.702
    NaN   730113.709
  0.147   730113.716
    NaN   730113.723
  0.155   730113.730
  0.137   730113.737
  0.171   730113.744
  0.168   730113.751
  0.149   730113.758
  0.132   730113.765
    NaN   730113.772
    NaN   730113.778
    NaN   730113.785
  0.153   730113.792
  0.162   730113.799
    NaN   730113.806
  0.153   730113.813
  0.175   730113.820
  0.142   730113.827
    NaN   730113.834
  0.137   730113.841
  0.146   730113.848
  0.148   730113.855
  0.127   730113.862
  0.158   730113.869
  0.162   730113.876
    NaN   730113.883
    NaN   730113.890
    NaN   730113.897
    NaN   730113.903
  0.155   730113.910
    NaN   730113.917
  0.145   730113.924
  0.166   730113.931
  0.163   730113.938
    NaN   730113.945
  0.151   730113.952
    NaN   730113.959
  0.162   730113.966
    NaN   730113.973
  0.132   730113.980
  0.151   730113.987
    NaN   730113.994
