  0.459   730113.003
  0.563   730113.010
  0.442   730113.017
  0.521   730113.024
  0.649   730113.031
  0.418   730113.038
  0.546   730113.044
  0.501   730113.051
  0.448   730113.058
  0.475   730113.065
  0.417   730113.072
  0.469   730113.096
  0.526   730113.124
  0.495   730113.149
  0.533   730113.178
  0.462   730113.200
  0.457   730113.222
  0.425   730113.249
  0.411   730113.280
  0.472   730113.297
  0.451   730113.322
  0.478   730113.340
  0.504   730113.361
  0.422   730113.371
  0.446   730113.378
  0.513   730113.385
  0.372   730113.392
  0.450   730113.399
  0.417   730113.406
  0.466   730113.412
  0.402   730113.419
  0.432   730113.426
  0.312   730113.433
  0.400   730113.440
  0.484   730113.447
  0.427   730113.455
  0.354   730113.461
  0.405   730113.468
  0.597   730113.475
  0.466   730113.482
  0.450   730113.489
  0.556   730113.496
  0.517   730113.503
  0.400   730113.510
  0.438   730113.517
  0.418   730113.524
  0.425   730113.531
  0.403   730113.537
  0.412   730113.544
  0.435   730113.551
  0.358   730113.558
  0.440   730113.565
  0.390   730113.572
  0.390   730113.579
  0.396   730113.586
  0.419   730113.593
  0.424   730113.600
  0.307   730113.607
  0.459   730113.614
  0.304   730113.621
  0.449   730113.628
  0.391   730113.635
  0.463   730113.642
  0.358   730113.649
  0.363   730113.656
  0.305   730113.662
  0.450   730113.669
  0.361   730113.676
  0.429   730113.683
  0.478   730113.690
  0.471   730113.697
  0.306   730113.704
  0.405   730113.711
  0.381   730113.718
  0.353   730113.725
  0.398   730113.732
  0.511   730113.739
  0.338   730113.746
  0.364   730113.753
  0.474   730113.760
  0.313   730113.767
  0.333   730113.774
    NaN   730113.781
  0.401   730113.787
  0.364   730113.794
  0.395   730113.801
  0.398   730113.808
  0.319   730113.815
  3.983   730113.822
  0.364   730113.829
  0.385   730113.836
  0.387   730113.843
  0.331   730113.850
  0.496   730113.857
  0.381   730113.864
  0.358   730113.871
  0.358   730113.878
  0.335   730113.885
  0.347   730113.892
  0.375   730113.899
  0.288   730113.906
  0.403   730113.912
  0.343   730113.919
  0.276   730113.926
  0.360   730113.933
  0.338   730113.940
  0.253   730113.947
  0.316   730113.954
  0.291   730113.961
  0.335   730113.968
  0.303   730113.975
  0.323   730113.982
  0.319   730113.989
  0.341   730113.996
