  0.730   729733.000
  1.800   729733.000
  0.610   729733.010
  0.690   729733.020
  0.650   729733.020
  0.700   729733.030
  0.630   729733.040
  0.690   729733.050
  0.730   729733.050
  0.680   729733.060
  0.680   729733.070
  0.710   729733.070
  0.740   729733.080
  0.770   729733.090
  0.680   729733.090
  0.770   729733.100
  0.760   729733.110
  0.750   729733.110
  0.700   729733.120
  0.740   729733.130
  0.740   729733.140
  0.700   729733.140
  0.700   729733.150
  0.710   729733.160
  0.680   729733.160
  0.670   729733.170
  0.750   729733.180
  0.770   729733.180
  0.760   729733.190
  0.730   729733.200
  0.770   729733.200
  0.760   729733.210
  0.710   729733.220
  0.700   729733.230
  0.760   729733.230
  0.680   729733.240
  0.810   729733.250
  0.690   729733.250
  0.710   729733.260
  0.730   729733.270
  0.740   729733.270
  0.730   729733.280
  0.660   729733.290
  0.660   729733.300
  0.690   729733.300
  0.710   729733.310
  0.640   729733.320
  0.730   729733.320
  0.700   729733.330
  0.680   729733.340
  0.700   729733.340
  0.680   729733.350
  0.660   729733.360
  0.710   729733.360
  0.690   729733.370
  0.670   729733.380
  0.650   729733.390
  0.610   729733.390
  0.610   729733.400
  0.650   729733.410
    NaN   729733.410
  0.650   729733.420
  0.680   729733.430
  0.680   729733.430
  0.630   729733.440
  0.710   729733.450
  0.720   729733.450
  0.720   729733.460
  0.740   729733.470
  0.760   729733.480
  0.710   729733.480
  0.710   729733.490
  0.700   729733.500
  0.690   729733.500
  0.740   729733.510
  0.730   729733.520
  0.680   729733.520
  0.730   729733.530
  0.920   729733.540
  0.900   729733.550
  0.680   729733.550
  0.710   729733.560
  0.750   729733.570
  0.780   729733.570
  0.780   729733.580
  1.650   729733.590
  0.730   729733.590
  0.760   729733.600
  0.730   729733.610
  1.690   729733.610
  0.780   729733.620
  1.500   729733.630
  1.480   729733.640
  0.780   729733.640
  0.870   729733.650
  0.740   729733.660
  0.880   729733.660
  0.810   729733.670
  0.960   729733.680
  1.750   729733.680
  0.770   729733.690
  0.830   729733.700
  0.850   729733.700
  0.870   729733.710
  1.110   729733.720
  0.890   729733.730
  0.840   729733.730
  0.930   729733.740
  0.960   729733.750
  0.910   729733.750
  1.740   729733.760
  0.830   729733.770
  0.830   729733.770
  0.810   729733.780
  0.800   729733.790
  0.770   729733.800
  0.810   729733.800
  0.670   729733.810
  0.850   729733.820
  0.820   729733.820
  0.850   729733.830
  0.880   729733.840
  0.810   729733.840
  0.820   729733.850
  0.790   729733.860
  0.810   729733.860
  0.860   729733.870
  1.110   729733.880
  2.300   729733.890
  0.850   729733.890
  0.800   729733.900
  0.820   729733.910
    NaN   729733.910
  0.810   729733.920
  0.860   729733.930
  0.900   729733.930
  0.940   729733.940
  0.840   729733.950
  2.160   729733.950
  2.250   729733.960
  0.890   729733.970
  0.930   729733.980
  0.920   729733.980
  0.850   729733.990
