  0.797   730169.001
  0.971   730169.008
  0.854   730169.015
  0.926   730169.022
  1.312   730169.029
  0.785   730169.036
  1.135   730169.044
  0.966   730169.051
  0.935   730169.058
  0.977   730169.064
  0.964   730169.071
  0.879   730169.078
  0.979   730169.085
  0.856   730169.092
  0.802   730169.099
  0.787   730169.106
  0.820   730169.113
  0.864   730169.119
  0.863   730169.126
  0.895   730169.133
  0.879   730169.140
  0.881   730169.147
  0.857   730169.154
  0.752   730169.161
  0.760   730169.168
  0.791   730169.175
  1.048   730169.182
  0.889   730169.189
  0.779   730169.196
  0.829   730169.203
  0.816   730169.210
  0.913   730169.217
  0.902   730169.224
  0.878   730169.231
  0.700   730169.238
  0.828   730169.244
  0.754   730169.251
  0.700   730169.258
  0.714   730169.265
  0.772   730169.272
  0.791   730169.279
  0.790   730169.286
  0.714   730169.293
  0.741   730169.300
  0.703   730169.307
  0.743   730169.314
  0.783   730169.321
  0.883   730169.328
  0.746   730169.335
  0.643   730169.342
  0.709   730169.349
  0.671   730169.356
  0.718   730169.363
  0.808   730169.369
  0.709   730169.376
  0.641   730169.383
  0.749   730169.390
  0.758   730169.397
  0.688   730169.404
  0.688   730169.411
  0.774   730169.418
  0.700   730169.425
  0.667   730169.432
  0.672   730169.439
  0.718   730169.446
  0.663   730169.453
  0.725   730169.460
  0.653   730169.467
  0.745   730169.474
  0.636   730169.481
  0.665   730169.488
  0.600   730169.494
  0.707   730169.501
  0.657   730169.508
  0.731   730169.515
  0.635   730169.522
  0.655   730169.529
  0.729   730169.536
  0.714   730169.543
  0.667   730169.550
  0.742   730169.557
  0.681   730169.564
  0.780   730169.571
  0.799   730169.578
  0.712   730169.585
  0.695   730169.592
  0.669   730169.599
  0.709   730169.606
  0.725   730169.613
  0.846   730169.619
  0.735   730169.626
  0.688   730169.633
  0.656   730169.640
  0.724   730169.647
  0.618   730169.654
  0.690   730169.661
  0.769   730169.668
  0.645   730169.675
  0.571   730169.682
  0.600   730169.689
  0.664   730169.696
  0.643   730169.703
  0.641   730169.710
  0.615   730169.717
  0.677   730169.724
  0.664   730169.731
  0.664   730169.738
  0.624   730169.744
  0.682   730169.751
  0.596   730169.758
  0.665   730169.765
  0.680   730169.772
  0.692   730169.779
  0.592   730169.786
  0.648   730169.793
  0.695   730169.800
  0.615   730169.807
  0.610   730169.814
  0.561   730169.821
  0.660   730169.828
  0.696   730169.835
  0.636   730169.842
  0.607   730169.849
  0.624   730169.856
  0.548   730169.863
    NaN   730169.869
  0.503   730169.876
  0.628   730169.883
  0.605   730169.890
  0.636   730169.897
  0.608   730169.904
  0.601   730169.911
  0.703   730169.918
  0.659   730169.925
  0.644   730169.932
  0.656   730169.940
  0.669   730169.949
  0.734   730169.953
  0.627   730169.960
  0.617   730169.967
  0.699   730169.974
  0.604   730169.981
  0.722   730169.988
  0.663   730169.994
