  0.196   730169.000
  0.237   730169.007
  0.226   730169.014
  0.219   730169.021
  0.193   730169.028
  0.237   730169.035
  0.233   730169.042
  0.231   730169.049
  0.230   730169.056
  0.220   730169.062
  0.241   730169.069
  0.222   730169.076
  0.224   730169.083
  0.220   730169.090
  0.221   730169.097
  0.218   730169.104
  0.219   730169.111
  0.232   730169.118
  0.227   730169.125
  0.231   730169.132
  0.279   730169.139
  0.220   730169.146
  0.202   730169.153
  0.222   730169.160
  0.237   730169.167
  0.196   730169.174
  0.248   730169.181
  0.205   730169.188
  0.217   730169.194
  0.213   730169.201
  0.220   730169.208
  0.223   730169.215
  0.203   730169.222
  0.199   730169.229
  0.194   730169.236
  0.203   730169.243
  0.208   730169.250
  0.226   730169.257
  0.198   730169.264
  0.203   730169.271
  0.240   730169.278
  0.207   730169.285
  0.218   730169.292
  0.202   730169.299
  0.197   730169.306
  0.222   730169.312
  0.210   730169.319
  0.229   730169.326
  0.204   730169.333
  0.191   730169.340
  0.216   730169.347
  0.203   730169.354
  0.193   730169.361
  0.191   730169.368
  0.189   730169.375
  0.206   730169.382
  0.653   730169.389
  0.200   730169.396
  0.222   730169.403
  0.228   730169.410
  0.230   730169.417
  0.211   730169.424
  0.234   730169.431
  0.190   730169.438
  0.192   730169.444
  0.206   730169.451
  0.186   730169.458
  0.212   730169.465
  0.190   730169.472
  0.191   730169.479
  0.200   730169.486
  0.188   730169.493
  0.173   730169.500
  0.196   730169.507
  0.203   730169.514
  0.223   730169.521
  0.203   730169.528
  0.170   730169.535
  0.210   730169.542
  0.191   730169.549
  0.212   730169.556
  0.185   730169.562
  0.201   730169.569
  0.190   730169.576
  0.202   730169.583
  0.200   730169.590
  0.184   730169.597
  0.191   730169.604
  0.185   730169.611
  0.197   730169.618
  0.198   730169.625
  0.216   730169.632
  0.188   730169.639
  0.205   730169.646
  0.201   730169.653
  0.177   730169.660
  0.185   730169.667
  0.176   730169.674
  0.184   730169.681
  0.202   730169.688
    NaN   730169.694
  0.191   730169.701
  0.216   730169.708
  0.215   730169.715
  0.214   730169.722
  0.223   730169.729
  0.193   730169.736
  0.260   730169.743
  0.239   730169.750
  0.262   730169.757
  0.269   730169.764
  0.243   730169.771
  0.258   730169.778
  0.236   730169.785
  0.247   730169.792
  0.251   730169.799
  0.233   730169.806
  0.234   730169.812
  0.256   730169.819
  0.327   730169.826
  0.212   730169.833
  0.243   730169.840
  0.208   730169.847
  0.222   730169.854
  0.214   730169.861
  0.215   730169.868
  0.213   730169.875
  0.198   730169.882
  0.208   730169.889
  0.220   730169.896
  0.215   730169.903
  0.220   730169.910
  0.212   730169.917
  0.191   730169.924
  0.228   730169.931
  0.169   730169.938
  0.205   730169.945
  0.192   730169.951
  0.187   730169.958
  0.193   730169.965
  0.226   730169.972
  0.283   730169.979
  0.215   730169.986
  0.199   730169.993
