  0.143   730169.000
  0.022   730169.007
  0.048   730169.014
  0.013   730169.021
  1.025   730169.028
  2.085   730169.035
  1.737   730169.042
  1.326   730169.049
  0.526   730169.056
  0.174   730169.062
  0.044   730169.069
  0.011   730169.076
  0.012   730169.083
  0.014   730169.090
  0.984   730169.097
  1.804   730169.104
  1.804   730169.111
  1.199   730169.118
  0.498   730169.125
  0.050   730169.132
  0.031   730169.139
  0.013   730169.146
  0.014   730169.153
  0.017   730169.160
  0.015   730169.167
  0.011   730169.174
  0.013   730169.181
  0.036   730169.188
  1.268   730169.194
  1.639   730169.201
  0.784   730169.208
  0.373   730169.215
  0.158   730169.222
  0.072   730169.229
  0.033   730169.236
  0.021   730169.243
  0.035   730169.250
  0.030   730169.257
  0.070   730169.264
  0.056   730169.271
  0.048   730169.278
  0.034   730169.285
  0.031   730169.292
  0.047   730169.299
  0.033   730169.306
  0.055   730169.312
  0.047   730169.319
  0.041   730169.326
  0.038   730169.333
  0.093   730169.340
  0.050   730169.347
  0.106   730169.354
  0.099   730169.361
  0.051   730169.368
  0.052   730169.375
  0.057   730169.382
  0.044   730169.389
  0.084   730169.396
  0.099   730169.403
  0.064   730169.410
  0.144   730169.417
  0.063   730169.424
  0.101   730169.431
  0.120   730169.438
  0.158   730169.444
  0.080   730169.451
  0.118   730169.458
  0.127   730169.465
  0.193   730169.472
  0.276   730169.479
  0.441   730169.486
  0.453   730169.493
  0.544   730169.500
  0.363   730169.507
  0.302   730169.514
  0.561   730169.521
  0.752   730169.528
  0.793   730169.535
  0.942   730169.542
  1.046   730169.549
  1.319   730169.556
  1.556   730169.562
  1.957   730169.569
  1.897   730169.576
  2.025   730169.583
  2.084   730169.590
  2.247   730169.597
  2.214   730169.604
  2.304   730169.611
  2.212   730169.618
  2.371   730169.625
  2.327   730169.632
  2.508   730169.639
  2.180   730169.646
  2.356   730169.653
  2.077   730169.660
  2.299   730169.667
  2.311   730169.674
  2.403   730169.681
  2.436   730169.688
  2.110   730169.694
  2.520   730169.701
  2.277   730169.708
  2.518   730169.715
  2.663   730169.722
  2.338   730169.729
  2.169   730169.736
  2.414   730169.743
  2.169   730169.750
  2.334   730169.757
  2.417   730169.764
  2.107   730169.771
  2.246   730169.778
  2.232   730169.785
  2.486   730169.792
  2.218   730169.799
  2.714   730169.806
  2.780   730169.812
  2.718   730169.819
  2.146   730169.826
  2.611   730169.833
  2.463   730169.840
  2.606   730169.847
  2.817   730169.854
  2.424   730169.861
  2.918   730169.868
  2.490   730169.875
  2.308   730169.882
  1.884   730169.889
  2.100   730169.896
  2.488   730169.903
  3.050   730169.910
  2.827   730169.917
  2.930   730169.924
  3.119   730169.931
  2.713   730169.938
  2.069   730169.945
  1.864   730169.951
  1.584   730169.958
  1.100   730169.965
  0.710   730169.972
  0.414   730169.979
  2.176   730169.986
  2.572   730169.993
