  2.357   730169.001
  2.452   730169.008
  2.214   730169.015
  3.022   730169.022
  2.530   730169.028
  2.194   730169.035
  1.943   730169.043
  2.148   730169.050
  2.570   730169.057
  2.532   730169.063
  2.312   730169.070
  2.482   730169.077
  2.770   730169.084
  2.288   730169.091
  2.159   730169.098
  2.203   730169.105
    NaN   730169.112
  2.296   730169.119
  2.204   730169.126
  1.890   730169.133
  2.120   730169.140
  2.643   730169.147
  2.578   730169.153
  2.860   730169.160
  2.565   730169.167
  2.929   730169.174
  2.688   730169.181
  3.058   730169.188
  2.566   730169.195
  2.358   730169.202
  2.525   730169.209
  2.904   730169.216
  2.935   730169.223
  2.700   730169.230
  2.901   730169.237
  3.124   730169.244
  3.068   730169.251
  3.451   730169.258
  3.006   730169.265
  2.654   730169.272
  2.660   730169.278
  2.444   730169.285
  2.199   730169.292
  2.799   730169.299
  2.447   730169.306
  2.744   730169.313
  2.949   730169.320
  3.162   730169.327
  2.828   730169.334
  2.965   730169.341
  2.371   730169.348
  2.732   730169.355
  2.277   730169.362
  2.699   730169.369
  3.173   730169.376
  2.606   730169.383
  2.697   730169.390
  2.565   730169.397
  3.015   730169.403
  2.832   730169.410
  2.774   730169.417
  2.497   730169.424
  2.311   730169.431
  3.168   730169.438
  2.611   730169.445
  3.198   730169.452
  2.902   730169.459
  3.144   730169.466
  2.451   730169.473
  3.600   730169.480
  3.254   730169.487
  2.827   730169.494
  2.582   730169.501
  3.041   730169.508
  3.354   730169.515
  2.800   730169.522
  2.257   730169.528
  2.412   730169.535
  2.802   730169.542
  3.122   730169.549
  2.668   730169.556
  3.206   730169.563
  2.842   730169.570
  2.658   730169.577
  2.337   730169.584
  3.008   730169.591
  2.680   730169.598
  3.074   730169.605
    NaN   730169.612
  3.697   730169.619
  2.687   730169.626
  3.372   730169.633
  3.425   730169.640
  2.885   730169.647
  3.321   730169.653
  2.921   730169.660
  2.728   730169.667
  3.766   730169.674
  2.601   730169.681
  3.704   730169.688
  3.914   730169.695
  2.434   730169.702
  2.697   730169.709
  2.883   730169.716
  2.912   730169.723
  3.142   730169.730
  2.932   730169.737
  2.543   730169.744
  2.990   730169.751
  2.884   730169.758
  3.289   730169.765
  2.993   730169.772
  2.833   730169.778
  3.552   730169.785
  3.049   730169.792
  2.907   730169.799
  2.959   730169.806
  2.852   730169.813
  2.961   730169.820
  3.370   730169.827
  3.280   730169.834
  3.323   730169.841
  3.228   730169.848
  2.778   730169.855
  3.356   730169.862
  3.006   730169.869
  3.813   730169.876
  3.552   730169.883
  3.304   730169.890
  2.742   730169.897
  2.661   730169.903
  2.466   730169.910
  4.604   730169.917
  3.972   730169.924
  3.162   730169.931
  3.014   730169.939
  3.312   730169.947
  2.927   730169.953
  3.235   730169.959
  3.670   730169.966
  3.163   730169.973
  2.899   730169.980
  2.676   730169.987
  2.952   730169.994
