  1.686   730233.003
  0.000   730233.008
  0.000   730233.015
  0.000   730233.022
  0.000   730233.029
  0.000   730233.037
  0.000   730233.043
  2.462   730233.049
  5.330   730233.055
  0.000   730233.063
  0.000   730233.070
  0.000   730233.078
  0.000   730233.086
  0.000   730233.088
  0.000   730233.093
  0.000   730233.100
  0.000   730233.106
  0.000   730233.114
  2.314   730233.121
  0.000   730233.129
  0.000   730233.135
  0.000   730233.141
  0.000   730233.148
  0.136   730233.156
  0.000   730233.164
  0.000   730233.171
  3.577   730233.177
  0.000   730233.183
  0.000   730233.190
  0.000   730233.198
  0.000   730233.205
  0.000   730233.212
  0.000   730233.218
  0.000   730233.224
  0.000   730233.231
  0.000   730233.239
  0.008   730233.246
  0.000   730233.254
  0.000   730233.260
  0.000   730233.266
  0.000   730233.273
  0.000   730233.281
  0.000   730233.288
  0.000   730233.297
  0.000   730233.302
  0.354   730233.313
