 12.405   730233.000
  9.916   730233.006
 10.631   730233.013
 11.129   730233.020
 13.106   730233.027
 10.129   730233.034
 13.030   730233.041
 13.866   730233.048
 13.796   730233.055
 10.292   730233.062
 11.732   730233.069
 10.445   730233.076
 11.897   730233.083
 10.659   730233.085
  9.130   730233.090
  8.989   730233.097
  9.616   730233.104
  9.988   730233.111
 11.501   730233.118
  9.383   730233.125
 11.928   730233.131
 10.275   730233.138
 10.346   730233.145
  8.824   730233.152
  8.206   730233.159
  9.574   730233.166
  8.442   730233.173
  9.623   730233.180
 11.653   730233.187
  9.963   730233.194
 10.413   730233.201
  8.887   730233.208
  8.992   730233.215
 10.295   730233.222
  8.732   730233.229
  8.648   730233.236
  8.103   730233.243
  8.812   730233.250
  9.336   730233.256
  8.702   730233.263
 11.659   730233.270
 10.602   730233.277
 11.509   730233.284
 10.188   730233.291
 10.933   730233.298
  8.868   730233.307
  9.433   730233.312
  8.260   730233.323
  8.090   730233.329
  7.393   730233.333
  7.395   730233.342
  6.726   730233.347
  7.401   730233.354
  6.931   730233.360
  7.270   730233.367
  6.549   730233.374
  6.212   730233.381
  4.348   730233.388
  6.233   730233.395
  6.606   730233.402
  6.563   730233.409
  6.424   730233.416
  7.831   730233.423
  5.944   730233.430
  2.786   730233.437
  1.702   730233.444
  1.171   730233.451
  1.356   730233.458
  1.360   730233.465
  1.070   730233.472
  1.216   730233.479
  1.299   730233.485
  1.009   730233.492
  1.092   730233.499
  1.083   730233.506
  0.905   730233.513
  1.037   730233.520
  0.960   730233.527
  0.834   730233.534
  0.938   730233.541
  0.927   730233.548
  0.858   730233.555
  0.874   730233.562
  0.906   730233.569
  0.818   730233.576
  0.691   730233.583
  0.884   730233.590
  0.762   730233.597
  2.665   730233.604
  2.325   730233.610
  0.879   730233.617
  0.844   730233.624
  0.841   730233.631
  2.306   730233.638
  1.109   730233.645
  0.730   730233.652
  0.646   730233.659
  0.715   730233.666
  0.626   730233.673
  0.700   730233.680
  0.738   730233.687
  0.697   730233.694
  0.716   730233.701
  0.739   730233.708
  0.799   730233.715
  0.790   730233.722
  0.779   730233.729
  0.776   730233.735
  0.780   730233.742
  0.719   730233.749
  0.786   730233.756
  0.710   730233.763
  0.810   730233.770
  0.777   730233.777
  0.957   730233.784
  0.849   730233.791
  1.341   730233.798
  1.254   730233.805
  1.457   730233.812
  1.166   730233.819
  1.892   730233.826
  2.421   730233.833
  1.660   730233.840
  0.960   730233.847
  0.836   730233.854
  0.943   730233.860
  1.031   730233.867
  0.456   730233.874
  4.548   730233.881
  1.424   730233.888
  3.960   730233.895
  1.180   730233.902
  1.009   730233.909
  0.962   730233.916
  0.971   730233.923
  0.848   730233.930
  1.036   730233.937
  1.033   730233.944
  0.959   730233.951
  1.040   730233.958
  0.990   730233.965
  1.026   730233.972
  1.072   730233.979
  1.086   730233.986
  1.117   730233.992
