  0.142   730373.005
  0.240   730373.005
  0.297   730373.012
  0.232   730373.019
  0.275   730373.026
  0.239   730373.033
  0.184   730373.040
  0.224   730373.047
  0.198   730373.054
  0.085   730373.062
  0.177   730373.062
  0.239   730373.071
  0.246   730373.079
  0.227   730373.087
  0.241   730373.095
  0.272   730373.102
  0.207   730373.107
  0.202   730373.111
  0.205   730373.117
  0.214   730373.124
  0.231   730373.130
  0.206   730373.137
  0.221   730373.144
  0.206   730373.151
  0.262   730373.158
  0.217   730373.165
  0.232   730373.172
  0.214   730373.179
  0.233   730373.185
  0.231   730373.192
  0.230   730373.199
  0.229   730373.206
  0.833   730373.213
  0.210   730373.220
  0.207   730373.227
  0.221   730373.234
  0.225   730373.241
  0.244   730373.248
  0.228   730373.255
  0.208   730373.262
  0.194   730373.269
  0.220   730373.276
  0.203   730373.283
  0.202   730373.290
  0.203   730373.297
  0.193   730373.304
  0.219   730373.311
  0.195   730373.318
  0.210   730373.325
  0.193   730373.332
  9.404   730373.339
  0.188   730373.345
  0.194   730373.352
  0.190   730373.359
  0.202   730373.366
  0.211   730373.373
  0.214   730373.380
  0.205   730373.387
  0.220   730373.394
  0.187   730373.401
  0.235   730373.408
  0.202   730373.415
  0.235   730373.422
  0.201   730373.429
  0.211   730373.436
  0.243   730373.443
  0.225   730373.450
  0.192   730373.457
  0.206   730373.464
  0.164   730373.471
  0.171   730373.477
  0.184   730373.484
  0.183   730373.491
  0.186   730373.498
  0.202   730373.505
  0.174   730373.512
  0.191   730373.519
  0.184   730373.526
  0.188   730373.533
  0.186   730373.540
  0.181   730373.547
  0.201   730373.554
  0.187   730373.561
  0.207   730373.568
  0.211   730373.575
  0.193   730373.582
  0.200   730373.588
  0.187   730373.595
  0.200   730373.602
  0.218   730373.609
  0.212   730373.616
  0.211   730373.623
  0.211   730373.630
  0.205   730373.637
  0.216   730373.644
  0.196   730373.651
  0.192   730373.658
  0.231   730373.665
  0.194   730373.672
  0.223   730373.679
  0.236   730373.686
  0.244   730373.693
  0.229   730373.700
  0.236   730373.707
  0.243   730373.714
  0.210   730373.721
  0.210   730373.727
  0.213   730373.734
  0.211   730373.742
  0.233   730373.749
  0.244   730373.755
  0.227   730373.762
  0.229   730373.769
  0.241   730373.777
  0.229   730373.785
  0.224   730373.795
  0.224   730373.803
  0.220   730373.809
  0.249   730373.814
  0.249   730373.820
  0.245   730373.828
  0.225   730373.835
 17.550   730373.842
  0.245   730373.849
  0.267   730373.856
  0.246   730373.865
  0.288   730373.870
  0.109   730373.876
  0.265   730373.876
 10.688   730373.883
 11.214   730373.890
  4.583   730373.897
  0.282   730373.905
  0.257   730373.911
  0.228   730373.918
  0.253   730373.925
  0.236   730373.932
  0.213   730373.939
  0.239   730373.947
  0.227   730373.953
  0.247   730373.960
  0.248   730373.967
  0.272   730373.974
  0.230   730373.981
  0.188   730373.989
  0.254   730373.995
