    NaN   729980.000
    NaN   729980.010
    NaN   729980.010
    NaN   729980.020
    NaN   729980.030
    NaN   729980.030
    NaN   729980.040
    NaN   729980.050
    NaN   729980.050
    NaN   729980.060
    NaN   729980.070
    NaN   729980.080
    NaN   729980.080
    NaN   729980.090
    NaN   729980.100
    NaN   729980.100
    NaN   729980.110
    NaN   729980.120
    NaN   729980.120
    NaN   729980.130
    NaN   729980.140
    NaN   729980.150
    NaN   729980.150
    NaN   729980.160
    NaN   729980.170
    NaN   729980.170
    NaN   729980.180
    NaN   729980.190
    NaN   729980.190
    NaN   729980.200
    NaN   729980.210
    NaN   729980.210
    NaN   729980.220
    NaN   729980.230
    NaN   729980.240
    NaN   729980.240
    NaN   729980.250
    NaN   729980.260
    NaN   729980.260
    NaN   729980.270
    NaN   729980.280
    NaN   729980.280
    NaN   729980.290
    NaN   729980.300
    NaN   729980.310
    NaN   729980.310
    NaN   729980.320
    NaN   729980.330
    NaN   729980.330
    NaN   729980.340
    NaN   729980.350
    NaN   729980.350
    NaN   729980.360
    NaN   729980.370
    NaN   729980.380
    NaN   729980.380
    NaN   729980.390
    NaN   729980.400
    NaN   729980.400
    NaN   729980.410
    NaN   729980.420
    NaN   729980.420
    NaN   729980.430
    NaN   729980.440
    NaN   729980.440
    NaN   729980.450
    NaN   729980.460
    NaN   729980.470
    NaN   729980.470
    NaN   729980.480
    NaN   729980.490
    NaN   729980.490
    NaN   729980.500
    NaN   729980.510
    NaN   729980.510
    NaN   729980.520
    NaN   729980.530
    NaN   729980.530
    NaN   729980.540
    NaN   729980.550
    NaN   729980.560
    NaN   729980.560
    NaN   729980.570
    NaN   729980.580
    NaN   729980.580
    NaN   729980.590
    NaN   729980.600
    NaN   729980.600
    NaN   729980.610
    NaN   729980.620
    NaN   729980.620
    NaN   729980.630
    NaN   729980.640
    NaN   729980.650
    NaN   729980.650
    NaN   729980.660
    NaN   729980.670
    NaN   729980.670
    NaN   729980.680
    NaN   729980.690
    NaN   729980.690
    NaN   729980.700
    NaN   729980.710
    NaN   729980.720
    NaN   729980.720
    NaN   729980.730
    NaN   729980.740
    NaN   729980.740
    NaN   729980.750
    NaN   729980.760
    NaN   729980.760
    NaN   729980.770
    NaN   729980.780
    NaN   729980.780
    NaN   729980.790
    NaN   729980.800
    NaN   729980.810
    NaN   729980.810
    NaN   729980.820
    NaN   729980.830
    NaN   729980.830
    NaN   729980.840
    NaN   729980.850
    NaN   729980.850
    NaN   729980.860
    NaN   729980.870
    NaN   729980.880
    NaN   729980.880
    NaN   729980.890
    NaN   729980.900
    NaN   729980.900
    NaN   729980.910
    NaN   729980.920
    NaN   729980.930
    NaN   729980.940
    NaN   729980.940
    NaN   729980.950
    NaN   729980.960
    NaN   729980.970
    NaN   729980.970
    NaN   729980.980
    NaN   729980.980
    NaN   729980.990
