  0.086   730379.000
  0.029   730379.000
  0.064   730379.007
  0.093   730379.014
  0.067   730379.021
  0.100   730379.028
  0.070   730379.035
  0.103   730379.042
  0.083   730379.049
  0.100   730379.055
  0.094   730379.063
  0.105   730379.070
  0.083   730379.077
  0.103   730379.084
  0.095   730379.091
  0.104   730379.097
  0.080   730379.104
  0.105   730379.112
  0.087   730379.118
  0.104   730379.125
  0.085   730379.132
  0.102   730379.139
  0.094   730379.146
  0.102   730379.153
  0.117   730379.160
  0.105   730379.167
  0.105   730379.174
  0.115   730379.181
  0.118   730379.188
  0.127   730379.195
  0.139   730379.202
  0.134   730379.209
  0.144   730379.216
  0.153   730379.222
  0.171   730379.229
  0.159   730379.237
  0.178   730379.243
  0.157   730379.250
  0.168   730379.257
  0.181   730379.264
  0.166   730379.271
  0.162   730379.278
  0.169   730379.285
  0.163   730379.292
  0.183   730379.299
  0.157   730379.306
  0.163   730379.313
  0.155   730379.320
  0.150   730379.327
  0.144   730379.334
  0.134   730379.341
  0.140   730379.347
  0.150   730379.354
  0.176   730379.362
  0.138   730379.368
  0.143   730379.375
  0.142   730379.382
  0.146   730379.389
  0.133   730379.396
  0.152   730379.403
  0.135   730379.410
  0.142   730379.417
  7.551   730379.424
  0.133   730379.431
  0.150   730379.438
  0.169   730379.445
  0.137   730379.452
  0.135   730379.459
  0.122   730379.466
  0.122   730379.472
  0.119   730379.479
  0.129   730379.487
  0.123   730379.493
  0.117   730379.500
  0.119   730379.507
  0.138   730379.514
  0.124   730379.521
  0.124   730379.528
  0.119   730379.535
  0.128   730379.542
  0.120   730379.549
  0.118   730379.556
  0.105   730379.563
  0.126   730379.570
  0.127   730379.577
  0.127   730379.584
  0.130   730379.591
  0.119   730379.597
  0.144   730379.604
  0.137   730379.612
  0.108   730379.618
  0.118   730379.625
  0.117   730379.632
  0.126   730379.639
  0.134   730379.646
  0.139   730379.653
  0.142   730379.660
  0.122   730379.667
  0.112   730379.674
  0.113   730379.681
  0.114   730379.688
  0.114   730379.695
  0.128   730379.702
  0.159   730379.709
  0.103   730379.716
  0.132   730379.722
  0.127   730379.729
  0.132   730379.737
  0.132   730379.743
  0.136   730379.750
  0.110   730379.757
  0.134   730379.764
  0.139   730379.771
  0.142   730379.779
  0.148   730379.785
  0.167   730379.792
  0.164   730379.799
  0.130   730379.806
  0.177   730379.813
  0.137   730379.820
  0.163   730379.827
  0.178   730379.834
  0.171   730379.841
  0.182   730379.847
  0.157   730379.854
  0.184   730379.862
  0.183   730379.868
  0.199   730379.875
  0.180   730379.882
  0.205   730379.889
  0.193   730379.896
  0.200   730379.903
  0.195   730379.910
  0.189   730379.917
  7.291   730379.924
  0.193   730379.931
  0.210   730379.938
  0.216   730379.945
  0.196   730379.952
  0.197   730379.959
  0.229   730379.966
  0.164   730379.973
  0.197   730379.979
  0.192   730379.987
  0.212   730379.993
