  0.045   730379.007
  0.388   730379.007
  0.369   730379.014
  0.543   730379.021
  0.304   730379.028
  0.379   730379.034
  0.328   730379.041
  0.379   730379.048
  0.305   730379.055
  0.376   730379.062
  0.387   730379.069
  0.420   730379.076
  0.365   730379.083
  0.371   730379.090
  0.394   730379.097
  0.410   730379.104
  0.372   730379.111
  0.412   730379.118
  0.413   730379.125
  0.484   730379.132
  0.426   730379.139
  0.400   730379.146
  0.389   730379.153
  0.427   730379.159
  0.366   730379.166
  0.417   730379.173
  0.401   730379.180
  0.414   730379.187
  0.477   730379.194
  0.393   730379.201
  0.396   730379.208
  0.396   730379.215
  0.420   730379.222
  0.446   730379.229
  0.433   730379.236
  0.371   730379.243
  0.413   730379.250
  0.424   730379.257
  0.425   730379.264
  0.383   730379.271
  0.353   730379.278
  0.451   730379.284
  0.397   730379.291
  0.402   730379.298
  0.443   730379.305
  0.382   730379.312
  0.335   730379.319
  0.333   730379.326
  0.331   730379.333
  0.336   730379.340
  0.306   730379.347
  0.323   730379.354
  0.898   730379.361
  0.245   730379.368
  0.246   730379.375
  0.213   730379.382
  0.209   730379.389
  0.240   730379.396
  0.208   730379.403
  0.194   730379.409
  0.190   730379.416
  0.174   730379.423
  0.155   730379.430
  0.170   730379.437
  0.160   730379.444
  0.143   730379.451
  0.138   730379.458
  0.148   730379.465
  0.150   730379.472
  0.149   730379.479
  0.163   730379.486
  0.178   730379.493
  0.179   730379.500
  0.210   730379.507
  0.199   730379.514
  0.216   730379.521
  0.230   730379.528
  0.264   730379.534
  0.264   730379.541
  0.262   730379.548
  0.310   730379.555
  0.334   730379.562
  0.324   730379.569
  0.410   730379.576
  0.384   730379.583
  0.431   730379.590
  0.449   730379.597
  0.463   730379.604
  0.416   730379.611
  0.457   730379.618
  0.507   730379.625
  0.490   730379.632
  0.495   730379.639
  0.514   730379.646
  0.623   730379.653
  0.581   730379.659
  0.661   730379.666
  0.596   730379.673
  0.669   730379.680
  0.591   730379.687
  0.591   730379.694
  0.641   730379.701
  0.602   730379.708
  0.667   730379.715
  0.645   730379.722
  0.642   730379.729
  0.526   730379.736
  0.622   730379.743
  0.665   730379.750
  0.510   730379.757
  0.543   730379.764
  0.564   730379.771
  0.590   730379.778
  0.650   730379.785
  0.611   730379.791
  0.540   730379.798
  0.603   730379.806
  0.513   730379.812
  0.576   730379.820
  0.750   730379.826
  0.641   730379.833
  0.696   730379.840
  0.679   730379.847
  0.721   730379.854
  0.805   730379.861
  0.704   730379.868
  0.916   730379.875
  0.784   730379.882
  0.889   730379.889
  0.865   730379.896
  0.922   730379.903
  0.971   730379.909
  0.846   730379.916
  0.935   730379.923
  1.076   730379.930
  1.060   730379.937
  1.202   730379.944
  1.075   730379.951
  1.117   730379.958
  1.267   730379.965
  1.069   730379.972
  1.256   730379.979
  1.189   730379.986
  1.230   730379.993
  1.243   730380.000
