  0.213   730379.001
  0.091   730379.001
  0.199   730379.008
  0.213   730379.014
  0.222   730379.021
  0.208   730379.029
  0.180   730379.035
  0.197   730379.042
  0.190   730379.049
  0.190   730379.056
  0.175   730379.063
  1.449   730379.070
  0.211   730379.077
  0.205   730379.084
  0.194   730379.091
  0.178   730379.098
  0.196   730379.105
  0.193   730379.112
  0.186   730379.118
  0.231   730379.125
  0.183   730379.132
  0.177   730379.139
  0.217   730379.146
  0.202   730379.154
  0.187   730379.160
  0.198   730379.167
  0.212   730379.174
  0.194   730379.181
  0.206   730379.188
  0.193   730379.195
  0.185   730379.202
  0.219   730379.209
  0.207   730379.216
  0.221   730379.223
  0.228   730379.230
  0.216   730379.237
  0.217   730379.243
  0.235   730379.250
  0.223   730379.257
  0.204   730379.264
  0.231   730379.271
  0.208   730379.279
  0.211   730379.285
  0.201   730379.292
  0.218   730379.299
  0.212   730379.306
  0.215   730379.313
  0.253   730379.320
  0.248   730379.327
  0.235   730379.334
  0.219   730379.341
  0.218   730379.348
  0.230   730379.355
  0.219   730379.362
  0.205   730379.368
  0.218   730379.375
  0.230   730379.382
  0.181   730379.389
  0.208   730379.396
  0.204   730379.404
  0.212   730379.410
  0.203   730379.417
  0.227   730379.424
  0.206   730379.431
  0.219   730379.438
  0.189   730379.445
  0.206   730379.452
  0.208   730379.459
  0.240   730379.466
  0.209   730379.473
  0.211   730379.480
  0.238   730379.487
  0.211   730379.493
  0.231   730379.500
  0.210   730379.507
  0.206   730379.514
  0.226   730379.521
  0.198   730379.529
  0.208   730379.535
  0.218   730379.542
  0.208   730379.549
  0.214   730379.556
  0.207   730379.563
  2.079   730379.570
  0.208   730379.577
  0.224   730379.584
  0.206   730379.591
  0.213   730379.598
  0.213   730379.605
  0.191   730379.612
  0.197   730379.618
  0.190   730379.625
  0.189   730379.632
  0.226   730379.639
  0.193   730379.646
  0.185   730379.654
  0.208   730379.660
  0.173   730379.667
  0.205   730379.674
  0.187   730379.681
  0.186   730379.688
  0.172   730379.695
  0.169   730379.702
  0.164   730379.709
  0.163   730379.716
  0.157   730379.723
  0.171   730379.730
  0.164   730379.737
  0.163   730379.743
  0.168   730379.750
  0.150   730379.757
  0.168   730379.765
  0.142   730379.771
  0.164   730379.779
  0.164   730379.785
  0.157   730379.792
  0.150   730379.799
  0.149   730379.806
  0.143   730379.813
  0.139   730379.821
  0.120   730379.827
  0.132   730379.834
  0.133   730379.841
  0.138   730379.848
  0.146   730379.855
  0.127   730379.862
  0.126   730379.868
  0.121   730379.875
  0.136   730379.882
  0.142   730379.889
  0.134   730379.896
  0.148   730379.904
  0.142   730379.910
  0.148   730379.917
  0.142   730379.924
  0.124   730379.931
  0.129   730379.938
  0.132   730379.945
  0.127   730379.952
  0.134   730379.959
  0.127   730379.966
  0.139   730379.973
  0.139   730379.980
  0.122   730379.987
  0.136   730379.994
