  0.236   730379.001
  0.111   730379.001
  0.218   730379.008
  0.202   730379.014
  0.221   730379.021
  0.206   730379.029
  0.184   730379.035
  0.202   730379.042
  0.239   730379.049
  0.202   730379.056
  0.227   730379.063
  0.219   730379.070
  0.228   730379.077
  0.190   730379.084
  0.200   730379.091
  0.208   730379.098
  0.223   730379.105
  0.235   730379.112
  0.271   730379.118
  0.239   730379.125
  0.250   730379.132
  0.246   730379.139
  0.235   730379.146
  0.250   730379.154
  0.237   730379.160
  0.257   730379.167
  0.262   730379.174
  0.390   730379.181
  0.290   730379.188
  0.280   730379.195
  0.271   730379.202
  0.289   730379.209
  0.251   730379.216
  0.309   730379.223
  0.306   730379.230
  0.299   730379.237
  0.303   730379.243
  0.343   730379.250
  0.341   730379.257
  0.323   730379.264
  0.319   730379.271
  0.296   730379.279
  0.347   730379.285
  0.345   730379.292
  0.333   730379.299
  0.353   730379.306
  0.366   730379.313
  0.313   730379.320
  0.354   730379.327
  0.420   730379.334
  0.386   730379.341
  0.396   730379.348
  0.397   730379.355
  0.393   730379.362
  2.988   730379.368
  0.362   730379.375
  0.375   730379.382
  0.405   730379.389
  0.405   730379.396
  0.404   730379.404
  0.393   730379.410
  0.418   730379.417
  0.395   730379.424
  0.439   730379.431
  0.383   730379.438
  0.426   730379.445
  0.440   730379.452
  0.427   730379.459
  0.460   730379.466
  0.420   730379.473
  0.434   730379.480
  0.456   730379.487
  0.497   730379.493
  0.456   730379.500
  0.483   730379.507
  0.468   730379.514
  0.421   730379.521
  0.403   730379.529
  0.502   730379.535
  0.482   730379.542
  0.475   730379.549
  0.439   730379.556
  0.555   730379.563
  0.480   730379.570
  0.478   730379.577
  0.473   730379.584
  0.430   730379.591
  0.497   730379.598
  0.460   730379.605
  0.505   730379.612
  0.487   730379.618
  0.470   730379.625
  0.475   730379.632
  0.455   730379.639
  0.401   730379.646
  0.406   730379.654
  0.425   730379.660
  0.441   730379.667
  0.440   730379.674
  0.425   730379.681
  0.434   730379.688
  0.396   730379.695
  0.449   730379.702
  0.471   730379.709
  0.462   730379.716
  0.483   730379.723
  0.456   730379.730
  0.411   730379.737
  0.479   730379.743
  0.465   730379.750
  0.495   730379.757
  0.446   730379.765
  0.452   730379.771
  0.425   730379.779
  0.526   730379.785
  0.466   730379.792
  0.479   730379.799
  0.488   730379.806
  0.442   730379.813
  0.495   730379.821
  0.426   730379.827
  0.438   730379.834
  0.467   730379.841
  0.502   730379.848
  0.454   730379.855
  0.525   730379.862
  3.174   730379.868
  0.402   730379.875
  0.479   730379.882
  0.482   730379.889
  0.540   730379.896
  0.469   730379.904
  0.464   730379.910
  0.563   730379.917
  0.499   730379.924
  0.504   730379.931
  0.470   730379.938
  0.512   730379.945
  0.481   730379.952
  0.483   730379.959
  0.606   730379.966
  0.540   730379.973
  0.448   730379.980
  0.527   730379.987
  0.459   730379.994
