  0.066   730379.000
  0.075   730379.007
  0.100   730379.014
  0.105   730379.021
  0.097   730379.028
  0.078   730379.035
  0.096   730379.042
  0.091   730379.049
  0.088   730379.055
  0.070   730379.062
  0.079   730379.070
  0.074   730379.076
  0.063   730379.083
  0.067   730379.090
  0.055   730379.097
  0.056   730379.104
  0.050   730379.111
  0.062   730379.118
  0.051   730379.125
  0.046   730379.132
  0.049   730379.139
  0.051   730379.146
  0.055   730379.153
  0.056   730379.160
  0.050   730379.167
  0.055   730379.174
  0.056   730379.180
  0.058   730379.187
  0.055   730379.195
  0.057   730379.201
  0.063   730379.208
  0.057   730379.215
  0.060   730379.222
  0.074   730379.229
  0.050   730379.236
  0.057   730379.243
  0.053   730379.250
  0.058   730379.257
  0.066   730379.264
  0.059   730379.271
  0.055   730379.278
  0.063   730379.285
  0.069   730379.292
  0.058   730379.299
  0.055   730379.306
  0.056   730379.312
  0.057   730379.320
  0.051   730379.326
  0.056   730379.333
  0.060   730379.340
  0.064   730379.347
  0.065   730379.354
  0.070   730379.361
  0.074   730379.368
  0.066   730379.375
  0.064   730379.382
  0.053   730379.389
  0.058   730379.396
  0.054   730379.403
  0.076   730379.410
  0.067   730379.417
  0.062   730379.424
  0.060   730379.431
  0.062   730379.437
  0.088   730379.445
  0.052   730379.451
  0.054   730379.458
  0.056   730379.465
  0.064   730379.472
  0.069   730379.479
  0.062   730379.486
  0.070   730379.493
  0.066   730379.500
  0.075   730379.507
  0.061   730379.514
  0.064   730379.521
  0.060   730379.528
  0.060   730379.535
  0.070   730379.542
  0.068   730379.549
  0.067   730379.555
  0.062   730379.562
  0.086   730379.570
  0.083   730379.576
  0.086   730379.583
  0.081   730379.590
  0.089   730379.597
  0.084   730379.604
  0.085   730379.611
  0.081   730379.618
  0.076   730379.625
  0.088   730379.632
  0.082   730379.639
  0.065   730379.646
  0.085   730379.653
  0.068   730379.660
  0.088   730379.667
  0.077   730379.674
  0.088   730379.681
  0.106   730379.687
  0.088   730379.695
  0.107   730379.701
  0.141   730379.708
  0.116   730379.715
  0.097   730379.722
  0.094   730379.729
  0.108   730379.736
  0.126   730379.743
  0.104   730379.750
  0.126   730379.757
  0.117   730379.764
  0.117   730379.771
  0.111   730379.778
  0.119   730379.785
  0.096   730379.792
  0.142   730379.799
  0.114   730379.806
  0.146   730379.813
  0.121   730379.820
  0.150   730379.826
  0.170   730379.833
  0.289   730379.840
  0.144   730379.847
  0.171   730379.854
  0.159   730379.861
  0.161   730379.868
  0.183   730379.875
  0.168   730379.882
  0.157   730379.889
  0.189   730379.896
  0.152   730379.903
  0.173   730379.910
  0.178   730379.917
  0.170   730379.924
  0.180   730379.931
  0.192   730379.937
  0.193   730379.945
  0.189   730379.951
  0.186   730379.958
  0.509   730379.965
  0.436   730379.972
  1.232   730379.979
  0.194   730379.986
  0.169   730379.993
