  0.051   730379.000
  0.045   730379.007
  0.063   730379.014
  0.047   730379.021
  0.046   730379.028
  0.043   730379.035
  0.048   730379.042
  0.046   730379.049
  0.054   730379.055
  0.039   730379.062
  0.048   730379.070
  0.039   730379.076
  0.047   730379.083
  0.037   730379.090
  0.047   730379.097
  0.039   730379.104
  0.047   730379.111
  0.039   730379.118
  0.047   730379.125
  0.038   730379.132
  2.800   730379.139
  0.041   730379.146
  0.047   730379.153
  0.042   730379.160
  0.043   730379.167
  0.040   730379.174
  0.043   730379.180
  0.042   730379.187
  0.042   730379.195
  0.044   730379.201
  0.039   730379.208
  0.042   730379.215
  0.039   730379.222
  0.056   730379.229
  0.038   730379.236
  0.042   730379.243
  0.042   730379.250
  0.044   730379.257
  0.038   730379.264
  0.045   730379.271
  0.035   730379.278
  0.047   730379.285
  0.035   730379.292
  0.048   730379.299
  0.034   730379.306
  0.049   730379.312
  0.036   730379.320
  0.048   730379.326
  0.039   730379.333
  0.049   730379.340
  0.038   730379.347
  0.049   730379.354
  0.037   730379.361
  0.048   730379.368
  0.038   730379.375
  0.047   730379.382
  0.029   730379.389
  0.046   730379.396
  0.040   730379.403
  0.045   730379.410
  0.034   730379.417
  0.042   730379.424
  0.037   730379.431
  0.040   730379.437
  0.081   730379.445
  0.038   730379.451
  0.038   730379.458
  0.036   730379.465
  0.042   730379.472
  0.033   730379.479
  0.043   730379.486
  0.037   730379.493
  0.045   730379.500
  0.031   730379.507
  0.047   730379.514
  0.037   730379.521
  0.047   730379.528
  0.032   730379.535
  0.049   730379.542
  0.037   730379.549
  0.049   730379.555
  0.040   730379.562
  0.049   730379.570
  0.050   730379.576
  0.055   730379.583
  0.062   730379.590
  0.053   730379.597
  0.068   730379.604
  0.056   730379.611
  0.085   730379.618
  0.054   730379.625
  0.048   730379.632
  2.782   730379.639
  0.056   730379.646
  0.066   730379.653
  0.077   730379.660
  0.057   730379.667
  0.078   730379.674
  0.054   730379.681
  0.064   730379.687
  0.050   730379.695
  0.049   730379.701
  0.069   730379.708
  0.076   730379.715
  0.064   730379.722
  0.102   730379.729
  0.100   730379.736
  0.124   730379.743
  0.165   730379.750
  0.124   730379.757
  0.182   730379.764
  0.170   730379.771
  0.298   730379.778
  0.255   730379.785
  0.194   730379.792
  0.282   730379.799
  0.262   730379.806
  0.290   730379.813
  0.260   730379.820
  0.286   730379.826
  0.319   730379.833
  0.403   730379.840
  0.423   730379.847
  0.268   730379.854
  0.427   730379.861
  0.504   730379.868
  0.400   730379.875
  0.336   730379.882
  0.395   730379.889
  0.404   730379.896
  0.414   730379.903
  0.373   730379.910
  0.342   730379.917
  0.393   730379.924
  0.423   730379.931
  0.375   730379.937
  0.423   730379.945
  0.404   730379.951
  0.349   730379.958
  1.179   730379.965
  0.817   730379.972
  0.809   730379.979
  0.464   730379.986
  0.533   730379.993
