  0.090   729994.000
  0.090   729994.000
  0.090   729994.010
  0.090   729994.020
  0.080   729994.030
  0.090   729994.060
  0.090   729994.070
  0.100   729994.070
  0.090   729994.080
  0.090   729994.090
  0.090   729994.100
  0.100   729994.100
  0.090   729994.110
  0.090   729994.120
  0.080   729994.120
  0.070   729994.150
  0.070   729994.160
  0.080   729994.160
  0.070   729994.170
  0.080   729994.180
  0.070   729994.190
  0.070   729994.190
  0.080   729994.200
  0.080   729994.210
  0.100   729994.210
  0.070   729994.220
  0.080   729994.230
  0.070   729994.230
  0.050   729994.240
  0.050   729994.250
  0.060   729994.250
  0.060   729994.260
  0.050   729994.270
  0.050   729994.280
  0.180   729994.280
  0.180   729994.290
  0.040   729994.300
  0.060   729994.300
  0.050   729994.310
  0.050   729994.320
  0.060   729994.320
  0.070   729994.330
  0.060   729994.340
  0.060   729994.350
  0.070   729994.350
  0.060   729994.360
  0.050   729994.370
  0.050   729994.370
  0.130   729994.380
  0.110   729994.390
  0.050   729994.390
  0.040   729994.400
  0.050   729994.410
  0.050   729994.410
  0.050   729994.420
  0.050   729994.430
  0.060   729994.440
  0.060   729994.440
  0.050   729994.450
  0.050   729994.460
  0.050   729994.460
  0.060   729994.470
  0.060   729994.480
  0.060   729994.480
  0.060   729994.490
  0.060   729994.500
  0.050   729994.500
  0.050   729994.510
  0.050   729994.520
  0.060   729994.530
  0.050   729994.530
  0.050   729994.540
  0.050   729994.550
  0.050   729994.550
  0.050   729994.560
  0.050   729994.570
  0.050   729994.570
  0.060   729994.580
  0.090   729994.590
  0.050   729994.600
  0.050   729994.600
  0.060   729994.610
  0.060   729994.620
  0.060   729994.620
  0.040   729994.630
  0.070   729994.640
  0.040   729994.640
  0.060   729994.650
  0.060   729994.660
  0.050   729994.660
  0.050   729994.670
  0.050   729994.670
  0.120   729994.690
  0.060   729994.690
  0.090   729994.700
  0.070   729994.710
  0.040   729994.710
  0.060   729994.720
  0.050   729994.730
  0.050   729994.730
  0.050   729994.740
  0.040   729994.750
  0.030   729994.750
  0.040   729994.760
  0.040   729994.770
  0.040   729994.780
  0.050   729994.780
  0.040   729994.790
  0.040   729994.800
  0.040   729994.800
  0.040   729994.810
  0.040   729994.820
  0.040   729994.820
  0.040   729994.830
  0.040   729994.840
  0.040   729994.850
  0.040   729994.850
  0.040   729994.860
  0.030   729994.870
  0.040   729994.870
  0.040   729994.880
  0.040   729994.890
  0.140   729994.890
  0.030   729994.900
  0.030   729994.910
  0.030   729994.910
  0.030   729994.920
  0.030   729994.930
  0.030   729994.940
  0.040   729994.940
  0.040   729994.950
  0.040   729994.960
  0.040   729994.960
  0.030   729994.970
  0.030   729994.980
  0.030   729994.980
  0.030   729994.990
