  1.420   729994.000
  1.610   729994.000
  0.930   729994.010
  0.910   729994.020
  0.840   729994.020
  0.990   729994.060
  1.040   729994.070
  0.980   729994.070
  1.080   729994.080
  1.040   729994.090
  1.040   729994.090
  1.080   729994.100
  1.060   729994.110
  1.120   729994.110
  1.040   729994.120
  0.900   729994.150
  0.820   729994.160
  0.750   729994.160
  0.730   729994.170
  0.790   729994.180
  0.710   729994.180
  0.710   729994.190
  0.760   729994.200
  0.740   729994.200
  1.050   729994.210
  0.840   729994.220
  0.790   729994.230
  0.730   729994.230
  0.710   729994.240
  0.670   729994.250
  0.640   729994.250
  0.620   729994.260
  0.650   729994.270
  0.620   729994.270
  0.650   729994.280
  0.590   729994.290
  0.620   729994.300
  0.540   729994.300
  0.650   729994.310
  0.590   729994.320
  0.610   729994.320
  0.610   729994.330
  0.570   729994.340
  0.600   729994.340
  0.600   729994.350
  0.580   729994.360
  0.560   729994.360
  0.620   729994.370
  0.610   729994.380
  0.640   729994.390
  0.580   729994.390
  0.530   729994.400
    NaN   729994.410
    NaN   729994.410
  0.580   729994.420
  0.590   729994.430
  0.610   729994.430
  0.720   729994.440
  0.650   729994.450
  0.710   729994.450
  0.610   729994.460
  0.670   729994.470
  0.670   729994.480
  0.650   729994.480
  0.620   729994.490
  0.640   729994.500
  0.660   729994.500
  0.700   729994.510
  0.660   729994.520
  0.660   729994.520
  0.580   729994.530
  0.590   729994.540
  0.570   729994.550
  0.550   729994.550
  0.530   729994.560
  0.560   729994.570
  0.580   729994.570
  0.570   729994.580
  0.740   729994.590
  0.560   729994.590
  0.530   729994.600
  0.550   729994.610
  0.540   729994.620
  0.510   729994.630
  0.560   729994.640
  0.550   729994.640
  0.530   729994.650
  0.600   729994.660
  0.630   729994.660
  0.530   729994.670
  0.560   729994.670
  0.490   729994.690
  0.490   729994.700
  0.470   729994.700
  0.460   729994.710
  0.490   729994.720
  0.550   729994.730
  0.530   729994.730
  0.940   729994.740
  0.590   729994.750
  0.600   729994.750
  0.590   729994.760
  0.540   729994.770
  0.540   729994.770
  0.520   729994.780
  0.560   729994.790
  0.580   729994.800
  0.560   729994.800
  0.580   729994.810
  0.530   729994.820
  0.560   729994.820
  0.570   729994.830
  0.560   729994.840
  0.560   729994.840
  0.550   729994.850
  0.490   729994.860
  0.580   729994.860
  0.610   729994.870
  0.540   729994.880
  0.500   729994.890
  2.010   729994.890
  1.710   729994.900
    NaN   729994.910
    NaN   729994.910
  0.570   729994.920
  0.580   729994.930
  0.580   729994.930
  0.550   729994.940
  0.600   729994.950
  0.610   729994.950
  0.610   729994.960
  0.590   729994.970
  0.580   729994.980
  0.540   729994.980
  0.600   729994.990
