  0.710   730024.000
  0.770   730024.000
  0.850   730024.010
  0.910   730024.020
  0.830   730024.030
  0.880   730024.030
  0.980   730024.040
  0.980   730024.050
  0.920   730024.050
  0.890   730024.060
  0.930   730024.070
  0.920   730024.070
  0.850   730024.080
  0.820   730024.090
  0.950   730024.100
  0.930   730024.100
  0.910   730024.110
  0.810   730024.120
  0.870   730024.120
  0.900   730024.130
  0.870   730024.140
  0.780   730024.140
  0.740   730024.150
  0.760   730024.160
  0.790   730024.160
  0.840   730024.170
  0.710   730024.180
  0.740   730024.190
  0.700   730024.190
  0.680   730024.200
  0.650   730024.210
  0.640   730024.210
  0.600   730024.220
  0.630   730024.230
  0.670   730024.230
  0.580   730024.240
  0.520   730024.250
  0.560   730024.250
  0.590   730024.260
  0.610   730024.270
  0.530   730024.280
  0.490   730024.280
  0.490   730024.290
  0.470   730024.300
  1.080   730024.300
  0.470   730024.310
  0.420   730024.320
  0.400   730024.320
  0.410   730024.330
  0.430   730024.340
  0.360   730024.350
  0.330   730024.350
  0.340   730024.360
  0.320   730024.370
  0.350   730024.370
  0.340   730024.380
  0.300   730024.390
  0.300   730024.390
  0.300   730024.400
  0.310   730024.410
  0.300   730024.410
  0.320   730024.420
  0.280   730024.430
  0.340   730024.440
  0.330   730024.440
  0.310   730024.450
  0.320   730024.460
  0.310   730024.460
  0.290   730024.470
  0.300   730024.480
  0.310   730024.480
  0.290   730024.490
  0.330   730024.500
  0.320   730024.500
  0.310   730024.510
  0.330   730024.520
  0.310   730024.530
  0.310   730024.530
  0.360   730024.540
  0.340   730024.550
  0.310   730024.550
  0.290   730024.560
  0.320   730024.570
  0.320   730024.570
  0.320   730024.580
  0.280   730024.590
  0.310   730024.600
  0.300   730024.600
  0.290   730024.610
  0.320   730024.620
  0.320   730024.620
  0.370   730024.630
  0.460   730024.640
  0.490   730024.640
  0.540   730024.650
  0.540   730024.660
  0.580   730024.660
  0.580   730024.670
  0.620   730024.680
  0.580   730024.690
  0.550   730024.690
  0.550   730024.700
  0.530   730024.710
  0.510   730024.710
  0.550   730024.720
  0.540   730024.730
  0.600   730024.730
  0.660   730024.740
  0.640   730024.750
  0.580   730024.750
  0.630   730024.760
  0.640   730024.770
  0.630   730024.780
  0.620   730024.780
  0.600   730024.790
  0.540   730024.800
  0.520   730024.800
  0.560   730024.810
  0.530   730024.820
  0.470   730024.820
  0.470   730024.830
  0.490   730024.840
  0.440   730024.850
  0.460   730024.850
  0.430   730024.860
  0.430   730024.870
  0.380   730024.870
  0.360   730024.880
  0.360   730024.890
  0.370   730024.890
  0.350   730024.900
  0.380   730024.910
  0.370   730024.910
  0.370   730024.920
  0.420   730024.930
  0.430   730024.940
  0.520   730024.940
  0.570   730024.950
  0.550   730024.960
  0.540   730024.960
  0.560   730024.970
  0.640   730024.980
  0.690   730024.980
  0.680   730024.990
