  0.480   730024.000
  0.410   730024.000
  0.380   730024.010
  0.400   730024.020
  0.410   730024.020
  0.430   730024.030
  0.440   730024.040
  0.410   730024.050
  0.410   730024.050
  0.370   730024.060
  3.050   730024.070
  2.520   730024.070
  0.370   730024.080
  0.420   730024.090
  0.410   730024.090
  0.410   730024.100
  0.390   730024.110
  0.380   730024.110
  0.370   730024.120
  0.420   730024.130
  0.430   730024.140
  0.430   730024.140
  0.440   730024.150
  0.450   730024.160
  0.400   730024.160
  0.440   730024.170
  0.400   730024.180
  0.410   730024.180
  0.420   730024.190
  0.430   730024.200
  0.410   730024.200
  0.420   730024.210
  0.420   730024.220
  0.440   730024.230
  0.430   730024.230
  0.390   730024.240
  0.460   730024.250
  0.420   730024.250
  0.400   730024.260
  0.460   730024.270
  0.430   730024.270
  0.410   730024.280
  0.410   730024.290
  0.430   730024.300
  0.450   730024.300
  0.450   730024.310
  0.420   730024.320
  0.410   730024.320
  0.460   730024.330
  0.450   730024.340
  0.430   730024.340
  0.420   730024.350
  0.400   730024.360
  0.390   730024.360
  0.410   730024.370
  0.450   730024.380
  0.420   730024.390
  0.430   730024.390
  0.410   730024.400
  0.420   730024.410
  0.400   730024.410
  0.380   730024.420
  0.430   730024.430
  0.430   730024.430
  0.390   730024.440
  0.390   730024.450
  0.450   730024.450
  0.380   730024.460
    NaN   730024.470
    NaN   730024.480
  0.380   730024.480
  0.370   730024.490
  0.380   730024.500
  0.400   730024.500
  0.400   730024.510
  0.390   730024.520
  0.410   730024.520
  0.390   730024.530
  0.400   730024.540
  0.400   730024.550
  0.390   730024.550
  0.380   730024.560
  0.390   730024.570
  0.390   730024.570
  0.380   730024.580
  0.370   730024.590
  0.330   730024.590
  0.350   730024.600
  0.360   730024.610
  0.380   730024.610
  0.390   730024.620
  0.360   730024.630
  0.350   730024.640
  0.370   730024.640
  0.400   730024.650
  0.380   730024.660
  0.370   730024.660
  0.390   730024.670
  0.340   730024.680
  0.360   730024.680
  0.330   730024.690
  0.360   730024.700
  0.330   730024.700
  0.370   730024.710
  0.380   730024.720
  0.340   730024.730
  0.370   730024.730
  0.340   730024.740
  0.360   730024.750
  0.360   730024.750
  0.400   730024.760
  0.370   730024.770
  0.350   730024.770
  0.360   730024.780
  0.380   730024.790
  0.350   730024.800
  0.350   730024.800
  0.390   730024.810
  0.340   730024.820
  0.350   730024.820
  0.380   730024.830
  0.340   730024.840
  0.370   730024.840
  0.370   730024.850
  0.370   730024.860
  0.340   730024.860
  0.370   730024.870
  0.330   730024.880
  0.370   730024.890
  0.390   730024.890
  0.330   730024.900
  0.360   730024.910
  2.610   730024.910
  0.330   730024.920
  0.360   730024.930
  0.350   730024.930
  0.330   730024.940
  0.350   730024.950
  0.370   730024.950
  0.350   730024.960
    NaN   730024.970
    NaN   730024.980
  0.350   730024.980
  0.350   730024.990
