  0.000   730075.000
  0.000   730075.007
  0.000   730075.014
  0.000   730075.021
  0.000   730075.028
  0.000   730075.035
  0.000   730075.042
  0.000   730075.049
  0.000   730075.056
  0.000   730075.062
  0.000   730075.069
  0.000   730075.076
  0.000   730075.083
  0.000   730075.090
  0.000   730075.097
  0.279   730075.104
  2.925   730075.111
  1.233   730075.118
  1.188   730075.125
  0.926   730075.132
  0.923   730075.139
  1.107   730075.146
  1.200   730075.153
  2.735   730075.160
  0.000   730075.167
  0.000   730075.174
  0.000   730075.181
  2.317   730075.188
  1.173   730075.194
  1.253   730075.201
  2.762   730075.208
  0.000   730075.215
  0.000   730075.222
  0.000   730075.229
  0.000   730075.240
  0.000   730075.243
  0.000   730075.250
  0.000   730075.264
  0.000   730075.271
  0.000   730075.278
  3.120   730075.285
  0.000   730075.292
  0.000   730075.299
  2.454   730075.306
  2.079   730075.312
  1.446   730075.319
  1.284   730075.326
  1.199   730075.333
  1.486   730075.340
  1.192   730075.347
  0.930   730075.354
  1.040   730075.361
  1.084   730075.368
  1.239   730075.375
  1.131   730075.382
  0.934   730075.389
  1.036   730075.396
  1.159   730075.403
  1.166   730075.410
  1.038   730075.417
  0.984   730075.424
  0.915   730075.431
  1.001   730075.438
  1.161   730075.444
  1.215   730075.451
  1.338   730075.458
  0.000   730075.465
  0.535   730075.472
  1.216   730075.479
  1.209   730075.486
  1.255   730075.493
  1.216   730075.500
  1.408   730075.507
  2.691   730075.514
  0.000   730075.521
  0.000   730075.528
  0.000   730075.535
  0.000   730075.542
  0.000   730075.549
  0.000   730075.556
  0.000   730075.562
  0.000   730075.569
  0.000   730075.576
  0.000   730075.583
  0.000   730075.590
  0.000   730075.597
  0.000   730075.604
  0.000   730075.611
  0.000   730075.618
  0.000   730075.625
  0.000   730075.632
  0.000   730075.639
  0.000   730075.646
  0.000   730075.653
  0.000   730075.660
  0.000   730075.667
  0.000   730075.674
  0.000   730075.681
  0.000   730075.688
  0.000   730075.694
  0.000   730075.701
  0.000   730075.722
  0.000   730075.729
  0.000   730075.736
  0.000   730075.743
  0.000   730075.750
  0.000   730075.757
  0.000   730075.764
  0.000   730075.778
  1.535   730075.785
  0.711   730075.792
  1.489   730075.799
  0.740   730075.806
  0.196   730075.822
  0.211   730075.827
  0.241   730075.833
  0.219   730075.840
  0.223   730075.849
  0.232   730075.856
  0.199   730075.863
  0.372   730075.869
  0.271   730075.876
  0.293   730075.883
  0.200   730075.890
  0.226   730075.897
  0.193   730075.904
  0.190   730075.911
  0.184   730075.918
  0.207   730075.925
  0.175   730075.932
  0.148   730075.939
  0.166   730075.944
  0.169   730075.951
  0.157   730075.958
  0.195   730075.965
  0.182   730075.972
  0.189   730075.979
  0.193   730075.986
  0.209   730075.993
