  4.105   730075.782
  3.352   730075.787
  3.761   730075.793
  2.483   730075.800
  3.391   730075.807
  2.675   730075.823
  3.229   730075.828
  3.246   730075.835
  3.322   730075.842
  3.356   730075.852
  3.595   730075.860
  3.512   730075.866
  3.179   730075.874
  3.236   730075.881
  3.714   730075.887
  2.823   730075.894
  3.628   730075.901
  3.625   730075.908
  3.158   730075.915
  2.483   730075.922
  3.377   730075.928
    NaN   730075.935
  3.556   730075.941
  3.687   730075.946
  3.644   730075.953
  3.922   730075.960
  3.936   730075.967
  3.426   730075.974
  2.539   730075.981
  3.266   730075.988
  3.557   730075.994
