  0.633   730075.001
  0.612   730075.008
  0.648   730075.015
  0.611   730075.022
  0.657   730075.028
  0.710   730075.035
  0.679   730075.042
  0.681   730075.049
  0.655   730075.056
  0.678   730075.063
  0.716   730075.070
  0.679   730075.077
  0.699   730075.084
  0.676   730075.091
  0.844   730075.098
  0.658   730075.105
  0.746   730075.112
  0.643   730075.119
  0.681   730075.126
  0.665   730075.133
  0.840   730075.140
  0.736   730075.147
  0.764   730075.153
  0.701   730075.160
  0.726   730075.167
  0.820   730075.174
  0.796   730075.181
  0.794   730075.188
  0.766   730075.195
  0.779   730075.202
  0.813   730075.209
  0.832   730075.216
  0.892   730075.223
  0.790   730075.230
  0.835   730075.240
  0.854   730075.244
  0.885   730075.251
  0.898   730075.265
  0.782   730075.272
  0.952   730075.278
  0.808   730075.285
  0.898   730075.292
  0.902   730075.299
  0.816   730075.306
  0.905   730075.313
  0.962   730075.320
  0.964   730075.327
  0.963   730075.334
  0.952   730075.341
  1.026   730075.348
  0.972   730075.355
  0.955   730075.362
  1.163   730075.369
  1.008   730075.376
  0.945   730075.383
  1.239   730075.390
  1.127   730075.397
  1.223   730075.403
    NaN   730075.410
  1.164   730075.417
  1.014   730075.424
  1.074   730075.431
  1.176   730075.438
  1.211   730075.445
  1.072   730075.452
  1.127   730075.459
  1.109   730075.466
  1.147   730075.473
  1.143   730075.480
  1.215   730075.487
  1.185   730075.494
  1.338   730075.501
  1.195   730075.508
  1.440   730075.515
  1.256   730075.522
  1.284   730075.528
  1.336   730075.535
  1.325   730075.542
  1.360   730075.549
  1.439   730075.556
  1.566   730075.563
  1.375   730075.570
  1.559   730075.577
  1.413   730075.584
  1.471   730075.591
  1.600   730075.598
  1.602   730075.605
  1.385   730075.612
  1.278   730075.619
  1.459   730075.626
  1.414   730075.633
  1.256   730075.640
  1.372   730075.647
  1.066   730075.653
  1.206   730075.660
  1.369   730075.667
  1.223   730075.674
  1.108   730075.681
  1.217   730075.688
  1.266   730075.695
  1.176   730075.702
  1.113   730075.723
  1.114   730075.730
  1.131   730075.737
  1.037   730075.744
  1.091   730075.751
  0.905   730075.758
  0.972   730075.765
  0.894   730075.778
  1.004   730075.785
  0.940   730075.792
  0.924   730075.799
  0.948   730075.806
  0.975   730075.822
  0.861   730075.827
  0.870   730075.834
  0.891   730075.841
  0.894   730075.849
  0.899   730075.856
  0.906   730075.863
  0.860   730075.870
  0.925   730075.877
  0.769   730075.884
  0.733   730075.891
  0.851   730075.898
  0.954   730075.905
    NaN   730075.912
  0.778   730075.919
  0.849   730075.926
  0.833   730075.933
  0.797   730075.940
  0.760   730075.945
  0.830   730075.952
  0.755   730075.959
  0.813   730075.966
  0.795   730075.973
  0.819   730075.980
  0.725   730075.987
  0.728   730075.994
