 19.840   729952.000
 22.100   729952.000
 22.380   729952.010
 19.790   729952.020
 23.210   729952.030
 24.500   729952.030
 24.830   729952.040
 27.440   729952.050
 26.060   729952.050
 23.730   729952.060
 23.710   729952.070
 24.460   729952.070
 25.000   729952.080
 23.620   729952.090
 23.550   729952.100
 24.760   729952.100
 20.630   729952.110
 23.410   729952.120
 24.990   729952.120
 22.020   729952.130
 22.940   729952.140
 23.780   729952.140
 23.830   729952.150
 21.950   729952.160
 23.080   729952.160
 23.120   729952.170
 22.320   729952.180
 21.120   729952.190
 19.850   729952.190
 21.770   729952.200
 21.470   729952.210
 20.730   729952.210
 19.310   729952.220
 19.930   729952.230
 21.180   729952.230
 19.330   729952.240
 19.110   729952.250
 18.410   729952.250
 17.520   729952.260
 18.660   729952.270
 16.340   729952.280
 16.870   729952.280
 16.060   729952.290
 16.370   729952.300
 15.990   729952.300
 15.160   729952.310
 14.700   729952.320
 15.990   729952.320
 16.740   729952.330
 15.180   729952.340
 15.070   729952.350
 15.280   729952.350
 14.880   729952.360
 14.150   729952.370
 14.120   729952.370
 15.140   729952.380
 15.520   729952.390
 15.390   729952.390
 16.120   729952.400
 14.380   729952.410
 15.130   729952.410
 16.220   729952.420
 15.980   729952.430
 15.640   729952.440
 14.360   729952.440
 13.260   729952.450
 13.540   729952.460
 13.690   729952.460
 11.150   729952.470
 12.300   729952.480
 13.150   729952.480
 12.180   729952.490
 31.320   729952.500
 45.360   729952.500
 12.490   729952.510
 13.010   729952.520
 12.830   729952.530
 13.460   729952.530
 14.510   729952.540
 12.260   729952.550
 14.490   729952.550
 14.090   729952.560
 12.570   729952.570
 13.820   729952.570
 15.650   729952.580
 14.620   729952.590
 15.010   729952.600
 15.380   729952.600
 14.980   729952.610
 15.850   729952.620
 13.890   729952.620
 15.290   729952.630
 15.460   729952.640
 15.490   729952.640
 14.800   729952.650
 12.920   729952.660
 13.750   729952.660
 13.810   729952.670
 13.530   729952.680
 13.600   729952.690
 13.550   729952.690
 12.520   729952.700
 12.620   729952.710
 13.340   729952.710
 12.780   729952.720
 12.560   729952.730
 11.920   729952.730
  9.830   729952.740
 10.280   729952.750
  9.320   729952.750
  8.950   729952.760
  9.270   729952.770
  9.660   729952.780
  8.440   729952.780
  8.100   729952.790
  8.790   729952.800
  9.180   729952.800
  9.180   729952.810
  9.520   729952.820
  7.830   729952.830
  7.810   729952.830
  8.180   729952.840
  7.810   729952.850
  7.900   729952.850
  7.380   729952.860
  6.960   729952.870
  6.950   729952.870
    NaN   729952.880
  6.100   729952.890
  6.350   729952.890
  6.900   729952.900
  6.560   729952.910
  6.610   729952.910
  6.840   729952.920
  6.130   729952.930
  5.490   729952.940
  5.170   729952.940
  5.940   729952.950
  5.830   729952.960
  6.230   729952.960
  6.120   729952.970
  6.920   729952.980
  7.030   729952.980
  4.650   729952.990
