  0.240   729952.000
  0.270   729952.000
  0.250   729952.010
  0.280   729952.020
  0.310   729952.020
  0.260   729952.030
  0.300   729952.040
  0.270   729952.050
  0.260   729952.050
  0.260   729952.060
  0.240   729952.070
  0.260   729952.070
  0.260   729952.080
  0.230   729952.090
  0.260   729952.090
  0.260   729952.100
  0.250   729952.110
  0.270   729952.110
  0.290   729952.120
  0.260   729952.130
  0.250   729952.140
  0.250   729952.140
  0.270   729952.150
  0.230   729952.160
  0.250   729952.160
  0.240   729952.170
  0.230   729952.180
  0.250   729952.180
  0.280   729952.190
  0.240   729952.200
  0.260   729952.200
  0.290   729952.210
  0.240   729952.220
  0.240   729952.230
  0.240   729952.230
  0.240   729952.240
  0.330   729952.250
  0.330   729952.250
  0.300   729952.260
  0.350   729952.270
  0.220   729952.270
  0.260   729952.280
  0.250   729952.290
  0.240   729952.300
  0.280   729952.300
  0.260   729952.310
  0.240   729952.320
  0.280   729952.320
  0.260   729952.330
  0.230   729952.340
  0.230   729952.340
  0.270   729952.350
  0.220   729952.360
  0.240   729952.360
  0.270   729952.370
  0.260   729952.380
  0.290   729952.390
  0.250   729952.390
  0.300   729952.400
  0.280   729952.410
  0.260   729952.410
  0.300   729952.420
  0.300   729952.430
  0.270   729952.430
  0.290   729952.440
  0.290   729952.450
  0.300   729952.450
  0.310   729952.460
    NaN   729952.470
    NaN   729952.480
  0.290   729952.480
  0.310   729952.490
  0.650   729952.500
  0.660   729952.500
  0.280   729952.510
  0.330   729952.520
  0.310   729952.520
  0.300   729952.530
  0.300   729952.540
  0.310   729952.550
  0.290   729952.550
  0.330   729952.560
  0.320   729952.570
  0.350   729952.570
  0.330   729952.580
  0.310   729952.590
  0.320   729952.590
  0.340   729952.600
  0.320   729952.610
  0.310   729952.610
  0.290   729952.620
  0.340   729952.630
  0.340   729952.640
  0.310   729952.640
  0.300   729952.650
  0.310   729952.660
  0.320   729952.660
  0.350   729952.670
  0.300   729952.680
  0.340   729952.680
  0.320   729952.690
  0.290   729952.700
  0.330   729952.700
  0.350   729952.710
  0.320   729952.720
  0.320   729952.730
  0.320   729952.730
  0.350   729952.740
  0.350   729952.750
  0.360   729952.750
  0.370   729952.760
  0.350   729952.770
  0.350   729952.770
  0.340   729952.780
  0.310   729952.790
  0.330   729952.800
  0.360   729952.800
  0.390   729952.810
  0.370   729952.820
  0.390   729952.820
  0.390   729952.830
  0.390   729952.840
  0.370   729952.840
  0.350   729952.850
  0.400   729952.860
  0.380   729952.860
  0.350   729952.870
  0.380   729952.880
  0.390   729952.890
  0.360   729952.890
  0.350   729952.900
  0.420   729952.910
  0.500   729952.910
  0.370   729952.920
  0.380   729952.930
  0.370   729952.930
  0.390   729952.940
  0.380   729952.950
  0.380   729952.950
  0.400   729952.960
    NaN   729952.970
    NaN   729952.980
  0.400   729952.980
  0.380   729952.990
