  0.630   729950.000
  0.640   729950.000
  0.700   729950.010
  0.670   729950.020
  0.630   729950.040
  0.640   729950.050
  0.650   729950.060
  0.690   729950.070
  0.740   729950.070
  0.730   729950.080
  0.640   729950.090
  0.700   729950.110
  0.690   729950.120
  0.560   729950.130
  0.670   729950.140
  0.690   729950.140
  0.600   729950.150
  0.660   729950.160
  0.620   729950.160
  0.610   729950.170
  0.640   729950.180
  0.630   729950.180
  0.580   729950.190
  0.550   729950.200
  0.650   729950.200
  0.540   729950.210
  0.570   729950.220
  0.590   729950.230
  0.650   729950.230
  0.690   729950.240
  0.680   729950.250
  0.710   729950.250
  0.610   729950.260
  0.740   729950.270
  0.700   729950.270
  0.570   729950.300
  0.560   729950.300
  0.530   729950.310
  0.600   729950.320
  0.580   729950.320
  0.570   729950.330
  0.550   729950.340
  0.620   729950.340
  0.610   729950.350
  0.570   729950.360
  0.580   729950.360
  0.590   729950.370
  0.570   729950.380
  0.580   729950.390
  0.590   729950.390
  0.540   729950.400
  0.590   729950.410
  0.560   729950.410
  0.680   729950.420
  0.570   729950.430
  0.580   729950.430
  0.560   729950.440
  0.600   729950.450
  0.630   729950.450
  0.630   729950.460
  0.650   729950.470
  0.650   729950.480
  0.640   729950.480
  0.570   729950.490
  0.570   729950.500
  0.590   729950.500
  0.560   729950.510
  0.580   729950.520
  0.570   729950.520
  0.590   729950.530
  0.600   729950.540
  0.590   729950.550
  0.600   729950.550
  0.630   729950.560
  0.600   729950.570
  0.670   729950.570
  0.580   729950.580
  0.600   729950.590
  0.650   729950.590
  0.520   729950.600
  0.490   729950.610
  0.630   729950.610
  0.580   729950.620
  0.580   729950.630
  0.620   729950.640
  0.570   729950.640
  0.550   729950.650
  0.530   729950.660
  0.600   729950.660
  0.510   729950.670
  0.500   729950.680
  0.550   729950.680
  0.540   729950.690
  0.500   729950.700
  0.500   729950.700
  0.520   729950.710
  0.500   729950.720
  0.420   729950.730
  0.430   729950.730
  0.420   729950.740
  0.450   729950.750
  0.470   729950.750
  0.430   729950.760
  0.420   729950.770
  0.430   729950.770
  0.400   729950.780
  0.370   729950.790
  0.430   729950.800
  0.460   729950.800
  0.400   729950.810
  0.390   729950.820
  0.410   729950.820
  0.420   729950.830
  0.460   729950.840
  0.410   729950.840
  0.460   729950.850
  0.440   729950.860
    NaN   729950.860
    NaN   729950.870
  0.480   729950.880
  0.460   729950.890
  0.500   729950.890
  0.440   729950.900
  0.480   729950.910
  0.480   729950.910
  0.500   729950.920
  0.530   729950.930
  0.490   729950.930
  0.480   729950.940
  0.470   729950.950
  0.640   729950.950
  0.510   729950.960
  0.510   729950.970
  0.520   729950.980
  0.520   729950.980
  0.470   729950.990
