  1.530   729950.000
  0.560   729950.000
  1.140   729950.010
  1.360   729950.020
  0.720   729950.040
  0.430   729950.050
  0.400   729950.050
  0.390   729950.060
  0.950   729950.070
  0.440   729950.070
  1.190   729950.070
  1.340   729950.080
  0.410   729950.090
  1.240   729950.110
  0.420   729950.120
  0.920   729950.130
  1.240   729950.140
  1.180   729950.140
  1.530   729950.150
  0.530   729950.160
  0.470   729950.160
  0.940   729950.170
  1.290   729950.180
  1.150   729950.180
  1.040   729950.190
  1.460   729950.200
  0.680   729950.200
  1.010   729950.210
  1.220   729950.220
  1.390   729950.230
  1.030   729950.230
  1.010   729950.240
  1.400   729950.250
  1.610   729950.250
  1.840   729950.260
  1.540   729950.270
  1.780   729950.270
  0.790   729950.300
  0.540   729950.300
  0.700   729950.310
  1.030   729950.320
  0.600   729950.320
  0.650   729950.330
  0.810   729950.340
  0.940   729950.340
  0.580   729950.350
  0.580   729950.360
  0.580   729950.360
  0.770   729950.370
  0.820   729950.380
  0.560   729950.390
  0.600   729950.390
  0.540   729950.400
    NaN   729950.410
    NaN   729950.410
  0.590   729950.420
  0.550   729950.430
  0.560   729950.430
  0.580   729950.440
  0.800   729950.450
  0.600   729950.450
  0.560   729950.460
  0.940   729950.470
  0.930   729950.480
  0.560   729950.480
  0.540   729950.490
  0.580   729950.500
  0.540   729950.500
  0.540   729950.510
  0.530   729950.520
  0.510   729950.520
  0.500   729950.530
  0.500   729950.540
  0.520   729950.550
  0.610   729950.550
  0.530   729950.560
  0.530   729950.570
  0.880   729950.570
  0.880   729950.580
  0.920   729950.590
  0.660   729950.590
  0.840   729950.600
  0.490   729950.610
  0.790   729950.610
  0.730   729950.620
  0.530   729950.630
  0.670   729950.640
  0.810   729950.640
  0.530   729950.650
  0.850   729950.660
  0.900   729950.660
  0.890   729950.670
  0.500   729950.680
  0.400   729950.680
  0.680   729950.690
  0.500   729950.700
  0.540   729950.700
  0.450   729950.710
  0.450   729950.720
  0.520   729950.730
  0.460   729950.730
  0.610   729950.740
  0.480   729950.750
  0.480   729950.750
  0.470   729950.760
  0.430   729950.770
  0.570   729950.770
  0.440   729950.780
  0.480   729950.790
  0.510   729950.800
  0.440   729950.800
  0.920   729950.810
  0.820   729950.820
  0.520   729950.820
  0.460   729950.830
  0.440   729950.840
  0.840   729950.840
  0.460   729950.850
  0.460   729950.860
  0.460   729950.860
  0.390   729950.870
  0.450   729950.880
  0.730   729950.890
  0.410   729950.890
  0.400   729950.900
    NaN   729950.910
    NaN   729950.910
  0.430   729950.920
  0.410   729950.930
  0.520   729950.930
  0.720   729950.940
  1.060   729950.950
  1.310   729950.950
  1.190   729950.960
  1.090   729950.970
  0.400   729950.980
  0.700   729950.980
  0.440   729950.990
