  1.430   729950.000
  1.210   729950.000
  1.250   729950.010
  1.380   729950.020
  1.100   729950.040
  1.120   729950.050
  1.240   729950.050
  1.150   729950.060
  1.280   729950.070
  2.210   729950.070
  1.470   729950.070
  1.560   729950.080
  1.260   729950.090
  2.220   729950.110
  1.510   729950.120
  1.620   729950.130
  1.670   729950.140
  1.410   729950.140
  1.870   729950.150
  1.820   729950.160
  1.500   729950.160
  2.330   729950.170
  2.030   729950.180
  2.620   729950.180
  2.530   729950.190
  2.260   729950.200
  2.210   729950.200
  2.200   729950.210
  2.130   729950.220
  2.130   729950.230
  2.080   729950.230
  2.090   729950.240
  2.350   729950.250
  2.900   729950.250
  2.330   729950.260
  2.220   729950.270
  2.370   729950.270
  2.000   729950.300
  1.770   729950.300
  2.160   729950.310
  1.920   729950.320
    NaN   729950.320
  1.820   729950.330
  2.100   729950.340
  1.930   729950.340
  1.910   729950.350
  1.780   729950.360
  1.810   729950.360
  2.250   729950.370
  2.480   729950.380
  1.870   729950.390
  1.860   729950.390
  2.480   729950.400
  1.450   729950.410
  1.860   729950.410
  2.210   729950.420
  2.210   729950.430
  1.820   729950.430
  1.650   729950.440
  1.750   729950.450
  1.830   729950.450
  1.740   729950.460
  1.670   729950.470
  1.800   729950.480
  1.980   729950.480
  1.930   729950.490
  1.730   729950.500
  1.670   729950.500
  1.700   729950.510
  1.700   729950.520
  1.710   729950.520
  1.710   729950.530
  1.450   729950.540
  1.440   729950.550
  1.520   729950.550
  1.530   729950.560
  1.580   729950.570
  1.340   729950.570
  1.480   729950.580
  1.600   729950.590
  1.480   729950.590
  1.510   729950.600
  1.630   729950.610
  2.010   729950.610
  1.540   729950.620
  1.490   729950.630
  1.340   729950.640
  1.540   729950.640
  1.480   729950.650
  1.540   729950.660
  1.420   729950.660
  1.320   729950.670
  1.410   729950.680
  1.470   729950.680
  1.490   729950.690
  1.370   729950.700
  1.350   729950.700
  1.860   729950.710
  1.330   729950.720
  1.460   729950.730
  1.430   729950.730
  1.370   729950.740
  1.360   729950.750
  1.400   729950.750
  1.350   729950.760
  1.340   729950.770
  1.350   729950.770
  1.490   729950.780
  1.260   729950.790
  2.240   729950.800
  1.450   729950.800
  1.640   729950.810
  1.410   729950.820
    NaN   729950.820
  2.170   729950.830
  1.320   729950.840
  1.350   729950.840
  1.490   729950.850
  1.930   729950.860
  1.370   729950.860
  1.200   729950.870
  1.200   729950.880
  1.240   729950.890
  1.220   729950.890
  1.380   729950.900
  1.450   729950.910
  1.400   729950.910
  1.280   729950.920
  1.310   729950.930
  1.290   729950.930
  1.300   729950.940
  1.330   729950.950
 11.300   729950.950
  2.200   729950.960
  1.320   729950.970
  1.410   729950.980
  1.490   729950.980
  1.200   729950.990
