  0.031   730358.000
  0.065   730358.007
  0.056   730358.014
  0.030   730358.021
  0.030   730358.028
  0.034   730358.035
  0.029   730358.042
  0.033   730358.049
  0.047   730358.055
  2.529   730358.063
  0.117   730358.069
  0.033   730358.076
  0.034   730358.083
  0.027   730358.090
  0.028   730358.097
  0.028   730358.104
  0.029   730358.111
  1.900   730358.118
  0.030   730358.125
  0.028   730358.132
  0.032   730358.139
  0.030   730358.146
  0.033   730358.153
  0.030   730358.160
  0.035   730358.167
  0.033   730358.174
  0.030   730358.181
  0.029   730358.188
  0.028   730358.194
  0.031   730358.201
  0.032   730358.208
  0.035   730358.215
  0.029   730358.222
  0.030   730358.229
  0.033   730358.236
  0.033   730358.243
  0.035   730358.250
  0.027   730358.257
  0.030   730358.264
  0.034   730358.271
  0.032   730358.278
  0.031   730358.285
  0.030   730358.292
  0.031   730358.299
  0.031   730358.306
  0.032   730358.313
  0.031   730358.319
  0.033   730358.326
  0.061   730358.333
  0.032   730358.340
  0.039   730358.347
  0.035   730358.354
  0.031   730358.361
  0.035   730358.368
  0.032   730358.375
  0.034   730358.382
  0.036   730358.389
  0.033   730358.396
  0.036   730358.403
  0.041   730358.410
  0.035   730358.417
  0.035   730358.424
  0.046   730358.431
  0.040   730358.438
  0.059   730358.444
  0.039   730358.451
  0.038   730358.458
  0.038   730358.465
  0.033   730358.472
  0.036   730358.479
  0.036   730358.486
  0.034   730358.493
  0.036   730358.500
  0.036   730358.507
  0.029   730358.514
  0.031   730358.521
  0.036   730358.528
  0.035   730358.535
  0.037   730358.542
  0.034   730358.549
  0.036   730358.556
  0.039   730358.563
  0.034   730358.569
  0.032   730358.576
  0.039   730358.583
  0.036   730358.590
  0.035   730358.597
  0.037   730358.604
  0.036   730358.611
  1.846   730358.618
  0.035   730358.625
  0.032   730358.632
  0.033   730358.639
  0.035   730358.646
  0.033   730358.653
  0.039   730358.660
  0.035   730358.667
  0.033   730358.674
  0.033   730358.681
  0.035   730358.688
  0.029   730358.695
  0.031   730358.701
  0.033   730358.708
  0.032   730358.715
  0.030   730358.722
  0.062   730358.729
  0.043   730358.736
  0.093   730358.743
  0.035   730358.750
  0.032   730358.757
  0.036   730358.764
  0.032   730358.771
  0.029   730358.778
  0.037   730358.785
  0.032   730358.792
  0.038   730358.799
  0.030   730358.806
  0.031   730358.813
  0.032   730358.819
  0.032   730358.826
  0.030   730358.833
  0.033   730358.840
  0.027   730358.847
  0.059   730358.854
  0.033   730358.861
  0.031   730358.868
  0.029   730358.875
  0.031   730358.882
  0.031   730358.889
  0.031   730358.896
  0.036   730358.903
  0.042   730358.910
  0.040   730358.917
  0.031   730358.924
  0.032   730358.931
  0.033   730358.938
  0.033   730358.944
  0.034   730358.951
  0.037   730358.958
  0.035   730358.965
  0.032   730358.972
  0.030   730358.979
  0.033   730358.986
  0.032   730358.993
