  0.381   730358.006
  0.047   730358.006
  0.317   730358.006
  0.377   730358.013
  0.246   730358.013
  0.314   730358.020
  0.343   730358.027
  0.290   730358.034
  0.078   730358.041
  0.433   730358.041
  0.342   730358.048
  0.594   730358.055
  2.963   730358.062
  2.655   730358.062
  1.703   730358.069
  0.365   730358.076
  0.296   730358.083
  0.450   730358.090
  0.256   730358.090
  0.309   730358.097
  0.305   730358.104
  0.322   730358.110
  0.144   730358.117
  0.363   730358.117
  0.283   730358.124
  0.311   730358.131
  0.309   730358.138
  0.089   730358.138
  0.299   730358.145
  0.304   730358.152
  0.343   730358.159
  0.250   730358.166
  0.194   730358.166
  0.346   730358.173
  0.336   730358.180
  0.309   730358.187
  0.186   730358.194
  0.347   730358.194
  0.269   730358.201
  0.313   730358.208
  0.326   730358.215
  0.175   730358.215
  0.308   730358.222
  0.351   730358.229
  0.341   730358.235
  0.194   730358.242
  0.334   730358.242
  0.326   730358.249
  0.301   730358.256
  0.329   730358.263
  0.122   730358.263
  0.370   730358.270
  0.338   730358.277
  0.332   730358.284
  0.204   730358.291
  0.361   730358.291
  0.370   730358.298
  0.351   730358.305
  0.360   730358.312
  0.179   730358.312
  0.393   730358.319
  0.436   730358.326
  0.522   730358.333
  0.080   730358.340
  0.366   730358.340
  0.387   730358.347
  0.297   730358.354
  0.202   730358.360
  0.374   730358.360
  0.338   730358.367
  0.317   730358.374
  0.198   730358.381
  0.247   730358.381
  0.240   730358.388
  0.853   730358.395
  0.275   730358.402
  0.247   730358.402
  0.289   730358.409
  0.307   730358.416
  0.275   730358.423
  0.190   730358.423
  0.291   730358.430
  0.292   730358.437
  0.277   730358.444
  0.215   730358.451
  0.323   730358.451
  0.263   730358.458
  0.320   730358.465
  0.300   730358.472
  0.255   730358.472
  0.305   730358.479
  0.296   730358.485
  0.217   730358.492
  0.178   730358.492
  0.294   730358.499
  0.338   730358.506
  0.265   730358.513
  0.133   730358.513
  0.292   730358.520
  0.277   730358.527
  0.293   730358.534
  0.281   730358.541
  0.254   730358.548
  0.232   730358.555
  0.105   730358.555
  0.148   730358.562
  0.260   730358.562
  0.252   730358.569
  0.229   730358.576
  0.159   730358.583
  0.236   730358.583
  0.223   730358.590
  0.232   730358.597
  0.142   730358.597
  0.195   730358.604
  0.189   730358.610
  0.217   730358.617
  0.111   730358.617
  0.192   730358.624
  0.205   730358.631
  0.318   730358.638
  0.271   730358.638
  0.199   730358.645
  0.228   730358.652
  0.210   730358.659
  0.253   730358.666
  0.218   730358.666
  0.270   730358.673
  1.259   730358.680
  0.213   730358.687
  0.139   730358.687
  0.167   730358.770
  0.143   730358.777
  0.110   730358.777
  0.169   730358.784
  0.249   730358.791
  0.176   730358.798
  0.132   730358.805
  0.156   730358.805
  0.159   730358.812
  0.159   730358.819
  0.177   730358.826
  0.160   730358.833
  0.104   730358.833
  0.168   730358.840
  0.178   730358.847
  0.183   730358.854
  0.118   730358.861
  0.170   730358.861
  0.192   730358.867
  0.324   730358.874
  0.107   730358.881
  0.157   730358.881
  0.550   730358.888
  0.092   730358.895
  0.565   730358.895
  0.000   730358.902
  0.000   730358.909
  0.182   730358.916
  0.350   730358.916
  1.829   730358.923
  0.925   730358.930
  0.641   730358.937
  1.365   730358.937
  1.210   730358.944
  0.077   730358.944
  0.400   730358.951
  0.066   730358.951
  0.172   730358.958
  0.180   730358.965
  0.127   730358.972
  0.048   730358.972
  0.161   730358.972
  0.169   730358.979
  0.154   730358.985
  0.107   730358.985
  0.194   730358.992
  0.184   730358.999
