  1.541   730300.001
  1.669   730300.007
  1.787   730300.014
  1.494   730300.021
  1.535   730300.028
  1.828   730300.035
  1.851   730300.042
  1.584   730300.049
  1.593   730300.056
  1.830   730300.062
  1.717   730300.069
  1.584   730300.076
  1.629   730300.083
  1.510   730300.090
  1.881   730300.097
  1.692   730300.104
  1.755   730300.111
  1.591   730300.118
  1.816   730300.125
  1.950   730300.132
  1.687   730300.139
  1.713   730300.146
  1.756   730300.153
  1.815   730300.160
  1.739   730300.167
  1.726   730300.174
  1.829   730300.180
  1.592   730300.188
  1.998   730300.194
 39.877   730300.201
 58.971   730300.208
  1.715   730300.215
  1.703   730300.222
  1.646   730300.229
  1.964   730300.236
  1.699   730300.243
  1.706   730300.250
  1.962   730300.257
  1.853   730300.264
  1.674   730300.271
  1.899   730300.278
  1.754   730300.285
  1.894   730300.292
  1.831   730300.299
  1.870   730300.306
  2.039   730300.312
 59.750   730300.319
    NaN   730300.326
  1.750   730300.333
  1.706   730300.340
  1.779   730300.347
  1.603   730300.354
  1.646   730300.361
  1.786   730300.368
  1.520   730300.375
 53.556   730300.382
  7.875   730300.389
  1.579   730300.396
  1.485   730300.403
  1.451   730300.410
  1.559   730300.417
  1.696   730300.423
  1.634   730300.430
  1.743   730300.437
  1.617   730300.444
  1.335   730300.451
  1.419   730300.458
  1.435   730300.465
  1.540   730300.472
  1.652   730300.479
  1.536   730300.486
  1.477   730300.493
  1.388   730300.500
  1.611   730300.507
  1.414   730300.514
  1.481   730300.521
  1.547   730300.528
  1.634   730300.535
  1.418   730300.542
  1.268   730300.548
  1.493   730300.555
  1.544   730300.562
  1.536   730300.569
  1.633   730300.576
  1.558   730300.583
  1.724   730300.590
  1.482   730300.597
  1.705   730300.604
  1.513   730300.611
  1.529   730300.618
  1.509   730300.625
  1.614   730300.632
  1.512   730300.639
  1.541   730300.646
  1.473   730300.653
  1.357   730300.660
  1.389   730300.667
  1.638   730300.673
  1.529   730300.680
  1.658   730300.687
  1.368   730300.694
  1.522   730300.701
  1.582   730300.708
  1.529   730300.715
  1.623   730300.722
  1.419   730300.729
  1.504   730300.736
  1.526   730300.743
  1.819   730300.750
  1.801   730300.757
  1.701   730300.764
  1.450   730300.771
  1.529   730300.778
  1.720   730300.785
  1.549   730300.792
  1.818   730300.799
  1.534   730300.806
  1.648   730300.812
  1.668   730300.819
    NaN   730300.826
  1.692   730300.833
  1.644   730300.840
  1.889   730300.847
  1.455   730300.854
  1.549   730300.861
  1.527   730300.868
  1.535   730300.875
  1.410   730300.882
  1.473   730300.889
  7.613   730300.896
  1.554   730300.903
  1.718   730300.910
  1.642   730300.917
  1.623   730300.924
  1.562   730300.931
  1.516   730300.938
  1.515   730300.944
  1.591   730300.951
  1.430   730300.958
  1.467   730300.965
  1.526   730300.972
  1.283   730300.979
  1.657   730300.986
  1.415   730300.993
