  0.380   729909.020
  0.390   729909.030
  0.400   729909.040
  0.430   729909.040
  0.490   729909.050
  0.350   729909.060
  0.420   729909.060
  0.410   729909.070
  0.420   729909.080
  0.420   729909.080
  0.410   729909.090
  0.380   729909.100
  0.380   729909.100
  0.370   729909.110
  0.380   729909.120
  0.350   729909.130
  0.400   729909.130
  0.410   729909.140
  0.380   729909.150
  0.350   729909.150
  0.380   729909.160
  0.380   729909.170
  0.360   729909.170
  0.370   729909.180
  0.370   729909.190
  0.380   729909.200
  0.340   729909.200
  0.360   729909.210
  0.380   729909.220
  0.370   729909.220
  0.390   729909.230
  0.380   729909.240
  0.360   729909.240
  0.350   729909.250
  0.360   729909.260
  0.370   729909.260
  0.320   729909.270
  0.340   729909.280
  0.350   729909.290
  0.330   729909.290
  0.330   729909.300
  0.320   729909.310
  0.310   729909.310
  0.300   729909.320
  0.300   729909.330
  0.300   729909.330
  0.310   729909.340
  0.330   729909.350
  0.320   729909.350
  0.300   729909.360
  0.280   729909.370
  0.280   729909.380
  0.290   729909.380
  0.310   729909.390
  0.370   729909.400
  0.250   729909.400
  0.250   729909.410
  0.280   729909.420
  0.310   729909.420
  0.290   729909.430
  0.270   729909.440
  0.270   729909.450
  0.290   729909.450
  0.290   729909.480
  0.290   729909.490
  0.270   729909.490
  0.270   729909.500
  0.290   729909.510
  0.280   729909.510
  0.270   729909.520
  0.300   729909.530
  0.260   729909.540
  0.290   729909.540
  0.300   729909.550
  0.280   729909.560
  0.260   729909.560
  0.280   729909.570
  0.280   729909.580
  0.270   729909.580
  0.270   729909.590
  0.270   729909.600
  0.240   729909.600
  0.270   729909.610
  0.260   729909.620
  0.270   729909.630
  0.280   729909.630
  0.280   729909.640
  0.280   729909.650
  0.280   729909.650
  0.250   729909.660
  0.270   729909.670
  0.240   729909.670
  0.270   729909.680
  0.250   729909.690
  0.270   729909.700
  0.270   729909.700
  0.260   729909.710
  0.280   729909.720
  0.240   729909.720
  0.240   729909.730
  0.250   729909.740
  0.240   729909.740
  0.260   729909.750
  0.250   729909.760
  0.240   729909.760
  0.250   729909.770
  0.240   729909.780
  0.240   729909.790
  0.240   729909.790
  0.380   729909.800
  0.230   729909.810
  0.240   729909.810
  0.370   729909.820
  0.220   729909.830
  0.240   729909.830
  0.210   729909.840
    NaN   729909.850
    NaN   729909.850
  0.260   729909.860
  0.220   729909.870
  0.200   729909.880
  0.210   729909.880
  0.210   729909.890
  0.210   729909.900
  0.200   729909.900
  0.180   729909.910
  0.190   729909.920
  0.180   729909.920
  0.210   729909.930
  0.190   729909.940
  0.200   729909.950
  0.180   729909.950
  0.180   729909.960
  0.180   729909.970
  0.230   729909.970
  0.190   729909.980
  0.190   729909.990
  5.460   729909.990
