  0.120   730010.000
  0.110   730010.000
  0.110   730010.010
  0.120   730010.020
  0.110   730010.030
  0.120   730010.030
  0.110   730010.040
  0.110   730010.050
  0.110   730010.050
  0.120   730010.060
  0.120   730010.070
  0.130   730010.070
  0.120   730010.080
  0.130   730010.090
  0.140   730010.100
  0.130   730010.100
  0.130   730010.110
  0.140   730010.120
  0.150   730010.120
  0.130   730010.130
  0.150   730010.140
  0.150   730010.140
  0.140   730010.150
  0.140   730010.160
  0.130   730010.160
  0.150   730010.170
  0.150   730010.180
  0.130   730010.180
  0.150   730010.190
  0.160   730010.200
  0.150   730010.210
  0.130   730010.210
  0.150   730010.220
  0.140   730010.230
  0.140   730010.230
  0.130   730010.240
  0.140   730010.250
  0.140   730010.250
  0.140   730010.260
  0.150   730010.270
  0.130   730010.280
  0.130   730010.280
  0.140   730010.290
  0.120   730010.300
  0.130   730010.300
  0.140   730010.310
  0.130   730010.320
  0.130   730010.320
  0.120   730010.330
  0.130   730010.340
  0.120   730010.350
  0.120   730010.350
  0.120   730010.360
  0.130   730010.370
  0.130   730010.370
  0.100   730010.380
  0.120   730010.390
  0.120   730010.390
  0.120   730010.400
  0.130   730010.410
  0.120   730010.410
  0.130   730010.420
  0.120   730010.430
  0.120   730010.430
  0.120   730010.440
  0.140   730010.450
  0.120   730010.460
  0.160   730010.460
  0.120   730010.470
  0.120   730010.480
  0.120   730010.480
  0.120   730010.490
  0.110   730010.500
  0.110   730010.500
  0.120   730010.510
  0.120   730010.520
  0.100   730010.530
  0.120   730010.530
  0.110   730010.540
  0.120   730010.550
  0.110   730010.550
  0.120   730010.560
  0.120   730010.570
  0.110   730010.570
  0.120   730010.580
  0.120   730010.590
  0.120   730010.600
  0.120   730010.600
  0.110   730010.610
  0.120   730010.620
  0.120   730010.620
  0.130   730010.630
  0.130   730010.640
  0.120   730010.640
  0.120   730010.650
  0.130   730010.660
  0.130   730010.660
  0.120   730010.670
  0.130   730010.680
  0.110   730010.690
  0.120   730010.690
  0.140   730010.700
  0.120   730010.710
  0.130   730010.710
  0.130   730010.720
  0.140   730010.730
  0.140   730010.730
  0.130   730010.740
  0.130   730010.750
  0.130   730010.750
  0.130   730010.760
  0.150   730010.770
  0.140   730010.780
  0.140   730010.780
  0.150   730010.790
  0.150   730010.800
  0.150   730010.800
  0.160   730010.810
  0.150   730010.820
  0.150   730010.820
  0.140   730010.830
  0.140   730010.840
  0.150   730010.850
  0.150   730010.850
  0.130   730010.860
  0.130   730010.870
  0.140   730010.870
  0.120   730010.880
    NaN   730010.890
  0.130   730010.890
  0.140   730010.900
  0.130   730010.910
  0.100   730010.910
  0.110   730010.920
  0.120   730010.930
  0.120   730010.940
  0.120   730010.940
  0.110   730010.950
  0.120   730010.960
  0.120   730010.960
  0.130   730010.970
  0.120   730010.980
  0.130   730010.980
  0.110   730010.990
