  0.870   729824.000
  0.850   729824.000
  0.800   729824.010
  0.800   729824.020
  0.860   729824.020
  0.930   729824.030
  0.860   729824.040
  0.840   729824.050
  0.830   729824.050
  0.900   729824.060
  0.790   729824.070
  0.860   729824.070
  0.850   729824.080
  0.910   729824.090
  0.840   729824.090
  0.770   729824.100
  0.820   729824.110
  0.860   729824.110
  0.830   729824.120
  0.870   729824.130
  0.760   729824.140
  0.840   729824.140
  0.760   729824.150
  0.840   729824.160
  0.830   729824.160
  0.810   729824.170
  0.780   729824.180
  0.760   729824.180
  0.730   729824.190
  0.770   729824.200
  0.790   729824.200
  0.670   729824.210
  0.790   729824.220
  0.740   729824.230
  0.860   729824.230
  0.850   729824.240
  0.800   729824.250
  0.890   729824.250
  0.830   729824.260
  0.860   729824.270
  0.770   729824.270
  0.790   729824.280
  0.840   729824.290
  0.810   729824.300
  0.850   729824.300
  0.830   729824.310
  0.860   729824.320
  0.820   729824.320
  0.820   729824.330
  0.910   729824.340
  0.890   729824.340
  1.730   729824.350
  0.840   729824.360
  0.800   729824.360
  0.770   729824.370
  0.810   729824.380
  0.840   729824.390
  0.760   729824.390
  0.820   729824.400
  0.890   729824.410
    NaN   729824.410
  0.820   729824.420
  0.870   729824.430
  0.810   729824.430
  0.780   729824.440
  0.810   729824.450
  0.940   729824.450
  0.950   729824.460
  0.890   729824.470
  0.900   729824.480
  0.950   729824.480
  0.790   729824.490
  0.910   729824.500
  0.880   729824.500
  0.900   729824.510
  0.910   729824.520
  0.960   729824.520
  0.830   729824.530
  0.890   729824.540
  0.830   729824.550
  0.810   729824.550
  0.910   729824.560
  0.880   729824.570
  0.960   729824.570
  0.940   729824.580
  0.990   729824.590
  0.910   729824.590
  0.990   729824.600
  0.920   729824.610
  0.900   729824.610
  0.950   729824.620
  0.990   729824.630
  0.970   729824.640
  1.050   729824.640
  0.940   729824.650
  0.970   729824.660
  1.870   729824.660
  1.020   729824.670
  1.090   729824.680
  1.100   729824.680
  1.070   729824.690
  1.030   729824.700
  1.120   729824.700
  1.100   729824.710
  1.180   729824.720
  1.120   729824.720
  1.150   729824.730
  1.110   729824.740
  1.060   729824.750
  1.040   729824.750
  0.950   729824.760
  1.680   729824.770
  1.090   729824.770
  1.280   729824.780
  1.350   729824.790
  1.050   729824.800
  1.540   729824.800
  1.840   729824.810
  1.750   729824.820
  0.910   729824.820
  1.100   729824.830
  0.950   729824.840
  1.010   729824.840
  0.980   729824.850
  0.940   729824.860
  0.950   729824.860
  0.950   729824.870
  0.940   729824.880
  0.900   729824.880
  0.920   729824.890
  1.310   729824.900
  0.910   729824.910
    NaN   729824.910
  0.890   729824.920
  0.900   729824.930
  0.830   729824.930
  0.770   729824.940
  1.240   729824.950
  0.790   729824.950
  0.830   729824.960
  0.730   729824.970
  0.820   729824.970
  0.820   729824.970
  0.820   729824.970
  0.820   729824.970
  0.820   729824.970
  0.820   729824.970
  0.820   729824.970
  0.820   729824.970
  0.820   729824.970
  0.820   729824.970
  0.820   729824.970
  0.820   729824.970
  0.820   729824.970
  0.820   729824.970
  0.820   729824.970
  0.820   729824.970
  0.820   729824.970
  0.820   729824.970
  0.820   729824.970
  0.820   729824.970
  0.820   729824.970
  0.820   729824.970
  0.820   729824.970
  0.820   729824.970
  0.820   729824.970
  0.820   729824.970
  0.820   729824.970
  0.820   729824.970
  0.820   729824.970
  0.820   729824.970
  0.820   729824.970
  0.820   729824.970
  0.820   729824.970
  0.820   729824.970
  0.820   729824.970
  0.820   729824.970
  0.820   729824.970
  0.820   729824.970
  0.820   729824.970
  0.820   729824.970
  0.820   729824.970
  0.820   729824.970
  0.820   729824.970
  0.820   729824.970
  0.820   729824.970
  0.820   729824.970
  0.820   729824.970
  0.820   729824.970
  0.820   729824.970
  0.820   729824.970
  0.820   729824.970
  0.820   729824.970
  0.820   729824.970
  0.820   729824.970
  0.820   729824.970
  0.820   729824.970
  0.820   729824.970
  0.820   729824.970
  0.820   729824.970
  0.820   729824.970
  0.820   729824.970
  0.820   729824.970
  0.820   729824.970
  0.820   729824.970
  0.820   729824.970
  0.820   729824.970
  0.820   729824.970
  0.820   729824.970
  0.820   729824.970
  0.820   729824.970
  0.820   729824.970
  0.820   729824.970
  0.820   729824.970
  0.820   729824.970
  0.820   729824.970
  0.820   729824.970
  0.820   729824.970
  0.820   729824.970
  0.820   729824.970
  0.820   729824.970
  0.820   729824.970
  0.820   729824.970
  0.820   729824.970
  0.820   729824.970
  0.820   729824.970
  0.820   729824.970
  0.820   729824.970
  0.820   729824.970
  0.820   729824.970
  0.820   729824.970
  0.820   729824.970
  0.820   729824.970
  0.820   729824.970
  0.820   729824.970
  0.820   729824.970
  0.820   729824.970
  0.820   729824.970
  0.820   729824.970
  0.820   729824.970
  0.820   729824.970
  0.820   729824.970
  0.820   729824.970
  0.820   729824.970
  0.820   729824.970
  0.820   729824.970
  0.820   729824.970
