  1.057   730119.003
  1.077   730119.010
  1.061   730119.017
  1.115   730119.024
  1.039   730119.031
  1.061   730119.037
  0.988   730119.044
  1.043   730119.051
  1.075   730119.058
  1.081   730119.065
  1.040   730119.072
  1.037   730119.079
  1.115   730119.086
  1.067   730119.093
  1.025   730119.100
  0.940   730119.107
  0.933   730119.114
  1.116   730119.121
  1.075   730119.128
  1.170   730119.135
  1.037   730119.142
  1.039   730119.148
  1.026   730119.155
  1.049   730119.162
  1.091   730119.169
  0.985   730119.176
  1.119   730119.183
  1.127   730119.190
  1.279   730119.197
  1.173   730119.204
  1.174   730119.211
  1.223   730119.218
  1.241   730119.225
  1.075   730119.232
  1.136   730119.239
  1.125   730119.246
  1.127   730119.253
  1.101   730119.260
  1.100   730119.267
  1.196   730119.274
  1.015   730119.280
  1.225   730119.287
  1.054   730119.294
  1.190   730119.301
  1.154   730119.308
  1.071   730119.315
  1.228   730119.322
  1.098   730119.329
  1.167   730119.336
  1.173   730119.342
  1.071   730119.350
  1.081   730119.357
  1.095   730119.363
  1.170   730119.371
  1.202   730119.378
  1.115   730119.384
  1.153   730119.392
  1.225   730119.399
  1.239   730119.406
  1.088   730119.412
  1.171   730119.419
  0.990   730119.426
  1.244   730119.433
  1.156   730119.440
  1.280   730119.447
  1.053   730119.455
  1.110   730119.468
  1.012   730119.475
  1.160   730119.482
  1.240   730119.489
  1.156   730119.496
  0.320   730119.502
  0.000   730119.509
  0.000   730119.517
  0.000   730119.524
  0.000   730119.530
  0.000   730119.537
  0.000   730119.544
  0.000   730119.551
  0.000   730119.558
  0.000   730119.565
  0.000   730119.572
  0.000   730119.579
  0.000   730119.586
  4.290   730119.593
  1.137   730119.600
  1.119   730119.607
  1.267   730119.614
  1.196   730119.621
  1.213   730119.628
  1.036   730119.635
  1.116   730119.642
  1.133   730119.649
  1.161   730119.655
  1.058   730119.662
  1.140   730119.669
  1.038   730119.676
  1.118   730119.683
  1.135   730119.690
  1.068   730119.697
  1.115   730119.704
  0.954   730119.711
  0.938   730119.717
  1.024   730119.725
  1.158   730119.732
  0.864   730119.739
  1.033   730119.746
  1.089   730119.753
  1.068   730119.760
  0.985   730119.767
  1.048   730119.774
  1.035   730119.781
  1.075   730119.787
  0.914   730119.794
  1.139   730119.801
    NaN   730119.808
    NaN   730119.815
  0.905   730119.822
  1.079   730119.829
  1.054   730119.836
  1.039   730119.843
  0.983   730119.850
  0.989   730119.857
  1.004   730119.863
  0.966   730119.871
  0.897   730119.878
  0.938   730119.885
  1.026   730119.892
  1.010   730119.899
  1.019   730119.905
  0.968   730119.912
  4.403   730119.919
  0.917   730119.926
  1.061   730119.933
  0.855   730119.940
  0.954   730119.947
  1.042   730119.954
  0.778   730119.961
  0.816   730119.968
  0.875   730119.975
  0.920   730119.982
  0.893   730119.989
  0.875   730119.996
