  0.899   730119.003
  0.939   730119.010
  1.008   730119.017
  0.922   730119.024
  1.054   730119.031
  1.034   730119.037
  0.963   730119.044
  0.980   730119.051
  0.923   730119.058
  0.957   730119.065
  0.976   730119.072
  0.963   730119.079
  0.961   730119.086
  0.851   730119.093
  0.819   730119.100
  0.763   730119.107
  0.958   730119.114
  0.877   730119.121
  0.920   730119.128
  0.878   730119.135
  0.954   730119.142
  0.956   730119.148
  0.867   730119.155
  0.878   730119.162
  0.864   730119.169
  0.893   730119.176
  0.915   730119.183
  0.851   730119.190
  0.959   730119.197
  1.010   730119.204
  1.030   730119.211
  0.833   730119.218
  0.923   730119.225
  0.899   730119.232
  1.014   730119.239
  0.932   730119.246
  0.982   730119.253
  1.047   730119.260
  1.115   730119.267
  1.005   730119.274
  1.042   730119.280
  1.007   730119.287
  1.066   730119.294
  1.019   730119.301
  1.094   730119.308
  1.093   730119.315
  1.067   730119.322
  1.105   730119.329
  1.161   730119.336
  1.049   730119.342
  1.003   730119.350
  1.018   730119.357
  1.107   730119.363
  1.040   730119.371
  1.076   730119.378
  1.025   730119.384
  1.197   730119.392
  1.131   730119.399
  1.119   730119.406
  1.173   730119.412
  1.068   730119.419
  0.987   730119.426
  1.120   730119.433
  1.125   730119.440
  1.215   730119.447
  1.095   730119.455
  1.259   730119.468
  1.098   730119.475
  1.193   730119.482
  1.117   730119.489
  1.019   730119.496
  1.308   730119.502
  0.000   730119.509
  0.000   730119.517
  0.000   730119.524
  0.000   730119.530
  0.000   730119.537
  0.000   730119.544
  0.000   730119.551
  0.000   730119.558
  0.000   730119.565
  0.000   730119.572
  0.000   730119.579
  0.000   730119.586
  2.000   730119.593
  0.893   730119.600
  1.091   730119.607
  1.010   730119.614
  0.984   730119.621
  1.066   730119.628
  1.047   730119.635
  1.019   730119.642
  1.016   730119.649
  1.056   730119.655
  1.087   730119.662
  1.048   730119.669
  0.969   730119.676
  0.931   730119.683
  1.089   730119.690
  1.101   730119.697
  1.026   730119.704
  1.119   730119.711
  1.030   730119.717
  0.955   730119.725
  0.953   730119.732
  0.916   730119.739
  0.814   730119.746
  0.863   730119.753
  0.940   730119.760
  1.058   730119.767
  0.978   730119.774
  0.909   730119.781
  0.848   730119.787
  0.977   730119.794
  0.837   730119.801
  0.879   730119.808
  0.891   730119.815
  0.941   730119.822
  0.951   730119.829
  0.944   730119.836
  0.850   730119.843
  0.802   730119.850
  0.858   730119.857
  0.938   730119.863
    NaN   730119.871
  0.794   730119.878
  0.740   730119.885
  0.795   730119.892
  0.833   730119.899
  0.744   730119.905
  0.796   730119.912
  2.016   730119.919
  0.711   730119.926
  0.731   730119.933
  0.671   730119.940
  0.782   730119.947
  0.849   730119.954
  0.675   730119.961
  0.764   730119.968
  0.774   730119.975
  0.767   730119.982
  0.814   730119.989
  0.730   730119.996
