  3.260   729910.000
  0.190   729910.010
  0.180   729910.010
  0.180   729910.020
  0.180   729910.030
  0.180   729910.040
  0.220   729910.040
  0.240   729910.050
  0.220   729910.060
  0.190   729910.060
  0.180   729910.070
  0.190   729910.080
  0.190   729910.080
  0.210   729910.090
  0.200   729910.100
  0.240   729910.100
  0.220   729910.110
  0.220   729910.120
  0.220   729910.130
  0.220   729910.130
  0.220   729910.140
  0.220   729910.150
  0.240   729910.150
  0.250   729910.160
  0.230   729910.170
  0.250   729910.170
  0.240   729910.180
  0.260   729910.190
  0.260   729910.200
  0.240   729910.200
  0.290   729910.210
  0.270   729910.220
  0.270   729910.220
  0.270   729910.230
  0.280   729910.240
  0.270   729910.240
  0.260   729910.250
  0.260   729910.260
  0.240   729910.260
  0.260   729910.270
  0.240   729910.280
  0.240   729910.290
  0.250   729910.290
  0.240   729910.300
  0.260   729910.310
  0.250   729910.310
  0.260   729910.320
  0.280   729910.330
  0.270   729910.330
  0.260   729910.340
  0.290   729910.350
  0.270   729910.350
  0.280   729910.360
  0.290   729910.370
  0.290   729910.380
  0.320   729910.380
  0.290   729910.390
  0.310   729910.400
  0.320   729910.400
  0.310   729910.410
  0.320   729910.420
  0.330   729910.420
  0.280   729910.430
  0.330   729910.440
  0.320   729910.450
  0.320   729910.450
  0.300   729910.460
  0.300   729910.470
  0.320   729910.470
  0.340   729910.480
  0.330   729910.490
  0.320   729910.490
  0.330   729910.500
  0.360   729910.510
  0.420   729910.510
  0.340   729910.520
  0.350   729910.530
  0.340   729910.540
  0.430   729910.540
  0.410   729910.550
  0.430   729910.560
  0.430   729910.560
  0.420   729910.570
  0.450   729910.580
  0.510   729910.580
  0.490   729910.590
  0.500   729910.600
  0.490   729910.600
  0.480   729910.610
  0.530   729910.620
  0.510   729910.630
  0.590   729910.630
  0.530   729910.640
  0.480   729910.650
  0.520   729910.650
  0.490   729910.660
  0.550   729910.670
  0.530   729910.670
  0.520   729910.680
  0.510   729910.690
  0.510   729910.700
  0.480   729910.700
  0.550   729910.710
  0.460   729910.720
  0.500   729910.720
  0.530   729910.730
  0.520   729910.740
  0.470   729910.740
  0.460   729910.750
  0.470   729910.760
  0.470   729910.760
  0.490   729910.770
  0.520   729910.780
  0.520   729910.790
  0.450   729910.790
  0.550   729910.800
  0.500   729910.810
  0.510   729910.810
  0.490   729910.820
  0.510   729910.830
  0.500   729910.830
  0.490   729910.840
  0.450   729910.850
    NaN   729910.850
  0.500   729910.860
  0.470   729910.870
  1.310   729910.880
  0.520   729910.880
  0.470   729910.890
  0.470   729910.900
  0.460   729910.900
  0.470   729910.910
  0.540   729910.920
  0.500   729910.920
  0.530   729910.930
  0.540   729910.940
  0.520   729910.950
  0.500   729910.950
  0.500   729910.960
  0.510   729910.970
  0.530   729910.970
  0.510   729910.980
  0.510   729910.990
  0.490   729910.990
