  0.110   729942.000
  0.150   729942.000
  0.810   729942.010
  0.330   729942.020
  0.180   729942.030
  0.100   729942.030
  0.110   729942.040
  0.100   729942.050
  0.100   729942.050
  0.110   729942.060
  0.100   729942.070
  0.090   729942.070
  0.520   729942.080
  0.100   729942.090
  0.090   729942.090
  0.710   729942.100
  0.890   729942.110
  0.090   729942.120
  0.130   729942.120
  0.390   729942.130
  0.980   729942.140
  0.600   729942.140
  1.340   729942.150
  0.100   729942.160
  0.100   729942.160
  0.250   729942.170
  0.100   729942.180
  0.090   729942.180
  0.120   729942.190
  0.740   729942.200
  1.040   729942.210
  1.060   729942.210
  0.200   729942.220
  1.110   729942.230
  0.860   729942.230
  0.080   729942.240
  0.870   729942.250
  1.260   729942.250
  0.130   729942.260
  1.370   729942.270
  1.020   729942.280
  0.100   729942.280
  0.100   729942.290
  0.090   729942.300
  0.100   729942.300
  0.100   729942.310
  0.100   729942.320
  0.100   729942.320
  0.270   729942.330
  0.700   729942.340
  1.470   729942.340
  0.710   729942.350
  1.430   729942.360
  1.160   729942.370
  1.440   729942.370
  0.790   729942.380
  0.630   729942.390
  0.810   729942.390
  1.810   729942.400
  1.270   729942.410
  0.090   729942.410
  1.140   729942.420
  0.450   729942.430
  1.540   729942.430
  1.000   729942.440
  0.990   729942.450
  0.320   729942.460
  0.910   729942.460
  0.850   729942.470
  1.350   729942.480
  0.660   729942.480
  0.210   729942.490
  0.090   729942.500
  0.090   729942.500
  0.100   729942.510
  1.060   729942.520
  0.130   729942.530
  0.370   729942.530
  1.420   729942.540
  0.960   729942.550
  1.340   729942.550
  1.290   729942.560
  0.110   729942.570
  1.210   729942.570
  1.150   729942.580
  0.090   729942.590
  0.650   729942.590
  1.810   729942.600
  0.530   729942.610
  0.670   729942.620
  1.000   729942.620
  0.900   729942.630
  0.270   729942.640
  0.990   729942.640
  0.220   729942.650
  0.990   729942.660
  0.830   729942.660
  0.500   729942.670
  0.930   729942.680
  0.870   729942.680
  0.090   729942.710
  0.580   729942.720
  0.090   729942.730
  0.220   729942.730
  0.790   729942.740
  0.090   729942.750
  0.090   729942.750
  0.090   729942.760
  0.080   729942.770
  0.080   729942.780
  0.080   729942.780
  0.080   729942.790
  0.120   729942.800
  1.350   729942.800
  0.080   729942.810
  0.380   729942.820
  0.080   729942.820
  0.110   729942.830
  0.230   729942.840
  0.240   729942.840
  0.070   729942.850
  0.070   729942.860
  0.090   729942.870
  0.070   729942.870
  0.080   729942.880
    NaN   729942.890
  0.130   729942.890
  0.070   729942.900
  0.070   729942.910
  0.080   729942.910
  0.070   729942.920
  0.060   729942.930
  0.080   729942.930
  0.070   729942.940
  0.070   729942.950
  0.070   729942.960
  0.070   729942.960
  0.080   729942.970
  0.070   729942.980
  0.070   729942.980
  0.070   729942.990
