  0.371   730099.001
  0.405   730099.008
  0.389   730099.015
  0.349   730099.022
  0.370   730099.029
  0.397   730099.050
  0.391   730099.057
  0.379   730099.064
  0.371   730099.071
    NaN   730099.078
  4.170   730099.085
  0.364   730099.092
  0.320   730099.099
  0.419   730099.106
  0.401   730099.113
  0.370   730099.119
  0.411   730099.126
  0.365   730099.133
  0.442   730099.140
  0.403   730099.147
  0.449   730099.154
  0.486   730099.161
  0.447   730099.168
  0.409   730099.175
  0.405   730099.182
  0.432   730099.189
  0.423   730099.196
  0.418   730099.203
  0.441   730099.210
  0.360   730099.217
  0.397   730099.224
  0.388   730099.231
  0.397   730099.238
  0.411   730099.244
  0.328   730099.251
  0.348   730099.258
  0.331   730099.265
  0.301   730099.272
  0.355   730099.279
  0.325   730099.286
  0.391   730099.293
  0.333   730099.300
  0.314   730099.307
  0.303   730099.314
  0.389   730099.321
  0.352   730099.328
  0.350   730099.335
  0.361   730099.342
  0.339   730099.349
  0.326   730099.356
  0.292   730099.363
  0.334   730099.369
  0.305   730099.376
  0.357   730099.383
  0.308   730099.390
  0.314   730099.397
  0.312   730099.404
  0.283   730099.411
  0.311   730099.418
  0.316   730099.425
  0.312   730099.432
  0.323   730099.439
  0.263   730099.446
  0.289   730099.453
  0.311   730099.460
  0.302   730099.467
  0.314   730099.474
  0.281   730099.481
  0.294   730099.488
  0.296   730099.494
  0.286   730099.501
  0.249   730099.508
  0.265   730099.515
  0.242   730099.522
  0.267   730099.529
  0.279   730099.536
  0.245   730099.543
  0.249   730099.550
  0.237   730099.557
  0.231   730099.564
  0.245   730099.571
    NaN   730099.578
  6.447   730099.585
  0.226   730099.592
  0.224   730099.599
  0.242   730099.606
  0.228   730099.613
  0.245   730099.619
  0.217   730099.626
  0.230   730099.633
  0.243   730099.640
  0.224   730099.647
  0.254   730099.654
  0.228   730099.661
  0.224   730099.668
  0.255   730099.675
  0.234   730099.682
  0.268   730099.689
  0.269   730099.696
  0.270   730099.703
  0.280   730099.710
  0.287   730099.717
  0.288   730099.724
  0.262   730099.731
  0.310   730099.738
  0.324   730099.744
  0.322   730099.751
  0.316   730099.758
  0.314   730099.765
  0.295   730099.772
  0.341   730099.780
  0.303   730099.787
  0.279   730099.793
  0.276   730099.800
  0.281   730099.807
  0.283   730099.814
  0.275   730099.821
  0.325   730099.828
  0.268   730099.835
  0.290   730099.842
  0.283   730099.849
  0.243   730099.856
  0.248   730099.863
  0.239   730099.869
  0.289   730099.876
  0.240   730099.883
  0.239   730099.890
  0.241   730099.897
  0.257   730099.904
  0.260   730099.911
  0.222   730099.918
  0.250   730099.925
  0.245   730099.932
  0.243   730099.939
  0.241   730099.946
  0.252   730099.953
  0.251   730099.960
  0.233   730099.967
  0.235   730099.974
  0.242   730099.981
  0.201   730099.988
  0.246   730099.994
