  2.730   729756.000
  3.190   729756.000
  3.180   729756.010
  3.250   729756.020
  3.160   729756.020
  2.920   729756.030
  3.180   729756.040
  3.250   729756.050
  3.750   729756.050
  3.360   729756.060
  3.830   729756.070
  3.650   729756.070
  3.670   729756.080
  3.710   729756.090
  3.790   729756.090
  4.130   729756.100
  4.370   729756.110
  4.290   729756.110
  3.900   729756.120
  4.230   729756.130
  4.220   729756.140
  4.260   729756.140
  4.280   729756.150
  4.160   729756.160
  4.140   729756.160
  4.740   729756.170
  4.620   729756.180
  4.510   729756.180
  4.570   729756.190
  4.550   729756.200
  4.690   729756.200
  4.830   729756.210
  4.860   729756.220
  4.720   729756.220
  4.990   729756.230
  4.700   729756.240
  4.220   729756.250
  4.660   729756.250
  6.280   729756.260
  4.350   729756.270
  4.580   729756.270
  4.490   729756.280
  4.580   729756.290
  4.710   729756.300
  4.740   729756.300
  4.530   729756.310
  4.430   729756.320
    NaN   729756.320
 98.210   729756.330
  4.490   729756.340
  5.300   729756.340
  4.840   729756.350
  4.360   729756.360
  4.060   729756.360
  4.070   729756.370
  4.560   729756.380
  5.120   729756.390
  4.360   729756.390
  4.760   729756.400
  4.860   729756.410
  4.710   729756.410
  4.950   729756.420
  4.540   729756.430
  4.770   729756.430
  4.670   729756.440
  4.560   729756.450
  4.440   729756.450
  4.720   729756.460
  4.740   729756.470
  4.170   729756.480
  4.360   729756.480
  4.370   729756.490
  4.110   729756.500
  4.830   729756.500
  4.290   729756.510
  4.510   729756.520
  4.600   729756.520
  4.320   729756.530
  4.160   729756.540
  4.590   729756.550
  4.700   729756.550
  4.280   729756.560
  4.210   729756.570
  4.360   729756.570
  4.160   729756.580
  4.190   729756.590
  4.250   729756.590
  4.060   729756.600
  4.720   729756.610
  4.480   729756.610
  4.400   729756.620
  4.200   729756.630
  4.120   729756.640
  4.110   729756.640
  4.460   729756.650
  4.260   729756.660
  4.550   729756.660
  4.840   729756.670
  4.740   729756.680
  4.470   729756.680
  4.240   729756.690
  3.930   729756.700
  4.110   729756.700
  4.180   729756.710
  4.300   729756.720
  4.450   729756.730
  4.140   729756.730
  3.900   729756.740
  4.170   729756.750
  4.100   729756.750
  3.890   729756.760
  4.270   729756.770
  4.130   729756.770
  4.290   729756.780
  4.270   729756.790
  4.080   729756.800
  4.030   729756.800
  3.890   729756.810
  4.000   729756.820
    NaN   729756.820
    NaN   729756.830
  4.460   729756.840
  4.010   729756.840
  3.760   729756.850
  3.830   729756.860
  3.720   729756.860
  4.000   729756.870
  3.720   729756.880
  3.780   729756.890
  3.610   729756.890
  3.520   729756.900
  3.750   729756.910
  3.590   729756.910
  3.620   729756.920
  4.180   729756.930
  4.140   729756.930
  4.100   729756.940
  4.010   729756.950
  3.870   729756.950
  3.710   729756.960
  3.690   729756.970
  4.110   729756.980
  3.340   729756.980
  3.550   729756.990
