  0.270   729965.000
  0.280   729965.010
  0.220   729965.010
  0.250   729965.020
  0.240   729965.040
  1.260   729965.050
  0.280   729965.050
  0.250   729965.060
  0.280   729965.070
  0.290   729965.070
  0.250   729965.080
  0.270   729965.090
  0.320   729965.100
  0.310   729965.100
  0.290   729965.110
  0.250   729965.120
  0.310   729965.120
  0.260   729965.130
  0.250   729965.140
  0.410   729965.140
  0.570   729965.150
  0.390   729965.160
  0.230   729965.260
  0.250   729965.260
  0.260   729965.270
  0.260   729965.280
  0.270   729965.280
  0.240   729965.290
  0.220   729965.300
  0.250   729965.300
  0.260   729965.310
  0.280   729965.320
  0.280   729965.320
  0.270   729965.330
  0.250   729965.340
  0.260   729965.350
  0.310   729965.350
  0.300   729965.360
  0.310   729965.370
  0.280   729965.370
  1.550   729965.380
  0.240   729965.390
  0.250   729965.390
  0.260   729965.400
  0.230   729965.410
  0.230   729965.420
  0.300   729965.420
  0.270   729965.430
  0.250   729965.440
  0.260   729965.440
  0.260   729965.440
  0.260   729965.440
  0.260   729965.440
  0.260   729965.440
  0.260   729965.440
  0.260   729965.440
  0.260   729965.440
  0.260   729965.440
  0.260   729965.440
  0.260   729965.440
  0.260   729965.440
  0.260   729965.440
  0.260   729965.440
  0.260   729965.440
  0.260   729965.440
  0.260   729965.440
  0.260   729965.440
  0.260   729965.440
  0.260   729965.440
  0.260   729965.440
  0.260   729965.440
  0.260   729965.440
  0.260   729965.440
  0.260   729965.440
  0.260   729965.440
  0.260   729965.440
  0.260   729965.440
  0.260   729965.440
  0.260   729965.440
  0.260   729965.440
  0.260   729965.440
  0.260   729965.440
  0.260   729965.440
  0.260   729965.440
  0.260   729965.440
    NaN   729965.710
  0.220   729965.730
  0.280   729965.740
  0.500   729965.750
  0.620   729965.760
  0.280   729965.760
  0.270   729965.770
  0.320   729965.780
  0.300   729965.780
  0.320   729965.790
  0.330   729965.800
  0.280   729965.800
  0.300   729965.810
  0.310   729965.820
  0.260   729965.820
  0.200   729965.830
  0.280   729965.840
  0.270   729965.850
  0.290   729965.850
  0.290   729965.860
  0.290   729965.870
  0.300   729965.870
  0.290   729965.880
  0.300   729965.890
  0.300   729965.890
  0.290   729965.900
  0.240   729965.910
  0.270   729965.920
