  3.040   729936.000
  3.030   729936.010
  4.000   729936.010
  4.880   729936.020
  3.570   729936.030
  3.610   729936.030
  3.970   729936.040
  4.090   729936.050
  4.780   729936.060
  4.560   729936.060
  4.400   729936.070
  4.700   729936.080
  5.160   729936.080
  5.620   729936.090
  6.070   729936.100
  5.470   729936.100
  5.580   729936.110
  6.090   729936.120
  6.030   729936.120
  6.470   729936.130
  5.610   729936.140
  6.680   729936.150
  6.530   729936.150
  5.870   729936.160
  6.720   729936.170
  7.290   729936.170
  7.140   729936.180
  6.540   729936.190
 10.030   729936.190
  7.400   729936.200
  9.540   729936.210
 12.550   729936.220
  6.740   729936.220
  6.720   729936.230
 11.760   729936.240
 11.200   729936.240
  7.030   729936.250
 10.460   729936.260
 10.800   729936.260
  6.770   729936.270
  6.570   729936.280
  5.870   729936.280
  6.350   729936.290
  5.720   729936.300
  5.620   729936.310
  5.940   729936.310
  5.150   729936.320
  5.820   729936.330
  5.770   729936.330
 22.500   729936.340
  5.680   729936.350
  5.130   729936.350
  4.860   729936.360
  5.520   729936.370
  4.600   729936.380
  4.340   729936.380
  4.270   729936.390
  4.520   729936.400
  3.850   729936.400
  3.900   729936.410
  3.540   729936.420
  3.830   729936.420
  3.650   729936.430
  3.800   729936.440
  3.270   729936.440
  3.230   729936.450
  3.480   729936.460
  3.350   729936.470
  9.180   729936.470
 10.180   729936.480
  9.910   729936.490
 13.450   729936.490
  4.420   729936.500
  9.570   729936.510
 10.830   729936.510
  3.560   729936.520
  3.460   729936.530
 26.260   729936.530
  6.030   729936.540
  3.440   729936.550
  3.190   729936.560
  3.340   729936.560
  3.340   729936.570
  3.240   729936.580
  3.110   729936.580
  3.040   729936.590
  3.210   729936.600
  3.210   729936.600
  3.020   729936.610
  2.910   729936.620
  3.030   729936.620
  3.190   729936.630
  2.970   729936.640
  3.770   729936.650
  4.150   729936.650
  3.080   729936.660
  2.870   729936.670
  2.720   729936.670
  2.720   729936.680
  2.920   729936.690
  2.800   729936.690
  2.580   729936.700
  2.760   729936.710
  2.740   729936.710
  2.760   729936.720
  2.720   729936.730
  2.670   729936.730
  2.690   729936.740
  2.590   729936.750
  2.570   729936.750
  2.380   729936.760
  2.390   729936.770
  2.370   729936.780
  2.180   729936.780
  2.150   729936.790
  2.150   729936.790
  2.150   729936.790
  2.150   729936.790
  2.150   729936.790
  2.150   729936.790
  2.150   729936.790
  2.140   729936.850
  1.950   729936.860
  2.010   729936.870
  2.040   729936.870
  2.150   729936.880
    NaN   729936.890
    NaN   729936.890
  1.920   729936.900
  1.800   729936.910
  1.690   729936.910
  1.920   729936.920
 36.570   729936.930
