  0.090   729936.000
  0.100   729936.010
  0.090   729936.010
  0.090   729936.020
  0.090   729936.030
  0.110   729936.030
  0.090   729936.040
  0.290   729936.050
  0.090   729936.050
  0.090   729936.060
  0.100   729936.070
  0.100   729936.080
  0.110   729936.080
  0.100   729936.090
  0.100   729936.100
  0.090   729936.100
  0.090   729936.110
  0.080   729936.120
  0.090   729936.120
  0.090   729936.130
  0.110   729936.140
  0.100   729936.150
  0.090   729936.150
  0.100   729936.160
  0.100   729936.170
  0.110   729936.170
  0.090   729936.180
  0.120   729936.190
  0.100   729936.190
  0.110   729936.200
  0.100   729936.210
  0.110   729936.210
  0.110   729936.220
  0.100   729936.230
  0.110   729936.240
  0.090   729936.240
  0.100   729936.250
  0.100   729936.260
  0.100   729936.260
  0.100   729936.270
  0.110   729936.280
  0.100   729936.280
  0.090   729936.290
  0.090   729936.300
  0.100   729936.300
  0.090   729936.310
  0.110   729936.320
  0.090   729936.330
  0.100   729936.330
  0.810   729936.340
  0.210   729936.350
  0.090   729936.350
  0.110   729936.360
  0.100   729936.370
  0.110   729936.370
  0.090   729936.380
  0.100   729936.390
  0.100   729936.400
  0.100   729936.400
  0.100   729936.410
  0.110   729936.420
  0.090   729936.420
  0.100   729936.430
  0.110   729936.440
  0.090   729936.440
  0.110   729936.450
  0.110   729936.460
  0.090   729936.460
  0.100   729936.470
  0.090   729936.480
  0.090   729936.490
  0.100   729936.490
  0.100   729936.500
  0.100   729936.510
  0.100   729936.510
  0.090   729936.520
  0.100   729936.530
  0.590   729936.530
  0.700   729936.540
  0.090   729936.550
  0.090   729936.550
  0.090   729936.560
  0.080   729936.570
  0.090   729936.580
  0.090   729936.580
  0.100   729936.590
  0.100   729936.600
  0.090   729936.600
  0.090   729936.610
  0.090   729936.620
  0.080   729936.620
  0.100   729936.630
  0.090   729936.640
  0.110   729936.650
  0.100   729936.650
  0.090   729936.660
  0.110   729936.670
  0.090   729936.670
  0.100   729936.680
  0.100   729936.690
  0.100   729936.690
  0.090   729936.700
  0.090   729936.710
  0.100   729936.710
  0.110   729936.720
  0.130   729936.730
  0.120   729936.730
  0.110   729936.740
  0.090   729936.750
  0.090   729936.750
  0.100   729936.760
  1.330   729936.770
  1.070   729936.780
  0.090   729936.780
  0.100   729936.790
  0.100   729936.790
  0.100   729936.790
  0.100   729936.790
  0.100   729936.790
  0.100   729936.790
  0.100   729936.790
  0.090   729936.850
  0.090   729936.860
  0.090   729936.870
  0.080   729936.870
  0.080   729936.880
  0.090   729936.890
  0.080   729936.890
  0.090   729936.900
  0.090   729936.910
  0.100   729936.910
  0.090   729936.920
  0.610   729936.930
