  0.250   729936.000
  0.350   729936.000
  0.480   729936.010
  0.280   729936.020
  0.340   729936.030
  0.540   729936.030
  0.550   729936.040
  0.320   729936.050
  0.460   729936.050
  0.340   729936.060
  0.420   729936.070
  0.450   729936.070
  0.420   729936.080
  0.470   729936.090
  0.330   729936.090
  0.320   729936.100
  0.570   729936.110
  0.490   729936.120
  0.410   729936.120
  0.490   729936.130
  0.450   729936.140
  0.650   729936.140
  0.450   729936.150
  0.400   729936.160
  0.410   729936.160
  0.510   729936.170
  0.620   729936.180
  0.540   729936.180
  0.740   729936.190
  0.730   729936.200
  0.600   729936.210
  0.420   729936.210
  0.420   729936.220
  0.710   729936.230
  0.560   729936.230
  0.440   729936.240
  0.330   729936.250
  0.600   729936.250
  0.560   729936.260
  0.500   729936.270
  0.400   729936.280
  0.550   729936.280
  0.590   729936.290
  0.530   729936.300
  0.370   729936.300
  0.210   729936.310
  0.400   729936.320
  0.300   729936.320
  0.390   729936.330
  2.070   729936.340
  1.700   729936.340
  0.380   729936.350
  0.480   729936.360
  0.360   729936.370
  0.380   729936.370
  0.560   729936.380
  0.450   729936.390
  0.390   729936.390
  0.310   729936.400
  0.360   729936.410
  0.440   729936.410
  0.350   729936.420
  0.330   729936.430
  0.340   729936.430
  0.360   729936.440
  0.320   729936.450
  0.260   729936.460
  0.270   729936.460
  0.260   729936.470
  0.220   729936.480
  0.240   729936.480
  0.240   729936.490
  0.260   729936.500
  0.220   729936.500
  0.230   729936.510
  0.290   729936.520
  0.260   729936.530
  0.210   729936.530
  0.210   729936.540
  0.180   729936.550
  0.160   729936.550
  0.200   729936.560
  0.170   729936.570
  0.170   729936.570
  0.180   729936.580
  0.160   729936.590
  0.170   729936.590
  0.140   729936.600
  0.150   729936.610
  0.140   729936.620
  0.130   729936.620
  0.160   729936.630
  0.150   729936.640
  0.150   729936.640
  0.170   729936.650
  0.150   729936.660
  0.150   729936.660
  0.150   729936.670
  0.120   729936.680
  0.130   729936.680
  0.130   729936.690
  0.120   729936.700
  0.130   729936.710
  0.130   729936.710
  0.140   729936.720
  0.150   729936.730
  0.130   729936.730
  0.140   729936.740
  0.140   729936.750
  0.150   729936.750
  0.160   729936.760
  0.170   729936.770
  0.170   729936.770
  0.190   729936.780
  0.230   729936.790
  0.230   729936.790
  0.230   729936.790
  0.230   729936.790
  0.230   729936.790
  0.230   729936.790
  0.230   729936.790
    NaN   729936.850
    NaN   729936.860
  0.210   729936.860
  0.310   729936.870
  0.360   729936.880
  0.170   729936.890
  0.330   729936.890
  0.210   729936.900
  0.140   729936.910
  0.410   729936.910
  0.290   729936.920
  0.170   729936.930
