  0.303   730122.001
  0.320   730122.008
  0.305   730122.015
  0.255   730122.022
  0.282   730122.029
  0.308   730122.036
  0.294   730122.043
  0.350   730122.050
  0.312   730122.057
  0.311   730122.064
  0.318   730122.071
  0.295   730122.078
  0.307   730122.085
  0.310   730122.092
  0.343   730122.099
  0.303   730122.106
  0.300   730122.113
  0.318   730122.119
  0.285   730122.126
  0.300   730122.133
  0.310   730122.140
  0.279   730122.147
  0.302   730122.154
  0.299   730122.161
  0.349   730122.168
  0.344   730122.175
  0.336   730122.182
  0.370   730122.189
  0.294   730122.196
  0.300   730122.203
  0.424   730122.210
  0.302   730122.217
  0.330   730122.224
  0.306   730122.231
  0.332   730122.238
  0.393   730122.244
  0.365   730122.251
  0.347   730122.258
  0.330   730122.265
  0.305   730122.272
  0.304   730122.279
  0.269   730122.286
  0.309   730122.293
  0.326   730122.300
  0.286   730122.307
  0.293   730122.314
  0.317   730122.321
  0.343   730122.328
  0.312   730122.335
  0.335   730122.342
  0.292   730122.349
  0.332   730122.356
  0.312   730122.363
  0.236   730122.369
  0.339   730122.376
  0.251   730122.383
  0.255   730122.390
  0.350   730122.397
  0.309   730122.404
  0.314   730122.411
  0.271   730122.418
  0.287   730122.425
  0.307   730122.432
  0.309   730122.439
  0.320   730122.446
  0.368   730122.453
  0.311   730122.460
    NaN   730122.467
  0.318   730122.474
  0.310   730122.481
  0.347   730122.488
  0.389   730122.494
  0.283   730122.501
  0.320   730122.508
  0.329   730122.515
  0.314   730122.522
  0.299   730122.529
  0.317   730122.536
  0.328   730122.543
  0.237   730122.550
  0.288   730122.557
  0.257   730122.564
  0.324   730122.571
  0.294   730122.578
  0.304   730122.585
  1.091   730122.592
  0.266   730122.599
  0.268   730122.606
  0.333   730122.613
  0.277   730122.619
  0.341   730122.626
  0.244   730122.633
  0.277   730122.640
  0.303   730122.647
  0.281   730122.654
  0.285   730122.661
  0.309   730122.668
  0.256   730122.675
  0.290   730122.682
  0.266   730122.689
  0.258   730122.696
  0.221   730122.703
  0.270   730122.710
  0.234   730122.717
  0.295   730122.724
  0.311   730122.731
  0.266   730122.738
  0.311   730122.744
  0.292   730122.751
  0.277   730122.758
  0.258   730122.765
  0.326   730122.772
  0.268   730122.779
  0.272   730122.786
  0.266   730122.793
  0.312   730122.800
  0.284   730122.807
  0.250   730122.814
  0.232   730122.821
  0.293   730122.828
  0.333   730122.835
  0.283   730122.842
  0.332   730122.849
  0.299   730122.856
  0.249   730122.863
  0.332   730122.869
  0.291   730122.876
  0.342   730122.883
  0.281   730122.890
  0.304   730122.897
  0.284   730122.904
  0.428   730122.911
  0.231   730122.918
  0.251   730122.925
  0.232   730122.932
  0.251   730122.939
  0.257   730122.946
  0.274   730122.953
  0.281   730122.960
    NaN   730122.967
  0.255   730122.974
  0.260   730122.981
  0.290   730122.988
  0.286   730122.994
