    NaN   730122.001
    NaN   730122.008
    NaN   730122.015
    NaN   730122.022
    NaN   730122.029
    NaN   730122.036
    NaN   730122.043
 38.070   730122.050
    NaN   730122.057
 36.071   730122.064
 24.099   730122.071
 17.685   730122.078
  6.798   730122.085
  1.288   730122.092
  1.365   730122.099
  1.397   730122.106
  1.167   730122.113
  1.085   730122.119
  1.275   730122.126
  1.256   730122.133
  1.204   730122.140
  1.199   730122.147
  1.168   730122.154
  1.153   730122.161
  1.416   730122.168
  1.264   730122.175
  1.359   730122.182
  1.407   730122.189
  1.250   730122.196
  1.323   730122.203
  1.535   730122.210
  1.272   730122.217
  1.268   730122.224
  1.302   730122.231
  1.279   730122.238
  1.244   730122.244
  1.299   730122.251
  1.270   730122.258
  1.069   730122.265
  1.300   730122.272
  1.144   730122.279
  1.293   730122.286
  1.410   730122.293
  1.165   730122.300
  1.266   730122.307
  1.146   730122.314
    NaN   730122.321
  1.332   730122.328
  1.269   730122.335
  1.388   730122.342
  1.209   730122.349
  1.227   730122.356
  1.491   730122.363
  1.215   730122.369
  1.364   730122.376
  1.452   730122.383
  1.229   730122.390
  1.414   730122.397
  1.422   730122.404
  1.362   730122.411
  1.547   730122.418
  1.416   730122.425
  1.483   730122.432
  1.241   730122.439
  1.610   730122.446
  1.530   730122.453
  1.547   730122.460
  1.744   730122.467
  1.759   730122.474
  1.565   730122.481
  1.656   730122.488
  1.759   730122.494
  1.755   730122.501
  1.739   730122.508
  1.786   730122.515
  1.706   730122.522
  1.803   730122.529
  1.838   730122.536
  1.719   730122.543
  1.842   730122.550
  1.477   730122.557
  1.700   730122.564
  1.706   730122.571
  1.759   730122.578
  1.538   730122.585
  1.738   730122.592
  1.530   730122.599
  1.649   730122.606
  1.875   730122.613
  1.716   730122.619
  1.819   730122.626
  1.675   730122.633
  1.580   730122.640
  1.545   730122.647
  1.515   730122.654
  1.408   730122.661
  1.570   730122.668
  1.437   730122.675
  1.786   730122.682
  1.664   730122.689
  1.428   730122.696
  1.249   730122.703
  1.690   730122.710
  1.374   730122.717
  1.328   730122.724
  1.750   730122.731
  1.406   730122.738
  1.522   730122.744
  1.241   730122.751
  1.361   730122.758
  1.375   730122.765
  1.501   730122.772
  1.551   730122.779
  1.409   730122.786
  1.346   730122.793
  1.409   730122.800
  1.315   730122.807
  1.419   730122.814
    NaN   730122.821
  1.739   730122.828
  1.547   730122.835
  1.472   730122.842
  1.708   730122.849
  1.713   730122.856
  1.475   730122.863
  1.634   730122.869
  1.433   730122.876
  1.641   730122.883
  1.561   730122.890
  1.496   730122.897
  1.582   730122.904
  1.782   730122.911
  1.369   730122.918
  1.846   730122.925
  1.772   730122.932
  1.613   730122.939
  1.598   730122.946
  1.585   730122.953
  1.694   730122.960
  1.522   730122.967
  1.642   730122.974
  1.790   730122.981
  1.677   730122.988
  1.537   730122.994
