  0.346   730146.001
  0.279   730146.008
  0.381   730146.015
  0.354   730146.022
  0.383   730146.028
  0.345   730146.035
  0.433   730146.042
  0.367   730146.049
  0.418   730146.057
  0.428   730146.063
  0.366   730146.070
  0.412   730146.078
  0.386   730146.084
  0.386   730146.091
  0.375   730146.098
  0.320   730146.105
  0.339   730146.112
  0.325   730146.119
  0.321   730146.126
  0.343   730146.133
  0.322   730146.140
  0.300   730146.147
  0.290   730146.153
  0.340   730146.160
  0.335   730146.167
  0.326   730146.174
  0.298   730146.181
  0.343   730146.188
  0.299   730146.195
  0.312   730146.202
  0.342   730146.209
  0.330   730146.216
  0.321   730146.223
  0.302   730146.230
  0.313   730146.237
  0.274   730146.244
  0.302   730146.251
  0.250   730146.258
  0.280   730146.265
  0.288   730146.272
    NaN   730146.278
  0.280   730146.287
  0.312   730146.293
  0.300   730146.299
  0.303   730146.306
  0.234   730146.313
  0.263   730146.320
  0.263   730146.328
  0.261   730146.334
  0.282   730146.341
  0.301   730146.348
  0.263   730146.355
  0.274   730146.362
  0.251   730146.369
  0.299   730146.376
  0.251   730146.383
  0.275   730146.390
  0.259   730146.397
  0.290   730146.403
  0.275   730146.411
  0.275   730146.418
  0.285   730146.424
  0.249   730146.431
  0.281   730146.438
  0.255   730146.446
  0.249   730146.453
  0.265   730146.459
  0.282   730146.466
  0.269   730146.473
  0.282   730146.480
  0.254   730146.487
  0.247   730146.494
  0.236   730146.501
  0.271   730146.508
  0.244   730146.515
  0.234   730146.522
  0.416   730146.528
  0.265   730146.535
  0.230   730146.542
  0.246   730146.549
  0.221   730146.556
  0.256   730146.563
  0.238   730146.570
  0.291   730146.577
  0.224   730146.584
  0.237   730146.591
  0.222   730146.598
  0.261   730146.605
  0.245   730146.612
  0.234   730146.619
  0.226   730146.626
  0.256   730146.633
  0.283   730146.640
  0.285   730146.647
  0.281   730146.653
  0.266   730146.660
  0.298   730146.667
  0.250   730146.674
  0.313   730146.681
  0.280   730146.688
  0.249   730146.695
  0.286   730146.702
  0.269   730146.709
  0.264   730146.716
  0.287   730146.723
  0.280   730146.730
  0.329   730146.737
  0.321   730146.744
  0.311   730146.751
  0.278   730146.758
  0.325   730146.765
  0.326   730146.772
  0.271   730146.778
  0.342   730146.785
  0.326   730146.792
  0.314   730146.799
  0.289   730146.807
  0.306   730146.813
  0.319   730146.820
  0.324   730146.828
  0.346   730146.834
  0.308   730146.841
  0.289   730146.848
  0.293   730146.855
  0.317   730146.862
  0.310   730146.869
  0.299   730146.876
  0.317   730146.883
  0.317   730146.890
  0.313   730146.897
  0.294   730146.903
  0.297   730146.910
  0.291   730146.917
  0.303   730146.924
  0.293   730146.931
  0.278   730146.939
  0.316   730146.946
  0.300   730146.952
  0.289   730146.959
  0.260   730146.966
  0.275   730146.973
  0.247   730146.981
  0.310   730146.987
  0.276   730146.994
