  0.967   730146.000
  0.584   730146.007
  0.546   730146.014
  0.403   730146.021
  0.196   730146.028
  0.107   730146.035
  0.103   730146.042
  0.072   730146.049
  0.065   730146.056
  0.100   730146.062
  0.056   730146.069
  0.098   730146.076
  0.237   730146.083
  0.349   730146.090
  0.532   730146.097
  0.989   730146.104
  1.249   730146.111
  1.726   730146.118
  1.418   730146.125
  1.722   730146.132
  1.504   730146.139
  1.380   730146.146
  1.199   730146.153
  0.735   730146.160
  0.373   730146.167
  0.278   730146.174
  0.339   730146.181
  0.452   730146.188
  0.451   730146.194
  0.484   730146.201
  0.701   730146.208
  0.928   730146.215
  0.855   730146.222
  1.245   730146.229
  1.295   730146.236
  1.225   730146.243
  1.146   730146.250
  1.557   730146.257
  1.554   730146.264
  1.861   730146.271
  1.672   730146.278
  1.683   730146.286
  1.300   730146.292
  1.464   730146.299
  1.364   730146.306
  0.919   730146.312
  0.866   730146.319
  0.630   730146.326
  0.352   730146.333
  0.214   730146.340
  0.091   730146.347
  0.061   730146.354
  0.049   730146.361
  0.050   730146.368
  0.051   730146.375
  0.053   730146.382
  0.048   730146.389
  0.051   730146.396
  0.047   730146.403
  0.050   730146.410
  0.052   730146.417
  0.048   730146.424
  0.047   730146.431
  0.047   730146.438
  0.053   730146.444
  0.053   730146.452
  0.052   730146.458
  0.051   730146.465
  0.055   730146.472
  0.071   730146.479
  0.066   730146.486
  0.049   730146.493
  0.049   730146.500
  0.044   730146.507
  0.046   730146.514
  0.045   730146.521
  0.117   730146.528
  0.044   730146.535
  0.043   730146.542
  0.042   730146.549
  0.050   730146.556
  0.043   730146.562
  0.111   730146.569
  0.047   730146.576
  0.044   730146.583
  0.040   730146.590
  0.050   730146.597
  0.036   730146.604
  0.036   730146.611
  0.049   730146.618
  0.034   730146.625
  0.037   730146.632
  0.034   730146.639
  0.042   730146.646
  0.037   730146.653
  0.042   730146.660
  0.045   730146.667
  0.055   730146.674
  0.042   730146.681
  0.040   730146.688
  0.049   730146.694
  0.044   730146.701
  0.054   730146.708
  0.057   730146.715
  0.042   730146.722
  0.038   730146.729
  0.054   730146.736
  0.047   730146.743
  0.057   730146.750
  0.123   730146.757
  0.073   730146.764
  0.086   730146.771
  0.063   730146.778
  0.178   730146.785
  0.092   730146.792
  0.093   730146.799
  0.102   730146.806
  0.123   730146.812
  0.049   730146.819
  0.104   730146.826
  0.080   730146.833
  0.244   730146.840
  0.082   730146.847
  0.116   730146.854
  0.352   730146.861
  0.084   730146.868
  0.048   730146.875
  0.174   730146.882
  0.112   730146.889
  0.186   730146.896
  0.514   730146.903
  0.308   730146.910
  0.443   730146.917
  1.025   730146.924
  1.752   730146.931
  1.732   730146.938
  1.701   730146.944
  1.739   730146.951
  1.766   730146.958
  1.671   730146.965
  1.862   730146.972
  1.446   730146.979
  1.421   730146.986
  1.359   730146.993
