  0.939   730146.000
  1.168   730146.007
  1.018   730146.014
  1.050   730146.021
  1.123   730146.028
  0.969   730146.035
  1.270   730146.042
  1.102   730146.049
  1.145   730146.056
  1.100   730146.062
  1.082   730146.069
  1.171   730146.076
  1.108   730146.083
  1.070   730146.090
  1.109   730146.097
  1.132   730146.104
  1.236   730146.111
  1.093   730146.118
  1.204   730146.125
  1.105   730146.132
  1.252   730146.139
  1.058   730146.146
  1.233   730146.153
  1.284   730146.160
  1.158   730146.167
  1.173   730146.174
  1.336   730146.181
  1.139   730146.188
  1.136   730146.194
  1.188   730146.201
  1.005   730146.208
  1.149   730146.215
  1.288   730146.222
  1.198   730146.229
  1.217   730146.236
  1.181   730146.243
  1.118   730146.250
  1.174   730146.257
  1.321   730146.264
  1.156   730146.271
  1.209   730146.278
  1.208   730146.285
  1.252   730146.292
  1.441   730146.299
  1.083   730146.306
  1.469   730146.312
  1.261   730146.319
  1.284   730146.326
  1.310   730146.333
  1.230   730146.340
  1.586   730146.347
  1.234   730146.354
  1.270   730146.361
  1.299   730146.368
  1.392   730146.375
  1.323   730146.382
  1.358   730146.389
  1.251   730146.396
  1.325   730146.403
  1.327   730146.410
  1.159   730146.417
  1.313   730146.424
  1.351   730146.431
  1.414   730146.438
  1.231   730146.444
  1.382   730146.451
  1.297   730146.458
  1.354   730146.465
  1.276   730146.472
  1.345   730146.479
  1.316   730146.486
  1.440   730146.493
  1.232   730146.500
  1.303   730146.507
  1.228   730146.514
  1.186   730146.521
  3.047   730146.528
  1.267   730146.535
  1.186   730146.542
  1.289   730146.549
  1.207   730146.556
  1.251   730146.562
  1.179   730146.569
  1.268   730146.576
  1.295   730146.583
  1.306   730146.590
  1.356   730146.597
  1.234   730146.604
  1.306   730146.611
  1.273   730146.618
  1.296   730146.625
  1.311   730146.632
  1.327   730146.639
  1.314   730146.646
  1.280   730146.653
  1.518   730146.660
  1.237   730146.667
  1.267   730146.674
  1.671   730146.681
  1.443   730146.688
  1.292   730146.694
  1.335   730146.701
  1.284   730146.708
  1.342   730146.715
  1.267   730146.722
  1.282   730146.729
  1.172   730146.736
  1.424   730146.743
  1.279   730146.750
  1.132   730146.757
  1.090   730146.764
  1.197   730146.771
  1.250   730146.778
  1.336   730146.785
  1.022   730146.792
  1.282   730146.799
  1.326   730146.806
  1.357   730146.812
  1.334   730146.819
  1.165   730146.826
  1.444   730146.833
  1.295   730146.840
  1.213   730146.847
  1.196   730146.854
  1.273   730146.861
  1.333   730146.868
    NaN   730146.875
  1.304   730146.882
  1.335   730146.889
  1.207   730146.896
  1.382   730146.903
  1.169   730146.910
  1.400   730146.917
  1.146   730146.924
  1.076   730146.931
  1.334   730146.938
  1.342   730146.944
  1.138   730146.951
  1.250   730146.958
  1.205   730146.965
  1.301   730146.972
  1.254   730146.979
  1.231   730146.986
  1.207   730146.993
