  0.391   730146.001
  0.406   730146.008
  0.425   730146.015
  0.455   730146.022
  0.444   730146.029
  0.426   730146.036
  0.413   730146.043
  0.463   730146.050
  0.408   730146.057
  0.438   730146.064
  0.389   730146.071
    NaN   730146.078
  3.804   730146.085
  0.375   730146.092
  0.486   730146.099
  0.366   730146.106
  0.480   730146.113
  0.428   730146.119
  0.352   730146.126
  0.453   730146.133
  0.363   730146.140
  0.405   730146.147
  0.398   730146.154
  0.427   730146.161
  0.416   730146.168
  0.453   730146.175
  0.413   730146.182
  0.449   730146.189
  0.366   730146.195
  0.371   730146.203
  0.364   730146.210
  0.374   730146.217
  0.416   730146.224
  0.403   730146.231
  0.419   730146.238
  0.386   730146.244
  0.368   730146.251
  0.386   730146.258
  0.405   730146.265
  0.311   730146.272
  0.398   730146.279
  0.399   730146.288
  0.426   730146.293
  0.456   730146.300
  0.467   730146.307
  0.423   730146.314
  0.455   730146.321
  0.510   730146.328
  0.461   730146.335
  0.426   730146.342
  0.439   730146.349
  0.421   730146.356
  0.469   730146.363
  0.430   730146.369
  0.552   730146.376
  0.424   730146.383
  0.445   730146.390
  0.402   730146.397
  0.423   730146.404
  0.394   730146.411
  0.412   730146.418
  0.434   730146.425
  0.415   730146.432
  0.420   730146.439
  0.445   730146.446
  0.437   730146.453
  0.448   730146.460
  0.456   730146.467
  0.479   730146.474
  0.439   730146.481
  0.514   730146.488
  0.482   730146.494
  0.494   730146.501
  0.513   730146.508
  0.564   730146.515
  0.560   730146.522
  0.513   730146.529
  0.560   730146.536
  0.547   730146.543
  0.517   730146.550
  0.493   730146.557
  0.583   730146.564
  0.548   730146.571
    NaN   730146.578
  3.818   730146.585
  0.613   730146.592
  0.694   730146.599
  0.595   730146.606
  0.614   730146.613
  0.593   730146.619
  0.635   730146.626
  0.601   730146.633
  0.676   730146.640
  0.580   730146.647
  0.662   730146.654
  0.616   730146.661
  0.558   730146.668
  0.627   730146.675
  0.661   730146.682
  0.543   730146.689
  0.507   730146.696
  0.622   730146.703
  0.559   730146.710
  0.701   730146.717
  0.697   730146.724
  0.717   730146.731
  0.637   730146.738
  0.704   730146.744
  0.676   730146.751
  0.676   730146.758
  0.608   730146.765
  0.721   730146.772
  0.633   730146.779
  0.646   730146.786
  0.656   730146.793
  0.701   730146.800
  0.730   730146.807
  0.677   730146.814
  0.632   730146.821
  0.657   730146.828
  0.643   730146.835
  0.734   730146.842
  0.738   730146.849
  0.655   730146.856
  0.638   730146.863
  0.691   730146.869
  0.722   730146.876
  0.724   730146.883
  0.748   730146.890
  0.651   730146.897
  0.778   730146.904
  0.668   730146.911
  0.780   730146.918
  0.669   730146.925
  0.703   730146.932
  0.768   730146.939
  0.701   730146.946
  0.723   730146.953
  0.706   730146.960
  0.685   730146.967
  0.667   730146.974
  0.761   730146.981
  0.698   730146.988
  0.683   730146.994
