  0.473   730146.000
  0.505   730146.007
  0.671   730146.014
    NaN   730146.021
  0.537   730146.028
  0.548   730146.035
  0.541   730146.042
  0.510   730146.049
  0.567   730146.056
  0.561   730146.062
  0.558   730146.069
  0.588   730146.076
  0.628   730146.083
  0.644   730146.090
  0.923   730146.097
  0.565   730146.104
  0.543   730146.111
  0.521   730146.118
  0.595   730146.125
  0.566   730146.132
  0.509   730146.139
  0.554   730146.146
  0.563   730146.153
  0.638   730146.160
  0.589   730146.167
  0.538   730146.174
  1.277   730146.181
  0.648   730146.188
  0.593   730146.194
  0.512   730146.201
  0.592   730146.208
  0.614   730146.215
  0.558   730146.222
  0.600   730146.229
  0.594   730146.236
  0.714   730146.243
  0.809   730146.250
  0.895   730146.257
  0.851   730146.264
  1.021   730146.271
  0.905   730146.278
  0.967   730146.285
  0.861   730146.292
  0.971   730146.299
  0.895   730146.306
  0.886   730146.312
  0.714   730146.319
  0.716   730146.326
  0.762   730146.333
  0.727   730146.340
  0.796   730146.347
  0.757   730146.354
  0.720   730146.361
  0.793   730146.368
  0.643   730146.375
  0.714   730146.382
  0.760   730146.389
  0.710   730146.396
  0.709   730146.403
  0.734   730146.410
  0.773   730146.417
  0.803   730146.424
  0.704   730146.431
  0.682   730146.438
  0.685   730146.444
  0.776   730146.451
  0.692   730146.458
  0.683   730146.465
  0.699   730146.472
  0.682   730146.479
  0.678   730146.486
  0.640   730146.493
  0.672   730146.500
  0.854   730146.507
  0.679   730146.514
  0.770   730146.521
  1.022   730146.528
  0.745   730146.535
  0.739   730146.542
  0.687   730146.549
  0.681   730146.556
  0.702   730146.562
  0.701   730146.569
  0.687   730146.576
  0.633   730146.583
  0.616   730146.590
  0.687   730146.597
  0.787   730146.604
  0.619   730146.611
  0.550   730146.618
  0.663   730146.625
  0.608   730146.632
  0.630   730146.639
  0.635   730146.646
  0.659   730146.653
  0.640   730146.660
  0.604   730146.667
  0.643   730146.674
  0.593   730146.681
  0.661   730146.688
  0.657   730146.694
  0.577   730146.701
  0.602   730146.708
  0.643   730146.715
  0.586   730146.722
  0.577   730146.729
  0.618   730146.736
  0.633   730146.743
  0.645   730146.750
  0.690   730146.757
  0.633   730146.764
  0.580   730146.771
  0.614   730146.778
  0.592   730146.785
  0.632   730146.792
  0.607   730146.799
  0.596   730146.806
  1.171   730146.812
  0.593   730146.819
  0.604   730146.826
  0.579   730146.833
  0.615   730146.840
  0.621   730146.847
  0.637   730146.854
  0.601   730146.861
  0.600   730146.868
  0.581   730146.875
  0.646   730146.882
  0.673   730146.889
  0.628   730146.896
  0.570   730146.903
  0.584   730146.910
  0.564   730146.917
  0.601   730146.924
  0.539   730146.931
  0.614   730146.938
  0.618   730146.944
  0.575   730146.951
  0.564   730146.958
  0.526   730146.965
  0.555   730146.972
  0.486   730146.979
  0.503   730146.986
  0.620   730146.993
