  1.215   730146.002
  1.354   730146.009
  1.362   730146.016
  1.274   730146.023
  1.415   730146.030
  1.297   730146.037
  1.387   730146.044
  1.359   730146.051
  1.398   730146.058
  1.446   730146.065
  1.359   730146.072
  1.312   730146.078
  1.420   730146.085
  1.383   730146.092
  1.243   730146.099
  1.397   730146.106
  1.518   730146.113
  1.172   730146.120
  1.359   730146.127
  1.229   730146.134
  2.003   730146.141
  1.340   730146.148
  1.506   730146.155
  1.392   730146.162
  1.465   730146.169
  1.189   730146.176
  1.294   730146.183
  1.232   730146.190
  1.312   730146.196
  1.329   730146.203
  1.305   730146.210
  1.159   730146.217
  1.239   730146.224
  1.094   730146.231
  1.349   730146.238
  1.419   730146.245
  1.289   730146.252
  1.239   730146.260
  1.170   730146.266
  0.964   730146.273
  0.973   730146.281
  0.943   730146.289
  1.055   730146.294
  1.002   730146.301
  1.092   730146.308
  1.019   730146.315
  1.116   730146.322
  1.038   730146.328
  1.105   730146.335
  1.018   730146.342
  1.205   730146.349
  1.033   730146.356
  0.995   730146.363
  1.202   730146.370
  1.424   730146.377
  1.105   730146.384
  1.267   730146.391
  1.246   730146.398
  1.418   730146.405
  1.398   730146.412
  1.377   730146.419
  1.360   730146.426
    NaN   730146.433
  1.528   730146.440
  1.947   730146.447
  1.589   730146.454
  1.627   730146.460
  1.523   730146.467
  1.408   730146.474
  1.418   730146.481
  1.502   730146.488
  1.300   730146.495
  1.308   730146.502
  1.448   730146.509
  1.419   730146.516
  1.379   730146.523
  1.528   730146.530
  1.347   730146.537
  1.206   730146.544
  1.157   730146.551
  1.555   730146.558
  1.424   730146.565
  1.264   730146.572
  1.278   730146.578
  1.289   730146.585
  1.449   730146.592
  1.407   730146.599
  1.313   730146.606
  1.251   730146.613
  1.329   730146.620
  1.245   730146.627
  1.235   730146.634
  1.220   730146.641
  1.267   730146.648
  1.273   730146.655
  1.455   730146.662
  1.451   730146.669
  1.055   730146.676
  1.278   730146.683
  1.289   730146.690
  1.242   730146.697
  1.069   730146.703
  1.184   730146.710
  1.134   730146.717
  1.158   730146.724
  1.309   730146.731
  1.224   730146.738
  1.320   730146.745
  1.027   730146.752
  1.153   730146.759
  1.138   730146.766
  1.103   730146.773
  1.259   730146.780
  1.091   730146.787
  1.219   730146.794
  1.224   730146.801
  1.226   730146.808
  1.178   730146.815
  1.254   730146.822
  1.126   730146.828
  1.157   730146.835
  1.148   730146.842
  1.151   730146.849
  1.244   730146.856
  1.061   730146.863
  1.033   730146.870
  1.036   730146.877
  1.140   730146.884
  1.187   730146.891
  1.090   730146.898
  1.274   730146.905
  1.316   730146.912
  1.261   730146.919
  1.145   730146.926
    NaN   730146.933
  1.277   730146.940
  1.174   730146.947
  1.132   730146.953
  1.175   730146.960
  1.159   730146.967
  1.180   730146.974
  1.153   730146.981
  1.189   730146.988
  1.127   730146.995
