  0.440   729987.000
  0.450   729987.000
  0.420   729987.010
  0.400   729987.020
  0.360   729987.030
  0.400   729987.030
  0.390   729987.040
  0.370   729987.050
  0.380   729987.050
  0.380   729987.060
  0.340   729987.070
  0.340   729987.070
  0.380   729987.080
  0.370   729987.090
  0.400   729987.090
  0.430   729987.100
    NaN   729987.110
    NaN   729987.120
    NaN   729987.120
  0.370   729987.130
  0.400   729987.140
  0.350   729987.140
  0.340   729987.150
  0.310   729987.160
  0.360   729987.160
  0.330   729987.170
  0.320   729987.180
  0.340   729987.180
  0.320   729987.190
    NaN   729987.200
    NaN   729987.210
  0.370   729987.210
  0.390   729987.220
  0.380   729987.230
  0.370   729987.230
  0.400   729987.240
  0.360   729987.250
  0.400   729987.250
  0.390   729987.260
  0.390   729987.270
  1.190   729987.280
  1.530   729987.280
  0.520   729987.290
  0.380   729987.300
  0.360   729987.300
  0.360   729987.310
  0.310   729987.320
  0.330   729987.320
  0.290   729987.330
  0.320   729987.340
  0.320   729987.340
  0.300   729987.350
  0.310   729987.360
  0.310   729987.370
  0.290   729987.370
  0.300   729987.380
  0.290   729987.390
  0.320   729987.390
  0.280   729987.400
  0.280   729987.410
  0.290   729987.410
  0.260   729987.420
  0.270   729987.430
  0.310   729987.430
  0.300   729987.440
  0.260   729987.450
  0.270   729987.460
  0.270   729987.460
  0.270   729987.470
  0.280   729987.480
    NaN   729987.480
    NaN   729987.490
  0.290   729987.500
  0.270   729987.500
  0.280   729987.510
  0.270   729987.520
  0.270   729987.530
  0.280   729987.530
  0.280   729987.540
  0.250   729987.550
  0.290   729987.550
  0.290   729987.560
  0.280   729987.570
  0.260   729987.570
  0.260   729987.580
  0.300   729987.590
  0.330   729987.590
  0.300   729987.600
  0.310   729987.610
  0.310   729987.620
  1.010   729987.620
  0.660   729987.630
  0.300   729987.640
  0.280   729987.640
  0.320   729987.650
  0.310   729987.660
  0.300   729987.660
  0.330   729987.690
  0.300   729987.700
  0.280   729987.710
  0.300   729987.710
  0.280   729987.720
  0.270   729987.730
  0.300   729987.730
  0.320   729987.740
  0.290   729987.750
  0.300   729987.750
  0.290   729987.760
  0.310   729987.770
  0.310   729987.780
  0.300   729987.780
  0.260   729987.790
  0.270   729987.800
  0.270   729987.800
    NaN   729987.810
  0.390   729987.820
  0.390   729987.820
  0.250   729987.830
  0.270   729987.840
  0.260   729987.840
  0.250   729987.850
    NaN   729987.860
  0.230   729987.870
  0.230   729987.870
  0.230   729987.880
  0.210   729987.890
  0.230   729987.890
  0.210   729987.900
  0.220   729987.910
  0.210   729987.910
  0.210   729987.920
  0.220   729987.930
  0.200   729987.930
  0.230   729987.940
  0.230   729987.950
  0.230   729987.960
  0.230   729987.960
  0.270   729987.970
  0.280   729987.980
  0.300   729987.980
  0.260   729987.990
