  0.840   729987.000
  0.840   729987.000
  0.760   729987.010
  0.790   729987.020
  0.780   729987.030
  0.770   729987.030
  0.810   729987.040
  0.760   729987.050
  0.800   729987.050
  0.800   729987.060
  0.700   729987.070
  0.750   729987.070
  0.660   729987.080
  0.690   729987.090
  0.690   729987.090
  0.710   729987.100
  0.670   729987.110
  0.700   729987.120
  0.680   729987.120
  0.630   729987.130
  0.680   729987.140
  0.590   729987.140
  0.630   729987.150
  0.650   729987.160
  0.650   729987.160
  0.690   729987.170
  0.690   729987.180
  0.710   729987.180
  0.660   729987.190
  0.580   729987.200
  0.640   729987.210
  0.670   729987.210
  0.670   729987.220
  0.640   729987.230
  0.690   729987.230
  0.660   729987.240
  0.610   729987.250
  0.640   729987.250
  0.560   729987.260
  0.650   729987.270
  2.100   729987.280
  2.180   729987.280
  0.860   729987.290
  0.570   729987.300
  0.580   729987.300
  0.590   729987.310
  0.580   729987.320
  0.590   729987.320
  0.580   729987.330
  0.610   729987.340
  0.650   729987.340
  0.570   729987.350
  0.640   729987.360
  0.640   729987.370
  0.640   729987.370
  0.610   729987.380
  0.600   729987.390
  0.630   729987.390
  0.630   729987.400
  0.600   729987.410
  0.620   729987.410
  0.630   729987.420
  0.640   729987.430
  0.650   729987.430
  0.650   729987.440
  0.660   729987.450
  0.590   729987.460
  0.640   729987.460
  0.650   729987.470
  0.670   729987.480
  0.650   729987.480
  0.660   729987.490
  0.600   729987.500
  0.610   729987.500
  0.630   729987.510
  0.650   729987.520
  0.610   729987.530
  0.610   729987.530
  0.650   729987.540
  0.590   729987.550
  0.640   729987.550
  0.610   729987.560
  0.770   729987.570
  0.620   729987.570
  0.690   729987.580
  0.680   729987.590
  0.650   729987.590
  0.650   729987.600
  0.640   729987.610
  0.660   729987.620
  1.480   729987.620
  0.690   729987.630
  0.700   729987.640
  0.720   729987.640
  0.740   729987.650
  0.780   729987.660
  0.710   729987.660
  0.720   729987.690
  0.750   729987.700
  0.650   729987.710
  0.700   729987.710
  0.650   729987.720
  0.640   729987.730
  0.670   729987.730
  0.580   729987.740
  0.610   729987.750
  0.630   729987.750
  0.620   729987.760
  0.660   729987.770
  0.630   729987.780
  0.620   729987.780
  0.580   729987.790
  0.540   729987.800
  0.590   729987.800
  0.630   729987.810
  0.690   729987.820
  0.600   729987.820
  0.570   729987.830
  0.570   729987.840
  0.690   729987.840
    NaN   729987.850
    NaN   729987.860
  0.480   729987.870
  0.530   729987.870
  0.490   729987.880
  0.450   729987.890
  0.490   729987.890
  0.490   729987.900
  0.500   729987.910
  0.470   729987.910
  0.520   729987.920
  0.530   729987.930
  0.510   729987.930
  0.540   729987.940
  0.530   729987.950
  0.580   729987.960
  0.490   729987.960
  0.530   729987.970
  0.630   729987.980
  0.580   729987.980
  0.620   729987.990
