 13.018   730212.054
 13.439   730212.056
 12.366   730212.063
 12.348   730212.070
 11.238   730212.076
 13.076   730212.084
 14.110   730212.091
 11.881   730212.097
 11.122   730212.104
 11.702   730212.111
 11.511   730212.119
 12.524   730212.126
 12.446   730212.132
 12.927   730212.139
 11.998   730212.146
 12.472   730212.153
 12.634   730212.160
 11.820   730212.174
 12.911   730212.180
 12.809   730212.185
 13.479   730212.191
 12.805   730212.198
 12.588   730212.203
 12.212   730212.219
 11.217   730212.222
 13.157   730212.228
 11.467   730212.235
 12.122   730212.248
 11.872   730212.251
 10.475   730212.259
 10.611   730212.270
 10.586   730212.274
  9.569   730212.284
  9.651   730212.288
 10.735   730212.296
 10.062   730212.306
  9.896   730212.308
 11.011   730212.312
  9.965   730212.318
  9.278   730212.325
  9.204   730212.331
  8.795   730212.338
 10.598   730212.343
 10.166   730212.349
  8.766   730212.355
  8.799   730212.361
 10.219   730212.368
 10.135   730212.375
 10.316   730212.382
 10.219   730212.389
  9.820   730212.396
  8.794   730212.403
  9.857   730212.410
  9.940   730212.417
  8.349   730212.424
  9.588   730212.430
  8.716   730212.437
  9.096   730212.444
  9.519   730212.452
  8.038   730212.459
  7.898   730212.465
  8.301   730212.472
  7.497   730212.479
  8.256   730212.486
  7.972   730212.493
  8.277   730212.500
  8.610   730212.507
  6.181   730212.514
  7.448   730212.521
  7.190   730212.528
  6.595   730212.535
  7.151   730212.542
  8.441   730212.549
  6.883   730212.556
  7.620   730212.563
  7.187   730212.569
  6.771   730212.576
  7.769   730212.584
  7.081   730212.590
  7.676   730212.597
  7.759   730212.604
  7.431   730212.611
  8.290   730212.619
  8.880   730212.626
  7.748   730212.632
  8.602   730212.639
  6.858   730212.646
  8.446   730212.653
  8.238   730212.667
  7.812   730212.674
  8.158   730212.680
  9.012   730212.687
  8.753   730212.694
  7.781   730212.701
  7.464   730212.709
  8.097   730212.715
 10.999   730212.722
  8.701   730212.729
  8.700   730212.736
  9.356   730212.743
  9.286   730212.751
  8.084   730212.753
  7.909   730212.757
  8.583   730212.764
  8.272   730212.766
  8.509   730212.771
 10.006   730212.778
  9.340   730212.783
  9.099   730212.787
  8.286   730212.793
  8.730   730212.799
  7.856   730212.806
  9.171   730212.809
  9.280   730212.814
  8.361   730212.820
  8.156   730212.827
  8.809   730212.834
 11.067   730212.840
  8.075   730212.847
  8.854   730212.854
  7.976   730212.862
  8.585   730212.868
  8.453   730212.876
  7.798   730212.882
  8.569   730212.889
  8.608   730212.896
  8.774   730212.903
  8.027   730212.910
  8.267   730212.917
  8.033   730212.924
  7.295   730212.931
  7.338   730212.937
  7.635   730212.944
  7.752   730212.952
  7.641   730212.960
  7.146   730212.965
  7.995   730212.972
  8.223   730212.979
  7.663   730212.986
  6.659   730212.993
