  1.925   730212.056
  1.882   730212.057
  1.725   730212.067
  1.820   730212.073
  1.654   730212.078
  1.481   730212.087
  1.551   730212.093
  1.610   730212.099
  1.887   730212.106
  1.709   730212.113
  1.717   730212.121
  1.588   730212.128
  1.735   730212.134
  1.503   730212.141
  1.599   730212.148
  1.376   730212.155
  1.772   730212.163
  1.668   730212.185
  1.532   730212.187
  1.655   730212.194
  1.559   730212.201
  1.613   730212.210
  1.794   730212.222
  1.653   730212.240
  1.645   730212.240
  1.322   730212.251
  1.460   730212.266
  1.354   730212.275
  1.590   730212.284
  1.536   730212.288
  1.341   730212.305
  1.318   730212.305
  1.208   730212.318
  1.290   730212.318
  1.218   730212.318
  1.284   730212.325
  1.318   730212.325
  1.285   730212.330
  1.318   730212.335
  1.123   730212.340
  1.186   730212.344
  1.355   730212.348
  1.250   730212.351
  1.232   730212.354
  1.259   730212.358
  1.260   730212.363
    NaN   730212.370
  1.269   730212.378
  1.258   730212.384
  1.219   730212.391
  1.341   730212.398
  1.209   730212.405
  1.198   730212.411
  1.116   730212.420
  1.126   730212.425
  1.150   730212.432
  1.117   730212.439
  1.115   730212.446
  1.037   730212.455
  1.171   730212.461
  1.297   730212.467
  1.137   730212.474
  1.078   730212.481
  1.107   730212.488
  0.933   730212.495
  1.037   730212.503
  1.034   730212.509
  1.024   730212.516
  1.066   730212.523
  1.040   730212.530
  1.077   730212.537
  0.934   730212.545
  1.099   730212.550
  1.172   730212.557
  1.062   730212.564
  0.955   730212.571
  1.000   730212.578
  0.926   730212.586
  1.087   730212.592
  1.211   730212.599
  1.177   730212.606
  1.035   730212.613
  1.108   730212.622
  1.028   730212.629
  1.118   730212.634
  1.097   730212.641
  1.091   730212.648
  1.077   730212.655
  1.163   730212.670
  1.152   730212.675
  1.094   730212.682
  1.064   730212.689
  1.217   730212.696
  1.045   730212.703
  1.093   730212.711
  1.106   730212.717
  1.711   730212.724
  1.111   730212.731
  1.105   730212.738
  1.049   730212.745
  1.138   730212.755
  1.185   730212.756
  1.113   730212.760
  1.052   730212.768
  1.004   730212.768
  1.065   730212.774
  1.110   730212.780
  1.219   730212.786
  1.180   730212.791
  1.065   730212.797
  1.144   730212.801
  0.983   730212.807
  1.078   730212.812
  1.131   730212.817
  1.096   730212.823
  1.056   730212.829
  1.093   730212.837
  1.076   730212.842
  1.127   730212.849
  1.160   730212.856
  0.988   730212.864
    NaN   730212.870
  1.151   730212.878
  1.005   730212.884
  1.120   730212.891
  1.063   730212.898
  1.004   730212.905
  1.299   730212.912
  1.058   730212.920
  1.171   730212.925
  1.236   730212.932
  1.019   730212.939
  1.060   730212.946
  1.160   730212.956
  1.146   730212.964
  1.106   730212.968
  1.173   730212.974
  1.230   730212.981
  1.065   730212.988
  1.114   730212.995
