  0.237   730212.054
  0.247   730212.056
 10.918   730212.063
  0.273   730212.070
  0.285   730212.076
  0.290   730212.084
  0.309   730212.091
  0.267   730212.097
  0.245   730212.104
  0.263   730212.111
  0.262   730212.119
  0.314   730212.126
  0.327   730212.132
  0.323   730212.139
  0.307   730212.146
  0.287   730212.153
  0.305   730212.160
  0.302   730212.174
  0.304   730212.181
  0.322   730212.186
  0.311   730212.192
  0.323   730212.199
  0.292   730212.206
  0.315   730212.219
  0.273   730212.222
  0.336   730212.229
  0.331   730212.240
  0.309   730212.248
  0.293   730212.255
  0.292   730212.260
  0.310   730212.274
  0.304   730212.277
  0.350   730212.296
  0.330   730212.288
  0.308   730212.299
  0.299   730212.308
  0.325   730212.310
  0.328   730212.314
  0.317   730212.319
  0.319   730212.326
  0.351   730212.332
  0.296   730212.339
  0.302   730212.344
  0.293   730212.350
  0.299   730212.356
  0.304   730212.361
  0.313   730212.368
  0.336   730212.376
  0.314   730212.382
  0.356   730212.389
  0.316   730212.396
  0.315   730212.403
  0.285   730212.410
  0.318   730212.417
  0.362   730212.424
  0.339   730212.431
  0.279   730212.438
  0.270   730212.445
  0.276   730212.452
  0.307   730212.459
  0.292   730212.465
  0.275   730212.472
  0.330   730212.479
  0.309   730212.486
  0.322   730212.493
  0.360   730212.501
  0.318   730212.507
  0.306   730212.514
  0.339   730212.521
  0.331   730212.528
  0.279   730212.535
  0.336   730212.542
  0.293   730212.549
  0.299   730212.556
  0.273   730212.563
  0.331   730212.570
  0.323   730212.577
  0.304   730212.584
  0.315   730212.590
  0.257   730212.597
  0.302   730212.604
  0.287   730212.611
  0.284   730212.619
  0.275   730212.626
  0.280   730212.632
  0.282   730212.639
  0.290   730212.646
  0.235   730212.653
  0.284   730212.667
  0.277   730212.674
  0.276   730212.681
  0.284   730212.688
  0.314   730212.695
  0.303   730212.702
  0.287   730212.709
  0.302   730212.715
  1.065   730212.722
  0.328   730212.729
  0.275   730212.736
  0.285   730212.743
  0.271   730212.751
  0.250   730212.753
  0.246   730212.758
  0.245   730212.764
  0.281   730212.766
  0.262   730212.771
  0.282   730212.778
  0.268   730212.783
  0.318   730212.787
  0.294   730212.794
  0.301   730212.799
  0.257   730212.806
  0.284   730212.810
  0.290   730212.815
  0.285   730212.820
  0.274   730212.827
  0.281   730212.834
  0.299   730212.841
  0.295   730212.847
  0.303   730212.854
  0.284   730212.862
  0.271   730212.868
  0.335   730212.876
  0.288   730212.882
  0.268   730212.889
  0.269   730212.896
  0.241   730212.903
  0.241   730212.910
  0.301   730212.917
  0.280   730212.924
  0.249   730212.931
  0.214   730212.938
  0.273   730212.945
  0.264   730212.952
  0.229   730212.961
  0.244   730212.966
  0.234   730212.972
  0.239   730212.979
  0.232   730212.986
  0.231   730212.993
