  0.449   730212.054
  0.322   730212.056
  0.407   730212.063
  0.374   730212.070
  2.416   730212.076
  0.368   730212.084
  0.328   730212.091
  0.429   730212.097
  0.356   730212.104
  0.341   730212.111
  0.331   730212.119
  1.058   730212.126
  0.346   730212.132
  0.344   730212.139
  0.364   730212.146
  0.346   730212.153
  0.712   730212.160
  0.373   730212.174
  0.356   730212.181
  0.316   730212.186
  0.368   730212.192
  0.365   730212.199
  0.370   730212.206
  0.361   730212.219
  0.365   730212.222
  0.362   730212.229
  0.366   730212.240
  0.359   730212.248
  3.695   730212.255
 10.805   730212.260
  0.000   730212.274
  0.000   730212.277
  0.000   730212.296
  0.000   730212.288
  0.000   730212.299
  0.000   730212.308
  0.000   730212.310
  0.000   730212.314
  0.000   730212.319
  0.000   730212.326
  0.000   730212.332
  0.000   730212.339
  0.000   730212.344
  0.000   730212.350
  0.000   730212.356
  0.000   730212.361
  0.000   730212.368
  0.000   730212.376
  0.000   730212.382
  0.000   730212.389
 11.041   730212.396
  0.000   730212.403
  0.000   730212.410
  0.000   730212.417
  0.000   730212.424
  0.000   730212.431
  0.000   730212.438
  0.000   730212.445
  0.000   730212.452
  0.000   730212.459
  0.000   730212.465
  0.000   730212.472
  1.442   730212.479
  0.000   730212.486
  0.000   730212.493
  0.000   730212.501
  0.000   730212.507
  0.000   730212.514
  0.000   730212.521
  0.000   730212.528
  0.000   730212.535
  1.188   730212.542
  0.000   730212.549
 12.162   730212.556
  0.000   730212.563
  0.000   730212.570
  0.000   730212.577
  0.000   730212.584
  0.000   730212.590
  1.019   730212.597
  0.000   730212.604
  0.000   730212.611
  7.438   730212.619
  0.000   730212.626
 16.123   730212.632
  0.000   730212.639
  0.000   730212.646
  0.000   730212.653
  0.000   730212.667
  0.000   730212.674
  0.000   730212.681
  0.000   730212.688
  0.000   730212.695
  0.000   730212.702
  0.000   730212.709
  0.000   730212.715
  0.000   730212.722
  0.000   730212.729
  0.000   730212.736
    NaN   730212.743
  0.000   730212.751
  0.000   730212.753
  0.000   730212.758
  0.000   730212.764
  0.000   730212.766
  0.000   730212.771
  0.000   730212.778
 12.665   730212.783
  0.000   730212.787
  0.000   730212.794
  0.000   730212.799
  0.000   730212.806
  0.000   730212.810
  0.000   730212.815
  0.000   730212.820
  0.000   730212.827
  0.000   730212.834
  0.000   730212.841
  0.000   730212.847
  0.000   730212.854
  0.000   730212.862
  0.000   730212.868
  0.000   730212.876
  0.000   730212.882
  0.000   730212.889
  0.000   730212.896
  0.000   730212.903
  0.000   730212.910
  0.000   730212.917
  0.000   730212.924
  0.000   730212.931
  0.000   730212.938
  0.000   730212.945
  0.000   730212.952
  0.000   730212.961
  0.000   730212.966
  1.468   730212.972
  0.000   730212.979
  0.000   730212.986
  0.000   730212.993
