  2.763   730212.053
  2.861   730212.055
  2.701   730212.062
  2.866   730212.069
  2.792   730212.076
  3.134   730212.083
  3.116   730212.090
  2.588   730212.097
  2.606   730212.104
  2.880   730212.110
  2.515   730212.117
  2.399   730212.124
  2.495   730212.131
  2.771   730212.138
  2.622   730212.145
  2.526   730212.152
  2.923   730212.159
  3.101   730212.169
  3.194   730212.174
  3.277   730212.180
  2.846   730212.187
  2.909   730212.194
  2.795   730212.201
  3.036   730212.212
  2.647   730212.215
  2.619   730212.223
  2.904   730212.229
  2.309   730212.240
  2.429   730212.243
  2.285   730212.252
  2.390   730212.259
  2.311   730212.267
  2.171   730212.271
  2.058   730212.278
    NaN   730212.284
  2.473   730212.296
  2.205   730212.300
  2.237   730212.306
  2.534   730212.312
  2.016   730212.319
  2.019   730212.326
  2.146   730212.333
  1.850   730212.340
  2.151   730212.347
  2.178   730212.354
  1.986   730212.360
  2.259   730212.367
  2.003   730212.374
  1.999   730212.381
  1.760   730212.388
  1.799   730212.395
  1.867   730212.402
  1.786   730212.409
  1.999   730212.416
  1.872   730212.423
  2.033   730212.430
  1.847   730212.437
  1.827   730212.444
  1.771   730212.451
  1.706   730212.458
  1.851   730212.465
  1.682   730212.472
  4.449   730212.479
 69.239   730212.485
  1.806   730212.492
  1.948   730212.499
  1.906   730212.506
  2.107   730212.513
  1.984   730212.520
  5.025   730212.527
  2.079   730212.534
  1.803   730212.541
  1.971   730212.548
  1.955   730212.555
  1.944   730212.562
  1.867   730212.569
  1.950   730212.576
  2.175   730212.583
  1.879   730212.590
  1.832   730212.597
  1.414   730212.604
  1.746   730212.610
  1.922   730212.617
  1.795   730212.624
  1.570   730212.631
  1.813   730212.638
  2.030   730212.645
  1.891   730212.652
  1.794   730212.666
  1.791   730212.673
  1.953   730212.680
  2.286   730212.687
  1.904   730212.694
  2.068   730212.701
  2.105   730212.708
  1.599   730212.715
  2.018   730212.722
  2.277   730212.729
  1.909   730212.735
  1.808   730212.742
  2.128   730212.749
  2.102   730212.751
  1.877   730212.757
  2.005   730212.763
  1.988   730212.765
  1.912   730212.770
  1.771   730212.777
    NaN   730212.782
    NaN   730212.784
  1.894   730212.791
  2.064   730212.798
  2.099   730212.805
  2.061   730212.809
  1.805   730212.812
  1.963   730212.819
  2.014   730212.826
  1.702   730212.833
  2.230   730212.840
  1.720   730212.847
  1.906   730212.854
  1.784   730212.861
  1.800   730212.867
  1.853   730212.874
  2.161   730212.881
  2.006   730212.888
  1.982   730212.895
  1.857   730212.902
  1.845   730212.909
  2.184   730212.916
  1.774   730212.923
  2.158   730212.930
  2.295   730212.937
  1.998   730212.944
  1.820   730212.951
  2.086   730212.958
  1.936   730212.965
  1.896   730212.972
  1.888   730212.979
  1.890   730212.985
  2.332   730212.992
  1.935   730212.999
