  3.853   730212.053
  3.788   730212.055
  3.187   730212.062
  3.741   730212.069
  4.160   730212.076
    NaN   730212.083
  4.328   730212.090
  3.497   730212.097
  3.678   730212.104
  3.769   730212.110
  3.708   730212.117
  3.206   730212.124
  3.756   730212.131
  2.933   730212.138
  2.454   730212.145
  2.363   730212.152
  2.567   730212.159
  2.362   730212.169
  2.048   730212.174
  2.103   730212.180
  2.131   730212.187
  2.019   730212.194
  2.181   730212.201
  2.136   730212.212
  2.324   730212.215
  1.978   730212.223
  2.630   730212.229
  1.993   730212.240
  1.905   730212.243
  2.193   730212.252
  1.892   730212.259
  1.799   730212.267
  1.787   730212.271
  1.753   730212.278
  1.969   730212.284
  1.992   730212.296
  1.844   730212.300
  1.769   730212.306
  1.747   730212.312
  1.808   730212.319
  1.617   730212.326
  1.890   730212.333
  1.818   730212.340
  1.790   730212.347
  1.665   730212.354
  1.510   730212.360
  1.785   730212.367
  1.702   730212.374
  1.558   730212.381
  1.674   730212.388
  1.449   730212.395
  1.927   730212.402
  1.580   730212.409
  2.108   730212.416
  2.065   730212.423
  1.544   730212.430
  1.330   730212.437
  1.633   730212.444
  1.519   730212.451
  1.652   730212.458
  1.548   730212.465
  1.325   730212.472
  1.374   730212.479
  1.731   730212.485
  2.879   730212.492
  4.608   730212.499
  7.083   730212.506
  5.448   730212.513
  6.418   730212.520
  7.068   730212.527
  3.531   730212.534
  1.566   730212.541
  1.261   730212.548
  1.281   730212.555
  1.325   730212.562
  1.734   730212.569
  2.104   730212.576
    NaN   730212.583
  4.419   730212.590
  6.315   730212.597
  7.167   730212.604
  7.304   730212.610
  6.446   730212.617
  5.704   730212.624
  6.326   730212.631
  4.351   730212.638
  4.218   730212.645
  3.080   730212.652
  1.549   730212.666
  1.634   730212.673
  1.728   730212.680
  1.370   730212.687
  1.383   730212.694
  1.621   730212.701
  1.773   730212.708
  2.034   730212.715
  2.162   730212.722
  2.263   730212.729
  1.645   730212.735
  2.251   730212.742
  2.031   730212.749
  2.052   730212.751
  1.906   730212.757
  2.331   730212.763
  2.056   730212.765
  1.882   730212.770
  1.392   730212.777
  4.181   730212.782
  4.005   730212.784
  2.442   730212.791
  2.489   730212.798
  2.101   730212.805
  2.702   730212.809
  2.736   730212.812
  1.601   730212.819
  2.206   730212.826
  2.139   730212.833
  1.862   730212.840
  1.497   730212.847
  2.393   730212.854
  2.808   730212.861
  3.696   730212.867
  3.499   730212.874
  4.016   730212.881
  4.425   730212.888
  4.963   730212.895
  6.866   730212.902
  4.388   730212.909
  3.701   730212.916
  4.237   730212.923
  4.419   730212.930
  4.136   730212.937
  3.846   730212.944
  2.640   730212.951
  3.321   730212.958
  2.772   730212.965
  3.443   730212.972
  3.121   730212.979
  3.265   730212.985
  3.350   730212.992
  3.648   730212.999
