 30.854   730131.000
 29.574   730131.007
    NaN   730131.014
 34.635   730131.021
 38.997   730131.028
 34.117   730131.035
 34.042   730131.042
 28.494   730131.049
 34.019   730131.056
 35.184   730131.062
 38.460   730131.069
 30.813   730131.076
    NaN   730131.083
    NaN   730131.090
 30.776   730131.097
    NaN   730131.104
    NaN   730131.111
    NaN   730131.118
    NaN   730131.125
 39.170   730131.132
    NaN   730131.139
    NaN   730131.146
    NaN   730131.153
    NaN   730131.160
    NaN   730131.167
    NaN   730131.174
    NaN   730131.181
    NaN   730131.188
    NaN   730131.194
    NaN   730131.201
    NaN   730131.208
    NaN   730131.215
    NaN   730131.222
    NaN   730131.229
    NaN   730131.236
    NaN   730131.243
    NaN   730131.250
    NaN   730131.257
    NaN   730131.264
    NaN   730131.271
    NaN   730131.278
    NaN   730131.285
    NaN   730131.292
 37.769   730131.299
 38.736   730131.306
 30.395   730131.312
 25.730   730131.319
 24.076   730131.326
 24.476   730131.333
 26.162   730131.340
 30.528   730131.347
 33.582   730131.354
 34.729   730131.361
 31.555   730131.368
 35.319   730131.375
 35.777   730131.382
    NaN   730131.389
 34.120   730131.396
 39.911   730131.403
    NaN   730131.410
 38.298   730131.417
    NaN   730131.424
 37.323   730131.431
 36.444   730131.438
 36.130   730131.444
 37.146   730131.451
 37.539   730131.458
 35.776   730131.465
 36.148   730131.472
 32.645   730131.479
 33.885   730131.486
 34.789   730131.493
 34.114   730131.500
 35.297   730131.507
 33.934   730131.514
 31.066   730131.521
 30.568   730131.528
 32.495   730131.535
 32.427   730131.542
 33.329   730131.549
 30.516   730131.556
 32.699   730131.562
 31.276   730131.569
 29.832   730131.576
 31.761   730131.583
 29.011   730131.590
 29.829   730131.597
 32.032   730131.604
 28.884   730131.611
 32.461   730131.618
 29.452   730131.625
 31.763   730131.632
 30.440   730131.639
 34.594   730131.646
 29.039   730131.653
 29.648   730131.660
 31.366   730131.667
 30.878   730131.674
 29.265   730131.681
 31.119   730131.688
 32.660   730131.694
 30.654   730131.701
 31.181   730131.708
 35.333   730131.715
 28.872   730131.722
 30.494   730131.729
 29.787   730131.736
 31.079   730131.743
 29.654   730131.750
 32.708   730131.757
 30.565   730131.764
 30.610   730131.771
 30.450   730131.778
 31.202   730131.785
 33.368   730131.792
 32.914   730131.799
 33.802   730131.806
 36.783   730131.812
 36.506   730131.819
 31.782   730131.826
 32.917   730131.833
 32.198   730131.840
 30.498   730131.847
 31.169   730131.854
 34.547   730131.861
 34.391   730131.868
 34.551   730131.875
 33.801   730131.882
 31.242   730131.889
 33.522   730131.896
 31.981   730131.903
 32.206   730131.910
 30.446   730131.917
 30.418   730131.924
 32.588   730131.931
 28.001   730131.938
 31.071   730131.944
 31.693   730131.951
 32.746   730131.958
 35.664   730131.965
 29.061   730131.972
 32.860   730131.979
 33.632   730131.986
 34.949   730131.993
