  1.287   730131.001
  1.215   730131.008
  1.184   730131.015
  1.265   730131.022
  1.396   730131.029
  1.380   730131.036
  1.464   730131.043
  1.573   730131.050
  1.306   730131.057
  1.230   730131.064
  1.526   730131.071
  2.600   730131.078
  1.759   730131.085
  2.386   730131.092
  1.976   730131.099
  2.099   730131.106
  1.694   730131.113
  1.302   730131.119
  1.561   730131.126
  2.507   730131.133
  1.326   730131.140
  1.251   730131.147
  1.277   730131.154
  1.452   730131.161
  1.218   730131.168
  1.277   730131.175
  1.303   730131.182
  1.409   730131.189
  1.277   730131.196
  1.319   730131.203
  1.282   730131.210
  1.123   730131.217
  1.308   730131.224
  1.104   730131.231
  1.148   730131.238
  1.298   730131.244
  9.573   730131.251
  1.197   730131.258
  1.036   730131.265
  1.163   730131.272
  1.082   730131.279
  1.106   730131.286
  1.185   730131.293
  1.115   730131.300
  1.221   730131.307
  1.044   730131.314
  1.197   730131.321
  0.978   730131.328
  0.976   730131.335
  1.194   730131.342
  1.054   730131.349
  1.135   730131.356
  1.036   730131.363
  1.041   730131.370
  1.038   730131.376
  0.970   730131.383
  1.008   730131.390
  1.026   730131.397
  1.181   730131.404
    NaN   730131.411
  1.082   730131.418
  0.982   730131.425
  0.942   730131.432
  1.115   730131.439
  1.264   730131.446
  1.082   730131.453
  0.943   730131.460
  1.001   730131.467
  1.053   730131.474
  1.016   730131.481
  1.027   730131.488
  2.517   730131.494
  2.749   730131.501
  1.098   730131.508
  1.122   730131.515
  1.231   730131.522
  0.992   730131.529
  1.161   730131.536
  0.958   730131.543
  1.134   730131.550
  0.957   730131.557
  1.014   730131.564
  0.968   730131.571
  2.082   730131.578
  1.269   730131.585
  0.961   730131.592
  1.041   730131.599
  1.093   730131.606
  1.143   730131.613
  1.152   730131.619
  1.204   730131.626
  1.141   730131.633
  1.082   730131.640
  1.171   730131.647
  1.614   730131.654
  1.267   730131.661
  1.162   730131.668
  0.983   730131.675
  1.161   730131.682
  1.077   730131.689
  1.210   730131.696
  3.395   730131.703
  1.676   730131.710
  1.067   730131.717
  1.127   730131.724
  1.026   730131.731
 11.639   730131.738
  1.199   730131.744
  1.283   730131.751
  0.984   730131.758
  1.084   730131.765
  1.276   730131.772
  1.176   730131.779
  1.210   730131.786
  1.217   730131.793
  1.246   730131.800
  1.331   730131.807
  1.298   730131.814
  1.210   730131.821
  2.572   730131.828
  1.328   730131.835
  1.191   730131.842
  1.119   730131.849
  1.253   730131.856
  1.191   730131.863
  1.299   730131.869
  1.255   730131.876
  1.283   730131.883
  1.322   730131.890
  1.369   730131.897
  1.335   730131.904
    NaN   730131.911
  1.269   730131.918
  1.199   730131.925
  1.443   730131.932
  1.349   730131.939
  1.375   730131.946
  1.255   730131.953
  1.323   730131.960
  1.383   730131.967
  1.404   730131.974
  1.481   730131.981
  1.430   730131.987
  1.418   730131.994
