  1.175   730131.002
  0.981   730131.009
  1.146   730131.016
  1.193   730131.023
  1.160   730131.030
  1.045   730131.037
  1.195   730131.044
  1.067   730131.051
  1.150   730131.058
  1.345   730131.065
  1.185   730131.072
  1.245   730131.078
  1.239   730131.085
  1.168   730131.092
  1.223   730131.099
  1.124   730131.106
  1.065   730131.113
  1.205   730131.120
  1.223   730131.127
  1.115   730131.134
  1.059   730131.141
  1.129   730131.148
  1.105   730131.155
  1.118   730131.162
  1.085   730131.169
  1.168   730131.176
  1.161   730131.183
  1.138   730131.190
  1.115   730131.197
  1.057   730131.203
  1.002   730131.210
  1.096   730131.217
  1.124   730131.224
  0.986   730131.231
  1.089   730131.238
  1.182   730131.245
  0.966   730131.252
  1.011   730131.259
  1.093   730131.266
  1.040   730131.273
  0.985   730131.280
  0.912   730131.287
  0.915   730131.294
  1.083   730131.301
  1.013   730131.308
  1.047   730131.315
  0.985   730131.322
  1.039   730131.328
  0.973   730131.335
  0.929   730131.342
  0.843   730131.349
  0.916   730131.356
  0.948   730131.363
  0.942   730131.371
  0.998   730131.377
  0.900   730131.384
  0.811   730131.391
  1.013   730131.398
  0.843   730131.405
  0.832   730131.412
  0.851   730131.419
  0.842   730131.426
  0.922   730131.433
  0.853   730131.440
  0.851   730131.447
  0.712   730131.454
  0.952   730131.460
  0.863   730131.467
  0.786   730131.474
  0.808   730131.481
  0.759   730131.488
  0.887   730131.494
  0.783   730131.502
  0.875   730131.509
  0.854   730131.516
  0.818   730131.523
  0.817   730131.530
  0.751   730131.537
  0.752   730131.544
  0.814   730131.551
  0.784   730131.558
  0.778   730131.565
  0.759   730131.572
  0.777   730131.578
  0.852   730131.585
  0.765   730131.592
  0.784   730131.599
  0.720   730131.606
  0.735   730131.613
  0.740   730131.620
  0.806   730131.627
  0.795   730131.634
  0.709   730131.641
  0.715   730131.648
  0.671   730131.655
  0.681   730131.662
  0.696   730131.669
  0.671   730131.676
  0.698   730131.683
  0.675   730131.690
  0.674   730131.697
  0.654   730131.703
  0.781   730131.710
  0.679   730131.717
  0.758   730131.724
  0.686   730131.731
  0.832   730131.738
  0.835   730131.745
  0.900   730131.752
  0.819   730131.759
  0.795   730131.766
  0.749   730131.773
  0.868   730131.780
  0.825   730131.787
  0.745   730131.794
  0.844   730131.801
  0.857   730131.808
  0.816   730131.815
  0.833   730131.822
  0.800   730131.828
  0.902   730131.835
  0.875   730131.842
  0.790   730131.849
  0.854   730131.856
  0.886   730131.863
    NaN   730131.870
  1.006   730131.877
  0.907   730131.884
  0.974   730131.891
  0.915   730131.898
  1.001   730131.905
  0.934   730131.912
  0.874   730131.919
  0.903   730131.926
  0.816   730131.933
  0.972   730131.940
  0.912   730131.947
  0.972   730131.953
  0.851   730131.960
  0.881   730131.967
  0.980   730131.974
  0.875   730131.981
  0.932   730131.988
  0.854   730131.995
