  0.289   730131.001
  0.297   730131.008
  0.267   730131.015
  0.299   730131.021
  0.292   730131.028
  0.260   730131.035
  0.641   730131.042
  0.301   730131.049
  0.283   730131.056
  0.268   730131.063
  0.280   730131.070
  0.313   730131.077
  0.289   730131.084
  0.266   730131.097
  0.299   730131.105
  0.287   730131.112
  0.360   730131.119
  0.288   730131.126
  0.274   730131.132
  0.298   730131.139
  0.285   730131.147
  0.279   730131.153
  0.319   730131.160
  0.295   730131.167
  0.309   730131.174
  0.296   730131.181
  0.267   730131.195
  0.311   730131.201
  0.297   730131.209
  0.266   730131.216
  0.282   730131.223
  0.292   730131.237
  0.297   730131.243
  0.297   730131.251
  0.270   730131.257
  0.290   730131.272
  0.283   730131.278
  0.263   730131.285
  0.333   730131.299
  0.284   730131.306
  0.318   730131.313
  0.320   730131.320
  0.341   730131.327
  0.337   730131.334
  0.319   730131.340
  0.307   730131.348
  0.332   730131.354
  0.294   730131.362
  0.280   730131.369
  0.642   730131.375
  0.325   730131.383
  0.321   730131.390
  0.286   730131.397
  0.332   730131.403
  0.308   730131.417
  0.320   730131.424
  0.329   730131.431
  0.336   730131.438
  0.334   730131.445
  0.678   730131.453
  0.323   730131.473
  0.308   730131.479
  0.334   730131.487
  0.338   730131.493
  0.316   730131.501
  0.356   730131.508
  0.338   730131.515
  0.325   730131.521
  0.680   730131.528
  0.575   730131.535
  0.309   730131.542
  0.291   730131.549
  0.354   730131.556
  0.328   730131.563
  0.364   730131.570
  0.309   730131.584
  0.379   730131.591
  0.383   730131.597
  0.381   730131.605
  0.374   730131.612
  0.383   730131.618
  0.360   730131.625
  0.314   730131.633
  0.364   730131.639
  0.392   730131.646
  0.413   730131.653
  0.381   730131.660
  0.657   730131.667
  0.315   730131.681
  0.376   730131.688
  0.372   730131.695
  0.319   730131.723
  0.403   730131.730
  0.329   730131.736
  0.348   730131.744
  0.369   730131.751
  0.365   730131.758
  0.401   730131.765
  0.355   730131.792
  0.363   730131.799
  0.435   730131.812
  0.407   730131.819
  0.423   730131.827
  0.411   730131.834
  0.425   730131.847
  0.369   730131.855
  0.387   730131.862
  0.370   730131.876
  0.393   730131.882
  0.361   730131.889
  0.389   730131.903
  0.386   730131.910
  0.386   730131.917
  0.380   730131.931
  0.353   730131.938
  0.378   730131.945
  0.397   730131.951
  0.361   730131.959
  0.430   730131.966
  0.386   730131.972
  0.374   730131.979
  0.456   730131.994
