  0.000   730131.001
  0.000   730131.008
  0.000   730131.015
  0.000   730131.022
  0.000   730131.028
  0.000   730131.035
  3.133   730131.042
  0.000   730131.049
  0.000   730131.056
  0.000   730131.063
  0.000   730131.070
  0.000   730131.077
  0.000   730131.084
  0.000   730131.091
  0.000   730131.098
  0.000   730131.105
  0.000   730131.112
  0.000   730131.119
  0.000   730131.126
  0.000   730131.133
  0.000   730131.140
  0.000   730131.147
  0.000   730131.153
  0.000   730131.160
  0.000   730131.167
  0.000   730131.174
  0.000   730131.181
  0.000   730131.188
  0.000   730131.195
  0.000   730131.202
  0.000   730131.209
  0.000   730131.216
  0.000   730131.223
  0.000   730131.230
  0.000   730131.237
  0.000   730131.244
  0.000   730131.251
  0.000   730131.258
  0.000   730131.265
  0.000   730131.272
  0.000   730131.278
  0.000   730131.285
  0.000   730131.292
  0.000   730131.299
  0.000   730131.306
  0.000   730131.313
  0.000   730131.320
  0.000   730131.327
  0.000   730131.334
  0.000   730131.341
  0.000   730131.348
  0.000   730131.355
  0.000   730131.362
  0.000   730131.369
  1.680   730131.376
  0.000   730131.383
  0.000   730131.390
  0.000   730131.397
  0.000   730131.403
  0.000   730131.410
  0.000   730131.417
  0.000   730131.424
  0.000   730131.431
  0.000   730131.438
  0.000   730131.445
  0.322   730131.453
  0.000   730131.459
  0.000   730131.466
  0.000   730131.473
  0.000   730131.480
  0.000   730131.487
  0.000   730131.494
  0.000   730131.501
  0.000   730131.508
  0.000   730131.515
  0.000   730131.522
  2.344   730131.528
  2.598   730131.535
  0.000   730131.542
  0.000   730131.549
  0.000   730131.556
  0.000   730131.563
  0.000   730131.570
  0.000   730131.577
  0.000   730131.584
  0.000   730131.591
  0.000   730131.598
  0.000   730131.605
  0.000   730131.612
  0.000   730131.619
  0.000   730131.626
  3.493   730131.633
  0.000   730131.640
  0.000   730131.647
  0.000   730131.653
  0.000   730131.660
  2.507   730131.667
  0.000   730131.674
  0.000   730131.681
  0.000   730131.688
  0.000   730131.695
  0.000   730131.702
  0.000   730131.709
  0.000   730131.716
  0.000   730131.723
  0.000   730131.730
  2.561   730131.737
  0.000   730131.744
  0.000   730131.751
  0.000   730131.758
  0.000   730131.765
  0.000   730131.772
  0.000   730131.778
  0.000   730131.785
  0.000   730131.792
  0.000   730131.799
  0.000   730131.806
  0.000   730131.813
  0.000   730131.820
  0.000   730131.827
  0.000   730131.834
  0.000   730131.841
  0.000   730131.848
  0.000   730131.855
  0.000   730131.862
  0.000   730131.869
  0.000   730131.876
  0.000   730131.883
  0.000   730131.890
  0.000   730131.897
  0.000   730131.903
  0.000   730131.910
  0.000   730131.917
  0.000   730131.924
  0.000   730131.931
  2.304   730131.938
  0.000   730131.945
  0.000   730131.952
  0.000   730131.959
  0.000   730131.966
  0.000   730131.973
  0.000   730131.980
  0.000   730131.987
  0.000   730131.994
