 19.209   730056.003
 15.782   730056.010
 17.635   730056.017
 19.084   730056.024
 19.536   730056.031
 17.934   730056.038
 16.026   730056.816
 16.445   730056.823
 15.294   730056.830
 15.593   730056.837
 16.289   730056.844
 16.620   730056.851
 16.668   730056.858
 15.800   730056.865
 17.122   730056.870
 17.510   730056.878
 17.785   730056.883
 18.291   730056.892
 19.653   730056.899
 18.537   730056.906
 17.138   730056.913
 16.778   730056.920
 16.884   730056.927
    NaN   730056.947
 19.111   730056.955
 18.901   730056.962
 19.038   730056.969
 18.167   730056.976
 20.544   730056.983
 19.831   730056.990
 21.456   730056.997
