  0.945   730056.005
  0.947   730056.011
  0.804   730056.018
  0.822   730056.026
  0.809   730056.032
  0.759   730056.039
  0.783   730056.817
  0.744   730056.824
  0.778   730056.831
  0.751   730056.838
  0.738   730056.844
  0.736   730056.851
  0.764   730056.858
  0.784   730056.866
  0.776   730056.871
  0.805   730056.879
  0.663   730056.885
  0.711   730056.893
  0.852   730056.900
  0.867   730056.907
  0.838   730056.914
  0.814   730056.921
  0.758   730056.928
  0.736   730056.949
  0.724   730056.956
    NaN   730056.963
    NaN   730056.970
  0.718   730056.976
  0.611   730056.983
  0.635   730056.990
  0.741   730056.997
