  0.853   730056.006
  0.935   730056.013
  1.034   730056.019
  0.966   730056.026
  0.953   730056.033
  0.986   730056.040
  0.848   730056.818
  0.752   730056.825
  0.748   730056.832
  0.851   730056.839
  0.786   730056.846
    NaN   730056.853
    NaN   730056.860
  0.810   730056.867
  0.721   730056.872
  0.763   730056.881
  0.785   730056.886
  0.778   730056.894
  0.794   730056.901
  0.800   730056.908
  0.691   730056.915
  0.755   730056.922
  0.681   730056.929
  0.000   730056.950
  0.737   730056.957
  0.761   730056.964
  0.770   730056.971
  0.728   730056.978
  0.664   730056.985
  0.657   730056.992
  0.715   730056.999
