  0.736   730267.001
  0.326   730267.001
  0.771   730267.008
  0.866   730267.015
  0.845   730267.022
 10.336   730267.029
  0.742   730267.036
  0.860   730267.043
  0.838   730267.050
  0.833   730267.056
  0.715   730267.063
  0.918   730267.070
  0.798   730267.077
  0.847   730267.084
  0.862   730267.091
  0.821   730267.098
  0.774   730267.105
  0.914   730267.112
  0.928   730267.119
  0.798   730267.126
  0.804   730267.133
  0.880   730267.140
  0.722   730267.147
  0.761   730267.154
  0.735   730267.161
  0.795   730267.168
  0.791   730267.174
  0.806   730267.181
  0.788   730267.188
  0.746   730267.195
  0.771   730267.202
  0.698   730267.210
  0.679   730267.217
  0.781   730267.223
  0.776   730267.230
  0.784   730267.237
  0.802   730267.244
  0.825   730267.251
  0.792   730267.258
  0.826   730267.265
  0.813   730267.272
  0.840   730267.279
  0.868   730267.286
  3.834   730267.293
  1.456   730267.300
  0.762   730267.306
  0.824   730267.313
  0.846   730267.320
  1.659   730267.327
  2.347   730267.334
  1.250   730267.341
  2.023   730267.348
  1.187   730267.355
  0.931   730267.362
  0.948   730267.369
  0.882   730267.376
  0.918   730267.383
  0.792   730267.390
  0.763   730267.397
  0.684   730267.404
  0.713   730267.411
  0.649   730267.418
  0.673   730267.425
  0.709   730267.432
  9.844   730267.438
  0.655   730267.445
  0.659   730267.452
  0.726   730267.459
  0.727   730267.466
  0.697   730267.473
  0.645   730267.480
  0.735   730267.487
  0.764   730267.494
  0.585   730267.501
  8.764   730267.508
  0.633   730267.514
  0.576   730267.522
  0.660   730267.529
  1.072   730267.536
  0.701   730267.543
  0.611   730267.549
  0.582   730267.556
  0.596   730267.563
  0.575   730267.570
  0.522   730267.577
  0.531   730267.584
  0.514   730267.591
  0.509   730267.598
  0.530   730267.605
  0.494   730267.612
  0.560   730267.619
  0.654   730267.626
  0.670   730267.633
  0.676   730267.640
  0.615   730267.647
  0.661   730267.654
  0.541   730267.661
  0.539   730267.668
  0.634   730267.674
  0.836   730267.681
  0.616   730267.688
  0.690   730267.695
  0.678   730267.702
  0.652   730267.709
  0.624   730267.716
  0.568   730267.723
  0.497   730267.730
  0.524   730267.737
  0.500   730267.744
  0.597   730267.751
  0.466   730267.758
  0.478   730267.765
  0.487   730267.772
  0.495   730267.779
  0.422   730267.786
  0.396   730267.793
  0.429   730267.800
  0.497   730267.806
  0.466   730267.814
  0.545   730267.820
  0.458   730267.827
  0.501   730267.834
  0.919   730267.841
  0.419   730267.848
  0.435   730267.855
  0.453   730267.862
  0.413   730267.869
  0.425   730267.876
  0.422   730267.877
  0.456   730267.884
  0.442   730267.890
  0.439   730267.897
  0.440   730267.904
  0.497   730267.911
  0.468   730267.918
  0.428   730267.925
  0.472   730267.931
  5.226   730267.938
  0.516   730267.946
  0.449   730267.952
  0.475   730267.959
  0.424   730267.966
  0.413   730267.973
  0.440   730267.980
  0.376   730267.987
 14.975   730267.994
