  0.153   730267.001
  0.354   730267.007
  0.388   730267.014
  0.352   730267.021
  0.414   730267.028
  0.510   730267.035
  0.441   730267.042
  0.491   730267.049
  0.455   730267.056
  0.499   730267.063
  0.434   730267.070
  0.456   730267.077
  0.411   730267.084
  0.375   730267.091
  0.438   730267.098
  0.373   730267.104
  0.360   730267.111
  0.352   730267.118
  0.353   730267.125
  1.658   730267.132
  0.339   730267.139
  0.368   730267.146
  0.352   730267.153
  0.375   730267.160
  0.371   730267.167
  0.350   730267.174
  0.404   730267.181
  0.361   730267.188
  0.385   730267.195
  0.360   730267.202
  0.436   730267.209
  0.411   730267.216
  0.438   730267.223
  0.416   730267.229
  0.422   730267.236
  0.433   730267.243
  0.410   730267.250
  0.415   730267.257
  0.368   730267.264
  0.432   730267.271
  0.437   730267.278
  0.431   730267.285
  1.532   730267.292
 10.923   730267.299
  0.418   730267.306
  0.356   730267.313
  0.376   730267.320
  0.376   730267.327
  0.358   730267.334
  0.849   730267.341
  1.057   730267.348
  0.365   730267.354
  0.358   730267.361
  0.373   730267.368
  0.345   730267.375
  0.397   730267.382
  0.395   730267.389
  0.364   730267.396
  0.362   730267.403
  0.392   730267.410
  0.358   730267.417
  0.337   730267.424
  0.364   730267.431
  0.367   730267.438
  0.359   730267.445
  0.337   730267.452
  0.332   730267.459
 27.381   730267.466
  0.349   730267.473
  0.376   730267.479
  0.369   730267.486
  0.408   730267.493
  0.407   730267.500
  0.424   730267.507
  0.376   730267.514
  0.363   730267.521
  0.406   730267.528
  0.358   730267.535
  0.758   730267.542
  0.342   730267.549
  0.361   730267.556
  0.321   730267.563
  0.372   730267.570
  0.348   730267.577
  0.411   730267.584
  0.345   730267.591
  0.348   730267.597
  0.343   730267.604
  0.315   730267.611
  0.370   730267.618
  0.370   730267.625
  0.342   730267.632
  0.347   730267.639
  0.298   730267.646
  0.345   730267.653
  0.331   730267.660
  0.288   730267.667
  0.318   730267.674
  0.354   730267.681
  0.299   730267.688
  0.331   730267.695
  0.332   730267.702
  0.354   730267.709
  0.297   730267.716
  0.339   730267.722
  0.334   730267.729
  0.282   730267.736
  0.321   730267.743
  0.456   730267.750
  0.332   730267.757
  0.319   730267.765
  0.323   730267.771
  0.309   730267.778
  0.291   730267.785
  0.300   730267.792
  0.328   730267.799
  0.263   730267.806
  0.324   730267.813
  0.288   730267.820
  0.312   730267.827
  0.285   730267.834
  0.408   730267.841
  0.312   730267.847
  0.313   730267.854
  0.258   730267.861
  0.286   730267.868
  0.316   730267.876
  0.288   730267.876
  0.284   730267.883
  0.287   730267.889
  0.270   730267.896
  0.266   730267.903
  0.257   730267.910
  0.295   730267.917
  0.311   730267.924
  0.292   730267.931
  0.284   730267.938
  0.331   730267.945
  0.351   730267.952
  0.409   730267.959
 10.006   730267.966
  6.484   730267.973
  0.422   730267.980
  0.392   730267.986
  0.409   730267.993
