  0.260   729977.000
  0.300   729977.000
  0.270   729977.010
  0.270   729977.020
  0.290   729977.020
  0.290   729977.030
  0.290   729977.040
  0.290   729977.050
  0.290   729977.050
  0.290   729977.060
  0.280   729977.070
  0.300   729977.070
  0.290   729977.080
  0.280   729977.090
  0.890   729977.090
  0.880   729977.100
  0.270   729977.110
  0.260   729977.120
  0.260   729977.120
  0.270   729977.130
  0.290   729977.140
  0.260   729977.140
  0.250   729977.150
  0.260   729977.160
  0.290   729977.160
  0.270   729977.170
  0.250   729977.180
  0.280   729977.180
  0.260   729977.190
  0.250   729977.200
  0.250   729977.210
  0.250   729977.210
  0.240   729977.220
  0.260   729977.230
  0.260   729977.230
  0.240   729977.240
  0.240   729977.250
  0.250   729977.250
  0.210   729977.260
  0.250   729977.270
  0.210   729977.280
  0.250   729977.280
  0.270   729977.290
  0.240   729977.300
  0.260   729977.300
  0.240   729977.310
  0.260   729977.320
  0.270   729977.320
  0.240   729977.330
  0.230   729977.340
  0.260   729977.340
  0.230   729977.350
  0.230   729977.360
  0.240   729977.370
  0.230   729977.370
  0.240   729977.380
  0.230   729977.390
  0.220   729977.390
  0.240   729977.400
  0.220   729977.410
  0.230   729977.410
  0.210   729977.420
  0.230   729977.430
  0.230   729977.430
  0.230   729977.440
  0.220   729977.450
  0.210   729977.460
  0.200   729977.460
  0.220   729977.470
  0.210   729977.480
  0.230   729977.480
  0.220   729977.490
  0.210   729977.500
  0.420   729977.500
  0.190   729977.510
  0.210   729977.520
  0.200   729977.530
  0.190   729977.530
  0.210   729977.540
  0.210   729977.550
  0.210   729977.550
  0.200   729977.560
  0.200   729977.570
  0.190   729977.570
  0.200   729977.580
  0.200   729977.590
  0.210   729977.590
  0.190   729977.600
  0.200   729977.610
  0.180   729977.620
  0.180   729977.620
  0.220   729977.630
  0.200   729977.640
  0.180   729977.640
  0.210   729977.650
  0.190   729977.660
  0.190   729977.660
  0.170   729977.670
  0.160   729977.680
  0.190   729977.680
  0.190   729977.690
  0.160   729977.700
  0.180   729977.710
  0.180   729977.710
  0.190   729977.720
  0.180   729977.730
  0.170   729977.730
  0.280   729977.740
  0.200   729977.750
  0.210   729977.750
    NaN   729977.760
    NaN   729977.770
  0.210   729977.780
  0.220   729977.780
  0.200   729977.790
  0.210   729977.800
  0.210   729977.800
  0.210   729977.810
  0.220   729977.820
  0.230   729977.820
  0.210   729977.830
  0.220   729977.840
  0.220   729977.840
  0.220   729977.850
  0.220   729977.860
  0.250   729977.870
  0.230   729977.870
  0.220   729977.880
  0.220   729977.890
  0.220   729977.890
  0.200   729977.900
  0.210   729977.910
  0.210   729977.910
  0.230   729977.920
  0.230   729977.930
  0.250   729977.930
  0.250   729977.940
  0.240   729977.950
  0.210   729977.960
  0.210   729977.960
  0.230   729977.970
  0.220   729977.980
  0.210   729977.980
  0.230   729977.990
