  0.269   730128.056
  0.260   730128.056
  0.275   730128.063
  0.293   730128.070
  0.294   730128.077
  0.284   730128.084
  0.271   730128.091
  0.278   730128.098
  0.257   730128.105
  0.277   730128.112
  0.254   730128.119
  0.301   730128.126
  0.283   730128.133
  0.271   730128.140
  0.248   730128.147
  0.267   730128.153
  0.310   730128.160
  0.294   730128.167
  0.295   730128.174
  0.258   730128.181
  0.295   730128.188
  0.276   730128.195
  0.283   730128.202
  0.271   730128.209
  0.277   730128.216
  0.286   730128.223
  0.275   730128.230
  0.291   730128.237
  0.280   730128.244
  0.294   730128.251
  0.283   730128.258
  0.304   730128.265
  0.277   730128.272
    NaN   730128.278
  0.274   730128.285
  0.279   730128.292
  0.288   730128.299
  0.288   730128.306
  0.287   730128.313
  0.289   730128.320
  0.335   730128.327
  0.311   730128.334
  0.323   730128.341
  0.302   730128.348
  0.330   730128.355
  0.337   730128.362
  0.316   730128.369
  0.371   730128.376
  0.281   730128.383
  0.354   730128.390
  0.288   730128.397
  0.371   730128.403
  0.334   730128.410
  0.306   730128.417
  0.333   730128.424
  0.352   730128.431
  0.398   730128.438
  0.337   730128.445
  0.342   730128.453
  0.370   730128.459
  0.357   730128.466
  0.354   730128.473
  0.380   730128.480
  0.322   730128.487
  0.333   730128.494
  0.331   730128.501
  0.330   730128.508
  0.331   730128.515
  0.331   730128.522
  0.333   730128.528
  0.363   730128.535
  0.357   730128.542
  0.352   730128.549
  0.331   730128.556
  0.338   730128.563
  0.374   730128.570
  0.347   730128.577
  0.333   730128.584
  0.332   730128.591
  0.343   730128.598
  0.304   730128.605
  0.272   730128.612
  0.342   730128.619
  0.327   730128.626
  0.307   730128.633
  0.326   730128.640
  0.305   730128.647
  0.291   730128.653
  0.309   730128.660
  0.324   730128.667
  0.315   730128.674
  0.304   730128.681
  0.305   730128.688
  0.290   730128.695
  0.269   730128.702
  0.236   730128.709
  0.304   730128.716
  0.301   730128.723
  0.307   730128.730
  0.299   730128.737
  0.301   730128.744
  0.333   730128.751
  0.321   730128.758
  0.297   730128.765
  0.334   730128.772
  0.466   730128.778
  0.325   730128.785
  0.312   730128.792
  0.299   730128.799
  0.372   730128.806
  0.346   730128.813
  0.344   730128.820
  0.445   730128.827
  0.447   730128.834
  0.391   730128.841
  0.490   730128.848
  0.364   730128.855
  0.944   730128.862
  0.625   730128.869
  0.460   730128.876
  0.393   730128.883
  0.546   730128.890
  0.308   730128.897
  0.325   730128.903
  0.285   730128.910
  0.269   730128.917
  0.316   730128.924
  0.276   730128.931
  0.271   730128.938
  0.309   730128.946
  0.301   730128.952
  0.364   730128.959
  0.372   730128.966
  0.330   730128.973
  0.277   730128.980
  0.300   730128.987
  0.281   730128.994
