  2.381   730128.056
  2.220   730128.062
  2.281   730128.069
  2.579   730128.076
  2.198   730128.083
  2.240   730128.090
  2.340   730128.097
  2.559   730128.104
  2.331   730128.111
  2.212   730128.118
  2.080   730128.125
  2.681   730128.132
  2.280   730128.139
  2.228   730128.146
  2.512   730128.153
  2.391   730128.160
  2.124   730128.167
  2.292   730128.174
  2.510   730128.181
  2.538   730128.188
  2.196   730128.194
  2.221   730128.201
  2.489   730128.208
  2.490   730128.215
  2.402   730128.222
  2.169   730128.229
  2.465   730128.236
  2.698   730128.243
  2.183   730128.250
  2.212   730128.257
  2.594   730128.264
  2.329   730128.271
  2.441   730128.278
  2.529   730128.285
  2.420   730128.292
  2.508   730128.299
  2.190   730128.306
  2.150   730128.312
  2.567   730128.319
  2.828   730128.326
  2.639   730128.333
  2.424   730128.340
  2.352   730128.347
  2.216   730128.354
  2.474   730128.361
  2.315   730128.368
  2.255   730128.375
  2.404   730128.382
  2.469   730128.389
  2.336   730128.396
  2.425   730128.403
  2.553   730128.410
  2.674   730128.417
  2.610   730128.424
  2.402   730128.431
  2.312   730128.438
  2.255   730128.444
  2.415   730128.451
  2.494   730128.458
  2.288   730128.465
  2.282   730128.472
  2.310   730128.479
  2.368   730128.486
  2.438   730128.493
  2.242   730128.500
  2.312   730128.507
  2.543   730128.514
  2.481   730128.521
  2.633   730128.528
  2.640   730128.535
  2.294   730128.542
  2.556   730128.549
  2.231   730128.556
  2.485   730128.562
  2.550   730128.569
  2.270   730128.576
  2.137   730128.583
  2.293   730128.590
  2.520   730128.597
  2.745   730128.604
  2.125   730128.611
  2.538   730128.618
  2.564   730128.625
  2.691   730128.632
  2.372   730128.639
  2.509   730128.646
  2.750   730128.653
  2.277   730128.660
  2.456   730128.667
  2.606   730128.674
  2.518   730128.681
  2.518   730128.688
  2.451   730128.694
  2.351   730128.701
  2.387   730128.708
  2.799   730128.715
  2.166   730128.722
  2.332   730128.729
  2.359   730128.736
  2.638   730128.743
  2.561   730128.750
  2.253   730128.757
  2.348   730128.764
  2.644   730128.771
  2.302   730128.778
  2.546   730128.785
  2.632   730128.792
  2.788   730128.799
  2.483   730128.806
  1.967   730128.812
  0.722   730128.819
  0.603   730128.826
  0.091   730128.833
  0.064   730128.840
  0.102   730128.847
  0.058   730128.854
  0.080   730128.861
  0.160   730128.868
  0.502   730128.875
  0.526   730128.882
  0.893   730128.889
  0.833   730128.896
  1.008   730128.903
  1.015   730128.910
  0.586   730128.917
  0.536   730128.924
  0.664   730128.931
  0.484   730128.938
  0.698   730128.944
  0.652   730128.951
  0.560   730128.958
  0.627   730128.965
  0.725   730128.972
  0.433   730128.979
  0.461   730128.986
  0.728   730128.993
