  0.011   730128.056
  0.031   730128.056
  0.031   730128.063
  0.033   730128.070
  0.028   730128.077
  0.028   730128.084
  0.033   730128.091
  0.038   730128.098
  0.035   730128.105
  0.027   730128.112
  0.029   730128.119
  0.037   730128.126
  0.023   730128.133
  0.017   730128.140
  0.020   730128.147
  0.018   730128.153
  0.017   730128.160
  0.017   730128.167
  0.017   730128.174
  0.024   730128.181
  0.024   730128.188
  0.022   730128.195
  0.021   730128.202
  0.018   730128.209
  0.019   730128.216
  0.015   730128.223
  0.013   730128.230
  0.014   730128.237
  0.018   730128.244
  0.017   730128.251
  0.018   730128.258
  0.029   730128.265
  0.025   730128.272
  0.024   730128.278
  0.027   730128.285
  0.022   730128.292
  0.021   730128.299
  0.016   730128.306
  0.015   730128.313
  0.018   730128.320
  0.016   730128.327
  0.016   730128.334
  0.014   730128.341
  0.011   730128.348
  0.019   730128.355
  0.010   730128.362
  0.017   730128.369
  0.015   730128.376
  0.016   730128.383
  0.016   730128.390
  0.018   730128.397
  0.016   730128.403
  0.018   730128.410
  0.015   730128.417
  0.014   730128.424
  0.015   730128.431
  0.015   730128.438
  0.020   730128.445
  0.035   730128.453
  0.043   730128.459
  0.033   730128.466
  0.045   730128.473
  0.036   730128.480
  0.029   730128.487
  0.021   730128.494
  0.024   730128.501
  0.026   730128.508
  0.024   730128.515
  0.021   730128.522
  0.019   730128.528
  0.019   730128.535
  0.021   730128.542
  0.016   730128.549
  0.020   730128.556
  0.033   730128.563
  0.019   730128.570
  0.017   730128.577
  0.079   730128.584
  0.028   730128.591
  0.036   730128.598
  0.026   730128.605
  0.019   730128.612
  0.023   730128.619
  0.021   730128.626
  0.030   730128.633
  0.012   730128.640
  0.014   730128.647
  0.022   730128.653
  0.025   730128.660
  0.018   730128.667
  0.023   730128.674
  0.025   730128.681
  0.027   730128.688
  0.025   730128.695
  0.024   730128.702
  0.021   730128.709
  0.020   730128.716
  0.018   730128.723
  0.013   730128.730
  0.019   730128.737
  0.023   730128.744
  0.090   730128.751
  0.018   730128.758
  0.018   730128.765
  0.027   730128.772
  0.033   730128.778
  0.023   730128.785
  0.020   730128.792
  0.024   730128.799
  0.025   730128.806
  0.027   730128.813
  0.024   730128.820
  0.022   730128.827
  0.021   730128.834
  0.023   730128.841
  0.019   730128.848
  0.021   730128.855
  0.018   730128.862
  0.016   730128.869
  0.018   730128.876
  0.016   730128.883
  0.016   730128.890
  0.019   730128.897
  0.018   730128.903
  0.020   730128.910
  0.017   730128.917
  0.017   730128.924
  0.016   730128.931
  0.011   730128.938
  0.013   730128.946
  0.015   730128.952
  0.013   730128.959
  0.010   730128.966
  0.016   730128.973
  0.013   730128.980
  0.013   730128.987
  0.013   730128.994
