  0.073   730128.056
  0.103   730128.062
  0.071   730128.069
  0.076   730128.076
  0.081   730128.083
  0.079   730128.090
  0.077   730128.097
  0.078   730128.104
  0.074   730128.111
  0.069   730128.118
  0.080   730128.125
  0.094   730128.132
  0.077   730128.139
  0.081   730128.146
  0.089   730128.153
  0.333   730128.160
  0.095   730128.167
  0.088   730128.174
  0.069   730128.181
  0.072   730128.188
  0.073   730128.194
  0.076   730128.201
  0.080   730128.208
  0.074   730128.215
  0.073   730128.222
  0.079   730128.229
  0.087   730128.236
  0.079   730128.243
  0.080   730128.250
  0.077   730128.257
  0.080   730128.264
  0.072   730128.271
  0.081   730128.278
  0.088   730128.285
  0.082   730128.292
  0.085   730128.299
  0.089   730128.306
  0.084   730128.312
  0.083   730128.319
  0.079   730128.326
  0.083   730128.333
  0.093   730128.340
  0.082   730128.347
  0.094   730128.354
  0.084   730128.361
  0.088   730128.368
  0.090   730128.375
  0.098   730128.382
  0.083   730128.389
  0.099   730128.396
  0.100   730128.403
  0.084   730128.410
  0.090   730128.417
  0.094   730128.424
  0.083   730128.431
  0.099   730128.438
  0.097   730128.444
  0.079   730128.451
  0.082   730128.458
  0.088   730128.465
  0.098   730128.472
  0.084   730128.479
  0.093   730128.486
  0.080   730128.493
  0.096   730128.500
  0.083   730128.507
  0.096   730128.514
  0.086   730128.521
  0.082   730128.528
  0.092   730128.535
  0.085   730128.542
  0.086   730128.549
  0.087   730128.556
  0.081   730128.562
  0.080   730128.569
  0.081   730128.576
  0.088   730128.583
  0.089   730128.590
  0.076   730128.597
  0.085   730128.604
  0.087   730128.611
  0.075   730128.618
  0.089   730128.625
  0.089   730128.632
  0.083   730128.639
  0.085   730128.646
  0.087   730128.653
  0.085   730128.660
  0.084   730128.667
  0.078   730128.674
  0.083   730128.680
  0.096   730128.688
  0.081   730128.694
  0.074   730128.701
  0.075   730128.708
  0.071   730128.715
  0.087   730128.722
  0.079   730128.729
  0.085   730128.736
  0.079   730128.743
  0.074   730128.750
  0.075   730128.757
  0.072   730128.764
  0.073   730128.771
  0.069   730128.778
  0.056   730128.785
  0.060   730128.792
  0.072   730128.799
  0.061   730128.806
  0.057   730128.812
  0.070   730128.819
  0.070   730128.826
  0.057   730128.833
  0.061   730128.840
  0.064   730128.847
  0.069   730128.854
  0.066   730128.861
  0.069   730128.868
  0.068   730128.875
  0.076   730128.882
  0.066   730128.889
  0.067   730128.896
  0.071   730128.903
  0.072   730128.910
  0.073   730128.917
  0.070   730128.924
  0.071   730128.931
  0.071   730128.938
  0.142   730128.944
  0.076   730128.951
  0.070   730128.958
  0.059   730128.965
  0.068   730128.972
  0.065   730128.979
  0.068   730128.986
  0.062   730128.993
