  0.352   730128.056
  0.457   730128.063
  0.356   730128.070
  0.559   730128.077
  0.341   730128.083
  0.334   730128.091
  0.318   730128.098
  0.359   730128.105
  0.346   730128.112
  0.354   730128.118
  0.373   730128.126
  0.314   730128.139
  0.352   730128.147
  0.374   730128.153
  0.418   730128.160
  0.349   730128.167
  0.330   730128.174
  0.362   730128.188
  0.352   730128.194
  0.317   730128.201
  0.400   730128.209
  0.366   730128.215
  0.341   730128.223
  0.370   730128.229
  0.365   730128.237
  0.403   730128.243
  0.349   730128.251
  0.384   730128.257
  0.393   730128.265
  0.389   730128.278
  0.363   730128.292
  0.386   730128.299
  0.341   730128.306
  0.358   730128.312
  0.329   730128.320
  0.376   730128.327
  0.359   730128.333
  0.364   730128.340
  0.354   730128.348
  0.379   730128.354
  0.339   730128.361
  0.357   730128.369
  0.321   730128.383
  0.323   730128.389
  0.383   730128.397
  0.358   730128.403
  0.358   730128.417
  0.354   730128.431
  0.350   730128.438
  0.392   730128.444
  0.378   730128.453
  0.399   730128.459
  0.379   730128.465
  0.392   730128.473
  0.360   730128.480
  0.358   730128.493
  0.332   730128.507
  0.381   730128.514
  0.365   730128.521
  0.307   730128.535
  0.382   730128.542
  0.375   730128.549
  0.404   730128.556
  0.361   730128.562
  0.401   730128.569
  0.375   730128.576
  0.409   730128.583
  0.389   730128.590
  0.340   730128.597
  0.413   730128.604
  0.338   730128.611
  0.406   730128.618
  0.428   730128.625
  0.416   730128.632
  0.385   730128.639
  0.399   730128.646
  0.369   730128.653
  0.409   730128.660
  0.375   730128.667
  0.381   730128.674
  0.382   730128.681
  0.362   730128.688
  0.344   730128.694
  0.372   730128.702
  0.473   730128.708
  0.300   730128.715
  0.352   730128.722
  0.383   730128.729
  0.384   730128.737
  0.401   730128.744
  0.389   730128.750
  0.371   730128.757
  0.340   730128.764
  0.368   730128.771
  0.357   730128.778
  0.334   730128.785
  0.320   730128.792
  0.620   730128.799
  0.338   730128.806
  0.347   730128.813
  0.327   730128.820
  0.330   730128.827
  0.349   730128.834
  0.329   730128.841
  0.341   730128.848
  0.346   730128.855
  0.300   730128.861
  0.331   730128.876
  0.307   730128.882
  0.343   730128.897
  0.353   730128.903
  0.353   730128.910
  0.985   730128.924
  0.325   730128.931
  0.328   730128.938
  0.348   730128.945
  0.343   730128.951
  0.347   730128.959
  0.350   730128.966
  0.335   730128.973
  0.349   730128.980
  0.322   730128.986
  0.323   730128.993
