  0.820   729770.000
  0.840   729770.000
  0.790   729770.010
  0.860   729770.020
  0.810   729770.020
  0.820   729770.030
  0.810   729770.040
  0.810   729770.050
  0.760   729770.050
  0.790   729770.060
  0.760   729770.070
  0.820   729770.070
    NaN   729770.080
    NaN   729770.090
  0.810   729770.090
  0.800   729770.100
  0.770   729770.110
  1.470   729770.110
  0.800   729770.120
  0.740   729770.130
  0.800   729770.140
  0.800   729770.140
  0.760   729770.150
  0.860   729770.160
  0.880   729770.160
  0.820   729770.170
  0.780   729770.180
  0.810   729770.180
  0.770   729770.190
  0.780   729770.200
  0.830   729770.200
  0.800   729770.210
  0.780   729770.220
  0.740   729770.230
  0.770   729770.230
  0.780   729770.240
  0.780   729770.250
  0.810   729770.250
  0.720   729770.260
  1.060   729770.270
  0.770   729770.270
  0.730   729770.280
  0.670   729770.290
  0.700   729770.300
  0.690   729770.300
  0.650   729770.310
  0.690   729770.320
  0.720   729770.320
  0.710   729770.330
  0.680   729770.340
  0.690   729770.340
  0.640   729770.350
  0.730   729770.360
  0.670   729770.360
  0.700   729770.370
  0.630   729770.380
  0.650   729770.390
  0.700   729770.390
  0.670   729770.400
  0.730   729770.410
  0.960   729770.410
  1.040   729770.420
  1.050   729770.430
  0.710   729770.430
  0.730   729770.440
  0.670   729770.450
  0.720   729770.450
  0.790   729770.460
  0.720   729770.470
  0.680   729770.480
  0.710   729770.480
  0.690   729770.490
  0.690   729770.500
  0.680   729770.510
  0.710   729770.510
  0.770   729770.520
  0.800   729770.520
  0.790   729770.530
  0.710   729770.540
  0.780   729770.550
  0.800   729770.550
  0.750   729770.560
  0.820   729770.570
  0.850   729770.570
    NaN   729770.580
    NaN   729770.590
  0.740   729770.590
  0.720   729770.600
  0.820   729770.610
  0.720   729770.610
  0.690   729770.620
  0.730   729770.630
  0.690   729770.640
  0.700   729770.640
  1.190   729770.650
  0.680   729770.660
  0.660   729770.660
  0.650   729770.670
  0.600   729770.680
  0.720   729770.680
  0.660   729770.690
  0.670   729770.700
  0.660   729770.700
  0.610   729770.710
  0.690   729770.720
  0.660   729770.730
  0.670   729770.730
  0.620   729770.740
  0.620   729770.750
  0.600   729770.750
  0.640   729770.760
  0.610   729770.770
  0.540   729770.770
  0.580   729770.780
  0.880   729770.790
  1.020   729770.800
  0.590   729770.800
  0.640   729770.810
  0.590   729770.820
  0.500   729770.820
  0.520   729770.830
  0.550   729770.840
  0.590   729770.840
  0.560   729770.850
  0.560   729770.860
  0.570   729770.860
  0.490   729770.870
  0.530   729770.880
  0.570   729770.890
  0.520   729770.890
  0.470   729770.900
  0.520   729770.910
  0.550   729770.910
  0.490   729770.920
  1.170   729770.930
  0.820   729770.930
  0.490   729770.940
  0.490   729770.950
  0.550   729770.950
  0.450   729770.960
  0.510   729770.970
  0.490   729770.980
  0.440   729770.980
  0.490   729770.990
