  0.863   730086.245
  0.969   730086.253
  0.837   730086.260
  0.799   730086.267
  0.832   730086.274
  0.823   730086.282
  0.867   730086.290
  0.917   730086.297
  0.832   730086.303
  1.032   730086.310
  0.907   730086.317
  0.888   730086.324
  0.941   730086.329
  0.896   730086.336
  0.958   730086.343
  0.871   730086.350
  0.972   730086.357
  0.941   730086.364
  0.821   730086.371
  0.923   730086.378
  0.858   730086.385
  0.862   730086.392
  0.833   730086.399
  0.907   730086.406
  0.864   730086.412
  0.750   730086.419
  0.830   730086.426
  0.804   730086.433
  0.858   730086.440
  0.896   730086.447
  0.893   730086.455
  0.855   730086.461
  0.869   730086.468
  0.976   730086.475
  0.917   730086.482
  0.842   730086.489
  0.813   730086.496
  1.015   730086.503
  1.154   730086.510
  1.280   730086.517
  1.303   730086.524
  1.697   730086.531
  1.460   730086.537
  1.694   730086.544
  1.425   730086.551
  1.495   730086.558
  1.301   730086.565
  1.487   730086.572
  1.383   730086.579
  1.221   730086.586
  1.430   730086.593
  1.174   730086.600
  1.710   730086.607
  1.188   730086.614
  1.313   730086.621
  1.581   730086.628
  1.635   730086.635
  1.149   730086.642
  1.311   730086.649
  1.195   730086.656
  1.340   730086.662
  1.443   730086.669
  1.133   730086.676
  1.076   730086.683
  1.027   730086.690
  1.122   730086.697
  1.135   730086.704
  1.063   730086.711
  1.115   730086.718
  1.078   730086.725
  1.087   730086.732
  1.124   730086.739
  1.070   730086.746
  1.166   730086.753
  1.170   730086.760
  1.126   730086.767
  1.101   730086.774
  1.198   730086.781
  1.027   730086.787
  1.043   730086.794
  1.095   730086.801
  1.126   730086.808
  1.224   730086.815
  1.043   730086.822
  1.194   730086.829
  1.329   730086.836
  1.100   730086.843
  1.243   730086.850
    NaN   730086.857
  1.209   730086.864
  1.244   730086.871
  1.339   730086.878
  1.365   730086.885
  1.343   730086.892
  1.597   730086.899
  1.713   730086.906
  1.729   730086.912
  1.758   730086.919
  1.863   730086.926
  1.665   730086.933
  1.775   730086.940
  1.724   730086.947
  1.843   730086.954
  1.682   730086.961
  1.701   730086.968
  1.795   730086.976
  1.579   730086.982
  1.740   730086.989
  2.931   730086.997
