  1.000   730086.245
  1.081   730086.253
  1.069   730086.259
  1.070   730086.267
  1.045   730086.274
  1.018   730086.281
  1.021   730086.290
  1.081   730086.297
  1.043   730086.303
  1.140   730086.309
  1.058   730086.316
  1.057   730086.323
  1.258   730086.329
  1.051   730086.335
  1.155   730086.342
  1.128   730086.350
  1.275   730086.356
  1.291   730086.363
  1.333   730086.371
  1.182   730086.377
  1.320   730086.384
  1.313   730086.392
  1.312   730086.398
  1.295   730086.405
  1.398   730086.412
  1.546   730086.419
  1.458   730086.426
    NaN   730086.433
  1.296   730086.440
  1.477   730086.447
  1.420   730086.454
  1.322   730086.460
  1.434   730086.467
  1.745   730086.474
  1.496   730086.481
  1.470   730086.488
  1.556   730086.495
  1.549   730086.502
  1.636   730086.509
  1.824   730086.516
  1.832   730086.523
  1.833   730086.530
  1.912   730086.537
  1.601   730086.544
  1.965   730086.551
  1.875   730086.558
  1.946   730086.565
  1.814   730086.572
  1.730   730086.579
  1.878   730086.585
  1.735   730086.592
  1.473   730086.600
  1.756   730086.606
  1.632   730086.613
  1.621   730086.621
  1.825   730086.627
  1.646   730086.634
  1.814   730086.642
  1.707   730086.648
  1.740   730086.655
  1.731   730086.662
  1.760   730086.669
  1.679   730086.676
  1.441   730086.683
  1.877   730086.690
  1.762   730086.697
  1.668   730086.704
  1.475   730086.710
  1.662   730086.717
  1.552   730086.725
  1.571   730086.731
  1.847   730086.738
  1.600   730086.745
  1.713   730086.752
  1.607   730086.759
  1.825   730086.767
  1.752   730086.773
  1.408   730086.780
  1.655   730086.787
  1.755   730086.794
  1.580   730086.801
  1.853   730086.808
  1.744   730086.815
  1.724   730086.822
  1.602   730086.829
  1.746   730086.835
  1.456   730086.842
  1.698   730086.850
  1.575   730086.856
  1.572   730086.863
  1.540   730086.870
  1.459   730086.877
  1.359   730086.884
  1.652   730086.892
  1.534   730086.899
  1.547   730086.905
  1.537   730086.912
  1.610   730086.919
  1.405   730086.926
    NaN   730086.933
  1.508   730086.940
  1.426   730086.947
  1.427   730086.954
  1.413   730086.960
  1.386   730086.967
  1.517   730086.975
  1.519   730086.982
  1.524   730086.989
  1.499   730086.996
