  1.597   730086.245
  1.554   730086.253
  1.507   730086.259
  1.648   730086.267
  1.476   730086.274
  1.781   730086.281
  1.734   730086.290
  1.808   730086.297
  1.657   730086.303
  1.745   730086.309
  1.580   730086.316
  1.858   730086.323
  1.935   730086.329
  1.928   730086.335
  1.751   730086.342
  2.064   730086.350
  1.953   730086.356
  1.859   730086.363
  2.007   730086.371
  2.300   730086.377
  1.984   730086.384
  2.399   730086.392
  2.187   730086.398
  2.261   730086.405
  1.911   730086.412
  2.132   730086.419
  2.068   730086.426
  2.576   730086.433
  2.410   730086.440
  2.402   730086.447
  2.515   730086.454
  2.592   730086.460
  2.228   730086.467
  2.637   730086.474
  2.855   730086.481
  2.810   730086.488
  2.831   730086.495
  2.605   730086.502
  2.602   730086.509
  3.044   730086.516
  2.876   730086.523
  3.040   730086.530
  2.886   730086.537
  3.396   730086.544
  2.997   730086.551
  3.102   730086.558
  3.085   730086.565
  3.409   730086.572
  3.131   730086.579
  3.008   730086.585
  3.408   730086.592
  3.124   730086.600
  3.281   730086.606
  3.374   730086.613
  3.757   730086.621
  3.503   730086.627
  3.225   730086.634
  3.186   730086.642
  3.297   730086.648
  3.531   730086.655
  3.513   730086.662
  3.217   730086.669
  3.067   730086.676
    NaN   730086.683
  3.336   730086.690
  3.364   730086.697
  2.718   730086.704
  2.616   730086.710
  2.545   730086.717
  2.671   730086.725
  2.636   730086.731
  2.973   730086.738
  3.062   730086.745
  2.711   730086.752
  2.628   730086.759
  3.162   730086.767
  2.854   730086.773
  2.729   730086.780
  2.928   730086.787
  2.414   730086.794
  2.869   730086.801
  3.049   730086.808
  2.701   730086.815
  3.012   730086.822
  2.907   730086.829
  2.616   730086.835
  2.690   730086.842
  2.701   730086.850
  3.112   730086.856
  2.941   730086.863
  2.739   730086.870
  2.949   730086.877
  2.397   730086.884
  2.565   730086.892
  2.771   730086.899
  2.688   730086.905
  2.644   730086.912
  2.581   730086.919
  2.738   730086.926
  2.379   730086.933
  2.349   730086.940
  2.328   730086.947
  2.700   730086.954
  2.780   730086.960
  2.462   730086.967
  2.531   730086.975
  2.349   730086.982
  2.448   730086.989
  2.597   730086.996
