  0.235   730100.001
  0.233   730100.008
  0.233   730100.015
  0.585   730100.022
  1.825   730100.028
  0.846   730100.035
  0.198   730100.042
  0.190   730100.049
  0.224   730100.056
  0.190   730100.077
  0.207   730100.084
  0.189   730100.091
  0.206   730100.098
  0.176   730100.105
  0.202   730100.112
  0.186   730100.119
  0.177   730100.126
  0.176   730100.133
  0.191   730100.140
  0.172   730100.147
  0.210   730100.153
  0.201   730100.160
  0.188   730100.167
  0.157   730100.174
  0.164   730100.181
  0.184   730100.188
  0.187   730100.195
  0.182   730100.202
  0.197   730100.209
  0.184   730100.216
  0.178   730100.223
  0.160   730100.230
  0.179   730100.237
  0.171   730100.244
  0.187   730100.251
  0.170   730100.258
  0.172   730100.265
  0.183   730100.272
  0.175   730100.278
  0.180   730100.285
  0.174   730100.292
  0.194   730100.299
  0.158   730100.306
  0.170   730100.313
  0.175   730100.320
  0.164   730100.327
  0.200   730100.334
  0.175   730100.341
  0.179   730100.348
  0.199   730100.355
  0.183   730100.362
  0.192   730100.369
  0.216   730100.376
  0.198   730100.383
  0.234   730100.390
  0.232   730100.397
  0.219   730100.403
  0.239   730100.410
  0.242   730100.417
  0.267   730100.424
  0.255   730100.431
  0.300   730100.438
  0.274   730100.445
  0.293   730100.453
  0.295   730100.459
  0.325   730100.466
  0.325   730100.473
  0.286   730100.480
  0.293   730100.487
  0.338   730100.494
  0.339   730100.501
  0.398   730100.508
  0.348   730100.515
  0.378   730100.522
  0.382   730100.528
  0.366   730100.535
  0.379   730100.542
  0.319   730100.549
  0.383   730100.556
  0.427   730100.563
  0.357   730100.570
  0.361   730100.577
  0.415   730100.584
  0.395   730100.591
  0.394   730100.598
  0.411   730100.605
  0.366   730100.612
  0.410   730100.619
  0.376   730100.626
  0.375   730100.633
  0.403   730100.640
  0.394   730100.647
  0.394   730100.653
  0.348   730100.660
  0.437   730100.667
  0.411   730100.674
  0.401   730100.681
  0.380   730100.688
  0.343   730100.695
  0.386   730100.702
  0.349   730100.709
  0.394   730100.716
  0.333   730100.723
  0.407   730100.730
  0.415   730100.737
  0.351   730100.744
  0.421   730100.751
  0.399   730100.758
  0.377   730100.765
  0.375   730100.772
  0.362   730100.778
  0.408   730100.785
  0.394   730100.792
  0.421   730100.799
  0.376   730100.806
  0.341   730100.813
  0.390   730100.820
  0.313   730100.827
  0.426   730100.834
  0.371   730100.841
  0.362   730100.848
  0.347   730100.855
  0.342   730100.862
  0.384   730100.869
  0.336   730100.876
  0.344   730100.883
  0.405   730100.890
  0.329   730100.897
  0.384   730100.903
  0.375   730100.910
  0.334   730100.917
  0.329   730100.924
  0.373   730100.931
  0.359   730100.938
  0.292   730100.960
  0.272   730100.966
  0.299   730100.973
  0.254   730100.994
