  1.323   730100.001
  0.908   730100.008
  1.102   730100.015
  1.265   730100.022
  2.544   730100.028
  1.381   730100.035
  0.856   730100.042
  1.120   730100.049
  0.957   730100.056
  1.027   730100.077
  1.142   730100.084
  1.201   730100.091
  1.245   730100.098
  1.229   730100.105
  1.145   730100.112
  1.241   730100.119
  1.240   730100.126
  1.231   730100.133
  1.416   730100.140
  1.255   730100.147
  1.232   730100.153
  1.298   730100.160
  1.251   730100.167
  1.206   730100.174
  1.114   730100.181
  1.230   730100.188
  1.135   730100.195
  1.128   730100.202
  1.154   730100.209
  1.141   730100.216
  1.217   730100.223
  1.173   730100.230
  1.156   730100.237
  1.249   730100.244
  1.269   730100.251
  1.157   730100.258
  1.068   730100.265
  1.107   730100.272
  0.922   730100.278
  1.038   730100.285
  1.011   730100.292
  1.008   730100.299
  0.909   730100.306
  0.809   730100.313
  0.852   730100.320
  0.811   730100.327
  0.894   730100.334
  0.765   730100.341
  0.856   730100.348
  0.799   730100.355
  0.844   730100.362
  0.855   730100.369
  0.916   730100.376
  0.900   730100.383
  0.927   730100.390
  0.950   730100.397
  0.840   730100.403
  0.881   730100.410
  0.935   730100.417
  0.954   730100.424
  1.049   730100.431
  0.965   730100.438
  0.976   730100.445
  1.031   730100.453
  1.117   730100.459
  1.190   730100.466
  1.239   730100.473
  1.138   730100.480
  1.241   730100.487
  1.202   730100.494
  1.351   730100.501
  1.263   730100.508
  1.198   730100.515
  1.275   730100.522
  1.407   730100.528
  1.342   730100.535
  1.366   730100.542
  1.251   730100.549
  1.307   730100.556
  1.238   730100.563
  1.361   730100.570
  1.295   730100.577
  1.493   730100.584
  1.338   730100.591
  1.244   730100.598
  1.299   730100.605
  1.354   730100.612
  1.307   730100.619
  1.233   730100.626
  1.234   730100.633
  1.329   730100.640
  1.278   730100.647
  1.334   730100.653
  1.393   730100.660
  1.364   730100.667
  1.295   730100.674
  1.227   730100.681
  1.269   730100.688
  1.353   730100.695
  1.213   730100.702
  1.283   730100.709
  1.461   730100.716
  1.284   730100.723
  1.272   730100.730
  1.160   730100.737
  1.233   730100.744
  1.312   730100.751
  1.196   730100.758
  1.218   730100.765
  1.186   730100.772
  1.376   730100.778
  1.235   730100.785
  1.304   730100.792
  1.487   730100.799
  1.375   730100.806
  1.337   730100.813
  1.408   730100.820
  1.355   730100.827
  1.341   730100.834
  1.319   730100.841
  1.336   730100.848
  1.353   730100.855
  1.387   730100.862
  1.224   730100.869
  1.212   730100.876
  1.256   730100.883
  1.337   730100.890
  1.395   730100.897
  1.278   730100.903
  1.346   730100.910
  1.320   730100.917
  1.167   730100.924
  1.342   730100.931
  1.172   730100.938
  1.403   730100.960
  1.248   730100.966
  1.197   730100.973
  1.212   730100.994
