    NaN   730100.001
  0.174   730100.008
    NaN   730100.015
  0.163   730100.022
  0.157   730100.028
  0.177   730100.035
  0.170   730100.042
  0.184   730100.049
  0.189   730100.056
    NaN   730100.077
  0.187   730100.084
    NaN   730100.091
  0.176   730100.098
  0.169   730100.105
    NaN   730100.112
  0.189   730100.119
    NaN   730100.126
  0.165   730100.133
  0.165   730100.140
    NaN   730100.147
    NaN   730100.153
  0.180   730100.160
  0.169   730100.167
  0.164   730100.174
  0.175   730100.181
  0.164   730100.188
  0.150   730100.195
  0.157   730100.202
    NaN   730100.209
  0.148   730100.216
  0.134   730100.223
  0.153   730100.230
    NaN   730100.237
  0.139   730100.244
  0.163   730100.251
  0.139   730100.258
    NaN   730100.265
    NaN   730100.272
  0.148   730100.278
  0.150   730100.285
  0.170   730100.292
  0.129   730100.299
  0.128   730100.306
    NaN   730100.313
  0.152   730100.320
  0.148   730100.327
    NaN   730100.334
    NaN   730100.341
  0.156   730100.348
  0.165   730100.355
    NaN   730100.362
  0.157   730100.369
  0.146   730100.376
  0.141   730100.383
  0.143   730100.390
  0.147   730100.397
  0.151   730100.403
  0.151   730100.410
  0.144   730100.417
    NaN   730100.424
  0.158   730100.431
  0.144   730100.438
  0.145   730100.445
  0.140   730100.453
  0.139   730100.459
    NaN   730100.466
  0.158   730100.473
    NaN   730100.480
  0.148   730100.487
  0.141   730100.494
  0.144   730100.501
    NaN   730100.508
  0.152   730100.515
  0.162   730100.522
  0.157   730100.528
  0.146   730100.535
    NaN   730100.542
  0.159   730100.549
    NaN   730100.556
  0.161   730100.563
    NaN   730100.570
  0.160   730100.577
  0.151   730100.584
    NaN   730100.591
  0.152   730100.598
  0.145   730100.605
  0.143   730100.612
  0.152   730100.619
    NaN   730100.626
    NaN   730100.633
  0.161   730100.640
  0.166   730100.647
  0.161   730100.653
  0.185   730100.660
  0.157   730100.667
  0.182   730100.674
  0.181   730100.681
  0.176   730100.688
  0.193   730100.695
  0.190   730100.702
    NaN   730100.709
  0.199   730100.716
  0.183   730100.723
  0.222   730100.730
  0.251   730100.737
  0.240   730100.744
  0.193   730100.751
  0.182   730100.758
    NaN   730100.765
  0.181   730100.772
  0.211   730100.778
  0.198   730100.785
  0.186   730100.792
  0.209   730100.799
  0.189   730100.806
  0.191   730100.813
  0.187   730100.820
  0.184   730100.827
  0.328   730100.834
    NaN   730100.841
  0.225   730100.848
  0.207   730100.855
  0.198   730100.862
    NaN   730100.869
  0.192   730100.876
  0.173   730100.883
    NaN   730100.890
    NaN   730100.897
  0.194   730100.903
  0.207   730100.910
    NaN   730100.917
  0.195   730100.924
  0.196   730100.931
  0.191   730100.938
  0.227   730100.960
  0.222   730100.966
  0.263   730100.973
    NaN   730100.994
