  0.269   730100.003
  0.267   730100.010
  0.283   730100.017
  0.258   730100.024
  0.267   730100.031
  0.271   730100.038
  0.275   730100.044
  0.299   730100.051
  0.310   730100.059
  0.260   730100.078
  0.279   730100.086
  0.304   730100.092
  0.271   730100.100
  0.254   730100.107
    NaN   730100.113
  0.274   730100.121
  0.269   730100.128
  0.223   730100.135
  0.241   730100.142
  0.229   730100.149
  0.248   730100.156
  0.238   730100.162
  0.210   730100.169
  0.246   730100.176
  0.257   730100.183
  0.248   730100.190
  0.219   730100.197
  0.228   730100.204
  0.250   730100.210
  0.243   730100.217
  0.246   730100.225
  0.258   730100.232
  0.251   730100.238
  0.238   730100.246
  0.234   730100.253
  0.233   730100.259
  0.239   730100.267
  0.248   730100.274
  0.210   730100.281
  0.232   730100.287
  0.226   730100.294
  0.222   730100.301
  0.215   730100.308
  0.237   730100.315
  0.231   730100.322
  0.295   730100.329
  0.203   730100.336
  0.237   730100.343
  0.223   730100.350
  0.226   730100.357
  0.213   730100.364
  0.221   730100.371
  0.259   730100.378
  0.218   730100.385
  0.207   730100.392
  0.210   730100.399
  0.206   730100.406
  0.214   730100.412
  0.206   730100.419
  0.234   730100.426
  0.213   730100.433
  0.196   730100.440
  0.198   730100.447
  0.200   730100.455
  0.201   730100.461
  0.216   730100.468
  0.237   730100.475
  0.202   730100.482
  0.215   730100.489
  0.239   730100.496
  0.226   730100.503
  0.208   730100.510
  0.225   730100.517
  0.226   730100.524
  0.237   730100.531
  0.245   730100.537
  0.218   730100.544
  0.234   730100.551
  0.239   730100.558
  0.269   730100.565
  0.298   730100.572
  0.302   730100.579
  0.309   730100.586
  0.307   730100.593
  0.361   730100.600
  0.352   730100.607
  0.359   730100.614
  0.328   730100.621
  0.336   730100.628
  0.413   730100.635
  0.407   730100.642
  0.411   730100.649
  0.430   730100.656
  0.441   730100.662
  0.440   730100.669
  0.389   730100.676
  0.377   730100.683
  0.462   730100.690
  0.431   730100.697
  0.426   730100.704
  0.436   730100.711
  0.393   730100.718
  0.455   730100.725
  0.489   730100.732
  0.411   730100.739
  0.446   730100.746
  0.453   730100.753
  0.387   730100.760
  0.444   730100.767
  0.422   730100.774
  0.387   730100.781
  0.388   730100.787
  0.419   730100.794
  0.471   730100.801
  0.421   730100.808
  0.448   730100.815
  0.431   730100.822
  0.431   730100.829
  0.397   730100.836
  0.414   730100.843
  0.416   730100.850
  0.419   730100.857
  0.406   730100.864
  0.444   730100.871
  0.506   730100.878
  0.423   730100.885
  0.525   730100.892
  0.385   730100.899
  0.400   730100.906
  0.448   730100.912
  0.427   730100.919
  0.370   730100.926
  0.461   730100.933
  0.359   730100.962
  0.369   730100.968
  0.385   730100.975
  0.416   730100.996
