  0.823   730100.000
  0.869   730100.007
  0.844   730100.014
  0.960   730100.021
  0.928   730100.028
  0.830   730100.035
  0.835   730100.042
  0.830   730100.049
  0.812   730100.056
  0.804   730100.076
  0.850   730100.083
  0.868   730100.090
  5.208   730100.097
  0.000   730100.104
  0.000   730100.111
  0.000   730100.118
  0.000   730100.125
  0.000   730100.132
  1.346   730100.139
  0.000   730100.146
  0.000   730100.153
  0.000   730100.160
  1.346   730100.167
  0.000   730100.174
  1.346   730100.181
  1.346   730100.188
  0.000   730100.194
  0.000   730100.201
  0.000   730100.208
  0.000   730100.215
  1.346   730100.222
  1.346   730100.229
  0.000   730100.236
  0.000   730100.243
  0.000   730100.250
  0.000   730100.257
  1.346   730100.264
  0.000   730100.271
  1.346   730100.278
  1.346   730100.285
  0.000   730100.292
  0.000   730100.299
  0.000   730100.306
  1.346   730100.312
  0.000   730100.319
  0.000   730100.326
  0.000   730100.333
  0.000   730100.340
  0.000   730100.347
  0.000   730100.354
  0.000   730100.361
  0.006   730100.368
  0.000   730100.375
  0.000   730100.382
  0.000   730100.389
  0.000   730100.396
  0.000   730100.403
  0.000   730100.410
  0.000   730100.417
  0.000   730100.424
  1.346   730100.431
  1.346   730100.438
  0.000   730100.444
  0.000   730100.451
  0.000   730100.458
  0.000   730100.465
  0.000   730100.472
  0.000   730100.479
  0.000   730100.486
  1.346   730100.493
  1.346   730100.500
  1.346   730100.507
  0.000   730100.514
  1.346   730100.521
  0.000   730100.528
  0.000   730100.535
  1.346   730100.542
  1.346   730100.549
  0.000   730100.556
  1.346   730100.562
  1.346   730100.569
  0.000   730100.576
  1.346   730100.583
  0.000   730100.590
  0.000   730100.597
  0.000   730100.604
  0.000   730100.611
  0.006   730100.618
  0.000   730100.625
  0.000   730100.632
  0.000   730100.639
  0.000   730100.646
  0.000   730100.653
  0.000   730100.660
  0.000   730100.667
  0.000   730100.674
  0.000   730100.681
  0.000   730100.688
  0.000   730100.694
  0.001   730100.701
  0.000   730100.708
  0.000   730100.715
  0.000   730100.722
  0.000   730100.729
  0.000   730100.736
  0.000   730100.743
  0.000   730100.750
  0.000   730100.757
  0.000   730100.764
  0.000   730100.771
  0.000   730100.778
  0.000   730100.785
  0.000   730100.792
  0.007   730100.799
  1.351   730100.806
  2.739   730100.812
  1.514   730100.819
  1.162   730100.826
  1.489   730100.833
  1.348   730100.840
  1.568   730100.847
  1.366   730100.854
  1.409   730100.861
  1.349   730100.868
  1.328   730100.875
  1.237   730100.882
  1.179   730100.889
  1.164   730100.896
  1.192   730100.903
  1.248   730100.910
  1.237   730100.917
  1.034   730100.924
  1.359   730100.931
  1.245   730100.938
  0.000   730100.938
  1.850   730100.965
  1.132   730100.972
  1.258   730100.993
