 36.063   730331.001
 18.861   730331.001
 35.899   730331.007
 33.709   730331.014
 33.703   730331.021
 32.319   730331.028
 31.429   730331.035
 37.331   730331.042
 32.882   730331.049
 32.415   730331.055
 35.139   730331.063
 30.940   730331.070
 32.576   730331.076
 33.424   730331.083
 33.813   730331.090
 32.234   730331.097
 32.100   730331.104
 33.356   730331.111
 31.608   730331.118
 33.909   730331.125
 42.883   730331.132
 33.420   730331.139
 34.384   730331.146
 34.725   730331.153
 39.094   730331.160
 42.992   730331.167
 39.346   730331.174
 45.844   730331.181
 44.830   730331.188
 49.255   730331.195
 46.543   730331.202
 56.049   730331.208
 46.366   730331.215
 54.969   730331.222
 55.560   730331.229
 67.362   730331.236
 66.307   730331.243
 61.457   730331.250
 49.996   730331.257
 47.985   730331.264
 43.502   730331.271
 43.445   730331.278
 44.262   730331.285
 42.723   730331.292
 43.233   730331.299
 48.408   730331.306
 49.215   730331.313
 48.086   730331.320
 45.840   730331.326
 47.826   730331.333
 45.312   730331.340
 43.189   730331.347
 48.967   730331.354
 53.267   730331.361
 42.641   730331.368
 47.439   730331.375
 45.746   730331.382
 55.145   730331.389
 53.602   730331.396
 57.622   730331.403
 53.066   730331.410
 60.621   730331.417
 55.977   730331.424
 55.934   730331.431
 56.585   730331.438
 45.570   730331.445
 59.232   730331.452
 50.778   730331.459
 48.523   730331.465
 53.453   730331.472
 46.493   730331.479
 51.599   730331.486
 47.912   730331.493
 46.967   730331.500
 49.585   730331.507
 49.227   730331.514
 42.575   730331.521
 41.225   730331.528
 42.694   730331.535
 35.229   730331.542
 39.295   730331.549
 41.171   730331.556
 47.502   730331.563
 42.363   730331.570
 35.645   730331.577
 41.288   730331.583
 38.023   730331.590
 42.384   730331.597
 39.719   730331.604
 34.703   730331.611
 35.901   730331.618
 36.595   730331.625
 39.593   730331.632
 35.886   730331.639
 31.952   730331.646
 35.135   730331.653
 29.568   730331.660
 30.887   730331.667
 28.769   730331.674
 31.044   730331.681
 28.315   730331.688
 31.501   730331.695
 34.053   730331.702
 29.060   730331.709
 33.692   730331.715
 29.464   730331.722
 29.494   730331.729
 27.019   730331.736
 29.115   730331.743
 25.960   730331.750
 28.050   730331.757
 27.882   730331.764
 32.125   730331.771
 28.238   730331.778
 25.902   730331.785
 28.148   730331.792
    NaN   730331.799
 28.401   730331.806
 28.087   730331.813
 28.902   730331.820
 27.577   730331.827
 29.668   730331.834
 30.879   730331.840
 30.377   730331.847
 30.140   730331.854
 36.184   730331.861
 29.646   730331.868
 29.987   730331.875
 31.074   730331.882
 31.733   730331.889
 30.073   730331.896
 28.764   730331.903
 32.919   730331.910
 34.988   730331.917
 33.090   730331.924
 35.349   730331.931
 36.867   730331.938
 35.492   730331.945
 35.834   730331.952
 42.347   730331.959
 49.270   730331.965
 50.989   730331.972
 47.789   730331.979
 48.966   730331.986
 48.558   730331.993
