  0.244   730196.000
  0.259   730196.014
  0.285   730196.021
  0.304   730196.028
  0.235   730196.042
  0.243   730196.049
  0.204   730196.062
  0.264   730196.069
  0.284   730196.077
  0.250   730196.083
  0.241   730196.097
  0.241   730196.104
  0.207   730196.111
  0.247   730196.119
  0.222   730196.125
  0.243   730196.132
  0.234   730196.139
  0.225   730196.146
  0.257   730196.160
  0.227   730196.174
  0.258   730196.181
  0.245   730196.188
  0.224   730196.194
  0.249   730196.202
  0.269   730196.208
  0.292   730196.215
  0.246   730196.222
  0.224   730196.236
  0.253   730196.244
  0.285   730196.250
  0.367   730196.264
  0.236   730196.271
  0.251   730196.278
  0.243   730196.285
  0.218   730196.292
  0.244   730196.306
  0.263   730196.312
  0.231   730196.319
  0.252   730196.335
  0.200   730196.340
  0.245   730196.347
  0.230   730196.354
  0.221   730196.361
  0.209   730196.375
  0.196   730196.382
  0.242   730196.389
  0.236   730196.396
  0.228   730196.410
  0.218   730196.417
  0.233   730196.431
  0.198   730196.458
  0.212   730196.472
  0.211   730196.486
  0.205   730196.494
  0.184   730196.500
  0.182   730196.514
  0.212   730196.521
  0.181   730196.535
  0.195   730196.542
  0.226   730196.549
  0.185   730196.556
  0.203   730196.562
  0.205   730196.569
  0.226   730196.577
  0.197   730196.583
  0.200   730196.590
  0.202   730196.597
  0.204   730196.604
  0.228   730196.611
  0.212   730196.619
  0.196   730196.639
  0.213   730196.646
  0.224   730196.660
  0.225   730196.674
  0.190   730196.681
  0.217   730196.702
  0.194   730196.708
  0.206   730196.715
  0.206   730196.722
  0.230   730196.729
  0.205   730196.736
  0.221   730196.751
  0.227   730196.757
  0.209   730196.764
  0.184   730196.772
  0.216   730196.785
  0.905   730196.792
  0.207   730196.799
  0.233   730196.806
  0.230   730196.812
  0.227   730196.819
  0.214   730196.827
  0.184   730196.833
  0.183   730196.855
  0.182   730196.869
  0.182   730196.875
  0.166   730196.882
  0.167   730196.897
  0.185   730196.903
  0.216   730196.910
  0.219   730196.917
  0.202   730196.924
  0.215   730196.931
  0.219   730196.938
  0.211   730196.944
  0.182   730196.952
  0.217   730196.958
  0.231   730196.965
  0.216   730196.972
  0.190   730196.979
  0.225   730196.994
