  0.243   730196.001
  0.228   730196.008
  0.237   730196.015
  0.217   730196.022
  0.227   730196.028
  0.241   730196.036
  0.204   730196.042
  0.217   730196.049
  0.210   730196.056
  0.234   730196.063
  0.222   730196.070
    NaN   730196.078
  0.221   730196.084
  0.237   730196.091
  0.213   730196.098
  0.210   730196.105
  0.237   730196.112
  0.257   730196.120
  0.226   730196.126
  0.257   730196.133
  0.224   730196.140
  0.241   730196.147
  0.244   730196.153
  0.257   730196.162
  0.286   730196.167
  0.255   730196.174
  0.270   730196.181
  0.282   730196.188
  0.316   730196.195
  0.298   730196.203
  0.283   730196.209
  0.281   730196.216
  0.303   730196.223
  0.322   730196.230
  0.308   730196.237
  0.289   730196.244
  0.269   730196.251
  0.333   730196.258
  0.267   730196.265
  0.292   730196.272
  0.276   730196.278
  0.283   730196.287
  0.313   730196.292
  0.288   730196.299
  0.324   730196.306
  0.322   730196.313
  0.302   730196.320
  0.310   730196.328
  0.308   730196.335
  0.303   730196.341
  0.325   730196.348
  0.321   730196.355
  0.338   730196.362
  0.312   730196.369
  0.339   730196.376
  0.327   730196.383
  0.323   730196.390
  0.325   730196.397
  0.323   730196.403
  0.373   730196.411
  0.405   730196.417
  0.343   730196.424
  0.383   730196.431
  0.330   730196.438
  0.387   730196.445
  0.348   730196.453
  0.339   730196.459
  0.337   730196.466
  0.308   730196.473
  0.352   730196.480
  0.394   730196.487
  0.405   730196.495
  0.365   730196.501
  0.402   730196.508
  0.371   730196.515
  0.424   730196.522
  0.394   730196.528
  0.385   730196.537
  0.416   730196.542
  0.343   730196.549
  0.431   730196.556
  0.392   730196.563
  0.361   730196.570
    NaN   730196.578
  1.063   730196.584
  0.352   730196.591
  0.325   730196.598
  0.347   730196.605
  0.366   730196.612
  0.340   730196.620
  0.288   730196.626
  0.332   730196.633
  0.285   730196.640
  0.338   730196.647
  0.350   730196.653
  0.340   730196.662
  0.306   730196.667
  0.302   730196.674
  0.289   730196.681
  0.347   730196.688
  0.267   730196.695
  0.294   730196.703
  0.273   730196.709
  0.282   730196.716
  0.269   730196.723
  0.256   730196.730
  0.281   730196.737
  0.254   730196.744
  0.271   730196.751
  0.223   730196.758
  0.262   730196.765
  0.232   730196.772
  0.247   730196.778
  0.232   730196.787
  0.231   730196.792
  0.205   730196.799
  0.207   730196.806
  0.202   730196.813
  0.210   730196.820
  0.221   730196.828
  0.197   730196.834
  0.190   730196.841
  0.209   730196.848
  0.215   730196.855
  0.187   730196.862
  0.267   730196.870
  0.239   730196.876
  0.240   730196.883
  0.292   730196.890
  0.280   730196.897
  0.326   730196.903
  0.299   730196.912
  0.262   730196.917
  0.271   730196.924
  0.276   730196.931
  0.303   730196.938
  0.249   730196.945
  0.251   730196.953
  0.256   730196.959
  0.281   730196.966
  0.301   730196.973
  0.291   730196.980
  0.267   730196.987
  0.237   730196.995
