  1.912   730196.001
  2.073   730196.008
  1.748   730196.015
  2.047   730196.022
  2.012   730196.029
  2.176   730196.037
  2.117   730196.043
  2.334   730196.050
  2.446   730196.057
  2.231   730196.064
  2.346   730196.071
  2.441   730196.079
  1.997   730196.085
  2.545   730196.092
  2.230   730196.099
  2.167   730196.106
  2.242   730196.113
  2.319   730196.121
  2.515   730196.126
  2.779   730196.133
  2.149   730196.140
  2.281   730196.147
  2.540   730196.154
    NaN   730196.162
 30.070   730196.168
  0.000   730196.175
  0.000   730196.182
  0.000   730196.189
 26.103   730196.196
  2.480   730196.204
  2.619   730196.210
  2.483   730196.217
  2.586   730196.224
  2.744   730196.231
  2.820   730196.238
  2.725   730196.246
  2.455   730196.251
  2.844   730196.258
  2.769   730196.265
  3.072   730196.272
  2.705   730196.279
  2.633   730196.287
  2.927   730196.293
  2.771   730196.300
  2.505   730196.307
  2.883   730196.314
  2.981   730196.321
  2.596   730196.331
  2.763   730196.336
  2.956   730196.342
  2.827   730196.349
  2.882   730196.356
  3.050   730196.363
  2.683   730196.371
  2.922   730196.376
  2.707   730196.383
  2.437   730196.390
  2.389   730196.397
  2.774   730196.404
  2.642   730196.412
  2.720   730196.418
  2.324   730196.425
  2.308   730196.432
  2.493   730196.439
  2.590   730196.446
  2.094   730196.455
  2.291   730196.460
  2.193   730196.467
  2.454   730196.474
  2.374   730196.481
  2.132   730196.488
  2.214   730196.496
  2.185   730196.501
  2.104   730196.508
  2.119   730196.515
  2.192   730196.522
  2.324   730196.529
  2.080   730196.537
  2.346   730196.543
  1.999   730196.550
  2.475   730196.557
  2.265   730196.564
  2.442   730196.571
  2.363   730196.579
  2.342   730196.585
  2.201   730196.592
  2.292   730196.599
  2.104   730196.606
  2.336   730196.613
  2.518   730196.621
  2.261   730196.626
  2.654   730196.633
  2.174   730196.640
  2.520   730196.647
  2.124   730196.654
  2.257   730196.662
  2.266   730196.668
  2.203   730196.675
  2.354   730196.682
    NaN   730196.689
  2.417   730196.696
  2.259   730196.704
  2.241   730196.710
  2.113   730196.717
  2.079   730196.724
  2.090   730196.731
  2.194   730196.738
  1.997   730196.746
  1.970   730196.751
  2.318   730196.758
  2.211   730196.765
  2.729   730196.773
  2.841   730196.779
  2.977   730196.787
  3.098   730196.793
  2.952   730196.800
  2.907   730196.807
  2.563   730196.814
  2.604   730196.821
  2.226   730196.829
  2.093   730196.835
  2.082   730196.842
  1.708   730196.849
  1.884   730196.856
  1.850   730196.863
  1.782   730196.871
  1.783   730196.876
  1.823   730196.883
  1.636   730196.890
  1.751   730196.898
  1.591   730196.904
    NaN   730196.912
 23.476   730196.918
    NaN   730196.925
 10.011   730196.932
  1.756   730196.939
  1.657   730196.946
  1.700   730196.954
  1.782   730196.960
  1.600   730196.967
  1.680   730196.974
  1.706   730196.981
  1.867   730196.988
  1.704   730196.996
