  0.352   730097.002
  0.337   730097.009
  0.342   730097.016
  0.330   730097.023
  0.322   730097.030
  0.329   730097.037
  0.348   730097.044
  0.316   730097.051
  0.323   730097.058
  0.344   730097.065
  0.341   730097.072
  0.370   730097.078
  0.334   730097.085
  0.326   730097.092
  0.330   730097.099
  0.320   730097.106
  0.333   730097.113
  0.334   730097.120
  0.336   730097.127
  0.354   730097.133
  0.358   730097.141
  0.344   730097.148
  0.354   730097.155
  0.373   730097.162
  0.368   730097.169
  0.414   730097.176
  0.338   730097.183
  0.368   730097.190
  0.348   730097.197
  0.362   730097.203
  0.374   730097.210
  0.360   730097.217
  0.337   730097.224
  0.366   730097.231
  0.380   730097.238
  0.421   730097.245
  0.375   730097.252
  0.382   730097.258
  0.463   730097.266
  0.360   730097.273
  0.330   730097.280
  0.433   730097.287
  0.485   730097.294
  0.389   730097.301
  0.418   730097.308
  0.426   730097.315
  0.470   730097.322
  0.411   730097.328
  0.417   730097.335
  0.425   730097.342
  0.434   730097.349
  0.411   730097.356
  0.381   730097.363
  0.445   730097.370
  0.458   730097.377
  0.435   730097.384
  0.409   730097.391
  0.466   730097.398
  0.451   730097.405
  0.480   730097.412
  0.442   730097.419
    NaN   730097.426
  0.470   730097.433
  0.461   730097.440
  0.388   730097.447
  0.422   730097.454
  0.459   730097.460
  0.455   730097.467
  0.484   730097.474
  0.509   730097.481
  0.429   730097.488
  0.485   730097.495
  0.514   730097.502
  0.471   730097.509
  0.454   730097.516
  0.414   730097.523
  0.461   730097.530
  0.493   730097.537
  0.497   730097.544
  0.451   730097.551
  0.532   730097.558
  0.437   730097.565
  0.517   730097.571
  0.549   730097.578
  0.509   730097.585
  0.515   730097.592
  0.473   730097.599
  0.511   730097.606
  0.530   730097.613
  0.541   730097.620
  0.550   730097.627
  0.528   730097.634
  0.533   730097.641
  0.546   730097.648
  0.529   730097.655
  0.598   730097.662
  0.539   730097.669
  0.604   730097.676
  0.536   730097.683
  0.567   730097.690
  0.570   730097.697
  0.559   730097.703
  0.567   730097.710
  0.522   730097.717
  0.575   730097.724
  0.514   730097.731
  0.603   730097.738
  0.552   730097.745
  0.559   730097.752
  0.602   730097.759
  0.571   730097.779
  0.530   730097.787
  0.574   730097.794
  0.606   730097.800
  0.589   730097.808
  0.641   730097.815
  0.577   730097.822
  0.561   730097.828
  0.531   730097.835
  0.613   730097.842
  0.780   730097.849
  0.726   730097.856
  0.584   730097.863
  0.564   730097.870
  0.591   730097.877
  0.705   730097.883
  0.646   730097.891
  0.624   730097.898
  0.731   730097.904
  0.651   730097.912
  0.760   730097.919
    NaN   730097.926
  0.783   730097.933
  0.607   730097.940
  0.648   730097.946
  0.690   730097.953
  0.650   730097.960
  0.663   730097.967
  0.681   730097.974
  0.689   730097.981
  0.658   730097.988
  0.766   730097.995
