  0.604   730097.000
  1.371   730097.007
  1.249   730097.014
  0.569   730097.021
  0.604   730097.028
  0.667   730097.035
  0.608   730097.042
    NaN   730097.049
  0.644   730097.056
  0.734   730097.062
  0.655   730097.069
  0.743   730097.076
  0.683   730097.083
  0.723   730097.090
  0.770   730097.097
  0.751   730097.104
  1.067   730097.111
  0.728   730097.118
  0.838   730097.125
  0.859   730097.132
  0.901   730097.139
  0.863   730097.146
  0.844   730097.153
  0.890   730097.160
  0.978   730097.167
  0.852   730097.174
  0.984   730097.181
  1.028   730097.188
  0.933   730097.194
  0.933   730097.201
  0.949   730097.208
  1.000   730097.215
  0.899   730097.222
  0.922   730097.229
  0.973   730097.236
  0.879   730097.243
  1.019   730097.250
  0.891   730097.257
  0.911   730097.264
  0.918   730097.271
  0.976   730097.278
  0.800   730097.285
  0.930   730097.292
  0.843   730097.299
  0.842   730097.306
  0.814   730097.312
  0.753   730097.319
  0.838   730097.326
  0.890   730097.333
  0.805   730097.340
  0.823   730097.347
  0.745   730097.354
  0.759   730097.361
  0.782   730097.368
  0.767   730097.375
  0.750   730097.382
  0.723   730097.389
  0.739   730097.396
  0.766   730097.403
  0.792   730097.410
  0.757   730097.417
  0.779   730097.424
  0.717   730097.431
  0.765   730097.438
  0.718   730097.444
  0.701   730097.451
  0.751   730097.458
  0.742   730097.465
  0.726   730097.472
  0.720   730097.479
  0.694   730097.486
  0.780   730097.493
  0.750   730097.500
  0.729   730097.507
  0.871   730097.514
  0.801   730097.521
  0.912   730097.528
  1.160   730097.535
  0.888   730097.542
  0.955   730097.549
  0.996   730097.556
  0.951   730097.562
  0.855   730097.569
  1.002   730097.576
  1.003   730097.583
  0.943   730097.590
  0.945   730097.597
  1.084   730097.604
  0.995   730097.611
  0.880   730097.618
  0.937   730097.625
  1.073   730097.632
  0.935   730097.639
  0.955   730097.646
  1.007   730097.653
  1.004   730097.660
  0.950   730097.667
  0.966   730097.674
  0.951   730097.681
  0.981   730097.688
  0.883   730097.694
  0.874   730097.701
  0.823   730097.708
  0.963   730097.715
  0.910   730097.722
  0.832   730097.729
  0.772   730097.736
  0.776   730097.743
  0.736   730097.750
  0.678   730097.757
  0.607   730097.778
  0.685   730097.785
  1.260   730097.792
  0.623   730097.799
  0.618   730097.806
  0.587   730097.812
  0.624   730097.819
  0.591   730097.826
  0.530   730097.833
  0.681   730097.840
  0.676   730097.847
  0.629   730097.854
  0.608   730097.861
  0.577   730097.868
  0.587   730097.875
  0.563   730097.882
  0.556   730097.889
  0.573   730097.896
  0.541   730097.903
  0.567   730097.910
  0.560   730097.917
  0.488   730097.924
  0.582   730097.931
  0.576   730097.938
  0.572   730097.944
  0.590   730097.951
  0.552   730097.958
  0.586   730097.965
  0.555   730097.972
  0.753   730097.979
  0.576   730097.986
  0.533   730097.993
