  2.786   730097.000
  1.978   730097.007
  2.123   730097.014
  1.644   730097.021
  2.003   730097.028
  2.013   730097.035
  1.903   730097.042
  1.884   730097.049
  1.780   730097.056
  1.342   730097.062
  1.851   730097.069
  2.124   730097.076
  1.940   730097.083
  1.501   730097.090
  1.365   730097.097
  1.074   730097.104
  1.348   730097.111
  1.302   730097.118
  1.238   730097.125
  1.077   730097.132
  1.020   730097.139
  0.897   730097.146
  1.019   730097.153
  1.112   730097.160
  1.174   730097.167
  0.987   730097.174
  1.128   730097.181
  1.121   730097.188
  1.726   730097.194
  1.818   730097.201
  1.921   730097.208
  1.504   730097.215
  1.454   730097.222
  1.605   730097.229
  1.507   730097.236
  1.538   730097.243
  1.303   730097.250
  1.087   730097.257
  1.109   730097.264
  1.007   730097.271
  1.018   730097.278
  1.412   730097.285
  1.280   730097.292
  1.228   730097.299
  1.190   730097.306
  1.078   730097.312
  1.501   730097.319
  2.568   730097.326
  2.790   730097.333
  2.667   730097.340
  2.656   730097.347
  1.961   730097.354
  1.046   730097.361
  0.980   730097.368
  1.232   730097.375
  1.371   730097.382
  1.387   730097.389
  1.740   730097.396
  1.580   730097.403
  1.394   730097.410
  3.212   730097.417
  3.005   730097.424
  2.996   730097.431
  2.520   730097.438
    NaN   730097.444
  2.183   730097.451
  1.369   730097.458
  1.284   730097.465
  2.527   730097.472
  2.612   730097.479
  2.050   730097.486
  2.021   730097.493
  1.980   730097.500
  1.589   730097.507
  1.642   730097.514
  1.742   730097.521
  1.522   730097.528
  1.107   730097.535
  1.141   730097.542
  0.995   730097.549
  1.262   730097.556
  1.497   730097.562
  1.387   730097.569
  1.388   730097.576
  1.431   730097.583
  1.256   730097.590
  1.187   730097.597
  1.761   730097.604
  1.765   730097.611
  1.474   730097.618
  1.467   730097.625
  1.326   730097.632
  1.102   730097.639
  1.098   730097.646
  1.621   730097.653
  1.726   730097.660
  1.508   730097.667
  1.178   730097.674
  0.961   730097.681
  1.071   730097.688
  1.286   730097.694
  1.375   730097.701
  1.320   730097.708
  1.080   730097.715
  0.903   730097.722
  0.925   730097.729
  0.952   730097.736
  1.160   730097.743
  1.059   730097.750
  1.093   730097.757
  2.272   730097.778
  2.910   730097.785
  3.529   730097.792
  3.360   730097.799
  2.729   730097.806
  2.081   730097.812
  1.908   730097.819
  1.262   730097.826
  0.792   730097.833
  0.737   730097.840
  0.912   730097.847
  0.672   730097.854
  0.633   730097.861
  0.611   730097.868
  0.616   730097.875
  0.673   730097.882
  0.608   730097.889
  0.580   730097.896
  0.565   730097.903
  0.650   730097.910
  0.587   730097.917
  0.623   730097.924
  0.653   730097.931
  0.667   730097.938
  0.622   730097.944
  0.639   730097.951
  0.549   730097.958
  0.719   730097.965
  0.734   730097.972
  0.655   730097.979
  0.597   730097.986
  0.712   730097.993
