  4.150   729846.000
  4.350   729846.000
  3.710   729846.010
  4.050   729846.020
  3.880   729846.020
  3.600   729846.030
  4.140   729846.040
  3.980   729846.050
  4.520   729846.050
  5.390   729846.060
  4.120   729846.070
  3.910   729846.070
  4.130   729846.080
  3.750   729846.090
  4.300   729846.090
  3.420   729846.100
  4.410   729846.110
  3.890   729846.110
  3.790   729846.120
  4.250   729846.130
  5.270   729846.140
  3.740   729846.140
  3.810   729846.150
  3.810   729846.160
  3.530   729846.160
  3.530   729846.170
  4.010   729846.180
  3.900   729846.180
  3.840   729846.190
  4.060   729846.200
  5.330   729846.200
  4.790   729846.210
  4.670   729846.220
  5.020   729846.230
  5.010   729846.230
  4.270   729846.240
  3.860   729846.250
  4.320   729846.250
  5.250   729846.260
  4.490   729846.270
  5.760   729846.270
  3.950   729846.280
  4.110   729846.290
  4.640   729846.300
  3.910   729846.300
  4.500   729846.310
  4.100   729846.320
    NaN   729846.320
  4.120   729846.330
  4.130   729846.340
  4.640   729846.340
  3.900   729846.350
  4.520   729846.360
  4.300   729846.360
  4.350   729846.370
  3.910   729846.380
  3.710   729846.390
  4.060   729846.390
  4.840   729846.400
  5.560   729846.410
  4.720   729846.410
  4.130   729846.420
  4.400   729846.430
  4.460   729846.430
  4.540   729846.440
  4.160   729846.450
  4.790   729846.450
  4.450   729846.460
  4.870   729846.470
  3.830   729846.480
  3.950   729846.480
  4.340   729846.490
  3.990   729846.500
  3.890   729846.500
  3.930   729846.510
  3.770   729846.520
  3.760   729846.520
  4.070   729846.530
  4.110   729846.540
  4.110   729846.550
  6.650   729846.550
  3.710   729846.560
  4.460   729846.570
  4.540   729846.570
  4.980   729846.580
  5.150   729846.590
  4.390   729846.590
  5.020   729846.600
  4.930   729846.610
  5.300   729846.610
  4.720   729846.620
  4.800   729846.630
  4.190   729846.640
  4.410   729846.640
  4.900   729846.650
  4.560   729846.660
  4.900   729846.660
  5.900   729846.670
  5.580   729846.680
  4.720   729846.680
  5.170   729846.690
  5.330   729846.700
  5.060   729846.700
  5.300   729846.710
  5.050   729846.720
  5.030   729846.720
  4.640   729846.730
  4.960   729846.740
  5.260   729846.750
  5.280   729846.750
  5.290   729846.760
  5.400   729846.770
  5.360   729846.770
  5.550   729846.780
  4.720   729846.790
  5.380   729846.800
  4.830   729846.800
  4.800   729846.810
  5.020   729846.820
    NaN   729846.820
  4.960   729846.830
  4.550   729846.840
  4.730   729846.840
  5.910   729846.850
  4.540   729846.860
  5.080   729846.860
  4.220   729846.870
  4.690   729846.880
  5.200   729846.880
  4.630   729846.890
  4.160   729846.900
  4.540   729846.910
  3.990   729846.910
  4.350   729846.920
  4.430   729846.930
  4.180   729846.930
  4.840   729846.940
  3.710   729846.950
  4.170   729846.950
  4.330   729846.960
  4.850   729846.970
  4.300   729846.980
  4.310   729846.980
  5.260   729846.990
