  0.487   730091.004
  0.502   730091.010
  0.548   730091.018
  0.549   730091.024
  0.484   730091.031
  0.490   730091.037
  0.463   730091.044
  0.472   730091.051
  0.510   730091.058
  0.499   730091.065
  0.516   730091.072
  0.432   730091.080
  0.470   730091.086
  0.466   730091.093
  0.500   730091.100
  0.425   730091.107
  0.424   730091.114
  0.485   730091.121
  0.479   730091.128
  0.470   730091.135
  0.467   730091.142
  0.444   730091.149
  0.438   730091.156
  0.405   730091.162
  0.455   730091.169
  0.454   730091.176
  0.484   730091.183
  0.423   730091.190
  0.454   730091.197
  0.420   730091.204
  0.457   730091.211
  0.435   730091.218
  0.477   730091.225
  0.455   730091.232
  0.455   730091.239
  0.453   730091.247
  0.490   730091.253
  0.450   730091.260
  0.444   730091.267
  0.505   730091.274
  0.432   730091.281
  0.449   730091.287
  0.439   730091.294
  0.466   730091.301
  0.455   730091.308
  0.410   730091.315
  0.454   730091.322
  0.458   730091.329
  0.484   730091.336
  0.429   730091.343
  0.415   730091.350
  0.445   730091.357
  0.488   730091.364
  0.434   730091.371
  0.527   730091.378
  0.472   730091.385
  0.488   730091.392
  0.449   730091.399
  0.525   730091.406
  0.526   730091.412
  0.502   730091.419
  0.519   730091.426
  0.552   730091.433
  0.578   730091.440
  0.505   730091.447
  0.603   730091.455
  0.531   730091.461
  0.678   730091.468
  0.608   730091.475
  0.662   730091.482
  0.597   730091.489
  0.698   730091.496
  0.587   730091.503
  0.556   730091.510
  0.604   730091.517
  0.546   730091.524
  0.550   730091.531
  0.554   730091.537
  0.458   730091.544
  0.519   730091.551
  0.491   730091.558
  0.576   730091.565
  0.493   730091.572
  0.548   730091.579
  0.522   730091.586
  0.496   730091.593
  0.457   730091.600
  0.423   730091.607
  0.498   730091.614
  0.498   730091.621
  0.448   730091.628
  0.418   730091.635
  0.476   730091.642
  0.444   730091.649
  0.401   730091.656
  0.469   730091.662
  0.426   730091.669
  0.512   730091.676
  0.469   730091.683
  0.453   730091.690
  0.431   730091.697
  0.477   730091.704
  0.470   730091.711
  0.427   730091.724
  0.445   730091.731
  0.477   730091.739
  0.448   730091.746
  0.477   730091.753
  0.425   730091.760
    NaN   730091.767
  0.461   730091.774
  0.428   730091.781
  0.452   730091.787
  0.507   730091.794
  0.414   730091.801
  0.392   730091.808
  0.487   730091.815
  0.504   730091.822
