  1.966   730091.003
  2.055   730091.009
  1.874   730091.016
  1.986   730091.022
  2.030   730091.029
  1.955   730091.037
  2.179   730091.043
  2.083   730091.050
  1.834   730091.057
  1.844   730091.064
  2.049   730091.071
  1.841   730091.078
  1.800   730091.085
  1.847   730091.092
  1.740   730091.099
  1.877   730091.106
  1.908   730091.113
  1.742   730091.119
  1.977   730091.126
  1.764   730091.133
  1.811   730091.140
  1.748   730091.147
  1.896   730091.154
  1.863   730091.161
  1.828   730091.168
  2.007   730091.175
  1.648   730091.182
  1.830   730091.188
  1.656   730091.195
  1.831   730091.203
  1.757   730091.210
  1.800   730091.217
  1.732   730091.224
  1.774   730091.231
  1.729   730091.238
  1.748   730091.245
  1.841   730091.251
  1.896   730091.258
  1.844   730091.266
  1.901   730091.272
  1.640   730091.279
  1.638   730091.286
  1.814   730091.293
  1.792   730091.300
  1.640   730091.307
  1.664   730091.314
  1.763   730091.321
  1.715   730091.328
  1.687   730091.335
  1.682   730091.342
  1.477   730091.349
  1.503   730091.356
  1.842   730091.363
  1.693   730091.369
  1.708   730091.376
  1.947   730091.383
  1.598   730091.390
  1.756   730091.397
  1.824   730091.404
  1.943   730091.411
  2.062   730091.418
  2.052   730091.425
    NaN   730091.432
  1.740   730091.439
  2.132   730091.446
  2.247   730091.453
  2.077   730091.460
  2.538   730091.467
  2.345   730091.474
  2.325   730091.481
  2.387   730091.488
  2.612   730091.494
  2.748   730091.501
  2.528   730091.508
  2.619   730091.515
  2.723   730091.522
  2.571   730091.529
  2.739   730091.536
  2.441   730091.543
  2.542   730091.550
  2.531   730091.557
  2.885   730091.564
  2.472   730091.571
  2.651   730091.578
  2.558   730091.585
  2.229   730091.592
  2.374   730091.599
  2.435   730091.606
  2.337   730091.613
  2.668   730091.619
  3.015   730091.626
  2.636   730091.633
  2.609   730091.640
  2.719   730091.647
  2.840   730091.654
  2.352   730091.661
  2.314   730091.668
  2.867   730091.675
  2.551   730091.682
  2.813   730091.689
  2.816   730091.696
  2.706   730091.703
  2.409   730091.710
  2.854   730091.724
  3.303   730091.731
  2.999   730091.738
  2.708   730091.744
  2.908   730091.751
  2.971   730091.758
  3.098   730091.765
  3.083   730091.772
  2.969   730091.779
  2.710   730091.786
  3.043   730091.793
  3.049   730091.800
  2.852   730091.807
  3.073   730091.814
  2.911   730091.821
