  0.365   729413.000
  0.394   729413.010
  0.513   729413.021
  0.515   729413.031
  0.440   729413.042
  0.536   729413.052
  0.533   729413.063
  0.496   729413.073
  0.555   729413.083
  0.511   729413.094
  0.556   729413.104
  0.468   729413.115
  0.446   729413.125
  0.411   729413.135
  0.482   729413.146
  0.503   729413.156
  0.572   729413.167
  0.427   729413.177
  0.318   729413.188
  0.378   729413.198
  0.385   729413.208
  0.402   729413.219
  0.371   729413.229
  0.306   729413.240
  0.384   729413.250
  0.339   729413.260
  0.360   729413.282
  0.375   729413.292
  0.405   729413.302
  0.383   729413.313
  3.690   729413.323
  0.455   729413.345
  0.510   729413.354
  0.498   729413.365
  0.410   729413.375
  0.626   729413.385
  0.539   729413.396
  0.552   729413.406
  0.601   729413.417
  0.537   729413.427
  0.547   729413.438
  0.520   729413.448
  0.457   729413.458
  0.526   729413.469
  0.531   729413.479
  0.498   729413.490
  0.533   729413.500
  0.419   729413.510
  0.488   729413.521
  0.482   729413.531
  0.441   729413.542
  0.372   729413.552
  0.330   729413.563
  0.417   729413.573
  0.435   729413.583
  0.368   729413.594
  0.404   729413.604
  0.331   729413.730
  0.276   729413.740
  0.322   729413.760
  0.424   729413.771
  0.450   729413.781
  0.477   729413.792
  0.427   729413.802
  0.435   729413.813
  0.430   729413.823
  0.425   729413.833
  0.479   729413.844
  0.518   729413.854
  0.589   729413.865
  0.664   729413.875
  0.574   729413.885
    NaN   729413.896
  0.622   729413.906
  0.594   729413.917
  0.576   729413.927
  0.612   729413.938
  0.655   729413.948
  0.605   729413.958
  0.528   729413.969
  0.557   729413.979
  0.619   729413.990
