  0.157   730307.002
  2.269   730307.008
  0.268   730307.015
  0.325   730307.022
  0.301   730307.028
  0.341   730307.035
  0.342   730307.042
  0.439   730307.049
  0.367   730307.056
  0.384   730307.063
  0.393   730307.070
  0.383   730307.077
  0.337   730307.084
  0.390   730307.091
  0.387   730307.098
  0.365   730307.105
  0.408   730307.112
  0.405   730307.119
  5.646   730307.126
  0.360   730307.133
  0.446   730307.140
  0.451   730307.147
  0.422   730307.154
  0.442   730307.160
  0.438   730307.167
  0.372   730307.174
  0.451   730307.181
  0.489   730307.188
  0.510   730307.195
  0.490   730307.202
  0.521   730307.209
  0.557   730307.216
  0.533   730307.223
  0.451   730307.230
  0.546   730307.237
  0.503   730307.244
  0.526   730307.251
  0.551   730307.258
  0.526   730307.265
  0.520   730307.272
  0.557   730307.279
  0.509   730307.285
  0.608   730307.292
  0.524   730307.299
  0.529   730307.306
  0.540   730307.313
  0.558   730307.320
  0.526   730307.327
  0.499   730307.334
  0.533   730307.341
  0.502   730307.348
  0.552   730307.355
  0.441   730307.362
  0.452   730307.369
  0.513   730307.376
  0.522   730307.383
  0.464   730307.389
  0.516   730307.397
  0.531   730307.403
  0.452   730307.410
  0.475   730307.417
  0.502   730307.424
  0.521   730307.431
  0.504   730307.438
  0.499   730307.445
  0.474   730307.452
  0.464   730307.459
  0.443   730307.466
  0.455   730307.473
  0.438   730307.480
  0.429   730307.487
  0.409   730307.494
  0.457   730307.501
  0.409   730307.508
  0.427   730307.515
  0.466   730307.522
  0.462   730307.529
  0.446   730307.535
  0.453   730307.542
  0.428   730307.549
  0.459   730307.556
  0.426   730307.563
  0.485   730307.570
  0.439   730307.577
  0.423   730307.584
  0.449   730307.591
  0.478   730307.598
  0.495   730307.605
  0.465   730307.612
  0.408   730307.619
  0.474   730307.626
  0.457   730307.633
  0.440   730307.640
  0.483   730307.647
  0.463   730307.654
  0.410   730307.661
  0.501   730307.667
  0.455   730307.674
  0.403   730307.681
  0.524   730307.688
  0.472   730307.695
  0.517   730307.702
  0.425   730307.709
  0.483   730307.716
  0.504   730307.723
  0.447   730307.730
  0.463   730307.737
  0.443   730307.744
  0.439   730307.751
  0.458   730307.758
  0.481   730307.765
  0.460   730307.772
  0.466   730307.779
  0.473   730307.785
  0.505   730307.793
  0.454   730307.799
  0.451   730307.806
  0.469   730307.813
  0.447   730307.820
  0.452   730307.827
  0.480   730307.834
  0.466   730307.841
  0.484   730307.848
  0.457   730307.855
  0.437   730307.862
  0.424   730307.869
  0.460   730307.876
  0.463   730307.883
  0.470   730307.890
  0.450   730307.897
  0.411   730307.904
  0.397   730307.911
  0.416   730307.918
  0.390   730307.925
  0.411   730307.931
  0.418   730307.938
  0.367   730307.945
  0.486   730307.952
  0.336   730307.959
  1.241   730307.966
  0.016   730307.973
  0.016   730307.980
  0.016   730307.987
  0.016   730307.994
