  0.224   730307.000
  0.168   730307.007
  0.161   730307.014
  0.151   730307.021
  0.171   730307.027
  0.160   730307.034
  0.170   730307.041
  0.158   730307.048
  0.170   730307.055
  0.163   730307.062
  0.169   730307.069
  0.154   730307.076
  0.133   730307.083
  0.152   730307.090
  0.168   730307.097
  0.143   730307.104
  0.153   730307.111
  0.154   730307.118
  0.171   730307.125
  0.680   730307.132
  0.169   730307.138
  0.162   730307.145
  0.174   730307.152
  0.166   730307.159
  0.171   730307.166
  0.161   730307.173
  0.172   730307.180
  0.161   730307.187
  0.168   730307.194
  0.167   730307.201
  0.179   730307.208
  0.163   730307.215
  0.164   730307.222
  0.184   730307.229
  0.357   730307.236
  0.188   730307.243
  0.177   730307.250
  0.193   730307.257
  0.237   730307.264
  0.204   730307.271
  0.250   730307.277
  0.269   730307.284
  0.301   730307.291
  0.320   730307.298
  0.407   730307.305
  0.426   730307.312
  0.425   730307.319
  0.482   730307.326
  0.470   730307.333
  0.423   730307.340
  0.519   730307.347
  0.489   730307.354
  0.467   730307.361
  0.498   730307.368
  0.424   730307.375
  0.455   730307.382
  0.537   730307.388
  0.500   730307.396
  0.514   730307.402
  0.598   730307.409
  0.548   730307.416
  0.578   730307.423
  0.599   730307.430
  0.787   730307.437
  0.659   730307.444
  0.760   730307.451
  0.688   730307.458
  0.953   730307.465
  0.948   730307.472
  0.814   730307.479
  0.901   730307.486
  0.905   730307.493
  0.816   730307.500
  0.798   730307.507
  0.822   730307.513
  0.813   730307.520
  0.756   730307.527
  0.633   730307.534
  0.802   730307.541
  0.789   730307.548
  2.478   730307.555
  0.644   730307.562
  0.768   730307.569
  0.735   730307.576
  0.604   730307.583
  0.668   730307.590
  0.558   730307.597
  0.720   730307.604
  0.719   730307.611
  0.675   730307.618
  0.651   730307.625
  0.596   730307.632
  0.672   730307.639
  0.678   730307.646
  0.713   730307.652
  0.608   730307.659
  0.641   730307.666
  0.608   730307.673
  0.597   730307.680
  0.595   730307.687
  0.591   730307.694
  0.518   730307.701
  0.432   730307.708
  0.528   730307.715
  0.494   730307.722
  0.463   730307.729
  0.478   730307.736
  0.497   730307.743
  0.428   730307.750
  0.472   730307.757
  0.411   730307.764
  0.442   730307.770
  0.429   730307.777
  0.403   730307.784
  0.398   730307.791
  0.372   730307.798
  0.388   730307.805
  0.402   730307.812
  0.315   730307.819
  0.299   730307.826
  0.339   730307.833
  0.317   730307.840
  0.282   730307.847
  0.260   730307.854
  0.253   730307.861
  0.271   730307.868
  0.226   730307.875
  0.205   730307.882
  0.224   730307.889
  3.489   730307.895
  0.213   730307.902
  0.166   730307.909
  0.193   730307.916
  0.210   730307.923
  0.214   730307.930
  0.184   730307.937
  0.205   730307.944
  0.180   730307.951
  0.195   730307.958
  0.165   730307.965
  0.209   730307.972
  0.171   730307.979
  0.177   730307.986
  0.194   730307.993
