  0.059   730398.007
  0.069   730398.007
  0.080   730398.013
  0.065   730398.020
  0.059   730398.027
  0.065   730398.034
  0.071   730398.041
  0.076   730398.048
  0.073   730398.055
  0.070   730398.062
  0.077   730398.069
  0.068   730398.076
  0.068   730398.083
  0.071   730398.090
  0.075   730398.097
  0.086   730398.104
  0.079   730398.111
  0.084   730398.118
  0.080   730398.125
  0.104   730398.131
  0.088   730398.138
  0.079   730398.145
  0.103   730398.152
  0.109   730398.159
  0.141   730398.166
  0.106   730398.173
  0.136   730398.180
  0.109   730398.187
  0.108   730398.194
  0.158   730398.201
  0.153   730398.208
  0.179   730398.215
  0.160   730398.222
  0.104   730398.229
  0.240   730398.236
  0.225   730398.243
  0.160   730398.250
  0.090   730398.256
  0.090   730398.263
  0.080   730398.270
  0.107   730398.277
  0.150   730398.284
  0.205   730398.291
  0.223   730398.298
  0.142   730398.305
  0.113   730398.312
  0.117   730398.319
  0.115   730398.326
  0.099   730398.333
  0.095   730398.340
  0.096   730398.347
  0.082   730398.354
  0.065   730398.361
  0.082   730398.368
  0.088   730398.375
  0.090   730398.381
  0.095   730398.388
  0.114   730398.395
  0.087   730398.402
  0.077   730398.409
  0.076   730398.416
  0.077   730398.423
  0.101   730398.430
  0.095   730398.437
  0.096   730398.444
  0.083   730398.451
  0.064   730398.458
  0.111   730398.465
  0.082   730398.472
  0.076   730398.479
  0.069   730398.486
  0.083   730398.493
  0.081   730398.500
  0.064   730398.506
  0.074   730398.513
  0.079   730398.520
  0.082   730398.527
  0.102   730398.534
  0.083   730398.541
  0.100   730398.548
  0.063   730398.555
  0.079   730398.562
  0.070   730398.569
  0.076   730398.576
  0.079   730398.583
  0.076   730398.590
  0.085   730398.597
  0.069   730398.604
  0.069   730398.611
  0.075   730398.618
  0.084   730398.625
  0.072   730398.632
  0.081   730398.638
  0.081   730398.645
  0.082   730398.652
  0.069   730398.659
  0.073   730398.666
  0.062   730398.673
  0.143   730398.680
  0.075   730398.687
  0.067   730398.694
  0.068   730398.701
  0.072   730398.708
  0.069   730398.715
  0.065   730398.722
  0.059   730398.729
  0.061   730398.736
  0.058   730398.743
  0.054   730398.750
  0.064   730398.756
  0.057   730398.763
  0.051   730398.770
  0.055   730398.777
  0.055   730398.784
  0.049   730398.791
  0.056   730398.798
  0.056   730398.805
  0.065   730398.812
  0.058   730398.819
  0.065   730398.826
  0.063   730398.833
  0.064   730398.840
  0.065   730398.847
  0.084   730398.854
  0.081   730398.861
  0.081   730398.868
  0.083   730398.875
  0.084   730398.882
  0.075   730398.888
  0.065   730398.895
  0.067   730398.902
  0.057   730398.909
  0.062   730398.916
  0.059   730398.923
  0.090   730398.930
  0.075   730398.937
  0.088   730398.944
  0.102   730398.951
  0.132   730398.958
  0.154   730398.965
  0.090   730398.972
  0.098   730398.979
  0.115   730398.986
  0.144   730398.993
  0.132   730399.000
