  0.218   730398.002
  0.141   730398.002
  0.222   730398.008
  0.250   730398.015
  0.239   730398.022
  0.212   730398.030
  0.214   730398.036
  0.231   730398.043
  0.201   730398.050
  0.193   730398.056
  0.213   730398.063
  0.220   730398.071
  0.215   730398.077
  0.221   730398.084
  0.194   730398.091
  0.185   730398.098
  0.194   730398.105
  0.196   730398.113
  0.190   730398.119
  0.193   730398.126
  0.216   730398.133
  0.179   730398.140
  0.214   730398.147
  0.192   730398.154
  0.202   730398.161
  0.204   730398.168
  0.197   730398.175
  0.195   730398.182
  0.189   730398.189
  0.192   730398.196
  0.168   730398.202
  3.782   730398.209
  0.402   730398.216
  0.176   730398.223
  0.205   730398.230
  0.192   730398.238
  0.182   730398.244
  0.174   730398.251
  0.203   730398.258
  0.199   730398.265
  0.192   730398.272
  0.175   730398.279
  0.184   730398.286
  0.179   730398.293
  0.178   730398.300
  0.192   730398.307
  0.176   730398.313
  0.172   730398.321
  0.269   730398.327
  0.161   730398.334
  0.161   730398.341
  0.160   730398.348
  0.195   730398.355
  0.174   730398.363
  0.161   730398.369
  0.158   730398.376
  0.174   730398.383
  0.176   730398.390
  0.177   730398.397
  0.174   730398.405
  0.173   730398.411
  0.166   730398.418
  0.162   730398.425
  0.170   730398.432
  0.163   730398.438
  0.158   730398.446
  0.146   730398.452
  0.232   730398.460
  0.183   730398.466
  0.150   730398.473
  0.161   730398.480
  0.175   730398.488
  0.170   730398.494
  0.182   730398.501
  0.155   730398.508
  0.148   730398.515
  0.172   730398.522
  0.159   730398.529
  0.154   730398.536
  0.163   730398.543
  0.177   730398.550
  0.152   730398.557
  0.168   730398.563
  0.177   730398.571
  0.172   730398.577
  0.186   730398.584
  0.167   730398.591
  0.175   730398.598
  0.175   730398.605
  0.166   730398.613
  0.071   730398.619
  0.130   730398.619
  0.153   730398.626
  0.171   730398.633
  0.158   730398.640
  0.192   730398.647
  0.160   730398.654
  0.168   730398.661
  0.171   730398.668
  0.162   730398.675
  0.165   730398.682
  0.186   730398.688
  0.171   730398.696
  0.194   730398.702
  3.801   730398.709
  0.191   730398.716
  0.184   730398.723
  0.192   730398.731
  0.198   730398.738
  0.180   730398.745
  0.175   730398.751
  0.193   730398.758
  0.179   730398.765
  0.184   730398.772
  0.207   730398.779
  0.192   730398.786
  0.206   730398.793
  0.197   730398.800
  0.209   730398.807
  0.197   730398.814
  0.169   730398.821
  0.212   730398.828
  0.202   730398.834
  0.209   730398.841
  0.193   730398.848
  0.205   730398.855
  0.216   730398.863
  0.205   730398.869
  0.248   730398.876
  0.233   730398.883
  0.243   730398.890
  0.226   730398.897
  0.283   730398.905
  0.279   730398.911
  0.225   730398.918
  0.284   730398.925
  0.258   730398.932
  0.278   730398.939
  0.288   730398.946
  0.311   730398.953
  0.321   730398.959
  0.312   730398.966
  0.317   730398.973
  0.302   730398.980
  0.326   730398.988
  0.335   730398.994
