  1.001   730287.000
  0.083   730287.000
  0.879   730287.007
  1.050   730287.014
  1.007   730287.021
  1.086   730287.028
  0.886   730287.035
  4.581   730287.042
  0.909   730287.049
  0.931   730287.056
  0.975   730287.063
  0.941   730287.069
  0.993   730287.076
  0.957   730287.083
  0.943   730287.090
  0.983   730287.097
  1.035   730287.104
  1.020   730287.111
  0.947   730287.118
  0.923   730287.125
  0.822   730287.132
  0.840   730287.139
  0.932   730287.146
  0.891   730287.153
  0.926   730287.160
  0.857   730287.167
  0.895   730287.174
  0.897   730287.181
  0.881   730287.188
  0.940   730287.194
  0.970   730287.201
  0.816   730287.208
  0.898   730287.215
  0.858   730287.222
  0.870   730287.229
  0.861   730287.237
  0.829   730287.244
  0.805   730287.251
  0.846   730287.258
  0.761   730287.268
  0.776   730287.277
  0.809   730287.289
  0.782   730287.295
  0.878   730287.296
  0.858   730287.299
  0.901   730287.306
  0.790   730287.313
  0.793   730287.319
  0.900   730287.326
  0.924   730287.333
  0.809   730287.340
  0.745   730287.347
  0.764   730287.354
  0.896   730287.361
  0.757   730287.368
  0.758   730287.375
  0.775   730287.382
  0.764   730287.389
  0.703   730287.396
  0.739   730287.403
  0.648   730287.410
  0.712   730287.417
  0.789   730287.424
  0.687   730287.431
  0.852   730287.438
  0.722   730287.444
  0.677   730287.451
  0.767   730287.458
  0.731   730287.465
  0.768   730287.472
  0.757   730287.479
  0.851   730287.486
  0.839   730287.493
  0.711   730287.500
  0.775   730287.507
  0.805   730287.514
  0.861   730287.521
  0.799   730287.528
  0.708   730287.535
  3.832   730287.542
  0.841   730287.549
  0.848   730287.556
  0.794   730287.563
  0.869   730287.569
  0.817   730287.576
  0.809   730287.583
  0.793   730287.590
  0.906   730287.597
  0.859   730287.604
  0.850   730287.611
  0.863   730287.618
  0.830   730287.625
  0.724   730287.632
  0.831   730287.639
  0.763   730287.646
  0.797   730287.653
  0.747   730287.660
  0.822   730287.667
  0.741   730287.674
  0.771   730287.681
  0.781   730287.688
  0.887   730287.694
  0.767   730287.701
  0.751   730287.708
  0.844   730287.715
  0.804   730287.722
  0.762   730287.729
  0.807   730287.736
  0.819   730287.743
  0.722   730287.750
  0.728   730287.757
  0.811   730287.764
  0.696   730287.771
  0.670   730287.778
  0.831   730287.785
  0.793   730287.792
  0.817   730287.799
  0.740   730287.806
  0.734   730287.813
  0.708   730287.820
  0.781   730287.826
  0.749   730287.833
  0.686   730287.840
  0.773   730287.847
  0.727   730287.854
  0.782   730287.861
  0.750   730287.868
  0.672   730287.875
  0.748   730287.882
  0.654   730287.889
  0.769   730287.896
  0.748   730287.903
  0.789   730287.910
  0.711   730287.917
  0.712   730287.924
  0.732   730287.931
  0.747   730287.938
  0.803   730287.945
  0.738   730287.951
  0.705   730287.958
  0.720   730287.965
  0.800   730287.972
  0.664   730287.979
  0.667   730287.986
  0.735   730287.993
