 30.905   730329.001
 14.870   730329.001
 28.483   730329.007
 28.327   730329.014
 35.314   730329.021
 32.047   730329.028
 32.562   730329.035
 36.875   730329.042
 30.170   730329.049
 36.198   730329.055
 34.962   730329.063
 34.907   730329.070
 33.510   730329.077
 36.095   730329.083
 32.463   730329.091
 31.665   730329.097
 34.303   730329.104
 35.310   730329.111
 33.057   730329.118
 31.623   730329.125
 34.986   730329.132
 35.380   730329.139
 34.467   730329.146
 33.566   730329.153
 32.412   730329.160
 30.688   730329.167
 29.889   730329.174
 30.084   730329.181
 29.106   730329.188
 28.484   730329.195
 26.920   730329.201
 27.752   730329.208
 26.005   730329.215
 30.057   730329.222
 28.651   730329.229
 29.598   730329.236
 25.023   730329.243
 25.369   730329.250
 24.475   730329.257
 24.346   730329.264
 23.943   730329.271
 24.094   730329.278
 25.279   730329.285
 24.004   730329.292
 23.257   730329.299
 22.809   730329.306
 25.794   730329.313
 25.070   730329.320
 26.907   730329.327
 25.655   730329.334
 27.386   730329.340
 27.581   730329.347
 29.027   730329.354
 30.840   730329.361
 28.676   730329.368
 32.398   730329.375
 33.829   730329.382
 32.219   730329.389
 32.945   730329.396
 33.519   730329.403
 29.043   730329.410
 35.879   730329.417
 34.783   730329.424
 34.160   730329.431
 40.782   730329.438
 35.333   730329.445
 33.724   730329.452
 31.830   730329.459
 31.027   730329.465
 36.628   730329.472
 34.511   730329.479
 35.578   730329.486
 35.102   730329.493
 33.420   730329.500
 37.228   730329.507
 38.639   730329.514
 36.035   730329.521
 37.800   730329.528
 36.463   730329.535
 41.070   730329.542
 39.814   730329.549
 40.250   730329.556
 39.137   730329.563
 34.862   730329.570
 39.072   730329.576
 38.301   730329.584
 34.658   730329.590
 32.715   730329.597
 37.513   730329.604
 40.923   730329.611
 37.543   730329.618
 39.302   730329.625
 40.264   730329.632
 37.468   730329.639
 38.030   730329.646
 34.679   730329.653
 39.096   730329.660
 40.725   730329.667
 40.619   730329.674
 37.615   730329.681
 36.580   730329.688
 39.659   730329.695
 40.183   730329.702
 37.849   730329.715
 44.774   730329.722
 43.922   730329.729
 43.476   730329.737
 43.248   730329.743
 45.577   730329.750
 42.309   730329.757
 43.177   730329.764
 40.178   730329.771
 43.118   730329.778
 40.304   730329.785
 37.199   730329.792
    NaN   730329.799
 37.989   730329.806
 37.493   730329.813
 37.379   730329.820
 36.604   730329.826
 44.810   730329.834
 42.612   730329.840
 35.443   730329.847
 38.082   730329.854
 39.695   730329.861
 40.161   730329.868
 31.469   730329.875
 29.504   730329.882
 35.367   730329.889
 35.239   730329.896
 34.074   730329.903
 32.377   730329.910
 35.283   730329.917
 31.673   730329.924
 34.600   730329.931
 29.944   730329.938
 29.303   730329.945
 36.485   730329.952
 31.657   730329.958
 34.708   730329.965
 35.410   730329.972
 31.759   730329.979
 33.294   730329.986
 29.340   730329.993
