    NaN   730329.001
    NaN   730329.001
    NaN   730329.007
    NaN   730329.014
    NaN   730329.021
    NaN   730329.028
    NaN   730329.035
    NaN   730329.042
    NaN   730329.049
    NaN   730329.055
    NaN   730329.063
    NaN   730329.070
    NaN   730329.077
    NaN   730329.083
    NaN   730329.091
    NaN   730329.097
    NaN   730329.104
    NaN   730329.111
    NaN   730329.118
    NaN   730329.125
    NaN   730329.132
    NaN   730329.139
    NaN   730329.146
    NaN   730329.153
    NaN   730329.160
    NaN   730329.167
    NaN   730329.174
    NaN   730329.181
    NaN   730329.188
    NaN   730329.195
    NaN   730329.201
    NaN   730329.208
    NaN   730329.215
    NaN   730329.222
    NaN   730329.229
    NaN   730329.236
    NaN   730329.243
    NaN   730329.250
    NaN   730329.257
    NaN   730329.264
    NaN   730329.271
    NaN   730329.278
    NaN   730329.285
    NaN   730329.292
    NaN   730329.299
    NaN   730329.306
    NaN   730329.313
    NaN   730329.320
    NaN   730329.327
    NaN   730329.334
    NaN   730329.340
    NaN   730329.347
    NaN   730329.354
    NaN   730329.361
    NaN   730329.368
    NaN   730329.375
    NaN   730329.382
    NaN   730329.389
    NaN   730329.396
    NaN   730329.403
    NaN   730329.410
    NaN   730329.417
    NaN   730329.424
    NaN   730329.431
    NaN   730329.438
    NaN   730329.445
    NaN   730329.452
    NaN   730329.459
    NaN   730329.465
    NaN   730329.472
    NaN   730329.479
    NaN   730329.486
    NaN   730329.493
    NaN   730329.500
    NaN   730329.507
    NaN   730329.514
    NaN   730329.521
    NaN   730329.528
    NaN   730329.535
    NaN   730329.542
    NaN   730329.549
    NaN   730329.556
    NaN   730329.563
    NaN   730329.570
    NaN   730329.576
    NaN   730329.584
    NaN   730329.590
    NaN   730329.597
    NaN   730329.604
    NaN   730329.611
    NaN   730329.618
    NaN   730329.625
    NaN   730329.632
    NaN   730329.639
    NaN   730329.646
    NaN   730329.653
    NaN   730329.660
    NaN   730329.667
    NaN   730329.674
    NaN   730329.681
    NaN   730329.688
    NaN   730329.695
    NaN   730329.702
    NaN   730329.715
    NaN   730329.722
    NaN   730329.729
    NaN   730329.737
    NaN   730329.743
    NaN   730329.750
    NaN   730329.757
    NaN   730329.764
    NaN   730329.771
    NaN   730329.778
    NaN   730329.785
    NaN   730329.792
    NaN   730329.799
    NaN   730329.806
    NaN   730329.813
    NaN   730329.820
    NaN   730329.826
    NaN   730329.834
    NaN   730329.840
    NaN   730329.847
    NaN   730329.854
    NaN   730329.861
    NaN   730329.868
    NaN   730329.875
    NaN   730329.882
    NaN   730329.889
    NaN   730329.896
    NaN   730329.903
    NaN   730329.910
    NaN   730329.917
    NaN   730329.924
    NaN   730329.931
    NaN   730329.938
    NaN   730329.945
    NaN   730329.952
    NaN   730329.958
    NaN   730329.965
    NaN   730329.972
    NaN   730329.979
    NaN   730329.986
    NaN   730329.993
