  0.165   730329.001
  0.081   730329.001
  0.163   730329.007
  0.188   730329.014
  0.153   730329.021
  0.288   730329.028
  0.157   730329.035
  0.172   730329.042
  0.167   730329.049
  0.212   730329.055
  0.158   730329.062
  0.166   730329.069
  0.137   730329.076
  0.152   730329.083
  0.149   730329.090
  0.133   730329.097
  0.137   730329.104
  0.125   730329.111
  0.118   730329.118
  0.123   730329.125
  0.114   730329.132
  0.118   730329.139
  0.132   730329.146
  0.127   730329.153
  0.122   730329.160
  0.122   730329.167
  0.106   730329.174
  0.103   730329.181
  0.097   730329.188
  0.114   730329.195
  0.120   730329.201
  0.112   730329.208
  0.110   730329.215
  0.112   730329.222
  0.115   730329.229
  0.113   730329.236
  0.121   730329.243
  0.114   730329.250
  0.136   730329.257
  0.117   730329.264
  0.128   730329.271
  0.147   730329.278
  0.130   730329.285
  0.134   730329.292
  0.138   730329.299
  0.143   730329.306
  0.148   730329.312
  0.141   730329.319
  0.144   730329.326
  0.145   730329.333
  0.145   730329.340
  0.157   730329.347
  0.164   730329.354
  0.164   730329.361
  0.169   730329.368
  0.169   730329.375
  0.161   730329.382
  0.167   730329.389
  0.170   730329.396
  0.147   730329.403
  0.168   730329.410
  0.144   730329.417
  0.157   730329.424
  0.150   730329.430
  0.257   730329.437
  0.176   730329.444
  0.149   730329.451
  0.162   730329.458
  0.175   730329.465
  0.144   730329.472
  0.147   730329.479
  0.142   730329.486
  0.155   730329.493
  0.140   730329.500
  0.119   730329.507
  0.138   730329.514
  0.142   730329.521
  0.154   730329.528
  0.124   730329.535
  0.151   730329.542
  0.132   730329.549
  0.118   730329.555
  0.138   730329.562
  0.119   730329.569
  0.125   730329.576
  0.112   730329.583
  0.131   730329.590
  0.116   730329.597
  0.113   730329.604
  0.122   730329.611
  0.114   730329.618
  0.123   730329.625
  0.114   730329.632
  0.118   730329.639
  0.115   730329.646
  0.125   730329.653
  0.163   730329.660
  0.109   730329.667
  0.117   730329.674
  0.113   730329.681
  0.111   730329.687
  0.117   730329.694
  0.101   730329.701
  0.100   730329.715
  0.101   730329.722
  0.092   730329.729
  0.097   730329.736
  0.097   730329.743
  0.103   730329.750
  0.097   730329.757
  0.100   730329.764
  0.103   730329.771
  0.098   730329.778
  0.093   730329.785
  0.089   730329.792
  0.093   730329.799
  0.088   730329.806
  0.085   730329.812
  0.086   730329.819
  0.083   730329.826
  0.100   730329.833
  0.087   730329.840
  0.083   730329.847
  0.070   730329.854
  0.092   730329.861
  0.086   730329.868
  0.141   730329.875
  0.084   730329.882
  1.283   730329.889
  0.079   730329.896
  0.083   730329.903
  0.081   730329.910
  0.082   730329.917
  0.088   730329.924
  0.085   730329.931
  0.094   730329.937
  0.083   730329.944
  0.081   730329.951
  0.090   730329.958
  0.073   730329.965
  0.077   730329.972
  0.082   730329.979
  0.085   730329.986
  0.075   730329.993
