  4.403   730329.003
  0.003   730329.003
  6.296   730329.003
 10.541   730329.008
  8.413   730329.015
  7.554   730329.022
  3.892   730329.029
  7.516   730329.036
  6.689   730329.043
  2.276   730329.050
  5.017   730329.056
  7.733   730329.064
  6.762   730329.071
  9.530   730329.078
  0.278   730329.085
  0.283   730329.092
  3.970   730329.099
  5.296   730329.105
  5.910   730329.112
  5.195   730329.119
  3.906   730329.126
  0.541   730329.133
  0.358   730329.140
  0.846   730329.147
  8.155   730329.154
  6.268   730329.161
  9.034   730329.168
  6.473   730329.175
  6.487   730329.182
  5.297   730329.189
  8.152   730329.196
  7.197   730329.203
  9.113   730329.210
  5.123   730329.217
  5.979   730329.224
  7.651   730329.230
  8.534   730329.238
  7.339   730329.244
  6.298   730329.251
  4.260   730329.258
  7.929   730329.265
  8.254   730329.272
  5.410   730329.279
  7.081   730329.286
  8.184   730329.293
  6.228   730329.300
  9.848   730329.307
  9.487   730329.314
  5.884   730329.321
  7.720   730329.328
  4.550   730329.335
  3.132   730329.342
  7.394   730329.349
  7.241   730329.356
  7.756   730329.363
  5.990   730329.369
  6.816   730329.376
  8.058   730329.383
  3.970   730329.390
  0.887   730329.397
  1.102   730329.404
  0.401   730329.411
  0.390   730329.418
  1.327   730329.425
  1.234   730329.432
  0.433   730329.439
  0.426   730329.446
  1.667   730329.453
  3.072   730329.460
  1.348   730329.467
  4.919   730329.474
  2.657   730329.480
  4.701   730329.487
  7.340   730329.494
  5.101   730329.501
  5.733   730329.508
  7.645   730329.515
  6.476   730329.522
  2.820   730329.529
  1.605   730329.536
  0.871   730329.543
  0.872   730329.550
  3.985   730329.557
  6.035   730329.564
  1.459   730329.571
  1.176   730329.578
  1.035   730329.585
  1.105   730329.592
  6.197   730329.599
  1.957   730329.605
  3.530   730329.613
  2.268   730329.619
  2.990   730329.626
  6.411   730329.633
  7.678   730329.640
  6.134   730329.647
  1.118   730329.654
  4.972   730329.661
  1.639   730329.668
  4.240   730329.675
  1.407   730329.682
  5.218   730329.689
  4.660   730329.696
  5.484   730329.703
  7.426   730329.717
  7.210   730329.724
  1.911   730329.731
  2.159   730329.738
  4.784   730329.745
  8.853   730329.751
  8.343   730329.758
  5.121   730329.765
  1.511   730329.772
  7.476   730329.779
  8.363   730329.786
  2.010   730329.793
  1.634   730329.800
  3.158   730329.807
  5.977   730329.814
  3.600   730329.821
  1.329   730329.828
  1.250   730329.835
  1.381   730329.842
  2.856   730329.849
  4.118   730329.855
  4.358   730329.863
  7.074   730329.869
  3.869   730329.877
  4.891   730329.883
  7.404   730329.890
  7.720   730329.897
  8.080   730329.904
  4.016   730329.911
  2.312   730329.918
  7.325   730329.925
  6.257   730329.932
  4.934   730329.939
  3.916   730329.946
  9.206   730329.953
  6.026   730329.960
  6.122   730329.967
  5.480   730329.974
  4.694   730329.980
  2.597   730329.988
  2.562   730329.995
