  0.519   730143.000
  0.515   730143.007
  0.477   730143.014
  0.457   730143.021
  0.488   730143.028
  0.525   730143.035
  0.426   730143.042
  0.546   730143.049
  0.495   730143.056
  0.521   730143.062
  0.521   730143.069
  0.629   730143.076
  0.492   730143.083
  0.532   730143.090
  0.550   730143.097
  0.502   730143.104
  0.587   730143.111
  0.535   730143.118
  0.542   730143.125
  0.499   730143.132
  0.519   730143.139
  0.814   730143.146
  0.539   730143.153
  0.502   730143.160
  0.475   730143.167
  0.538   730143.174
  0.569   730143.181
  0.500   730143.188
  0.538   730143.194
  0.580   730143.201
  0.540   730143.208
  0.481   730143.215
  0.506   730143.222
  0.977   730143.229
  1.254   730143.236
  1.755   730143.243
  0.787   730143.250
  0.550   730143.257
  0.742   730143.264
  0.914   730143.271
  0.909   730143.278
  0.863   730143.285
  0.714   730143.292
  0.464   730143.299
  0.453   730143.306
  0.914   730143.312
  1.020   730143.319
  0.966   730143.326
  0.454   730143.333
  0.538   730143.340
  0.365   730143.347
  0.462   730143.354
  0.386   730143.361
  0.440   730143.368
  0.425   730143.375
  0.391   730143.382
  0.380   730143.389
  0.377   730143.396
  0.345   730143.403
  0.344   730143.410
  0.331   730143.417
  0.327   730143.424
  0.321   730143.431
  0.285   730143.438
  0.335   730143.444
  0.437   730143.452
  0.307   730143.458
  0.349   730143.465
  0.352   730143.472
  0.302   730143.479
  0.339   730143.486
  0.296   730143.493
  0.293   730143.500
  0.278   730143.507
  0.321   730143.514
  0.321   730143.521
  0.367   730143.528
  0.329   730143.535
  0.330   730143.542
  0.325   730143.549
  0.366   730143.556
  0.375   730143.562
  0.320   730143.569
  0.365   730143.576
  0.361   730143.583
  0.351   730143.590
  0.399   730143.597
  0.393   730143.604
  0.399   730143.611
  0.359   730143.618
  0.410   730143.625
  0.359   730143.632
  0.373   730143.639
  0.352   730143.646
  0.429   730143.653
  0.379   730143.660
  0.343   730143.667
  0.338   730143.674
  0.356   730143.681
  0.363   730143.688
  0.363   730143.694
  0.317   730143.701
  0.384   730143.708
  0.345   730143.715
  0.302   730143.722
  0.292   730143.729
  0.297   730143.736
  0.273   730143.743
  0.305   730143.750
  0.303   730143.757
  0.301   730143.764
  0.305   730143.771
  0.302   730143.778
  0.277   730143.785
  0.276   730143.792
  0.279   730143.799
  0.295   730143.806
  0.300   730143.812
  0.308   730143.819
  0.247   730143.826
  0.264   730143.833
  0.281   730143.840
  0.229   730143.847
  0.261   730143.854
  0.217   730143.861
  0.275   730143.868
    NaN   730143.875
  0.239   730143.882
  0.243   730143.889
  0.230   730143.896
  0.261   730143.903
  0.256   730143.910
  0.260   730143.917
  0.261   730143.924
  0.251   730143.931
  0.235   730143.938
  0.220   730143.944
  0.243   730143.951
  0.230   730143.958
  0.262   730143.965
  0.234   730143.972
  0.270   730143.979
  0.234   730143.986
  0.224   730143.993
