  0.404   730174.069
  0.389   730174.076
  0.369   730174.083
  0.378   730174.101
  0.432   730174.104
  0.389   730174.111
  0.416   730174.118
  0.356   730174.132
  0.383   730174.138
  0.373   730174.146
  0.388   730174.153
  0.370   730174.160
  0.406   730174.167
  0.427   730174.174
  0.371   730174.181
  0.370   730174.187
  0.358   730174.194
  0.364   730174.201
  0.367   730174.208
  0.429   730174.215
  0.342   730174.222
  0.379   730174.229
  0.397   730174.236
  0.380   730174.243
  0.350   730174.250
  0.389   730174.257
  0.348   730174.264
  0.349   730174.271
  0.334   730174.278
  0.392   730174.285
  0.379   730174.292
  0.400   730174.299
  0.361   730174.306
  0.391   730174.312
  0.775   730174.319
  0.341   730174.326
  0.380   730174.333
  0.380   730174.340
  0.357   730174.347
  0.467   730174.354
  0.328   730174.361
  0.364   730174.368
  0.596   730174.375
  0.337   730174.382
  0.341   730174.389
  0.366   730174.396
  0.356   730174.403
  0.369   730174.410
  0.336   730174.417
  0.298   730174.424
  0.350   730174.431
  0.341   730174.438
  0.387   730174.444
  0.368   730174.451
  0.310   730174.458
  0.347   730174.465
  0.286   730174.472
  0.383   730174.479
  0.366   730174.486
  0.336   730174.493
  0.363   730174.500
  0.310   730174.507
  0.749   730174.514
  0.386   730174.521
  0.359   730174.528
  0.342   730174.535
  0.397   730174.541
  0.357   730174.549
  0.344   730174.556
  0.392   730174.562
  0.346   730174.569
  0.320   730174.576
  0.329   730174.583
  0.329   730174.590
  0.731   730174.597
  0.348   730174.604
  0.330   730174.611
  0.327   730174.618
  0.352   730174.625
  0.349   730174.632
  0.348   730174.639
  0.312   730174.646
  0.315   730174.653
  0.344   730174.660
  0.331   730174.667
  0.294   730174.674
  0.326   730174.681
  0.333   730174.688
  0.358   730174.694
  0.337   730174.701
  0.325   730174.708
  0.968   730174.715
  0.327   730174.722
  0.310   730174.729
  0.313   730174.736
  0.306   730174.743
  0.421   730174.750
  0.300   730174.757
  0.334   730174.764
  0.337   730174.771
  0.333   730174.778
  0.331   730174.785
  0.466   730174.792
  0.361   730174.799
  0.328   730174.806
  0.288   730174.812
  0.326   730174.819
  0.389   730174.826
  0.306   730174.833
  0.367   730174.840
  0.293   730174.847
  0.311   730174.854
  0.306   730174.861
  0.330   730174.868
  0.322   730174.875
  0.314   730174.882
  0.305   730174.889
  0.325   730174.896
  0.333   730174.903
  0.311   730174.910
  0.295   730174.917
  0.348   730174.924
  0.362   730174.931
  0.327   730174.938
  0.312   730174.944
  0.348   730174.951
  0.417   730174.958
  0.314   730174.965
  0.317   730174.972
  0.337   730174.979
  0.305   730174.986
  0.336   730174.993
