  0.403   730414.000
  0.080   730414.000
  0.388   730414.007
  0.426   730414.014
  0.326   730414.021
  0.363   730414.028
  0.388   730414.035
  0.358   730414.042
  0.390   730414.049
  0.332   730414.049
  0.386   730414.055
  0.340   730414.063
  0.390   730414.070
  0.361   730414.077
  0.382   730414.084
  0.352   730414.091
  0.360   730414.097
  0.357   730414.104
  0.362   730414.112
  0.381   730414.118
  0.360   730414.125
  0.370   730414.132
  0.352   730414.139
  0.348   730414.146
  0.399   730414.153
  0.361   730414.160
  0.415   730414.167
  0.375   730414.174
  6.019   730414.181
  0.374   730414.188
  0.327   730414.195
  0.339   730414.202
  0.368   730414.209
  0.342   730414.216
  0.385   730414.223
  0.125   730414.223
  0.381   730414.229
  0.359   730414.237
  0.353   730414.243
  0.381   730414.250
  0.359   730414.257
  0.378   730414.264
  0.334   730414.271
  0.337   730414.278
  0.360   730414.285
  0.354   730414.292
  0.330   730414.299
  0.407   730414.306
  0.353   730414.313
  0.345   730414.320
  0.333   730414.327
  0.367   730414.334
  0.338   730414.341
  0.319   730414.347
  0.321   730414.354
  0.317   730414.362
  0.292   730414.368
  0.304   730414.375
  0.276   730414.382
  0.315   730414.389
  0.313   730414.396
  0.189   730414.396
  0.300   730414.403
  0.301   730414.410
  0.294   730414.417
  0.270   730414.424
  0.285   730414.431
  0.255   730414.438
  0.305   730414.445
  0.286   730414.452
  0.293   730414.459
  0.284   730414.466
  0.316   730414.472
  0.323   730414.479
  0.332   730414.487
  0.339   730414.493
  0.307   730414.500
  0.333   730414.507
  0.371   730414.514
  0.381   730414.521
  0.376   730414.529
  0.360   730414.535
  0.390   730414.542
  0.343   730414.549
  0.358   730414.556
  0.347   730414.563
  0.142   730414.570
  0.390   730414.570
  0.404   730414.577
  0.384   730414.584
  0.326   730414.591
  0.343   730414.598
  0.366   730414.604
  0.348   730414.612
  0.346   730414.618
  0.302   730414.625
  0.329   730414.632
  0.338   730414.639
  0.316   730414.646
  0.344   730414.653
  0.402   730414.660
  0.325   730414.667
  0.372   730414.674
  4.917   730414.681
  0.311   730414.688
  0.370   730414.695
  0.342   730414.702
  0.368   730414.709
  1.084   730414.716
  0.397   730414.722
  0.365   730414.729
  0.254   730414.737
  0.354   730414.737
  0.417   730414.743
  0.439   730414.750
  0.444   730414.757
  0.363   730414.764
  0.419   730414.771
  0.403   730414.778
  0.401   730414.785
  0.441   730414.792
  0.437   730414.799
  0.498   730414.806
  0.395   730414.813
  0.463   730414.820
  0.453   730414.827
  0.425   730414.834
  0.411   730414.841
  0.423   730414.847
  0.444   730414.854
  0.432   730414.862
  0.510   730414.868
  0.484   730414.875
  0.441   730414.882
  0.511   730414.889
  0.523   730414.896
  0.511   730414.903
  0.128   730414.903
  0.459   730414.910
  0.491   730414.917
  0.501   730414.924
  0.514   730414.931
  0.541   730414.938
  0.605   730414.945
  0.609   730414.952
  0.634   730414.959
  0.697   730414.966
  0.586   730414.972
  0.734   730414.979
  0.745   730414.987
  0.707   730414.993
