  0.772   730414.007
  3.653   730414.007
 71.718   730414.014
  4.567   730414.021
  4.370   730414.028
  4.008   730414.034
  3.780   730414.041
  3.993   730414.048
  3.009   730414.048
  3.954   730414.055
  4.378   730414.062
  6.511   730414.069
  4.304   730414.076
 43.852   730414.083
  4.754   730414.090
  5.528   730414.097
  6.769   730414.104
 34.645   730414.111
 11.428   730414.118
  6.916   730414.125
  7.097   730414.132
 53.120   730414.139
  8.803   730414.146
 27.653   730414.153
  8.674   730414.159
  8.582   730414.166
 54.333   730414.173
 10.453   730414.180
 10.214   730414.187
  9.908   730414.194
 11.716   730414.201
 34.267   730414.208
 11.912   730414.215
 51.471   730414.222
 10.672   730414.229
 12.465   730414.236
 56.293   730414.243
 13.045   730414.250
 22.029   730414.257
 13.184   730414.264
 15.186   730414.271
 53.908   730414.278
 14.549   730414.284
 13.205   730414.291
 13.250   730414.298
 13.409   730414.305
 48.536   730414.312
 12.672   730414.319
 13.353   730414.326
 14.515   730414.333
 12.789   730414.340
 19.370   730414.347
 14.409   730414.354
 49.392   730414.361
 15.314   730414.368
 34.285   730414.375
 13.399   730414.382
 13.836   730414.389
    NaN   730414.396
  3.969   730414.396
 11.772   730414.403
 19.133   730414.409
 13.701   730414.416
 15.738   730414.423
 12.713   730414.430
 13.367   730414.437
 56.750   730414.444
 11.881   730414.451
 15.660   730414.458
 13.303   730414.465
 12.846   730414.472
 22.855   730414.479
 10.904   730414.486
 11.756   730414.493
 23.629   730414.500
 11.916   730414.507
 55.539   730414.514
 11.460   730414.521
 11.629   730414.528
 16.950   730414.534
  8.790   730414.541
 52.511   730414.548
 10.636   730414.555
 11.231   730414.562
  5.999   730414.569
 49.288   730414.569
 10.058   730414.576
 20.867   730414.583
 10.553   730414.590
  9.677   730414.597
 21.454   730414.604
  8.977   730414.611
 10.760   730414.618
  8.225   730414.625
  9.354   730414.632
  9.015   730414.639
  9.556   730414.646
 32.160   730414.653
 10.497   730414.659
 10.751   730414.666
 10.925   730414.673
 14.095   730414.680
 32.742   730414.687
 17.310   730414.694
 19.263   730414.701
 21.826   730414.708
 54.931   730414.715
 30.329   730414.722
 21.904   730414.729
 20.502   730414.736
 20.877   730414.736
 20.723   730414.743
 38.368   730414.750
 22.373   730414.757
 22.612   730414.764
 25.100   730414.771
 21.427   730414.778
 55.898   730414.784
 43.626   730414.791
 23.887   730414.798
 26.137   730414.805
 24.006   730414.812
 18.807   730414.819
 48.597   730414.826
 18.833   730414.833
 19.273   730414.840
 19.335   730414.847
 17.479   730414.854
 49.191   730414.861
 13.296   730414.868
 15.060   730414.875
 45.074   730414.882
 13.355   730414.889
    NaN   730414.896
 12.386   730414.903
  3.494   730414.910
 12.929   730414.910
 12.187   730414.916
 12.153   730414.923
 17.411   730414.930
 10.923   730414.937
 10.907   730414.944
 33.903   730414.951
 14.726   730414.958
 25.955   730414.965
  9.554   730414.972
  9.763   730414.979
 15.308   730414.986
  9.589   730414.993
 34.302   730415.000
