  0.044   730414.007
  0.067   730414.007
  0.630   730414.013
  0.072   730414.020
  0.074   730414.027
  0.070   730414.034
  0.070   730414.041
  0.058   730414.048
  0.051   730414.048
  0.085   730414.055
  0.080   730414.062
  0.089   730414.069
  0.088   730414.076
  0.604   730414.083
  0.088   730414.090
  0.072   730414.097
  0.077   730414.104
  0.592   730414.111
  0.594   730414.118
  0.069   730414.125
  0.062   730414.131
  0.059   730414.138
  0.060   730414.145
  0.074   730414.152
  0.063   730414.159
  0.059   730414.166
  0.149   730414.173
  0.055   730414.180
  0.505   730414.187
  0.051   730414.194
  0.057   730414.201
  0.056   730414.208
  0.046   730414.215
  0.459   730414.222
  0.014   730414.229
  0.055   730414.229
  0.049   730414.236
  0.292   730414.243
  0.052   730414.250
  0.077   730414.256
  0.052   730414.263
  0.052   730414.270
  0.169   730414.277
  0.055   730414.284
  0.050   730414.291
  0.053   730414.298
  0.056   730414.305
  0.060   730414.312
  0.055   730414.319
  0.058   730414.326
  0.056   730414.333
  0.062   730414.340
  0.201   730414.347
  0.059   730414.354
  0.235   730414.361
  0.059   730414.368
  0.560   730414.375
  0.061   730414.381
  0.062   730414.388
  0.071   730414.395
  0.024   730414.395
  0.059   730414.402
  0.659   730414.409
  0.068   730414.416
  0.062   730414.423
  0.060   730414.430
  0.063   730414.437
  0.317   730414.444
  0.063   730414.451
  0.061   730414.458
  0.068   730414.465
  0.054   730414.472
  0.105   730414.479
  0.059   730414.486
  0.057   730414.493
  0.604   730414.500
  0.058   730414.506
  0.216   730414.513
  0.062   730414.520
  0.063   730414.527
  0.653   730414.534
  0.061   730414.541
  0.160   730414.548
  0.062   730414.555
  0.065   730414.562
  0.051   730414.569
  0.523   730414.569
  0.068   730414.576
  0.653   730414.583
  0.065   730414.590
  0.064   730414.597
  0.063   730414.604
  0.072   730414.611
  0.432   730414.618
  0.065   730414.625
  0.079   730414.631
  0.068   730414.638
  0.081   730414.645
  0.637   730414.652
  0.063   730414.659
  0.065   730414.666
  0.071   730414.673
  0.608   730414.680
  0.065   730414.687
  0.078   730414.694
  0.071   730414.701
  0.067   730414.708
  0.446   730414.715
  0.634   730414.722
  0.073   730414.729
  0.048   730414.736
  0.050   730414.736
  0.065   730414.743
  0.690   730414.750
  0.375   730414.756
  0.068   730414.763
  0.071   730414.770
  0.068   730414.777
  0.265   730414.784
  0.492   730414.791
  0.071   730414.798
  0.074   730414.805
  0.084   730414.812
  0.080   730414.819
  0.090   730414.826
  0.093   730414.833
  0.097   730414.840
  0.097   730414.847
  0.202   730414.854
  0.097   730414.861
  0.085   730414.868
  0.089   730414.875
  0.525   730414.881
  0.106   730414.888
  0.566   730414.895
  0.087   730414.902
  0.048   730414.909
  0.084   730414.909
  0.077   730414.916
  0.079   730414.923
  0.148   730414.930
  0.088   730414.937
  0.075   730414.944
  0.653   730414.951
  0.592   730414.958
  0.654   730414.965
  0.084   730414.972
  0.075   730414.979
  0.708   730414.986
  0.075   730414.993
  0.181   730415.000
