  0.018   730332.002
  0.327   730332.002
  1.911   730332.002
  0.019   730332.008
  0.019   730332.015
  0.018   730332.022
  0.018   730332.029
  0.019   730332.035
  0.018   730332.043
  0.019   730332.049
  0.886   730332.056
  0.019   730332.063
  0.020   730332.070
  0.020   730332.077
  0.021   730332.084
  0.021   730332.091
  0.022   730332.098
  3.648   730332.105
  0.025   730332.112
  0.021   730332.119
  0.021   730332.126
  0.021   730332.133
  0.020   730332.140
  0.020   730332.146
  0.020   730332.153
  0.020   730332.160
  0.020   730332.167
  0.021   730332.174
  0.019   730332.181
  0.020   730332.188
  0.020   730332.195
  0.016   730332.202
  0.017   730332.209
  0.016   730332.216
  0.182   730332.223
  2.434   730332.230
  0.018   730332.237
  0.019   730332.244
  0.020   730332.251
  0.018   730332.258
  0.019   730332.265
  0.019   730332.272
  0.017   730332.279
  0.019   730332.285
  0.019   730332.292
  0.017   730332.299
  0.016   730332.306
  0.016   730332.313
  0.017   730332.320
  0.016   730332.327
  0.016   730332.334
  0.019   730332.341
  0.019   730332.348
  0.019   730332.355
  0.019   730332.362
  0.017   730332.369
  0.016   730332.376
  0.018   730332.383
  0.020   730332.390
  0.019   730332.397
  0.019   730332.403
  0.476   730332.411
  0.020   730332.417
  0.018   730332.424
  0.018   730332.431
  0.019   730332.438
  0.019   730332.445
  0.017   730332.452
  0.019   730332.459
  0.018   730332.466
  0.019   730332.473
  0.017   730332.480
  0.017   730332.487
  0.017   730332.494
  0.017   730332.501
  0.017   730332.508
  0.016   730332.515
  0.016   730332.522
  0.016   730332.529
  0.017   730332.535
  0.016   730332.542
  0.017   730332.549
  0.016   730332.556
  0.016   730332.563
  0.016   730332.570
  0.016   730332.577
  0.016   730332.584
  0.016   730332.591
  0.017   730332.598
  0.016   730332.605
  0.017   730332.612
  0.016   730332.619
  0.017   730332.626
  0.018   730332.633
  0.016   730332.640
  0.016   730332.647
  0.016   730332.653
  0.016   730332.660
  0.017   730332.667
  0.016   730332.674
  0.017   730332.681
  0.017   730332.688
  0.017   730332.695
  0.016   730332.702
  0.105   730332.709
  0.020   730332.716
  0.435   730332.723
  0.018   730332.730
  0.017   730332.737
  0.016   730332.744
  0.018   730332.751
  0.016   730332.758
  0.016   730332.765
  0.017   730332.772
  0.019   730332.779
  0.020   730332.785
  0.018   730332.793
  0.020   730332.799
  0.019   730332.806
  0.021   730332.813
  0.019   730332.820
  0.021   730332.827
  0.020   730332.834
  0.018   730332.841
  0.021   730332.848
  0.021   730332.855
  0.022   730332.862
  0.021   730332.869
  0.021   730332.876
  0.019   730332.883
  0.070   730332.890
  0.018   730332.897
  0.019   730332.904
  0.021   730332.911
  0.020   730332.918
  0.022   730332.924
  0.022   730332.931
  0.020   730332.938
  0.019   730332.945
  0.017   730332.952
  0.019   730332.959
  0.021   730332.966
  0.022   730332.973
  0.021   730332.980
  0.022   730332.987
  0.020   730332.994
