  0.169   730332.003
  0.008   730332.003
  0.146   730332.003
  0.168   730332.008
  0.155   730332.015
  0.163   730332.022
  0.165   730332.029
  0.144   730332.036
  0.187   730332.043
  0.173   730332.050
  0.167   730332.056
  0.188   730332.064
  0.167   730332.071
  0.148   730332.078
  0.175   730332.084
  0.174   730332.092
  0.171   730332.098
  0.155   730332.105
  0.145   730332.112
  0.180   730332.119
  0.186   730332.126
  0.166   730332.133
  0.182   730332.140
  0.182   730332.147
  0.159   730332.154
  0.188   730332.161
  0.168   730332.168
  0.182   730332.175
  0.197   730332.182
  0.185   730332.189
  0.179   730332.196
  0.204   730332.202
  0.169   730332.209
  0.220   730332.216
  0.201   730332.223
  0.202   730332.230
  0.205   730332.237
  0.196   730332.244
  0.188   730332.251
  0.202   730332.258
  0.209   730332.265
  0.203   730332.272
  0.199   730332.279
  0.186   730332.286
  0.192   730332.293
  0.207   730332.300
  0.196   730332.307
  0.180   730332.314
  0.194   730332.321
  0.192   730332.328
  0.192   730332.334
  0.210   730332.341
  0.207   730332.348
  0.206   730332.355
  0.175   730332.362
  0.208   730332.369
  0.204   730332.376
  0.209   730332.383
  0.194   730332.390
  0.189   730332.397
  0.179   730332.404
  0.184   730332.411
  0.204   730332.418
  0.178   730332.425
  4.270   730332.432
  0.173   730332.439
  0.170   730332.446
  0.156   730332.452
  0.177   730332.459
  0.158   730332.467
  0.169   730332.473
  0.162   730332.480
  0.152   730332.487
  0.168   730332.494
  0.139   730332.501
  0.162   730332.508
  0.131   730332.515
  0.155   730332.522
  0.141   730332.529
  0.131   730332.536
  0.131   730332.543
  0.134   730332.550
  0.139   730332.557
  0.134   730332.564
  0.107   730332.571
  0.123   730332.577
  0.116   730332.584
  0.123   730332.591
  0.121   730332.598
  0.112   730332.605
  0.120   730332.612
  0.112   730332.619
  0.120   730332.626
  0.113   730332.633
  0.120   730332.640
  0.109   730332.647
  0.122   730332.654
  0.119   730332.661
  0.109   730332.668
  0.112   730332.675
  0.115   730332.682
  0.107   730332.689
  0.115   730332.696
  0.113   730332.702
  0.128   730332.709
  0.111   730332.716
  0.124   730332.723
  0.117   730332.730
  0.116   730332.737
  0.113   730332.744
  0.123   730332.751
  0.121   730332.758
  0.111   730332.765
  0.117   730332.772
  0.112   730332.779
  0.115   730332.786
  0.119   730332.793
  0.108   730332.800
  0.108   730332.807
  0.102   730332.814
  0.109   730332.821
  0.106   730332.828
  0.108   730332.834
  0.100   730332.841
  0.104   730332.848
  0.104   730332.855
  0.109   730332.862
  0.091   730332.869
  0.104   730332.876
  0.089   730332.883
  0.120   730332.890
  0.093   730332.897
  0.098   730332.904
  0.096   730332.911
  0.078   730332.918
  0.094   730332.925
  5.768   730332.932
  0.091   730332.939
  0.100   730332.946
  0.094   730332.953
  0.099   730332.959
  0.101   730332.967
  0.085   730332.973
  0.073   730332.980
  0.078   730332.987
  0.078   730332.994
