  1.060   730332.003
  1.060   730332.003
  0.011   730332.003
  0.011   730332.003
  0.735   730332.003
  0.735   730332.003
  0.820   730332.009
  0.820   730332.009
  0.877   730332.016
  0.877   730332.016
  0.769   730332.022
  0.769   730332.022
  0.801   730332.029
  0.801   730332.029
  0.736   730332.036
  0.736   730332.036
  0.944   730332.043
  0.944   730332.043
  0.748   730332.050
  0.748   730332.050
  0.707   730332.056
  0.707   730332.056
  0.737   730332.064
  0.737   730332.064
  0.723   730332.071
  0.723   730332.071
  0.722   730332.078
  0.722   730332.078
  0.782   730332.085
  0.782   730332.085
  0.688   730332.092
  0.688   730332.092
  0.686   730332.099
  0.686   730332.099
  0.676   730332.106
  0.676   730332.106
  0.727   730332.113
  0.727   730332.113
  0.625   730332.120
  0.625   730332.120
  0.617   730332.126
  0.617   730332.126
  0.681   730332.133
  0.681   730332.133
  0.645   730332.140
  0.645   730332.140
  0.609   730332.147
  0.609   730332.147
  0.607   730332.154
  0.607   730332.154
  0.572   730332.161
  0.572   730332.161
  0.664   730332.168
  0.664   730332.168
  0.620   730332.175
  0.620   730332.175
  0.701   730332.182
  0.701   730332.182
  0.647   730332.189
  0.647   730332.189
  0.617   730332.196
  0.617   730332.196
  0.566   730332.203
  0.566   730332.203
  0.551   730332.210
  0.551   730332.210
  0.585   730332.217
  0.585   730332.217
  0.685   730332.224
  0.685   730332.224
  0.622   730332.231
  0.622   730332.231
  0.635   730332.238
  0.635   730332.238
  0.629   730332.245
  0.629   730332.245
  0.683   730332.252
  0.683   730332.252
  0.678   730332.258
  0.678   730332.258
  0.635   730332.265
  0.635   730332.265
  0.672   730332.272
  0.672   730332.272
  0.740   730332.279
  0.740   730332.279
  0.660   730332.286
  0.660   730332.286
  0.572   730332.293
  0.572   730332.293
  0.660   730332.300
  0.660   730332.300
  0.642   730332.307
  0.642   730332.307
  0.631   730332.314
  0.631   730332.314
  0.621   730332.321
  0.621   730332.321
  0.596   730332.328
  0.596   730332.328
  0.633   730332.335
  0.633   730332.335
  0.567   730332.342
  0.567   730332.342
  0.576   730332.349
  0.576   730332.349
  0.595   730332.356
  0.595   730332.356
  0.592   730332.363
  0.592   730332.363
  0.575   730332.370
  0.575   730332.370
  0.516   730332.377
  0.516   730332.377
  0.532   730332.384
  0.532   730332.384
  0.551   730332.391
  0.551   730332.391
  0.665   730332.397
  0.665   730332.397
  0.569   730332.404
  0.569   730332.404
  0.561   730332.411
  0.561   730332.411
  0.518   730332.418
  0.518   730332.418
  0.523   730332.425
  0.523   730332.425
  0.497   730332.432
  0.497   730332.432
  0.428   730332.439
  0.428   730332.439
  0.472   730332.446
  0.472   730332.446
  0.508   730332.453
  0.508   730332.453
  0.459   730332.460
  0.459   730332.460
  0.460   730332.467
  0.460   730332.467
  0.491   730332.474
  0.491   730332.474
  0.437   730332.481
  0.437   730332.481
  0.424   730332.488
  0.424   730332.488
  0.481   730332.495
  0.481   730332.495
  0.521   730332.502
  0.521   730332.502
  0.453   730332.509
  0.453   730332.509
  0.456   730332.515
  0.456   730332.515
  0.427   730332.522
  0.427   730332.522
  0.399   730332.529
  0.399   730332.529
  0.481   730332.536
  0.481   730332.536
  0.407   730332.543
  0.407   730332.543
  0.426   730332.550
  0.426   730332.550
  0.420   730332.557
  0.420   730332.557
  0.422   730332.564
  0.422   730332.564
  0.439   730332.571
  0.439   730332.571
  0.426   730332.578
  0.426   730332.578
  0.396   730332.585
  0.396   730332.585
  0.365   730332.592
  0.365   730332.592
  0.436   730332.599
  0.436   730332.599
  0.413   730332.606
  0.413   730332.606
  0.375   730332.613
  0.375   730332.613
  0.373   730332.620
  0.373   730332.620
  0.406   730332.627
  0.406   730332.627
  0.393   730332.633
  0.393   730332.633
  0.365   730332.640
  0.365   730332.640
  0.397   730332.647
  0.397   730332.647
  0.409   730332.654
  0.409   730332.654
  0.324   730332.661
  0.324   730332.661
  0.382   730332.668
  0.382   730332.668
  0.323   730332.675
  0.323   730332.675
  0.349   730332.682
  0.349   730332.682
  0.347   730332.689
  0.347   730332.689
  0.310   730332.696
  0.310   730332.696
  0.346   730332.703
  0.346   730332.703
  0.331   730332.710
  0.331   730332.710
  0.333   730332.717
  0.333   730332.717
  0.326   730332.724
  0.326   730332.724
  0.331   730332.731
  0.331   730332.731
  0.314   730332.738
  0.314   730332.738
  0.324   730332.745
  0.324   730332.745
  0.273   730332.752
  0.273   730332.752
  0.277   730332.758
  0.277   730332.758
  0.325   730332.766
  0.325   730332.766
  0.295   730332.773
  0.295   730332.773
  0.295   730332.779
  0.295   730332.779
  0.303   730332.786
  0.303   730332.786
  0.330   730332.793
  0.330   730332.793
  0.319   730332.800
  0.319   730332.800
  0.313   730332.807
  0.313   730332.807
  0.259   730332.814
  0.259   730332.814
  0.262   730332.821
  0.262   730332.821
  0.263   730332.828
  0.263   730332.828
  0.245   730332.835
  0.245   730332.835
  0.262   730332.842
  0.262   730332.842
  0.291   730332.849
  0.291   730332.849
  0.286   730332.856
  0.286   730332.856
  0.321   730332.863
  0.321   730332.863
  0.297   730332.870
  0.297   730332.870
  0.307   730332.877
  0.307   730332.877
  3.200   730332.884
  3.200   730332.884
  0.289   730332.890
  0.289   730332.890
  0.317   730332.897
  0.317   730332.897
  0.281   730332.904
  0.281   730332.904
  0.297   730332.911
  0.297   730332.911
  0.298   730332.918
  0.298   730332.918
  0.318   730332.925
  0.318   730332.925
  0.319   730332.932
  0.319   730332.932
  0.341   730332.939
  0.341   730332.939
  0.332   730332.946
  0.332   730332.946
  0.349   730332.953
  0.349   730332.953
  0.378   730332.960
  0.378   730332.960
  0.346   730332.967
  0.346   730332.967
  0.403   730332.974
  0.403   730332.974
  0.410   730332.981
  0.410   730332.981
  0.418   730332.988
  0.418   730332.988
  0.393   730332.995
  0.393   730332.995
