  0.037   730332.001
  0.021   730332.001
  0.042   730332.007
  0.041   730332.014
  0.043   730332.021
  0.045   730332.028
  0.041   730332.035
  0.042   730332.042
  0.044   730332.049
  0.043   730332.055
  0.035   730332.062
  0.039   730332.069
  0.036   730332.076
  0.043   730332.083
  0.043   730332.090
  0.232   730332.097
  0.036   730332.104
  0.042   730332.111
  0.035   730332.118
  0.050   730332.125
  0.042   730332.132
  0.041   730332.139
  0.040   730332.146
  0.061   730332.153
  0.045   730332.160
  0.048   730332.167
  0.033   730332.173
  0.043   730332.180
  0.037   730332.187
  0.034   730332.194
  0.035   730332.201
  0.035   730332.208
  0.028   730332.215
  0.032   730332.222
  0.029   730332.229
  0.034   730332.236
  0.032   730332.243
  0.030   730332.250
  0.031   730332.257
  0.025   730332.264
  0.026   730332.271
  0.027   730332.278
  0.031   730332.285
  0.030   730332.292
  0.031   730332.299
  0.034   730332.305
  0.035   730332.312
  0.032   730332.319
  0.028   730332.326
  0.032   730332.333
  0.034   730332.340
  0.127   730332.347
  0.036   730332.354
  0.030   730332.361
  0.035   730332.368
  0.043   730332.375
  0.079   730332.382
  0.038   730332.389
  0.032   730332.396
  0.031   730332.403
  0.092   730332.410
  0.117   730332.417
  0.027   730332.424
  0.041   730332.431
  0.033   730332.437
  0.028   730332.444
  0.026   730332.451
  0.034   730332.458
  0.200   730332.465
  0.099   730332.472
  0.028   730332.479
  0.033   730332.486
  0.031   730332.493
  0.035   730332.500
  0.158   730332.507
  0.144   730332.514
  0.050   730332.521
  0.041   730332.528
  0.057   730332.535
  0.033   730332.542
  0.227   730332.548
  0.029   730332.555
  0.093   730332.562
  0.083   730332.569
  0.028   730332.576
  0.030   730332.583
  0.218   730332.590
  0.029   730332.597
  0.036   730332.604
  0.080   730332.611
  0.040   730332.618
  0.026   730332.625
  0.027   730332.632
  0.030   730332.639
  0.032   730332.646
  0.043   730332.653
  0.027   730332.660
  0.026   730332.667
  0.029   730332.674
  0.042   730332.680
  0.026   730332.687
  0.026   730332.694
  0.027   730332.701
  0.025   730332.708
  0.026   730332.715
  0.027   730332.722
  0.027   730332.729
  0.090   730332.736
  0.027   730332.743
  0.021   730332.750
  0.027   730332.757
  0.033   730332.764
  0.026   730332.771
  0.027   730332.778
  0.024   730332.785
  0.026   730332.792
  0.025   730332.798
  0.023   730332.806
  0.023   730332.812
  0.078   730332.819
  0.140   730332.826
  0.023   730332.833
  0.028   730332.840
  0.020   730332.847
  0.021   730332.854
  0.022   730332.861
  0.026   730332.868
  0.021   730332.875
  0.021   730332.882
  0.019   730332.889
  0.021   730332.896
  0.019   730332.903
  0.019   730332.910
  0.019   730332.917
  0.089   730332.924
  0.023   730332.930
  0.022   730332.937
  0.022   730332.944
  0.021   730332.951
  0.018   730332.958
  0.018   730332.965
  0.020   730332.972
  0.023   730332.979
  0.023   730332.986
  0.073   730332.993
