  1.112   730332.003
  0.012   730332.003
  1.063   730332.003
  1.292   730332.008
  1.066   730332.015
  1.400   730332.022
  1.139   730332.029
  1.379   730332.036
 36.576   730332.043
  1.377   730332.050
  1.212   730332.056
  1.285   730332.064
  1.217   730332.071
  1.202   730332.078
  1.123   730332.085
  1.159   730332.092
  1.094   730332.098
  1.168   730332.105
  1.197   730332.112
  1.171   730332.119
  1.305   730332.126
  1.113   730332.133
  1.380   730332.140
  1.124   730332.147
  1.137   730332.154
  1.156   730332.161
  1.104   730332.168
  1.162   730332.175
  1.089   730332.182
  1.080   730332.189
  1.186   730332.196
  1.259   730332.203
  1.206   730332.210
  1.043   730332.217
  1.141   730332.224
  1.194   730332.231
  1.161   730332.237
  1.234   730332.244
  1.176   730332.251
  1.111   730332.258
  1.107   730332.265
  1.121   730332.272
  1.150   730332.279
  1.092   730332.286
  0.966   730332.293
  0.934   730332.300
  1.131   730332.307
  1.048   730332.314
  0.919   730332.321
  1.037   730332.328
  0.945   730332.335
  1.056   730332.342
  0.891   730332.349
  0.961   730332.356
  0.968   730332.362
  0.931   730332.369
  1.006   730332.376
  1.088   730332.383
  1.027   730332.390
  1.039   730332.397
  0.976   730332.404
  1.029   730332.411
  0.915   730332.418
  0.970   730332.425
  0.897   730332.432
  0.834   730332.439
  0.841   730332.446
  0.845   730332.453
  0.851   730332.460
  0.681   730332.467
  0.857   730332.474
  0.796   730332.480
  0.922   730332.487
  0.811   730332.494
  0.762   730332.501
  0.783   730332.508
  0.671   730332.515
  0.769   730332.522
  0.748   730332.529
  0.641   730332.536
 30.476   730332.543
  0.663   730332.550
  0.779   730332.557
  0.732   730332.564
  0.809   730332.571
  0.785   730332.578
  0.670   730332.585
  0.683   730332.592
  0.653   730332.599
  0.674   730332.605
  0.710   730332.613
  0.701   730332.619
  0.678   730332.626
  0.635   730332.633
  0.610   730332.640
  0.707   730332.647
  0.682   730332.654
  0.698   730332.661
  0.782   730332.668
  0.732   730332.675
  0.730   730332.682
  0.850   730332.689
  0.739   730332.696
  0.744   730332.703
  0.759   730332.710
  0.760   730332.717
  0.608   730332.724
  0.802   730332.731
  0.650   730332.738
  0.810   730332.744
  0.692   730332.751
  0.824   730332.758
  0.831   730332.765
  0.678   730332.772
  0.724   730332.779
  0.699   730332.786
  0.676   730332.793
  0.609   730332.800
  0.756   730332.807
  0.567   730332.814
  0.760   730332.821
  0.704   730332.828
  0.592   730332.835
  0.721   730332.842
  0.586   730332.849
  0.755   730332.856
  0.685   730332.862
  0.579   730332.869
  0.570   730332.876
  0.736   730332.883
  0.782   730332.890
  0.635   730332.897
  0.680   730332.904
  0.628   730332.911
  0.638   730332.918
  0.510   730332.925
  0.723   730332.932
  0.579   730332.939
  0.655   730332.946
  0.608   730332.953
  0.653   730332.960
  0.674   730332.967
  0.543   730332.974
  0.796   730332.981
  0.531   730332.988
  0.645   730332.994
