  0.161   730077.001
  0.281   730077.008
    NaN   730077.015
  0.342   730077.022
  0.166   730077.029
  0.204   730077.036
  0.165   730077.043
  0.124   730077.050
  0.220   730077.057
  0.232   730077.064
  0.289   730077.071
  0.322   730077.078
  0.304   730077.085
  0.262   730077.092
  0.160   730077.099
  0.243   730077.106
  0.236   730077.113
  0.118   730077.119
  0.190   730077.126
  0.265   730077.133
  0.231   730077.140
  0.152   730077.147
  0.195   730077.154
  0.241   730077.161
  0.211   730077.167
  0.317   730077.174
  0.314   730077.181
  0.216   730077.188
  0.356   730077.194
  0.351   730077.201
  0.306   730077.208
  0.252   730077.215
  0.259   730077.222
  0.227   730077.229
  0.170   730077.236
  0.286   730077.243
  0.208   730077.250
  0.222   730077.257
  0.238   730077.264
  0.189   730077.271
  0.333   730077.278
  0.167   730077.285
  0.266   730077.292
  0.280   730077.299
  0.221   730077.306
  0.235   730077.312
  0.254   730077.319
  0.276   730077.326
  0.163   730077.333
  0.374   730077.340
  0.243   730077.347
  0.248   730077.354
  0.224   730077.361
  0.191   730077.368
  0.166   730077.375
  0.241   730077.382
  0.233   730077.389
  0.254   730077.396
  0.183   730077.403
  0.252   730077.410
  0.195   730077.417
  0.190   730077.424
  0.250   730077.431
  0.233   730077.438
  0.248   730077.444
  0.218   730077.452
  0.224   730077.458
  0.187   730077.465
  0.207   730077.472
  0.264   730077.479
  0.230   730077.486
  0.268   730077.493
  0.286   730077.500
  0.409   730077.507
  0.188   730077.514
  0.287   730077.521
  0.308   730077.528
  0.153   730077.535
  0.209   730077.542
  0.248   730077.549
  0.262   730077.556
  0.190   730077.562
  0.240   730077.569
  0.200   730077.576
  0.261   730077.583
  0.203   730077.590
  0.435   730077.597
  0.346   730077.604
  0.230   730077.611
  0.266   730077.618
  0.237   730077.625
  0.241   730077.632
  0.234   730077.639
  0.251   730077.646
  0.179   730077.653
  0.273   730077.660
  0.228   730077.667
  0.230   730077.674
  0.335   730077.681
  0.257   730077.688
  0.282   730077.694
  0.265   730077.701
  0.294   730077.708
  0.315   730077.715
  0.276   730077.722
  0.219   730077.729
  0.210   730077.736
  0.254   730077.743
  0.227   730077.750
  0.226   730077.757
  0.271   730077.764
  0.388   730077.771
  0.294   730077.778
  0.293   730077.785
  0.258   730077.792
  0.160   730077.799
  0.223   730077.806
  0.297   730077.812
  0.359   730077.819
  0.386   730077.826
  0.259   730077.833
  0.460   730077.840
  0.333   730077.847
  0.316   730077.854
  0.344   730077.862
  0.270   730077.869
  0.239   730077.876
  0.265   730077.883
  0.354   730077.890
  0.313   730077.897
  0.344   730077.904
  0.342   730077.911
  0.255   730077.918
  0.301   730077.925
  0.370   730077.932
  0.377   730077.939
  0.248   730077.946
  0.356   730077.953
  0.291   730077.960
  0.520   730077.967
  0.337   730077.974
  0.520   730077.981
  0.433   730077.988
  0.263   730077.994
