  0.020   730042.000
  0.020   730042.000
  0.020   730042.010
  0.020   730042.020
  0.030   730042.020
  0.020   730042.030
  0.030   730042.040
  0.030   730042.050
  0.030   730042.050
  0.030   730042.060
  0.030   730042.070
  0.030   730042.070
  0.030   730042.080
  0.030   730042.090
  0.030   730042.090
  0.030   730042.100
  0.030   730042.110
  0.030   730042.110
  0.040   730042.120
  0.040   730042.130
  0.030   730042.140
  0.030   730042.140
  0.030   730042.150
  0.030   730042.160
  0.090   730042.160
  0.090   730042.170
  0.030   730042.180
  0.030   730042.180
  0.030   730042.190
  0.030   730042.200
  0.030   730042.200
  0.030   730042.210
  0.030   730042.220
  0.030   730042.230
  0.030   730042.230
  0.030   730042.240
  0.030   730042.250
  0.030   730042.250
  0.030   730042.260
  0.040   730042.270
  0.040   730042.270
  0.040   730042.280
  0.040   730042.290
  0.040   730042.300
  0.040   730042.300
  0.040   730042.310
  0.040   730042.320
  0.030   730042.320
  0.040   730042.330
  0.040   730042.340
  0.040   730042.340
  0.040   730042.350
  0.040   730042.360
  0.040   730042.360
  0.040   730042.370
  0.040   730042.380
  0.050   730042.390
  0.040   730042.390
  0.030   730042.400
  0.040   730042.410
  0.040   730042.410
  0.030   730042.420
  0.040   730042.430
  0.030   730042.430
  0.040   730042.440
  0.030   730042.450
  0.030   730042.450
  0.040   730042.460
  0.040   730042.470
  0.040   730042.480
  0.040   730042.480
  0.030   730042.490
  0.040   730042.500
  0.040   730042.500
  0.040   730042.510
  0.040   730042.520
  0.040   730042.520
  0.040   730042.530
  0.040   730042.540
  0.040   730042.550
  0.040   730042.550
  0.040   730042.560
  0.040   730042.570
  0.040   730042.570
  0.040   730042.580
  0.040   730042.590
  0.040   730042.590
  0.040   730042.600
  0.040   730042.610
  0.040   730042.610
  0.040   730042.620
  0.040   730042.630
  0.040   730042.640
  0.040   730042.640
  0.040   730042.650
  0.040   730042.660
  0.040   730042.660
  0.040   730042.680
  0.040   730042.690
  0.040   730042.700
  0.040   730042.700
  0.040   730042.710
  0.040   730042.720
  0.040   730042.730
  0.040   730042.730
  0.040   730042.740
  0.050   730042.750
  0.030   730042.750
  0.030   730042.760
  0.030   730042.770
  0.030   730042.770
  0.030   730042.780
  0.030   730042.790
  0.030   730042.800
  0.030   730042.800
  0.030   730042.810
  0.030   730042.820
  0.030   730042.820
  0.030   730042.830
  0.030   730042.840
  0.030   730042.840
  0.030   730042.850
  0.030   730042.860
  0.030   730042.860
  0.030   730042.870
  0.030   730042.880
  0.030   730042.890
  0.030   730042.890
  0.030   730042.910
  0.030   730042.920
  0.030   730042.930
  0.030   730042.930
  0.030   730042.940
  0.060   730042.950
  0.090   730042.950
  0.030   730042.960
  0.070   730042.970
  0.050   730042.980
  0.030   730042.980
  0.030   730042.990
