  1.603   730248.007
  1.881   730248.013
  1.742   730248.020
  1.573   730248.027
  1.666   730248.034
  1.719   730248.041
  1.793   730248.048
  1.779   730248.055
  1.751   730248.062
  1.615   730248.069
  1.603   730248.076
  1.623   730248.083
  1.599   730248.090
  1.543   730248.097
  1.760   730248.104
  1.725   730248.111
  1.613   730248.118
  1.505   730248.125
  1.577   730248.132
  1.787   730248.138
  1.580   730248.145
  1.386   730248.152
  1.669   730248.159
  1.756   730248.166
  1.744   730248.173
  1.697   730248.180
  1.512   730248.187
  1.657   730248.194
  1.668   730248.201
  1.885   730248.208
  1.631   730248.215
  1.700   730248.222
  1.802   730248.229
  1.701   730248.236
  2.013   730248.243
  1.703   730248.250
  1.732   730248.257
  1.567   730248.264
  1.739   730248.270
  1.907   730248.277
  1.947   730248.284
  1.793   730248.291
  1.686   730248.298
  1.709   730248.305
  1.733   730248.312
  1.740   730248.319
  1.861   730248.326
  1.590   730248.333
  1.783   730248.340
  1.755   730248.347
  1.611   730248.354
  1.934   730248.361
  1.758   730248.368
  1.761   730248.375
  1.931   730248.382
  1.887   730248.389
  1.848   730248.395
  2.423   730248.402
  1.972   730248.409
  1.766   730248.416
  1.914   730248.423
  1.650   730248.430
  1.853   730248.437
  1.678   730248.444
  1.490   730248.451
  1.691   730248.458
  1.483   730248.465
  1.529   730248.472
  1.537   730248.479
  1.509   730248.486
  1.548   730248.493
  8.196   730248.500
  1.393   730248.510
  1.580   730248.514
  1.322   730248.520
  1.548   730248.527
  1.284   730248.534
  1.314   730248.541
  1.421   730248.548
  1.374   730248.555
  1.348   730248.562
  1.286   730248.570
  1.209   730248.576
  1.223   730248.583
  1.285   730248.590
  1.220   730248.597
  1.263   730248.604
  1.337   730248.611
  1.461   730248.618
  1.153   730248.625
  1.157   730248.632
  1.199   730248.640
  1.338   730248.646
  1.333   730248.652
  1.261   730248.659
  1.122   730248.666
  1.296   730248.673
  1.171   730248.680
  1.202   730248.687
  0.991   730248.694
  1.133   730248.701
  1.204   730248.708
  1.231   730248.715
  1.182   730248.722
  1.357   730248.729
  1.392   730248.736
  1.109   730248.743
  1.244   730248.750
  1.308   730248.757
  1.322   730248.764
  1.332   730248.770
  1.276   730248.777
  1.354   730248.784
  1.410   730248.791
  1.189   730248.798
  1.137   730248.805
  1.287   730248.812
  1.179   730248.819
  1.259   730248.826
  1.402   730248.833
  1.235   730248.840
  1.313   730248.847
  1.203   730248.854
  1.221   730248.861
  1.221   730248.868
  1.229   730248.875
  1.279   730248.882
  1.276   730248.889
  1.284   730248.895
  1.354   730248.902
  1.170   730248.909
  1.205   730248.916
  1.220   730248.923
  1.130   730248.930
  1.225   730248.937
  1.281   730248.944
  1.149   730248.951
  1.199   730248.958
  1.180   730248.965
  1.382   730248.972
  1.388   730248.979
  1.346   730248.986
  1.167   730248.993
  7.852   730249.000
