  3.523   730248.007
  3.204   730248.013
  3.340   730248.020
  3.684   730248.027
  4.385   730248.034
  3.834   730248.041
  3.310   730248.048
  2.621   730248.055
  2.743   730248.062
  2.462   730248.069
  2.350   730248.076
  2.286   730248.083
  1.888   730248.090
  2.051   730248.097
  1.830   730248.104
  2.192   730248.111
  2.146   730248.118
  2.006   730248.125
  2.436   730248.132
  2.195   730248.138
  2.062   730248.145
  2.148   730248.152
  1.974   730248.159
  1.791   730248.166
  1.847   730248.173
  2.004   730248.180
  1.894   730248.187
  1.732   730248.194
  2.026   730248.201
  2.012   730248.208
  1.870   730248.215
  1.718   730248.222
  1.770   730248.229
  1.806   730248.236
 12.426   730248.243
  1.795   730248.250
  1.675   730248.257
  1.843   730248.264
  1.832   730248.270
  1.714   730248.277
  1.676   730248.284
  1.755   730248.291
  1.630   730248.298
  1.832   730248.305
  1.718   730248.312
  1.484   730248.319
  1.640   730248.326
  1.513   730248.333
  1.570   730248.340
  1.672   730248.347
  1.574   730248.354
  1.507   730248.361
  1.518   730248.368
  1.692   730248.375
  1.527   730248.382
  1.535   730248.389
  1.645   730248.395
  1.571   730248.402
  1.681   730248.409
  1.519   730248.416
  1.415   730248.423
  1.458   730248.430
  1.472   730248.437
  1.475   730248.444
  1.543   730248.451
  1.396   730248.458
  1.448   730248.465
  1.502   730248.472
  1.435   730248.479
  1.546   730248.486
  1.470   730248.493
  1.490   730248.500
  1.388   730248.510
  1.337   730248.514
  1.402   730248.520
  1.396   730248.527
  1.447   730248.534
  1.416   730248.541
  1.348   730248.548
  1.438   730248.555
  1.271   730248.562
  1.511   730248.570
  1.390   730248.576
  1.388   730248.583
  1.501   730248.590
  1.191   730248.597
  1.395   730248.604
  1.229   730248.611
  1.431   730248.618
  1.240   730248.625
  1.385   730248.632
  1.387   730248.640
  1.218   730248.646
  1.313   730248.652
  1.454   730248.659
  1.412   730248.666
  1.233   730248.673
  1.323   730248.680
  1.248   730248.687
  1.301   730248.694
  1.331   730248.701
  1.175   730248.708
  1.073   730248.715
  1.091   730248.722
  1.216   730248.729
  1.325   730248.736
 10.822   730248.743
  1.278   730248.750
  1.317   730248.757
  1.293   730248.764
  1.404   730248.770
  1.353   730248.777
  1.103   730248.784
  1.308   730248.791
  1.353   730248.798
  1.575   730248.805
  1.364   730248.812
  1.852   730248.819
  2.595   730248.826
  3.048   730248.833
  2.495   730248.840
  2.740   730248.847
  3.057   730248.854
  3.155   730248.861
  3.556   730248.868
  3.655   730248.875
  3.812   730248.882
  3.859   730248.889
  3.963   730248.895
  4.631   730248.902
  5.241   730248.909
  4.492   730248.916
  3.762   730248.923
  4.330   730248.930
  3.558   730248.937
  3.497   730248.944
  2.274   730248.951
  1.801   730248.958
  1.676   730248.965
  1.639   730248.972
  1.290   730248.979
  1.574   730248.986
  1.466   730248.993
  1.175   730249.000
