  0.340   729963.000
  0.330   729963.010
  0.320   729963.020
  0.310   729963.020
  0.290   729963.030
  0.290   729963.040
  0.320   729963.050
  0.320   729963.050
  0.310   729963.060
  0.330   729963.070
  0.290   729963.070
  0.300   729963.080
  0.310   729963.090
  0.300   729963.090
  0.340   729963.100
  0.320   729963.110
  0.330   729963.110
  0.290   729963.120
  0.280   729963.130
  0.290   729963.140
  0.320   729963.140
  0.340   729963.150
  0.340   729963.160
  0.310   729963.160
  0.330   729963.170
  0.320   729963.180
  0.160   729963.700
  0.150   729963.710
  0.150   729963.720
  0.150   729963.730
  0.170   729963.730
  0.160   729963.740
  0.180   729963.750
  0.160   729963.750
  0.150   729963.760
  0.200   729963.770
  0.240   729963.770
  0.210   729963.780
  0.170   729963.790
  0.230   729963.800
  0.230   729963.800
  0.250   729963.810
  0.200   729963.820
  0.140   729963.820
  0.140   729963.830
  0.150   729963.840
  0.190   729963.840
  0.150   729963.850
  0.170   729963.860
    NaN   729963.860
    NaN   729963.870
  0.180   729963.880
  0.180   729963.890
  0.180   729963.890
  0.220   729963.900
  0.240   729963.910
  0.240   729963.910
  0.160   729963.920
  0.160   729963.930
  0.180   729963.930
  0.150   729963.950
  0.140   729963.950
  0.160   729963.960
  0.160   729963.970
