  0.460   729963.000
  0.470   729963.010
  0.430   729963.020
  0.440   729963.020
  0.440   729963.030
  0.410   729963.040
  0.430   729963.050
  0.420   729963.050
  0.400   729963.060
  0.420   729963.070
  0.390   729963.070
  0.420   729963.080
  0.420   729963.090
  0.430   729963.090
  0.420   729963.100
  0.390   729963.110
  0.400   729963.110
  0.390   729963.120
  0.360   729963.130
  0.390   729963.140
  0.380   729963.140
  0.360   729963.150
  0.350   729963.160
  0.330   729963.160
  0.350   729963.170
  0.350   729963.180
  0.210   729963.700
  0.220   729963.710
  0.230   729963.720
  0.210   729963.730
  0.210   729963.730
  0.210   729963.740
  0.200   729963.750
  0.230   729963.750
  0.190   729963.760
  0.180   729963.770
  0.180   729963.770
  0.190   729963.780
  0.170   729963.790
  0.190   729963.800
  0.220   729963.800
  0.180   729963.810
  0.170   729963.820
  0.180   729963.820
  0.180   729963.830
  0.180   729963.840
  0.180   729963.840
  0.200   729963.850
  0.200   729963.860
  0.200   729963.860
  0.210   729963.870
  0.200   729963.880
  0.190   729963.890
  0.200   729963.890
  0.200   729963.900
    NaN   729963.910
    NaN   729963.910
  0.180   729963.920
  0.180   729963.930
  0.180   729963.930
  0.190   729963.950
  0.160   729963.950
  0.180   729963.960
  0.180   729963.970
