    NaN   729963.000
    NaN   729963.010
    NaN   729963.020
    NaN   729963.030
    NaN   729963.030
    NaN   729963.040
    NaN   729963.050
    NaN   729963.050
    NaN   729963.060
    NaN   729963.070
    NaN   729963.070
    NaN   729963.080
    NaN   729963.090
    NaN   729963.100
    NaN   729963.100
    NaN   729963.110
    NaN   729963.120
    NaN   729963.120
    NaN   729963.130
    NaN   729963.140
    NaN   729963.140
    NaN   729963.150
    NaN   729963.160
    NaN   729963.160
    NaN   729963.170
    NaN   729963.180
    NaN   729963.710
    NaN   729963.710
    NaN   729963.720
    NaN   729963.730
    NaN   729963.730
    NaN   729963.740
    NaN   729963.750
    NaN   729963.750
    NaN   729963.760
    NaN   729963.770
    NaN   729963.780
    NaN   729963.780
    NaN   729963.790
    NaN   729963.800
    NaN   729963.800
    NaN   729963.810
    NaN   729963.820
    NaN   729963.820
    NaN   729963.830
    NaN   729963.840
    NaN   729963.850
    NaN   729963.850
    NaN   729963.860
    NaN   729963.870
    NaN   729963.870
    NaN   729963.880
    NaN   729963.890
    NaN   729963.890
    NaN   729963.900
    NaN   729963.910
    NaN   729963.910
    NaN   729963.920
    NaN   729963.930
    NaN   729963.930
    NaN   729963.950
    NaN   729963.960
    NaN   729963.960
    NaN   729963.970
