  0.414   730374.001
  0.214   730374.001
  0.431   730374.008
  0.465   730374.015
  0.422   730374.022
  0.479   730374.029
  2.068   730374.036
  0.430   730374.043
  0.501   730374.050
  0.510   730374.056
  0.587   730374.063
  0.609   730374.071
  0.578   730374.077
  0.600   730374.084
  0.608   730374.091
  0.545   730374.098
  0.597   730374.105
  0.538   730374.113
  0.614   730374.119
  0.533   730374.126
  0.558   730374.134
  0.562   730374.140
  0.544   730374.147
  0.568   730374.154
  0.533   730374.161
  0.575   730374.168
  0.549   730374.174
  0.540   730374.182
  0.540   730374.188
  0.479   730374.196
  0.498   730374.202
  0.441   730374.209
  0.430   730374.216
  0.423   730374.223
  0.444   730374.230
  0.474   730374.238
  0.507   730374.244
  0.470   730374.251
  0.480   730374.258
  0.491   730374.265
  0.426   730374.272
  0.471   730374.279
  0.492   730374.286
  0.461   730374.293
  0.470   730374.300
  0.483   730374.306
  0.462   730374.313
  0.509   730374.321
  0.494   730374.327
  0.451   730374.334
  0.469   730374.341
  0.492   730374.348
  0.455   730374.355
  0.477   730374.363
  0.513   730374.369
  0.456   730374.376
  0.437   730374.383
  0.432   730374.390
  0.424   730374.397
  0.429   730374.404
  0.404   730374.411
  0.449   730374.418
  0.393   730374.425
  0.394   730374.431
  0.427   730374.438
  0.372   730374.446
  0.400   730374.452
  0.431   730374.460
  0.434   730374.466
  0.394   730374.473
  0.426   730374.480
  0.439   730374.488
  0.423   730374.494
  0.443   730374.501
  0.405   730374.508
  0.429   730374.515
  0.474   730374.522
  0.552   730374.529
  1.464   730374.536
  0.509   730374.543
  0.505   730374.549
  0.513   730374.556
  0.533   730374.563
  0.486   730374.571
  0.452   730374.577
  0.488   730374.584
  0.561   730374.591
  0.516   730374.598
  0.534   730374.605
  0.521   730374.613
  0.475   730374.619
  0.440   730374.626
  0.495   730374.633
  0.435   730374.640
  0.435   730374.647
  0.470   730374.654
  0.409   730374.661
  0.457   730374.668
  0.440   730374.675
  0.412   730374.681
  0.403   730374.688
  0.430   730374.696
  0.436   730374.702
  0.411   730374.709
  0.434   730374.716
  0.429   730374.723
  0.389   730374.730
  0.445   730374.738
  0.431   730374.744
  0.436   730374.751
  0.397   730374.758
  0.420   730374.765
  0.383   730374.772
  0.467   730374.779
  0.402   730374.786
  0.377   730374.793
  0.395   730374.800
  0.439   730374.806
  0.401   730374.813
  0.424   730374.821
  0.412   730374.827
  0.391   730374.834
  0.395   730374.841
  0.347   730374.848
  0.373   730374.855
  0.398   730374.863
  0.369   730374.869
  0.314   730374.876
  0.333   730374.883
  0.349   730374.890
  0.348   730374.897
  0.346   730374.904
  0.330   730374.911
  0.337   730374.918
  0.369   730374.925
  0.301   730374.932
  0.331   730374.938
  0.281   730374.946
  0.296   730374.952
  0.296   730374.959
  0.267   730374.966
  0.283   730374.973
  0.303   730374.980
  0.248   730374.988
  0.285   730374.994
