  1.146   730374.002
  0.373   730374.002
  1.107   730374.002
  0.683   730374.002
  2.832   730374.008
  3.614   730374.008
  0.856   730374.015
  0.786   730374.015
  0.946   730374.022
  0.919   730374.022
  0.912   730374.030
  1.011   730374.030
  1.056   730374.036
  1.013   730374.036
  0.834   730374.043
  0.838   730374.043
  0.880   730374.050
  0.966   730374.050
  0.828   730374.056
  0.814   730374.056
  0.930   730374.064
  0.940   730374.064
  0.962   730374.071
  0.944   730374.071
  1.032   730374.077
  1.025   730374.078
  1.008   730374.084
  0.963   730374.085
  0.858   730374.092
  0.864   730374.092
  0.943   730374.098
  0.889   730374.099
  0.967   730374.105
  0.960   730374.105
  1.021   730374.113
  0.938   730374.113
  1.000   730374.120
  1.009   730374.120
  1.026   730374.126
  1.054   730374.127
  1.165   730374.134
  1.133   730374.134
  1.102   730374.141
  1.099   730374.141
  0.948   730374.147
  1.023   730374.147
  1.053   730374.155
  1.091   730374.155
  1.174   730374.161
  1.144   730374.161
  1.013   730374.168
  1.105   730374.168
  1.085   730374.175
  1.097   730374.175
  1.071   730374.182
  1.065   730374.182
  1.141   730374.189
  1.140   730374.189
  1.052   730374.196
  1.187   730374.197
  1.113   730374.203
  1.185   730374.203
  1.206   730374.210
  1.205   730374.210
  1.098   730374.216
  1.251   730374.217
  1.276   730374.223
  1.239   730374.224
  1.255   730374.230
  1.145   730374.231
  1.265   730374.238
  1.384   730374.238
  1.199   730374.244
  1.248   730374.244
  1.200   730374.251
  1.263   730374.251
  1.391   730374.258
  1.296   730374.258
  1.176   730374.265
  1.332   730374.265
  1.323   730374.272
  1.350   730374.272
  1.218   730374.280
  1.176   730374.280
  1.327   730374.286
  1.236   730374.286
  1.268   730374.293
  1.343   730374.293
  1.275   730374.300
  1.327   730374.300
  1.460   730374.307
  1.322   730374.307
  1.232   730374.314
  1.334   730374.314
  1.321   730374.321
  1.421   730374.321
  1.115   730374.328
  1.212   730374.328
  1.457   730374.334
  1.495   730374.335
  1.296   730374.341
  1.310   730374.342
  1.149   730374.348
  1.134   730374.349
  1.174   730374.355
  1.252   730374.356
  1.290   730374.363
  1.148   730374.363
  1.094   730374.369
  1.163   730374.369
  1.173   730374.376
  1.107   730374.376
  1.197   730374.383
  1.169   730374.383
  1.275   730374.390
  1.343   730374.390
  1.198   730374.397
  1.065   730374.397
  1.098   730374.405
  1.242   730374.405
  1.036   730374.411
  1.053   730374.411
  1.122   730374.418
  1.087   730374.418
  1.105   730374.425
  1.040   730374.425
  1.244   730374.432
  1.270   730374.432
  1.082   730374.439
  1.156   730374.439
  1.029   730374.446
  1.014   730374.447
  1.202   730374.452
  1.036   730374.453
  1.248   730374.460
  1.155   730374.460
  1.003   730374.466
  1.059   730374.467
  1.118   730374.473
  1.076   730374.474
  0.915   730374.480
  1.004   730374.480
  1.055   730374.488
  0.985   730374.488
  1.059   730374.494
  1.011   730374.494
  0.955   730374.501
  0.961   730374.501
  2.721   730374.508
  4.488   730374.508
  0.838   730374.515
  0.940   730374.515
  0.939   730374.522
  0.915   730374.522
  0.868   730374.530
  0.927   730374.530
  0.933   730374.536
  0.959   730374.536
  0.849   730374.543
  0.876   730374.543
  0.765   730374.550
  0.859   730374.550
  0.837   730374.557
  0.817   730374.557
  0.860   730374.564
  0.807   730374.564
  0.892   730374.571
  0.794   730374.572
  0.961   730374.577
  0.948   730374.578
  0.885   730374.584
  0.884   730374.585
  0.809   730374.591
  0.827   730374.592
  0.913   730374.598
  0.845   730374.599
  0.725   730374.605
  0.781   730374.605
  0.908   730374.613
  0.849   730374.613
  0.995   730374.619
  0.956   730374.619
  0.963   730374.626
  0.860   730374.626
  0.846   730374.633
  0.897   730374.633
  1.031   730374.640
  1.030   730374.640
  0.888   730374.647
  0.824   730374.647
  1.012   730374.655
  0.759   730374.655
  1.002   730374.661
  1.019   730374.661
  0.940   730374.668
  0.962   730374.668
  1.068   730374.675
  1.003   730374.675
  1.023   730374.682
  1.058   730374.682
  0.972   730374.689
  0.991   730374.689
  0.863   730374.696
  0.997   730374.697
  1.025   730374.703
  1.031   730374.703
  1.040   730374.709
  1.110   730374.710
  1.132   730374.716
  1.088   730374.717
  1.096   730374.723
  1.126   730374.724
  1.100   730374.730
  1.052   730374.730
  1.020   730374.738
  1.141   730374.738
  1.079   730374.744
  1.024   730374.744
  1.024   730374.751
  1.060   730374.751
  1.013   730374.758
  1.036   730374.758
  0.999   730374.765
  1.047   730374.765
  1.074   730374.772
  1.142   730374.772
  1.111   730374.780
  1.083   730374.780
  1.262   730374.786
  1.224   730374.786
  1.162   730374.793
  1.157   730374.793
  1.085   730374.800
  1.158   730374.800
  1.231   730374.807
  1.318   730374.807
  1.067   730374.814
  1.099   730374.814
  1.100   730374.821
  1.073   730374.821
  1.125   730374.828
  1.187   730374.828
  0.950   730374.834
  0.965   730374.835
  1.054   730374.841
  1.103   730374.842
  1.184   730374.848
  1.189   730374.849
  1.124   730374.855
  1.039   730374.855
  0.921   730374.863
  1.005   730374.863
  0.929   730374.869
  0.946   730374.869
  0.834   730374.876
  0.899   730374.876
  0.988   730374.883
  0.992   730374.883
  0.872   730374.890
  0.969   730374.890
  0.872   730374.897
  0.926   730374.897
  0.912   730374.905
  0.909   730374.905
  0.847   730374.911
  0.794   730374.911
  0.880   730374.918
  0.880   730374.918
  0.867   730374.925
  0.897   730374.925
  0.821   730374.932
  0.800   730374.932
  0.891   730374.939
  0.893   730374.939
  0.839   730374.946
  0.777   730374.947
  0.717   730374.953
  0.726   730374.953
  0.703   730374.959
  0.677   730374.960
  0.753   730374.966
  0.777   730374.967
  0.630   730374.973
  0.634   730374.974
  0.662   730374.980
  0.635   730374.981
  0.634   730374.988
  0.598   730374.988
  0.565   730374.995
  0.609   730374.996
