  5.084   729302.333
  5.270   729302.344
  4.675   729302.354
  4.464   729302.365
  3.747   729302.375
  4.102   729302.385
  3.707   729302.396
  3.351   729302.406
  3.700   729302.417
  4.093   729302.427
  4.161   729302.437
  4.676   729302.448
  4.377   729302.458
  4.703   729302.469
  4.561   729302.479
  4.448   729302.490
  5.289   729302.500
  5.043   729302.510
  4.887   729302.521
  5.268   729302.531
  5.318   729302.542
  5.004   729302.552
  5.043   729302.562
  5.200   729302.573
  4.977   729302.583
  5.336   729302.594
  4.958   729302.604
  4.739   729302.615
  4.796   729302.625
  5.253   729302.635
  4.899   729302.646
  4.655   729302.656
  5.473   729302.667
  4.666   729302.677
  5.023   729302.687
  4.715   729302.698
  4.635   729302.708
  4.857   729302.719
  4.258   729302.729
  4.411   729302.740
  4.100   729302.750
  4.289   729302.760
  4.007   729302.771
  3.737   729302.781
  3.922   729302.792
  4.292   729302.802
  4.074   729302.813
  4.575   729302.823
  4.278   729302.833
  4.562   729302.844
  4.373   729302.854
  4.492   729302.865
  4.360   729302.875
  4.223   729302.885
  4.786   729302.896
