  0.181   730177.001
  0.181   730177.007
  0.181   730177.036
  0.181   730177.042
  0.181   730177.049
  0.181   730177.056
  0.181   730177.063
  0.181   730177.077
  0.181   730177.090
  0.181   730177.098
  0.181   730177.105
  0.181   730177.112
  0.181   730177.119
  0.181   730177.126
  0.181   730177.133
  0.181   730177.140
  0.181   730177.147
  0.181   730177.153
  0.181   730177.161
  0.181   730177.167
  0.181   730177.174
  0.181   730177.181
  0.181   730177.195
  0.181   730177.203
  0.181   730177.209
  0.181   730177.215
  0.181   730177.223
  0.181   730177.229
  0.181   730177.236
  0.181   730177.244
  0.181   730177.251
  0.181   730177.258
  0.181   730177.265
  0.181   730177.271
  0.181   730177.278
  0.181   730177.286
  0.181   730177.292
  0.181   730177.299
  0.181   730177.306
  0.181   730177.313
  0.181   730177.320
  0.181   730177.328
  0.181   730177.335
  0.181   730177.340
  0.181   730177.348
  0.181   730177.355
  0.181   730177.362
  0.181   730177.369
  0.181   730177.375
  0.181   730177.383
  0.181   730177.389
  0.181   730177.396
  0.181   730177.403
  0.181   730177.411
  0.181   730177.417
  0.181   730177.424
  0.181   730177.438
  0.181   730177.445
  0.181   730177.453
  0.181   730177.459
  0.181   730177.465
  0.181   730177.473
  0.181   730177.479
  0.181   730177.486
  0.181   730177.494
  0.181   730177.500
  0.181   730177.508
  0.181   730177.515
  0.181   730177.521
  0.181   730177.528
  0.181   730177.536
  0.181   730177.542
  0.181   730177.549
  0.181   730177.556
  0.181   730177.563
  0.181   730177.570
  0.181   730177.578
  0.181   730177.584
  0.181   730177.591
  0.181   730177.597
  0.181   730177.605
  0.181   730177.611
  0.181   730177.619
  0.181   730177.626
  0.181   730177.640
  0.181   730177.647
  0.181   730177.653
  0.181   730177.661
  0.181   730177.667
  0.181   730177.674
  0.181   730177.681
  0.181   730177.688
  0.181   730177.694
  0.181   730177.703
  0.181   730177.709
  0.181   730177.716
  0.181   730177.723
  0.181   730177.730
  0.181   730177.737
  0.181   730177.744
  0.181   730177.751
  0.181   730177.758
  0.181   730177.765
  0.181   730177.772
  0.181   730177.778
  0.181   730177.786
  0.181   730177.792
  0.181   730177.799
  0.181   730177.806
  0.181   730177.812
  0.181   730177.820
  0.181   730177.828
  0.181   730177.834
  0.181   730177.841
  0.181   730177.848
  0.181   730177.855
  0.181   730177.869
  0.181   730177.875
  0.181   730177.885
  0.181   730177.891
  0.181   730177.899
  0.181   730177.904
  0.181   730177.911
  0.181   730177.917
  0.181   730177.924
  0.181   730177.931
  0.181   730177.940
  0.181   730177.948
  0.181   730177.953
  0.181   730177.962
  0.181   730177.968
  0.181   730177.972
  0.181   730177.980
  0.181   730177.987
  0.181   730177.994
