  0.148   730361.000
  0.029   730361.000
  0.130   730361.008
  0.142   730361.014
  0.130   730361.021
  0.151   730361.028
  0.136   730361.035
  0.119   730361.042
  0.110   730361.049
  0.311   730361.056
  0.149   730361.063
  0.150   730361.070
  0.141   730361.077
  5.181   730361.084
  0.150   730361.091
  0.123   730361.098
  0.129   730361.104
  0.136   730361.111
  0.131   730361.118
  0.141   730361.125
  0.136   730361.132
  0.134   730361.139
  0.143   730361.146
  0.131   730361.153
  0.126   730361.160
  0.141   730361.167
  0.185   730361.174
  0.181   730361.181
  0.201   730361.188
  0.177   730361.195
  0.175   730361.202
  0.163   730361.209
  0.157   730361.216
  0.168   730361.223
  0.474   730361.230
  0.170   730361.236
  0.157   730361.243
  0.142   730361.250
  0.173   730361.257
  0.173   730361.264
  0.165   730361.271
  0.165   730361.278
  0.174   730361.285
  0.150   730361.292
  0.150   730361.299
  0.183   730361.306
  0.162   730361.313
  0.174   730361.320
  0.174   730361.327
  0.175   730361.334
  0.161   730361.341
  0.166   730361.348
  0.161   730361.355
  0.165   730361.362
  0.162   730361.368
  0.189   730361.375
  0.155   730361.382
  0.154   730361.389
  0.134   730361.396
  0.135   730361.403
  0.151   730361.410
  0.156   730361.417
  0.158   730361.424
  0.127   730361.431
  0.128   730361.438
  0.291   730361.445
  0.141   730361.452
  0.549   730361.459
  0.113   730361.466
  0.099   730361.473
  0.102   730361.479
  0.105   730361.486
  0.104   730361.493
  0.106   730361.500
  0.125   730361.507
  0.105   730361.514
  0.119   730361.521
  0.112   730361.528
  0.119   730361.535
  0.135   730361.542
  0.135   730361.549
  0.151   730361.556
  0.140   730361.563
  0.138   730361.570
  0.142   730361.577
  5.947   730361.584
  0.168   730361.591
  0.173   730361.598
  0.167   730361.605
  0.162   730361.611
  0.190   730361.618
  0.165   730361.625
  0.162   730361.632
  0.163   730361.639
  0.147   730361.646
  0.171   730361.653
  0.167   730361.660
  0.169   730361.667
  0.140   730361.674
  0.147   730361.681
  0.146   730361.688
  0.147   730361.695
  0.159   730361.702
  0.170   730361.709
  0.155   730361.716
  0.160   730361.723
  0.164   730361.729
  0.183   730361.736
  0.193   730361.743
  0.205   730361.750
  0.194   730361.757
  0.203   730361.764
  0.210   730361.771
  0.223   730361.778
  0.553   730361.785
  0.207   730361.792
  0.221   730361.799
  0.275   730361.806
  0.250   730361.813
  0.236   730361.820
  0.257   730361.827
  0.380   730361.834
  0.211   730361.841
  0.272   730361.848
  0.308   730361.855
  0.233   730361.861
  0.205   730361.868
  0.204   730361.875
  0.360   730361.882
  0.219   730361.889
  0.194   730361.896
  0.204   730361.903
  0.213   730361.910
  0.198   730361.917
  0.239   730361.924
  0.204   730361.931
  0.232   730361.938
  0.197   730361.945
  0.240   730361.952
  0.264   730361.959
  0.260   730361.966
  0.275   730361.973
  0.267   730361.980
  0.286   730361.986
  0.274   730361.993
