  0.175   730361.002
  0.093   730361.002
  0.172   730361.009
  0.168   730361.015
  0.170   730361.022
  0.190   730361.029
  0.179   730361.036
  0.178   730361.043
  0.173   730361.050
  0.184   730361.056
  0.179   730361.064
  0.183   730361.071
  0.194   730361.078
  0.194   730361.085
  0.201   730361.092
  0.192   730361.099
  0.189   730361.105
  0.185   730361.112
  0.203   730361.119
  0.204   730361.126
  0.216   730361.133
  0.195   730361.140
  0.190   730361.147
  0.199   730361.154
  0.184   730361.161
  0.206   730361.168
  0.188   730361.175
  0.204   730361.182
  0.189   730361.189
  0.203   730361.196
  0.188   730361.203
  0.168   730361.210
  3.742   730361.217
  0.220   730361.224
  0.171   730361.231
  0.172   730361.237
  0.169   730361.244
  0.169   730361.251
  0.165   730361.258
  0.170   730361.265
  0.149   730361.272
  0.163   730361.279
  0.157   730361.286
  0.145   730361.293
  0.157   730361.300
  0.157   730361.307
  0.146   730361.314
  0.145   730361.321
  0.141   730361.328
  0.138   730361.335
  0.159   730361.342
  0.138   730361.349
  0.142   730361.356
  0.152   730361.363
  0.163   730361.370
  0.135   730361.376
  0.142   730361.384
  0.148   730361.390
  0.155   730361.397
  0.148   730361.404
  0.182   730361.411
  0.149   730361.418
  0.176   730361.425
  0.159   730361.432
  0.203   730361.439
  0.154   730361.446
  0.200   730361.453
  0.172   730361.460
  0.197   730361.467
  0.180   730361.474
  0.172   730361.480
  0.202   730361.487
  0.188   730361.494
  0.171   730361.501
  0.187   730361.508
  0.206   730361.515
  0.216   730361.522
  0.223   730361.529
  0.217   730361.536
  0.240   730361.543
  0.235   730361.550
  0.245   730361.557
  0.241   730361.564
  0.250   730361.571
  0.257   730361.578
  0.286   730361.585
  0.285   730361.592
  0.268   730361.599
  0.313   730361.605
  0.322   730361.612
  0.317   730361.619
  0.320   730361.626
  0.310   730361.633
  0.289   730361.640
  0.293   730361.647
  0.332   730361.654
  0.344   730361.661
  0.374   730361.668
  0.314   730361.675
  0.326   730361.682
  0.336   730361.689
  0.362   730361.696
  0.336   730361.703
  0.307   730361.710
  3.512   730361.717
  0.354   730361.724
  0.393   730361.730
  0.357   730361.737
  0.401   730361.744
  0.375   730361.751
  0.385   730361.758
  0.358   730361.765
  0.368   730361.772
  0.382   730361.779
  0.377   730361.786
  0.385   730361.793
  0.392   730361.800
  0.400   730361.807
  0.437   730361.814
  0.450   730361.821
  0.502   730361.828
  0.613   730361.835
  0.598   730361.842
  0.561   730361.849
  0.685   730361.856
  0.679   730361.862
  0.597   730361.869
  0.582   730361.876
  0.548   730361.883
  0.518   730361.890
  0.533   730361.897
  0.546   730361.904
  0.467   730361.911
  0.501   730361.918
  0.450   730361.925
  0.493   730361.932
  0.456   730361.939
  0.436   730361.946
  0.338   730361.953
  0.369   730361.960
  0.405   730361.967
  0.388   730361.974
  0.420   730361.981
  0.358   730361.988
  0.321   730361.994
