  1.036   730194.001
  0.874   730194.008
  1.155   730194.015
  0.912   730194.022
  0.906   730194.029
    NaN   730194.037
  1.056   730194.043
  0.906   730194.050
  0.965   730194.057
  1.051   730194.064
  1.047   730194.071
  1.011   730194.078
  1.086   730194.084
  0.991   730194.092
  1.155   730194.099
  1.027   730194.106
  1.152   730194.112
  1.113   730194.120
  1.169   730194.126
  1.204   730194.133
  1.054   730194.140
  1.092   730194.147
  1.101   730194.154
  1.198   730194.162
  1.161   730194.168
  1.159   730194.175
  1.032   730194.181
  1.153   730194.189
  1.110   730194.196
  1.256   730194.203
  1.173   730194.210
  1.231   730194.217
  1.113   730194.224
  1.088   730194.231
  1.175   730194.238
  1.106   730194.245
  1.133   730194.251
  1.132   730194.258
  1.127   730194.265
  1.197   730194.272
  1.270   730194.279
  1.122   730194.287
  1.220   730194.293
  1.097   730194.299
  1.126   730194.307
  1.215   730194.313
  1.205   730194.320
  1.094   730194.330
  1.091   730194.337
  1.038   730194.342
  1.036   730194.348
  1.062   730194.355
  1.223   730194.362
  1.038   730194.370
  0.967   730194.376
  1.029   730194.383
  1.223   730194.390
  1.126   730194.397
  1.092   730194.404
  1.114   730194.412
  1.001   730194.418
  0.933   730194.425
  1.070   730194.432
  1.074   730194.439
  1.019   730194.445
  1.012   730194.454
  1.044   730194.460
  1.119   730194.467
  0.966   730194.474
  1.008   730194.481
  0.949   730194.487
  0.938   730194.495
  0.918   730194.501
  0.959   730194.508
  1.044   730194.515
  0.936   730194.522
  0.998   730194.529
    NaN   730194.537
  1.058   730194.543
  0.953   730194.549
  1.019   730194.557
  0.935   730194.563
  1.065   730194.571
  0.912   730194.578
  1.019   730194.584
  0.986   730194.591
  1.115   730194.598
  0.971   730194.605
  1.020   730194.613
  0.947   730194.619
  0.900   730194.626
  0.860   730194.633
  0.905   730194.640
  0.849   730194.647
  0.878   730194.654
  0.828   730194.661
  0.857   730194.667
  0.947   730194.675
  0.999   730194.682
  0.905   730194.689
  0.782   730194.696
  0.910   730194.703
  0.853   730194.709
  0.900   730194.717
  0.865   730194.724
  0.838   730194.731
  0.802   730194.738
  0.899   730194.745
  0.981   730194.751
  0.841   730194.758
  0.834   730194.765
  0.857   730194.772
  0.778   730194.778
  0.770   730194.787
  1.177   730194.793
  1.428   730194.799
  0.008   730194.807
  0.009   730194.814
  0.008   730194.820
  0.114   730194.828
  0.901   730194.835
  0.855   730194.842
  0.739   730194.849
  0.773   730194.856
  0.763   730194.863
  0.824   730194.870
  0.838   730194.876
  0.859   730194.883
  0.698   730194.890
  0.804   730194.897
  1.374   730194.904
  0.874   730194.912
  0.722   730194.918
  0.743   730194.925
  0.835   730194.931
  0.809   730194.939
  0.744   730194.946
  0.683   730194.953
  0.808   730194.960
  0.743   730194.967
  0.666   730194.974
  0.832   730194.980
  0.751   730194.988
  0.781   730194.995
