  0.040   730375.000
  0.010   730375.000
  0.034   730375.007
  0.037   730375.014
  0.041   730375.021
  0.034   730375.028
  0.038   730375.035
  0.041   730375.042
  0.040   730375.049
  0.039   730375.055
  0.040   730375.062
  0.043   730375.070
  0.039   730375.076
  0.036   730375.083
  0.032   730375.090
  0.034   730375.097
  0.036   730375.104
  0.036   730375.111
  2.032   730375.118
  0.036   730375.125
  0.037   730375.132
  0.048   730375.139
  0.035   730375.146
  0.038   730375.153
  0.039   730375.160
  0.037   730375.167
  0.034   730375.174
  0.038   730375.181
  0.036   730375.188
  0.032   730375.195
  0.034   730375.201
  0.036   730375.208
  0.033   730375.215
  0.032   730375.222
  0.028   730375.229
  0.033   730375.236
  0.036   730375.243
  0.035   730375.250
  0.034   730375.257
  0.035   730375.264
  0.037   730375.271
  0.031   730375.278
  0.034   730375.285
  0.036   730375.292
  0.034   730375.299
  0.033   730375.306
  0.036   730375.313
  0.038   730375.320
  0.031   730375.326
  0.038   730375.333
  0.032   730375.340
  0.037   730375.347
  0.035   730375.354
  0.036   730375.361
  0.035   730375.368
  0.034   730375.375
  0.034   730375.382
  0.031   730375.389
  0.037   730375.396
  0.037   730375.403
  0.032   730375.410
  0.033   730375.417
  0.032   730375.424
  0.031   730375.431
  0.032   730375.438
  0.032   730375.445
  0.029   730375.451
  0.035   730375.459
  0.035   730375.465
  0.033   730375.472
  0.033   730375.479
  0.035   730375.486
  0.030   730375.493
  0.033   730375.500
  0.034   730375.507
  0.034   730375.514
  0.031   730375.521
  0.031   730375.528
  0.029   730375.535
  0.033   730375.542
  0.034   730375.549
  0.029   730375.556
  0.035   730375.563
  0.032   730375.570
  0.033   730375.576
  0.034   730375.583
  0.031   730375.590
  0.032   730375.597
  0.035   730375.604
  0.031   730375.611
  2.076   730375.618
  0.033   730375.625
  0.028   730375.632
  0.027   730375.639
  0.035   730375.646
  0.030   730375.653
  0.029   730375.660
  0.032   730375.667
  0.026   730375.674
  0.034   730375.681
  0.031   730375.688
  0.031   730375.695
  0.033   730375.701
  0.032   730375.708
  0.030   730375.715
  0.030   730375.722
  0.029   730375.729
  0.033   730375.736
  0.030   730375.743
  0.030   730375.750
  0.030   730375.757
  0.030   730375.764
  0.030   730375.771
  0.033   730375.778
  0.031   730375.785
  0.029   730375.792
  0.030   730375.799
  0.035   730375.806
  0.030   730375.813
  0.029   730375.820
  0.026   730375.826
  0.032   730375.833
  0.029   730375.840
  0.033   730375.847
  0.033   730375.854
  0.029   730375.861
  0.031   730375.868
  0.030   730375.875
  0.030   730375.882
  0.028   730375.889
  0.032   730375.896
  0.031   730375.903
  0.028   730375.910
  0.031   730375.917
  0.030   730375.924
  0.031   730375.931
  0.028   730375.938
  0.028   730375.945
  0.032   730375.951
  0.030   730375.958
  0.032   730375.965
  0.028   730375.972
  0.030   730375.979
  0.030   730375.986
  0.031   730375.993
