  0.137   730375.001
  0.057   730375.001
  0.119   730375.008
  0.117   730375.014
  0.147   730375.021
  0.151   730375.029
  0.127   730375.036
  0.140   730375.042
  0.134   730375.049
  1.603   730375.056
  0.142   730375.063
  0.126   730375.070
  0.154   730375.077
  0.148   730375.084
  0.127   730375.091
  0.141   730375.098
  0.154   730375.105
  0.144   730375.112
  0.169   730375.119
  0.166   730375.125
  0.170   730375.132
  0.164   730375.139
  0.171   730375.146
  0.177   730375.154
  0.165   730375.160
  0.189   730375.167
  0.177   730375.174
  0.174   730375.181
  0.173   730375.188
  0.182   730375.195
  0.220   730375.202
  0.197   730375.209
  0.203   730375.216
  0.225   730375.223
  0.201   730375.230
  0.207   730375.237
  0.216   730375.244
  0.215   730375.251
  0.200   730375.257
  0.198   730375.264
  0.196   730375.271
  0.202   730375.279
  0.207   730375.285
  0.182   730375.292
  0.217   730375.299
  0.177   730375.306
  0.217   730375.313
  0.206   730375.320
  0.200   730375.327
  0.210   730375.334
  0.221   730375.341
  0.207   730375.348
  0.192   730375.355
  0.202   730375.362
  0.192   730375.369
  0.185   730375.375
  0.217   730375.382
  0.181   730375.389
  0.218   730375.396
  0.195   730375.404
  0.194   730375.410
  0.201   730375.417
  0.185   730375.424
  0.179   730375.431
  0.187   730375.438
  0.192   730375.445
  0.166   730375.452
  0.190   730375.459
  0.164   730375.466
  0.172   730375.473
  0.158   730375.480
  3.936   730375.487
  0.158   730375.494
  0.169   730375.500
  0.161   730375.507
  0.169   730375.514
  0.165   730375.521
  0.159   730375.529
  0.165   730375.535
  0.156   730375.542
  0.151   730375.549
  0.174   730375.556
  0.167   730375.563
  0.158   730375.570
  0.161   730375.577
  0.148   730375.584
  0.155   730375.591
  0.169   730375.598
  0.154   730375.605
  0.147   730375.612
  0.144   730375.619
  0.150   730375.625
  0.140   730375.632
  0.152   730375.639
  0.140   730375.646
  0.138   730375.654
  0.140   730375.660
  0.133   730375.667
  0.155   730375.674
  0.137   730375.681
  0.143   730375.688
  0.158   730375.695
  0.129   730375.702
  0.130   730375.709
  0.147   730375.716
  0.133   730375.723
  0.154   730375.730
  0.139   730375.737
  0.142   730375.744
  0.131   730375.751
  0.147   730375.757
  0.136   730375.764
  0.134   730375.771
  0.142   730375.779
  0.134   730375.785
  0.129   730375.792
  0.126   730375.799
  0.136   730375.806
  0.129   730375.813
  0.131   730375.820
  0.136   730375.827
  0.129   730375.834
  0.118   730375.841
  0.130   730375.848
  0.117   730375.855
  0.127   730375.862
  0.130   730375.869
  0.134   730375.875
  0.113   730375.882
  0.137   730375.889
  0.112   730375.896
  0.130   730375.904
  0.129   730375.910
  0.129   730375.917
  0.121   730375.924
  0.123   730375.931
  0.117   730375.938
  0.110   730375.945
  0.128   730375.952
  0.123   730375.959
  0.146   730375.966
  0.136   730375.973
  0.141   730375.980
  4.296   730375.987
  0.121   730375.994
