  0.400   730375.002
  0.246   730375.002
  0.386   730375.009
  0.406   730375.015
  0.371   730375.022
  0.358   730375.030
  0.388   730375.037
  0.332   730375.043
  0.318   730375.050
  0.298   730375.056
  0.338   730375.064
  0.400   730375.071
  0.330   730375.077
  0.335   730375.084
  0.352   730375.092
  0.344   730375.098
  0.349   730375.105
  0.316   730375.113
  0.351   730375.119
  0.362   730375.126
  0.388   730375.133
  0.399   730375.140
  0.404   730375.147
  0.384   730375.155
  0.402   730375.161
  0.381   730375.168
  0.395   730375.175
  0.395   730375.182
  0.400   730375.189
  0.397   730375.196
  0.390   730375.203
  0.451   730375.209
  0.497   730375.216
  0.522   730375.223
  0.506   730375.230
  0.510   730375.238
  0.552   730375.244
  0.573   730375.251
  0.605   730375.258
  0.678   730375.265
  0.598   730375.272
  3.252   730375.280
  0.595   730375.286
  0.633   730375.293
  0.628   730375.300
  0.565   730375.307
  0.594   730375.314
  0.657   730375.321
  0.541   730375.328
  0.655   730375.334
  0.567   730375.341
  0.604   730375.348
  0.617   730375.355
  0.527   730375.363
  0.535   730375.369
  0.600   730375.376
  0.503   730375.383
  0.527   730375.390
  0.492   730375.397
  0.534   730375.405
  0.551   730375.411
  0.491   730375.418
  0.468   730375.425
  0.491   730375.432
  0.519   730375.439
  0.520   730375.446
  0.535   730375.452
  0.447   730375.460
  0.476   730375.466
  0.500   730375.473
  0.473   730375.480
  0.528   730375.488
  0.496   730375.494
  0.511   730375.501
  0.550   730375.508
  0.462   730375.515
  0.501   730375.522
  0.439   730375.530
  0.486   730375.536
  0.496   730375.543
  0.460   730375.550
  0.456   730375.557
  0.528   730375.564
  0.496   730375.571
  0.514   730375.578
  0.439   730375.584
  0.459   730375.591
  0.452   730375.598
  0.499   730375.605
  0.468   730375.613
  0.533   730375.619
  0.484   730375.626
  0.454   730375.633
  0.408   730375.640
  0.505   730375.647
  0.464   730375.655
  0.596   730375.661
  0.530   730375.668
  0.443   730375.675
  0.461   730375.682
  0.410   730375.689
  0.463   730375.696
  0.447   730375.703
  0.442   730375.709
  0.460   730375.716
  0.480   730375.723
  0.458   730375.730
  0.474   730375.738
  0.462   730375.744
  0.500   730375.751
  0.438   730375.758
  0.461   730375.765
  0.529   730375.772
  5.838   730375.780
  0.467   730375.786
  0.463   730375.793
  0.462   730375.800
  0.473   730375.807
  0.407   730375.814
  0.531   730375.821
  0.480   730375.828
  0.482   730375.834
  0.544   730375.841
  0.547   730375.848
  0.499   730375.855
  0.518   730375.863
  0.524   730375.869
  0.480   730375.876
  0.545   730375.883
  0.549   730375.890
  0.524   730375.897
  0.485   730375.905
  0.511   730375.911
  0.561   730375.918
  0.516   730375.925
  0.564   730375.932
  0.537   730375.939
  0.504   730375.946
  0.437   730375.953
  0.577   730375.959
  0.541   730375.966
  0.505   730375.973
  0.533   730375.980
  0.564   730375.988
  0.514   730375.994
