  1.450   730257.007
  1.437   730257.014
  1.321   730257.020
  1.370   730257.027
  1.195   730257.034
  1.176   730257.042
  1.445   730257.048
  1.239   730257.055
  1.158   730257.062
  1.259   730257.069
  1.291   730257.076
  1.265   730257.083
  1.175   730257.090
  1.366   730257.097
  1.271   730257.104
  1.418   730257.111
  1.243   730257.118
  1.297   730257.125
  1.427   730257.132
  1.355   730257.139
  1.267   730257.145
  1.213   730257.152
  1.406   730257.159
  1.399   730257.167
  1.499   730257.173
  1.367   730257.180
  1.354   730257.187
  1.400   730257.194
  1.361   730257.201
  1.458   730257.208
  1.422   730257.215
  1.268   730257.222
  1.439   730257.229
  1.570   730257.236
  1.380   730257.243
  1.395   730257.250
  1.289   730257.257
  1.329   730257.264
  1.342   730257.270
  1.418   730257.277
  1.483   730257.284
  1.378   730257.292
  1.296   730257.298
  1.463   730257.305
  1.289   730257.312
  1.474   730257.319
  1.369   730257.326
  1.509   730257.333
  1.393   730257.340
  1.252   730257.347
  1.329   730257.354
  1.410   730257.361
  1.355   730257.368
  1.333   730257.375
  1.423   730257.382
  1.396   730257.389
  1.494   730257.395
  1.529   730257.402
  1.385   730257.409
  1.263   730257.417
  1.390   730257.423
  1.217   730257.430
  1.498   730257.437
  1.361   730257.444
  1.411   730257.451
  1.312   730257.458
  1.495   730257.465
  1.501   730257.472
 10.817   730257.479
  1.424   730257.486
  1.197   730257.493
  1.295   730257.500
  1.430   730257.507
  1.336   730257.514
  1.337   730257.521
  1.489   730257.527
  1.186   730257.534
  1.246   730257.542
  1.585   730257.548
  1.545   730257.555
  1.496   730257.562
  1.503   730257.569
  1.477   730257.576
  1.315   730257.583
  1.588   730257.590
  1.425   730257.597
  1.482   730257.604
  1.407   730257.611
  1.281   730257.618
  1.502   730257.625
  1.368   730257.632
  1.416   730257.639
  1.293   730257.645
  1.242   730257.652
  1.248   730257.659
  1.210   730257.673
  1.269   730257.680
  1.309   730257.687
  1.158   730257.694
  1.371   730257.701
  1.347   730257.708
  1.410   730257.715
  1.298   730257.722
  1.263   730257.729
  1.329   730257.736
  1.377   730257.743
  1.149   730257.750
  1.415   730257.757
  1.328   730257.764
  1.336   730257.778
  1.407   730257.784
  1.362   730257.792
  1.619   730257.798
  1.394   730257.805
  1.431   730257.812
  1.499   730257.819
  1.342   730257.826
  1.367   730257.833
  1.527   730257.840
  1.334   730257.847
  1.462   730257.854
  1.585   730257.861
  1.470   730257.868
  1.558   730257.875
  1.610   730257.882
  1.516   730257.889
  1.717   730257.895
  1.451   730257.902
  1.669   730257.909
  1.702   730257.917
  1.245   730257.923
  1.624   730257.930
  1.334   730257.937
  1.540   730257.944
  1.458   730257.951
  1.147   730257.958
  1.366   730257.965
  1.231   730257.972
 12.660   730257.979
  1.446   730257.986
  1.427   730257.993
