  7.562   730214.000
  6.107   730214.125
  5.740   730214.132
  5.139   730214.138
  6.138   730214.145
  5.722   730214.152
  5.022   730214.159
  6.035   730214.167
  5.424   730214.167
  5.362   730214.173
  5.544   730214.180
  5.136   730214.187
  5.489   730214.194
  5.332   730214.201
  5.084   730214.208
  4.817   730214.215
  5.009   730214.222
  4.848   730214.229
  4.728   730214.236
  4.991   730214.243
  4.901   730214.250
  5.127   730214.257
  4.331   730214.263
  5.319   730214.270
  4.581   730214.277
  5.248   730214.285
  5.115   730214.291
  5.285   730214.298
  5.144   730214.305
  4.845   730214.312
 16.502   730214.319
  4.564   730214.326
  4.881   730214.333
  4.464   730214.340
  5.255   730214.347
  5.400   730214.354
  4.956   730214.361
  5.705   730214.368
  4.526   730214.375
  4.842   730214.382
  5.165   730214.388
  5.411   730214.395
  5.312   730214.402
  5.196   730214.409
  5.441   730214.416
  5.705   730214.423
  6.276   730214.430
  5.618   730214.437
  5.704   730214.444
  6.283   730214.451
  5.980   730214.458
  5.417   730214.465
  6.228   730214.472
  6.567   730214.479
  6.237   730214.486
  6.435   730214.493
  5.642   730214.500
  6.271   730214.507
  7.527   730214.513
 15.297   730214.520
  5.529   730214.527
  5.745   730214.534
  5.960   730214.541
  6.845   730214.548
  5.737   730214.555
  5.592   730214.562
  6.079   730214.569
  9.021   730214.576
  6.455   730214.583
  9.887   730214.590
  5.918   730214.597
  5.753   730214.604
  5.952   730214.611
  6.491   730214.618
  6.504   730214.625
  6.554   730214.632
  6.470   730214.638
  7.742   730214.645
  7.384   730214.652
  9.673   730214.659
 10.047   730214.666
  9.731   730214.673
 11.507   730214.680
  9.556   730214.687
 10.144   730214.694
 10.830   730214.701
 12.552   730214.708
 10.948   730214.715
 11.084   730214.722
 12.030   730214.729
 12.380   730214.736
 14.134   730214.743
 12.284   730214.750
 13.353   730214.757
 12.588   730214.763
 12.571   730214.770
 13.037   730214.777
 13.644   730214.784
 14.530   730214.791
 18.034   730214.798
 12.935   730214.805
 13.357   730214.812
 14.376   730214.819
 12.821   730214.826
 11.775   730214.833
 12.802   730214.840
 11.197   730214.847
 13.044   730214.854
 12.143   730214.861
 13.692   730214.868
 13.763   730214.875
 12.944   730214.882
 10.201   730214.888
 13.028   730214.895
 12.066   730214.902
 12.037   730214.910
 12.013   730214.917
 10.481   730214.923
 11.584   730214.930
 10.123   730214.937
 11.235   730214.944
 10.112   730214.951
 10.416   730214.958
 10.303   730214.965
 10.152   730214.972
  8.895   730214.979
 11.181   730214.986
  9.222   730214.993
