  0.530   730214.126
  0.480   730214.132
  0.433   730214.139
  0.463   730214.146
  0.488   730214.153
  0.464   730214.160
  0.501   730214.168
  0.499   730214.169
  0.427   730214.174
  0.368   730214.181
  0.439   730214.188
  0.450   730214.195
  0.388   730214.202
  0.326   730214.209
  0.406   730214.215
  0.405   730214.222
  0.417   730214.229
  0.394   730214.236
  0.421   730214.243
  0.458   730214.251
  0.459   730214.257
  0.511   730214.264
  0.491   730214.271
  0.460   730214.278
  0.472   730214.286
  0.465   730214.293
  0.530   730214.299
  0.535   730214.306
  0.486   730214.313
  0.505   730214.320
  0.462   730214.327
  0.478   730214.334
  0.436   730214.340
  0.508   730214.347
  0.425   730214.354
  0.397   730214.361
  0.468   730214.368
  0.404   730214.376
  0.450   730214.382
  0.383   730214.389
  0.447   730214.396
  0.387   730214.403
  0.408   730214.410
  0.414   730214.418
  0.367   730214.424
  0.389   730214.431
  0.387   730214.438
  0.386   730214.445
  0.435   730214.452
  0.414   730214.459
  0.389   730214.465
  0.390   730214.472
  0.445   730214.479
  0.408   730214.486
  0.430   730214.493
  0.461   730214.501
  0.386   730214.507
  0.479   730214.514
  0.494   730214.521
  0.467   730214.528
  0.539   730214.535
  0.417   730214.542
  0.462   730214.549
  0.461   730214.556
  0.474   730214.563
  0.500   730214.570
  0.470   730214.577
  0.535   730214.584
  0.612   730214.590
  0.482   730214.597
  0.493   730214.604
  0.485   730214.611
  0.491   730214.618
  0.446   730214.626
  0.453   730214.632
  0.517   730214.639
  0.496   730214.646
  0.456   730214.653
  0.427   730214.660
    NaN   730214.668
    NaN   730214.674
  0.461   730214.681
  0.397   730214.688
  0.467   730214.695
  0.461   730214.702
  0.481   730214.709
  0.442   730214.715
  0.517   730214.722
  0.505   730214.729
  0.511   730214.736
  0.592   730214.744
  0.549   730214.751
  0.611   730214.757
  0.576   730214.764
  0.518   730214.771
  0.628   730214.778
  0.621   730214.785
  0.649   730214.793
  0.661   730214.799
  0.625   730214.806
  0.644   730214.813
  0.681   730214.820
  0.628   730214.827
  0.680   730214.834
  0.682   730214.840
  0.716   730214.847
  0.739   730214.854
  0.772   730214.861
  0.741   730214.868
  0.790   730214.876
  0.791   730214.882
  0.791   730214.889
  0.854   730214.896
  0.938   730214.903
  0.903   730214.911
  1.052   730214.918
  0.987   730214.924
  1.014   730214.931
  1.219   730214.938
  1.134   730214.945
  1.103   730214.952
  1.102   730214.959
  1.136   730214.965
  1.148   730214.972
  1.146   730214.979
  1.292   730214.986
  1.359   730214.993
