  0.089   730214.126
  0.105   730214.132
  0.083   730214.139
  0.084   730214.146
  0.083   730214.153
  0.086   730214.160
  0.083   730214.168
  0.080   730214.169
  0.093   730214.174
  0.083   730214.181
  0.089   730214.188
  0.091   730214.195
  0.084   730214.202
  0.076   730214.209
  0.080   730214.215
  0.117   730214.222
  0.085   730214.229
  0.096   730214.236
  0.084   730214.243
  0.092   730214.251
  0.087   730214.257
  0.102   730214.264
  0.086   730214.271
  0.099   730214.278
  0.094   730214.286
  0.114   730214.293
  0.125   730214.299
  0.109   730214.306
  0.110   730214.313
  0.140   730214.320
  0.115   730214.327
  0.089   730214.334
  0.095   730214.340
  0.126   730214.347
  0.093   730214.354
  0.093   730214.361
  0.096   730214.368
  0.084   730214.376
  0.090   730214.382
  0.111   730214.389
  0.095   730214.396
  0.085   730214.403
  0.080   730214.410
  0.083   730214.418
  0.082   730214.424
  0.086   730214.431
  0.076   730214.438
  0.072   730214.445
  0.086   730214.452
  0.074   730214.459
  0.079   730214.465
  0.091   730214.472
  0.090   730214.479
  0.097   730214.486
  0.104   730214.493
  0.093   730214.501
  0.090   730214.507
  0.150   730214.514
  0.090   730214.521
  0.102   730214.528
  0.102   730214.535
  0.101   730214.542
  0.106   730214.549
  0.105   730214.556
  0.093   730214.563
  0.109   730214.570
  0.093   730214.577
  0.091   730214.584
  0.155   730214.590
  0.128   730214.597
  0.086   730214.604
  0.094   730214.611
  0.085   730214.618
  0.085   730214.626
  0.092   730214.632
  0.119   730214.639
  0.087   730214.646
  0.076   730214.653
  0.081   730214.660
  0.086   730214.668
  0.093   730214.674
  0.101   730214.681
  0.086   730214.688
  0.091   730214.695
  0.083   730214.702
  0.081   730214.709
  0.091   730214.715
  0.103   730214.722
  0.103   730214.729
  0.105   730214.736
  0.105   730214.744
  0.089   730214.751
  0.125   730214.757
  0.134   730214.764
  0.103   730214.771
  0.134   730214.778
  0.120   730214.785
  0.117   730214.793
  0.118   730214.799
  0.143   730214.806
  0.144   730214.813
  0.160   730214.820
  0.154   730214.827
  0.160   730214.834
  0.169   730214.840
  0.139   730214.847
  0.152   730214.854
  0.151   730214.861
  0.168   730214.868
  0.162   730214.876
  0.176   730214.882
  0.158   730214.889
  0.186   730214.896
  0.177   730214.903
  0.191   730214.911
  0.218   730214.918
  0.213   730214.924
  0.212   730214.931
  0.231   730214.938
  0.217   730214.945
  0.245   730214.952
  0.227   730214.959
  0.206   730214.965
  0.245   730214.972
  0.243   730214.979
  0.242   730214.986
  0.229   730214.993
