  0.000   730214.126
  9.379   730214.132
  0.000   730214.139
  0.881   730214.146
  0.000   730214.153
  0.000   730214.160
  0.000   730214.168
  9.196   730214.168
  0.000   730214.174
  0.000   730214.181
  0.003   730214.188
  0.000   730214.195
  0.000   730214.201
  0.000   730214.209
  0.019   730214.215
  0.000   730214.222
  8.861   730214.229
  0.000   730214.236
  0.000   730214.243
  0.000   730214.251
  2.472   730214.257
  0.000   730214.264
  2.472   730214.271
  0.000   730214.278
  0.000   730214.285
  0.000   730214.292
  0.000   730214.299
  0.000   730214.306
  6.967   730214.312
 15.292   730214.319
  0.000   730214.326
  0.000   730214.334
  4.019   730214.340
  0.000   730214.347
  3.388   730214.354
  0.000   730214.361
  0.000   730214.368
  0.000   730214.376
  0.000   730214.382
  0.000   730214.389
  3.455   730214.396
  0.000   730214.403
  0.000   730214.410
  0.000   730214.417
  2.532   730214.424
  0.000   730214.431
  0.213   730214.438
  0.000   730214.444
  0.000   730214.452
  0.000   730214.459
  2.744   730214.465
  0.000   730214.472
  9.085   730214.479
  3.768   730214.486
  0.000   730214.493
  0.000   730214.501
  6.929   730214.507
 20.994   730214.514
  0.881   730214.521
  9.047   730214.528
  0.772   730214.535
  0.000   730214.542
  0.000   730214.549
  0.000   730214.556
  0.000   730214.562
  4.389   730214.569
 13.279   730214.577
  0.000   730214.584
 22.525   730214.590
  0.000   730214.597
  0.000   730214.604
  0.000   730214.611
  0.000   730214.618
  0.000   730214.626
  5.077   730214.632
  0.000   730214.639
  0.000   730214.646
  0.000   730214.653
  0.000   730214.660
  0.000   730214.667
 12.366   730214.674
  0.000   730214.681
 11.235   730214.687
  0.000   730214.694
  0.000   730214.701
  0.000   730214.709
 10.607   730214.715
  0.000   730214.722
 11.941   730214.729
  0.000   730214.736
  0.000   730214.744
  0.000   730214.751
 12.813   730214.757
  0.000   730214.764
 12.351   730214.771
  0.000   730214.778
  0.000   730214.785
  0.000   730214.792
  3.730   730214.799
  0.000   730214.806
 10.749   730214.812
  0.000   730214.819
  0.000   730214.826
  0.000   730214.834
  0.000   730214.840
  0.000   730214.847
 12.519   730214.854
  0.000   730214.861
  0.000   730214.868
  0.000   730214.876
  0.000   730214.882
  0.000   730214.889
 12.831   730214.896
  0.000   730214.903
  2.775   730214.910
  0.000   730214.918
  9.269   730214.924
  0.000   730214.931
 12.809   730214.937
  0.000   730214.944
  0.000   730214.951
  0.000   730214.959
 12.493   730214.965
  0.000   730214.972
 11.958   730214.979
  0.017   730214.986
  0.000   730214.993
