  0.812   730214.126
  3.428   730214.132
  0.878   730214.139
 28.437   730214.146
  0.948   730214.153
  0.841   730214.160
  0.714   730214.168
  0.750   730214.170
  0.784   730214.175
  0.721   730214.181
  0.733   730214.188
  0.786   730214.195
  0.742   730214.202
  0.779   730214.210
  0.852   730214.216
  0.874   730214.223
  0.858   730214.230
  0.941   730214.236
  0.742   730214.243
  0.823   730214.251
  0.817   730214.257
  0.864   730214.264
  0.852   730214.271
  0.893   730214.278
  0.824   730214.286
  0.889   730214.293
  0.832   730214.299
  0.960   730214.306
  0.819   730214.313
  0.884   730214.320
  0.801   730214.327
  0.866   730214.335
  0.866   730214.341
  0.983   730214.348
  0.935   730214.355
  0.895   730214.361
  0.912   730214.368
  0.898   730214.376
  0.975   730214.382
  0.934   730214.389
  0.908   730214.396
  0.897   730214.403
  0.974   730214.410
    NaN   730214.418
  0.802   730214.424
  0.919   730214.431
  0.946   730214.438
  0.988   730214.445
  1.145   730214.453
  1.019   730214.460
  0.979   730214.466
  0.988   730214.473
  1.167   730214.480
  1.115   730214.486
  1.062   730214.493
  1.175   730214.501
  1.211   730214.507
  1.115   730214.514
  1.188   730214.521
  1.133   730214.528
  1.134   730214.535
  1.190   730214.543
  1.054   730214.549
  1.120   730214.556
  1.025   730214.563
  0.962   730214.570
  1.105   730214.578
  1.138   730214.585
  1.124   730214.591
  1.128   730214.598
  1.050   730214.605
  1.068   730214.611
  1.042   730214.618
  1.044   730214.627
  1.282   730214.632
  1.182   730214.639
  1.178   730214.646
  1.115   730214.653
  1.158   730214.660
  1.007   730214.668
  1.081   730214.674
  1.082   730214.681
  1.111   730214.688
  1.050   730214.695
  1.161   730214.702
  1.057   730214.710
  1.094   730214.716
  1.184   730214.723
  1.110   730214.730
  1.141   730214.736
  1.217   730214.744
  1.075   730214.752
  1.027   730214.757
  1.130   730214.764
  1.230   730214.771
  1.048   730214.778
  1.110   730214.785
  1.188   730214.793
  0.960   730214.799
  1.013   730214.806
  0.942   730214.813
  1.113   730214.820
  1.159   730214.827
  0.915   730214.835
  1.042   730214.841
  0.989   730214.848
  1.033   730214.855
  0.983   730214.862
  1.103   730214.868
  0.967   730214.876
  1.010   730214.882
  0.959   730214.889
  1.039   730214.896
  1.003   730214.903
  0.972   730214.911
  1.086   730214.919
  1.115   730214.924
  0.917   730214.931
  1.035   730214.938
  0.996   730214.945
  1.081   730214.952
  0.939   730214.960
  1.025   730214.966
  1.028   730214.973
  1.041   730214.980
  1.162   730214.987
  1.023   730214.993
