  1.580   730214.126
  1.583   730214.132
  1.635   730214.139
  1.676   730214.146
  1.855   730214.153
  1.625   730214.160
  1.674   730214.168
  1.726   730214.170
  1.897   730214.175
  1.535   730214.181
  1.800   730214.188
  1.496   730214.195
  1.645   730214.202
  1.648   730214.210
  1.619   730214.216
  1.419   730214.223
  1.503   730214.230
  1.478   730214.236
  1.557   730214.243
  1.577   730214.251
  1.494   730214.257
  1.624   730214.264
  1.544   730214.271
  1.528   730214.278
  1.490   730214.286
  1.626   730214.293
  1.640   730214.299
  1.483   730214.306
  1.510   730214.313
  1.471   730214.320
  1.651   730214.327
  1.445   730214.335
  1.587   730214.341
  1.704   730214.348
  1.566   730214.355
  1.664   730214.361
  1.671   730214.368
  1.574   730214.376
  1.802   730214.382
  1.771   730214.389
  1.717   730214.396
  1.680   730214.403
  1.827   730214.410
  1.890   730214.418
  1.984   730214.424
  1.893   730214.431
  2.805   730214.438
  2.019   730214.445
  2.249   730214.453
  2.435   730214.460
  2.173   730214.466
  2.331   730214.473
  2.781   730214.480
  2.912   730214.486
  2.666   730214.493
  2.469   730214.501
  2.770   730214.507
  3.202   730214.514
  2.227   730214.521
  2.261   730214.528
  2.619   730214.535
  2.457   730214.543
  2.582   730214.549
  2.337   730214.556
  3.038   730214.563
  2.251   730214.570
  2.400   730214.578
  2.283   730214.585
    NaN   730214.591
  2.404   730214.598
  2.251   730214.605
  2.518   730214.611
  2.543   730214.618
  2.364   730214.627
  2.639   730214.632
  2.754   730214.639
  2.343   730214.646
  2.265   730214.653
  2.750   730214.660
  2.256   730214.668
  2.373   730214.674
  2.474   730214.681
  2.489   730214.688
  2.208   730214.695
  2.262   730214.702
  2.465   730214.710
  2.286   730214.716
  2.142   730214.723
  2.336   730214.730
  2.176   730214.736
  2.211   730214.744
  1.994   730214.752
  2.354   730214.757
  2.195   730214.764
  2.414   730214.771
  1.969   730214.778
  1.944   730214.785
  2.406   730214.793
  2.085   730214.799
  2.365   730214.806
  2.013   730214.813
  2.157   730214.820
  2.122   730214.827
  1.906   730214.835
  2.151   730214.841
  1.975   730214.848
  2.071   730214.855
  2.057   730214.862
  2.063   730214.868
  2.170   730214.876
  1.966   730214.882
  1.998   730214.889
  1.832   730214.896
  2.145   730214.903
  2.120   730214.911
  1.996   730214.919
  2.154   730214.924
  1.937   730214.931
  1.952   730214.938
  1.757   730214.945
  2.043   730214.952
  1.791   730214.960
  2.020   730214.966
  1.941   730214.973
  2.153   730214.980
  1.949   730214.987
  2.047   730214.993
