  0.910   730008.000
  1.050   730008.000
  0.650   730008.010
  0.630   730008.020
  0.770   730008.030
  0.760   730008.030
  0.540   730008.040
  0.480   730008.050
  0.410   730008.050
  0.260   730008.060
  0.330   730008.070
  0.450   730008.070
  0.560   730008.080
  0.460   730008.090
  0.290   730008.100
  0.320   730008.100
  0.340   730008.110
  0.410   730008.120
  0.570   730008.120
  0.650   730008.130
  0.710   730008.140
  0.840   730008.140
  0.670   730008.150
  0.780   730008.160
  0.840   730008.160
  0.960   730008.170
  0.960   730008.180
  0.750   730008.180
  0.750   730008.190
  0.620   730008.200
  0.660   730008.210
  0.710   730008.210
  0.740   730008.220
  0.540   730008.230
  0.390   730008.230
  0.540   730008.240
  0.500   730008.250
  0.320   730008.250
  0.360   730008.260
  0.520   730008.270
  0.390   730008.280
  0.340   730008.280
  0.450   730008.290
  0.400   730008.300
  0.440   730008.300
  0.420   730008.310
  0.450   730008.320
  0.320   730008.320
  0.290   730008.330
  0.290   730008.340
  0.250   730008.350
  0.310   730008.350
  0.240   730008.360
  0.300   730008.370
  0.350   730008.370
  0.330   730008.380
  0.270   730008.390
  0.360   730008.390
  0.330   730008.400
  0.310   730008.410
  0.280   730008.410
  0.270   730008.420
  0.290   730008.430
  0.410   730008.430
  0.380   730008.440
  0.320   730008.450
  0.270   730008.460
  0.260   730008.460
  0.250   730008.470
  0.250   730008.480
  0.250   730008.480
  0.220   730008.490
  0.190   730008.500
  0.180   730008.500
  0.210   730008.510
  0.210   730008.520
  0.190   730008.530
  0.220   730008.530
  0.250   730008.540
  0.250   730008.550
  0.260   730008.550
  0.210   730008.560
  0.190   730008.570
  0.180   730008.570
  0.190   730008.580
  0.190   730008.590
  0.190   730008.600
  0.200   730008.600
  0.210   730008.610
  0.210   730008.620
  0.290   730008.620
  0.310   730008.630
  0.260   730008.640
  0.240   730008.640
  0.240   730008.650
  0.220   730008.660
  0.260   730008.660
  0.230   730008.670
  0.190   730008.680
  0.180   730008.690
  0.200   730008.690
  0.240   730008.700
  0.240   730008.710
  0.340   730008.710
  0.180   730008.720
  0.180   730008.730
  0.160   730008.730
  0.170   730008.740
  0.210   730008.750
  0.200   730008.750
  0.230   730008.760
  0.210   730008.770
  0.270   730008.780
  0.250   730008.780
  0.320   730008.790
  0.170   730008.800
  0.150   730008.800
  0.160   730008.810
  0.150   730008.820
  0.160   730008.820
  0.150   730008.830
  0.150   730008.840
  0.140   730008.850
  0.160   730008.850
  0.160   730008.860
  0.150   730008.870
  0.150   730008.870
  0.140   730008.880
  0.220   730008.890
  0.350   730008.890
  0.190   730008.900
  0.180   730008.910
  0.320   730008.910
  0.230   730008.920
  0.200   730008.930
  0.160   730008.940
  0.170   730008.940
  0.240   730008.950
  0.270   730008.960
  0.290   730008.980
  0.290   730008.980
  0.200   730008.990
