  0.950   730008.000
  0.960   730008.000
  0.890   730008.010
  0.990   730008.020
  1.020   730008.030
  1.050   730008.030
  0.940   730008.040
  0.970   730008.050
  0.970   730008.050
  1.090   730008.060
  1.080   730008.070
  1.020   730008.070
  1.190   730008.080
  1.120   730008.090
  1.020   730008.100
  1.110   730008.100
  1.010   730008.110
  1.150   730008.120
  1.180   730008.120
  1.260   730008.130
  1.060   730008.140
  1.160   730008.140
  1.310   730008.150
  1.260   730008.160
  1.210   730008.160
  1.300   730008.170
  1.270   730008.180
  1.410   730008.190
  1.340   730008.190
  1.440   730008.200
  1.440   730008.210
  1.450   730008.210
  1.720   730008.220
  1.710   730008.230
  1.550   730008.230
  1.610   730008.240
  1.730   730008.250
  1.640   730008.250
  1.730   730008.260
  1.740   730008.270
  1.660   730008.280
  1.500   730008.280
  1.560   730008.290
  1.540   730008.300
  1.630   730008.300
  1.470   730008.310
  1.470   730008.320
  1.500   730008.320
  1.440   730008.330
  1.440   730008.340
  1.390   730008.350
  1.350   730008.350
  1.430   730008.360
  1.350   730008.370
  1.430   730008.370
  1.450   730008.380
    NaN   730008.390
    NaN   730008.390
  1.360   730008.400
  1.380   730008.410
  1.310   730008.410
  1.290   730008.420
  1.630   730008.430
  1.480   730008.440
  1.460   730008.440
  1.490   730008.450
  1.360   730008.460
  1.310   730008.460
  1.330   730008.470
  1.280   730008.480
  1.410   730008.480
  1.360   730008.490
  1.400   730008.500
  1.340   730008.500
  1.450   730008.510
  1.280   730008.520
  1.210   730008.530
  1.400   730008.530
  1.360   730008.540
  1.400   730008.550
  1.440   730008.550
  1.360   730008.560
  1.300   730008.570
  1.400   730008.570
  1.270   730008.580
  1.530   730008.590
  1.340   730008.600
  1.230   730008.600
  1.310   730008.610
  1.460   730008.620
  1.300   730008.620
  1.320   730008.630
  1.550   730008.640
  1.350   730008.640
  1.350   730008.650
  1.290   730008.660
  1.310   730008.670
  1.410   730008.670
  1.390   730008.680
  1.320   730008.690
  1.430   730008.690
  1.450   730008.700
  1.420   730008.710
  1.480   730008.710
  1.310   730008.720
  1.340   730008.730
  1.440   730008.730
  1.290   730008.740
  1.290   730008.750
  1.290   730008.750
  1.300   730008.760
  1.230   730008.770
  1.280   730008.780
  1.250   730008.780
  1.230   730008.790
  1.190   730008.800
  1.130   730008.810
  0.970   730008.810
  1.140   730008.820
  1.080   730008.820
  1.070   730008.830
  1.040   730008.840
  1.180   730008.850
  1.070   730008.850
  1.010   730008.860
  1.090   730008.870
  1.120   730008.870
  1.020   730008.880
    NaN   730008.890
    NaN   730008.890
  0.940   730008.900
  1.040   730008.910
  1.950   730008.920
  1.070   730008.920
  0.930   730008.930
  0.980   730008.940
  1.000   730008.940
  0.980   730008.950
  1.010   730008.960
  1.080   730008.960
  1.030   730008.970
  0.930   730008.980
  0.890   730008.980
  1.000   730008.990
