  0.151   730236.002
  0.303   730236.007
  0.364   730236.014
  0.318   730236.021
  0.370   730236.028
  0.293   730236.035
  0.293   730236.042
  0.283   730236.049
  0.298   730236.056
  0.270   730236.063
  0.274   730236.070
  0.271   730236.076
  7.277   730236.084
 10.354   730236.091
  0.263   730236.097
  0.267   730236.104
  0.241   730236.111
  0.255   730236.118
  0.255   730236.126
  0.238   730236.132
  0.255   730236.139
  0.243   730236.146
  0.239   730236.153
  0.226   730236.160
  0.233   730236.167
  0.232   730236.174
  0.260   730236.181
  0.239   730236.188
  0.207   730236.195
  0.208   730236.201
  0.229   730236.209
  0.230   730236.215
  0.232   730236.222
  0.229   730236.229
  0.223   730236.236
  0.214   730236.243
  0.235   730236.251
  0.219   730236.257
  0.201   730236.264
  0.219   730236.271
  0.206   730236.278
  0.202   730236.285
  0.221   730236.292
  0.185   730236.299
  0.225   730236.306
  0.183   730236.313
  0.200   730236.320
  0.193   730236.326
  0.203   730236.334
  0.175   730236.340
  0.216   730236.347
  0.200   730236.354
  0.195   730236.361
  0.184   730236.368
  0.195   730236.376
  0.182   730236.382
  0.196   730236.389
  0.199   730236.396
  0.196   730236.403
  0.204   730236.410
  0.171   730236.417
  0.181   730236.424
  0.207   730236.431
  0.181   730236.438
  0.186   730236.445
  0.170   730236.451
  0.165   730236.459
  0.197   730236.465
  0.205   730236.472
  0.180   730236.479
  0.175   730236.486
  0.203   730236.493
  0.195   730236.501
  0.190   730236.507
  0.179   730236.514
  0.176   730236.521
  0.185   730236.528
  0.222   730236.535
  0.219   730236.542
  0.229   730236.549
  0.202   730236.556
  0.239   730236.563
  0.265   730236.570
  0.228   730236.576
  9.890   730236.584
  7.290   730236.590
  0.241   730236.597
  0.258   730236.604
  0.255   730236.611
  0.290   730236.618
  0.273   730236.626
  0.271   730236.632
  0.293   730236.639
  0.275   730236.646
  0.242   730236.653
  0.288   730236.660
  0.270   730236.668
  0.307   730236.674
  0.263   730236.681
  0.251   730236.688
  0.244   730236.695
  0.255   730236.702
  0.276   730236.709
  0.257   730236.715
  0.255   730236.722
  0.280   730236.729
  0.238   730236.736
  0.262   730236.743
  0.260   730236.751
  0.254   730236.757
  0.251   730236.764
  0.275   730236.771
  0.279   730236.778
  0.248   730236.785
  0.261   730236.793
  0.240   730236.799
  0.229   730236.806
  0.268   730236.813
  0.304   730236.820
  0.227   730236.827
  0.216   730236.836
  0.227   730236.840
  0.214   730236.847
  0.213   730236.854
  0.197   730236.861
  0.242   730236.868
  0.216   730236.876
  0.201   730236.882
  0.200   730236.889
  0.216   730236.896
  0.207   730236.903
  0.215   730236.910
  0.180   730236.918
  0.180   730236.924
  0.213   730236.931
  0.197   730236.938
  0.189   730236.945
  0.306   730236.952
  0.191   730236.960
  0.207   730236.965
  0.192   730236.972
  0.193   730236.980
  0.182   730236.987
  0.195   730236.993
