  3.208   730236.006
  0.039   730236.006
  7.213   730236.006
  7.679   730236.013
  7.341   730236.020
  7.407   730236.027
  5.927   730236.034
  6.366   730236.041
  5.787   730236.048
  5.972   730236.055
  6.415   730236.062
  5.544   730236.069
  4.826   730236.076
  8.597   730236.083
  4.694   730236.090
  4.210   730236.097
  2.894   730236.104
  2.522   730236.110
  2.257   730236.117
  1.860   730236.124
  1.440   730236.124
  2.333   730236.131
  4.441   730236.138
  4.358   730236.145
  4.403   730236.152
  3.046   730236.159
  2.489   730236.166
  1.953   730236.173
  2.077   730236.180
  2.696   730236.187
  3.131   730236.194
  2.221   730236.201
  2.386   730236.208
  2.183   730236.215
  2.161   730236.222
  2.888   730236.229
  4.023   730236.235
  3.487   730236.242
  3.325   730236.249
  4.378   730236.256
  4.860   730236.263
  6.182   730236.270
  6.213   730236.277
  5.896   730236.284
  5.874   730236.291
  6.711   730236.298
  5.383   730236.305
  6.571   730236.312
  4.868   730236.319
  4.905   730236.326
  5.874   730236.333
  6.960   730236.340
  7.156   730236.347
  4.489   730236.354
  6.903   730236.360
  6.006   730236.367
  8.988   730236.374
  6.791   730236.381
 10.338   730236.388
  8.093   730236.395
  6.090   730236.402
  4.233   730236.409
  6.721   730236.416
  7.607   730236.423
  3.508   730236.430
  6.030   730236.437
 10.008   730236.444
  7.688   730236.451
  3.141   730236.458
  6.647   730236.465
  5.866   730236.472
  8.772   730236.479
  6.671   730236.485
  7.253   730236.492
  7.246   730236.499
  7.846   730236.506
  8.422   730236.513
  7.542   730236.520
  6.263   730236.527
  7.290   730236.534
  5.237   730236.541
  8.355   730236.548
  9.582   730236.555
  8.206   730236.562
  7.565   730236.569
  5.170   730236.576
 10.409   730236.583
  7.804   730236.590
  7.521   730236.597
  8.528   730236.604
  9.940   730236.610
 10.984   730236.617
  9.826   730236.624
  9.986   730236.631
  9.982   730236.638
  9.627   730236.645
  9.226   730236.652
  7.520   730236.659
  8.397   730236.666
  8.482   730236.673
  4.473   730236.680
  9.723   730236.687
  6.264   730236.694
  7.323   730236.701
  5.913   730236.708
  9.085   730236.715
  8.246   730236.722
  7.594   730236.729
  7.406   730236.735
  8.012   730236.742
  4.263   730236.749
  5.740   730236.756
  2.955   730236.763
  7.093   730236.770
  6.678   730236.777
 10.609   730236.784
 12.483   730236.791
  7.912   730236.798
  5.139   730236.805
  6.338   730236.812
  7.701   730236.819
  3.079   730236.826
  6.745   730236.833
  5.033   730236.840
  0.605   730236.847
  0.562   730236.854
  3.473   730236.860
  0.650   730236.867
  1.608   730236.874
  8.070   730236.881
  6.426   730236.888
  8.449   730236.895
  5.788   730236.902
  7.366   730236.909
  3.185   730236.916
  4.431   730236.923
  3.248   730236.930
  2.227   730236.937
  1.637   730236.944
  5.844   730236.951
  4.602   730236.958
  4.216   730236.965
  3.860   730236.972
  7.089   730236.979
  7.166   730236.986
  5.953   730236.992
  5.580   730236.999
