  0.400   729983.000
  0.330   729983.010
  0.280   729983.010
  0.490   729983.020
  0.970   729983.030
  0.770   729983.030
  0.360   729983.040
  0.890   729983.050
  4.190   729983.050
  0.500   729983.060
  0.300   729983.070
  0.270   729983.070
  0.280   729983.080
  0.240   729983.090
  0.270   729983.100
  0.250   729983.100
  0.240   729983.110
  0.250   729983.120
  0.220   729983.120
  0.320   729983.130
  0.270   729983.140
  0.270   729983.140
  0.290   729983.150
  0.260   729983.160
  0.240   729983.170
  0.280   729983.170
  0.260   729983.180
  0.240   729983.190
  0.310   729983.190
  0.320   729983.200
  0.310   729983.210
  0.410   729983.210
  0.320   729983.220
  0.270   729983.230
  0.270   729983.230
  0.260   729983.240
  0.220   729983.250
  0.350   729983.260
  0.260   729983.260
  0.270   729983.270
  5.630   729983.280
  1.650   729983.280
  0.270   729983.290
  0.280   729983.300
  0.250   729983.300
  0.310   729983.310
  0.310   729983.320
  0.690   729983.320
  0.380   729983.330
  1.270   729983.340
  0.700   729983.350
  0.890   729983.350
  0.330   729983.360
  1.050   729983.370
  0.700   729983.370
  0.740   729983.380
  0.600   729983.390
  0.300   729983.390
  1.050   729983.400
  0.680   729983.410
  0.290   729983.420
  0.230   729983.420
  0.280   729983.430
  0.250   729983.440
  0.320   729983.440
  0.350   729983.450
  0.280   729983.460
  0.240   729983.460
  0.320   729983.470
  0.300   729983.480
  0.240   729983.480
  0.560   729983.490
  0.510   729983.500
  0.260   729983.510
  0.290   729983.510
  0.260   729983.520
  0.230   729983.530
  0.280   729983.530
  0.320   729983.540
  0.260   729983.550
  0.210   729983.550
  0.260   729983.560
  0.260   729983.570
  0.340   729983.570
  0.230   729983.580
  0.310   729983.590
  0.290   729983.600
  0.410   729983.600
  0.750   729983.610
  0.310   729983.620
  0.340   729983.620
  0.380   729983.630
  0.260   729983.640
  0.310   729983.640
  0.290   729983.650
  0.280   729983.660
  0.330   729983.670
  0.270   729983.670
  0.330   729983.680
  0.320   729983.690
  0.610   729983.690
    NaN   729983.700
    NaN   729983.710
  0.260   729983.710
  0.270   729983.720
  0.260   729983.730
  0.260   729983.730
  0.270   729983.740
  0.260   729983.750
  0.310   729983.760
  0.650   729983.760
  0.650   729983.770
  0.260   729983.780
  0.290   729983.780
  0.280   729983.790
  0.360   729983.800
  0.230   729983.800
  0.200   729983.810
  0.270   729983.820
  0.230   729983.820
  4.010   729983.830
  0.300   729983.840
  0.310   729983.850
  0.280   729983.850
  0.380   729983.860
  0.600   729983.870
  0.310   729983.870
  0.370   729983.880
  2.350   729983.890
  0.270   729983.890
  0.320   729983.900
  0.320   729983.910
  1.930   729983.920
  0.350   729983.920
  0.280   729983.930
  0.280   729983.940
  0.300   729983.940
  0.290   729983.950
  0.300   729983.960
  0.300   729983.960
  0.300   729983.970
  0.300   729983.980
  0.300   729983.980
  0.340   729983.990
