  0.703   730072.001
  0.768   730072.008
  0.816   730072.015
  0.730   730072.022
  0.782   730072.029
  0.765   730072.039
  0.840   730072.053
  0.782   730072.060
  0.748   730072.073
  1.946   730072.081
  0.800   730072.088
  0.697   730072.101
  0.692   730072.108
  0.681   730072.122
  0.696   730072.129
  0.814   730072.143
  0.741   730072.150
  0.684   730072.164
  0.754   730072.171
  0.669   730072.183
  0.749   730072.189
  0.721   730072.196
  0.705   730072.203
  0.700   730072.210
  0.720   730072.216
  0.758   730072.224
  0.766   730072.231
  0.640   730072.237
  0.737   730072.244
  0.627   730072.251
  0.581   730072.258
  0.697   730072.265
  0.664   730072.272
  0.636   730072.279
  0.718   730072.286
  0.592   730072.293
  0.631   730072.299
  0.675   730072.307
  0.599   730072.314
  0.579   730072.320
  0.626   730072.328
  0.618   730072.335
  0.622   730072.341
  0.548   730072.349
  0.659   730072.356
  0.611   730072.362
  0.527   730072.369
  0.810   730072.376
  0.569   730072.383
  0.562   730072.390
  0.569   730072.397
  0.614   730072.403
  0.631   730072.411
  0.569   730072.418
  0.551   730072.424
    NaN   730072.432
  0.538   730072.439
  0.501   730072.445
  0.601   730072.453
  0.517   730072.460
  0.556   730072.466
  0.537   730072.474
  0.647   730072.481
  0.539   730072.487
  0.591   730072.494
  0.675   730072.501
  0.540   730072.508
  0.680   730072.515
  0.584   730072.522
  0.679   730072.528
  0.691   730072.536
  0.705   730072.543
  0.708   730072.549
  0.698   730072.557
  0.660   730072.564
  0.714   730072.570
  0.795   730072.578
  0.581   730072.585
  0.672   730072.592
  0.631   730072.599
  0.637   730072.606
  0.543   730072.613
  0.557   730072.619
  0.637   730072.626
  0.587   730072.633
  0.601   730072.640
  0.551   730072.647
  0.556   730072.654
  0.593   730072.661
  0.578   730072.668
  0.550   730072.675
  0.579   730072.682
  0.549   730072.689
  0.585   730072.696
  0.619   730072.703
  0.567   730072.710
  0.606   730072.716
  0.701   730072.724
  0.529   730072.730
  0.637   730072.737
  0.580   730072.744
  0.599   730072.751
  0.714   730072.758
  0.635   730072.765
  0.639   730072.772
  0.686   730072.779
  0.622   730072.786
  0.604   730072.793
  0.647   730072.799
  0.643   730072.807
  0.823   730072.814
  0.018   730072.821
  0.041   730072.828
  1.777   730072.835
  3.007   730072.841
  2.200   730072.849
  1.430   730072.856
  2.166   730072.862
  1.126   730072.870
  0.017   730072.877
  0.781   730072.884
  1.481   730072.891
  2.061   730072.898
  2.233   730072.905
  0.287   730072.912
  2.535   730072.919
  2.484   730072.933
  1.965   730072.940
  0.018   730072.947
  1.409   730072.953
  0.016   730072.960
  0.015   730072.967
  0.029   730072.974
  0.681   730072.981
  1.840   730072.988
  0.858   730072.995
