  0.893   730072.001
  0.894   730072.008
  0.873   730072.015
  1.440   730072.022
  2.674   730072.029
  0.921   730072.039
  0.833   730072.053
  1.010   730072.060
  0.884   730072.073
  1.642   730072.081
  0.889   730072.088
  0.795   730072.101
  0.935   730072.108
  0.924   730072.122
  0.867   730072.129
  0.847   730072.143
  0.930   730072.150
  0.889   730072.164
  0.882   730072.171
  0.870   730072.183
  0.811   730072.189
  0.876   730072.196
  0.855   730072.203
  0.876   730072.210
  0.860   730072.216
  0.799   730072.224
  0.876   730072.231
  0.858   730072.237
  0.844   730072.244
  0.941   730072.251
  0.933   730072.258
  0.829   730072.265
  0.875   730072.272
  0.916   730072.279
  0.808   730072.286
  0.905   730072.293
  0.889   730072.299
  0.806   730072.307
  0.770   730072.314
  0.871   730072.320
  0.810   730072.328
  0.864   730072.335
  0.769   730072.341
  0.821   730072.349
  0.734   730072.356
  0.850   730072.362
  0.880   730072.369
  0.794   730072.376
  0.756   730072.383
  0.820   730072.390
  0.824   730072.397
  0.817   730072.403
  0.790   730072.411
  0.747   730072.418
  0.733   730072.424
  0.788   730072.432
  0.781   730072.439
  0.748   730072.445
  0.758   730072.453
  0.730   730072.460
    NaN   730072.466
  0.603   730072.474
  0.690   730072.481
  0.788   730072.487
  0.671   730072.494
  0.772   730072.501
  0.857   730072.508
  0.753   730072.515
  0.860   730072.522
  0.944   730072.528
  0.812   730072.536
  0.833   730072.543
  0.914   730072.549
  0.749   730072.557
  0.896   730072.564
  0.860   730072.570
  0.827   730072.578
  0.874   730072.585
  0.785   730072.592
  0.835   730072.599
  0.764   730072.606
  0.827   730072.613
  0.776   730072.619
  0.776   730072.626
  0.703   730072.633
  0.746   730072.640
  0.713   730072.647
  0.770   730072.654
  0.776   730072.661
  0.740   730072.668
  0.778   730072.675
  0.717   730072.682
  0.789   730072.689
  0.747   730072.696
  0.668   730072.703
  0.698   730072.710
  0.737   730072.716
  0.741   730072.724
  0.768   730072.730
  0.663   730072.737
  0.759   730072.744
  0.832   730072.751
  0.802   730072.758
  0.845   730072.765
  0.886   730072.772
  0.859   730072.779
  0.786   730072.786
  0.889   730072.793
  0.921   730072.799
  0.972   730072.807
  0.844   730072.814
  0.958   730072.821
  0.811   730072.828
  0.800   730072.835
  0.738   730072.841
  0.761   730072.849
  0.829   730072.856
  0.861   730072.862
  0.890   730072.870
  0.766   730072.877
  0.749   730072.884
  0.757   730072.891
  0.783   730072.898
  0.726   730072.905
  0.872   730072.912
  0.767   730072.919
  0.848   730072.933
  0.773   730072.940
  0.854   730072.947
  0.923   730072.953
  0.875   730072.960
    NaN   730072.967
  0.858   730072.974
  0.880   730072.981
  0.865   730072.988
  0.971   730072.995
