  0.890   730057.005
  0.970   730057.012
  0.947   730057.019
  0.935   730057.026
    NaN   730057.033
    NaN   730057.040
  0.911   730057.047
  0.813   730057.060
  0.825   730057.067
  0.982   730057.074
  0.873   730057.081
  0.787   730057.088
  0.761   730057.092
  0.859   730057.102
  0.833   730057.109
  0.975   730057.116
  0.950   730057.123
  0.891   730057.130
  0.893   730057.137
  0.876   730057.144
  0.833   730057.151
  0.790   730057.158
  0.901   730057.165
  0.796   730057.172
  0.819   730057.178
  0.824   730057.185
  0.830   730057.192
  0.881   730057.199
  0.965   730057.206
  0.825   730057.213
  0.851   730057.220
  0.911   730057.227
  0.883   730057.234
  0.860   730057.241
  0.790   730057.248
  0.790   730057.255
  0.799   730057.262
  0.796   730057.269
  1.704   730057.276
  1.755   730057.283
  0.828   730057.290
  0.899   730057.297
  0.776   730057.303
  0.657   730057.310
  0.690   730057.317
  0.783   730057.324
  0.781   730057.331
  0.875   730057.338
  0.982   730057.345
  0.732   730057.352
  0.760   730057.359
  0.717   730057.366
  0.717   730057.373
  0.672   730057.380
  0.650   730057.387
  0.696   730057.394
  0.610   730057.401
  0.603   730057.408
  0.659   730057.415
  0.605   730057.422
  0.624   730057.428
  0.640   730057.435
  0.614   730057.442
  0.557   730057.450
  0.538   730057.456
  0.586   730057.463
  0.640   730057.470
  0.551   730057.477
  0.502   730057.484
  0.494   730057.491
  0.504   730057.498
  0.534   730057.505
  0.534   730057.512
  0.546   730057.519
  0.500   730057.526
    NaN   730057.533
    NaN   730057.540
  0.486   730057.547
  0.497   730057.553
  0.469   730057.560
  0.479   730057.567
  0.490   730057.574
  0.462   730057.581
  0.433   730057.588
  0.446   730057.595
  0.449   730057.602
  0.427   730057.609
  0.439   730057.616
  0.435   730057.623
  0.434   730057.630
  0.410   730057.637
  0.415   730057.644
  0.401   730057.651
  0.416   730057.658
  0.379   730057.665
  0.426   730057.672
  0.442   730057.678
  0.449   730057.685
  0.427   730057.692
  0.384   730057.699
  0.419   730057.706
  0.371   730057.713
  0.397   730057.720
  0.402   730057.741
  0.386   730057.748
  0.384   730057.755
  0.434   730057.762
  0.400   730057.783
  0.411   730057.797
  0.388   730057.803
  0.442   730057.810
  0.401   730057.817
  0.389   730057.824
  0.392   730057.831
  0.424   730057.838
  0.438   730057.845
  0.458   730057.854
  0.516   730057.928
  0.443   730057.935
  0.475   730057.942
  0.517   730057.949
  0.458   730057.957
  0.459   730057.964
  0.496   730057.971
  0.498   730057.978
  0.482   730057.987
  0.469   730057.992
  0.480   730057.999
