  0.641   730057.005
  0.672   730057.012
  0.686   730057.018
  0.705   730057.026
  0.679   730057.032
  0.612   730057.039
  0.679   730057.046
  0.672   730057.060
  0.681   730057.067
  0.644   730057.074
  0.699   730057.081
  0.677   730057.088
  0.668   730057.092
  0.679   730057.101
  0.656   730057.109
  0.672   730057.116
  0.654   730057.122
  0.685   730057.130
  0.656   730057.137
  0.615   730057.143
  0.633   730057.150
  0.561   730057.157
  0.596   730057.164
  0.566   730057.171
  0.609   730057.178
  0.620   730057.185
  0.613   730057.192
  0.615   730057.199
  0.631   730057.206
  0.514   730057.213
  0.530   730057.219
  0.572   730057.226
  0.580   730057.233
  0.560   730057.240
  0.562   730057.247
  0.529   730057.254
  0.509   730057.261
  0.556   730057.268
  0.783   730057.275
  0.963   730057.282
  0.537   730057.289
  0.541   730057.296
  0.561   730057.303
  0.512   730057.310
  0.496   730057.317
  0.535   730057.324
  0.540   730057.331
  0.574   730057.338
  0.536   730057.344
  0.563   730057.351
  0.502   730057.358
  0.556   730057.365
  0.527   730057.372
  0.539   730057.379
  0.506   730057.386
  0.504   730057.393
  0.456   730057.400
  0.510   730057.407
  0.452   730057.414
  0.398   730057.421
  0.427   730057.428
  0.474   730057.435
  0.441   730057.442
  0.434   730057.449
  0.419   730057.456
  0.384   730057.463
    NaN   730057.469
  0.410   730057.476
  0.404   730057.483
  0.377   730057.490
  0.420   730057.497
  0.416   730057.504
  0.377   730057.511
  0.358   730057.518
  0.362   730057.525
  0.370   730057.532
  0.356   730057.539
  0.360   730057.546
  0.386   730057.553
  0.345   730057.560
  0.341   730057.567
  0.332   730057.574
  0.364   730057.581
  0.361   730057.588
  0.358   730057.594
  0.350   730057.601
  0.343   730057.608
  0.325   730057.615
  0.328   730057.622
  0.296   730057.629
  0.282   730057.636
  0.341   730057.643
  0.314   730057.650
  0.301   730057.657
  0.312   730057.664
  0.321   730057.671
  0.302   730057.678
  0.320   730057.685
  0.310   730057.692
  0.309   730057.699
  0.275   730057.706
  0.316   730057.713
  0.323   730057.719
  0.294   730057.740
  0.298   730057.747
  0.286   730057.755
  0.291   730057.761
  0.281   730057.782
  0.256   730057.797
  0.239   730057.803
  0.254   730057.810
  0.258   730057.817
  0.251   730057.824
  0.238   730057.831
  0.244   730057.838
  0.256   730057.845
  0.237   730057.853
  0.220   730057.857
  0.812   730057.928
  0.224   730057.935
  0.214   730057.942
  0.218   730057.949
  0.232   730057.956
  0.230   730057.963
    NaN   730057.970
  0.226   730057.977
  0.222   730057.986
  0.225   730057.991
  0.212   730057.998
