  0.210   729826.000
  0.200   729826.000
  0.190   729826.010
  0.190   729826.020
  0.190   729826.020
  0.180   729826.030
  0.180   729826.040
  0.170   729826.050
  0.180   729826.050
  0.180   729826.060
  0.180   729826.070
  0.170   729826.070
  0.190   729826.080
  0.200   729826.090
  0.200   729826.090
  0.220   729826.100
  0.210   729826.110
  0.220   729826.110
  0.240   729826.120
  0.240   729826.130
  0.230   729826.140
  0.250   729826.140
  0.220   729826.150
  0.230   729826.160
  0.250   729826.160
  0.240   729826.170
  0.230   729826.180
  0.260   729826.180
  0.260   729826.190
  0.270   729826.200
  0.220   729826.200
  0.250   729826.210
  0.240   729826.220
  0.260   729826.230
  0.250   729826.230
  0.280   729826.240
  0.250   729826.250
  0.260   729826.250
  0.250   729826.260
  0.250   729826.270
  0.280   729826.270
  0.230   729826.280
  0.250   729826.290
  0.290   729826.300
  0.290   729826.300
  0.290   729826.310
  0.270   729826.320
  0.260   729826.320
  0.260   729826.330
  0.260   729826.340
  0.270   729826.340
  0.260   729826.350
  0.260   729826.360
  0.250   729826.360
  0.270   729826.370
  0.250   729826.380
  0.270   729826.390
  0.280   729826.390
  0.270   729826.400
  0.250   729826.410
  0.280   729826.410
  0.270   729826.420
  0.240   729826.430
  0.280   729826.430
  0.280   729826.440
  0.320   729826.450
  0.310   729826.450
  0.290   729826.460
    NaN   729826.470
    NaN   729826.480
  0.310   729826.480
  0.320   729826.490
  0.320   729826.500
  0.310   729826.500
  0.330   729826.510
  0.350   729826.520
  0.330   729826.520
  0.370   729826.530
  0.370   729826.540
  0.360   729826.550
  0.360   729826.550
  0.380   729826.560
  0.380   729826.570
  0.420   729826.570
  0.420   729826.580
  0.370   729826.590
  0.410   729826.590
  0.420   729826.600
  0.410   729826.610
  0.410   729826.610
  0.420   729826.620
  0.470   729826.630
  0.480   729826.640
  0.460   729826.640
  0.500   729826.650
  0.470   729826.660
  0.530   729826.660
  0.480   729826.670
  0.540   729826.680
  0.480   729826.680
  0.510   729826.690
