  0.652   730415.001
  0.652   730415.001
  0.356   730415.001
  0.356   730415.001
  0.580   730415.008
  0.580   730415.008
  0.630   730415.015
  0.630   730415.015
  0.619   730415.022
  0.619   730415.022
  0.952   730415.029
  0.952   730415.029
  0.712   730415.036
  0.712   730415.036
  0.611   730415.043
  0.611   730415.043
  0.621   730415.050
  0.621   730415.050
  0.535   730415.056
  0.535   730415.056
  0.676   730415.063
  0.676   730415.063
  0.578   730415.071
  0.578   730415.071
  0.592   730415.077
  0.592   730415.077
  0.233   730415.084
  0.233   730415.084
  0.584   730415.084
  0.584   730415.084
  0.698   730415.091
  0.698   730415.091
  0.650   730415.098
  0.650   730415.098
  0.695   730415.105
  0.695   730415.105
  0.627   730415.113
  0.627   730415.113
  0.601   730415.119
  0.601   730415.119
  0.636   730415.126
  0.636   730415.126
  0.650   730415.133
  0.650   730415.133
  0.603   730415.140
  0.603   730415.140
  0.580   730415.147
  0.580   730415.147
  0.567   730415.154
  0.567   730415.154
  0.910   730415.161
  0.910   730415.161
  0.605   730415.168
  0.605   730415.168
  0.602   730415.175
  0.602   730415.175
  0.910   730415.182
  0.910   730415.182
  0.588   730415.188
  0.588   730415.188
  0.592   730415.196
  0.592   730415.196
  0.684   730415.202
  0.684   730415.202
  0.656   730415.209
  0.656   730415.209
  0.651   730415.216
  0.651   730415.216
  0.672   730415.223
  0.672   730415.223
  0.958   730415.230
  0.958   730415.230
  0.632   730415.238
  0.632   730415.238
  0.594   730415.244
  0.594   730415.244
  0.709   730415.251
  0.709   730415.251
  0.520   730415.258
  0.520   730415.258
  0.387   730415.258
  0.387   730415.258
  0.607   730415.265
  0.607   730415.265
  0.663   730415.272
  0.663   730415.272
  0.627   730415.279
  0.627   730415.279
  0.629   730415.286
  0.629   730415.286
  0.574   730415.293
  0.574   730415.293
  0.560   730415.300
  0.560   730415.300
  0.528   730415.307
  0.528   730415.307
  0.555   730415.313
  0.555   730415.313
  0.608   730415.321
  0.608   730415.321
  0.591   730415.327
  0.591   730415.327
  0.567   730415.334
  0.567   730415.334
  0.570   730415.341
  0.570   730415.341
  0.540   730415.348
  0.540   730415.348
  0.628   730415.355
  0.628   730415.355
  0.613   730415.363
  0.613   730415.363
  0.588   730415.369
  0.588   730415.369
  0.599   730415.377
  0.599   730415.377
  0.560   730415.384
  0.560   730415.384
  0.700   730415.391
  0.700   730415.391
  0.500   730415.398
  0.500   730415.398
  0.570   730415.406
  0.570   730415.406
  0.763   730415.412
  0.763   730415.412
  0.555   730415.419
  0.555   730415.419
  0.584   730415.426
  0.584   730415.426
  0.473   730415.433
  0.473   730415.433
  0.326   730415.433
  0.326   730415.433
  0.591   730415.440
  0.591   730415.440
  0.590   730415.447
  0.590   730415.447
  0.577   730415.454
  0.577   730415.454
  0.656   730415.461
  0.656   730415.461
  0.633   730415.467
  0.633   730415.467
  0.642   730415.474
  0.642   730415.474
  0.723   730415.481
  0.723   730415.481
  0.751   730415.489
  0.751   730415.489
  0.647   730415.495
  0.647   730415.495
  0.771   730415.502
  0.771   730415.502
  0.669   730415.509
  0.669   730415.509
  0.781   730415.516
  0.781   730415.516
  0.816   730415.523
  0.816   730415.523
  0.707   730415.531
  0.707   730415.531
  0.627   730415.537
  0.627   730415.537
  0.737   730415.544
  0.737   730415.544
  0.722   730415.551
  0.722   730415.551
  0.721   730415.558
  0.721   730415.558
  0.664   730415.565
  0.664   730415.565
  0.537   730415.572
  0.537   730415.572
  0.733   730415.579
  0.733   730415.579
  0.677   730415.584
  0.677   730415.584
  0.670   730415.592
  0.670   730415.592
  0.951   730415.598
  0.951   730415.598
  0.978   730415.605
  0.978   730415.605
  0.204   730415.605
  0.204   730415.605
  0.841   730415.613
  0.841   730415.613
  0.983   730415.619
  0.983   730415.619
  0.780   730415.626
  0.780   730415.626
  0.752   730415.633
  0.752   730415.633
  0.823   730415.640
  0.823   730415.640
  0.755   730415.647
  0.755   730415.647
  0.800   730415.654
  0.800   730415.654
  0.749   730415.661
  0.749   730415.661
  0.718   730415.668
  0.718   730415.668
  0.776   730415.675
  0.776   730415.675
  0.804   730415.682
  0.804   730415.682
  0.701   730415.688
  0.701   730415.688
  0.654   730415.696
  0.654   730415.696
  0.637   730415.703
  0.637   730415.703
  0.608   730415.709
  0.608   730415.709
  0.713   730415.716
  0.713   730415.716
  0.722   730415.723
  0.722   730415.723
  0.714   730415.730
  0.714   730415.730
  0.659   730415.738
  0.659   730415.738
  0.720   730415.744
  0.720   730415.744
  0.723   730415.751
  0.723   730415.751
  0.850   730415.758
  0.850   730415.758
  0.642   730415.765
  0.642   730415.765
  0.612   730415.772
  0.612   730415.772
  6.617   730415.779
  6.617   730415.779
  0.771   730415.779
  0.771   730415.779
  0.621   730415.786
  0.621   730415.786
  0.763   730415.793
  0.763   730415.793
  0.746   730415.800
  0.746   730415.800
  0.688   730415.807
  0.688   730415.807
  0.752   730415.813
  0.752   730415.813
  0.823   730415.821
  0.823   730415.821
  0.637   730415.828
  0.637   730415.828
  0.641   730415.834
  0.641   730415.834
  0.636   730415.842
  0.636   730415.842
  0.728   730415.848
  0.728   730415.848
  0.671   730415.855
  0.671   730415.855
  0.636   730415.863
  0.636   730415.863
  0.661   730415.869
  0.661   730415.869
  0.751   730415.876
  0.751   730415.876
  0.682   730415.883
  0.682   730415.883
  0.590   730415.890
  0.590   730415.890
  0.645   730415.897
  0.645   730415.897
  0.936   730415.904
  0.936   730415.904
  0.454   730415.911
  0.454   730415.911
  0.688   730415.911
  0.688   730415.911
  0.586   730415.918
  0.586   730415.918
  0.727   730415.925
  0.727   730415.925
  0.658   730415.932
  0.658   730415.932
  0.674   730415.939
  0.674   730415.939
  0.720   730415.946
  0.720   730415.946
  0.231   730415.946
  0.231   730415.946
  0.604   730415.953
  0.604   730415.953
  0.608   730415.959
  0.608   730415.959
  0.755   730415.966
  0.755   730415.966
  0.783   730415.973
  0.783   730415.973
  0.656   730415.980
  0.656   730415.980
  0.739   730415.988
  0.739   730415.988
  0.721   730415.994
  0.721   730415.994
