  0.232   730415.007
  1.392   730415.007
  3.116   730415.014
  1.405   730415.021
  1.314   730415.028
  2.550   730415.034
  1.385   730415.041
  1.353   730415.048
  1.140   730415.055
  3.551   730415.062
  1.455   730415.069
  3.175   730415.076
  1.068   730415.083
  1.577   730415.083
  2.685   730415.090
  1.407   730415.097
  1.331   730415.104
  1.437   730415.111
  1.347   730415.118
  2.383   730415.125
  1.362   730415.132
  3.610   730415.139
  1.357   730415.146
  2.520   730415.153
  1.222   730415.159
  1.293   730415.166
  1.172   730415.173
  1.461   730415.180
  4.153   730415.187
  1.297   730415.194
  1.121   730415.201
  1.732   730415.208
  1.304   730415.215
  1.150   730415.222
  1.264   730415.229
  1.384   730415.236
  1.222   730415.243
  1.213   730415.250
  1.571   730415.257
  0.280   730415.257
  1.216   730415.264
  1.072   730415.271
  6.781   730415.278
  2.901   730415.284
  1.173   730415.291
  1.122   730415.298
  1.083   730415.305
  1.215   730415.312
 13.629   730415.319
  1.197   730415.326
  1.178   730415.333
  1.228   730415.340
  1.279   730415.347
  1.140   730415.354
  1.328   730415.361
  1.418   730415.368
  1.235   730415.375
  1.263   730415.382
  1.292   730415.389
  1.363   730415.396
  1.304   730415.403
  1.254   730415.410
  1.332   730415.417
  1.416   730415.424
  1.439   730415.431
  0.497   730415.438
  1.299   730415.438
  1.216   730415.445
  1.221   730415.452
  1.222   730415.459
  1.448   730415.465
  1.329   730415.472
 10.597   730415.479
  1.229   730415.486
  1.269   730415.493
  1.299   730415.500
  1.131   730415.507
  1.424   730415.514
  1.422   730415.521
  1.324   730415.528
  1.376   730415.535
  1.368   730415.542
  1.242   730415.549
  1.329   730415.556
  1.349   730415.563
  1.397   730415.570
  1.426   730415.577
  2.013   730415.583
  1.255   730415.590
  1.277   730415.597
  1.250   730415.604
  5.360   730415.611
  7.277   730415.611
  1.447   730415.618
  1.328   730415.625
  1.382   730415.632
  1.269   730415.639
  1.184   730415.646
  1.310   730415.653
  1.454   730415.659
  1.454   730415.666
  1.368   730415.673
  1.517   730415.680
  1.373   730415.687
  1.390   730415.694
  1.489   730415.701
  1.551   730415.708
  1.579   730415.715
  1.639   730415.722
  1.373   730415.729
  1.413   730415.736
  1.452   730415.743
  1.429   730415.750
  1.420   730415.757
  1.545   730415.764
  1.464   730415.771
  1.681   730415.778
  1.460   730415.778
  1.748   730415.784
  1.662   730415.791
  1.500   730415.798
  1.799   730415.805
  1.614   730415.812
  1.688   730415.819
  1.637   730415.826
  1.579   730415.833
  1.459   730415.840
  1.468   730415.847
  1.727   730415.854
  1.499   730415.861
  1.696   730415.868
  1.703   730415.875
  7.014   730415.882
  1.575   730415.889
  1.545   730415.896
  3.399   730415.903
  1.463   730415.910
  1.851   730415.910
  3.620   730415.916
  1.650   730415.923
  1.652   730415.930
  1.762   730415.937
  1.820   730415.944
  2.474   730415.951
  4.550   730415.951
  1.879   730415.958
  1.866   730415.965
  1.886   730415.972
 13.787   730415.979
  1.908   730415.986
  1.978   730415.993
  1.964   730416.000
