  0.060   730415.006
  0.213   730415.006
  0.219   730415.013
  0.013   730415.020
  0.223   730415.020
  0.182   730415.027
  0.161   730415.027
  0.200   730415.034
  0.218   730415.041
  0.145   730415.048
  0.184   730415.048
  0.191   730415.055
  0.208   730415.062
  0.087   730415.069
  0.209   730415.069
  0.194   730415.076
  0.209   730415.083
  0.035   730415.083
  0.182   730415.090
  0.205   730415.097
  0.175   730415.104
  0.109   730415.104
  0.325   730415.110
  0.176   730415.117
  0.145   730415.124
  0.136   730415.124
  0.185   730415.131
  0.195   730415.138
  0.161   730415.145
  0.151   730415.145
  0.190   730415.152
  0.189   730415.159
  0.060   730415.166
  0.186   730415.166
  0.197   730415.173
  0.196   730415.180
  0.040   730415.187
  0.199   730415.187
  0.165   730415.194
  0.173   730415.201
  0.051   730415.201
  0.195   730415.208
  0.193   730415.215
  0.187   730415.222
  0.081   730415.222
  0.195   730415.229
  0.216   730415.235
  0.188   730415.242
  0.085   730415.242
  0.212   730415.249
  0.186   730415.256
  0.153   730415.263
  0.127   730415.263
  0.219   730415.270
  0.192   730415.277
  0.141   730415.284
  0.133   730415.284
  0.193   730415.291
  0.190   730415.298
  0.152   730415.305
  0.148   730415.305
  0.220   730415.312
  0.203   730415.319
  0.124   730415.326
  0.165   730415.326
  0.205   730415.333
  0.212   730415.340
  0.125   730415.347
  0.201   730415.347
  0.257   730415.354
  0.246   730415.360
  0.074   730415.367
  0.284   730415.367
  0.303   730415.374
  0.316   730415.381
  0.010   730415.381
  0.298   730415.388
  0.324   730415.395
  0.326   730415.402
  0.111   730415.402
  0.311   730415.409
  0.300   730415.416
  0.251   730415.423
  0.135   730415.423
  0.294   730415.430
  0.293   730415.437
  0.254   730415.444
  0.172   730415.444
  0.283   730415.451
  0.276   730415.458
  0.189   730415.465
  0.166   730415.465
  0.265   730415.472
  0.251   730415.479
  0.175   730415.486
  0.191   730415.486
  0.265   730415.492
  0.243   730415.499
  0.142   730415.506
  0.151   730415.506
  0.254   730415.513
  0.235   730415.520
  0.152   730415.527
  0.155   730415.527
  0.200   730415.534
  0.188   730415.541
  0.127   730415.548
  0.193   730415.548
  0.213   730415.555
  0.169   730415.562
  0.095   730415.569
  0.166   730415.569
  0.162   730415.576
  0.187   730415.583
  0.109   730415.590
  0.153   730415.590
  0.154   730415.597
  0.157   730415.604
  0.095   730415.610
  0.165   730415.610
  0.148   730415.617
  0.185   730415.624
  0.080   730415.631
  0.147   730415.631
  0.165   730415.638
  0.162   730415.645
  0.052   730415.652
  0.161   730415.652
  0.152   730415.659
  0.160   730415.666
  0.050   730415.673
  0.148   730415.673
  0.141   730415.680
  0.137   730415.687
  0.049   730415.694
  0.139   730415.694
  0.147   730415.701
  0.141   730415.708
  0.042   730415.715
  0.131   730415.715
  0.166   730415.722
  0.163   730415.729
  0.038   730415.735
  0.158   730415.735
  0.149   730415.742
  0.163   730415.749
  0.059   730415.756
  0.163   730415.756
  0.148   730415.763
  0.148   730415.770
  0.039   730415.777
  0.163   730415.777
  0.158   730415.784
  0.173   730415.791
  0.048   730415.798
  0.169   730415.798
  0.175   730415.805
  0.181   730415.812
  0.037   730415.819
  0.192   730415.819
  0.145   730415.826
  0.082   730415.826
  0.193   730415.833
  0.071   730415.840
  0.188   730415.840
  0.175   730415.847
  0.190   730415.854
  0.035   730415.860
  0.190   730415.860
  0.198   730415.867
  0.243   730415.874
  0.038   730415.881
  0.206   730415.881
  0.193   730415.888
  0.223   730415.895
  0.023   730415.895
  0.230   730415.902
  0.243   730415.909
  0.190   730415.916
  0.035   730415.916
  0.246   730415.923
  0.210   730415.930
  0.226   730415.937
  0.093   730415.937
  0.582   730415.944
  0.204   730415.951
  0.182   730415.958
  0.094   730415.958
  0.208   730415.965
  0.210   730415.972
  0.210   730415.979
  0.129   730415.979
  0.206   730415.985
  0.202   730415.992
  0.155   730415.999
  0.106   730415.999
