  0.733   730415.001
  0.381   730415.001
  0.749   730415.008
  0.743   730415.015
  0.681   730415.022
  0.774   730415.029
  0.786   730415.036
  0.786   730415.043
  0.701   730415.049
  0.769   730415.056
  0.787   730415.063
  0.751   730415.071
  0.678   730415.077
  0.301   730415.084
  0.725   730415.084
  0.607   730415.091
  0.677   730415.098
  0.651   730415.105
  0.691   730415.112
  0.680   730415.119
  0.626   730415.126
  0.607   730415.133
  0.656   730415.140
  0.690   730415.147
  0.731   730415.154
  0.652   730415.161
  0.575   730415.167
  0.659   730415.174
  0.685   730415.181
  0.632   730415.188
  0.699   730415.196
  0.597   730415.202
  0.674   730415.209
  0.615   730415.216
  0.601   730415.223
  0.587   730415.230
  0.622   730415.237
  0.651   730415.244
  0.681   730415.251
  0.649   730415.258
  0.381   730415.258
  0.686   730415.265
  0.630   730415.272
  0.595   730415.279
  0.593   730415.286
  0.634   730415.292
  0.542   730415.299
  0.699   730415.306
  0.591   730415.313
  0.718   730415.321
  0.628   730415.327
  0.683   730415.334
  0.643   730415.341
  0.692   730415.348
  0.613   730415.355
  0.711   730415.362
  1.566   730415.369
  0.643   730415.377
  0.603   730415.384
  0.645   730415.391
  0.687   730415.398
  0.631   730415.405
  0.753   730415.412
  0.754   730415.418
  0.687   730415.425
  0.693   730415.432
  0.226   730415.432
  0.660   730415.440
  0.727   730415.447
  0.744   730415.453
  0.685   730415.461
  0.672   730415.467
  0.682   730415.474
  0.677   730415.481
  0.792   730415.488
  0.721   730415.495
  0.712   730415.502
  0.659   730415.509
  0.717   730415.516
  0.634   730415.523
  0.659   730415.530
  0.679   730415.537
  0.743   730415.544
  0.677   730415.550
  0.728   730415.557
  0.644   730415.564
  0.621   730415.572
  0.618   730415.578
  0.583   730415.584
  0.635   730415.592
  0.658   730415.598
  0.687   730415.605
  0.104   730415.605
  0.612   730415.613
  0.581   730415.619
  0.697   730415.626
  0.676   730415.633
  0.628   730415.640
  0.627   730415.647
  0.616   730415.654
  0.675   730415.661
  0.658   730415.667
  0.637   730415.674
  0.621   730415.681
  0.674   730415.688
  0.651   730415.696
  0.724   730415.702
  0.655   730415.709
  0.677   730415.716
  0.629   730415.723
  0.609   730415.730
  0.659   730415.738
  0.780   730415.744
  0.566   730415.751
  0.568   730415.758
  0.654   730415.765
  0.612   730415.772
  0.548   730415.779
  0.659   730415.779
  0.719   730415.786
  0.651   730415.792
  0.641   730415.800
  0.697   730415.806
  0.619   730415.813
  0.698   730415.821
  0.657   730415.827
  0.687   730415.834
  0.641   730415.841
  0.718   730415.848
  0.687   730415.855
  0.720   730415.862
  1.259   730415.869
  0.559   730415.876
  0.517   730415.883
  0.626   730415.890
  0.641   730415.897
  0.615   730415.904
  0.486   730415.911
  0.725   730415.911
  0.663   730415.917
  0.625   730415.924
  0.643   730415.931
  0.696   730415.938
  0.651   730415.946
  0.203   730415.946
  0.681   730415.953
  0.688   730415.959
  0.666   730415.966
  0.668   730415.973
  0.672   730415.980
  0.658   730415.988
  0.681   730415.994
