  1.372   730415.002
  0.824   730415.002
  1.591   730415.009
  1.470   730415.015
  1.367   730415.022
  1.466   730415.030
  1.434   730415.036
  1.463   730415.043
  1.438   730415.050
  1.555   730415.056
  1.584   730415.064
  1.508   730415.072
  1.502   730415.078
  0.448   730415.085
  1.719   730415.085
  1.504   730415.092
  1.606   730415.099
  1.553   730415.106
  1.637   730415.113
  1.327   730415.120
  1.537   730415.126
  1.555   730415.133
  1.507   730415.140
  1.535   730415.147
  1.332   730415.155
  1.426   730415.161
  1.397   730415.168
  1.388   730415.175
  1.441   730415.182
  1.428   730415.189
  1.487   730415.197
  1.460   730415.203
  1.437   730415.210
  1.361   730415.217
  1.502   730415.224
  1.447   730415.231
  1.447   730415.238
  1.468   730415.245
  1.407   730415.251
  1.569   730415.259
  1.205   730415.259
  1.539   730415.265
  1.506   730415.272
  1.330   730415.280
  1.379   730415.286
  1.288   730415.293
  1.529   730415.300
  1.360   730415.307
  1.378   730415.314
  1.418   730415.322
  1.422   730415.328
  1.421   730415.335
  1.529   730415.342
  1.478   730415.349
  1.411   730415.356
  1.274   730415.363
  1.367   730415.370
  1.355   730415.378
  1.382   730415.385
  1.330   730415.392
  1.212   730415.399
  1.172   730415.407
  1.266   730415.413
  1.284   730415.420
  1.141   730415.427
  1.458   730415.434
  0.872   730415.434
  1.313   730415.441
  3.412   730415.448
  1.313   730415.455
  1.285   730415.462
  1.292   730415.468
  1.319   730415.475
  1.407   730415.482
  1.397   730415.490
  1.260   730415.496
  1.447   730415.503
  1.365   730415.510
  1.302   730415.517
  1.351   730415.524
  1.263   730415.532
  1.467   730415.538
  1.309   730415.545
  1.301   730415.552
  1.338   730415.558
  1.203   730415.565
  1.190   730415.573
  1.182   730415.580
  1.423   730415.585
  1.406   730415.593
  1.301   730415.599
  1.383   730415.606
  0.609   730415.606
  1.207   730415.614
  1.508   730415.620
  1.444   730415.627
  1.307   730415.633
  1.303   730415.640
  1.467   730415.647
  1.363   730415.655
  1.245   730415.661
  1.360   730415.668
  1.428   730415.675
  1.443   730415.682
  1.404   730415.689
  1.456   730415.697
  1.358   730415.703
  1.352   730415.710
  1.451   730415.717
  1.302   730415.724
  1.483   730415.731
  1.508   730415.738
  1.459   730415.745
  1.373   730415.751
  1.367   730415.758
  1.402   730415.765
  1.436   730415.772
  0.761   730415.780
  1.425   730415.780
  1.323   730415.786
  1.260   730415.793
  1.342   730415.800
  1.152   730415.807
  1.301   730415.814
  1.219   730415.822
  1.327   730415.828
  1.386   730415.835
  1.459   730415.842
  1.328   730415.849
  1.266   730415.856
  1.366   730415.863
  1.468   730415.870
  1.331   730415.877
  1.317   730415.884
  1.400   730415.890
  1.353   730415.897
  1.369   730415.905
  0.599   730415.911
  1.397   730415.911
  1.258   730415.918
  1.231   730415.925
  1.190   730415.932
  1.221   730415.939
  3.859   730415.947
  0.817   730415.947
  1.396   730415.953
  1.255   730415.960
  1.412   730415.967
  1.494   730415.974
  1.217   730415.981
  1.478   730415.988
  1.382   730415.995
