  0.932   730255.002
  1.194   730255.007
  1.388   730255.014
  1.144   730255.021
  1.169   730255.028
  1.144   730255.035
  1.082   730255.043
  1.246   730255.049
  1.182   730255.056
  1.040   730255.063
  1.045   730255.070
  1.077   730255.077
  1.015   730255.084
  0.837   730255.091
  0.852   730255.098
  1.022   730255.104
  1.006   730255.111
  1.045   730255.118
  0.856   730255.126
  0.968   730255.132
  0.876   730255.139
  0.926   730255.146
  0.923   730255.153
  0.852   730255.160
  1.147   730255.168
  0.892   730255.174
  0.891   730255.181
  0.809   730255.188
  0.827   730255.195
  0.865   730255.202
  0.922   730255.209
  0.804   730255.216
  0.957   730255.223
  0.860   730255.229
  0.816   730255.236
  0.889   730255.243
  0.865   730255.251
  1.111   730255.257
  0.931   730255.264
  0.885   730255.271
  1.026   730255.278
  0.879   730255.285
  0.944   730255.293
  0.814   730255.299
  0.912   730255.306
  0.821   730255.313
  1.014   730255.320
  0.903   730255.327
  0.989   730255.335
  1.464   730255.341
  0.913   730255.348
  0.985   730255.355
  1.185   730255.361
  0.982   730255.368
  1.022   730255.376
  0.785   730255.382
  0.892   730255.389
  0.950   730255.396
  0.947   730255.403
  0.913   730255.410
  0.857   730255.418
  1.133   730255.424
  0.855   730255.431
  0.796   730255.438
  0.995   730255.445
  0.975   730255.452
  0.831   730255.460
  0.894   730255.466
  0.886   730255.473
  0.832   730255.479
  0.824   730255.486
  0.790   730255.493
  0.834   730255.501
  0.815   730255.507
  0.757   730255.514
  1.111   730255.521
  0.785   730255.528
  0.856   730255.535
  0.861   730255.543
  0.797   730255.549
  0.806   730255.556
  0.928   730255.563
  0.881   730255.570
  0.950   730255.577
  1.265   730255.585
  0.779   730255.591
  0.787   730255.598
  0.703   730255.604
  0.673   730255.611
  0.778   730255.618
  0.774   730255.626
  0.888   730255.632
  0.729   730255.639
  0.814   730255.646
  0.851   730255.653
  0.758   730255.660
  0.910   730255.668
  0.779   730255.674
  1.089   730255.681
  0.766   730255.688
  0.833   730255.695
  0.875   730255.702
  0.726   730255.710
  1.034   730255.716
  1.072   730255.723
  0.859   730255.730
  0.891   730255.736
  0.901   730255.743
  0.924   730255.751
  1.059   730255.757
  0.956   730255.764
  0.880   730255.771
  0.904   730255.778
  0.908   730255.785
  0.873   730255.793
  0.868   730255.799
  0.805   730255.806
  1.010   730255.813
  0.896   730255.820
  0.920   730255.827
  0.878   730255.835
  0.852   730255.841
  0.901   730255.848
  0.863   730255.855
  0.923   730255.861
  5.439   730255.868
  0.905   730255.876
  1.393   730255.882
  0.857   730255.889
  0.830   730255.896
  0.907   730255.903
  1.057   730255.910
  0.938   730255.918
  0.794   730255.924
  1.118   730255.931
  0.949   730255.938
  0.872   730255.945
  0.946   730255.952
  1.072   730255.960
  0.842   730255.966
  0.723   730255.973
  0.821   730255.980
  0.884   730255.987
  1.019   730255.993
