  1.953   730260.003
  1.578   730260.003
  1.709   730260.009
  1.578   730260.015
  1.931   730260.022
  2.032   730260.029
  1.916   730260.035
  1.727   730260.043
  1.845   730260.049
  2.077   730260.056
  1.810   730260.063
  1.955   730260.070
  1.903   730260.077
  2.053   730260.084
  1.897   730260.091
  2.236   730260.098
  2.044   730260.105
  2.119   730260.112
  2.322   730260.119
  2.040   730260.126
  1.782   730260.133
  1.797   730260.140
  2.290   730260.147
  2.143   730260.154
  1.885   730260.160
  2.012   730260.167
  2.054   730260.174
  1.802   730260.181
  1.879   730260.188
  1.968   730260.195
  1.992   730260.202
  2.025   730260.209
  2.093   730260.216
  2.173   730260.223
  1.714   730260.230
  1.822   730260.237
  1.774   730260.244
  7.788   730260.251
  1.712   730260.258
  1.849   730260.265
  2.154   730260.272
  1.947   730260.279
  1.901   730260.285
  1.769   730260.292
  1.771   730260.299
  1.491   730260.306
  1.791   730260.313
  1.574   730260.320
  1.809   730260.327
  1.584   730260.334
  1.430   730260.341
  1.793   730260.348
  1.687   730260.355
  1.688   730260.362
  1.619   730260.369
  1.674   730260.376
  1.536   730260.383
  1.542   730260.390
  1.486   730260.397
  1.358   730260.404
  1.624   730260.411
  1.396   730260.417
  1.481   730260.424
  1.434   730260.431
  7.963   730260.438
  1.258   730260.445
  1.448   730260.452
  1.373   730260.459
  1.385   730260.466
  1.508   730260.473
  1.248   730260.480
  1.222   730260.487
  1.332   730260.494
  1.355   730260.501
  1.271   730260.508
  1.434   730260.515
  1.442   730260.522
  1.252   730260.529
  1.450   730260.535
  1.263   730260.542
  1.290   730260.549
  1.295   730260.556
  1.142   730260.563
  1.320   730260.570
  1.243   730260.577
  1.478   730260.584
  1.258   730260.591
  1.320   730260.598
  1.308   730260.605
  1.489   730260.612
  1.210   730260.619
  1.242   730260.626
  1.462   730260.633
  1.356   730260.640
  1.232   730260.647
  1.292   730260.654
  1.388   730260.661
  1.491   730260.667
  1.452   730260.674
  1.206   730260.681
  1.337   730260.688
  1.363   730260.695
  1.286   730260.702
  1.433   730260.709
  1.346   730260.716
  1.323   730260.723
  7.632   730260.730
  1.405   730260.737
  1.217   730260.744
  1.267   730260.751
  1.481   730260.758
  1.327   730260.765
  1.281   730260.772
  1.330   730260.779
  1.377   730260.786
  1.308   730260.792
  1.218   730260.799
  1.248   730260.806
  1.187   730260.813
  1.206   730260.820
  1.137   730260.827
  1.160   730260.834
  1.249   730260.841
  1.127   730260.848
  1.181   730260.855
  1.248   730260.862
  1.166   730260.869
  1.270   730260.876
  1.274   730260.883
  1.186   730260.890
  1.035   730260.897
  1.037   730260.904
  1.191   730260.911
  1.044   730260.917
  1.027   730260.924
  1.027   730260.931
  4.322   730260.938
  1.027   730260.945
  1.125   730260.952
  0.955   730260.959
  0.935   730260.966
  1.046   730260.973
  1.080   730260.979
  1.154   730260.986
  0.967   730260.993
