  0.681   730260.001
  0.744   730260.007
  0.717   730260.014
  0.771   730260.021
  0.746   730260.028
  0.700   730260.035
  0.830   730260.042
  0.717   730260.049
  0.741   730260.055
  0.819   730260.062
  0.730   730260.069
  0.832   730260.076
  0.796   730260.083
  0.768   730260.090
  0.775   730260.097
  0.808   730260.104
  0.760   730260.111
  0.805   730260.118
  0.829   730260.125
  0.733   730260.132
  0.793   730260.139
  0.801   730260.146
  0.889   730260.153
  0.812   730260.160
  0.875   730260.167
  0.863   730260.174
  0.802   730260.180
  0.897   730260.187
  0.827   730260.194
  0.888   730260.201
  0.764   730260.208
  0.924   730260.215
  0.761   730260.222
  0.794   730260.229
  0.835   730260.236
  0.822   730260.243
  0.895   730260.250
  0.836   730260.257
  0.799   730260.264
  0.762   730260.271
  0.761   730260.278
  0.866   730260.285
  0.854   730260.292
  0.796   730260.299
  0.861   730260.305
  0.883   730260.312
  0.750   730260.320
  0.802   730260.326
  0.809   730260.333
  0.912   730260.340
  0.833   730260.347
  0.851   730260.354
  0.898   730260.361
  0.683   730260.368
  0.763   730260.375
  0.757   730260.382
  0.778   730260.389
  0.736   730260.396
  0.798   730260.403
  0.832   730260.410
  0.848   730260.417
  0.888   730260.424
  0.818   730260.430
  0.790   730260.437
  0.760   730260.444
  0.803   730260.451
  0.833   730260.458
  0.843   730260.465
  0.898   730260.472
  0.812   730260.479
  0.903   730260.486
  0.929   730260.493
  0.728   730260.500
  0.809   730260.507
  0.804   730260.514
  0.848   730260.521
  0.892   730260.528
  0.815   730260.535
  0.838   730260.542
  0.838   730260.549
  0.814   730260.555
  0.768   730260.562
  0.816   730260.569
  0.833   730260.576
  0.901   730260.583
  0.757   730260.590
  0.715   730260.597
  0.828   730260.604
  0.755   730260.611
  0.814   730260.618
  0.826   730260.625
  0.816   730260.632
  0.840   730260.639
  0.788   730260.646
  0.881   730260.653
  0.760   730260.660
  0.812   730260.667
  0.817   730260.674
  0.844   730260.680
  0.830   730260.687
  0.780   730260.694
  0.841   730260.701
  0.672   730260.708
  0.704   730260.715
  0.872   730260.722
 10.658   730260.729
  0.734   730260.736
  0.812   730260.743
  1.076   730260.750
  0.628   730260.757
  0.657   730260.764
  0.710   730260.771
  0.685   730260.778
  0.664   730260.785
  0.676   730260.792
  0.716   730260.799
  0.687   730260.805
  1.275   730260.812
  0.705   730260.819
  0.618   730260.826
  0.649   730260.833
  0.690   730260.840
  0.614   730260.847
  0.739   730260.854
  0.755   730260.861
  0.648   730260.868
  0.714   730260.875
  0.679   730260.882
  0.715   730260.889
  0.665   730260.896
  0.704   730260.903
  0.661   730260.910
  0.692   730260.917
  0.805   730260.924
  0.664   730260.930
  0.758   730260.937
  0.636   730260.944
  0.753   730260.951
  0.572   730260.958
  0.638   730260.965
  0.651   730260.972
  0.669   730260.979
  0.675   730260.986
 21.359   730260.993
  0.651   730261.000
