  0.080   729940.000
  0.110   729940.000
  0.170   729940.010
  0.260   729940.020
  0.120   729940.030
  0.120   729940.030
  0.130   729940.040
  0.120   729940.050
  0.090   729940.050
    NaN   729940.060
    NaN   729940.070
  0.200   729940.070
  0.140   729940.080
  0.160   729940.090
  0.160   729940.090
  0.140   729940.100
  0.100   729940.110
  0.140   729940.120
  0.180   729940.120
  0.190   729940.130
  0.170   729940.140
  0.190   729940.140
  0.210   729940.150
  0.160   729940.160
  0.180   729940.160
  0.160   729940.170
  0.170   729940.180
  0.180   729940.180
  0.180   729940.190
  0.180   729940.200
  0.200   729940.210
  0.210   729940.210
  0.160   729940.220
  0.190   729940.230
  0.160   729940.230
  0.200   729940.240
  0.190   729940.250
  0.180   729940.250
  0.190   729940.260
  0.160   729940.270
  0.140   729940.280
  0.110   729940.280
  0.190   729940.290
  0.260   729940.300
  0.210   729940.300
  0.200   729940.310
  0.140   729940.320
  0.110   729940.340
  0.100   729940.340
  0.100   729940.350
  0.090   729940.360
  0.100   729940.370
  0.940   729940.370
  0.360   729940.380
  0.090   729940.390
  0.090   729940.390
  0.100   729940.400
  0.220   729940.410
  0.300   729940.410
  0.100   729940.420
  0.120   729940.430
  0.120   729940.430
  0.650   729940.440
  0.120   729940.450
  0.080   729940.460
  0.130   729940.460
  0.170   729940.470
  0.160   729940.480
  0.140   729940.480
  0.150   729940.490
  0.180   729940.500
  0.140   729940.500
  0.110   729940.510
  0.160   729940.520
  0.100   729940.530
  0.140   729940.530
  0.180   729940.540
  0.150   729940.550
  0.210   729940.550
  0.230   729940.560
  0.180   729940.570
  0.220   729940.570
  0.160   729940.580
  0.180   729940.590
  0.160   729940.590
  0.160   729940.600
  0.190   729940.610
  0.170   729940.620
  0.190   729940.620
  0.170   729940.630
  0.180   729940.640
  0.170   729940.640
  0.210   729940.650
  0.180   729940.660
  0.150   729940.660
  0.420   729940.670
  0.880   729940.680
  0.160   729940.680
  0.570   729940.690
  0.540   729940.700
  0.180   729940.710
  0.830   729940.710
  0.940   729940.720
  0.090   729940.730
  0.190   729940.730
  0.170   729940.740
  0.840   729940.770
  0.230   729940.780
  0.070   729940.780
  0.060   729940.790
  0.060   729940.800
  0.080   729940.800
  0.070   729940.810
  0.060   729940.820
  0.070   729940.820
  0.110   729940.830
  0.070   729940.840
  0.060   729940.840
  0.810   729940.850
  0.060   729940.860
  0.060   729940.870
  0.060   729940.870
  0.060   729940.880
  0.060   729940.890
  0.060   729940.890
  0.060   729940.900
  0.090   729940.910
  0.050   729940.910
  0.050   729940.920
  0.050   729940.930
  0.050   729940.930
  0.090   729940.940
  0.050   729940.950
  0.140   729940.960
  0.100   729940.960
  0.040   729940.970
  0.110   729940.980
  0.050   729940.980
  0.050   729940.990
