  0.008   730323.050
  3.490   730323.056
  0.008   730323.063
  0.008   730323.070
  0.009   730323.077
  0.009   730323.084
  0.009   730323.091
  0.008   730323.098
  0.008   730323.105
  0.008   730323.112
  0.012   730323.119
  0.009   730323.126
  0.008   730323.133
  0.009   730323.140
  2.677   730323.147
  0.009   730323.153
  0.009   730323.161
  0.009   730323.168
  0.009   730323.174
  0.009   730323.181
  0.009   730323.188
  0.009   730323.195
  0.009   730323.202
  0.016   730323.209
  0.009   730323.216
  0.009   730323.223
  0.009   730323.230
  0.009   730323.237
  0.009   730323.244
  0.008   730323.251
  0.009   730323.258
  0.008   730323.265
  2.438   730323.272
  0.009   730323.279
  0.008   730323.286
  0.009   730323.292
  0.009   730323.299
  0.009   730323.306
  0.008   730323.313
  0.008   730323.320
  0.009   730323.327
  0.009   730323.334
  0.009   730323.341
  0.008   730323.348
  0.008   730323.355
  0.008   730323.362
  0.008   730323.369
  0.009   730323.376
  0.008   730323.383
  0.009   730323.390
  0.009   730323.397
  0.009   730323.404
  0.009   730323.410
  0.009   730323.417
  0.009   730323.424
  0.009   730323.431
  0.012   730323.438
  0.009   730323.445
  0.625   730323.452
  0.009   730323.459
  0.009   730323.466
  0.009   730323.473
  0.008   730323.480
  0.008   730323.487
  0.008   730323.494
  0.008   730323.501
  0.008   730323.508
  0.008   730323.515
  0.008   730323.522
  0.008   730323.529
  0.008   730323.535
  0.008   730323.542
  0.007   730323.549
  0.008   730323.556
  0.008   730323.563
  0.008   730323.570
  0.008   730323.577
  0.008   730323.584
  2.369   730323.591
  0.008   730323.598
  0.008   730323.605
  0.008   730323.612
  0.008   730323.619
  0.008   730323.626
  0.008   730323.633
  0.008   730323.640
  0.008   730323.647
  0.063   730323.654
  0.008   730323.661
  0.008   730323.668
  0.008   730323.674
  0.008   730323.681
  0.007   730323.688
  0.008   730323.695
  0.008   730323.702
  0.009   730323.709
  0.008   730323.716
  0.009   730323.723
  0.013   730323.730
  0.019   730323.737
  0.019   730323.744
  0.019   730323.751
  0.011   730323.758
  0.008   730323.765
  0.010   730323.772
  0.010   730323.779
  0.009   730323.785
  0.008   730323.792
  0.009   730323.799
  0.009   730323.806
  0.009   730323.813
  0.008   730323.820
  0.008   730323.827
  0.009   730323.834
  0.009   730323.841
  0.009   730323.848
  0.010   730323.855
  0.009   730323.862
  0.010   730323.869
  0.011   730323.876
  0.014   730323.883
  0.014   730323.890
  0.014   730323.897
  0.014   730323.904
  0.014   730323.910
  0.011   730323.918
  0.010   730323.924
  0.010   730323.931
  0.009   730323.938
  0.010   730323.945
  0.014   730323.952
  0.019   730323.959
  0.014   730323.966
  0.023   730323.973
  0.022   730323.980
  0.015   730323.987
  0.012   730323.994
