  0.016   730323.048
  0.019   730323.048
  0.025   730323.055
  0.019   730323.062
  0.063   730323.069
  0.019   730323.069
  0.017   730323.076
  0.013   730323.076
  0.019   730323.083
  0.012   730323.090
  0.017   730323.090
  0.017   730323.097
  0.036   730323.097
  0.017   730323.104
  0.032   730323.110
  0.020   730323.110
  0.016   730323.117
  0.058   730323.117
  0.020   730323.124
  0.019   730323.131
  0.089   730323.131
  0.017   730323.138
  0.074   730323.145
  0.022   730323.145
  0.023   730323.152
  0.006   730323.159
  0.024   730323.159
  0.030   730323.166
  0.062   730323.166
  0.022   730323.173
  0.025   730323.180
  0.008   730323.180
  0.017   730323.187
  0.016   730323.194
  0.013   730323.194
  0.017   730323.201
  0.030   730323.208
  0.032   730323.208
  0.025   730323.215
  0.040   730323.222
  0.021   730323.222
  0.033   730323.229
  0.047   730323.235
  8.602   730323.235
  0.330   730323.242
  0.033   730323.249
  0.019   730323.249
  0.018   730323.256
  0.020   730323.263
  0.023   730323.270
  0.007   730323.277
  0.039   730323.277
  0.021   730323.277
  0.026   730323.284
  0.027   730323.291
  0.019   730323.291
  0.026   730323.298
  0.029   730323.298
  0.017   730323.305
  0.022   730323.312
  0.020   730323.312
  0.020   730323.319
  0.016   730323.326
  0.011   730323.326
  0.017   730323.333
  0.022   730323.340
  0.010   730323.340
  0.015   730323.347
  0.015   730323.354
  0.014   730323.354
  0.016   730323.360
  0.022   730323.367
  0.030   730323.367
  0.021   730323.374
  0.022   730323.381
  0.022   730323.381
  0.023   730323.388
  0.022   730323.395
  0.027   730323.402
  0.019   730323.402
  0.021   730323.409
  0.027   730323.416
  0.020   730323.416
  0.022   730323.423
  0.017   730323.430
  0.013   730323.430
  0.022   730323.437
  0.018   730323.444
  0.022   730323.451
  0.017   730323.451
  0.019   730323.458
  0.018   730323.465
  0.022   730323.472
  0.023   730323.472
  0.019   730323.479
  0.028   730323.485
  0.051   730323.492
  0.020   730323.492
  0.023   730323.499
  0.021   730323.506
  0.023   730323.513
  0.023   730323.513
  0.025   730323.520
  0.023   730323.527
  0.037   730323.534
  0.020   730323.534
  0.021   730323.541
  0.018   730323.548
  0.068   730323.555
  0.022   730323.555
  0.022   730323.562
  0.024   730323.569
  0.069   730323.576
  0.015   730323.576
  0.025   730323.583
  0.016   730323.590
  0.056   730323.597
  0.013   730323.597
  0.020   730323.604
  0.021   730323.610
  0.020   730323.610
  0.016   730323.617
  0.015   730323.624
  0.019   730323.631
  0.060   730323.631
  0.022   730323.638
  0.019   730323.645
  0.023   730323.652
  0.029   730323.652
  0.020   730323.659
  0.026   730323.666
  0.054   730323.673
  0.017   730323.673
  0.021   730323.680
  0.015   730323.687
  0.064   730323.694
  0.063   730323.694
  0.018   730323.701
  0.016   730323.708
  0.006   730323.708
  0.027   730323.715
  0.017   730323.722
  0.096   730323.729
  0.013   730323.729
  0.020   730323.735
  0.012   730323.742
  0.062   730323.742
  0.018   730323.749
  0.012   730323.756
  0.071   730323.756
  0.014   730323.763
  0.014   730323.770
  0.017   730323.777
  0.014   730323.777
  0.014   730323.784
  0.017   730323.791
  0.015   730323.791
  0.017   730323.798
  0.087   730323.805
  0.017   730323.805
  0.016   730323.812
  0.072   730323.819
  0.022   730323.819
  0.030   730323.826
  0.028   730323.833
  0.019   730323.833
  0.022   730323.840
  0.023   730323.847
  0.013   730323.847
  0.018   730323.854
  0.019   730323.860
  0.021   730323.860
  0.018   730323.867
  0.026   730323.867
  0.014   730323.874
  0.019   730323.881
  0.017   730323.881
  0.016   730323.888
  0.009   730323.895
  0.015   730323.895
  0.023   730323.902
  0.022   730323.902
  0.031   730323.909
  0.020   730323.916
  0.032   730323.916
  0.026   730323.923
  0.003   730323.923
  0.019   730323.930
  0.022   730323.937
  0.027   730323.937
  0.024   730323.944
  0.017   730323.951
  0.023   730323.951
  0.017   730323.958
  0.034   730323.958
  0.030   730323.965
  0.007   730323.972
  0.019   730323.972
  0.037   730323.979
  0.010   730323.979
  0.022   730323.985
  0.017   730323.992
  0.021   730323.992
  0.027   730323.999
  0.016   730323.999
