  0.070   730323.049
  0.088   730323.055
  0.084   730323.062
  0.075   730323.069
  0.087   730323.076
  0.087   730323.083
  0.095   730323.090
  0.110   730323.097
  0.102   730323.104
  0.121   730323.111
  0.101   730323.118
  0.104   730323.125
  0.074   730323.132
  0.088   730323.139
  0.139   730323.146
  0.080   730323.153
  0.088   730323.160
  0.105   730323.167
  0.130   730323.173
  0.129   730323.181
  0.121   730323.187
  0.106   730323.194
  0.116   730323.201
  0.111   730323.208
  0.115   730323.215
  0.097   730323.222
  0.100   730323.229
  6.312   730323.236
  0.661   730323.243
  0.100   730323.250
  0.095   730323.257
  0.090   730323.264
  0.103   730323.271
  0.091   730323.278
  0.093   730323.285
  0.101   730323.292
  0.092   730323.299
  0.091   730323.305
  0.090   730323.313
  0.086   730323.319
  0.079   730323.326
  0.085   730323.333
  0.083   730323.340
  0.080   730323.347
  0.083   730323.354
  0.075   730323.361
  0.071   730323.368
  0.065   730323.375
  0.072   730323.382
  0.071   730323.389
  0.057   730323.396
  0.075   730323.403
  0.073   730323.410
  0.070   730323.417
  0.070   730323.424
  0.069   730323.431
  0.068   730323.437
  0.066   730323.444
  0.074   730323.451
  0.064   730323.458
  0.058   730323.465
  0.067   730323.472
  0.062   730323.479
  0.058   730323.486
  0.058   730323.493
  0.062   730323.500
  0.057   730323.507
  0.054   730323.514
  0.062   730323.521
  0.063   730323.528
  0.059   730323.535
  0.058   730323.542
  0.065   730323.549
  0.064   730323.555
  0.060   730323.562
  0.068   730323.569
  0.064   730323.576
  0.059   730323.583
  0.100   730323.590
  0.060   730323.597
  0.060   730323.604
  0.063   730323.611
  0.049   730323.618
  0.060   730323.625
  0.067   730323.632
  0.057   730323.639
  0.063   730323.646
  0.068   730323.653
  0.072   730323.660
  0.061   730323.667
  0.070   730323.674
  0.058   730323.681
  0.065   730323.687
  0.075   730323.694
  0.061   730323.701
  0.063   730323.708
  0.066   730323.715
  0.073   730323.722
  0.068   730323.729
  0.067   730323.736
  0.060   730323.743
  0.065   730323.750
  0.059   730323.757
  0.062   730323.764
  0.060   730323.771
  0.054   730323.778
  0.056   730323.785
  0.065   730323.792
  0.051   730323.799
  0.059   730323.806
  0.054   730323.812
  0.051   730323.819
  0.043   730323.826
  0.048   730323.833
  0.047   730323.840
  0.043   730323.847
  0.046   730323.854
  0.047   730323.861
  0.043   730323.868
  0.039   730323.875
  0.041   730323.882
  0.045   730323.889
  0.044   730323.896
  0.038   730323.903
  0.034   730323.910
  0.038   730323.917
  0.036   730323.924
  0.036   730323.931
  0.036   730323.938
  0.034   730323.945
  0.034   730323.951
  0.031   730323.958
  0.035   730323.965
  0.035   730323.972
  0.031   730323.979
  0.035   730323.986
  0.031   730323.993
