  0.220   730323.050
  0.243   730323.056
  0.218   730323.063
  0.237   730323.070
  0.231   730323.077
  0.235   730323.084
  0.223   730323.091
  0.232   730323.098
  0.214   730323.105
  0.211   730323.112
  0.220   730323.119
  0.218   730323.126
  0.210   730323.133
  0.196   730323.140
  1.010   730323.147
  0.217   730323.154
  0.185   730323.161
  0.215   730323.168
  0.219   730323.174
  0.210   730323.182
  0.207   730323.189
  0.190   730323.195
  0.180   730323.202
  0.171   730323.209
  0.194   730323.216
  0.176   730323.223
  0.183   730323.230
  2.599   730323.237
  1.144   730323.244
  0.175   730323.251
  0.170   730323.258
  0.171   730323.265
  0.180   730323.272
  0.159   730323.279
  0.159   730323.286
  0.149   730323.293
  0.166   730323.300
  0.166   730323.306
  0.171   730323.314
  0.155   730323.320
  0.169   730323.327
  0.166   730323.334
  0.155   730323.341
  0.183   730323.348
  0.170   730323.355
  0.205   730323.362
  0.186   730323.369
  0.192   730323.376
  0.217   730323.383
  0.222   730323.390
  0.221   730323.397
  0.209   730323.404
  0.220   730323.411
  4.765   730323.418
  0.271   730323.425
  0.245   730323.432
  0.232   730323.438
  0.200   730323.445
  0.897   730323.452
  0.222   730323.459
  0.225   730323.466
  0.210   730323.473
  0.228   730323.480
  0.212   730323.487
  0.209   730323.494
  0.228   730323.501
  0.206   730323.508
  0.196   730323.515
  0.230   730323.522
  0.240   730323.529
  0.234   730323.536
  0.220   730323.543
  0.236   730323.549
  0.246   730323.556
  0.237   730323.563
  0.258   730323.570
  0.280   730323.577
  0.246   730323.584
  0.620   730323.591
  0.261   730323.598
  0.254   730323.605
  0.249   730323.612
  0.245   730323.619
  0.286   730323.626
  0.247   730323.633
  0.279   730323.640
  0.290   730323.647
  0.917   730323.654
  0.258   730323.661
  0.280   730323.668
  0.276   730323.675
  0.253   730323.682
  0.265   730323.688
  0.295   730323.695
  0.307   730323.702
  0.290   730323.709
  0.297   730323.716
  0.273   730323.723
  0.300   730323.730
  0.281   730323.737
  0.283   730323.744
  0.285   730323.751
  0.285   730323.758
  0.297   730323.765
  0.291   730323.772
  0.987   730323.779
  0.270   730323.786
  3.338   730323.793
  0.282   730323.800
  0.338   730323.807
  0.300   730323.813
  0.270   730323.820
  0.302   730323.827
  2.850   730323.834
  0.321   730323.841
  0.294   730323.848
  0.282   730323.855
  0.314   730323.862
  0.276   730323.869
  0.260   730323.876
  0.266   730323.883
  0.314   730323.890
  0.300   730323.897
  0.276   730323.904
  0.265   730323.911
  7.051   730323.918
  0.285   730323.925
  0.316   730323.932
  0.298   730323.939
  0.279   730323.946
  0.318   730323.952
  0.267   730323.959
  0.305   730323.966
  0.278   730323.973
  0.265   730323.980
  0.304   730323.987
  0.264   730323.994
