  0.202   730273.001
  0.696   730273.007
  0.636   730273.014
  0.698   730273.021
  0.763   730273.028
 23.731   730273.035
  0.693   730273.042
 26.432   730273.049
  0.620   730273.056
  0.515   730273.063
  0.590   730273.070
  0.688   730273.077
  0.668   730273.084
  0.756   730273.091
  0.625   730273.097
  0.809   730273.104
  0.690   730273.111
  0.759   730273.118
  0.729   730273.125
  0.646   730273.132
  0.700   730273.139
  0.602   730273.146
  0.727   730273.153
  0.753   730273.160
  0.746   730273.167
  0.677   730273.174
  0.724   730273.181
  0.795   730273.188
  0.769   730273.195
  0.754   730273.202
  0.713   730273.209
  0.752   730273.216
  0.675   730273.222
  0.739   730273.229
  0.615   730273.236
  0.563   730273.243
  0.537   730273.250
  0.486   730273.257
  0.577   730273.264
  0.593   730273.271
  0.570   730273.278
  0.608   730273.285
  0.596   730273.292
  0.570   730273.299
  0.551   730273.306
  0.691   730273.313
  0.660   730273.320
  0.561   730273.327
  0.544   730273.334
  0.543   730273.341
  0.555   730273.348
  0.648   730273.354
  0.553   730273.361
  0.609   730273.368
  0.518   730273.375
  0.711   730273.382
  0.565   730273.389
  0.594   730273.396
  0.567   730273.403
  0.641   730273.410
  0.532   730273.417
  0.657   730273.424
  0.627   730273.431
  0.592   730273.438
  0.637   730273.445
  0.595   730273.452
  0.693   730273.459
  0.623   730273.466
  0.617   730273.473
  0.593   730273.479
  0.739   730273.486
  0.687   730273.493
  0.643   730273.500
  0.636   730273.507
  0.647   730273.514
  0.569   730273.521
  0.642   730273.528
  0.676   730273.535
  0.598   730273.542
  0.659   730273.549
  0.780   730273.556
  0.721   730273.563
  0.706   730273.570
  0.627   730273.577
  0.537   730273.584
  0.758   730273.591
  0.650   730273.598
  0.713   730273.605
  0.745   730273.611
  0.747   730273.618
  0.726   730273.625
  0.721   730273.632
  0.790   730273.639
  0.718   730273.646
  0.747   730273.653
  0.659   730273.660
  0.910   730273.667
  0.751   730273.674
  0.649   730273.681
  0.666   730273.688
  0.557   730273.695
  0.630   730273.702
  0.577   730273.709
  0.570   730273.716
  1.271   730273.723
  0.654   730273.730
  0.695   730273.737
  0.534   730273.744
  1.070   730273.750
  0.512   730273.757
  0.686   730273.764
  0.672   730273.771
  0.534   730273.778
  0.732   730273.785
  0.656   730273.792
  0.711   730273.799
  0.680   730273.806
  0.743   730273.813
  0.761   730273.820
  0.861   730273.827
  0.730   730273.834
  0.686   730273.841
  1.189   730273.848
  1.314   730273.855
  0.775   730273.862
  0.941   730273.868
  0.776   730273.875
  0.640   730273.889
  0.706   730273.896
  0.720   730273.903
  0.866   730273.910
  0.896   730273.917
  0.656   730273.924
  0.591   730273.931
  0.507   730273.938
  0.574   730273.945
  2.600   730273.952
  0.454   730273.959
  0.564   730273.966
  0.616   730273.973
  0.621   730273.980
  0.668   730273.987
  0.647   730273.993
