  1.331   730273.002
  0.841   730273.002
  1.393   730273.009
  1.485   730273.016
  1.265   730273.023
  2.068   730273.030
  1.352   730273.037
  1.233   730273.044
  1.244   730273.051
  1.110   730273.058
  1.192   730273.065
 92.839   730273.071
  1.303   730273.078
  1.291   730273.085
  1.333   730273.092
  1.321   730273.099
  1.253   730273.106
  1.207   730273.113
  1.200   730273.120
  1.090   730273.127
  1.280   730273.134
  1.367   730273.141
  1.316   730273.148
  1.259   730273.155
  1.404   730273.162
  1.216   730273.169
  1.363   730273.176
  1.330   730273.182
  1.466   730273.189
  1.353   730273.196
  1.378   730273.203
  1.315   730273.210
  1.231   730273.217
  1.269   730273.224
  1.356   730273.231
  1.256   730273.238
  1.044   730273.245
  1.168   730273.252
  1.188   730273.259
  1.051   730273.266
  1.294   730273.273
  1.168   730273.280
  1.228   730273.287
  1.206   730273.294
  1.272   730273.301
  1.137   730273.308
  1.191   730273.314
  1.125   730273.321
  1.059   730273.328
  1.280   730273.335
  1.106   730273.342
  1.186   730273.349
  1.118   730273.356
  1.049   730273.363
  1.034   730273.370
  1.269   730273.377
  1.166   730273.384
  1.217   730273.391
  1.050   730273.398
  1.177   730273.405
  1.204   730273.412
  1.039   730273.419
  1.221   730273.426
  1.289   730273.433
  1.227   730273.440
  1.228   730273.446
  1.166   730273.454
  1.250   730273.460
  1.153   730273.467
  1.074   730273.474
  1.270   730273.481
  1.259   730273.488
  1.270   730273.495
  1.283   730273.502
  1.179   730273.509
  1.167   730273.515
  1.159   730273.523
  1.116   730273.530
  1.220   730273.537
  1.070   730273.544
  1.235   730273.551
  1.287   730273.558
  1.248   730273.565
 61.235   730273.572
  1.226   730273.578
  1.257   730273.586
  1.213   730273.592
  1.176   730273.599
  1.328   730273.606
  1.239   730273.613
  1.182   730273.620
  1.245   730273.627
  1.319   730273.634
  1.370   730273.641
  1.186   730273.648
  1.393   730273.655
  1.309   730273.662
  1.261   730273.669
  1.425   730273.676
  1.292   730273.683
  1.091   730273.690
  1.191   730273.697
  1.222   730273.704
  1.305   730273.711
  1.248   730273.718
  1.375   730273.725
  1.241   730273.731
  1.308   730273.738
  1.293   730273.745
  1.166   730273.752
  1.160   730273.759
  1.106   730273.766
  1.183   730273.773
  0.045   730273.779
  1.276   730273.779
  1.149   730273.787
  1.370   730273.794
  1.191   730273.801
  1.375   730273.808
  1.346   730273.815
  1.344   730273.822
  1.406   730273.829
  1.333   730273.836
  1.274   730273.842
  1.342   730273.849
  1.352   730273.856
  1.521   730273.864
  1.335   730273.870
  1.403   730273.877
  1.376   730273.891
  1.438   730273.898
  1.572   730273.905
  1.392   730273.912
  1.390   730273.919
  1.234   730273.926
  1.374   730273.933
  1.232   730273.940
  1.262   730273.947
  1.157   730273.954
  1.214   730273.961
  1.192   730273.968
  1.331   730273.975
  1.175   730273.981
  1.358   730273.988
  1.324   730273.995
