  1.053   730158.051
  1.017   730158.058
  1.008   730158.065
  1.103   730158.072
  1.151   730158.078
  3.458   730158.085
  3.296   730158.092
  1.865   730158.099
  2.050   730158.106
  1.612   730158.113
  1.847   730158.120
  1.813   730158.127
  2.022   730158.134
  1.848   730158.141
  1.632   730158.148
  1.647   730158.155
  1.616   730158.162
  1.735   730158.169
  1.830   730158.176
  1.765   730158.183
  1.930   730158.190
  1.961   730158.197
  1.734   730158.203
  1.064   730158.210
  1.153   730158.252
  1.181   730158.259
  1.181   730158.266
  2.208   730158.273
  1.566   730158.280
  1.156   730158.287
  0.000   730158.294
  1.145   730158.301
  0.000   730158.308
  1.147   730158.315
  1.137   730158.322
  1.160   730158.328
  1.155   730158.335
  0.000   730158.342
  0.000   730158.349
  0.000   730158.356
  1.156   730158.363
  1.148   730158.370
  1.136   730158.377
  1.153   730158.384
  1.147   730158.391
  1.187   730158.398
  0.000   730158.405
  2.642   730158.412
  4.476   730158.419
  0.961   730158.426
  1.069   730158.433
  0.964   730158.440
  0.971   730158.447
  1.043   730158.454
  1.280   730158.460
  0.912   730158.467
  0.834   730158.474
  0.926   730158.481
  0.955   730158.488
  0.957   730158.495
  0.873   730158.502
  0.772   730158.509
  0.890   730158.516
  0.903   730158.523
  0.945   730158.530
  0.883   730158.537
  0.847   730158.544
  0.958   730158.551
  0.894   730158.558
  0.784   730158.565
  0.697   730158.572
  0.854   730158.578
  0.941   730158.585
  0.901   730158.592
  0.799   730158.599
  0.811   730158.606
  0.735   730158.613
  0.854   730158.620
  0.798   730158.627
  0.702   730158.641
  0.787   730158.648
  0.863   730158.655
  0.865   730158.662
  0.745   730158.669
  0.718   730158.676
  0.660   730158.683
  0.698   730158.690
  0.640   730158.697
  0.710   730158.703
  0.696   730158.710
  0.626   730158.717
  0.615   730158.724
  0.661   730158.731
  0.703   730158.738
  0.478   730158.745
  0.629   730158.752
  0.602   730158.759
  0.585   730158.766
  0.529   730158.773
  0.618   730158.780
  0.647   730158.787
  0.668   730158.794
  0.590   730158.801
  0.721   730158.808
  0.695   730158.815
  0.563   730158.822
  0.625   730158.828
  0.589   730158.835
  0.633   730158.842
  0.630   730158.849
  2.750   730158.856
  8.600   730158.863
  0.614   730158.870
  0.658   730158.877
  0.634   730158.884
  0.741   730158.891
 12.423   730158.898
  1.630   730158.905
    NaN   730158.912
  0.762   730158.919
  0.705   730158.926
  0.709   730158.933
  4.200   730158.940
 11.086   730158.947
  5.275   730158.953
  0.801   730158.960
  0.729   730158.967
  0.841   730158.974
  4.529   730158.981
  5.907   730158.988
  0.763   730158.995
