  0.353   730158.049
  0.374   730158.056
  0.334   730158.062
  0.368   730158.069
  0.392   730158.076
  0.366   730158.083
  0.361   730158.090
  0.376   730158.097
  0.321   730158.104
  0.369   730158.111
  0.383   730158.118
  0.353   730158.125
  0.333   730158.132
  0.341   730158.139
  0.373   730158.146
  0.389   730158.153
  0.365   730158.160
  0.409   730158.167
  0.371   730158.174
  0.368   730158.181
  0.497   730158.188
  0.383   730158.194
  0.358   730158.201
  0.349   730158.208
  0.339   730158.250
  0.365   730158.257
  0.341   730158.264
  0.393   730158.271
  0.368   730158.278
  0.393   730158.285
  0.378   730158.292
  0.420   730158.299
  0.388   730158.306
  0.428   730158.312
  0.415   730158.319
  0.403   730158.326
  0.463   730158.333
  0.432   730158.340
  0.444   730158.347
  0.428   730158.354
  0.411   730158.361
  0.394   730158.368
  0.376   730158.375
  0.462   730158.383
  0.422   730158.389
  0.424   730158.396
  0.432   730158.403
  0.468   730158.410
  0.427   730158.417
  0.384   730158.424
  0.400   730158.431
  0.403   730158.438
  0.416   730158.444
  0.405   730158.452
  0.421   730158.459
  0.364   730158.465
  0.415   730158.472
  0.401   730158.479
  0.385   730158.486
  0.405   730158.493
  0.445   730158.500
  0.401   730158.507
  0.460   730158.514
  0.425   730158.521
  0.433   730158.528
  0.464   730158.535
  0.411   730158.542
  0.379   730158.549
  0.417   730158.556
  0.415   730158.563
  0.390   730158.570
  0.402   730158.576
  0.394   730158.583
  0.376   730158.590
  0.397   730158.597
  0.384   730158.604
  0.431   730158.612
  0.451   730158.619
  0.418   730158.626
  0.451   730158.639
  0.435   730158.646
  0.416   730158.653
  0.487   730158.660
  0.395   730158.667
  1.154   730158.674
  1.714   730158.681
  2.309   730158.688
    NaN   730158.694
    NaN   730158.701
  0.428   730158.708
  0.470   730158.715
  0.402   730158.722
  0.430   730158.729
  0.451   730158.736
  0.463   730158.743
  0.429   730158.750
  0.424   730158.757
  0.400   730158.764
  0.503   730158.771
  0.458   730158.778
  0.433   730158.785
  0.409   730158.792
  0.460   730158.799
  0.430   730158.806
  0.396   730158.813
  0.432   730158.820
  0.441   730158.827
  0.412   730158.834
  0.454   730158.841
  3.334   730158.847
  1.365   730158.855
  0.349   730158.861
  0.375   730158.868
  0.422   730158.876
  0.421   730158.882
  0.346   730158.889
  0.394   730158.897
  0.355   730158.903
  0.385   730158.910
  0.401   730158.917
  0.338   730158.924
  0.369   730158.931
  0.379   730158.938
  0.357   730158.945
  0.375   730158.952
  0.350   730158.959
  0.371   730158.965
  0.344   730158.972
  0.359   730158.980
  0.390   730158.987
  0.341   730158.994
