  0.000   730158.050
  0.000   730158.057
  2.959   730158.064
  0.000   730158.071
  0.000   730158.078
  0.000   730158.085
  0.000   730158.092
  0.000   730158.099
  0.000   730158.106
  0.000   730158.113
  0.000   730158.119
  0.000   730158.126
  0.000   730158.133
  0.000   730158.140
  0.000   730158.147
  0.000   730158.154
  0.000   730158.161
  0.000   730158.168
  0.000   730158.175
  0.000   730158.182
  0.000   730158.189
  0.000   730158.196
  0.000   730158.203
  0.000   730158.210
  0.000   730158.251
  0.000   730158.258
  0.000   730158.265
  1.795   730158.272
  0.000   730158.279
  0.000   730158.286
  0.000   730158.293
  0.000   730158.300
  0.000   730158.307
  0.000   730158.314
  0.000   730158.321
  0.000   730158.328
  0.000   730158.335
  0.000   730158.342
  0.000   730158.349
  0.000   730158.356
  0.000   730158.363
  0.000   730158.369
  0.000   730158.376
  0.000   730158.383
  0.000   730158.390
  0.000   730158.397
  0.000   730158.404
  0.000   730158.411
  0.000   730158.418
  0.000   730158.425
  0.000   730158.432
  0.000   730158.439
  0.000   730158.446
  0.000   730158.453
  1.680   730158.460
  0.000   730158.467
  0.000   730158.474
  0.000   730158.481
  0.000   730158.488
  0.000   730158.494
  0.000   730158.501
  0.000   730158.508
  0.000   730158.515
  0.000   730158.522
  0.000   730158.529
  0.000   730158.536
  0.000   730158.543
  0.000   730158.550
  0.000   730158.557
  0.000   730158.565
  0.000   730158.571
  0.000   730158.578
  0.000   730158.585
  0.000   730158.592
  0.000   730158.599
  0.000   730158.606
  0.000   730158.613
  0.000   730158.619
  0.000   730158.626
  0.000   730158.640
  0.000   730158.647
  0.000   730158.654
  0.000   730158.661
  0.000   730158.668
  0.000   730158.675
  0.000   730158.682
  0.000   730158.689
  0.000   730158.696
  0.000   730158.703
  0.000   730158.710
  0.000   730158.717
  0.000   730158.724
  0.000   730158.731
  0.000   730158.738
  0.000   730158.744
  0.000   730158.751
  0.000   730158.758
  0.000   730158.765
  0.000   730158.772
  0.000   730158.779
  3.057   730158.786
  0.000   730158.793
  0.000   730158.800
  0.000   730158.807
  2.169   730158.814
  0.000   730158.821
  0.000   730158.828
  0.000   730158.835
  0.000   730158.842
  0.000   730158.849
  0.000   730158.856
  0.000   730158.863
  0.000   730158.869
  0.000   730158.876
  0.000   730158.883
  0.000   730158.890
  0.000   730158.897
  0.716   730158.904
  0.000   730158.911
  0.000   730158.918
  0.000   730158.925
  0.000   730158.932
  0.000   730158.939
  0.000   730158.946
  0.000   730158.953
  0.000   730158.960
  0.000   730158.967
  0.000   730158.974
  0.000   730158.981
  0.000   730158.988
  0.000   730158.994
