  0.099   730356.000
  0.004   730356.000
  0.099   730356.007
  0.102   730356.014
  0.086   730356.021
  0.096   730356.028
  0.086   730356.035
  0.079   730356.042
  0.089   730356.049
  0.083   730356.056
  0.083   730356.063
  0.072   730356.069
  0.068   730356.076
  0.072   730356.083
  0.074   730356.090
  0.068   730356.097
  0.075   730356.104
  0.075   730356.111
  0.080   730356.118
  0.057   730356.125
  0.066   730356.132
  0.061   730356.139
  0.060   730356.146
  0.070   730356.153
  0.068   730356.160
  0.076   730356.167
  0.067   730356.174
  0.068   730356.181
  0.063   730356.187
  0.066   730356.194
  0.060   730356.201
  0.065   730356.208
  0.066   730356.215
  0.062   730356.222
  0.059   730356.229
  0.064   730356.236
  0.060   730356.243
  0.059   730356.250
  0.063   730356.257
  0.238   730356.264
  0.065   730356.271
  0.069   730356.278
  0.075   730356.285
  0.071   730356.292
  0.068   730356.299
  0.064   730356.306
  0.067   730356.313
  0.070   730356.319
  0.065   730356.326
  0.072   730356.333
  0.061   730356.340
  0.824   730356.347
  0.060   730356.354
  0.283   730356.361
  0.709   730356.368
  0.075   730356.375
  0.068   730356.382
  0.065   730356.389
  0.074   730356.396
  0.068   730356.403
  0.066   730356.410
  0.070   730356.417
  0.075   730356.424
  0.068   730356.431
  0.066   730356.437
  0.067   730356.444
  0.064   730356.451
  0.070   730356.458
  0.066   730356.465
  0.066   730356.472
  0.061   730356.479
  0.064   730356.486
  0.067   730356.493
  0.059   730356.500
  0.065   730356.507
  0.062   730356.514
  0.055   730356.521
  0.055   730356.528
  0.055   730356.535
  0.057   730356.542
  0.052   730356.549
  0.060   730356.556
  0.051   730356.563
  0.047   730356.569
  0.051   730356.576
  0.047   730356.583
  0.052   730356.590
  0.040   730356.597
  0.049   730356.604
  0.275   730356.611
  0.044   730356.618
  0.044   730356.625
  0.046   730356.632
  0.044   730356.639
  0.046   730356.646
  0.042   730356.653
  0.041   730356.660
  0.046   730356.667
  0.042   730356.674
  0.041   730356.681
  0.045   730356.688
  0.041   730356.694
  0.039   730356.701
  0.040   730356.708
  0.050   730356.715
  0.036   730356.722
  0.035   730356.729
  0.042   730356.736
  0.036   730356.743
  0.037   730356.750
  0.038   730356.757
  0.036   730356.764
  0.035   730356.771
  0.038   730356.778
  0.037   730356.785
  0.035   730356.792
  0.036   730356.799
  0.035   730356.806
  0.036   730356.813
  0.037   730356.819
  0.036   730356.826
  0.039   730356.833
  0.039   730356.840
  0.879   730356.847
  0.035   730356.854
  0.036   730356.861
  0.042   730356.868
  0.036   730356.875
  0.037   730356.882
  0.038   730356.889
  0.035   730356.896
  0.036   730356.903
  0.034   730356.910
  0.034   730356.917
  0.032   730356.924
  0.037   730356.931
  0.036   730356.938
  0.037   730356.944
  0.032   730356.951
  0.033   730356.958
  0.036   730356.965
  0.104   730356.972
  0.001   730356.979
  0.034   730356.979
  0.040   730356.986
  0.038   730356.993
