  0.029   730356.000
  0.009   730356.000
  0.034   730356.007
  0.031   730356.014
  0.031   730356.021
  0.032   730356.028
  0.035   730356.035
  0.035   730356.042
  0.033   730356.049
  0.035   730356.056
  0.034   730356.063
  0.037   730356.069
  0.034   730356.076
  0.034   730356.083
  0.032   730356.090
  0.032   730356.097
  0.031   730356.104
  0.029   730356.111
  1.932   730356.118
  0.029   730356.125
  0.027   730356.132
  0.025   730356.139
  0.028   730356.146
  0.027   730356.153
  0.027   730356.160
  0.027   730356.167
  0.026   730356.174
  0.025   730356.181
  0.029   730356.187
  0.023   730356.194
  0.025   730356.201
  0.029   730356.208
  0.026   730356.215
  0.028   730356.222
  0.027   730356.229
  0.026   730356.236
  0.022   730356.243
  0.026   730356.250
  0.026   730356.257
  0.027   730356.264
  0.027   730356.271
  0.027   730356.278
  0.023   730356.285
  0.024   730356.292
  0.022   730356.299
  0.023   730356.306
  0.030   730356.313
  0.032   730356.319
  0.024   730356.326
  0.024   730356.333
  0.023   730356.340
  0.029   730356.347
  0.026   730356.354
  0.173   730356.361
  0.483   730356.368
  0.026   730356.375
  0.032   730356.382
  0.024   730356.389
  0.026   730356.396
  0.023   730356.403
  0.028   730356.410
  0.027   730356.417
  0.029   730356.424
  0.031   730356.431
  0.041   730356.437
  0.026   730356.444
  0.029   730356.451
  0.029   730356.458
  0.028   730356.465
  0.026   730356.472
  0.025   730356.479
  0.028   730356.486
  0.028   730356.493
  0.027   730356.500
  0.028   730356.507
  0.028   730356.514
  0.027   730356.521
  0.027   730356.528
  0.026   730356.535
  0.025   730356.542
  0.028   730356.549
  0.027   730356.556
  0.023   730356.563
  0.025   730356.569
  0.023   730356.576
  0.028   730356.583
  0.025   730356.590
  0.023   730356.597
  0.035   730356.604
  0.024   730356.611
  2.181   730356.618
  0.025   730356.625
  0.026   730356.632
  0.027   730356.639
  0.025   730356.646
  0.027   730356.653
  0.025   730356.660
  0.028   730356.667
  0.045   730356.674
  0.029   730356.681
  0.026   730356.688
  0.024   730356.694
  0.023   730356.701
  0.024   730356.708
  0.026   730356.715
  0.025   730356.722
  0.026   730356.729
  0.033   730356.736
  0.031   730356.743
  0.027   730356.750
  0.025   730356.757
  0.024   730356.764
  0.022   730356.771
  0.027   730356.778
  0.041   730356.785
  0.022   730356.792
  0.055   730356.799
  0.030   730356.806
  0.023   730356.813
  0.025   730356.819
  0.026   730356.826
  0.020   730356.833
  0.023   730356.840
  0.024   730356.847
  0.034   730356.854
  0.023   730356.861
  0.024   730356.868
  0.020   730356.875
  0.025   730356.882
  0.021   730356.889
  0.021   730356.896
  0.023   730356.903
  0.022   730356.910
  0.021   730356.917
  0.069   730356.924
  0.022   730356.931
  0.022   730356.938
  0.022   730356.944
  0.024   730356.951
  0.021   730356.958
  0.020   730356.965
  0.038   730356.972
  0.009   730356.979
  0.020   730356.979
  0.022   730356.986
  0.022   730356.993
