  0.347   730356.001
  0.171   730356.001
  0.318   730356.008
  0.272   730356.015
  0.304   730356.022
  0.324   730356.029
  0.298   730356.036
  0.293   730356.043
  0.292   730356.050
  0.328   730356.057
  0.322   730356.064
  0.287   730356.071
  0.319   730356.077
  0.257   730356.084
  0.313   730356.092
  0.299   730356.098
  0.330   730356.105
  0.276   730356.112
  0.369   730356.119
  0.332   730356.126
  0.341   730356.133
  0.327   730356.140
  0.312   730356.147
  0.301   730356.154
  0.366   730356.161
  0.339   730356.168
  0.341   730356.175
  0.308   730356.182
  0.363   730356.189
  0.387   730356.196
  0.372   730356.202
  0.382   730356.209
  0.374   730356.216
  0.359   730356.223
  0.366   730356.230
  0.407   730356.237
  0.386   730356.244
  0.380   730356.251
  0.378   730356.258
  0.428   730356.265
  0.342   730356.272
  0.400   730356.279
  0.385   730356.286
  0.425   730356.293
  0.431   730356.300
  0.378   730356.307
  0.409   730356.314
  0.380   730356.321
  0.433   730356.327
  0.400   730356.334
  0.412   730356.341
  0.408   730356.348
  0.386   730356.355
  0.543   730356.362
  0.546   730356.369
  0.517   730356.376
  3.145   730356.383
  0.375   730356.390
  0.420   730356.397
  0.383   730356.404
  0.388   730356.411
  0.406   730356.418
  0.349   730356.425
  0.358   730356.432
  0.380   730356.439
  0.364   730356.445
  0.355   730356.452
  0.392   730356.459
  0.363   730356.466
  0.321   730356.473
  0.367   730356.480
  0.331   730356.487
  0.298   730356.494
  0.314   730356.501
  0.311   730356.508
  0.343   730356.515
  0.329   730356.522
  0.331   730356.529
  0.316   730356.536
  0.321   730356.543
  0.318   730356.550
  0.288   730356.557
  0.313   730356.564
  0.279   730356.571
  0.317   730356.577
  0.284   730356.584
  0.272   730356.591
  0.272   730356.598
  0.310   730356.605
  0.273   730356.612
  0.260   730356.619
  0.306   730356.626
  0.254   730356.633
  0.282   730356.640
  0.275   730356.647
  0.252   730356.654
  0.245   730356.661
  0.274   730356.668
  0.255   730356.675
  0.299   730356.682
  0.288   730356.689
  0.253   730356.696
  0.266   730356.702
  0.254   730356.709
  0.254   730356.716
  0.267   730356.723
  0.243   730356.730
  0.267   730356.737
  0.297   730356.744
  0.288   730356.751
  0.270   730356.758
  0.278   730356.765
  0.269   730356.772
  0.274   730356.779
  0.246   730356.786
  0.247   730356.793
  0.266   730356.800
  0.244   730356.807
  0.236   730356.814
  0.283   730356.821
  0.252   730356.827
  0.271   730356.834
  0.301   730356.841
  0.240   730356.848
  0.246   730356.855
  0.233   730356.862
  0.221   730356.869
  0.636   730356.876
  2.860   730356.883
  0.237   730356.890
  0.280   730356.897
  0.247   730356.904
  0.272   730356.911
  0.266   730356.918
  0.243   730356.925
  0.274   730356.932
  0.259   730356.939
  0.254   730356.946
  0.244   730356.952
  0.241   730356.959
  0.254   730356.966
  0.460   730356.973
    NaN   730356.979
  0.203   730356.979
  0.265   730356.987
  0.261   730356.994
