  1.072   730152.001
  1.138   730152.008
  1.136   730152.015
  0.948   730152.022
  1.081   730152.029
  1.047   730152.036
  1.147   730152.043
  1.382   730152.050
  1.123   730152.057
  1.435   730152.064
  1.165   730152.071
  1.269   730152.078
  1.269   730152.085
  1.231   730152.092
  1.425   730152.099
  1.391   730152.106
  1.154   730152.113
  1.416   730152.119
  1.430   730152.126
  1.351   730152.133
  1.316   730152.140
  1.623   730152.147
  1.344   730152.154
  1.392   730152.161
  1.378   730152.169
  1.542   730152.175
  1.297   730152.182
  1.319   730152.189
  1.265   730152.196
  1.355   730152.203
  1.402   730152.210
  1.344   730152.217
  1.318   730152.224
  1.385   730152.231
  1.241   730152.258
  1.347   730152.265
  1.324   730152.272
  1.305   730152.279
  1.325   730152.286
  1.411   730152.293
  1.498   730152.300
  1.422   730152.307
  1.307   730152.314
  1.234   730152.321
  1.497   730152.328
  1.611   730152.335
  1.496   730152.342
  1.305   730152.349
  1.608   730152.356
  1.658   730152.363
  1.557   730152.369
  1.382   730152.376
  1.373   730152.383
  1.536   730152.390
  1.487   730152.397
  1.454   730152.404
  1.312   730152.411
  1.377   730152.418
  1.299   730152.425
  1.393   730152.432
  1.425   730152.439
  1.352   730152.446
  1.225   730152.453
  1.228   730152.460
  1.236   730152.467
  1.335   730152.474
  1.344   730152.481
  1.230   730152.488
  1.231   730152.494
  1.273   730152.501
  1.169   730152.508
  1.112   730152.515
  1.342   730152.522
  1.187   730152.529
  5.070   730152.536
  1.152   730152.543
  1.227   730152.550
  1.187   730152.557
  1.142   730152.564
  1.381   730152.571
  1.213   730152.578
  1.136   730152.585
  1.205   730152.592
  1.137   730152.599
  1.227   730152.606
  1.155   730152.613
  1.161   730152.619
  1.188   730152.626
  1.170   730152.633
  1.598   730152.640
  1.190   730152.647
  1.220   730152.654
  1.208   730152.661
  1.136   730152.668
  1.172   730152.675
  1.203   730152.682
  1.258   730152.689
  1.203   730152.696
  1.158   730152.703
  1.208   730152.710
  1.356   730152.717
  1.190   730152.724
  1.247   730152.731
  1.130   730152.738
  1.188   730152.744
  1.034   730152.751
  1.150   730152.758
  1.036   730152.765
  1.229   730152.773
  1.241   730152.779
  1.031   730152.793
  1.102   730152.800
  1.142   730152.807
  1.251   730152.814
  1.102   730152.821
  1.165   730152.828
  1.303   730152.835
    NaN   730152.842
  1.171   730152.906
