  1.564   730152.002
  1.293   730152.009
  1.630   730152.016
  1.573   730152.023
  1.478   730152.030
  1.571   730152.037
  1.531   730152.044
  1.466   730152.051
  1.592   730152.058
  1.575   730152.065
  1.404   730152.072
  1.507   730152.078
  1.567   730152.085
  1.466   730152.092
  1.494   730152.099
  1.451   730152.106
  1.525   730152.113
  1.497   730152.120
  1.498   730152.127
  1.460   730152.134
  1.517   730152.141
  1.567   730152.148
  1.492   730152.155
  1.413   730152.162
  1.331   730152.169
  1.695   730152.176
  1.410   730152.183
  1.460   730152.190
  1.172   730152.197
  1.629   730152.203
  1.466   730152.210
  1.669   730152.217
  1.388   730152.224
  1.451   730152.231
  1.328   730152.259
  1.314   730152.266
  1.310   730152.273
  1.391   730152.280
  1.546   730152.287
  1.526   730152.294
  1.402   730152.301
  1.348   730152.308
  1.436   730152.315
  1.349   730152.322
  1.517   730152.328
  1.452   730152.335
  1.372   730152.342
  1.490   730152.349
  1.275   730152.356
  1.341   730152.363
  1.397   730152.370
  1.504   730152.377
  1.574   730152.384
  1.377   730152.391
  1.350   730152.398
  1.441   730152.405
  1.285   730152.412
  1.328   730152.419
  1.380   730152.426
  1.386   730152.433
  1.199   730152.440
  1.212   730152.447
  1.305   730152.454
  1.260   730152.460
  1.231   730152.467
  1.356   730152.474
  1.436   730152.481
  1.315   730152.488
  1.203   730152.495
  1.208   730152.502
  1.240   730152.509
  1.352   730152.516
  1.300   730152.523
  1.168   730152.530
  1.048   730152.537
  1.426   730152.544
  1.155   730152.551
  1.207   730152.558
  1.141   730152.565
  1.204   730152.572
  1.193   730152.578
  1.187   730152.585
  1.385   730152.592
  1.144   730152.599
  1.073   730152.606
  0.943   730152.613
  1.178   730152.620
  1.256   730152.627
  1.014   730152.634
  1.196   730152.641
  1.089   730152.648
  0.989   730152.655
  1.140   730152.662
  1.053   730152.669
  1.136   730152.676
  1.157   730152.683
  1.175   730152.690
  1.075   730152.697
  1.066   730152.703
  1.121   730152.710
  1.038   730152.717
  0.949   730152.724
  1.158   730152.731
  1.029   730152.738
  1.069   730152.745
  1.055   730152.752
  1.007   730152.759
  1.048   730152.767
  0.916   730152.774
  0.987   730152.780
  1.037   730152.794
  0.993   730152.801
  0.942   730152.808
  0.872   730152.815
  1.053   730152.822
  0.997   730152.828
  0.945   730152.836
  0.953   730152.842
  0.849   730152.914
