  0.593   730152.001
  0.635   730152.008
  0.684   730152.015
  0.717   730152.022
  0.599   730152.028
  0.583   730152.035
  0.728   730152.042
  0.568   730152.049
  0.555   730152.056
  0.584   730152.063
  0.507   730152.070
  0.556   730152.077
  0.592   730152.091
  0.519   730152.098
  0.519   730152.112
  0.529   730152.126
  0.648   730152.140
  0.525   730152.147
  0.561   730152.153
  0.626   730152.160
  0.602   730152.167
  0.513   730152.174
  0.541   730152.188
  0.557   730152.195
  0.528   730152.209
  0.469   730152.216
  0.547   730152.223
  0.551   730152.258
  0.621   730152.265
  0.666   730152.272
  0.651   730152.278
  0.596   730152.285
  0.587   730152.292
  0.599   730152.313
  0.546   730152.320
  0.532   730152.327
  0.573   730152.334
  0.523   730152.341
  0.545   730152.348
  0.510   730152.355
  0.518   730152.362
  0.506   730152.369
  0.499   730152.397
  0.503   730152.417
  0.450   730152.424
  0.487   730152.431
  0.533   730152.438
  0.436   730152.453
  0.502   730152.459
  0.426   730152.473
  0.485   730152.480
  0.486   730152.487
  0.460   730152.494
  0.434   730152.515
  0.457   730152.522
  0.516   730152.528
  0.472   730152.542
  0.481   730152.549
  0.490   730152.556
  0.552   730152.563
  0.441   730152.570
  0.451   730152.577
  0.478   730152.584
  0.460   730152.591
  0.433   730152.598
  0.434   730152.605
  0.449   730152.612
  0.450   730152.619
  0.425   730152.633
  0.398   730152.640
  0.452   730152.647
  0.431   730152.653
  0.464   730152.660
  0.501   730152.667
  0.426   730152.674
  0.504   730152.688
  0.454   730152.702
  0.410   730152.709
  0.420   730152.716
  0.469   730152.730
  0.439   730152.737
  0.487   730152.744
  0.447   730152.765
  0.642   730152.772
  0.519   730152.778
  0.563   730152.792
  0.501   730152.799
  0.612   730152.806
  0.493   730152.813
  0.541   730152.820
  0.577   730152.827
  0.709   730152.841
  0.583   730152.887
