  0.188   730152.001
  0.529   730152.008
  0.522   730152.015
  0.191   730152.022
  0.202   730152.028
  0.189   730152.035
  0.196   730152.042
  0.189   730152.049
  0.195   730152.056
  0.182   730152.063
  0.180   730152.070
  0.202   730152.077
  0.191   730152.084
  0.183   730152.091
  0.185   730152.098
  0.206   730152.105
  0.169   730152.112
  0.183   730152.119
  0.208   730152.126
  0.187   730152.133
  0.184   730152.140
  0.201   730152.147
  0.210   730152.153
  0.197   730152.160
  0.213   730152.167
  0.197   730152.174
  0.367   730152.181
  0.209   730152.188
  0.507   730152.195
  0.217   730152.202
  0.168   730152.209
  0.200   730152.216
  0.190   730152.223
  0.186   730152.230
  0.182   730152.258
  0.173   730152.265
  0.185   730152.272
  0.192   730152.278
  0.234   730152.285
  0.885   730152.292
  0.171   730152.299
  0.183   730152.306
  0.161   730152.313
  0.410   730152.320
  0.175   730152.327
  0.188   730152.334
  0.179   730152.341
  0.160   730152.348
  0.207   730152.355
  1.681   730152.362
  0.192   730152.369
  0.176   730152.376
  0.212   730152.383
  0.187   730152.390
  0.194   730152.397
  0.169   730152.403
  0.194   730152.410
  0.198   730152.417
  0.175   730152.424
  0.172   730152.431
  0.172   730152.438
  0.180   730152.445
  0.314   730152.453
  0.157   730152.459
  0.187   730152.466
  0.155   730152.473
  0.160   730152.480
  0.197   730152.487
  0.175   730152.494
  0.195   730152.501
  0.185   730152.508
  0.179   730152.515
  0.182   730152.522
  0.188   730152.528
  6.141   730152.535
  0.179   730152.542
  0.170   730152.549
  0.164   730152.556
  0.202   730152.563
  0.175   730152.570
  0.197   730152.577
  0.204   730152.584
  0.194   730152.591
  0.192   730152.598
  0.179   730152.605
  0.180   730152.612
  0.180   730152.619
  0.184   730152.626
  0.195   730152.633
  1.300   730152.640
  0.191   730152.647
  0.170   730152.653
  0.176   730152.660
  0.171   730152.667
  0.181   730152.674
  0.190   730152.681
  0.174   730152.688
  0.164   730152.695
  0.162   730152.702
  0.188   730152.709
  0.174   730152.716
  0.230   730152.723
  0.167   730152.730
  0.201   730152.737
  0.184   730152.744
  0.191   730152.751
  0.176   730152.758
  0.156   730152.765
  0.179   730152.772
  0.184   730152.778
  1.475   730152.792
  0.163   730152.799
  0.180   730152.806
  0.203   730152.813
  0.281   730152.820
  0.227   730152.827
  0.374   730152.834
  0.340   730152.841
  0.192   730152.891
