  0.684   730152.002
  0.673   730152.009
  0.593   730152.016
  0.629   730152.023
  0.664   730152.030
  0.578   730152.037
  0.659   730152.044
  0.645   730152.051
  0.615   730152.058
  0.598   730152.065
  0.583   730152.072
  0.586   730152.078
  0.553   730152.085
  0.539   730152.092
  0.580   730152.099
  0.555   730152.106
    NaN   730152.113
  0.559   730152.120
  0.538   730152.127
  0.500   730152.134
  0.548   730152.141
  0.586   730152.148
  0.572   730152.155
  0.522   730152.162
  0.492   730152.169
  0.562   730152.176
  0.506   730152.183
  0.445   730152.190
  0.509   730152.197
  0.551   730152.203
  0.527   730152.210
  0.553   730152.217
  0.563   730152.224
  0.590   730152.231
  0.580   730152.259
  0.564   730152.266
  0.535   730152.273
  0.488   730152.280
  0.498   730152.287
  0.506   730152.294
  0.520   730152.301
  0.546   730152.308
  0.447   730152.315
  0.555   730152.322
  0.496   730152.328
  0.507   730152.335
  0.556   730152.342
  0.860   730152.349
  0.538   730152.356
  0.462   730152.363
  0.516   730152.370
  0.566   730152.377
  0.492   730152.384
  0.449   730152.391
  0.537   730152.398
  0.493   730152.405
  0.486   730152.412
  0.531   730152.419
  0.502   730152.426
  0.506   730152.433
  0.530   730152.440
  0.519   730152.447
  0.517   730152.454
  0.508   730152.460
  0.529   730152.467
  0.498   730152.474
  0.497   730152.481
  0.449   730152.488
  0.530   730152.495
  0.532   730152.502
  0.523   730152.509
  0.535   730152.516
  0.543   730152.523
  0.538   730152.530
  0.532   730152.537
  0.533   730152.544
  0.555   730152.551
  0.555   730152.558
  0.517   730152.565
  0.545   730152.572
  0.488   730152.578
  0.465   730152.585
  0.466   730152.592
  0.560   730152.599
  0.515   730152.606
  0.528   730152.613
  0.459   730152.620
  0.463   730152.627
  0.470   730152.634
  0.532   730152.641
  0.462   730152.648
  0.465   730152.655
  0.420   730152.662
  0.379   730152.669
  0.456   730152.676
  0.421   730152.683
  0.445   730152.690
  0.459   730152.697
  0.413   730152.703
  0.426   730152.710
  0.393   730152.717
  0.430   730152.724
  0.413   730152.731
  0.372   730152.738
  0.440   730152.745
  0.363   730152.752
  0.452   730152.759
  0.362   730152.767
  0.372   730152.774
  0.329   730152.780
  0.388   730152.794
  0.361   730152.801
  0.389   730152.808
  0.392   730152.815
  0.375   730152.822
  0.353   730152.828
  0.394   730152.836
  0.346   730152.842
  0.314   730152.914
