  0.874   730152.002
  1.143   730152.009
  1.003   730152.016
  1.010   730152.022
  0.994   730152.030
  0.951   730152.037
  1.100   730152.044
  1.029   730152.051
  1.059   730152.058
  0.955   730152.065
  1.034   730152.072
  1.792   730152.078
  0.896   730152.085
  0.864   730152.092
  0.958   730152.099
  1.048   730152.106
  1.021   730152.113
  0.930   730152.119
  1.106   730152.127
  1.013   730152.133
  1.018   730152.141
  1.081   730152.148
  1.053   730152.155
  1.019   730152.162
  1.009   730152.169
  1.068   730152.175
  0.928   730152.182
  1.964   730152.190
  2.146   730152.197
  3.434   730152.203
  3.296   730152.210
  3.154   730152.217
  3.411   730152.224
  3.386   730152.231
  2.971   730152.259
  3.020   730152.266
  3.418   730152.273
  2.918   730152.280
  3.304   730152.287
  2.666   730152.293
  3.128   730152.300
  2.882   730152.307
  2.905   730152.315
  3.040   730152.322
  3.204   730152.328
  3.181   730152.335
  3.371   730152.342
  3.225   730152.349
  3.217   730152.356
  3.037   730152.363
  3.092   730152.370
  3.347   730152.376
  3.219   730152.383
  2.969   730152.390
  3.330   730152.398
  3.259   730152.404
  3.440   730152.411
  3.380   730152.419
  3.304   730152.426
  3.098   730152.433
  2.981   730152.440
  3.225   730152.447
  3.430   730152.454
  2.868   730152.460
  3.152   730152.467
  3.161   730152.474
  3.121   730152.481
  3.047   730152.488
  3.093   730152.495
  2.892   730152.501
  3.250   730152.508
  2.971   730152.516
  2.789   730152.523
  2.762   730152.530
  3.022   730152.536
  2.947   730152.544
  3.096   730152.551
  3.372   730152.558
  2.890   730152.564
  3.162   730152.572
  3.268   730152.578
  3.124   730152.585
  3.270   730152.592
  3.094   730152.599
  3.659   730152.606
  3.144   730152.613
  3.261   730152.620
  3.211   730152.626
  3.101   730152.634
  3.268   730152.641
  3.129   730152.647
  2.918   730152.654
  3.377   730152.662
  2.991   730152.669
  3.150   730152.676
  2.610   730152.682
  3.261   730152.689
  3.630   730152.696
  3.069   730152.703
  3.294   730152.710
  3.214   730152.717
  3.245   730152.724
  3.290   730152.731
  3.134   730152.738
  3.580   730152.745
  3.471   730152.751
  3.266   730152.758
  3.602   730152.766
  3.330   730152.773
  3.153   730152.780
  3.283   730152.794
  3.640   730152.801
  3.374   730152.808
  3.359   730152.815
  3.456   730152.822
  3.132   730152.828
  3.831   730152.835
  3.263   730152.842
  3.477   730152.909
