  2.250   730152.002
  2.056   730152.009
  1.953   730152.016
  2.310   730152.022
  2.134   730152.030
  1.958   730152.037
  2.107   730152.044
  1.973   730152.051
  1.961   730152.058
  2.171   730152.065
  2.050   730152.072
  2.043   730152.078
  1.952   730152.085
  1.598   730152.092
  2.062   730152.099
  2.116   730152.106
    NaN   730152.113
  2.106   730152.119
  1.994   730152.127
  2.225   730152.133
  1.794   730152.141
  2.018   730152.148
  2.045   730152.155
  2.553   730152.162
  1.871   730152.169
  2.113   730152.175
  1.796   730152.182
  1.983   730152.190
  2.161   730152.197
  1.815   730152.203
  1.984   730152.210
  1.999   730152.217
  2.019   730152.224
  2.031   730152.231
  2.094   730152.259
  2.060   730152.266
  2.537   730152.273
  2.035   730152.280
  2.086   730152.287
  2.452   730152.293
  1.965   730152.300
  2.228   730152.307
  2.341   730152.315
  2.580   730152.322
  2.110   730152.328
  2.066   730152.335
  2.089   730152.342
  2.128   730152.349
  2.184   730152.356
  2.486   730152.363
  1.865   730152.370
  1.951   730152.376
  2.358   730152.383
  2.302   730152.390
  2.213   730152.398
  1.927   730152.404
  1.889   730152.411
  2.146   730152.419
  2.045   730152.426
  1.915   730152.433
  2.163   730152.440
  2.242   730152.447
  2.244   730152.454
  1.829   730152.460
  2.088   730152.467
  1.844   730152.474
  2.127   730152.481
  1.801   730152.488
  1.973   730152.495
  1.972   730152.501
  1.759   730152.508
  1.902   730152.516
  1.916   730152.523
  1.834   730152.530
  2.105   730152.536
  1.775   730152.544
  1.686   730152.551
  2.232   730152.558
  1.953   730152.564
  1.735   730152.572
  1.992   730152.578
  1.820   730152.585
  1.834   730152.592
  1.701   730152.599
  1.545   730152.606
    NaN   730152.613
  1.611   730152.620
  1.727   730152.626
  1.924   730152.634
  1.750   730152.641
  1.602   730152.647
  1.671   730152.654
  1.979   730152.662
  1.788   730152.669
  1.853   730152.676
  1.654   730152.682
  1.762   730152.689
  1.964   730152.696
  1.647   730152.703
  1.581   730152.710
  1.810   730152.717
  1.597   730152.724
  1.607   730152.731
  1.750   730152.738
  1.810   730152.745
  1.825   730152.751
  1.494   730152.758
  1.702   730152.766
  1.569   730152.773
  1.805   730152.780
  1.796   730152.794
  1.846   730152.801
  1.791   730152.808
  1.698   730152.815
  1.508   730152.822
  1.870   730152.828
  1.855   730152.835
  1.760   730152.842
  1.642   730152.909
