  0.220   729959.040
  0.220   729959.040
  0.220   729959.040
  0.220   729959.040
  0.220   729959.040
  0.220   729959.040
  0.220   729959.040
  0.170   729959.100
  0.190   729959.110
  0.180   729959.120
  0.190   729959.120
  0.190   729959.130
  0.200   729959.140
  0.220   729959.650
  0.200   729959.660
  0.210   729959.670
  0.210   729959.680
  0.210   729959.690
  0.230   729959.690
  0.270   729959.700
  0.260   729959.710
  0.260   729959.710
  0.260   729959.720
  0.270   729959.730
  0.270   729959.730
  0.270   729959.740
  0.290   729959.750
  0.310   729959.750
  0.320   729959.760
  0.310   729959.770
  0.290   729959.780
  0.270   729959.780
  0.270   729959.790
  0.270   729959.800
  0.280   729959.800
  0.280   729959.810
  0.260   729959.820
  0.250   729959.820
  0.250   729959.830
  0.220   729959.840
  0.240   729959.850
  0.260   729959.850
  0.250   729959.860
  0.250   729959.860
  0.370   729959.890
  0.410   729959.890
  0.490   729959.900
  0.580   729959.910
  0.670   729959.930
  0.860   729959.960
  0.900   729959.960
  0.900   729959.970
