  0.760   729800.000
  0.810   729800.010
  0.900   729800.020
  0.910   729800.020
  0.940   729800.030
  0.910   729800.040
  0.940   729800.050
  0.900   729800.050
  0.890   729800.060
  0.880   729800.070
  0.860   729800.070
  0.920   729800.080
  1.020   729800.090
  1.080   729800.090
  0.840   729800.100
  0.890   729800.110
  0.780   729800.110
  0.930   729800.120
  1.200   729800.130
  1.060   729800.140
  0.990   729800.140
  1.020   729800.150
  0.950   729800.160
  0.900   729800.160
  1.110   729800.170
  0.950   729800.180
  1.040   729800.180
  0.930   729800.190
  1.020   729800.200
  1.080   729800.200
  1.340   729800.210
  5.900   729800.220
  9.850   729800.230
 13.920   729800.230
 15.380   729800.240
 16.560   729800.250
 14.180   729800.250
 15.490   729800.260
 18.870   729800.270
 25.170   729800.270
 21.040   729800.280
 20.110   729800.290
 21.820   729800.300
 21.860   729800.300
 23.820   729800.310
 24.860   729800.320
 25.470   729800.320
 21.520   729800.330
 23.710   729800.340
 21.010   729800.340
 25.080   729800.350
 22.910   729800.360
 23.350   729800.360
 20.000   729800.370
 21.110   729800.380
 20.770   729800.390
 21.300   729800.390
 21.490   729800.400
 25.940   729800.410
 24.020   729800.410
 22.990   729800.420
 23.580   729800.430
 24.270   729800.430
 25.790   729800.440
 25.150   729800.450
 26.320   729800.450
 24.860   729800.460
 28.310   729800.470
 26.810   729800.480
 26.280   729800.480
 26.570   729800.490
 24.980   729800.500
 25.990   729800.500
 23.860   729800.510
 20.760   729800.520
 25.820   729800.520
 24.250   729800.530
 25.600   729800.540
 26.030   729800.550
 27.130   729800.550
 24.880   729800.560
 26.870   729800.570
 28.040   729800.570
 26.530   729800.580
 26.180   729800.590
 26.030   729800.590
 27.610   729800.600
 26.460   729800.610
 25.420   729800.610
 27.610   729800.620
 25.420   729800.630
 26.150   729800.640
 25.140   729800.640
 25.250   729800.650
 25.890   729800.660
 24.760   729800.660
 27.180   729800.670
 26.600   729800.680
 28.280   729800.680
 25.690   729800.690
 24.490   729800.700
 25.500   729800.700
 25.540   729800.710
 24.620   729800.720
 27.220   729800.730
 24.510   729800.730
 26.870   729800.740
 25.370   729800.750
 25.520   729800.750
 24.090   729800.760
 27.370   729800.770
 24.540   729800.770
 23.680   729800.780
 24.660   729800.790
 25.140   729800.790
 24.900   729800.800
 24.110   729800.810
 28.010   729800.820
 25.730   729800.820
 27.180   729800.830
 25.760   729800.840
 24.900   729800.840
 26.000   729800.850
 26.320   729800.860
 27.160   729800.860
 30.330   729800.870
 25.320   729800.880
 25.600   729800.890
 24.700   729800.890
 24.680   729800.900
 19.630   729800.910
 15.120   729800.910
 10.580   729800.920
  3.890   729800.930
  0.940   729800.930
  0.770   729800.940
  0.870   729800.950
  0.830   729800.950
  0.890   729800.960
  0.740   729800.970
  0.790   729800.980
  0.790   729800.980
  0.810   729800.990
