  5.986   730357.007
  0.803   730357.007
  0.996   730357.007
  1.185   730357.014
  1.046   730357.021
  1.218   730357.028
  1.135   730357.034
  1.523   730357.041
  1.042   730357.048
  3.412   730357.055
  1.144   730357.062
  1.064   730357.069
  1.040   730357.076
  1.340   730357.083
  1.483   730357.090
  1.011   730357.097
  1.336   730357.104
  1.587   730357.111
  1.047   730357.118
  1.071   730357.125
  0.995   730357.132
 21.974   730357.139
  1.011   730357.146
  0.878   730357.153
  0.876   730357.159
  0.904   730357.166
  0.898   730357.173
  1.943   730357.180
  0.872   730357.187
  0.802   730357.194
 11.012   730357.201
  0.674   730357.208
  0.742   730357.215
  0.781   730357.222
  0.667   730357.229
  0.750   730357.236
  0.821   730357.243
  0.662   730357.250
  0.686   730357.257
  0.827   730357.264
  0.785   730357.271
  0.815   730357.278
  0.746   730357.285
  0.740   730357.291
  0.911   730357.298
  1.516   730357.305
  1.028   730357.312
  1.114   730357.319
  1.215   730357.326
  1.230   730357.333
  2.818   730357.340
  1.351   730357.347
  1.434   730357.354
  1.590   730357.361
  2.434   730357.368
  1.645   730357.375
  1.616   730357.382
  1.925   730357.389
  1.880   730357.396
  2.094   730357.403
  2.355   730357.409
  1.657   730357.416
  1.779   730357.423
  2.147   730357.430
  2.730   730357.437
  2.425   730357.444
  2.723   730357.451
  2.945   730357.458
  2.816   730357.465
  2.377   730357.472
  2.615   730357.479
  2.862   730357.486
    NaN   730357.493
    NaN   730357.500
  3.385   730357.507
  3.358   730357.514
  3.073   730357.521
  2.770   730357.528
  2.556   730357.534
  2.805   730357.541
  2.803   730357.548
  2.877   730357.555
  3.119   730357.562
  2.940   730357.569
  2.956   730357.576
  2.867   730357.583
  2.772   730357.590
  2.748   730357.597
  2.636   730357.604
  2.515   730357.611
  2.914   730357.618
  2.941   730357.625
  2.566   730357.632
  2.436   730357.639
  2.092   730357.646
  2.409   730357.653
  2.454   730357.659
  2.255   730357.666
  2.228   730357.673
  2.412   730357.680
  2.699   730357.687
  2.443   730357.694
  2.353   730357.701
  2.448   730357.708
  2.276   730357.715
    NaN   730357.722
  2.233   730357.729
  2.081   730357.736
  2.226   730357.743
  2.180   730357.750
  2.119   730357.757
  1.890   730357.764
  2.047   730357.771
  1.914   730357.778
  1.970   730357.785
  2.264   730357.791
  2.213   730357.798
  8.582   730357.805
  1.966   730357.812
  2.061   730357.819
  2.618   730357.826
  2.249   730357.833
  2.350   730357.840
  2.159   730357.847
  2.491   730357.854
  2.825   730357.861
  2.650   730357.868
  2.661   730357.875
  2.827   730357.882
  6.587   730357.889
  2.447   730357.896
  2.904   730357.903
  2.641   730357.909
  2.428   730357.916
  2.720   730357.923
  2.207   730357.930
  2.540   730357.937
  2.676   730357.944
  2.546   730357.951
  2.553   730357.958
  2.389   730357.965
  2.892   730357.972
  2.860   730357.979
  2.580   730357.986
  2.566   730357.993
  2.646   730358.000
