  0.064   730357.007
  0.007   730357.007
  0.163   730357.007
  0.159   730357.014
  0.161   730357.021
  0.154   730357.028
  0.159   730357.034
  0.175   730357.041
  0.149   730357.048
  0.164   730357.055
  0.123   730357.062
  0.159   730357.069
  0.137   730357.076
  0.173   730357.083
  0.138   730357.090
  0.160   730357.097
  0.147   730357.104
  0.152   730357.111
  0.143   730357.118
  0.153   730357.125
  0.155   730357.132
  0.840   730357.139
  0.135   730357.146
  0.120   730357.153
  0.129   730357.159
  0.102   730357.166
  0.117   730357.173
  0.118   730357.180
  0.107   730357.187
  0.107   730357.194
  0.596   730357.201
  0.108   730357.208
  0.104   730357.215
  0.087   730357.222
  0.082   730357.229
  0.110   730357.236
  0.094   730357.243
  0.101   730357.250
  0.106   730357.257
  0.113   730357.264
  0.096   730357.271
  0.102   730357.278
  0.109   730357.285
  0.110   730357.291
  0.118   730357.298
  0.340   730357.305
  0.155   730357.312
  0.132   730357.319
  0.152   730357.326
  0.162   730357.333
  0.158   730357.340
  0.178   730357.347
  0.187   730357.354
  0.203   730357.361
  0.204   730357.368
  0.256   730357.375
  0.208   730357.382
  0.240   730357.389
  0.214   730357.396
  0.245   730357.403
  0.257   730357.409
  0.303   730357.416
  0.317   730357.423
  0.198   730357.430
  0.342   730357.437
  0.387   730357.444
  0.362   730357.451
  0.368   730357.458
  0.358   730357.465
  0.347   730357.472
  0.372   730357.479
  0.354   730357.486
  0.421   730357.493
  0.445   730357.500
  0.424   730357.507
  0.464   730357.514
  0.603   730357.521
  0.549   730357.528
  0.519   730357.534
  0.589   730357.541
  0.542   730357.548
  0.572   730357.555
  0.576   730357.562
  0.545   730357.569
  0.587   730357.576
  0.524   730357.583
  0.505   730357.590
  0.481   730357.597
  0.500   730357.604
  0.528   730357.611
  0.493   730357.618
  0.538   730357.625
  0.482   730357.632
  0.483   730357.639
  0.471   730357.646
  0.443   730357.653
  0.435   730357.659
  0.425   730357.666
  0.429   730357.673
  0.393   730357.680
  0.402   730357.687
  0.418   730357.694
  0.365   730357.701
  0.433   730357.708
  0.350   730357.715
  0.325   730357.722
  0.381   730357.729
  0.334   730357.736
  0.339   730357.743
  0.326   730357.750
  0.371   730357.757
  0.352   730357.764
  0.347   730357.771
  0.333   730357.778
  0.381   730357.785
  0.274   730357.791
  0.369   730357.798
  0.311   730357.805
  0.336   730357.812
  0.339   730357.819
  0.374   730357.826
  0.391   730357.833
  0.382   730357.840
  0.370   730357.847
  0.356   730357.854
  0.368   730357.861
  0.557   730357.868
  0.412   730357.875
  0.361   730357.882
  0.524   730357.889
  0.448   730357.896
  0.404   730357.903
  0.429   730357.909
  0.411   730357.916
  0.408   730357.923
  0.419   730357.930
  0.408   730357.937
  0.400   730357.944
  0.426   730357.951
  0.379   730357.958
  0.418   730357.965
  0.396   730357.972
  0.398   730357.979
  0.433   730357.986
  0.419   730357.993
  0.359   730358.000
