  0.090   730357.001
  0.041   730357.001
  0.091   730357.008
  0.081   730357.014
  0.089   730357.021
  0.086   730357.028
  0.085   730357.035
  0.089   730357.042
  0.096   730357.049
  0.103   730357.056
  0.103   730357.063
  0.103   730357.070
  0.112   730357.077
  0.103   730357.084
  0.100   730357.091
  0.097   730357.098
  0.106   730357.105
  0.099   730357.112
  0.102   730357.119
  0.110   730357.125
  0.094   730357.132
  0.108   730357.139
  2.929   730357.146
  0.108   730357.153
  0.126   730357.160
  0.109   730357.167
  0.129   730357.174
  0.113   730357.181
  0.121   730357.188
  0.108   730357.195
  0.126   730357.202
  0.100   730357.209
  0.111   730357.216
  0.097   730357.223
  0.110   730357.230
  0.091   730357.237
  0.104   730357.244
  0.105   730357.250
  0.122   730357.257
  0.109   730357.264
  0.103   730357.271
  0.108   730357.278
  0.088   730357.285
  0.099   730357.292
  0.096   730357.299
  0.121   730357.306
  0.122   730357.313
  0.112   730357.320
  0.124   730357.327
  0.107   730357.334
  0.111   730357.341
  0.107   730357.348
  0.115   730357.355
  0.115   730357.362
  0.103   730357.369
  0.095   730357.375
  0.115   730357.382
  0.107   730357.389
  0.105   730357.396
  0.109   730357.403
  0.111   730357.410
  1.440   730357.417
  0.115   730357.424
  0.112   730357.431
  0.116   730357.438
  0.099   730357.445
  0.115   730357.452
  0.105   730357.459
  0.113   730357.466
  0.125   730357.473
  0.125   730357.480
  0.134   730357.487
  0.116   730357.494
  0.119   730357.500
  0.105   730357.507
  0.092   730357.514
  0.119   730357.521
  0.110   730357.528
  0.101   730357.535
  0.109   730357.542
  0.107   730357.549
  0.091   730357.556
  0.114   730357.563
  0.089   730357.570
  0.101   730357.577
  0.097   730357.584
  0.113   730357.591
  0.114   730357.598
  0.093   730357.605
  0.104   730357.612
  0.094   730357.619
  3.715   730357.625
  0.108   730357.632
  0.127   730357.639
  0.151   730357.646
  0.154   730357.653
  0.176   730357.660
  0.146   730357.667
  0.135   730357.674
  0.178   730357.681
  0.146   730357.688
  0.124   730357.695
  0.140   730357.702
  0.128   730357.709
  0.115   730357.716
  0.124   730357.723
  0.102   730357.730
  0.143   730357.737
  0.104   730357.744
  0.104   730357.751
  0.098   730357.757
  0.106   730357.764
  0.113   730357.771
  0.146   730357.778
  0.094   730357.785
  0.112   730357.792
  0.097   730357.799
  0.233   730357.806
  0.122   730357.813
  0.118   730357.820
  0.120   730357.827
  0.109   730357.834
  0.105   730357.841
  0.100   730357.848
  0.089   730357.855
  0.089   730357.862
  0.106   730357.869
  0.097   730357.876
  0.092   730357.882
  0.145   730357.889
  0.094   730357.896
  0.111   730357.903
  0.083   730357.910
  1.815   730357.917
  0.100   730357.924
  0.095   730357.931
  0.094   730357.938
  0.096   730357.945
  0.093   730357.952
  0.092   730357.959
  0.094   730357.966
  0.084   730357.973
  0.105   730357.980
  0.102   730357.987
  0.109   730357.994
