  0.137   730357.001
  0.048   730357.001
  0.131   730357.008
  0.138   730357.015
  0.127   730357.022
  0.129   730357.029
  0.117   730357.036
  0.126   730357.043
  0.114   730357.050
  0.104   730357.056
  0.123   730357.063
  0.144   730357.070
  0.126   730357.077
  0.124   730357.084
  0.137   730357.091
  0.129   730357.098
  0.137   730357.105
  0.141   730357.112
  0.134   730357.119
  0.151   730357.126
  0.138   730357.133
  0.133   730357.140
  0.139   730357.147
  0.143   730357.154
  0.139   730357.161
  0.160   730357.168
  0.142   730357.174
  0.141   730357.181
  0.146   730357.188
  0.135   730357.195
  0.143   730357.202
  0.131   730357.209
  0.154   730357.216
  0.134   730357.223
  0.157   730357.230
  0.139   730357.237
  1.058   730357.244
  0.154   730357.251
  0.162   730357.258
  0.135   730357.265
  0.131   730357.272
  0.155   730357.279
  0.128   730357.286
  0.138   730357.293
  0.152   730357.299
  0.152   730357.306
  0.145   730357.313
  0.130   730357.320
  0.152   730357.327
  0.134   730357.334
  0.142   730357.341
  0.125   730357.348
  0.118   730357.355
  0.130   730357.362
  0.131   730357.369
  0.148   730357.376
  0.142   730357.383
  0.130   730357.390
  0.136   730357.397
  0.142   730357.404
  0.138   730357.411
  0.145   730357.418
  0.137   730357.425
  0.120   730357.431
  0.120   730357.438
  0.116   730357.445
  0.153   730357.452
  0.150   730357.459
  0.148   730357.466
  0.142   730357.473
  0.142   730357.480
  0.142   730357.487
  0.162   730357.494
  0.156   730357.501
  0.165   730357.508
  0.140   730357.515
  0.156   730357.522
  0.154   730357.529
  0.154   730357.536
  0.146   730357.543
  0.171   730357.549
  0.173   730357.556
  0.163   730357.563
  0.174   730357.571
  0.149   730357.578
  0.135   730357.585
  0.144   730357.591
  0.161   730357.598
  0.149   730357.605
  0.155   730357.612
  0.138   730357.619
  0.134   730357.626
  0.142   730357.633
  0.139   730357.640
  0.136   730357.647
  0.147   730357.654
  0.133   730357.661
  0.137   730357.668
  0.140   730357.675
  0.134   730357.681
  0.127   730357.688
  0.130   730357.695
  0.127   730357.702
  0.129   730357.709
  0.115   730357.716
  0.128   730357.723
  0.138   730357.730
  0.132   730357.737
  1.177   730357.744
  0.132   730357.751
  0.131   730357.758
  0.125   730357.765
  0.130   730357.772
  0.118   730357.779
  0.128   730357.786
  0.118   730357.793
  0.128   730357.799
  0.128   730357.806
  0.127   730357.813
  0.130   730357.820
  0.122   730357.827
  0.130   730357.834
  0.128   730357.841
  0.128   730357.848
  0.127   730357.855
  0.108   730357.862
  0.114   730357.869
  0.123   730357.876
  0.126   730357.883
  0.122   730357.890
  0.119   730357.897
  0.130   730357.904
  0.129   730357.911
  0.127   730357.918
  0.131   730357.925
  0.127   730357.931
  0.125   730357.938
  0.124   730357.945
  0.143   730357.952
  0.141   730357.959
  0.142   730357.966
  0.138   730357.973
  0.275   730357.980
  0.149   730357.987
  0.145   730357.994
