  0.023   730357.000
  0.023   730357.007
  0.024   730357.014
  0.026   730357.021
  0.026   730357.028
  0.027   730357.035
  0.025   730357.042
  0.025   730357.049
  0.023   730357.055
  0.022   730357.063
  0.023   730357.069
  0.026   730357.076
  0.027   730357.083
  0.024   730357.090
  0.027   730357.097
  0.068   730357.104
  0.024   730357.111
  0.085   730357.118
  0.025   730357.125
  0.024   730357.132
  5.302   730357.139
  0.032   730357.146
  0.025   730357.153
  0.026   730357.160
  0.024   730357.167
  0.026   730357.174
  0.044   730357.181
  0.025   730357.188
  0.028   730357.194
  0.084   730357.201
  0.024   730357.208
  0.020   730357.215
  0.019   730357.222
  0.031   730357.229
  0.025   730357.236
  0.024   730357.243
  0.029   730357.250
  0.028   730357.257
  0.042   730357.264
  0.031   730357.271
  0.025   730357.278
  0.033   730357.285
  0.028   730357.292
  0.033   730357.299
  0.144   730357.306
  0.051   730357.312
  0.028   730357.319
  0.028   730357.326
  0.027   730357.333
  0.026   730357.340
  0.030   730357.347
  0.030   730357.354
  0.030   730357.361
  0.033   730357.368
  0.031   730357.375
  0.035   730357.382
  0.030   730357.389
  0.036   730357.396
  0.037   730357.403
  0.039   730357.410
  0.050   730357.417
  0.044   730357.424
  0.056   730357.431
  0.051   730357.437
  0.039   730357.444
  0.045   730357.451
  0.044   730357.458
  0.043   730357.465
  0.050   730357.472
  0.061   730357.479
  0.062   730357.486
  0.069   730357.493
  0.064   730357.500
  0.066   730357.507
  0.055   730357.514
  0.061   730357.521
  0.066   730357.528
  0.069   730357.535
  0.062   730357.542
  0.067   730357.549
  0.064   730357.556
  0.066   730357.563
  0.075   730357.570
  0.061   730357.577
  0.063   730357.583
  0.068   730357.590
  0.060   730357.597
  0.064   730357.604
  0.070   730357.611
  0.068   730357.618
  0.074   730357.625
  0.066   730357.632
  4.411   730357.639
  0.069   730357.646
  0.066   730357.653
  0.064   730357.660
  0.052   730357.667
  0.064   730357.674
  0.055   730357.681
  0.057   730357.688
  0.070   730357.694
  0.060   730357.701
  0.056   730357.708
  0.056   730357.715
  0.045   730357.722
  0.049   730357.729
  0.052   730357.736
  0.046   730357.743
  0.049   730357.750
  0.052   730357.757
  0.045   730357.764
  0.046   730357.771
  0.047   730357.778
  0.052   730357.785
  0.052   730357.792
  0.043   730357.799
  0.067   730357.806
  0.044   730357.813
  0.040   730357.819
  0.037   730357.826
  0.036   730357.833
  0.042   730357.840
  0.041   730357.847
  0.043   730357.854
  0.039   730357.861
  0.047   730357.868
  0.038   730357.875
  0.040   730357.882
  0.056   730357.889
  0.037   730357.896
  0.050   730357.903
  0.039   730357.910
  0.037   730357.917
  0.035   730357.924
  0.041   730357.931
  0.041   730357.938
  0.040   730357.944
  0.043   730357.951
  0.038   730357.958
  0.038   730357.965
  0.052   730357.972
  0.050   730357.979
  0.036   730357.986
  0.039   730357.993
