  1.189   730357.001
  6.448   730357.001
  1.353   730357.008
  1.273   730357.014
  1.494   730357.021
    NaN   730357.028
  1.348   730357.035
  1.403   730357.042
  1.394   730357.049
 21.831   730357.056
  1.351   730357.063
  1.443   730357.070
  1.207   730357.077
  1.162   730357.084
  1.320   730357.091
  1.116   730357.098
  0.945   730357.105
  1.197   730357.112
  1.196   730357.119
  1.148   730357.125
  1.308   730357.132
  1.309   730357.139
  1.227   730357.146
  1.158   730357.153
  1.202   730357.160
  1.343   730357.167
  1.490   730357.174
  3.511   730357.181
  1.426   730357.188
  3.400   730357.195
  5.320   730357.202
  1.343   730357.209
  1.173   730357.216
  1.214   730357.223
  1.384   730357.230
  1.292   730357.237
  1.435   730357.244
  1.231   730357.250
  1.399   730357.257
  1.326   730357.264
  1.394   730357.271
  1.331   730357.278
  1.476   730357.285
  1.365   730357.292
  1.271   730357.299
  1.487   730357.306
  1.378   730357.313
  1.352   730357.320
  1.224   730357.327
  1.413   730357.334
  1.528   730357.341
  1.401   730357.348
  1.308   730357.355
  1.511   730357.362
  1.293   730357.369
  1.324   730357.375
  9.504   730357.382
  3.358   730357.389
  1.237   730357.396
  1.302   730357.403
  1.180   730357.410
  1.116   730357.417
  1.321   730357.424
  1.418   730357.431
  2.380   730357.438
  1.292   730357.445
  1.178   730357.452
  1.388   730357.459
  1.370   730357.466
  1.249   730357.473
  1.383   730357.480
  1.246   730357.487
  1.632   730357.494
  1.340   730357.500
  1.409   730357.507
  1.255   730357.514
  1.345   730357.521
 61.819   730357.528
  1.223   730357.535
  1.383   730357.542
  1.362   730357.549
  1.419   730357.556
  1.220   730357.563
  1.142   730357.570
  1.206   730357.577
  1.413   730357.584
  1.264   730357.591
  1.306   730357.598
  1.356   730357.605
  1.313   730357.612
  1.293   730357.619
  7.391   730357.625
  1.157   730357.632
  3.169   730357.639
  1.289   730357.646
  1.321   730357.653
  1.280   730357.660
  1.948   730357.667
  1.385   730357.674
  1.411   730357.681
  1.459   730357.688
  1.234   730357.695
  1.252   730357.702
  1.332   730357.709
  1.208   730357.716
 14.951   730357.723
  1.054   730357.730
  1.302   730357.737
  1.117   730357.744
  1.102   730357.751
  1.086   730357.757
  1.208   730357.764
  1.121   730357.771
  1.126   730357.778
  1.141   730357.785
  1.081   730357.792
  1.172   730357.799
  1.241   730357.806
  1.163   730357.813
  1.082   730357.820
  1.019   730357.827
  1.072   730357.834
  1.196   730357.841
  1.016   730357.848
  1.055   730357.855
  0.983   730357.862
  1.202   730357.869
  1.161   730357.876
  1.243   730357.882
  1.218   730357.889
  0.983   730357.896
  1.064   730357.903
  1.130   730357.910
  1.082   730357.917
  1.154   730357.924
  1.077   730357.931
  1.081   730357.938
  1.051   730357.945
  1.053   730357.952
  1.163   730357.959
  1.216   730357.966
  5.602   730357.973
  1.093   730357.980
  1.111   730357.987
  1.201   730357.994
