  1.298   730067.001
  1.437   730067.008
  1.468   730067.015
  1.664   730067.035
  1.400   730067.042
  1.297   730067.049
  1.251   730067.056
  1.379   730067.063
  1.361   730067.070
  1.280   730067.077
  1.307   730067.084
  1.327   730067.091
  1.284   730067.098
  1.210   730067.105
  1.506   730067.112
  1.231   730067.119
  1.377   730067.126
  1.270   730067.133
  1.241   730067.140
  1.275   730067.147
  1.392   730067.153
  1.204   730067.160
  1.258   730067.167
  1.049   730067.174
  1.128   730067.181
  1.149   730067.189
  1.236   730067.196
  1.126   730067.203
  1.062   730067.210
  1.159   730067.216
  0.939   730067.224
  0.999   730067.231
  1.124   730067.238
  1.018   730067.244
  1.031   730067.251
  1.095   730067.258
  1.029   730067.265
  0.959   730067.272
  1.008   730067.278
  0.943   730067.286
  0.891   730067.293
  0.988   730067.299
  0.936   730067.307
  1.024   730067.313
  0.967   730067.320
  0.969   730067.328
  0.911   730067.334
  1.101   730067.341
  0.964   730067.349
  0.970   730067.355
  0.958   730067.363
  0.955   730067.369
  1.011   730067.376
  0.931   730067.383
  1.016   730067.390
  1.013   730067.397
  0.949   730067.404
  1.094   730067.411
  1.015   730067.418
  1.025   730067.425
    NaN   730067.432
  2.302   730067.438
  0.984   730067.445
  0.982   730067.453
  0.934   730067.459
  1.012   730067.466
  0.960   730067.474
  0.962   730067.480
  0.961   730067.488
  0.911   730067.494
  0.920   730067.501
  0.961   730067.508
  0.929   730067.515
  1.025   730067.522
  0.860   730067.528
  0.821   730067.536
  0.945   730067.542
  0.887   730067.549
  0.824   730067.557
  0.952   730067.564
  0.893   730067.570
  0.876   730067.578
  0.931   730067.585
  0.890   730067.592
  0.954   730067.599
  0.860   730067.606
  0.927   730067.613
  0.825   730067.619
  0.802   730067.626
  0.751   730067.633
  0.898   730067.640
  0.858   730067.647
  0.809   730067.654
  0.776   730067.661
  0.854   730067.668
  0.901   730067.674
  0.865   730067.681
  0.879   730067.689
  0.832   730067.695
  0.915   730067.702
  0.821   730067.710
  0.711   730067.717
  0.784   730067.723
  0.743   730067.731
  0.800   730067.738
  0.734   730067.744
  0.751   730067.751
  0.740   730067.758
  0.816   730067.765
  0.695   730067.772
  0.753   730067.779
  0.740   730067.786
  0.831   730067.793
  0.723   730067.799
  0.715   730067.807
  0.790   730067.814
  0.683   730067.821
  0.805   730067.828
  0.755   730067.835
  0.743   730067.842
  0.809   730067.849
  0.693   730067.856
  0.690   730067.863
  0.735   730067.869
  0.729   730067.876
  0.834   730067.883
  0.792   730067.890
  0.737   730067.897
  0.803   730067.903
  0.808   730067.911
  0.793   730067.917
  0.769   730067.924
    NaN   730067.932
  0.783   730067.939
  0.831   730067.946
  0.808   730067.952
  0.756   730067.959
  0.871   730067.966
  0.770   730067.974
  0.701   730067.981
  0.762   730067.988
  0.819   730067.994
