  0.370   729911.000
  0.400   729911.000
  0.400   729911.010
  0.420   729911.020
  0.400   729911.020
  0.410   729911.030
  0.400   729911.040
  0.430   729911.050
  0.360   729911.050
  0.410   729911.060
  0.410   729911.070
  0.430   729911.070
  0.380   729911.080
  0.390   729911.090
  0.390   729911.090
  0.380   729911.100
  0.360   729911.110
  0.400   729911.110
  0.410   729911.120
  0.360   729911.130
  0.430   729911.140
  0.440   729911.140
  0.460   729911.150
  0.450   729911.160
  0.430   729911.160
  0.450   729911.170
  0.410   729911.180
  0.470   729911.180
  0.430   729911.190
  0.470   729911.200
  0.470   729911.200
  0.490   729911.210
  0.440   729911.220
  0.480   729911.230
  0.510   729911.230
  0.440   729911.240
  0.500   729911.250
  0.470   729911.250
  0.470   729911.260
  0.480   729911.270
  0.470   729911.270
  0.430   729911.280
  0.450   729911.290
  0.460   729911.300
  0.490   729911.300
  0.430   729911.310
  0.440   729911.320
  0.430   729911.320
  0.370   729911.330
  0.410   729911.340
  0.400   729911.340
  0.390   729911.350
  0.390   729911.360
  0.420   729911.360
  0.400   729911.370
  0.450   729911.380
  0.450   729911.390
  0.430   729911.390
  0.470   729911.400
  0.430   729911.410
  0.490   729911.410
  0.460   729911.420
  0.450   729911.430
  0.420   729911.430
  0.450   729911.440
  0.460   729911.450
  0.460   729911.450
  0.480   729911.460
    NaN   729911.470
    NaN   729911.480
  0.470   729911.480
  0.450   729911.490
  0.430   729911.500
  0.490   729911.500
  0.470   729911.510
  0.460   729911.520
  0.450   729911.520
  0.470   729911.530
  0.430   729911.540
  0.460   729911.550
  0.420   729911.550
  0.480   729911.560
  0.490   729911.570
  0.470   729911.570
  0.500   729911.580
  0.480   729911.590
  0.480   729911.590
  0.450   729911.600
  0.460   729911.610
  0.430   729911.610
  0.440   729911.620
  0.470   729911.630
  0.460   729911.640
  0.500   729911.640
  0.540   729911.650
  0.480   729911.660
  0.440   729911.660
  0.460   729911.670
  0.480   729911.680
  0.430   729911.680
  0.490   729911.690
  0.460   729911.700
  0.470   729911.700
  0.490   729911.710
  0.440   729911.720
  0.470   729911.730
  0.460   729911.730
  0.480   729911.740
  0.450   729911.750
  0.520   729911.750
  0.500   729911.760
  0.480   729911.770
  0.460   729911.770
  0.540   729911.780
  0.450   729911.790
  0.470   729911.800
  0.470   729911.800
  0.450   729911.810
  0.500   729911.820
  0.460   729911.820
  0.430   729911.830
  0.480   729911.840
  0.490   729911.840
  0.460   729911.850
  0.510   729911.860
  0.500   729911.860
  0.470   729911.870
  0.470   729911.880
  0.480   729911.890
  0.470   729911.890
  0.500   729911.900
  0.500   729911.910
  0.550   729911.910
  0.480   729911.920
  0.530   729911.930
  0.540   729911.930
  0.500   729911.940
  0.500   729911.950
  0.510   729911.950
  0.490   729911.960
    NaN   729911.970
    NaN   729911.980
  0.500   729911.980
  0.540   729911.990
