  1.709   730096.003
  1.737   730096.010
  1.690   730096.017
  1.803   730096.024
  2.069   730096.031
  1.602   730096.038
  1.715   730096.044
  1.709   730096.051
  1.533   730096.059
  1.916   730096.065
  2.120   730096.072
  1.915   730096.080
  1.598   730096.086
  1.669   730096.093
  1.673   730096.100
  2.016   730096.107
  1.782   730096.114
  2.006   730096.121
  1.738   730096.128
  2.040   730096.135
  1.766   730096.142
  1.824   730096.149
  1.924   730096.156
  1.810   730096.162
  1.717   730096.169
  1.930   730096.176
  2.017   730096.183
  1.799   730096.190
  1.714   730096.197
  1.629   730096.204
  1.718   730096.211
  1.757   730096.218
  1.520   730096.225
  1.604   730096.232
  1.700   730096.239
  1.543   730096.246
  1.689   730096.253
  1.590   730096.260
  1.577   730096.267
  1.504   730096.274
  1.772   730096.281
  1.410   730096.287
  1.512   730096.294
  1.572   730096.301
  1.658   730096.308
  1.812   730096.315
  1.675   730096.322
  1.604   730096.329
  1.892   730096.336
  1.977   730096.343
  1.631   730096.350
  1.750   730096.357
  1.656   730096.364
  1.708   730096.371
  1.695   730096.378
  1.893   730096.385
  1.698   730096.392
  1.844   730096.399
  1.652   730096.406
  1.669   730096.412
  1.963   730096.419
  1.848   730096.426
  1.568   730096.433
  1.881   730096.440
  1.530   730096.447
  1.650   730096.455
  1.867   730096.461
  1.674   730096.468
  1.684   730096.475
  1.775   730096.482
  1.695   730096.489
  1.758   730096.496
  1.670   730096.503
  1.641   730096.510
  1.470   730096.517
  1.905   730096.524
  1.594   730096.531
  1.434   730096.537
  1.437   730096.544
  1.555   730096.551
  1.545   730096.558
  1.503   730096.565
  1.612   730096.572
  1.471   730096.579
  1.513   730096.586
  1.481   730096.593
  1.607   730096.600
  1.764   730096.607
  1.341   730096.614
  1.564   730096.621
  1.565   730096.628
  1.599   730096.635
  1.653   730096.642
  1.548   730096.649
  1.621   730096.656
  1.488   730096.662
  1.551   730096.669
  1.486   730096.676
  1.509   730096.683
  1.425   730096.690
  1.569   730096.697
  1.405   730096.704
  1.280   730096.711
  1.657   730096.718
  1.399   730096.725
  1.412   730096.732
  1.361   730096.739
  1.305   730096.746
  1.425   730096.753
  1.443   730096.760
  1.469   730096.767
  1.291   730096.774
  1.294   730096.781
  1.418   730096.787
  1.331   730096.794
  1.307   730096.801
    NaN   730096.812
  1.391   730096.816
  1.182   730096.822
  1.152   730096.829
  1.190   730096.836
  1.115   730096.843
  1.289   730096.850
  1.164   730096.857
  1.164   730096.864
  1.167   730096.871
  1.191   730096.878
  1.275   730096.885
  1.138   730096.892
  1.191   730096.899
  1.112   730096.906
  1.213   730096.912
  1.204   730096.919
  1.038   730096.926
  1.009   730096.933
  1.074   730096.940
  1.078   730096.947
  1.222   730096.954
  1.155   730096.961
  1.103   730096.968
  1.076   730096.975
  1.298   730096.982
  1.182   730096.989
  1.167   730096.996
