  6.171   730065.008
  6.933   730065.015
  7.508   730065.028
  8.484   730065.035
  8.690   730065.042
 10.715   730065.049
 11.123   730065.056
 11.591   730065.062
 12.891   730065.070
 14.241   730065.076
 14.646   730065.084
 16.085   730065.090
 15.269   730065.097
 14.437   730065.104
 16.256   730065.111
 18.813   730065.118
 16.430   730065.125
 17.224   730065.132
 17.207   730065.139
 18.766   730065.146
 18.532   730065.147
 21.647   730065.154
 22.297   730065.160
 24.780   730065.174
 22.888   730065.181
 24.077   730065.188
 23.507   730065.194
 26.892   730065.201
 25.793   730065.208
 26.612   730065.215
 27.525   730065.222
 29.679   730065.229
 26.950   730065.236
 28.346   730065.243
 26.270   730065.250
 26.013   730065.257
 30.238   730065.264
 24.842   730065.271
 27.711   730065.278
 22.535   730065.285
 23.398   730065.292
 23.889   730065.299
 23.679   730065.306
 24.912   730065.312
 23.957   730065.319
 21.427   730065.326
 25.132   730065.333
 23.518   730065.340
 23.700   730065.347
 23.928   730065.354
 25.013   730065.361
 25.062   730065.368
 24.400   730065.375
 25.411   730065.382
 25.044   730065.389
 22.689   730065.396
 26.320   730065.403
 27.337   730065.410
 26.530   730065.417
 31.757   730065.424
 28.256   730065.431
 28.925   730065.438
 31.366   730065.444
 27.945   730065.451
 30.114   730065.458
 29.643   730065.465
 28.842   730065.472
 29.634   730065.479
 29.950   730065.486
 30.141   730065.493
 31.801   730065.500
 26.509   730065.507
 30.932   730065.514
 30.136   730065.521
 32.269   730065.528
 29.003   730065.535
 29.476   730065.542
 28.852   730065.549
 29.879   730065.556
 25.292   730065.562
 26.919   730065.569
 24.727   730065.576
 24.076   730065.583
 24.578   730065.590
 26.501   730065.597
 23.584   730065.604
 23.026   730065.611
 22.608   730065.618
 24.758   730065.625
 22.013   730065.632
 23.927   730065.639
 22.205   730065.646
 22.684   730065.653
 21.039   730065.660
 21.565   730065.667
 19.141   730065.674
 23.886   730065.681
 17.553   730065.688
 18.599   730065.694
 20.451   730065.701
 21.736   730065.708
 18.888   730065.715
 18.332   730065.722
 18.971   730065.729
 18.683   730065.736
 20.115   730065.743
 18.743   730065.750
 17.804   730065.757
 19.583   730065.764
 17.532   730065.771
 16.005   730065.778
 17.105   730065.785
 16.661   730065.792
 16.158   730065.799
 17.954   730065.806
 16.840   730065.812
 17.608   730065.819
 17.960   730065.826
 18.032   730065.833
 17.519   730065.840
 19.561   730065.847
 18.481   730065.854
 17.193   730065.861
 18.290   730065.868
 17.491   730065.875
 18.266   730065.882
 19.386   730065.889
 19.626   730065.896
 21.737   730065.903
 19.676   730065.910
 19.483   730065.917
 19.122   730065.924
 20.960   730065.931
 19.631   730065.938
 19.582   730065.944
 18.896   730065.951
 19.941   730065.958
 19.789   730065.965
 18.252   730065.972
 17.653   730065.979
 20.212   730065.986
 18.658   730065.993
