  0.475   730065.012
  0.463   730065.019
  0.454   730065.031
  0.490   730065.037
  0.451   730065.044
  0.536   730065.053
  0.437   730065.061
  0.458   730065.065
  0.456   730065.074
  0.508   730065.078
  0.478   730065.086
  0.402   730065.092
  0.433   730065.099
  0.433   730065.106
  0.388   730065.113
  0.415   730065.122
  0.431   730065.126
  0.439   730065.133
  0.376   730065.141
  0.423   730065.149
  0.457   730065.156
  0.423   730065.166
  0.388   730065.175
  0.425   730065.182
  0.420   730065.189
  0.379   730065.196
  0.423   730065.203
  0.397   730065.210
  0.396   730065.217
  0.391   730065.224
  0.472   730065.231
  0.417   730065.238
  0.392   730065.245
  0.403   730065.251
  0.411   730065.258
  0.455   730065.265
  0.425   730065.272
  0.392   730065.279
  0.431   730065.286
  0.397   730065.293
  0.422   730065.300
  0.438   730065.307
  0.438   730065.314
  0.426   730065.321
  0.484   730065.328
  0.446   730065.335
  0.484   730065.342
  0.485   730065.349
  0.417   730065.356
  0.461   730065.363
  0.441   730065.369
  0.389   730065.376
  0.404   730065.383
  0.374   730065.391
  0.431   730065.397
  0.437   730065.404
  0.457   730065.411
  0.434   730065.418
  0.404   730065.425
  0.368   730065.433
  0.420   730065.439
  0.423   730065.446
  0.463   730065.453
  0.432   730065.460
  0.397   730065.467
  0.424   730065.474
  0.401   730065.481
  0.435   730065.488
  0.474   730065.494
  0.469   730065.501
  0.442   730065.508
  0.433   730065.515
  0.449   730065.522
  0.447   730065.529
  0.450   730065.536
  0.423   730065.543
  0.476   730065.550
  0.413   730065.557
  0.467   730065.564
  0.446   730065.571
  0.399   730065.578
  0.430   730065.585
  0.416   730065.592
  0.443   730065.599
  0.489   730065.606
  0.473   730065.613
  0.393   730065.619
  0.444   730065.626
  0.429   730065.633
  0.437   730065.640
  0.403   730065.647
  0.492   730065.654
  0.405   730065.661
  0.378   730065.668
  0.450   730065.676
  0.404   730065.683
  0.440   730065.689
  0.480   730065.696
  0.435   730065.703
  0.446   730065.710
  0.430   730065.717
  0.442   730065.724
  0.460   730065.731
  0.494   730065.738
  0.482   730065.745
  0.447   730065.752
  0.444   730065.760
  0.448   730065.766
  0.391   730065.772
    NaN   730065.779
  0.445   730065.787
  0.429   730065.793
  0.421   730065.800
  0.462   730065.808
  0.450   730065.814
  0.421   730065.821
  0.458   730065.828
  0.484   730065.835
  0.465   730065.842
  0.462   730065.849
  0.471   730065.856
  0.413   730065.863
  0.438   730065.869
  0.430   730065.876
  0.454   730065.883
  0.459   730065.891
  0.455   730065.897
  0.435   730065.904
  0.415   730065.911
  0.443   730065.918
  0.471   730065.925
  0.412   730065.932
  0.514   730065.939
  0.408   730065.946
  0.454   730065.953
  0.412   730065.960
  0.435   730065.967
  0.456   730065.974
  0.475   730065.981
  0.428   730065.988
  0.464   730065.995
