  0.010   730401.007
  0.042   730401.007
  0.042   730401.013
  0.036   730401.020
  0.042   730401.027
  0.039   730401.034
  0.036   730401.041
  0.042   730401.048
  0.037   730401.055
  0.031   730401.062
  0.038   730401.069
  0.034   730401.076
  0.033   730401.083
  0.036   730401.083
  0.038   730401.090
  0.036   730401.097
  0.038   730401.104
  0.039   730401.111
  0.033   730401.118
  0.037   730401.125
  0.036   730401.131
  0.036   730401.138
  0.033   730401.145
  0.034   730401.152
  0.038   730401.159
  0.037   730401.166
  0.035   730401.173
  0.036   730401.180
  0.033   730401.187
  0.036   730401.194
  0.035   730401.201
  0.035   730401.208
  0.034   730401.215
  0.033   730401.222
  0.066   730401.229
  0.034   730401.236
  0.036   730401.243
  0.033   730401.250
  0.037   730401.256
  0.037   730401.263
  0.037   730401.270
  0.035   730401.277
  0.040   730401.284
  0.037   730401.291
  0.049   730401.298
  0.046   730401.305
  0.048   730401.312
  0.056   730401.319
  0.056   730401.326
  0.065   730401.333
  0.051   730401.340
  0.056   730401.347
  0.070   730401.354
  0.062   730401.361
  0.064   730401.368
  0.068   730401.375
  0.058   730401.381
  0.060   730401.388
  0.063   730401.395
  0.057   730401.402
  0.060   730401.409
  0.062   730401.416
  0.058   730401.423
  0.055   730401.430
  0.062   730401.437
  0.062   730401.444
  0.061   730401.451
  0.062   730401.458
  0.059   730401.465
  0.055   730401.472
  0.058   730401.479
  0.061   730401.486
  0.057   730401.493
  0.060   730401.500
  0.056   730401.506
  0.057   730401.513
  0.049   730401.520
  0.056   730401.527
  0.051   730401.534
  0.053   730401.541
  0.048   730401.548
  0.055   730401.555
  0.056   730401.562
  0.057   730401.569
  0.052   730401.576
  0.051   730401.583
  0.048   730401.590
  0.051   730401.597
  0.052   730401.604
  0.049   730401.611
  0.046   730401.618
  0.048   730401.625
  0.051   730401.631
  0.046   730401.638
  0.053   730401.645
  0.044   730401.652
  0.045   730401.659
  0.051   730401.666
  0.045   730401.673
  0.056   730401.680
  0.052   730401.687
  0.047   730401.694
  0.048   730401.701
  0.049   730401.708
  0.048   730401.715
  0.048   730401.722
  0.045   730401.729
  0.053   730401.736
  0.053   730401.743
  0.049   730401.750
  0.047   730401.757
  0.045   730401.763
  0.048   730401.770
  0.048   730401.777
  0.043   730401.784
  0.046   730401.791
  0.044   730401.798
  0.047   730401.805
  0.050   730401.812
  0.041   730401.819
  0.039   730401.826
  0.046   730401.833
  0.053   730401.840
  0.047   730401.847
  0.050   730401.854
  0.046   730401.861
  0.050   730401.868
  0.048   730401.875
  1.045   730401.882
  0.343   730401.888
  0.240   730401.895
  0.825   730401.902
  1.374   730401.909
  2.225   730401.916
  1.459   730401.923
  1.688   730401.930
  2.595   730401.937
  2.320   730401.944
  2.756   730401.951
  3.355   730401.958
  2.851   730401.965
  3.126   730401.972
  1.278   730401.979
  0.435   730401.986
  0.049   730401.993
  0.124   730402.000
