  0.298   730401.006
  0.318   730401.006
  0.343   730401.013
  0.359   730401.020
  0.356   730401.027
  0.340   730401.034
  0.336   730401.041
  0.331   730401.048
  0.431   730401.055
  0.334   730401.062
  0.314   730401.069
  0.318   730401.076
  0.300   730401.083
  0.346   730401.083
  0.369   730401.090
  0.310   730401.097
  0.290   730401.104
  0.307   730401.110
  0.290   730401.117
  0.314   730401.124
  0.301   730401.131
  0.324   730401.138
  0.307   730401.145
  0.344   730401.152
  0.323   730401.159
  0.314   730401.166
  0.343   730401.173
  0.283   730401.180
  0.343   730401.187
  0.333   730401.194
  0.319   730401.201
  0.311   730401.208
  0.293   730401.215
  0.295   730401.222
  0.450   730401.229
  0.275   730401.235
  0.299   730401.242
  0.273   730401.249
  0.259   730401.256
  0.283   730401.263
  0.311   730401.270
  0.277   730401.277
  0.286   730401.284
  0.308   730401.291
  0.330   730401.298
  0.292   730401.305
  0.304   730401.312
  0.313   730401.319
  0.301   730401.326
  0.283   730401.333
  0.326   730401.340
  0.322   730401.347
  0.335   730401.354
  0.311   730401.360
  0.318   730401.367
  0.362   730401.374
  0.343   730401.381
  0.344   730401.388
  0.350   730401.395
  0.378   730401.402
  0.350   730401.409
  0.382   730401.416
  0.381   730401.423
  0.422   730401.430
  0.444   730401.437
  0.429   730401.444
  0.423   730401.451
  0.412   730401.458
  0.509   730401.465
  0.408   730401.472
  0.470   730401.479
  0.459   730401.486
  0.443   730401.492
  0.497   730401.499
  0.444   730401.506
  0.445   730401.513
  0.555   730401.520
  0.465   730401.527
  0.425   730401.534
  0.490   730401.541
  0.443   730401.548
  0.466   730401.555
  0.444   730401.562
  0.444   730401.569
  0.405   730401.576
  0.392   730401.583
  0.433   730401.590
  0.441   730401.597
  0.433   730401.604
  0.418   730401.611
  0.415   730401.617
  0.386   730401.624
  0.426   730401.631
  0.450   730401.638
  0.423   730401.645
  0.436   730401.652
  0.393   730401.659
  0.432   730401.666
  0.428   730401.673
  0.463   730401.680
  0.391   730401.687
  0.431   730401.694
  0.429   730401.701
  0.413   730401.708
  0.474   730401.715
  0.532   730401.722
  0.416   730401.729
  0.414   730401.736
  0.509   730401.742
  0.389   730401.749
  0.413   730401.756
  0.389   730401.763
  0.364   730401.770
  0.356   730401.777
  0.382   730401.784
  0.365   730401.791
  0.348   730401.798
  0.396   730401.805
  0.397   730401.812
  0.411   730401.819
  0.403   730401.826
  0.405   730401.833
  0.445   730401.840
  0.451   730401.847
  0.414   730401.854
  0.381   730401.860
  0.400   730401.867
  0.430   730401.874
    NaN   730401.881
  0.474   730401.888
  0.541   730401.895
  0.535   730401.902
  0.565   730401.909
  0.607   730401.916
  0.600   730401.923
  0.647   730401.930
  0.699   730401.937
  0.725   730401.944
  0.715   730401.951
  0.694   730401.958
  0.770   730401.965
  0.620   730401.972
  0.689   730401.979
  0.674   730401.985
  0.672   730401.992
  0.554   730401.999
