  0.225   730084.001
  0.191   730084.008
  0.200   730084.015
  0.169   730084.022
  0.186   730084.030
  0.170   730084.036
  0.170   730084.043
  0.172   730084.050
  0.156   730084.057
  0.160   730084.064
  0.164   730084.071
  0.177   730084.078
  0.190   730084.085
  0.199   730084.092
  0.208   730084.099
  0.214   730084.106
  0.215   730084.113
  0.200   730084.119
  0.201   730084.126
  0.233   730084.133
  0.232   730084.140
  0.187   730084.147
  0.204   730084.154
  0.204   730084.161
  0.216   730084.168
  0.216   730084.175
  0.194   730084.182
  0.205   730084.189
  0.207   730084.196
  0.206   730084.203
  0.222   730084.210
  0.208   730084.217
  0.205   730084.224
  0.251   730084.231
  0.268   730084.238
  0.221   730084.244
  0.218   730084.251
  0.235   730084.258
  0.232   730084.265
  0.251   730084.272
  0.240   730084.279
  0.261   730084.286
  0.253   730084.293
  0.257   730084.300
  0.260   730084.307
  0.230   730084.314
  0.231   730084.321
  0.269   730084.328
  0.254   730084.335
  0.262   730084.342
  0.257   730084.349
  0.294   730084.356
  0.314   730084.363
  0.284   730084.369
  0.260   730084.376
  0.296   730084.383
  0.288   730084.390
  0.249   730084.397
  0.267   730084.404
  0.300   730084.411
  0.268   730084.418
  0.262   730084.425
  0.284   730084.432
  0.285   730084.439
  0.287   730084.446
  0.243   730084.453
  0.275   730084.460
  0.305   730084.467
  0.271   730084.474
  0.307   730084.481
  0.310   730084.488
  0.271   730084.494
  0.285   730084.501
  0.313   730084.508
  0.253   730084.515
  0.311   730084.522
  0.269   730084.529
  0.289   730084.536
  0.321   730084.543
  0.341   730084.550
  0.341   730084.557
  0.335   730084.564
  0.314   730084.571
  0.323   730084.577
  0.300   730084.584
  0.303   730084.591
  0.335   730084.599
  0.330   730084.606
  0.339   730084.613
  0.384   730084.619
  0.364   730084.626
  0.387   730084.633
  0.361   730084.640
  0.420   730084.647
  0.413   730084.654
  0.409   730084.661
  0.413   730084.668
  0.415   730084.675
  0.389   730084.682
  0.397   730084.689
  0.420   730084.696
  0.418   730084.703
  0.396   730084.710
  0.395   730084.717
  0.447   730084.724
  0.511   730084.731
  0.458   730084.738
  0.490   730084.744
  0.485   730084.751
  0.655   730084.758
  0.445   730084.765
  0.471   730084.772
  0.464   730084.779
  0.513   730084.786
  0.480   730084.793
  0.478   730084.801
  0.524   730084.808
  0.477   730084.817
  0.507   730084.828
  0.561   730084.835
  0.514   730084.842
  0.559   730084.849
  0.531   730084.856
  0.559   730084.863
  0.510   730084.869
  0.585   730084.876
  0.491   730084.883
  0.559   730084.890
  0.498   730084.897
  0.519   730084.904
  0.543   730084.911
  0.543   730084.918
  0.489   730084.925
  0.486   730084.932
  0.530   730084.939
  0.531   730084.946
  0.537   730084.953
  0.479   730084.960
  0.545   730084.967
  0.430   730084.977
  0.563   730084.989
