  2.686   730243.007
  2.813   730243.014
  2.426   730243.021
  2.405   730243.028
  2.982   730243.035
  3.031   730243.042
  2.667   730243.048
  2.630   730243.055
  3.137   730243.062
  2.969   730243.069
  2.617   730243.076
  2.883   730243.084
  2.796   730243.090
  2.639   730243.097
  2.346   730243.104
  2.259   730243.111
  2.666   730243.118
  2.594   730243.125
  2.891   730243.132
  2.387   730243.139
  2.548   730243.146
  2.193   730243.153
  2.325   730243.160
  2.220   730243.167
  2.390   730243.173
  2.174   730243.180
  2.293   730243.187
  2.036   730243.194
  2.187   730243.201
  1.891   730243.209
  2.195   730243.215
  1.864   730243.222
  2.043   730243.229
  2.037   730243.236
  2.150   730243.243
  2.140   730243.250
  1.976   730243.257
  1.957   730243.264
  2.042   730243.271
  2.243   730243.278
  2.040   730243.285
  2.125   730243.292
  2.239   730243.298
  2.452   730243.305
  2.365   730243.312
  2.379   730243.319
  2.453   730243.326
  2.260   730243.334
  2.765   730243.340
  2.575   730243.347
  2.450   730243.354
  2.423   730243.361
  2.524   730243.368
  2.523   730243.375
  2.317   730243.382
  2.657   730243.389
  2.492   730243.396
  2.511   730243.403
  3.044   730243.410
  2.600   730243.417
  2.488   730243.423
  2.653   730243.430
  2.519   730243.437
  3.084   730243.444
    NaN   730243.451
  2.434   730243.459
  2.662   730243.465
  2.731   730243.472
  2.933   730243.479
  2.529   730243.486
  2.757   730243.493
  2.618   730243.500
  2.716   730243.507
  2.699   730243.514
  2.628   730243.521
  2.968   730243.528
  2.650   730243.535
  3.277   730243.542
  2.764   730243.548
  2.869   730243.555
  3.186   730243.562
  2.658   730243.569
  3.134   730243.576
  3.070   730243.584
  2.881   730243.590
  3.128   730243.597
  2.944   730243.604
  3.039   730243.611
  3.349   730243.618
  2.689   730243.625
  2.966   730243.632
  3.046   730243.639
  3.041   730243.646
  2.904   730243.653
  2.595   730243.660
  2.782   730243.667
  2.998   730243.673
  2.928   730243.680
  2.902   730243.687
  2.698   730243.694
  2.852   730243.701
  3.053   730243.709
  3.230   730243.715
  2.839   730243.722
  2.963   730243.730
  2.840   730243.736
  2.869   730243.743
  2.686   730243.744
  2.873   730243.750
  2.869   730243.757
  2.637   730243.764
  2.829   730243.771
  2.657   730243.779
  2.347   730243.786
  2.317   730243.792
  2.440   730243.798
  2.508   730243.805
  2.286   730243.812
  2.374   730243.819
  2.808   730243.826
  2.570   730243.834
  2.968   730243.840
  2.370   730243.847
  2.802   730243.854
  2.486   730243.861
  2.532   730243.868
  2.454   730243.876
  2.260   730243.882
  2.337   730243.889
  2.327   730243.896
  2.465   730243.903
  2.562   730243.910
  2.712   730243.917
  2.608   730243.924
  2.449   730243.931
  2.572   730243.937
  2.734   730243.944
  2.529   730243.951
  2.299   730243.959
  2.690   730243.965
  2.341   730243.972
  2.168   730243.980
  2.331   730243.986
  2.433   730243.993
