 14.192   729315.000
 11.570   729315.010
 12.159   729315.021
 10.458   729315.031
 10.585   729315.042
 11.785   729315.052
 10.286   729315.063
  8.971   729315.073
  9.209   729315.083
    NaN   729315.094
  8.081   729315.104
  9.743   729315.115
 11.526   729315.125
 11.946   729315.135
 14.167   729315.146
 14.230   729315.156
 15.611   729315.167
 13.849   729315.177
 14.277   729315.188
 15.882   729315.198
 17.694   729315.208
 16.412   729315.219
 13.961   729315.229
 14.702   729315.240
 16.532   729315.250
 15.461   729315.260
 16.608   729315.271
 14.172   729315.281
 17.211   729315.292
 17.368   729315.302
 16.570   729315.313
 17.227   729315.323
 18.719   729315.333
 15.007   729315.344
 14.834   729315.354
 15.013   729315.365
 17.165   729315.375
 16.086   729315.385
 15.413   729315.396
 19.440   729315.406
 17.803   729315.417
 13.824   729315.427
 16.596   729315.438
 18.091   729315.448
 16.808   729315.458
 17.428   729315.469
 15.517   729315.479
 16.078   729315.490
 16.619   729315.500
 17.329   729315.510
 16.185   729315.521
 18.003   729315.531
 15.586   729315.542
 15.426   729315.552
 17.133   729315.563
 16.499   729315.573
 14.613   729315.583
 15.039   729315.594
 13.011   729315.604
 13.551   729315.615
 13.840   729315.625
 13.969   729315.635
 16.179   729315.646
 15.997   729315.656
 13.955   729315.667
 16.039   729315.677
 15.816   729315.688
 14.795   729315.698
 13.578   729315.708
 14.592   729315.719
 14.977   729315.729
 12.960   729315.740
 16.567   729315.750
 13.962   729315.760
 13.590   729315.771
 11.078   729315.781
 13.106   729315.792
 13.084   729315.802
 13.374   729315.813
 12.778   729315.823
 12.390   729315.833
 12.141   729315.844
 13.362   729315.854
 13.822   729315.865
 16.087   729315.875
 14.174   729315.885
 13.323   729315.896
 12.375   729315.906
 12.944   729315.917
 14.305   729315.927
 13.798   729315.938
 14.306   729315.948
 16.455   729315.958
 14.793   729315.969
 15.296   729315.979
 13.779   729315.990
