  0.530   729973.000
  0.590   729973.000
  0.540   729973.010
  0.500   729973.020
  0.520   729973.030
  0.520   729973.050
  0.460   729973.050
  0.430   729973.060
  0.440   729973.070
  0.430   729973.070
  0.790   729973.080
  0.410   729973.090
  0.460   729973.090
  0.400   729973.100
  0.370   729973.120
  0.360   729973.130
  0.390   729973.140
  0.410   729973.140
  0.400   729973.150
  0.390   729973.160
  0.390   729973.160
  0.380   729973.170
  0.390   729973.180
  0.380   729973.180
  0.390   729973.190
  0.420   729973.200
  0.390   729973.200
  0.380   729973.210
  0.410   729973.220
  0.430   729973.230
  0.400   729973.230
  0.380   729973.240
  0.380   729973.250
  0.390   729973.250
  0.340   729973.260
  0.360   729973.270
  0.360   729973.270
  0.350   729973.280
  0.340   729973.290
  0.340   729973.300
  0.370   729973.300
  0.350   729973.310
  0.340   729973.320
  0.340   729973.320
  0.360   729973.330
  0.320   729973.340
  0.310   729973.340
  0.300   729973.350
  0.340   729973.360
  0.350   729973.360
  0.690   729973.370
  0.310   729973.380
  0.310   729973.390
  0.320   729973.390
  0.300   729973.400
  0.380   729973.410
  0.360   729973.410
  0.370   729973.420
  0.380   729973.430
  0.370   729973.430
  0.380   729973.440
  0.390   729973.450
  0.370   729973.450
  0.380   729973.460
  0.400   729973.470
  0.370   729973.480
  0.380   729973.480
  0.400   729973.490
  0.410   729973.500
  0.410   729973.500
  0.390   729973.510
  0.360   729973.520
  0.390   729973.520
  0.380   729973.530
  0.400   729973.540
  0.380   729973.550
  0.370   729973.550
  0.370   729973.560
  0.340   729973.570
  0.330   729973.570
  0.360   729973.580
  0.310   729973.590
  0.310   729973.590
  0.290   729973.600
  0.310   729973.610
  0.310   729973.610
  0.310   729973.620
  0.300   729973.630
  0.570   729973.640
  0.540   729973.640
  0.300   729973.650
  0.280   729973.660
  0.280   729973.660
  0.290   729973.670
  0.320   729973.680
  0.320   729973.680
  0.330   729973.690
  0.270   729973.700
  0.320   729973.700
  0.300   729973.710
  0.280   729973.720
  0.270   729973.740
  0.260   729973.750
  0.280   729973.750
  0.270   729973.760
  0.300   729973.770
  0.300   729973.780
  0.290   729973.790
  0.270   729973.800
  0.270   729973.800
  0.260   729973.820
  0.260   729973.820
  0.280   729973.830
  0.270   729973.840
  0.260   729973.840
  0.280   729973.880
  0.490   729973.990
