  0.316   730110.003
  0.373   730110.010
  0.360   730110.017
  0.400   730110.024
  0.349   730110.031
  0.340   730110.037
  0.314   730110.044
  0.310   730110.051
  0.340   730110.058
  0.343   730110.065
  0.395   730110.072
  0.386   730110.079
  0.298   730110.086
  0.324   730110.093
  0.301   730110.100
  0.367   730110.107
  0.278   730110.113
  0.350   730110.121
  0.347   730110.128
  0.343   730110.134
  0.326   730110.142
  0.291   730110.148
  0.320   730110.156
  0.325   730110.162
  0.295   730110.169
  0.295   730110.176
  0.295   730110.183
  0.296   730110.190
  0.341   730110.197
  0.320   730110.204
  0.332   730110.211
  0.308   730110.218
  0.326   730110.225
  0.285   730110.232
  0.312   730110.239
  0.345   730110.246
  0.310   730110.253
  0.328   730110.260
  0.314   730110.267
  0.305   730110.274
  0.328   730110.281
  0.315   730110.287
  0.345   730110.294
  0.349   730110.301
  0.300   730110.308
  0.308   730110.315
  0.310   730110.322
  0.362   730110.329
  0.312   730110.336
  0.340   730110.343
  0.318   730110.350
  0.362   730110.357
  0.353   730110.364
  0.340   730110.371
  0.333   730110.378
  0.369   730110.385
  0.360   730110.392
  0.346   730110.399
  0.348   730110.405
  0.366   730110.412
  0.318   730110.419
  0.357   730110.426
  0.317   730110.433
  0.397   730110.440
  0.353   730110.447
  0.353   730110.455
  0.331   730110.460
  0.314   730110.467
  0.318   730110.475
  0.327   730110.482
  0.332   730110.488
  0.314   730110.496
  0.306   730110.503
  0.333   730110.510
  0.301   730110.517
  0.302   730110.524
  0.356   730110.530
  0.326   730110.537
  0.267   730110.544
  0.282   730110.551
  0.290   730110.558
  0.293   730110.565
  0.304   730110.572
  0.288   730110.579
  0.302   730110.585
  0.299   730110.593
  0.313   730110.600
  0.291   730110.607
  0.277   730110.613
  0.298   730110.621
  0.271   730110.627
  0.291   730110.635
  0.291   730110.642
  0.284   730110.649
  0.271   730110.655
  0.293   730110.662
  0.319   730110.669
  0.284   730110.676
  0.260   730110.683
  0.306   730110.690
  0.305   730110.697
  0.332   730110.704
  0.268   730110.711
  0.297   730110.717
  0.318   730110.725
  0.265   730110.732
  0.303   730110.738
  0.000   730110.743
  0.276   730110.759
  0.000   730110.764
  0.284   730110.780
  0.280   730110.787
  0.278   730110.794
  0.278   730110.801
  0.716   730110.808
  0.262   730110.815
  0.257   730110.822
  0.309   730110.829
  0.272   730110.836
  0.278   730110.842
  0.270   730110.850
  0.253   730110.857
  0.279   730110.863
  0.266   730110.871
  0.251   730110.877
  0.279   730110.884
  0.270   730110.892
  0.256   730110.899
  0.257   730110.906
  0.283   730110.912
  0.517   730110.919
  0.285   730110.926
  0.278   730110.933
  0.267   730110.940
  0.264   730110.947
  0.279   730110.954
  0.317   730110.961
  0.308   730110.968
  0.320   730110.975
  0.315   730110.982
  0.351   730110.989
  0.330   730110.996
