  1.165   730110.002
  1.370   730110.009
  1.691   730110.016
  1.372   730110.023
  1.729   730110.030
  1.287   730110.037
  1.283   730110.044
  1.457   730110.051
  1.458   730110.058
  1.533   730110.065
  1.420   730110.072
  1.434   730110.078
  1.628   730110.085
  1.811   730110.092
  1.752   730110.099
  1.451   730110.106
    NaN   730110.113
  1.310   730110.120
  1.317   730110.127
  1.480   730110.134
  1.414   730110.141
  1.028   730110.148
  1.404   730110.155
  0.975   730110.162
  1.515   730110.169
  1.436   730110.176
  1.485   730110.183
  1.396   730110.190
  1.330   730110.197
  1.357   730110.203
  1.289   730110.210
  1.035   730110.217
  0.919   730110.224
  1.155   730110.231
  1.125   730110.238
  1.352   730110.245
  0.988   730110.252
  1.214   730110.259
  1.069   730110.266
  1.021   730110.273
  1.308   730110.280
  1.396   730110.287
  1.410   730110.294
  1.296   730110.301
  2.763   730110.308
  2.751   730110.315
  3.038   730110.322
  2.063   730110.328
  1.710   730110.335
  1.143   730110.342
  2.122   730110.349
  1.952   730110.356
  2.177   730110.363
  2.366   730110.370
  2.367   730110.377
  2.629   730110.384
  2.205   730110.391
  1.813   730110.398
  1.961   730110.404
  1.876   730110.412
  2.306   730110.418
  2.633   730110.426
  2.161   730110.433
  1.582   730110.440
  1.693   730110.447
  2.804   730110.454
  2.602   730110.460
  2.772   730110.467
  3.014   730110.474
  2.483   730110.481
  2.807   730110.488
  2.074   730110.495
  2.799   730110.502
  2.432   730110.509
  1.242   730110.516
  2.349   730110.523
  2.659   730110.530
  2.346   730110.537
  2.326   730110.544
  2.712   730110.551
  1.619   730110.558
  2.673   730110.565
  1.349   730110.572
  2.665   730110.578
  2.383   730110.585
  2.500   730110.592
  3.150   730110.599
  1.673   730110.606
    NaN   730110.613
  3.253   730110.620
  2.571   730110.627
  2.782   730110.634
  2.147   730110.641
  3.099   730110.648
  1.020   730110.655
  2.904   730110.662
  1.989   730110.669
  3.339   730110.676
  2.343   730110.683
  2.169   730110.690
  2.350   730110.697
  2.463   730110.703
  2.193   730110.710
  1.043   730110.717
  2.326   730110.724
  2.512   730110.731
  1.649   730110.738
  0.000   730110.743
  2.487   730110.759
  0.000   730110.764
  2.176   730110.780
  2.280   730110.787
  1.296   730110.794
  0.855   730110.801
  1.086   730110.808
  1.577   730110.815
  1.071   730110.822
  1.243   730110.828
  1.351   730110.835
  1.511   730110.842
  0.766   730110.849
  1.411   730110.856
  1.220   730110.863
  1.644   730110.870
  0.780   730110.877
  0.973   730110.884
  0.723   730110.891
  0.825   730110.898
  1.272   730110.905
  1.139   730110.912
  1.141   730110.919
  1.283   730110.926
  1.240   730110.933
  1.274   730110.940
  0.620   730110.947
  1.282   730110.953
  1.416   730110.960
  1.257   730110.967
  1.130   730110.974
  0.708   730110.981
  1.095   730110.988
  1.053   730110.995
