  0.570   730403.001
  0.570   730403.001
  0.416   730403.001
  0.416   730403.001
  0.676   730403.008
  0.676   730403.008
  4.083   730403.015
  4.083   730403.015
  0.682   730403.022
  0.682   730403.022
  0.767   730403.029
  0.767   730403.029
  0.564   730403.036
  0.564   730403.036
  0.552   730403.043
  0.552   730403.043
  0.579   730403.050
  0.579   730403.050
  0.579   730403.056
  0.579   730403.056
  0.631   730403.064
  0.631   730403.064
  0.582   730403.071
  0.582   730403.071
  0.582   730403.077
  0.582   730403.077
  0.611   730403.084
  0.611   730403.084
  0.552   730403.091
  0.552   730403.091
  0.599   730403.098
  0.599   730403.098
  0.582   730403.105
  0.582   730403.105
  0.541   730403.113
  0.541   730403.113
  0.554   730403.119
  0.554   730403.119
  0.550   730403.126
  0.550   730403.126
  0.529   730403.133
  0.529   730403.133
  0.655   730403.140
  0.655   730403.140
  0.450   730403.147
  0.450   730403.147
  0.440   730403.155
  0.440   730403.155
  0.477   730403.161
  0.477   730403.161
  0.448   730403.168
  0.448   730403.168
  0.564   730403.175
  0.564   730403.175
  0.394   730403.182
  0.394   730403.182
  0.399   730403.189
  0.399   730403.189
  0.396   730403.196
  0.396   730403.196
  0.358   730403.202
  0.358   730403.202
  0.369   730403.209
  0.369   730403.209
  0.379   730403.216
  0.379   730403.216
  0.435   730403.223
  0.435   730403.223
  0.333   730403.230
  0.333   730403.230
  0.413   730403.238
  0.413   730403.238
  0.376   730403.244
  0.376   730403.244
  0.349   730403.251
  0.349   730403.251
  0.396   730403.258
  0.396   730403.258
  0.340   730403.265
  0.340   730403.265
  0.398   730403.272
  0.398   730403.272
  0.393   730403.279
  0.393   730403.279
  0.376   730403.286
  0.376   730403.286
  0.410   730403.293
  0.410   730403.293
  0.395   730403.300
  0.395   730403.300
  0.498   730403.307
  0.498   730403.307
  0.665   730403.313
  0.665   730403.313
  0.385   730403.321
  0.385   730403.321
  0.408   730403.327
  0.408   730403.327
  0.418   730403.334
  0.418   730403.334
  0.540   730403.341
  0.540   730403.341
  0.425   730403.348
  0.425   730403.348
  0.350   730403.355
  0.350   730403.355
  0.541   730403.363
  0.541   730403.363
  0.488   730403.369
  0.488   730403.369
  0.366   730403.376
  0.366   730403.376
  0.344   730403.383
  0.344   730403.383
  0.367   730403.390
  0.367   730403.390
  0.381   730403.397
  0.381   730403.397
  0.410   730403.404
  0.410   730403.404
  0.418   730403.411
  0.418   730403.411
  0.575   730403.418
  0.575   730403.418
  1.025   730403.425
  1.025   730403.425
  0.433   730403.432
  0.433   730403.432
  0.413   730403.439
  0.413   730403.439
  0.417   730403.446
  0.417   730403.446
  0.404   730403.452
  0.404   730403.452
  0.489   730403.460
  0.489   730403.460
  0.424   730403.466
  0.424   730403.466
  0.544   730403.473
  0.544   730403.473
  0.447   730403.480
  0.447   730403.480
  0.427   730403.488
  0.427   730403.488
  0.408   730403.494
  0.408   730403.494
  0.404   730403.501
  0.404   730403.501
  0.655   730403.508
  0.655   730403.508
  0.395   730403.515
  0.395   730403.515
  0.389   730403.522
  0.389   730403.522
  0.474   730403.529
  0.474   730403.529
  0.463   730403.536
  0.463   730403.536
  0.398   730403.543
  0.398   730403.543
  0.436   730403.550
  0.436   730403.550
  0.404   730403.557
  0.404   730403.557
  0.426   730403.563
  0.426   730403.563
  0.436   730403.571
  0.436   730403.571
  0.457   730403.577
  0.457   730403.577
  0.371   730403.584
  0.371   730403.584
  0.439   730403.591
  0.439   730403.591
  0.829   730403.598
  0.829   730403.598
  0.440   730403.605
  0.440   730403.605
  0.414   730403.613
  0.414   730403.613
  0.482   730403.619
  0.482   730403.619
  0.678   730403.626
  0.678   730403.626
  0.474   730403.633
  0.474   730403.633
  0.420   730403.640
  0.420   730403.640
  0.547   730403.647
  0.547   730403.647
  0.583   730403.654
  0.583   730403.654
  0.480   730403.661
  0.480   730403.661
  0.437   730403.668
  0.437   730403.668
  0.387   730403.675
  0.387   730403.675
  0.460   730403.682
  0.460   730403.682
  0.689   730403.688
  0.689   730403.688
  0.473   730403.696
  0.473   730403.696
  0.412   730403.702
  0.412   730403.702
  0.382   730403.709
  0.382   730403.709
  0.439   730403.716
  0.439   730403.716
  0.649   730403.723
  0.649   730403.723
  0.386   730403.730
  0.386   730403.730
  0.513   730403.738
  0.513   730403.738
  0.469   730403.744
  0.469   730403.744
  0.692   730403.751
  0.692   730403.751
  0.392   730403.758
  0.392   730403.758
  0.678   730403.765
  0.678   730403.765
  0.419   730403.772
  0.419   730403.772
  9.443   730403.779
  9.443   730403.779
  0.493   730403.786
  0.493   730403.786
  0.627   730403.793
  0.627   730403.793
  0.723   730403.800
  0.723   730403.800
  0.619   730403.807
  0.619   730403.807
  0.503   730403.814
  0.503   730403.814
  0.735   730403.821
  0.735   730403.821
  0.515   730403.827
  0.515   730403.827
  0.455   730403.834
  0.455   730403.834
  0.481   730403.841
  0.481   730403.841
  0.509   730403.848
  0.509   730403.848
  0.526   730403.855
  0.526   730403.855
  0.553   730403.863
  0.553   730403.863
  0.566   730403.869
  0.566   730403.869
  0.493   730403.876
  0.493   730403.876
  0.512   730403.883
  0.512   730403.883
  0.695   730403.890
  0.695   730403.890
  0.507   730403.897
  0.507   730403.897
  0.699   730403.904
  0.699   730403.904
  0.488   730403.911
  0.488   730403.911
  0.461   730403.918
  0.461   730403.918
  0.440   730403.925
  0.440   730403.925
  0.490   730403.932
  0.490   730403.932
  0.507   730403.939
  0.507   730403.939
  0.498   730403.946
  0.498   730403.946
  0.497   730403.952
  0.497   730403.952
  0.515   730403.959
  0.515   730403.959
  0.482   730403.966
  0.482   730403.966
  0.470   730403.973
  0.470   730403.973
  0.486   730403.980
  0.486   730403.980
  0.451   730403.988
  0.451   730403.988
  0.508   730403.994
  0.508   730403.994
