  6.465   730403.007
 46.509   730403.007
 44.810   730403.014
 43.309   730403.021
 49.730   730403.028
 45.685   730403.034
 40.123   730403.041
 45.053   730403.048
 49.931   730403.055
 50.295   730403.062
 61.024   730403.069
 49.167   730403.076
 58.660   730403.083
 58.407   730403.090
 56.879   730403.097
 62.315   730403.104
 56.484   730403.111
 65.802   730403.118
 60.927   730403.125
 67.781   730403.132
 62.221   730403.139
 75.923   730403.146
 70.973   730403.153
 77.402   730403.159
 79.361   730403.166
 74.284   730403.173
 89.595   730403.180
 83.587   730403.187
 85.416   730403.194
 86.385   730403.201
 86.107   730403.208
 83.108   730403.215
 91.018   730403.222
 94.457   730403.229
 95.673   730403.236
 81.661   730403.243
 82.434   730403.250
 96.329   730403.257
 85.943   730403.264
 92.579   730403.271
 80.913   730403.278
 81.906   730403.284
 85.112   730403.291
 86.948   730403.298
 92.450   730403.305
 94.415   730403.312
 97.308   730403.319
 88.666   730403.326
 94.301   730403.333
 93.839   730403.340
 87.269   730403.347
 81.931   730403.354
 90.486   730403.361
 88.207   730403.368
 88.289   730403.375
 72.624   730403.382
 80.064   730403.389
 69.474   730403.396
 68.606   730403.403
 72.129   730403.409
 68.773   730403.416
 59.286   730403.423
 62.621   730403.430
 55.390   730403.437
 56.062   730403.444
 49.811   730403.451
 61.530   730403.458
 50.807   730403.465
 47.908   730403.472
 44.815   730403.479
 50.139   730403.486
 43.555   730403.493
 52.457   730403.500
 39.134   730403.507
 41.941   730403.514
 45.497   730403.521
 42.169   730403.528
 40.604   730403.534
 48.967   730403.541
 45.512   730403.548
 50.673   730403.555
 41.264   730403.562
 47.550   730403.569
 45.122   730403.576
 47.729   730403.583
 39.991   730403.590
 48.359   730403.597
 48.253   730403.604
 46.617   730403.611
 49.404   730403.618
 49.781   730403.625
 49.586   730403.632
 43.739   730403.639
 50.051   730403.646
 45.127   730403.653
 46.672   730403.659
 49.361   730403.666
 47.777   730403.673
 46.677   730403.680
 52.298   730403.687
 55.186   730403.694
 53.661   730403.701
 45.237   730403.708
 50.772   730403.715
 45.534   730403.722
 55.789   730403.729
 53.162   730403.736
 50.561   730403.743
 47.957   730403.750
 48.156   730403.757
 43.912   730403.764
 37.415   730403.771
 42.263   730403.778
 36.230   730403.784
 35.740   730403.791
 38.446   730403.798
 45.403   730403.805
 38.766   730403.812
 43.918   730403.819
 43.387   730403.826
 46.579   730403.833
 41.931   730403.840
 40.961   730403.847
 39.279   730403.854
 40.561   730403.861
 44.051   730403.868
 42.579   730403.875
    NaN   730403.882
 47.199   730403.889
 48.681   730403.896
 49.194   730403.903
 51.191   730403.909
 46.662   730403.916
 49.750   730403.923
 50.031   730403.930
 52.511   730403.937
 51.885   730403.944
 49.231   730403.951
 47.844   730403.958
 52.930   730403.965
 53.436   730403.972
 47.946   730403.979
 47.536   730403.986
 48.652   730403.993
 50.683   730404.000
