  0.088   730403.001
  0.040   730403.001
  0.099   730403.008
  0.100   730403.014
  0.096   730403.021
  0.088   730403.029
  0.099   730403.035
  0.103   730403.042
  0.097   730403.049
  0.104   730403.056
  0.087   730403.063
  0.090   730403.070
  0.093   730403.077
  0.091   730403.084
  0.100   730403.091
  0.099   730403.098
  0.096   730403.105
  0.112   730403.112
  0.105   730403.118
  0.098   730403.125
  0.096   730403.132
  0.113   730403.139
  0.100   730403.146
  0.091   730403.154
  0.091   730403.160
  0.084   730403.167
  0.082   730403.174
  2.917   730403.181
  0.102   730403.188
  0.094   730403.195
  0.089   730403.202
  0.092   730403.209
  0.094   730403.216
  0.082   730403.223
  0.084   730403.230
  0.090   730403.237
  0.084   730403.243
  0.084   730403.250
  0.095   730403.257
  0.086   730403.264
  0.090   730403.271
  0.097   730403.279
  0.084   730403.285
  0.090   730403.292
  0.097   730403.299
  0.194   730403.306
  0.095   730403.313
  0.096   730403.320
  0.085   730403.327
  0.091   730403.334
  0.079   730403.341
  0.088   730403.348
  0.091   730403.355
  0.081   730403.362
  0.094   730403.368
  0.092   730403.375
  0.081   730403.382
  0.084   730403.389
  0.101   730403.396
  0.092   730403.404
  0.096   730403.410
  2.196   730403.417
  0.082   730403.424
  0.087   730403.431
  0.095   730403.438
  0.101   730403.445
  0.096   730403.452
  0.083   730403.459
  0.094   730403.466
  0.106   730403.473
  0.097   730403.480
  0.093   730403.487
  0.104   730403.493
  0.099   730403.500
  0.112   730403.507
  0.101   730403.514
  0.131   730403.521
  0.106   730403.529
  0.118   730403.535
  0.105   730403.542
  0.107   730403.549
  0.114   730403.556
  0.118   730403.563
  0.105   730403.570
  0.114   730403.577
  0.103   730403.584
  0.108   730403.591
  0.121   730403.598
  0.108   730403.605
  0.115   730403.612
  0.108   730403.618
  0.122   730403.625
  0.130   730403.632
  0.119   730403.639
  0.122   730403.646
  0.141   730403.654
  0.143   730403.660
  3.764   730403.667
  0.150   730403.674
  0.146   730403.681
  0.149   730403.688
  0.152   730403.695
  0.154   730403.702
  0.163   730403.709
  0.148   730403.716
  0.146   730403.723
  0.161   730403.730
  0.172   730403.737
  0.179   730403.744
  0.174   730403.750
  0.165   730403.757
  0.157   730403.764
  0.168   730403.771
  0.177   730403.779
  0.150   730403.785
  0.167   730403.792
  0.175   730403.799
  0.145   730403.806
  0.184   730403.813
  0.177   730403.820
  0.193   730403.827
  0.184   730403.834
  0.174   730403.841
  0.208   730403.848
  0.195   730403.855
  0.189   730403.862
  0.201   730403.869
  0.205   730403.875
  0.197   730403.882
  0.266   730403.889
  0.248   730403.896
  0.252   730403.904
  0.232   730403.910
  1.556   730403.917
  0.275   730403.924
  0.338   730403.931
  0.337   730403.938
  0.344   730403.945
  0.287   730403.952
  0.301   730403.959
  0.339   730403.966
  0.321   730403.973
  0.325   730403.980
  0.305   730403.987
  0.307   730403.993
