  0.478   730403.001
  0.478   730403.001
  0.210   730403.001
  0.210   730403.001
  0.445   730403.008
  0.445   730403.008
  0.441   730403.015
  0.441   730403.015
  0.517   730403.022
  0.517   730403.022
  0.475   730403.029
  0.475   730403.029
  0.502   730403.036
  0.502   730403.036
  0.527   730403.043
  0.527   730403.043
  0.470   730403.050
  0.470   730403.050
  0.457   730403.056
  0.457   730403.056
  0.500   730403.064
  0.500   730403.064
  0.484   730403.071
  0.484   730403.071
  0.483   730403.077
  0.483   730403.077
  0.521   730403.084
  0.521   730403.084
  0.493   730403.091
  0.493   730403.091
  0.462   730403.098
  0.462   730403.098
  0.509   730403.105
  0.509   730403.105
  0.482   730403.113
  0.482   730403.113
  0.456   730403.119
  0.456   730403.119
  0.439   730403.126
  0.439   730403.126
  0.474   730403.133
  0.474   730403.133
  0.440   730403.140
  0.440   730403.140
  0.414   730403.147
  0.414   730403.147
  0.423   730403.155
  0.423   730403.155
  0.395   730403.161
  0.395   730403.161
  0.368   730403.168
  0.368   730403.168
  0.384   730403.175
  0.384   730403.175
  0.395   730403.182
  0.395   730403.182
  0.360   730403.189
  0.360   730403.189
  0.384   730403.196
  0.384   730403.196
  0.359   730403.202
  0.359   730403.202
  0.329   730403.209
  0.329   730403.209
  0.366   730403.216
  0.366   730403.216
  0.324   730403.223
  0.324   730403.223
  0.327   730403.230
  0.327   730403.230
  0.334   730403.238
  0.334   730403.238
  0.325   730403.244
  0.325   730403.244
  0.320   730403.251
  0.320   730403.251
  0.301   730403.258
  0.301   730403.258
  0.327   730403.265
  0.327   730403.265
  0.308   730403.272
  0.308   730403.272
  0.300   730403.279
  0.300   730403.279
  0.293   730403.286
  0.293   730403.286
  0.300   730403.293
  0.300   730403.293
  0.332   730403.300
  0.332   730403.300
  0.394   730403.307
  0.394   730403.307
  0.336   730403.313
  0.336   730403.313
  0.337   730403.321
  0.337   730403.321
  0.329   730403.327
  0.329   730403.327
  0.330   730403.334
  0.330   730403.334
  0.350   730403.341
  0.350   730403.341
  0.345   730403.348
  0.345   730403.348
  0.320   730403.355
  0.320   730403.355
  0.361   730403.363
  0.361   730403.363
  0.338   730403.369
  0.338   730403.369
  0.355   730403.376
  0.355   730403.376
  0.311   730403.383
  0.311   730403.383
  0.313   730403.390
  0.313   730403.390
  0.316   730403.397
  0.316   730403.397
  0.367   730403.404
  0.367   730403.404
  0.348   730403.411
  0.348   730403.411
  0.360   730403.418
  0.360   730403.418
  0.367   730403.425
  0.367   730403.425
  0.348   730403.432
  0.348   730403.432
  0.359   730403.439
  0.359   730403.439
  0.384   730403.446
  0.384   730403.446
  0.366   730403.452
  0.366   730403.452
  0.393   730403.460
  0.393   730403.460
  0.362   730403.466
  0.362   730403.466
  0.365   730403.473
  0.365   730403.473
  0.406   730403.480
  0.406   730403.480
  0.348   730403.488
  0.348   730403.488
  0.337   730403.494
  0.337   730403.494
  0.333   730403.501
  0.333   730403.501
  0.363   730403.508
  0.363   730403.508
  0.387   730403.515
  0.387   730403.515
  0.347   730403.522
  0.347   730403.522
  0.367   730403.529
  0.367   730403.529
  0.346   730403.536
  0.346   730403.536
  0.346   730403.543
  0.346   730403.543
  0.337   730403.550
  0.337   730403.550
  0.341   730403.557
  0.341   730403.557
  0.388   730403.563
  0.388   730403.563
  0.372   730403.571
  0.372   730403.571
  0.382   730403.577
  0.382   730403.577
  0.328   730403.584
  0.328   730403.584
  0.312   730403.591
  0.312   730403.591
  0.389   730403.598
  0.389   730403.598
  0.380   730403.605
  0.380   730403.605
  0.375   730403.613
  0.375   730403.613
  0.361   730403.619
  0.361   730403.619
  0.357   730403.626
  0.357   730403.626
  0.358   730403.633
  0.358   730403.633
  0.347   730403.640
  0.347   730403.640
  0.394   730403.647
  0.394   730403.647
  0.347   730403.654
  0.347   730403.654
  0.362   730403.661
  0.362   730403.661
  0.352   730403.668
  0.352   730403.668
  0.309   730403.675
  0.309   730403.675
  0.346   730403.682
  0.346   730403.682
  0.364   730403.688
  0.364   730403.688
  0.365   730403.696
  0.365   730403.696
  0.395   730403.702
  0.395   730403.702
  0.316   730403.709
  0.316   730403.709
  0.381   730403.716
  0.381   730403.716
  0.368   730403.723
  0.368   730403.723
  0.410   730403.730
  0.410   730403.730
  0.379   730403.738
  0.379   730403.738
  0.381   730403.744
  0.381   730403.744
  0.346   730403.751
  0.346   730403.751
  0.408   730403.758
  0.408   730403.758
  0.417   730403.765
  0.417   730403.765
  0.374   730403.772
  0.374   730403.772
  0.431   730403.779
  0.431   730403.779
  0.348   730403.786
  0.348   730403.786
  0.389   730403.793
  0.389   730403.793
  0.383   730403.800
  0.383   730403.800
  0.369   730403.807
  0.369   730403.807
  0.427   730403.814
  0.427   730403.814
  0.467   730403.821
  0.467   730403.821
  0.451   730403.827
  0.451   730403.827
  0.414   730403.834
  0.414   730403.834
  0.435   730403.841
  0.435   730403.841
  0.402   730403.848
  0.402   730403.848
  0.433   730403.855
  0.433   730403.855
  0.380   730403.863
  0.380   730403.863
  0.477   730403.869
  0.477   730403.869
  0.469   730403.876
  0.469   730403.876
  2.310   730403.883
  2.310   730403.883
  0.462   730403.890
  0.462   730403.890
  0.454   730403.897
  0.454   730403.897
  0.429   730403.904
  0.429   730403.904
  0.433   730403.911
  0.433   730403.911
  0.437   730403.918
  0.437   730403.918
  0.487   730403.925
  0.487   730403.925
  0.414   730403.932
  0.414   730403.932
  0.461   730403.939
  0.461   730403.939
  0.403   730403.946
  0.403   730403.946
  0.378   730403.952
  0.378   730403.952
  0.392   730403.959
  0.392   730403.959
  0.486   730403.966
  0.486   730403.966
  0.459   730403.973
  0.459   730403.973
  0.437   730403.980
  0.437   730403.980
  0.436   730403.988
  0.436   730403.988
  0.479   730403.994
  0.479   730403.994
