  0.027   730403.007
  0.103   730403.007
  0.102   730403.013
  0.114   730403.020
  0.116   730403.027
  0.095   730403.034
  0.121   730403.041
  0.105   730403.048
  0.076   730403.055
  0.100   730403.062
  0.097   730403.069
  0.120   730403.076
  0.099   730403.083
  0.098   730403.090
  0.103   730403.097
  0.100   730403.104
  0.097   730403.111
  0.116   730403.118
  0.104   730403.125
  0.191   730403.132
  0.129   730403.138
  0.103   730403.145
  0.105   730403.152
  0.132   730403.159
  0.116   730403.166
  0.107   730403.173
  0.103   730403.180
  0.106   730403.187
  0.122   730403.194
  0.121   730403.201
  0.120   730403.208
  0.120   730403.215
  0.132   730403.222
  0.114   730403.229
  0.123   730403.236
  0.126   730403.243
  0.121   730403.250
  0.135   730403.256
  0.136   730403.263
  0.105   730403.270
  0.123   730403.277
  0.121   730403.284
  0.118   730403.291
  0.117   730403.298
  0.153   730403.305
  0.121   730403.312
  0.121   730403.319
  0.101   730403.326
  0.101   730403.333
  0.120   730403.340
  0.116   730403.347
  0.109   730403.354
  0.115   730403.361
  0.117   730403.368
  0.117   730403.375
  0.109   730403.381
  0.109   730403.388
  0.117   730403.395
  0.117   730403.402
  0.111   730403.409
  0.116   730403.416
  0.128   730403.423
  0.119   730403.430
  0.123   730403.437
  0.125   730403.444
  0.106   730403.451
  0.102   730403.458
  0.106   730403.465
  0.120   730403.472
  0.113   730403.479
  0.108   730403.486
  0.103   730403.493
  0.096   730403.500
  0.099   730403.506
  0.110   730403.513
  0.096   730403.520
  0.111   730403.527
  0.103   730403.534
  0.102   730403.541
  0.092   730403.548
  0.104   730403.555
  0.103   730403.562
  0.101   730403.569
  0.105   730403.576
  0.110   730403.583
  0.105   730403.590
  0.098   730403.597
  0.105   730403.604
  0.096   730403.611
  0.110   730403.618
  0.100   730403.625
  0.085   730403.631
  0.103   730403.638
  0.105   730403.645
  0.093   730403.652
  0.101   730403.659
  0.089   730403.666
  0.102   730403.673
  0.091   730403.680
  0.094   730403.687
  0.103   730403.694
  0.094   730403.701
  0.088   730403.708
  0.089   730403.715
  0.105   730403.722
  0.095   730403.729
  0.097   730403.736
  0.102   730403.743
  0.114   730403.750
  0.097   730403.756
  0.102   730403.763
  0.106   730403.770
  0.099   730403.777
  0.118   730403.784
  0.114   730403.791
  0.106   730403.798
  0.089   730403.805
  0.090   730403.812
  0.101   730403.819
  0.102   730403.826
  0.085   730403.833
  0.094   730403.840
  0.096   730403.847
  0.122   730403.854
  0.084   730403.861
  0.098   730403.868
  0.084   730403.875
  0.082   730403.882
  1.331   730403.888
  0.100   730403.895
  0.119   730403.902
  0.106   730403.909
  0.111   730403.916
  0.098   730403.923
  0.105   730403.930
  0.123   730403.937
  0.106   730403.944
  0.116   730403.951
  0.110   730403.958
  0.109   730403.965
  0.111   730403.972
  0.116   730403.979
  0.110   730403.986
  0.113   730403.993
  0.108   730404.000
