    NaN   729300.000
  0.647   729300.010
  0.582   729300.021
  0.733   729300.031
  0.701   729300.042
  0.684   729300.052
  0.727   729300.063
  0.781   729300.073
  0.712   729300.083
  0.699   729300.094
  0.755   729300.104
  0.726   729300.115
  0.730   729300.125
  0.706   729300.135
  0.898   729300.146
  0.818   729300.156
  0.691   729300.167
  0.698   729300.177
  0.727   729300.188
  0.707   729300.198
  0.733   729300.208
  0.743   729300.219
  0.712   729300.229
  0.699   729300.240
  0.796   729300.250
  0.728   729300.260
  0.837   729300.271
  0.644   729300.281
  0.708   729300.292
  0.719   729300.302
  0.711   729300.313
  0.649   729300.323
  0.655   729300.333
  0.690   729300.344
  0.691   729300.354
  0.762   729300.365
  0.686   729300.375
  0.677   729300.385
  0.652   729300.396
  0.715   729300.406
  0.656   729300.417
  0.669   729300.427
  0.667   729300.438
  0.613   729300.448
  0.674   729300.458
  0.649   729300.469
  0.766   729300.479
  0.631   729300.490
  0.643   729300.500
  0.691   729300.510
  0.632   729300.521
  0.598   729300.531
  0.650   729300.542
  0.699   729300.552
  0.747   729300.563
  0.707   729300.573
  3.950   729300.583
  3.146   729300.594
  0.753   729300.604
  0.655   729300.615
  0.690   729300.625
  0.666   729300.635
  0.730   729300.646
  0.637   729300.656
  0.808   729300.667
  0.654   729300.677
  0.648   729300.688
  0.594   729300.698
  0.595   729300.708
  0.657   729300.719
  0.623   729300.729
  0.592   729300.740
  0.708   729300.750
  0.768   729300.781
  1.606   729300.792
  0.908   729300.833
  0.804   729300.844
  1.241   729300.854
  0.843   729300.865
  1.211   729300.875
  0.828   729300.885
  2.062   729300.906
  2.664   729300.917
  2.952   729300.927
  2.435   729300.937
  2.223   729300.948
  2.484   729300.958
  2.516   729300.968
  2.727   729300.979
  2.702   729300.990
