  0.000   730195.001
  0.000   730195.008
  0.000   730195.015
  0.000   730195.021
  0.000   730195.028
  0.000   730195.036
  0.000   730195.042
  0.000   730195.049
  0.000   730195.056
  0.000   730195.063
  0.000   730195.070
  0.000   730195.078
  0.000   730195.084
  0.000   730195.090
  0.000   730195.097
  0.000   730195.105
  0.000   730195.112
  0.000   730195.119
  0.000   730195.126
  0.000   730195.133
  0.000   730195.140
  0.000   730195.146
  0.000   730195.153
  0.000   730195.161
  0.000   730195.167
  0.000   730195.174
  0.000   730195.181
  0.000   730195.188
  0.000   730195.195
  0.000   730195.202
  0.000   730195.208
  0.000   730195.216
  0.000   730195.223
  0.000   730195.230
  0.000   730195.237
  0.000   730195.244
  0.000   730195.251
  0.000   730195.258
  0.000   730195.265
  0.000   730195.272
  0.000   730195.278
  0.000   730195.286
  0.000   730195.292
  0.000   730195.299
  0.000   730195.306
  0.000   730195.313
  0.000   730195.319
  0.000   730195.328
  0.000   730195.335
  0.000   730195.340
  0.000   730195.348
  0.000   730195.355
  0.000   730195.362
  0.000   730195.369
  0.000   730195.376
  0.000   730195.383
  0.000   730195.389
  0.000   730195.397
  0.000   730195.403
  0.000   730195.411
  0.000   730195.417
  0.000   730195.424
  0.000   730195.431
  0.000   730195.438
  0.000   730195.445
  0.000   730195.453
  0.000   730195.459
  0.000   730195.465
  0.000   730195.473
  0.000   730195.480
  0.000   730195.487
  0.000   730195.494
  0.000   730195.501
  0.000   730195.508
  0.000   730195.514
  0.000   730195.522
  0.000   730195.528
  0.000   730195.536
  0.000   730195.542
  0.000   730195.549
  0.000   730195.556
  0.000   730195.562
  0.000   730195.570
  0.000   730195.578
  0.000   730195.584
  0.000   730195.591
  0.000   730195.597
  0.000   730195.605
  0.000   730195.612
  0.000   730195.619
  0.000   730195.625
  0.000   730195.632
  0.000   730195.640
  0.000   730195.647
  0.000   730195.653
  0.000   730195.660
  0.000   730195.667
  0.000   730195.674
  0.000   730195.681
  0.000   730195.688
  0.000   730195.694
  0.000   730195.702
  0.000   730195.709
  0.000   730195.715
  0.000   730195.722
  0.000   730195.730
  0.000   730195.736
  0.000   730195.744
  0.000   730195.751
  0.000   730195.758
  0.000   730195.765
  0.000   730195.771
  0.000   730195.778
  0.000   730195.785
  0.000   730195.792
  0.000   730195.799
  0.000   730195.806
  0.000   730195.813
  0.000   730195.820
  0.000   730195.828
  0.000   730195.834
  0.000   730195.840
  0.000   730195.848
  0.000   730195.854
  0.000   730195.862
  0.000   730195.869
  0.000   730195.876
  0.000   730195.882
  0.000   730195.890
  0.000   730195.897
  0.000   730195.903
  0.000   730195.911
  0.000   730195.917
  0.000   730195.924
  0.000   730195.931
  0.000   730195.938
  0.000   730195.944
  0.000   730195.953
  0.000   730195.959
  0.000   730195.966
  0.000   730195.972
  0.000   730195.980
  0.000   730195.987
  0.000   730195.994
