  0.691   730195.000
  0.718   730195.007
  0.742   730195.014
  0.772   730195.021
  0.800   730195.028
  0.733   730195.035
  0.777   730195.042
  0.817   730195.049
  0.762   730195.056
  0.869   730195.062
  0.877   730195.069
  0.807   730195.076
  0.711   730195.083
  0.828   730195.090
  0.785   730195.097
  0.765   730195.103
  0.838   730195.111
  0.792   730195.118
  0.843   730195.125
  0.799   730195.132
  0.876   730195.139
  0.770   730195.146
  1.255   730195.153
  0.955   730195.160
  0.840   730195.167
  0.854   730195.174
  0.942   730195.181
  0.899   730195.188
  0.886   730195.194
  0.934   730195.201
  0.844   730195.208
  0.908   730195.215
  0.836   730195.222
  0.807   730195.229
  0.877   730195.236
  0.843   730195.243
  0.789   730195.250
  0.708   730195.257
  0.895   730195.264
  0.866   730195.271
  0.801   730195.278
  0.722   730195.285
  0.772   730195.292
  0.873   730195.299
  0.659   730195.306
  0.848   730195.312
  0.722   730195.319
  0.849   730195.326
  0.792   730195.333
  0.808   730195.340
  0.791   730195.347
  0.765   730195.354
  0.727   730195.361
  0.896   730195.368
  0.825   730195.375
  0.852   730195.382
  0.818   730195.389
  0.851   730195.396
  0.944   730195.403
  0.900   730195.410
  0.784   730195.417
  0.940   730195.424
  0.876   730195.431
  0.996   730195.438
  0.935   730195.444
  0.965   730195.451
  0.957   730195.458
  1.162   730195.465
    NaN   730195.472
  3.355   730195.479
  1.056   730195.486
  1.155   730195.493
  1.158   730195.500
  1.159   730195.507
  1.001   730195.514
  1.129   730195.521
  0.896   730195.528
  0.948   730195.535
  1.879   730195.542
  1.791   730195.549
  2.098   730195.556
  2.311   730195.562
  2.377   730195.569
  2.289   730195.576
  2.579   730195.583
  2.276   730195.590
  2.019   730195.597
  2.347   730195.604
  2.519   730195.611
  2.193   730195.618
  1.501   730195.625
  1.633   730195.632
  0.863   730195.639
  0.819   730195.646
  0.712   730195.653
  0.808   730195.660
  0.806   730195.667
  0.737   730195.674
  0.776   730195.681
  0.740   730195.688
  0.777   730195.694
  0.787   730195.701
  0.797   730195.708
  0.829   730195.715
  0.833   730195.722
  0.850   730195.729
  0.868   730195.736
  0.865   730195.743
  0.865   730195.750
  0.846   730195.757
  0.824   730195.764
  0.843   730195.771
  0.890   730195.778
  0.864   730195.785
  0.826   730195.792
  0.824   730195.799
  0.816   730195.806
  0.797   730195.812
  0.666   730195.819
  0.827   730195.826
  0.843   730195.833
  0.745   730195.840
  0.784   730195.847
  0.694   730195.854
  0.735   730195.861
  0.779   730195.868
  0.799   730195.875
  0.760   730195.882
  0.723   730195.889
  0.730   730195.896
  0.782   730195.903
  0.697   730195.910
  0.648   730195.917
  0.779   730195.924
  0.760   730195.931
  0.795   730195.938
  0.781   730195.944
  0.832   730195.951
  0.854   730195.958
  0.808   730195.965
  0.809   730195.972
  0.955   730195.979
  0.874   730195.985
  0.857   730195.993
