  0.672   730195.001
  0.706   730195.008
  0.734   730195.015
  1.551   730195.022
  0.992   730195.029
  0.625   730195.037
  0.616   730195.043
  0.634   730195.050
  0.555   730195.057
  0.626   730195.064
  0.605   730195.071
  0.799   730195.078
  0.718   730195.085
  0.787   730195.091
  0.669   730195.098
  0.729   730195.106
  0.886   730195.113
  0.838   730195.120
  0.771   730195.126
  0.854   730195.133
  0.852   730195.140
  0.728   730195.147
  0.734   730195.153
  0.871   730195.162
  0.861   730195.168
  0.874   730195.175
  0.768   730195.182
  0.705   730195.189
  0.711   730195.196
  0.618   730195.203
  0.713   730195.209
  0.773   730195.217
  0.667   730195.224
  0.705   730195.231
  0.680   730195.238
  0.538   730195.245
  0.685   730195.251
  0.525   730195.258
  1.021   730195.265
  0.616   730195.272
  0.621   730195.279
  0.854   730195.287
  0.561   730195.293
  0.563   730195.299
  0.523   730195.307
  0.541   730195.314
  0.495   730195.320
  0.593   730195.329
  0.576   730195.336
  0.547   730195.341
  0.613   730195.349
  0.512   730195.356
  0.547   730195.363
  0.568   730195.370
  0.597   730195.376
  0.518   730195.383
  0.484   730195.390
  0.514   730195.397
  0.587   730195.404
  0.465   730195.412
  0.506   730195.418
  0.527   730195.425
  0.469   730195.432
  0.460   730195.439
  0.524   730195.446
  0.476   730195.455
  0.508   730195.460
  0.452   730195.466
  0.456   730195.474
  0.465   730195.481
  0.467   730195.488
  0.401   730195.495
  0.405   730195.501
  0.450   730195.508
  0.464   730195.515
  0.401   730195.522
  0.450   730195.529
  0.474   730195.537
  0.432   730195.543
  0.436   730195.550
  0.414   730195.556
  0.489   730195.563
  0.509   730195.571
    NaN   730195.578
  0.486   730195.585
  0.487   730195.592
  0.444   730195.598
  0.493   730195.606
  0.456   730195.613
  0.516   730195.619
  0.544   730195.626
  0.434   730195.633
  0.463   730195.640
  0.491   730195.647
  0.414   730195.654
  0.430   730195.661
  0.424   730195.668
  0.424   730195.674
  0.436   730195.681
  0.476   730195.688
  0.568   730195.695
  0.481   730195.703
  0.527   730195.710
  0.511   730195.716
  0.627   730195.723
  0.623   730195.731
  0.583   730195.737
  0.662   730195.744
  0.729   730195.751
  0.707   730195.758
  0.705   730195.765
  0.723   730195.772
  0.742   730195.779
  0.818   730195.786
  0.816   730195.793
  1.143   730195.800
  0.858   730195.806
  0.890   730195.814
  0.865   730195.821
  0.761   730195.828
  0.742   730195.835
  0.770   730195.841
  0.644   730195.849
  0.730   730195.855
  0.760   730195.863
  0.752   730195.870
  0.700   730195.876
  0.708   730195.883
  0.661   730195.890
  0.730   730195.897
  0.700   730195.903
  0.771   730195.912
  0.711   730195.918
  0.737   730195.925
  0.708   730195.932
  0.717   730195.939
  0.655   730195.945
  0.665   730195.953
  0.668   730195.960
  0.746   730195.967
  0.610   730195.973
  0.752   730195.981
  0.622   730195.988
  0.601   730195.995
