  1.817   730195.001
  1.907   730195.008
  1.666   730195.015
  1.664   730195.022
  1.545   730195.029
  2.008   730195.037
  1.732   730195.043
  1.696   730195.050
  1.671   730195.057
  1.879   730195.064
  1.612   730195.071
  1.643   730195.079
  1.727   730195.085
  1.650   730195.092
  1.693   730195.099
  1.661   730195.106
  1.543   730195.113
  1.703   730195.121
  1.582   730195.126
  1.615   730195.133
  1.729   730195.140
  1.713   730195.147
  1.772   730195.154
  1.652   730195.162
  1.612   730195.168
  1.472   730195.175
  1.583   730195.182
  1.517   730195.189
  1.609   730195.196
  1.715   730195.204
  1.495   730195.210
  1.419   730195.217
  1.316   730195.224
  1.439   730195.231
  1.309   730195.238
  1.453   730195.246
  1.408   730195.251
  1.289   730195.258
  1.468   730195.265
  1.330   730195.272
  1.349   730195.279
  1.400   730195.287
  1.406   730195.293
  1.157   730195.300
  1.326   730195.307
  1.197   730195.314
  1.132   730195.321
  1.283   730195.330
  1.410   730195.336
  1.222   730195.342
  1.367   730195.349
  1.396   730195.356
  1.495   730195.363
  1.477   730195.371
  1.478   730195.376
  1.372   730195.383
  1.436   730195.390
  1.310   730195.397
  1.275   730195.404
  1.288   730195.412
  1.193   730195.418
  1.215   730195.425
  1.155   730195.432
  1.328   730195.439
  1.122   730195.446
  1.042   730195.455
  1.143   730195.460
  1.206   730195.467
  1.190   730195.474
  1.172   730195.481
  1.291   730195.488
    NaN   730195.496
  1.054   730195.501
  1.317   730195.508
  1.008   730195.515
  1.048   730195.522
  1.077   730195.529
  1.041   730195.537
  1.153   730195.543
  1.147   730195.550
  1.174   730195.557
  1.200   730195.564
  1.237   730195.571
  1.388   730195.578
  1.590   730195.585
  1.890   730195.592
  2.052   730195.599
  2.698   730195.606
  7.013   730195.613
  2.104   730195.620
  1.967   730195.626
  1.780   730195.633
  1.979   730195.640
  1.913   730195.647
  1.761   730195.654
  1.765   730195.662
  1.746   730195.668
  1.769   730195.675
  1.870   730195.682
  1.808   730195.689
  1.587   730195.696
  1.681   730195.703
  1.568   730195.710
  2.080   730195.717
  2.425   730195.724
  1.522   730195.731
  1.708   730195.738
  1.907   730195.744
  1.575   730195.751
  1.858   730195.758
  1.607   730195.765
  7.267   730195.772
  2.102   730195.779
  2.385   730195.787
  2.307   730195.793
  1.947   730195.800
  2.329   730195.807
  1.975   730195.814
  2.398   730195.821
  2.329   730195.828
  2.062   730195.835
  2.177   730195.842
  1.988   730195.849
  2.102   730195.856
  1.968   730195.863
  1.605   730195.871
  1.711   730195.876
  1.591   730195.883
  1.921   730195.890
  1.727   730195.897
  1.577   730195.904
  1.568   730195.912
  1.657   730195.918
  1.546   730195.925
  1.490   730195.932
  1.654   730195.939
  1.550   730195.946
  1.695   730195.954
  1.670   730195.960
  1.419   730195.967
  1.530   730195.974
  1.586   730195.981
  1.518   730195.988
    NaN   730195.996
