  0.330   729925.010
  0.990   729925.010
  1.340   729925.020
  0.290   729925.040
  0.360   729925.050
  0.310   729925.050
  0.320   729925.060
  0.350   729925.070
  0.350   729925.080
  0.360   729925.080
  0.410   729925.090
  0.390   729925.100
  0.350   729925.100
  0.380   729925.110
  0.340   729925.120
  0.380   729925.120
  0.380   729925.130
  0.360   729925.140
  0.400   729925.150
  0.400   729925.150
  0.400   729925.160
  0.410   729925.170
  0.590   729925.170
  0.380   729925.180
  0.520   729925.190
  0.370   729925.190
  0.400   729925.200
  0.410   729925.210
  0.380   729925.210
  0.420   729925.220
  0.390   729925.230
  0.390   729925.240
  0.400   729925.240
  0.410   729925.250
  0.370   729925.260
  0.430   729925.260
  0.380   729925.270
  0.390   729925.280
  0.420   729925.280
  0.390   729925.290
  0.360   729925.300
  0.370   729925.300
  0.370   729925.310
  0.360   729925.320
  0.370   729925.330
  0.550   729925.330
  0.370   729925.340
  0.330   729925.350
  0.350   729925.350
  0.350   729925.360
  0.330   729925.370
  0.380   729925.370
  0.350   729925.380
  0.350   729925.390
  0.360   729925.400
  0.370   729925.400
  0.370   729925.410
  0.370   729925.420
  0.380   729925.420
  0.380   729925.430
  0.410   729925.440
  0.430   729925.440
  0.440   729925.450
  0.440   729925.460
  0.460   729925.470
  0.480   729925.470
  0.530   729925.480
  0.510   729925.490
  0.530   729925.490
  0.560   729925.500
  0.520   729925.510
  0.520   729925.510
  0.500   729925.520
  0.490   729925.530
  0.510   729925.530
  0.480   729925.540
  0.470   729925.550
  0.460   729925.550
  0.430   729925.560
  0.390   729925.570
  0.400   729925.580
  0.370   729925.580
  0.350   729925.590
  0.360   729925.600
  0.330   729925.600
  0.340   729925.610
  0.320   729925.620
  0.310   729925.620
  0.280   729925.630
  0.290   729925.640
  0.270   729925.650
  0.270   729925.650
  0.250   729925.660
  0.280   729925.690
  0.260   729925.690
  0.260   729925.700
  0.250   729925.710
  0.250   729925.710
  0.270   729925.740
  0.260   729925.750
  0.220   729925.760
  0.250   729925.760
  0.250   729925.770
  0.260   729925.780
  0.270   729925.780
  0.560   729925.790
  0.260   729925.800
  0.220   729925.800
  0.230   729925.810
  0.240   729925.820
  0.240   729925.830
  0.240   729925.830
  0.240   729925.840
  0.240   729925.850
  0.450   729925.850
  0.280   729925.860
  0.360   729925.870
  0.390   729925.870
    NaN   729925.880
    NaN   729925.890
  0.220   729925.900
  0.220   729925.900
  0.220   729925.920
  0.210   729925.930
  0.210   729925.940
  0.210   729925.940
  0.230   729925.950
  0.220   729925.960
  0.330   729925.960
  0.220   729925.970
  0.230   729925.980
  0.230   729925.990
  0.200   729925.990
