  0.389   730299.000
  0.942   730299.007
  2.545   730299.013
  1.385   730299.020
  0.951   730299.027
  1.035   730299.034
  0.988   730299.041
  0.966   730299.048
  2.386   730299.055
  3.005   730299.062
  1.064   730299.069
  1.058   730299.076
  0.846   730299.083
  1.006   730299.090
  0.949   730299.097
  1.064   730299.104
  1.164   730299.111
  0.972   730299.118
  0.820   730299.125
  0.971   730299.132
  0.990   730299.139
  0.992   730299.146
  1.217   730299.153
  0.983   730299.159
  0.898   730299.166
  1.037   730299.173
  0.915   730299.180
  0.924   730299.187
  1.069   730299.194
  1.000   730299.201
  1.041   730299.208
  1.015   730299.215
  0.904   730299.222
  0.934   730299.229
  0.865   730299.236
  0.903   730299.243
  0.760   730299.250
  1.006   730299.257
  0.901   730299.264
  0.969   730299.270
  0.943   730299.277
  0.988   730299.284
  0.898   730299.291
  0.896   730299.298
  1.013   730299.305
  0.936   730299.312
  0.874   730299.319
  0.887   730299.326
  0.954   730299.333
  0.938   730299.340
  0.827   730299.347
  0.905   730299.354
  0.942   730299.361
  0.896   730299.368
  0.856   730299.375
  0.849   730299.382
  0.862   730299.388
  0.865   730299.395
  0.878   730299.402
  0.838   730299.409
  0.849   730299.416
  0.895   730299.423
  0.775   730299.430
  0.900   730299.437
  0.911   730299.444
  0.782   730299.451
  0.806   730299.458
  0.818   730299.465
  0.786   730299.472
  0.869   730299.479
  0.804   730299.486
  0.736   730299.493
  0.740   730299.500
  0.835   730299.507
  0.755   730299.513
  0.842   730299.520
  0.925   730299.527
  1.005   730299.534
  0.695   730299.541
  0.673   730299.548
  0.675   730299.555
  0.783   730299.562
  0.726   730299.569
  0.736   730299.576
  0.691   730299.583
  0.721   730299.590
  0.805   730299.597
  0.735   730299.604
  0.689   730299.611
  0.697   730299.618
  0.684   730299.625
  0.667   730299.632
  0.662   730299.638
  0.729   730299.645
  0.711   730299.652
  0.702   730299.659
  0.676   730299.666
  0.716   730299.673
  0.702   730299.680
  0.723   730299.687
  0.723   730299.694
  0.699   730299.701
  0.711   730299.708
  0.758   730299.715
  0.695   730299.722
  0.651   730299.729
  0.641   730299.736
  0.656   730299.743
  0.650   730299.750
  0.645   730299.757
  0.730   730299.764
  0.652   730299.770
  0.638   730299.777
  0.643   730299.784
  0.701   730299.791
  0.668   730299.798
  0.678   730299.805
  0.649   730299.812
  0.610   730299.819
  0.619   730299.826
  0.693   730299.833
  0.623   730299.840
  0.610   730299.847
  0.571   730299.854
  0.545   730299.861
  0.600   730299.868
  0.540   730299.875
  0.569   730299.882
  0.602   730299.889
  0.609   730299.896
  0.534   730299.902
  0.521   730299.909
  0.541   730299.916
  0.523   730299.923
  0.508   730299.930
  0.546   730299.937
  0.531   730299.944
  0.515   730299.951
  0.547   730299.958
  0.542   730299.965
  0.537   730299.972
  0.579   730299.979
  0.620   730299.986
 10.652   730299.993
