  0.736   730299.001
  0.241   730299.001
  0.701   730299.007
  0.892   730299.014
  0.863   730299.021
  0.972   730299.028
  0.888   730299.035
  0.846   730299.042
  0.842   730299.049
  1.075   730299.056
  1.075   730299.063
 41.173   730299.070
  1.056   730299.076
  0.903   730299.083
  0.860   730299.091
  0.778   730299.097
  0.938   730299.104
  1.219   730299.111
  1.106   730299.118
  0.857   730299.125
  1.126   730299.132
  1.116   730299.139
  0.964   730299.146
  0.873   730299.153
  1.031   730299.160
  1.000   730299.167
  0.798   730299.174
  0.835   730299.181
  0.844   730299.188
  0.853   730299.195
  0.968   730299.202
  0.915   730299.208
  0.841   730299.215
  0.854   730299.222
  1.252   730299.229
  1.034   730299.236
  0.667   730299.243
  0.940   730299.250
  0.962   730299.257
  0.746   730299.264
  0.992   730299.271
  0.751   730299.278
  0.865   730299.285
  0.705   730299.292
  0.953   730299.299
  0.729   730299.306
  0.680   730299.313
  1.152   730299.320
  0.735   730299.327
  0.919   730299.334
  0.782   730299.340
  0.747   730299.347
  0.925   730299.354
  0.871   730299.361
  0.826   730299.368
  0.891   730299.375
  0.826   730299.382
  1.187   730299.389
  1.058   730299.396
  1.001   730299.403
  1.311   730299.410
  1.117   730299.417
  1.016   730299.424
  1.141   730299.431
  0.994   730299.438
  0.883   730299.445
  0.853   730299.451
  1.061   730299.458
  0.888   730299.465
  0.905   730299.472
  0.808   730299.479
  0.899   730299.486
  0.993   730299.493
  0.812   730299.500
  0.902   730299.507
  0.850   730299.514
  0.849   730299.521
  0.856   730299.528
  0.999   730299.535
  0.909   730299.542
  0.949   730299.549
  0.884   730299.556
  1.044   730299.563
 48.525   730299.570
  1.018   730299.577
  0.927   730299.583
  0.936   730299.590
  0.984   730299.597
  0.716   730299.604
  0.854   730299.611
  0.954   730299.618
  0.853   730299.625
  0.913   730299.632
  0.879   730299.639
  0.916   730299.646
  0.954   730299.653
  1.012   730299.660
  0.962   730299.667
  0.864   730299.674
  0.820   730299.681
  0.885   730299.688
  0.944   730299.695
  1.096   730299.702
  0.941   730299.708
  0.856   730299.715
  0.749   730299.722
  0.751   730299.729
  0.883   730299.736
  0.924   730299.743
  0.987   730299.750
  0.885   730299.757
  0.724   730299.764
  0.984   730299.771
  0.908   730299.778
  0.914   730299.785
  0.838   730299.792
  0.781   730299.799
  0.807   730299.806
  0.805   730299.813
  0.912   730299.820
  0.807   730299.827
  0.795   730299.834
  0.747   730299.841
  0.766   730299.847
  0.901   730299.854
  0.775   730299.861
  0.768   730299.868
  0.807   730299.875
  0.853   730299.882
  0.849   730299.889
  0.788   730299.896
  0.907   730299.903
  1.024   730299.910
  0.824   730299.917
  0.928   730299.924
  0.873   730299.931
  0.839   730299.938
  0.748   730299.945
  0.941   730299.952
  0.843   730299.959
  1.002   730299.965
  0.894   730299.973
  0.967   730299.979
  0.939   730299.987
  0.927   730299.993
