  0.116   730052.003
  0.115   730052.010
  0.110   730052.031
  0.111   730052.038
  0.115   730052.045
  0.110   730052.052
  0.109   730052.059
  0.110   730052.066
  0.107   730052.073
  0.114   730052.080
  0.115   730052.087
  0.103   730052.094
  0.100   730052.101
  0.109   730052.108
  0.109   730052.115
  0.104   730052.122
  0.104   730052.128
  0.100   730052.135
  0.106   730052.142
  0.105   730052.149
  0.101   730052.156
  1.074   730052.163
  0.850   730052.170
  0.097   730052.177
  0.100   730052.184
  0.098   730052.191
  0.095   730052.198
  0.102   730052.205
  0.105   730052.212
  0.086   730052.219
  0.107   730052.233
  0.111   730052.247
  0.116   730052.267
  0.103   730052.281
  0.122   730052.297
  0.110   730052.316
  0.122   730052.337
  0.120   730052.359
  0.116   730052.372
  0.113   730052.385
  0.108   730052.402
  0.117   730052.422
  0.117   730052.434
  0.112   730052.449
  0.116   730052.471
  0.114   730052.490
  0.123   730052.510
  0.133   730052.532
  0.128   730052.552
  0.117   730052.569
  0.134   730052.588
  0.117   730052.608
  0.120   730052.615
  0.113   730052.622
  0.118   730052.628
  0.102   730052.635
  0.110   730052.642
  0.106   730052.649
  0.118   730052.656
  0.109   730052.663
  0.105   730052.677
  0.108   730052.684
  0.105   730052.698
  0.126   730052.705
  0.113   730052.712
  0.108   730052.719
  0.116   730052.726
  0.118   730052.733
  0.112   730052.747
  0.123   730052.753
  0.115   730052.760
  0.111   730052.767
  0.122   730052.774
  0.132   730052.781
  0.121   730052.788
  0.128   730052.795
  0.142   730052.802
  0.141   730052.809
  0.145   730052.823
  0.155   730052.830
  0.153   730052.837
  0.158   730052.851
  0.166   730052.858
  0.155   730052.885
  0.151   730052.892
  0.149   730052.899
  0.140   730052.906
  0.118   730052.913
  0.113   730052.920
  0.116   730052.927
    NaN   730052.934
  0.125   730052.941
  0.112   730052.948
  0.130   730052.955
  0.119   730052.962
