  0.257   730052.001
  0.274   730052.008
  0.471   730052.015
  0.290   730052.036
  0.287   730052.043
  0.295   730052.050
  0.251   730052.058
  0.286   730052.065
  0.253   730052.071
  0.265   730052.078
  0.263   730052.085
  0.293   730052.092
  0.265   730052.099
  0.285   730052.106
    NaN   730052.113
  0.286   730052.119
  0.279   730052.126
  0.278   730052.133
  0.295   730052.140
  0.301   730052.147
  0.292   730052.154
  0.303   730052.161
  0.280   730052.168
  0.256   730052.175
  0.278   730052.182
  0.270   730052.189
  0.285   730052.196
  0.282   730052.203
  0.277   730052.210
  0.281   730052.217
  0.274   730052.228
  0.273   730052.240
  0.224   730052.262
  0.260   730052.279
  0.214   730052.290
  0.240   730052.310
  0.218   730052.328
  0.218   730052.344
  0.199   730052.368
  0.209   730052.381
  0.212   730052.395
  0.186   730052.415
  0.213   730052.431
  0.195   730052.444
  0.204   730052.460
  0.200   730052.481
  0.219   730052.504
    NaN   730052.522
  0.239   730052.544
  0.245   730052.563
  0.232   730052.581
  0.302   730052.601
  0.273   730052.613
  0.313   730052.620
  0.306   730052.626
  0.337   730052.633
  0.335   730052.640
  0.337   730052.647
  0.367   730052.654
  0.334   730052.661
  0.337   730052.668
  0.356   730052.675
  0.374   730052.682
  0.373   730052.689
  0.402   730052.696
  0.359   730052.703
  0.352   730052.710
  0.359   730052.717
  0.335   730052.724
  0.338   730052.731
  0.327   730052.738
  0.329   730052.744
  0.342   730052.751
  0.356   730052.758
  0.343   730052.765
  0.322   730052.772
  0.360   730052.779
  0.367   730052.786
  0.388   730052.793
  0.336   730052.800
  0.335   730052.807
  0.326   730052.814
  0.320   730052.821
  0.327   730052.828
  0.325   730052.835
  0.297   730052.842
  0.291   730052.849
  0.259   730052.856
  0.253   730052.863
  0.264   730052.869
  0.250   730052.876
  0.266   730052.883
  0.275   730052.890
  0.246   730052.897
  0.234   730052.904
  0.256   730052.911
  0.273   730052.918
  0.271   730052.925
  0.252   730052.932
  0.278   730052.939
  0.272   730052.946
  0.242   730052.953
  0.248   730052.960
