  1.140   729933.090
  1.080   729933.090
  1.110   729933.110
  1.300   729933.110
  1.150   729933.120
  1.140   729933.130
  1.060   729933.140
  1.080   729933.140
  1.040   729933.150
  1.070   729933.160
  0.990   729933.160
  1.040   729933.170
  0.990   729933.180
  1.000   729933.180
  0.960   729933.190
  0.910   729933.200
  0.970   729933.200
  0.940   729933.210
  0.870   729933.220
  0.920   729933.230
  0.910   729933.230
  0.940   729933.240
  0.930   729933.250
  0.860   729933.250
  0.940   729933.260
  0.890   729933.270
  0.890   729933.270
  0.840   729933.280
  0.910   729933.290
  0.900   729933.300
  0.890   729933.300
  0.820   729933.310
  0.860   729933.320
  0.860   729933.320
  0.870   729933.330
  0.890   729933.340
  1.090   729933.340
  0.980   729933.350
  0.860   729933.360
  0.890   729933.360
  0.880   729933.370
  0.830   729933.380
  0.910   729933.390
  0.850   729933.390
  0.860   729933.400
  0.830   729933.410
  0.880   729933.410
  0.860   729933.420
  0.740   729933.430
  0.730   729933.430
  0.820   729933.440
  0.840   729933.450
  0.930   729933.450
  0.840   729933.460
  0.860   729933.470
  0.860   729933.480
  0.850   729933.480
  0.830   729933.490
  0.800   729933.500
  0.840   729933.500
  0.890   729933.510
  0.920   729933.520
  0.830   729933.520
  0.870   729933.530
  0.900   729933.540
  0.800   729933.550
  0.980   729933.550
  0.880   729933.560
  0.890   729933.570
  0.840   729933.570
  0.860   729933.580
  0.880   729933.590
  0.810   729933.590
  0.880   729933.600
  0.850   729933.610
  0.820   729933.610
  0.740   729933.620
  0.760   729933.630
  0.730   729933.640
  0.650   729933.640
  0.610   729933.650
  0.700   729933.660
  0.660   729933.660
  0.690   729933.670
  0.590   729933.680
  0.560   729933.680
  0.660   729933.690
  0.630   729933.700
  0.670   729933.700
  0.650   729933.710
  0.600   729933.720
  0.560   729933.730
  0.570   729933.730
  0.620   729933.740
  0.590   729933.750
  0.560   729933.750
  0.560   729933.760
  0.580   729933.770
  0.560   729933.770
  0.510   729933.780
  0.510   729933.790
  0.470   729933.800
  0.510   729933.800
    NaN   729933.810
  0.490   729933.820
  0.530   729933.820
  0.470   729933.830
  0.470   729933.840
  0.460   729933.840
  0.460   729933.850
  0.500   729933.860
  0.440   729933.860
  0.470   729933.870
  0.450   729933.880
  0.490   729933.890
  0.440   729933.890
  0.420   729933.900
  0.470   729933.910
  0.440   729933.910
  0.430   729933.920
  0.460   729933.930
  0.430   729933.930
  0.450   729933.940
  0.470   729933.950
  0.450   729933.950
  0.420   729933.960
  0.380   729933.970
  0.390   729933.980
  0.400   729933.980
  0.360   729933.990
