  0.374   730116.000
  0.238   730116.007
  0.243   730116.014
  0.236   730116.021
  0.213   730116.028
 10.462   730116.035
  0.802   730116.042
  0.364   730116.049
  0.242   730116.056
  0.267   730116.062
  0.237   730116.069
  0.347   730116.076
  0.307   730116.083
  0.269   730116.090
  0.311   730116.097
  0.222   730116.104
  0.322   730116.111
  0.212   730116.118
    NaN   730116.125
  0.200   730116.132
  0.209   730116.139
  0.239   730116.146
  0.238   730116.153
  0.211   730116.160
  0.211   730116.166
  0.207   730116.174
  0.221   730116.181
  0.216   730116.188
  0.224   730116.194
  0.197   730116.201
  0.203   730116.208
  0.237   730116.215
  0.205   730116.222
  0.219   730116.229
  0.264   730116.236
  0.212   730116.243
  0.223   730116.250
  0.216   730116.257
  0.222   730116.264
  0.207   730116.271
  0.316   730116.278
  0.225   730116.285
  0.214   730116.292
  0.222   730116.299
  0.201   730116.305
  0.197   730116.312
  0.189   730116.319
  0.209   730116.326
  0.199   730116.333
  0.203   730116.340
  0.223   730116.347
  0.204   730116.354
  0.219   730116.361
  0.219   730116.368
  0.208   730116.375
  0.137   730116.382
  0.206   730116.389
  0.211   730116.396
  0.207   730116.403
  0.221   730116.410
  0.194   730116.417
  0.211   730116.424
  0.204   730116.430
  0.201   730116.438
  0.191   730116.444
  0.208   730116.451
  0.207   730116.458
  0.214   730116.465
  0.277   730116.472
  0.245   730116.479
  0.317   730116.486
  0.326   730116.493
  0.252   730116.500
  0.339   730116.507
  0.313   730116.514
  0.348   730116.521
  0.351   730116.528
  0.257   730116.535
  0.349   730116.542
  0.385   730116.549
  0.201   730116.556
  0.230   730116.562
  0.209   730116.569
  0.200   730116.576
  0.233   730116.583
  0.240   730116.590
  0.218   730116.597
  0.289   730116.604
  0.194   730116.611
  0.216   730116.618
  0.205   730116.625
  0.279   730116.632
  0.215   730116.638
  0.638   730116.646
  0.210   730116.653
  0.258   730116.659
  0.208   730116.667
  0.206   730116.674
  0.742   730116.681
  0.223   730116.688
  0.207   730116.694
  0.206   730116.701
  0.227   730116.708
  0.197   730116.715
  0.195   730116.722
  0.252   730116.729
  0.235   730116.736
  0.294   730116.743
  0.246   730116.750
  0.209   730116.757
  0.218   730116.763
  0.204   730116.771
  0.241   730116.785
  0.194   730116.792
  0.241   730116.799
  0.232   730116.806
  0.222   730116.812
  0.228   730116.819
  0.235   730116.826
  0.217   730116.833
  0.215   730116.840
  0.222   730116.847
  0.198   730116.854
  0.218   730116.861
  0.223   730116.868
  0.215   730116.875
  0.222   730116.882
  0.229   730116.888
  0.227   730116.895
  0.237   730116.903
  0.304   730116.910
  0.239   730116.917
  0.230   730116.924
  0.247   730116.931
  0.256   730116.938
  0.246   730116.944
  0.297   730116.951
  0.260   730116.958
  0.364   730116.965
  0.278   730116.972
  0.298   730116.979
  0.263   730116.986
  0.276   730116.993
