  0.969   730116.000
  1.076   730116.007
  1.015   730116.014
  1.044   730116.021
  1.055   730116.028
 28.401   730116.035
  3.745   730116.042
  1.311   730116.049
  1.494   730116.056
  1.239   730116.062
  1.083   730116.069
  1.065   730116.076
  0.972   730116.083
  1.052   730116.090
  0.995   730116.097
  1.036   730116.104
  1.060   730116.111
  1.021   730116.118
  1.189   730116.125
  0.927   730116.132
  0.908   730116.139
  0.911   730116.146
  0.929   730116.153
  0.899   730116.160
  0.933   730116.166
  1.084   730116.174
  1.055   730116.181
  0.971   730116.188
  0.933   730116.194
  1.019   730116.201
  1.049   730116.208
  0.996   730116.215
  1.001   730116.222
  1.085   730116.229
  1.179   730116.236
  1.207   730116.243
  0.994   730116.250
  1.055   730116.257
  1.034   730116.264
  1.069   730116.271
  1.298   730116.278
  1.525   730116.285
  1.094   730116.292
  1.322   730116.299
  1.164   730116.305
  1.640   730116.312
  1.158   730116.319
  1.007   730116.326
  2.101   730116.333
  1.260   730116.340
  1.141   730116.347
  1.280   730116.354
  1.135   730116.361
  1.260   730116.368
  1.256   730116.375
  0.351   730116.382
  1.003   730116.389
  1.307   730116.396
  1.293   730116.403
  0.825   730116.410
  1.012   730116.417
  0.882   730116.424
  0.766   730116.430
  0.928   730116.438
  0.879   730116.444
  0.883   730116.451
  0.848   730116.458
  0.898   730116.465
  0.857   730116.472
  0.923   730116.479
  0.985   730116.486
  0.949   730116.493
  0.914   730116.500
  0.954   730116.507
  0.973   730116.514
  0.865   730116.521
  0.871   730116.528
  0.891   730116.535
  0.859   730116.542
  0.888   730116.549
  0.962   730116.556
  0.945   730116.562
  0.956   730116.569
  0.927   730116.576
  0.933   730116.583
  0.853   730116.590
  0.952   730116.597
  0.953   730116.604
  0.851   730116.611
  0.768   730116.618
  0.830   730116.625
  1.212   730116.632
  1.033   730116.638
  1.772   730116.646
  1.073   730116.653
  1.065   730116.659
  0.895   730116.667
  0.848   730116.674
  2.147   730116.681
  1.043   730116.688
  0.941   730116.694
  0.888   730116.701
  0.934   730116.708
  1.034   730116.715
  1.060   730116.722
  0.976   730116.729
  1.072   730116.736
  1.015   730116.743
  0.846   730116.750
  0.974   730116.757
  0.942   730116.763
  1.003   730116.771
  0.896   730116.785
  0.943   730116.792
  1.076   730116.799
  1.046   730116.806
  1.169   730116.812
  1.051   730116.819
  0.898   730116.826
  1.079   730116.833
  1.010   730116.840
  0.978   730116.847
  1.080   730116.854
  1.030   730116.861
  0.968   730116.868
  1.061   730116.875
  0.933   730116.882
  1.099   730116.888
  1.744   730116.895
  1.026   730116.903
    NaN   730116.910
  1.220   730116.917
  1.194   730116.924
  1.155   730116.931
  1.256   730116.938
  1.343   730116.944
  1.147   730116.951
  1.162   730116.958
  1.340   730116.965
  1.377   730116.972
  1.126   730116.979
  1.202   730116.986
  1.217   730116.993
