  0.733   730116.003
  0.658   730116.010
  0.786   730116.017
  0.728   730116.024
  1.136   730116.031
  0.762   730116.037
  0.637   730116.044
  0.742   730116.051
  0.675   730116.058
  0.684   730116.065
  0.730   730116.072
  0.631   730116.079
  0.733   730116.086
  0.711   730116.093
  0.709   730116.100
  0.709   730116.107
  0.702   730116.114
  0.629   730116.121
  0.720   730116.128
  0.656   730116.134
  0.680   730116.142
  0.696   730116.149
  0.699   730116.156
  0.671   730116.162
  0.713   730116.169
  0.743   730116.176
  0.655   730116.183
  0.734   730116.190
  0.755   730116.197
  0.681   730116.204
  0.759   730116.211
  0.765   730116.218
  0.818   730116.225
  0.797   730116.232
  0.847   730116.238
  0.790   730116.246
  0.744   730116.253
  0.689   730116.260
  0.782   730116.267
  0.749   730116.274
  0.740   730116.281
  0.815   730116.287
  0.847   730116.294
  0.807   730116.301
  0.731   730116.308
  0.813   730116.315
  0.726   730116.322
  0.830   730116.329
  0.818   730116.336
  0.786   730116.342
  0.806   730116.350
  0.776   730116.357
  0.830   730116.364
  0.769   730116.371
  0.731   730116.378
  0.851   730116.385
  0.777   730116.392
  0.736   730116.399
  0.744   730116.406
  0.818   730116.412
  0.743   730116.419
  0.687   730116.426
  0.784   730116.433
  0.778   730116.440
  0.678   730116.447
  0.759   730116.455
  0.745   730116.461
  0.751   730116.468
  0.713   730116.475
  0.708   730116.482
  0.772   730116.488
  0.640   730116.496
  0.764   730116.503
  0.664   730116.510
  0.680   730116.517
  0.663   730116.524
  0.632   730116.531
  0.604   730116.537
  0.658   730116.544
  0.723   730116.551
  0.719   730116.558
  0.678   730116.565
  0.600   730116.572
  0.696   730116.579
  0.652   730116.586
  0.683   730116.593
  0.666   730116.600
  0.652   730116.607
  0.708   730116.614
  0.672   730116.621
  0.603   730116.628
  0.711   730116.635
  0.751   730116.642
  0.674   730116.649
  0.655   730116.656
  0.718   730116.662
  0.734   730116.669
  0.680   730116.676
  0.639   730116.683
  0.699   730116.690
  0.702   730116.697
  0.727   730116.704
  0.768   730116.711
  0.768   730116.718
  0.729   730116.725
  0.703   730116.732
  0.743   730116.739
  0.782   730116.746
  0.767   730116.753
  0.801   730116.759
  0.728   730116.767
  0.000   730116.772
  0.778   730116.787
  0.722   730116.794
  0.858   730116.801
  0.770   730116.808
  0.721   730116.815
  0.738   730116.822
  0.786   730116.829
  0.831   730116.836
  0.684   730116.842
  0.685   730116.850
  0.757   730116.856
  0.752   730116.863
    NaN   730116.871
  0.767   730116.877
  0.833   730116.885
  0.826   730116.892
  0.741   730116.899
  0.771   730116.905
  0.792   730116.912
  0.769   730116.919
  0.649   730116.926
  0.750   730116.933
  0.733   730116.940
  0.776   730116.947
  0.697   730116.954
  0.704   730116.960
  0.613   730116.968
  0.708   730116.975
  0.760   730116.982
  0.693   730116.988
  0.719   730116.996
