  0.048   730116.001
  0.041   730116.008
  0.043   730116.015
  0.132   730116.022
  0.271   730116.028
  0.225   730116.035
  0.047   730116.042
  0.044   730116.049
  0.041   730116.056
  0.048   730116.063
  0.043   730116.070
  0.046   730116.077
  0.039   730116.084
  0.054   730116.091
  0.043   730116.098
  0.038   730116.105
  0.045   730116.112
  0.045   730116.119
  0.043   730116.126
  0.047   730116.133
  0.041   730116.140
  0.044   730116.147
    NaN   730116.153
  0.044   730116.160
  0.046   730116.167
  0.041   730116.174
  0.045   730116.181
  0.048   730116.188
  0.046   730116.195
  0.044   730116.202
  0.050   730116.209
  0.047   730116.216
  0.039   730116.223
  0.045   730116.230
  0.043   730116.237
  0.043   730116.244
  0.049   730116.251
  0.043   730116.258
  0.037   730116.265
  0.037   730116.272
  0.035   730116.278
  0.042   730116.285
  0.037   730116.292
  0.042   730116.299
  0.039   730116.306
  0.143   730116.313
  0.041   730116.320
  0.040   730116.327
  0.082   730116.334
  0.037   730116.341
  0.036   730116.348
  0.074   730116.355
  0.035   730116.362
  0.040   730116.369
  0.106   730116.376
  0.032   730116.383
  0.035   730116.390
  0.063   730116.397
  0.039   730116.403
  0.073   730116.410
  0.037   730116.417
  0.042   730116.424
  0.042   730116.431
  0.045   730116.438
  0.111   730116.445
  0.044   730116.453
  0.036   730116.459
  0.040   730116.466
  0.044   730116.473
  0.042   730116.480
  0.037   730116.487
  0.035   730116.494
  0.040   730116.501
  0.039   730116.508
  0.041   730116.515
  0.053   730116.522
  0.042   730116.528
  0.100   730116.535
  0.040   730116.542
  0.043   730116.549
  0.041   730116.556
  0.039   730116.563
  0.047   730116.570
  0.041   730116.577
  0.039   730116.584
  0.036   730116.591
  0.040   730116.598
  0.039   730116.605
  0.946   730116.612
  0.041   730116.619
  0.040   730116.626
  0.039   730116.633
  0.039   730116.640
  0.047   730116.647
  0.127   730116.653
  0.058   730116.660
  0.046   730116.667
  0.066   730116.674
  0.396   730116.681
  0.041   730116.688
  0.043   730116.695
  0.042   730116.702
  0.042   730116.709
  0.041   730116.716
  0.060   730116.723
  0.044   730116.730
  0.037   730116.737
  0.043   730116.744
  0.041   730116.751
  0.043   730116.758
  0.038   730116.765
  0.042   730116.772
  0.183   730116.785
  0.043   730116.792
  0.040   730116.799
  0.036   730116.806
  0.046   730116.813
  0.053   730116.820
  0.051   730116.827
  0.036   730116.834
  0.038   730116.841
  0.046   730116.848
  0.047   730116.855
  0.047   730116.862
  0.041   730116.869
  0.041   730116.876
  0.041   730116.883
  0.047   730116.890
  0.051   730116.897
  0.040   730116.903
  0.041   730116.910
  0.044   730116.917
  0.043   730116.924
  0.047   730116.931
  0.043   730116.938
  0.177   730116.945
  0.103   730116.952
  0.101   730116.959
  0.089   730116.966
  0.086   730116.973
  0.086   730116.980
  0.079   730116.987
  0.096   730116.994
