  0.309   730116.002
  0.311   730116.009
  0.327   730116.016
  0.338   730116.023
  0.628   730116.030
  0.413   730116.037
  0.304   730116.044
  0.341   730116.051
  0.335   730116.058
  0.360   730116.065
  0.339   730116.072
    NaN   730116.078
  0.334   730116.085
  0.359   730116.092
  0.335   730116.099
  0.341   730116.106
  0.380   730116.113
  0.352   730116.120
  0.347   730116.127
  0.342   730116.134
  0.352   730116.141
  0.315   730116.148
  0.341   730116.155
  0.372   730116.162
  0.338   730116.169
  0.365   730116.176
  0.374   730116.183
  0.419   730116.190
  0.398   730116.197
  0.412   730116.203
  0.399   730116.210
  0.387   730116.217
  0.357   730116.224
  0.376   730116.231
  0.427   730116.238
  0.408   730116.245
  0.383   730116.252
  0.386   730116.259
  0.371   730116.266
  0.430   730116.273
  0.366   730116.280
  0.373   730116.287
  0.331   730116.294
  0.354   730116.301
  0.327   730116.308
  0.346   730116.315
  0.319   730116.322
  0.386   730116.328
  0.373   730116.335
  0.357   730116.342
  0.367   730116.349
  0.348   730116.356
  0.360   730116.363
  0.304   730116.370
  0.368   730116.377
  0.362   730116.384
  0.344   730116.391
  0.319   730116.398
  0.357   730116.405
  0.355   730116.412
  0.313   730116.419
  0.317   730116.426
  0.280   730116.433
  0.329   730116.440
  0.317   730116.447
  0.308   730116.454
  0.298   730116.460
  0.325   730116.467
  0.337   730116.474
  0.306   730116.481
  0.299   730116.488
  0.328   730116.495
  0.335   730116.502
  0.308   730116.509
  0.282   730116.516
  0.325   730116.523
  0.279   730116.530
  0.301   730116.537
  0.341   730116.544
  0.300   730116.551
  0.315   730116.558
  0.285   730116.565
  0.288   730116.572
    NaN   730116.578
  0.336   730116.585
  0.310   730116.592
  0.328   730116.599
  0.328   730116.606
  0.350   730116.613
  0.313   730116.620
  0.349   730116.627
  0.360   730116.634
  0.331   730116.641
  0.342   730116.648
  0.330   730116.655
  0.356   730116.662
  0.351   730116.669
  0.378   730116.676
  0.394   730116.683
  0.314   730116.690
  0.345   730116.697
  0.350   730116.703
  0.317   730116.710
  0.349   730116.717
  0.401   730116.724
  0.363   730116.731
  0.331   730116.738
  0.333   730116.745
  0.364   730116.752
  0.398   730116.759
  0.366   730116.766
  0.000   730116.772
  0.336   730116.787
  0.335   730116.794
  0.351   730116.801
  0.358   730116.808
  0.340   730116.815
  0.344   730116.822
  0.340   730116.828
  0.321   730116.835
  0.335   730116.842
  0.304   730116.849
  0.303   730116.856
  0.324   730116.863
  0.330   730116.870
  0.324   730116.877
  0.322   730116.884
  0.320   730116.891
  0.318   730116.898
  0.350   730116.905
  0.321   730116.912
  0.344   730116.919
  0.305   730116.926
  0.281   730116.933
  0.315   730116.940
  0.358   730116.947
  0.309   730116.953
  0.285   730116.960
  0.303   730116.967
  0.326   730116.974
  0.269   730116.981
  0.346   730116.988
  0.317   730116.995
