  0.965   730116.002
  0.915   730116.009
  0.979   730116.017
  0.863   730116.023
  1.682   730116.030
  0.910   730116.037
  0.971   730116.044
  1.028   730116.051
  0.932   730116.058
  0.938   730116.065
  0.874   730116.072
  0.898   730116.078
  0.864   730116.085
  0.886   730116.092
  0.858   730116.099
  0.954   730116.106
  0.930   730116.113
  0.967   730116.120
  0.941   730116.127
  0.923   730116.134
  0.786   730116.141
  0.851   730116.148
  0.867   730116.155
  0.969   730116.162
  0.943   730116.169
  0.948   730116.176
  0.966   730116.183
  0.821   730116.190
  0.874   730116.197
  0.976   730116.204
  0.856   730116.210
  0.893   730116.217
  1.031   730116.225
  1.140   730116.231
  0.908   730116.238
  1.064   730116.245
  0.997   730116.252
  1.129   730116.259
  0.931   730116.267
  1.041   730116.273
  0.971   730116.280
  1.029   730116.287
  0.955   730116.294
  0.990   730116.301
  0.946   730116.308
  1.012   730116.315
  1.066   730116.322
  1.097   730116.328
  1.045   730116.335
  0.991   730116.342
  1.150   730116.349
  1.096   730116.356
  0.921   730116.363
  1.073   730116.371
  0.923   730116.377
  1.076   730116.384
  1.043   730116.391
  0.965   730116.398
  0.972   730116.405
  0.984   730116.412
  0.971   730116.419
  0.975   730116.426
  1.002   730116.433
  1.012   730116.440
  0.956   730116.447
  0.919   730116.454
  0.983   730116.460
    NaN   730116.467
  0.933   730116.474
  0.991   730116.481
  0.942   730116.488
  0.950   730116.495
  0.814   730116.502
  0.887   730116.509
  0.865   730116.516
  0.955   730116.523
  0.911   730116.530
  0.770   730116.537
  3.595   730116.544
  0.827   730116.551
  0.917   730116.558
  0.766   730116.565
  0.725   730116.572
  0.888   730116.579
  0.735   730116.585
  0.845   730116.592
  0.796   730116.599
  0.835   730116.606
  0.702   730116.613
  0.820   730116.621
  0.863   730116.627
  0.793   730116.634
  0.862   730116.642
  0.885   730116.648
  0.820   730116.655
  0.867   730116.662
  0.935   730116.669
  0.890   730116.676
  0.936   730116.683
  0.836   730116.690
  0.958   730116.697
  0.994   730116.703
  1.023   730116.710
  1.052   730116.717
  1.032   730116.724
  0.927   730116.731
  0.964   730116.738
  0.883   730116.745
  0.988   730116.752
  1.023   730116.759
  0.968   730116.766
  0.000   730116.772
  0.959   730116.787
  1.037   730116.794
  0.888   730116.801
  0.850   730116.808
  0.870   730116.815
  0.962   730116.822
  0.846   730116.828
  0.886   730116.835
  0.852   730116.842
  0.885   730116.849
  0.853   730116.856
  0.953   730116.863
  0.845   730116.870
  0.896   730116.877
  0.807   730116.884
  0.842   730116.891
  0.848   730116.898
  0.765   730116.905
  0.881   730116.912
  0.719   730116.919
  0.717   730116.926
  0.774   730116.933
  0.794   730116.940
  0.794   730116.947
  0.752   730116.953
  0.710   730116.960
    NaN   730116.967
  0.733   730116.974
  0.727   730116.981
  0.676   730116.988
  0.804   730116.995
