  0.790   730219.001
  1.588   730219.007
  1.611   730219.014
  1.577   730219.022
  1.686   730219.028
  1.715   730219.035
  1.636   730219.043
  1.433   730219.049
  1.528   730219.056
  1.950   730219.070
  1.708   730219.077
  1.698   730219.085
  1.569   730219.091
  1.677   730219.098
  1.596   730219.105
  1.626   730219.112
  1.694   730219.118
  1.438   730219.126
  1.433   730219.132
  1.557   730219.139
  1.383   730219.146
  1.443   730219.153
  1.515   730219.160
  1.560   730219.168
  1.350   730219.174
  1.399   730219.181
  1.451   730219.188
  1.281   730219.195
  1.399   730219.202
  1.701   730219.210
  1.473   730219.216
  1.533   730219.223
  1.544   730219.230
  1.474   730219.237
  1.414   730219.244
  1.494   730219.247
  1.437   730219.252
  1.181   730219.257
  1.461   730219.264
  1.461   730219.271
  1.436   730219.278
  1.483   730219.285
  1.343   730219.293
  1.520   730219.299
  1.298   730219.306
  1.310   730219.313
  1.301   730219.320
  1.292   730219.327
  1.272   730219.335
  1.288   730219.341
  0.883   730219.770
  0.937   730219.773
  0.959   730219.778
  7.440   730219.812
  1.090   730219.815
  0.904   730219.820
  1.089   730219.827
  1.060   730219.835
  8.871   730219.853
  1.042   730219.856
  0.942   730219.862
  1.390   730219.869
  1.091   730219.872
  0.938   730219.877
  1.014   730219.883
  1.032   730219.889
  0.862   730219.896
  0.960   730219.903
  1.010   730219.912
  0.928   730219.924
  0.915   730219.931
  0.970   730219.938
  0.925   730219.945
  1.071   730219.952
  5.200   730219.960
  5.521   730219.966
  0.875   730219.973
  0.974   730219.980
  0.850   730219.987
  1.003   730219.994
