  3.130   729991.000
  2.950   729991.000
  3.040   729991.010
  2.940   729991.020
  2.820   729991.020
  2.600   729991.030
  3.140   729991.040
  2.560   729991.050
  2.210   729991.050
  1.860   729991.060
  2.190   729991.070
  2.070   729991.070
  2.440   729991.080
  1.870   729991.090
  1.910   729991.090
  1.850   729991.100
  1.520   729991.110
  1.570   729991.120
  1.950   729991.120
  2.140   729991.130
  2.090   729991.140
  1.920   729991.140
  1.850   729991.150
  1.810   729991.160
  1.800   729991.160
  1.880   729991.170
  2.240   729991.180
  2.260   729991.180
  1.510   729991.190
  1.420   729991.200
  2.090   729991.210
  2.230   729991.210
  1.730   729991.220
  1.250   729991.230
  1.240   729991.230
  1.410   729991.240
  1.610   729991.250
  1.490   729991.250
  1.520   729991.260
  1.480   729991.270
  1.630   729991.280
  1.270   729991.280
  1.260   729991.290
  1.500   729991.300
  1.460   729991.300
  1.270   729991.310
  1.120   729991.320
  1.350   729991.320
  1.210   729991.330
  1.260   729991.340
  1.210   729991.340
  1.180   729991.350
  1.150   729991.360
  1.100   729991.370
  1.200   729991.370
  1.040   729991.380
  1.030   729991.390
  1.090   729991.390
  1.050   729991.400
  0.960   729991.410
  1.020   729991.410
  1.020   729991.420
  0.890   729991.430
  0.980   729991.430
  1.000   729991.440
  1.000   729991.450
  0.960   729991.460
  0.970   729991.460
  0.990   729991.470
  0.900   729991.480
  0.840   729991.480
  0.970   729991.490
  0.900   729991.500
  2.050   729991.500
  0.920   729991.510
  0.940   729991.520
  0.940   729991.530
  0.930   729991.530
  1.050   729991.540
  0.890   729991.550
  0.830   729991.550
  0.860   729991.560
  0.910   729991.570
  0.870   729991.570
  0.900   729991.580
  0.850   729991.590
  0.870   729991.590
  0.890   729991.600
  1.070   729991.610
  0.910   729991.620
  0.870   729991.620
  0.880   729991.630
  0.880   729991.640
  0.920   729991.640
  0.950   729991.650
  0.960   729991.660
  0.950   729991.660
  0.960   729991.670
  1.140   729991.680
  1.110   729991.680
  1.110   729991.690
  1.090   729991.700
  2.720   729991.710
  3.820   729991.710
  1.090   729991.720
  1.170   729991.730
  0.970   729991.730
  0.960   729991.740
  1.030   729991.750
  1.060   729991.750
  1.060   729991.760
  0.970   729991.770
  0.870   729991.780
  1.080   729991.780
  1.000   729991.790
  0.990   729991.800
  0.900   729991.800
  0.880   729991.810
  0.960   729991.820
  0.970   729991.820
  0.830   729991.830
  0.910   729991.840
  0.940   729991.840
  0.900   729991.850
  0.930   729991.860
    NaN   729991.870
    NaN   729991.870
  0.850   729991.880
  0.890   729991.890
  0.920   729991.890
  0.870   729991.900
  0.800   729991.910
  0.900   729991.910
  0.950   729991.920
  0.900   729991.930
  0.930   729991.930
  0.970   729991.940
  0.970   729991.950
  1.020   729991.960
  1.000   729991.960
  1.000   729991.970
  1.090   729991.980
  0.990   729991.980
  0.960   729991.990
