  0.480   730022.000
  0.470   730022.000
  0.450   730022.010
  0.460   730022.020
  0.460   730022.020
  0.470   730022.030
  0.400   730022.040
  0.450   730022.040
  0.460   730022.050
  0.430   730022.060
  0.440   730022.070
  0.420   730022.070
  0.490   730022.080
  0.420   730022.090
  0.480   730022.090
  0.420   730022.100
  0.380   730022.110
  0.390   730022.110
  0.410   730022.120
  0.350   730022.130
  0.370   730022.140
  0.410   730022.140
  0.390   730022.150
  0.380   730022.160
  0.380   730022.160
  0.410   730022.170
  0.370   730022.180
  0.370   730022.180
  0.360   730022.190
  0.350   730022.200
  0.350   730022.200
  0.350   730022.210
  0.330   730022.220
  0.330   730022.220
  0.360   730022.230
  0.350   730022.240
  0.350   730022.250
  0.300   730022.250
  0.300   730022.260
  0.350   730022.270
  0.290   730022.270
  0.290   730022.280
  0.300   730022.290
  0.300   730022.300
  0.290   730022.300
  0.310   730022.310
  0.320   730022.320
  0.310   730022.320
  0.300   730022.330
  0.300   730022.340
  0.290   730022.340
  0.310   730022.350
  0.310   730022.360
  0.300   730022.360
  0.290   730022.370
  0.280   730022.380
  0.290   730022.390
  0.290   730022.390
  0.350   730022.400
  0.330   730022.410
  0.330   730022.410
  0.320   730022.420
  0.320   730022.430
  0.340   730022.430
  0.310   730022.440
  0.330   730022.450
  0.360   730022.450
  0.370   730022.460
    NaN   730022.470
    NaN   730022.470
  0.350   730022.480
  0.390   730022.490
  0.330   730022.500
  0.360   730022.500
  0.360   730022.510
  0.370   730022.520
  0.350   730022.520
  0.340   730022.530
  0.340   730022.540
  0.390   730022.550
  0.330   730022.550
  0.360   730022.560
  0.370   730022.570
  0.360   730022.570
  0.370   730022.580
  0.340   730022.590
  0.370   730022.590
  0.360   730022.600
  0.350   730022.610
  0.330   730022.610
  0.330   730022.620
  0.340   730022.630
  0.340   730022.640
  0.350   730022.640
  0.340   730022.650
  0.340   730022.660
  0.350   730022.660
  0.380   730022.670
  0.320   730022.680
  0.340   730022.680
  0.370   730022.690
  0.360   730022.700
  0.350   730022.700
  0.300   730022.710
  0.320   730022.720
  0.350   730022.730
  0.360   730022.730
  0.370   730022.740
  0.320   730022.750
  0.930   730022.750
  0.360   730022.760
  0.380   730022.770
  0.400   730022.770
  0.420   730022.780
  0.430   730022.790
  0.400   730022.800
  0.390   730022.800
  0.360   730022.810
  0.410   730022.820
  0.410   730022.820
  0.390   730022.830
  0.410   730022.840
  0.420   730022.840
  0.420   730022.850
  0.460   730022.860
  0.430   730022.860
  0.420   730022.870
  0.460   730022.880
  0.450   730022.890
  0.490   730022.890
  0.480   730022.910
  0.460   730022.910
  0.490   730022.920
