  0.363   730249.006
  0.945   730249.006
  0.952   730249.013
  1.043   730249.020
  0.983   730249.027
  0.939   730249.034
  1.067   730249.041
  0.988   730249.048
  0.978   730249.055
  1.068   730249.062
  1.066   730249.069
  1.030   730249.076
  1.107   730249.083
  0.853   730249.090
  1.058   730249.097
  1.137   730249.104
  0.866   730249.110
  7.458   730249.117
  0.924   730249.124
  0.943   730249.131
  0.862   730249.138
  1.054   730249.145
  1.066   730249.152
  1.016   730249.159
  0.963   730249.166
  0.961   730249.173
  1.030   730249.180
  1.008   730249.187
  0.966   730249.194
  0.900   730249.201
  1.048   730249.208
  1.161   730249.215
  0.901   730249.222
  0.968   730249.229
  1.033   730249.235
  1.121   730249.242
  1.006   730249.249
  1.014   730249.256
  1.009   730249.263
  1.053   730249.270
  1.024   730249.277
  1.130   730249.284
  1.010   730249.291
  0.956   730249.298
  1.082   730249.305
  1.135   730249.312
  1.015   730249.319
  1.042   730249.326
  1.213   730249.333
  1.116   730249.340
  0.988   730249.347
  1.115   730249.354
  1.183   730249.360
  1.221   730249.367
  1.210   730249.374
  1.313   730249.381
  1.243   730249.388
  1.279   730249.395
  1.207   730249.402
  1.263   730249.409
  1.210   730249.416
  1.186   730249.423
  1.331   730249.430
  5.433   730249.437
  1.212   730249.444
  1.250   730249.451
  1.318   730249.458
  1.223   730249.465
  1.326   730249.472
  1.450   730249.479
  1.210   730249.485
  1.353   730249.492
  1.368   730249.499
  1.195   730249.506
  1.369   730249.513
  1.363   730249.520
  1.530   730249.527
  1.531   730249.534
  1.554   730249.541
  1.602   730249.548
  1.630   730249.555
  1.650   730249.562
  1.593   730249.569
  1.438   730249.576
  1.748   730249.583
  1.651   730249.590
  1.778   730249.597
 11.361   730249.604
  1.718   730249.610
  1.882   730249.617
  1.895   730249.624
  1.969   730249.631
  2.136   730249.638
  2.041   730249.645
  1.811   730249.652
  1.888   730249.659
  2.015   730249.666
  1.969   730249.673
  2.027   730249.680
  2.087   730249.687
  1.749   730249.694
  2.191   730249.701
  2.022   730249.708
  1.891   730249.715
  1.982   730249.722
  2.161   730249.729
  2.084   730249.735
  1.964   730249.742
  1.742   730249.749
  2.005   730249.756
  1.758   730249.763
  1.854   730249.770
  2.112   730249.777
  2.451   730249.784
  2.254   730249.791
  2.251   730249.798
  2.081   730249.805
  2.308   730249.812
  2.158   730249.819
  2.461   730249.826
  2.275   730249.833
  2.556   730249.840
  2.203   730249.847
  2.275   730249.854
  2.331   730249.860
  2.219   730249.867
  2.184   730249.874
  2.406   730249.881
  2.512   730249.888
  2.372   730249.895
  2.228   730249.902
  2.302   730249.909
  2.177   730249.916
  2.365   730249.923
  2.281   730249.930
  4.981   730249.937
  2.122   730249.944
  2.241   730249.951
  2.278   730249.958
  2.220   730249.965
  2.313   730249.972
  2.163   730249.979
  2.086   730249.985
  2.254   730249.992
  2.330   730249.999
