  0.478   730249.007
  1.012   730249.014
  0.492   730249.021
  0.512   730249.028
  0.570   730249.035
  0.482   730249.042
  0.460   730249.048
  0.723   730249.055
  0.477   730249.062
  0.498   730249.069
  0.479   730249.076
  0.454   730249.083
  0.479   730249.090
  0.478   730249.097
  0.424   730249.104
  0.491   730249.111
  0.390   730249.118
  0.409   730249.125
  0.460   730249.132
  0.480   730249.139
  0.431   730249.146
  0.456   730249.153
  0.466   730249.160
  0.703   730249.166
  0.446   730249.173
  0.390   730249.180
  0.470   730249.187
  0.469   730249.194
  0.371   730249.201
  0.425   730249.208
  0.413   730249.215
  0.416   730249.222
  0.443   730249.229
  0.379   730249.236
  0.381   730249.243
  0.433   730249.250
  0.393   730249.257
  1.048   730249.264
  0.385   730249.271
  0.365   730249.278
  0.363   730249.285
  0.404   730249.292
  0.416   730249.298
  0.431   730249.305
  0.357   730249.312
  0.345   730249.319
  0.409   730249.326
  0.588   730249.333
  0.400   730249.340
  0.376   730249.347
  0.365   730249.354
  0.390   730249.361
  0.350   730249.368
  0.341   730249.375
  0.414   730249.382
  0.683   730249.389
  0.394   730249.396
  0.395   730249.403
  0.391   730249.410
  0.369   730249.417
  0.418   730249.423
  0.859   730249.430
  0.389   730249.437
  0.394   730249.444
  0.424   730249.451
  0.391   730249.458
  0.408   730249.465
  0.405   730249.472
  0.411   730249.479
  0.396   730249.486
  0.367   730249.493
  0.841   730249.500
  0.410   730249.507
  0.430   730249.514
  0.403   730249.521
  0.406   730249.528
  0.435   730249.535
  0.404   730249.542
  0.453   730249.548
  0.414   730249.555
  0.475   730249.562
  0.465   730249.569
  0.487   730249.576
  0.482   730249.583
  0.501   730249.590
  0.481   730249.597
  0.530   730249.604
  0.523   730249.611
  0.509   730249.618
  0.551   730249.625
  0.554   730249.632
  0.588   730249.639
  0.524   730249.646
  0.618   730249.653
  0.577   730249.660
  0.587   730249.667
  0.593   730249.673
  0.641   730249.680
  0.594   730249.687
  0.634   730249.694
  0.737   730249.701
  0.693   730249.708
  0.721   730249.715
  0.693   730249.722
  0.754   730249.729
  0.637   730249.736
  0.778   730249.743
  1.618   730249.750
  0.864   730249.757
  0.878   730249.764
  0.902   730249.771
  0.925   730249.778
  1.026   730249.785
  0.796   730249.792
  0.822   730249.798
  0.876   730249.805
  0.957   730249.812
  1.030   730249.819
  0.849   730249.826
  0.758   730249.833
  0.836   730249.840
  0.933   730249.847
  0.845   730249.854
  0.945   730249.861
  0.872   730249.868
  0.869   730249.875
  0.846   730249.882
  0.761   730249.889
  0.876   730249.896
  0.787   730249.903
  0.868   730249.910
  0.952   730249.917
  0.903   730249.924
  0.933   730249.930
  1.197   730249.937
  0.829   730249.944
  1.022   730249.951
  0.929   730249.958
  0.987   730249.965
  3.335   730249.972
  1.122   730249.979
  1.292   730249.986
  1.146   730249.993
  1.311   730250.000
