  2.042   730202.001
  1.833   730202.008
  2.135   730202.015
  2.148   730202.022
  2.008   730202.029
  2.036   730202.037
  2.001   730202.043
  2.073   730202.050
  2.117   730202.057
  2.248   730202.064
  2.128   730202.071
  2.131   730202.079
  2.208   730202.085
  2.142   730202.092
  2.280   730202.099
  2.578   730202.106
  2.089   730202.113
  2.397   730202.121
  2.450   730202.126
  2.330   730202.133
  2.454   730202.140
  2.135   730202.147
  2.356   730202.154
  2.435   730202.162
  2.395   730202.168
  2.306   730202.175
  1.958   730202.182
  2.157   730202.189
  2.421   730202.196
  2.100   730202.204
  2.329   730202.210
  2.338   730202.217
  2.151   730202.224
  1.980   730202.231
  2.036   730202.238
  2.090   730202.246
  1.996   730202.251
  2.113   730202.258
  2.302   730202.265
  1.952   730202.272
  2.170   730202.279
  1.904   730202.287
  2.207   730202.293
  2.184   730202.300
  2.129   730202.307
  2.046   730202.314
  2.013   730202.321
  2.150   730202.331
  2.245   730202.337
  2.149   730202.342
  2.363   730202.349
  2.207   730202.356
  2.341   730202.363
  2.250   730202.371
  2.086   730202.376
  2.068   730202.383
  2.233   730202.390
  2.038   730202.397
  1.939   730202.404
  1.898   730202.412
  1.757   730202.418
  2.011   730202.425
  2.095   730202.432
  1.739   730202.439
  2.173   730202.446
  1.852   730202.455
  1.992   730202.460
  2.061   730202.467
    NaN   730202.474
  2.075   730202.481
  2.120   730202.488
  2.114   730202.496
  2.251   730202.501
  2.066   730202.508
  2.189   730202.515
  1.950   730202.522
  2.091   730202.529
  2.160   730202.537
  2.065   730202.543
  2.020   730202.550
  2.317   730202.557
  2.349   730202.564
  2.099   730202.571
  1.854   730202.578
  1.849   730202.585
  2.175   730202.592
  1.926   730202.599
  2.001   730202.606
  1.981   730202.613
  1.758   730202.621
  2.035   730202.626
  2.156   730202.633
  2.055   730202.640
  1.611   730202.647
  1.921   730202.654
  1.944   730202.662
  1.876   730202.668
  1.846   730202.675
  1.761   730202.682
  1.714   730202.689
  1.903   730202.696
  1.774   730202.704
  1.700   730202.710
  1.693   730202.717
  1.833   730202.724
  1.625   730202.731
  1.892   730202.738
  1.724   730202.746
  1.398   730202.751
  1.560   730202.758
