  0.978   730179.002
  0.851   730179.009
  0.982   730179.016
  0.891   730179.022
  0.921   730179.029
  0.830   730179.037
  0.893   730179.043
  0.925   730179.050
  0.869   730179.058
  0.851   730179.065
  0.818   730179.071
  0.829   730179.079
  0.761   730179.085
  0.847   730179.092
  0.833   730179.099
  0.855   730179.106
  0.865   730179.113
  0.834   730179.121
  0.740   730179.126
  0.700   730179.133
  0.750   730179.140
  0.861   730179.147
  0.788   730179.154
  0.777   730179.162
  0.860   730179.168
  0.681   730179.175
  0.830   730179.183
  0.873   730179.189
  0.822   730179.196
  0.817   730179.204
  0.788   730179.210
  0.804   730179.217
  0.889   730179.224
  0.708   730179.231
  0.757   730179.238
  0.870   730179.247
  0.821   730179.251
  0.960   730179.259
  0.889   730179.265
  0.907   730179.272
  0.795   730179.280
  0.821   730179.288
  0.987   730179.293
  1.025   730179.300
  1.015   730179.307
  0.865   730179.315
  0.914   730179.321
  0.955   730179.331
  0.846   730179.337
  0.888   730179.342
  1.110   730179.349
  0.824   730179.356
  0.909   730179.363
  0.890   730179.372
  0.975   730179.376
  0.845   730179.383
  1.051   730179.390
  0.995   730179.397
  0.812   730179.405
  1.006   730179.412
  1.005   730179.418
  0.977   730179.426
  1.009   730179.433
  1.010   730179.439
  1.038   730179.447
  0.944   730179.456
  0.922   730179.460
  1.006   730179.467
  0.986   730179.474
  1.029   730179.481
  0.967   730179.488
  0.938   730179.497
  0.973   730179.501
  1.023   730179.508
  0.900   730179.515
  0.961   730179.522
  1.009   730179.529
  1.078   730179.538
  1.079   730179.543
  0.984   730179.550
  0.957   730179.557
  0.980   730179.564
  0.892   730179.571
  0.951   730179.578
  0.853   730179.585
  1.030   730179.592
  1.005   730179.599
  1.021   730179.606
  0.907   730179.613
  0.933   730179.621
  0.967   730179.627
  0.961   730179.633
  0.853   730179.641
  1.012   730179.648
  0.907   730179.655
  0.878   730179.662
  0.927   730179.669
  0.792   730179.676
  0.955   730179.682
  0.807   730179.690
  0.935   730179.697
  0.896   730179.704
  0.852   730179.710
  0.822   730179.717
  0.811   730179.724
  0.789   730179.731
  0.863   730179.738
  0.848   730179.746
  0.776   730179.751
  1.008   730179.758
  0.936   730179.765
  0.852   730179.776
  0.987   730179.779
  1.000   730179.787
  0.808   730179.793
  0.885   730179.800
  0.978   730179.808
  1.051   730179.814
  0.942   730179.822
  0.957   730179.829
  0.838   730179.835
  0.945   730179.842
  1.040   730179.849
  0.797   730179.856
  0.805   730179.863
    NaN   730179.871
  0.772   730179.877
  1.208   730179.884
  0.644   730179.891
  0.747   730179.898
  0.845   730179.905
  0.767   730179.912
  0.855   730179.918
  0.828   730179.925
  0.847   730179.933
  0.793   730179.939
  0.822   730179.946
  0.868   730179.955
  0.871   730179.960
  0.982   730179.967
  0.967   730179.974
  0.942   730179.981
  1.020   730179.988
  0.985   730179.997
