  1.393   730278.002
  3.576   730278.008
  3.457   730278.015
  3.903   730278.022
  3.337   730278.029
  3.506   730278.035
  3.168   730278.042
  3.302   730278.050
  3.159   730278.056
  2.823   730278.063
  3.453   730278.070
  3.397   730278.077
  3.456   730278.084
  3.747   730278.091
  3.563   730278.098
  3.408   730278.105
  2.806   730278.112
  3.299   730278.119
  3.131   730278.126
  3.245   730278.133
  3.321   730278.140
 10.051   730278.147
 12.320   730278.154
  2.334   730278.161
  2.190   730278.168
  2.708   730278.175
  2.593   730278.181
  2.409   730278.188
  2.385   730278.195
  2.265   730278.202
  2.470   730278.209
  2.203   730278.216
  2.173   730278.223
  2.157   730278.230
  2.041   730278.237
  2.134   730278.244
  2.201   730278.251
  2.019   730278.258
  2.655   730278.265
  2.045   730278.272
  2.293   730278.279
  2.130   730278.285
  2.177   730278.292
  2.124   730278.299
  2.187   730278.306
  1.768   730278.313
  2.066   730278.320
  1.863   730278.327
  1.995   730278.334
  2.109   730278.341
  2.145   730278.348
  1.853   730278.355
  2.234   730278.362
  2.162   730278.369
  1.705   730278.376
  1.835   730278.383
  1.944   730278.389
  1.766   730278.397
  1.800   730278.403
  1.710   730278.410
  1.623   730278.417
  1.720   730278.424
  2.095   730278.431
  1.963   730278.438
  1.655   730278.445
  1.689   730278.452
  2.023   730278.459
  1.710   730278.466
  1.514   730278.473
  1.581   730278.480
  1.676   730278.487
  1.540   730278.494
  1.621   730278.501
  1.792   730278.508
  1.729   730278.515
  1.756   730278.521
  1.672   730278.528
  1.568   730278.535
  1.614   730278.542
  1.494   730278.549
  1.637   730278.556
  1.549   730278.563
  1.453   730278.570
  1.607   730278.577
  1.514   730278.584
  1.624   730278.591
  1.317   730278.598
  1.568   730278.605
  1.631   730278.612
  1.479   730278.619
  1.365   730278.626
  1.692   730278.633
  1.575   730278.640
  1.646   730278.646
  1.429   730278.653
  1.274   730278.660
  1.553   730278.667
  1.641   730278.674
  1.333   730278.681
  1.527   730278.688
  1.503   730278.695
  1.431   730278.702
  1.598   730278.709
  1.451   730278.716
  1.432   730278.723
  1.407   730278.730
  1.267   730278.737
  1.376   730278.744
  1.374   730278.751
  1.401   730278.758
  1.481   730278.765
  1.371   730278.772
  1.426   730278.779
  1.350   730278.786
  1.231   730278.792
  1.303   730278.799
  1.228   730278.806
  1.429   730278.813
 25.938   730278.820
  1.196   730278.827
  1.222   730278.834
  1.240   730278.841
  1.185   730278.848
  1.248   730278.855
  1.121   730278.862
  1.084   730278.869
  1.169   730278.876
  1.044   730278.883
  1.149   730278.890
  1.002   730278.897
  0.988   730278.904
  1.062   730278.911
  1.079   730278.917
  1.020   730278.924
  1.406   730278.931
  1.221   730278.939
  1.017   730278.945
  0.996   730278.952
  1.009   730278.959
  0.983   730278.966
  1.142   730278.973
  0.905   730278.980
  1.031   730278.987
  1.076   730278.994
