  1.045   730278.001
  1.168   730278.007
  1.463   730278.014
  1.649   730278.021
  1.375   730278.028
  1.344   730278.035
  1.252   730278.042
  1.709   730278.049
  1.732   730278.056
  1.435   730278.063
  1.667   730278.070
  1.821   730278.077
  1.851   730278.084
  1.801   730278.091
  2.165   730278.098
  1.736   730278.105
  1.744   730278.112
  2.083   730278.119
  1.939   730278.126
  2.133   730278.133
  1.762   730278.139
  1.872   730278.147
  4.678   730278.153
  1.757   730278.160
  1.626   730278.167
  1.452   730278.174
  1.744   730278.181
  1.748   730278.188
  1.652   730278.195
  1.808   730278.202
  1.893   730278.209
  1.776   730278.216
  1.641   730278.223
  1.668   730278.230
  1.831   730278.237
  1.810   730278.244
  1.841   730278.251
  2.042   730278.258
  2.772   730278.264
  1.872   730278.272
  2.080   730278.278
  2.142   730278.285
  2.148   730278.292
  2.089   730278.299
  1.981   730278.306
  2.126   730278.313
  2.112   730278.320
  2.073   730278.327
  2.526   730278.334
  2.674   730278.341
  2.397   730278.348
  2.310   730278.355
  2.878   730278.362
  2.481   730278.369
  2.500   730278.376
  2.427   730278.382
  2.403   730278.389
  2.520   730278.396
  2.682   730278.403
  2.688   730278.410
  2.986   730278.417
  2.760   730278.424
  2.663   730278.431
  2.844   730278.438
  2.988   730278.445
  3.040   730278.452
  2.546   730278.459
  2.856   730278.466
  2.819   730278.473
  2.937   730278.480
  3.029   730278.487
  2.947   730278.493
  9.425   730278.500
  2.633   730278.507
  3.213   730278.514
  2.913   730278.521
  3.144   730278.528
  2.687   730278.535
  3.079   730278.542
  3.227   730278.549
  3.254   730278.556
  2.953   730278.563
  2.997   730278.570
  3.135   730278.577
  3.110   730278.584
  2.647   730278.591
  2.738   730278.598
  2.748   730278.605
  2.832   730278.612
  2.852   730278.619
  2.687   730278.625
  2.944   730278.632
  2.756   730278.639
  2.419   730278.646
  2.437   730278.653
  2.721   730278.660
  2.212   730278.667
  2.426   730278.674
  2.665   730278.681
  2.647   730278.688
  2.246   730278.695
  2.399   730278.702
  2.484   730278.709
  2.212   730278.716
  2.434   730278.723
  2.047   730278.730
  2.151   730278.737
  2.163   730278.743
  2.126   730278.750
  2.287   730278.757
  2.352   730278.764
  1.919   730278.771
  2.044   730278.778
  1.712   730278.785
  2.096   730278.792
  2.065   730278.799
  2.137   730278.806
  1.892   730278.813
  1.918   730278.820
  1.914   730278.827
  1.873   730278.834
  2.102   730278.841
  1.838   730278.848
  1.885   730278.855
  2.069   730278.862
  1.931   730278.869
  1.917   730278.876
  1.948   730278.883
  1.992   730278.889
  1.870   730278.896
  1.699   730278.904
  1.952   730278.910
  1.700   730278.917
  1.495   730278.924
  1.711   730278.931
  1.778   730278.939
  1.753   730278.945
  1.793   730278.952
  1.795   730278.959
  1.670   730278.966
  1.716   730278.973
  1.795   730278.980
  1.536   730278.987
  1.629   730278.994
