  0.646   730278.002
  0.951   730278.008
  1.006   730278.015
  1.021   730278.022
  1.059   730278.029
  1.008   730278.035
  0.995   730278.042
  0.924   730278.050
  0.955   730278.056
  1.021   730278.063
  0.911   730278.070
  0.986   730278.077
  0.822   730278.084
  0.911   730278.091
  0.838   730278.098
  0.964   730278.105
  0.747   730278.112
  0.818   730278.119
  0.800   730278.126
  0.844   730278.133
  0.850   730278.140
  5.445   730278.147
  7.971   730278.154
  0.775   730278.161
  0.772   730278.168
  0.804   730278.175
  0.735   730278.181
  0.760   730278.188
  0.870   730278.195
  0.753   730278.202
  0.959   730278.209
  0.954   730278.216
  0.807   730278.223
  0.867   730278.230
  0.901   730278.237
  0.914   730278.244
  0.912   730278.251
  1.002   730278.258
  4.547   730278.265
  1.041   730278.272
  1.105   730278.279
  0.964   730278.285
  1.060   730278.292
  0.968   730278.299
  0.981   730278.306
  0.968   730278.313
  1.012   730278.320
  1.162   730278.327
  0.913   730278.334
  0.965   730278.341
  0.859   730278.348
  0.835   730278.355
  0.828   730278.362
  0.880   730278.369
  0.856   730278.376
  0.795   730278.383
  0.931   730278.389
  0.768   730278.397
  0.826   730278.403
  0.697   730278.410
  0.783   730278.417
  0.753   730278.424
  0.796   730278.431
  0.721   730278.438
  0.784   730278.445
  0.693   730278.452
  0.619   730278.459
  0.710   730278.466
  0.658   730278.473
  0.748   730278.480
  0.597   730278.487
  0.603   730278.494
  0.632   730278.501
  0.564   730278.508
  0.641   730278.515
  0.576   730278.521
  0.568   730278.528
  0.628   730278.535
  0.535   730278.542
  0.620   730278.549
  0.561   730278.556
  0.507   730278.563
  0.682   730278.570
  0.553   730278.577
  0.550   730278.584
  0.558   730278.591
  0.769   730278.598
  0.551   730278.605
  0.503   730278.612
  0.502   730278.619
  0.539   730278.626
  0.498   730278.633
  0.564   730278.640
  0.464   730278.646
  0.489   730278.653
  0.491   730278.660
  0.633   730278.667
  0.532   730278.674
  0.482   730278.681
  0.551   730278.688
  0.518   730278.695
  0.488   730278.702
  0.507   730278.709
  0.447   730278.716
  0.519   730278.723
  0.468   730278.730
  0.463   730278.737
  0.491   730278.744
  0.515   730278.751
  0.491   730278.758
  0.530   730278.765
  0.431   730278.772
  0.500   730278.779
  0.518   730278.786
  0.531   730278.792
  0.529   730278.799
  0.448   730278.806
  0.470   730278.813
  0.494   730278.820
  0.466   730278.827
  0.467   730278.834
  0.469   730278.841
  0.446   730278.848
  0.485   730278.855
  0.426   730278.862
  6.417   730278.869
  0.432   730278.876
  0.942   730278.883
  0.402   730278.890
  0.403   730278.897
  0.405   730278.904
  0.388   730278.911
  0.357   730278.917
  0.424   730278.924
  0.441   730278.931
  0.341   730278.939
  0.325   730278.945
  0.317   730278.952
  0.363   730278.959
  0.410   730278.966
  0.324   730278.973
  0.388   730278.980
  0.323   730278.987
  0.342   730278.994
