  1.851   730392.015
  1.802   730392.022
  1.847   730392.030
  2.050   730392.036
  1.722   730392.043
  1.985   730392.050
  1.976   730392.056
  1.729   730392.063
  1.903   730392.071
  1.822   730392.077
  1.846   730392.084
  1.653   730392.091
  1.539   730392.098
  1.743   730392.105
  1.742   730392.113
  1.710   730392.119
  1.728   730392.126
  1.589   730392.133
  1.479   730392.140
  1.401   730392.147
  1.604   730392.154
  1.391   730392.161
  1.618   730392.168
  1.588   730392.175
  1.680   730392.182
  3.655   730392.188
  1.315   730392.196
  1.505   730392.202
  1.596   730392.209
  1.765   730392.216
  1.552   730392.223
  1.445   730392.230
  1.312   730392.238
  1.584   730392.244
  1.595   730392.251
  1.331   730392.258
  1.325   730392.265
  1.547   730392.272
  1.675   730392.279
  1.617   730392.286
  1.599   730392.293
  1.664   730392.300
  1.648   730392.307
  1.766   730392.313
  1.770   730392.321
  1.977   730392.327
  1.470   730392.334
  1.647   730392.341
  1.537   730392.348
  1.782   730392.355
  1.549   730392.363
  1.728   730392.369
  1.685   730392.376
  1.654   730392.383
  1.831   730392.390
  1.716   730392.397
  1.839   730392.404
  2.025   730392.411
  2.092   730392.418
  2.006   730392.425
  2.023   730392.432
  1.875   730392.439
  1.752   730392.447
  1.758   730392.452
  1.838   730392.460
  1.787   730392.466
  1.882   730392.473
  1.819   730392.480
  2.057   730392.486
  1.255   730392.493
  1.808   730392.501
  1.962   730392.509
  1.845   730392.515
  1.547   730392.530
  1.585   730392.536
  1.763   730392.543
  1.776   730392.549
  0.867   730392.556
  1.593   730392.564
  1.616   730392.572
  1.496   730392.578
  1.154   730392.583
  1.640   730392.592
  4.023   730392.599
  1.771   730392.606
  1.962   730392.613
  1.899   730392.626
  1.538   730392.633
  1.513   730392.640
  1.990   730392.646
  1.605   730392.654
  1.936   730392.661
  1.744   730392.668
  1.559   730392.675
  1.544   730392.681
  1.756   730392.689
  1.759   730392.696
  1.532   730392.703
  1.542   730392.710
  0.447   730392.715
  1.380   730392.723
  1.726   730392.730
  1.586   730392.738
  1.662   730392.743
  0.863   730392.750
  1.362   730392.758
  1.420   730392.765
  1.311   730392.772
  1.069   730392.778
  1.112   730392.786
  1.614   730392.793
    NaN   730392.799
  0.212   730392.799
  1.440   730392.806
  1.296   730392.813
  1.286   730392.820
  1.321   730392.820
  1.303   730392.827
  1.500   730392.834
  1.530   730392.841
  1.391   730392.848
  1.265   730392.855
  1.134   730392.863
  1.275   730392.869
  1.479   730392.876
  1.633   730392.883
  1.575   730392.890
  1.363   730392.897
  1.235   730392.904
  1.551   730392.911
  1.246   730392.918
  1.417   730392.925
  1.796   730392.932
  1.442   730392.939
  1.669   730392.946
  1.493   730392.951
  1.620   730392.959
  1.209   730392.966
  1.295   730392.973
  1.216   730392.980
  1.450   730392.988
  1.174   730392.994
