  0.048   730392.009
  0.049   730392.014
  0.100   730392.021
  0.086   730392.028
  0.105   730392.035
  0.102   730392.042
  0.106   730392.049
  0.131   730392.055
  0.129   730392.062
  0.082   730392.070
  0.103   730392.076
  0.087   730392.083
  0.115   730392.090
  0.115   730392.097
  0.119   730392.104
  0.101   730392.111
  0.103   730392.118
  0.118   730392.125
  0.123   730392.132
  0.106   730392.139
  0.116   730392.146
  0.120   730392.153
  0.113   730392.160
  0.118   730392.167
  0.112   730392.174
  0.110   730392.181
  0.105   730392.187
  0.114   730392.195
  0.113   730392.201
  0.134   730392.208
  0.124   730392.215
  0.114   730392.222
  0.126   730392.229
  0.131   730392.236
  0.120   730392.243
  0.105   730392.250
  0.093   730392.257
  0.107   730392.264
  0.089   730392.271
  0.105   730392.278
  0.096   730392.285
  0.115   730392.292
  0.095   730392.299
  0.122   730392.306
  0.112   730392.312
  0.124   730392.320
  0.122   730392.326
  0.113   730392.333
  0.118   730392.340
  0.126   730392.347
  0.098   730392.354
  0.144   730392.361
  0.182   730392.368
  0.125   730392.375
  0.120   730392.382
  0.121   730392.389
  0.113   730392.396
  0.095   730392.403
  0.089   730392.410
  0.130   730392.417
  0.129   730392.424
  0.093   730392.431
  0.099   730392.438
  0.101   730392.445
  0.160   730392.451
  0.090   730392.458
  0.076   730392.465
  0.081   730392.472
  0.081   730392.479
  0.100   730392.486
  0.129   730392.493
  0.073   730392.500
  0.070   730392.507
  0.076   730392.514
  0.081   730392.521
  0.212   730392.528
  0.075   730392.535
  0.071   730392.542
  0.066   730392.549
  0.066   730392.555
  0.092   730392.563
  0.105   730392.570
  0.097   730392.577
  0.213   730392.583
  0.061   730392.590
  0.079   730392.597
  0.088   730392.604
  0.075   730392.611
  0.114   730392.625
  0.112   730392.632
  0.132   730392.639
  0.096   730392.646
  0.176   730392.653
  0.186   730392.660
  0.127   730392.667
  0.087   730392.674
  0.146   730392.680
  0.231   730392.688
  0.119   730392.695
  0.089   730392.702
  0.110   730392.708
  0.263   730392.715
  0.220   730392.722
  0.197   730392.729
  0.099   730392.736
  0.159   730392.743
  0.126   730392.750
  0.125   730392.757
  0.124   730392.764
  0.153   730392.771
  0.244   730392.777
  0.227   730392.785
  0.153   730392.792
  0.129   730392.798
  0.103   730392.805
  0.094   730392.812
  0.087   730392.819
  0.169   730392.819
  0.069   730392.826
  0.084   730392.833
  0.067   730392.840
  0.062   730392.847
  0.065   730392.854
  0.062   730392.861
  0.067   730392.868
  0.063   730392.875
  0.065   730392.882
  0.069   730392.889
  0.059   730392.896
  0.067   730392.903
  0.063   730392.910
  0.065   730392.917
  0.070   730392.924
  0.066   730392.931
  0.065   730392.937
  0.071   730392.945
  0.033   730392.951
  0.113   730392.951
  0.114   730392.958
  0.120   730392.965
  0.108   730392.972
  0.081   730392.979
  0.088   730392.986
  0.088   730392.993
