  0.190   730392.014
  0.178   730392.021
  0.183   730392.029
  0.206   730392.035
  0.166   730392.042
  0.196   730392.049
  1.017   730392.056
  0.661   730392.063
  0.197   730392.070
  0.200   730392.077
  0.237   730392.084
  0.217   730392.091
  0.183   730392.098
  0.208   730392.105
  0.185   730392.112
  0.233   730392.118
  0.192   730392.125
  1.498   730392.132
  0.225   730392.139
  0.874   730392.146
  0.230   730392.154
  0.210   730392.160
  0.214   730392.167
  0.223   730392.174
  0.225   730392.181
  0.225   730392.188
  0.212   730392.195
  0.238   730392.202
  0.291   730392.209
  0.234   730392.216
  0.244   730392.223
  0.263   730392.230
  0.229   730392.237
  0.240   730392.243
  0.230   730392.250
  0.251   730392.257
  0.226   730392.264
  0.234   730392.271
  0.230   730392.279
  0.241   730392.285
  0.271   730392.292
  0.259   730392.299
  0.231   730392.306
  0.237   730392.313
  0.243   730392.320
  0.236   730392.327
  0.245   730392.334
  0.247   730392.341
  0.234   730392.348
  0.624   730392.355
  0.251   730392.362
  0.238   730392.368
  0.226   730392.375
  0.269   730392.382
  0.253   730392.389
  0.252   730392.396
  0.238   730392.404
  0.230   730392.410
  0.251   730392.417
  0.212   730392.424
  0.240   730392.431
  0.238   730392.438
  0.243   730392.446
  2.270   730392.452
  0.279   730392.459
  5.667   730392.466
  0.230   730392.473
  1.611   730392.480
  2.311   730392.486
  0.251   730392.493
  0.953   730392.500
  0.201   730392.508
  1.007   730392.515
  0.231   730392.522
  0.213   730392.529
  0.202   730392.536
  0.212   730392.543
  0.737   730392.549
  0.200   730392.556
  0.215   730392.563
  0.227   730392.571
  0.204   730392.577
  0.209   730392.583
  0.196   730392.591
  0.190   730392.598
  0.205   730392.605
  0.448   730392.612
  1.358   730392.625
  0.204   730392.632
  0.214   730392.639
  0.300   730392.646
  1.649   730392.654
  0.999   730392.660
  0.198   730392.667
  0.215   730392.674
  1.165   730392.681
  1.713   730392.688
  0.219   730392.695
  0.228   730392.702
  0.389   730392.709
  0.242   730392.715
  1.582   730392.723
  0.318   730392.730
  0.195   730392.737
  0.197   730392.743
  1.436   730392.750
  0.190   730392.757
  1.455   730392.764
  1.577   730392.771
  0.741   730392.778
  1.111   730392.785
  2.407   730392.792
  0.200   730392.799
  0.221   730392.806
  0.196   730392.813
  0.255   730392.820
  1.936   730392.820
  0.187   730392.827
  0.888   730392.834
  0.219   730392.841
  0.219   730392.848
  0.211   730392.855
  0.191   730392.862
  0.212   730392.868
  0.194   730392.875
  0.214   730392.882
  0.209   730392.890
  0.192   730392.896
  0.203   730392.904
  0.176   730392.910
  0.207   730392.917
  0.213   730392.924
  0.191   730392.931
  0.211   730392.938
  0.188   730392.945
  0.173   730392.951
  0.195   730392.959
  4.943   730392.966
  0.224   730392.973
  0.196   730392.980
  0.193   730392.987
  0.196   730392.994
