  0.730   730211.002
    NaN   730211.002
  0.720   730211.008
  0.563   730211.014
  0.007   730211.014
  0.655   730211.014
  0.525   730211.021
  0.550   730211.021
  0.651   730211.021
  0.703   730211.028
  0.831   730211.028
  0.737   730211.034
  0.762   730211.042
  0.819   730211.049
  0.723   730211.056
  0.698   730211.063
  0.757   730211.076
  0.663   730211.078
  0.800   730211.085
  0.703   730211.091
  0.687   730211.097
  0.762   730211.104
  0.688   730211.111
  0.674   730211.119
  0.631   730211.126
  0.645   730211.132
  0.567   730211.139
  0.580   730211.146
  0.631   730211.153
  0.604   730211.160
  0.657   730211.166
  0.531   730211.174
  0.486   730211.181
  0.551   730211.188
  0.544   730211.195
  0.653   730211.202
  0.515   730211.209
  0.549   730211.215
  0.561   730211.222
  0.586   730211.229
  0.502   730211.236
  0.550   730211.243
  0.579   730211.251
  0.534   730211.257
  0.491   730211.264
  0.503   730211.271
  0.581   730211.278
    NaN   730211.285
  0.578   730211.293
  0.575   730211.299
  0.514   730211.306
  0.527   730211.313
  0.580   730211.320
  0.539   730211.326
  0.540   730211.334
  0.568   730211.340
  0.555   730211.347
  0.564   730211.354
  0.589   730211.361
  0.482   730211.368
  0.590   730211.376
  0.559   730211.382
  0.524   730211.389
  0.597   730211.396
  0.580   730211.403
  0.524   730211.410
  0.605   730211.417
  0.533   730211.424
  0.586   730211.431
  0.563   730211.438
  0.618   730211.445
  0.657   730211.452
  0.581   730211.460
  0.643   730211.466
  0.587   730211.472
  0.636   730211.479
  0.552   730211.486
  0.593   730211.493
  0.654   730211.501
  0.593   730211.507
  0.588   730211.514
  0.607   730211.521
  0.558   730211.528
  0.651   730211.535
  0.645   730211.542
  0.649   730211.549
  0.595   730211.556
  0.633   730211.563
  0.643   730211.570
  0.617   730211.576
  0.632   730211.584
  0.571   730211.590
  0.670   730211.597
  0.580   730211.604
  0.533   730211.611
  0.588   730211.619
  0.683   730211.626
  0.638   730211.632
  0.587   730211.639
  0.600   730211.646
  0.597   730211.653
  0.651   730211.660
  0.603   730211.667
  0.572   730211.674
  0.628   730211.681
  0.577   730211.688
  0.642   730211.695
  0.606   730211.701
  0.613   730211.709
  0.583   730211.715
  0.588   730211.722
  0.585   730211.729
  0.651   730211.736
  0.588   730211.743
  0.620   730211.751
  0.766   730211.757
  0.642   730211.764
  0.540   730211.771
  0.647   730211.771
  0.475   730211.771
  0.612   730211.778
  0.693   730211.786
  0.675   730211.794
  0.637   730211.799
    NaN   730211.806
  0.679   730211.813
  0.650   730211.820
  0.685   730211.827
  0.604   730211.834
  0.722   730211.841
  0.728   730211.847
  0.599   730211.854
  0.592   730211.862
  0.624   730211.868
  0.640   730211.876
  0.620   730211.882
  0.637   730211.889
  0.655   730211.896
  0.780   730211.903
  1.359   730211.910
  0.630   730211.917
  0.671   730211.924
  0.666   730211.931
  0.656   730211.938
  0.716   730211.945
  0.634   730211.952
  0.675   730211.960
  0.674   730211.966
