  0.000   730211.002
  1.445   730211.002
  0.000   730211.008
  0.871   730211.014
  0.457   730211.014
  0.000   730211.014
  1.883   730211.021
  2.309   730211.021
  0.000   730211.021
  0.932   730211.028
  0.000   730211.028
  2.471   730211.034
  0.031   730211.042
  0.000   730211.049
  0.000   730211.056
  0.000   730211.063
  0.006   730211.076
  1.644   730211.078
  0.000   730211.085
  0.000   730211.091
  0.000   730211.097
  0.000   730211.104
  0.000   730211.111
  2.722   730211.119
  0.000   730211.126
  0.000   730211.132
  0.000   730211.139
  0.000   730211.146
  0.000   730211.153
  0.000   730211.160
  0.000   730211.166
  0.000   730211.174
  0.000   730211.181
  0.000   730211.188
  0.000   730211.195
  0.000   730211.202
  0.000   730211.209
  0.000   730211.215
  0.000   730211.222
  0.000   730211.229
  0.000   730211.236
  0.000   730211.243
  0.000   730211.251
  0.000   730211.257
  0.000   730211.264
  0.000   730211.271
  0.000   730211.278
  0.000   730211.285
  0.000   730211.293
  0.000   730211.299
  0.000   730211.306
  0.000   730211.313
  0.000   730211.320
  0.000   730211.326
  0.000   730211.334
  0.000   730211.340
  0.000   730211.347
  0.000   730211.354
  0.000   730211.361
  0.000   730211.368
  0.000   730211.376
  0.000   730211.382
  1.330   730211.389
  0.000   730211.396
  0.000   730211.403
  0.000   730211.410
  0.000   730211.417
  0.000   730211.424
  0.000   730211.431
  0.000   730211.438
  0.000   730211.445
  0.000   730211.452
  0.000   730211.460
  1.444   730211.466
  0.000   730211.472
  0.000   730211.479
  0.000   730211.486
  1.485   730211.493
  0.000   730211.501
  0.000   730211.507
  0.000   730211.514
  0.068   730211.521
  0.000   730211.528
  0.000   730211.535
  0.000   730211.542
  0.000   730211.549
  0.000   730211.556
  0.000   730211.563
  0.000   730211.570
  0.673   730211.576
  0.000   730211.584
  0.000   730211.590
  0.000   730211.597
  0.000   730211.604
  1.067   730211.611
  0.000   730211.619
  0.000   730211.626
  0.000   730211.632
  0.000   730211.639
  0.000   730211.646
  0.000   730211.653
  0.000   730211.660
  0.004   730211.667
  0.000   730211.674
  1.015   730211.681
  0.410   730211.688
  0.000   730211.695
  0.000   730211.701
  0.000   730211.709
  0.000   730211.715
  0.000   730211.722
  0.000   730211.729
  0.000   730211.736
  0.000   730211.743
  0.000   730211.751
  2.023   730211.757
  0.000   730211.764
  2.247   730211.771
  0.000   730211.771
  2.014   730211.771
  0.000   730211.778
  1.717   730211.786
  0.000   730211.794
  0.000   730211.799
  0.000   730211.806
  0.000   730211.813
  0.000   730211.820
  0.000   730211.827
  0.000   730211.834
  0.000   730211.841
  0.000   730211.847
  0.000   730211.854
  0.000   730211.862
  0.000   730211.868
  0.000   730211.876
  0.000   730211.882
  0.000   730211.889
  0.000   730211.896
  0.000   730211.903
  0.000   730211.910
  0.000   730211.917
  0.000   730211.924
  0.000   730211.931
  0.000   730211.938
  0.000   730211.945
  0.000   730211.952
  0.000   730211.960
  0.000   730211.966
