  0.651   730211.002
  0.400   730211.002
  0.647   730211.008
  0.582   730211.014
  0.030   730211.014
  0.431   730211.014
  0.616   730211.021
  0.478   730211.021
  0.683   730211.021
  0.599   730211.028
  0.569   730211.028
  0.611   730211.034
  0.541   730211.042
  0.634   730211.049
  0.567   730211.055
  0.649   730211.063
  0.584   730211.076
  0.748   730211.078
  0.656   730211.085
  0.719   730211.091
  0.607   730211.097
  0.678   730211.104
  0.700   730211.111
  0.725   730211.119
  0.625   730211.126
  0.651   730211.132
  0.632   730211.139
  0.580   730211.146
  0.737   730211.153
  0.632   730211.160
  0.690   730211.166
  0.764   730211.174
  0.708   730211.180
  0.758   730211.187
  0.765   730211.194
  0.713   730211.201
  0.744   730211.209
  0.846   730211.215
  0.807   730211.222
  0.732   730211.229
  0.739   730211.236
  0.748   730211.243
  0.855   730211.250
  0.709   730211.257
  0.803   730211.264
  0.849   730211.271
  0.881   730211.278
  0.956   730211.285
  0.918   730211.292
  0.948   730211.299
  0.872   730211.306
  0.765   730211.312
  0.786   730211.319
  0.828   730211.326
  0.861   730211.334
  0.818   730211.340
  0.909   730211.347
  0.702   730211.354
  0.975   730211.361
  0.976   730211.368
  0.884   730211.375
  0.872   730211.382
  1.015   730211.389
  0.970   730211.396
  0.862   730211.403
  0.912   730211.410
  0.857   730211.417
  1.079   730211.424
  0.928   730211.430
    NaN   730211.437
  0.970   730211.444
  0.809   730211.452
  0.901   730211.459
  0.874   730211.465
  0.918   730211.472
  0.954   730211.479
  0.928   730211.486
  0.958   730211.493
  0.937   730211.500
  0.978   730211.507
  1.000   730211.514
  1.026   730211.521
  0.963   730211.528
  0.898   730211.535
  1.003   730211.542
  0.934   730211.549
  1.026   730211.555
  0.925   730211.562
  0.974   730211.569
  0.944   730211.576
  0.997   730211.584
  0.842   730211.590
  0.891   730211.597
  0.969   730211.604
  1.018   730211.611
  0.949   730211.619
  0.931   730211.626
  0.966   730211.632
  0.976   730211.639
  0.856   730211.646
  0.937   730211.653
  0.808   730211.660
  0.784   730211.667
  0.910   730211.674
  0.841   730211.680
  0.863   730211.687
  0.820   730211.694
  0.874   730211.701
  0.930   730211.709
  0.775   730211.715
  0.904   730211.722
  0.868   730211.729
  0.852   730211.736
  0.843   730211.743
  0.824   730211.750
  0.922   730211.757
  0.918   730211.764
  0.643   730211.771
  0.905   730211.771
  0.734   730211.771
  0.834   730211.778
  0.860   730211.785
  0.821   730211.793
  0.851   730211.799
  0.876   730211.806
  0.805   730211.812
  0.865   730211.819
  0.914   730211.827
  0.907   730211.834
  0.779   730211.840
  0.893   730211.847
  0.897   730211.854
  0.855   730211.862
  0.714   730211.868
  0.887   730211.875
  0.802   730211.882
  0.785   730211.889
  0.818   730211.896
  0.694   730211.903
  0.874   730211.910
  0.751   730211.917
  0.823   730211.924
    NaN   730211.931
    NaN   730211.937
  0.722   730211.945
  0.878   730211.952
  0.746   730211.960
  0.749   730211.966
