  0.262   730211.002
  0.157   730211.002
  0.232   730211.008
  0.245   730211.014
  0.002   730211.014
  0.252   730211.014
  0.404   730211.021
  0.144   730211.021
  0.263   730211.021
  0.169   730211.028
  0.249   730211.028
  0.217   730211.034
  0.251   730211.042
  0.406   730211.049
  0.259   730211.056
  0.289   730211.063
  0.305   730211.076
  0.282   730211.078
  0.310   730211.085
  0.248   730211.091
  0.263   730211.097
  0.301   730211.104
  0.294   730211.111
  0.260   730211.119
  0.283   730211.126
  0.303   730211.132
  0.271   730211.139
  0.234   730211.146
  0.263   730211.153
  0.247   730211.160
  0.194   730211.166
  0.235   730211.174
  0.237   730211.181
  0.269   730211.188
  0.225   730211.195
  0.245   730211.202
  0.244   730211.209
  0.216   730211.215
  0.236   730211.222
  0.238   730211.229
  0.518   730211.236
  0.206   730211.243
  0.228   730211.251
  0.229   730211.257
  0.239   730211.264
  0.258   730211.271
  0.222   730211.278
  0.233   730211.285
  0.207   730211.293
  0.262   730211.299
  0.243   730211.306
  0.233   730211.313
  0.191   730211.320
  0.226   730211.326
  0.229   730211.334
  0.231   730211.340
  0.206   730211.347
  0.238   730211.354
  0.228   730211.361
  0.220   730211.368
  0.208   730211.376
  0.224   730211.382
  0.229   730211.389
  0.216   730211.396
  0.203   730211.403
  0.255   730211.410
  0.216   730211.417
  0.248   730211.424
  0.242   730211.431
  0.234   730211.438
  0.225   730211.445
  0.237   730211.452
  0.252   730211.460
  0.246   730211.466
  0.248   730211.472
  0.255   730211.479
  0.251   730211.486
  0.272   730211.493
  0.310   730211.501
  0.311   730211.507
  0.276   730211.514
  0.258   730211.521
  0.282   730211.528
  0.259   730211.535
  0.289   730211.542
  0.270   730211.549
  0.271   730211.556
  0.268   730211.563
  0.246   730211.570
  0.273   730211.576
  0.282   730211.584
  0.287   730211.590
  0.277   730211.597
  0.286   730211.604
  0.285   730211.611
  0.284   730211.619
  0.270   730211.626
  0.275   730211.632
  0.316   730211.639
  0.279   730211.646
  0.287   730211.653
  0.291   730211.660
  0.237   730211.667
  0.264   730211.674
  0.269   730211.681
  0.263   730211.688
  0.277   730211.695
  0.297   730211.701
  0.253   730211.709
  0.246   730211.715
  0.284   730211.722
  0.297   730211.729
  0.280   730211.736
  0.253   730211.743
  0.234   730211.751
  0.230   730211.757
  0.266   730211.764
  0.137   730211.771
  0.239   730211.771
  0.228   730211.771
  0.278   730211.778
  0.282   730211.786
  0.290   730211.794
  0.301   730211.799
  0.291   730211.806
  0.262   730211.813
  0.281   730211.820
  0.276   730211.827
  0.269   730211.834
  0.254   730211.841
  0.241   730211.847
  0.264   730211.854
  0.253   730211.862
  0.214   730211.868
  0.239   730211.876
  0.231   730211.882
  0.221   730211.889
  0.236   730211.896
  0.241   730211.903
  0.448   730211.910
  0.244   730211.917
  0.212   730211.924
  0.259   730211.931
  0.230   730211.938
  0.271   730211.945
  0.270   730211.952
  0.251   730211.960
  0.277   730211.966
