  2.512   730211.004
  2.267   730211.004
  2.283   730211.011
  0.098   730211.016
 56.450   730211.016
  2.128   730211.026
  1.440   730211.026
  2.017   730211.031
  1.574   730211.035
  2.640   730211.044
  2.592   730211.050
  2.504   730211.057
  2.489   730211.066
  2.479   730211.081
  2.474   730211.082
  2.207   730211.089
  2.353   730211.094
  2.530   730211.099
  2.500   730211.106
  2.225   730211.113
  2.430   730211.122
  2.491   730211.128
  2.389   730211.134
  2.411   730211.141
  2.553   730211.148
  2.220   730211.155
  2.523   730211.161
  3.670   730211.167
  2.608   730211.175
  2.728   730211.182
  2.597   730211.189
  2.642   730211.196
  2.669   730211.203
  2.626   730211.212
  2.681   730211.217
  3.057   730211.224
  2.953   730211.231
  3.236   730211.238
  3.249   730211.245
  3.496   730211.253
  3.613   730211.259
  3.285   730211.266
  3.187   730211.273
  3.208   730211.279
  3.667   730211.289
  3.702   730211.295
  3.091   730211.300
  3.532   730211.307
  3.414   730211.314
  3.084   730211.321
    NaN   730211.328
  3.061   730211.336
  2.906   730211.342
  3.039   730211.349
  3.282   730211.356
  3.109   730211.363
  3.084   730211.370
  2.985   730211.378
  2.989   730211.384
  2.924   730211.391
  3.319   730211.398
  2.693   730211.404
  2.936   730211.411
  3.568   730211.420
  3.607   730211.425
  3.568   730211.432
  3.557   730211.439
  3.510   730211.446
  3.191   730211.456
  3.234   730211.462
  3.062   730211.467
  3.526   730211.474
  3.724   730211.481
  3.565   730211.488
  3.536   730211.495
  3.789   730211.503
  3.884   730211.509
  3.943   730211.516
  3.720   730211.522
  3.977   730211.529
  3.713   730211.536
  4.082   730211.545
  4.172   730211.550
  3.876   730211.557
  4.204   730211.564
  4.510   730211.571
  4.161   730211.578
  4.650   730211.586
  4.481   730211.592
  4.784   730211.599
  4.604   730211.606
  4.353   730211.613
  4.488   730211.623
  4.173   730211.630
  4.217   730211.635
  4.455   730211.641
  4.114   730211.648
  4.438   730211.654
  4.141   730211.661
  3.847   730211.669
  4.058   730211.675
  3.678   730211.682
  4.421   730211.689
  4.374   730211.696
  4.163   730211.703
  3.916   730211.711
  4.223   730211.717
  4.031   730211.724
  3.984   730211.731
  4.342   730211.738
  4.193   730211.745
  3.743   730211.753
  3.984   730211.758
  4.031   730211.766
  3.172   730211.774
  4.637   730211.774
  3.827   730211.781
  3.510   730211.790
  3.917   730211.797
  3.399   730211.802
  3.486   730211.807
  3.757   730211.814
  3.382   730211.822
    NaN   730211.829
  3.863   730211.837
  3.316   730211.842
  3.802   730211.849
  3.756   730211.856
  3.525   730211.864
  3.779   730211.870
  4.062   730211.878
  3.777   730211.884
  3.812   730211.891
  3.698   730211.898
  3.773   730211.905
  4.327   730211.911
  3.346   730211.920
  3.651   730211.926
  3.831   730211.933
  4.513   730211.939
  3.831   730211.947
  4.288   730211.957
  3.664   730211.964
  3.489   730211.968
