  0.454   730290.001
  1.390   730290.007
  1.618   730290.014
  2.011   730290.021
  1.989   730290.028
  1.947   730290.035
  1.756   730290.042
  1.712   730290.049
  2.139   730290.056
  4.196   730290.063
  1.283   730290.070
  2.116   730290.077
  1.264   730290.084
  2.128   730290.091
  1.610   730290.098
  1.770   730290.105
  1.819   730290.112
  2.043   730290.119
  2.584   730290.126
  1.793   730290.132
  1.142   730290.139
  1.502   730290.146
  1.558   730290.153
  1.595   730290.160
  1.938   730290.167
  1.607   730290.174
  1.860   730290.181
  2.590   730290.188
  1.500   730290.195
  1.906   730290.202
  1.731   730290.209
  1.691   730290.216
  2.802   730290.223
  1.054   730290.230
  1.640   730290.237
  1.728   730290.244
  1.404   730290.251
  1.695   730290.257
  1.192   730290.264
  2.220   730290.271
  8.290   730290.278
  3.354   730290.285
  1.876   730290.292
  1.085   730290.299
  1.445   730290.306
  1.494   730290.313
  1.837   730290.320
  1.531   730290.327
  1.481   730290.334
  2.250   730290.341
  1.725   730290.348
  1.963   730290.355
  2.374   730290.362
  1.501   730290.369
  1.701   730290.376
  2.159   730290.382
  1.528   730290.389
  3.400   730290.396
  2.301   730290.403
  1.230   730290.410
  2.008   730290.417
  1.662   730290.424
  1.949   730290.431
  1.732   730290.438
  1.654   730290.445
  3.400   730290.452
  2.736   730290.459
  1.592   730290.466
  1.669   730290.473
  1.893   730290.480
  1.341   730290.487
  2.641   730290.494
  1.790   730290.501
  2.496   730290.507
  1.217   730290.514
  2.036   730290.521
  1.527   730290.528
  2.201   730290.535
  1.486   730290.542
  2.122   730290.549
  1.620   730290.556
  1.756   730290.563
  1.494   730290.570
  1.384   730290.577
  1.150   730290.584
  2.085   730290.591
  1.326   730290.598
  1.619   730290.605
  1.645   730290.612
  2.380   730290.619
  1.368   730290.626
  3.493   730290.633
  2.061   730290.639
  2.499   730290.646
  2.358   730290.653
  1.411   730290.660
  1.295   730290.667
  1.470   730290.674
  1.267   730290.681
  1.534   730290.688
  1.412   730290.695
  2.381   730290.702
  2.694   730290.709
  2.141   730290.716
  2.023   730290.723
  1.511   730290.730
  1.618   730290.737
  1.319   730290.744
  2.369   730290.751
  1.707   730290.758
  2.331   730290.764
  1.852   730290.771
  1.886   730290.778
  1.164   730290.785
  1.783   730290.792
  1.139   730290.799
  1.926   730290.806
  1.400   730290.813
  1.710   730290.820
  1.609   730290.827
  3.795   730290.834
  1.753   730290.841
  2.395   730290.848
  2.403   730290.855
  1.517   730290.862
  1.414   730290.869
  1.455   730290.876
  4.557   730290.883
  2.134   730290.889
  1.451   730290.896
  1.167   730290.903
  2.326   730290.910
  1.377   730290.917
  1.598   730290.924
  1.663   730290.931
  1.532   730290.938
  1.533   730290.945
  1.445   730290.952
  1.478   730290.959
  1.911   730290.966
  1.348   730290.973
  1.196   730290.980
  1.290   730290.987
  2.290   730290.994
