  0.589   730290.006
  0.599   730290.013
  0.679   730290.020
  0.697   730290.027
  0.677   730290.034
  0.659   730290.041
  0.648   730290.048
  0.726   730290.055
  0.662   730290.062
  0.716   730290.069
  0.634   730290.076
  0.701   730290.083
  0.618   730290.090
  0.733   730290.097
  0.722   730290.104
  0.677   730290.110
  0.672   730290.117
  0.696   730290.124
  0.760   730290.131
  0.714   730290.138
  0.706   730290.145
  0.691   730290.152
  0.751   730290.159
  0.704   730290.166
  0.779   730290.173
  0.696   730290.180
  0.680   730290.187
  0.700   730290.194
  0.678   730290.201
  0.741   730290.208
  0.693   730290.215
  0.672   730290.222
  0.931   730290.229
  0.744   730290.235
  0.706   730290.242
  0.811   730290.249
  0.620   730290.256
  0.733   730290.263
  0.695   730290.270
  0.719   730290.277
  2.220   730290.284
  0.604   730290.291
  0.666   730290.298
  0.612   730290.305
  0.656   730290.312
  0.673   730290.319
  0.728   730290.326
  0.666   730290.333
  0.700   730290.340
  0.658   730290.347
  0.708   730290.354
  0.695   730290.360
  0.678   730290.367
  0.655   730290.374
  0.608   730290.381
  1.537   730290.388
  0.649   730290.395
  0.608   730290.402
  0.644   730290.409
  0.574   730290.416
  0.662   730290.423
  0.606   730290.430
  0.716   730290.437
  0.606   730290.444
  0.711   730290.451
  0.712   730290.458
  0.604   730290.465
  1.277   730290.472
  0.619   730290.479
  0.676   730290.485
  0.558   730290.492
  0.607   730290.499
  0.636   730290.506
  0.614   730290.513
  0.604   730290.520
  0.608   730290.527
  0.672   730290.534
  0.695   730290.541
  0.640   730290.548
  0.741   730290.555
  0.666   730290.562
  0.628   730290.569
  0.646   730290.576
  0.607   730290.583
  0.710   730290.590
  0.585   730290.597
  0.693   730290.604
  0.693   730290.610
  0.660   730290.617
  0.600   730290.624
  0.657   730290.631
  0.648   730290.638
  0.633   730290.645
  0.580   730290.652
  0.605   730290.659
  0.649   730290.666
  0.670   730290.673
  0.675   730290.680
  0.609   730290.687
  0.556   730290.694
  0.598   730290.701
  0.634   730290.708
  0.610   730290.715
  0.646   730290.722
  0.662   730290.729
  0.732   730290.735
  0.707   730290.742
  0.690   730290.749
  0.625   730290.756
  0.584   730290.763
  0.579   730290.770
  0.666   730290.777
  0.644   730290.784
  0.633   730290.791
    NaN   730290.798
  0.671   730290.805
  0.681   730290.812
  0.593   730290.819
  0.626   730290.826
  0.593   730290.833
  0.608   730290.840
  0.545   730290.847
  0.623   730290.854
  0.567   730290.860
  0.506   730290.867
  0.552   730290.874
  0.630   730290.881
  0.595   730290.888
  0.589   730290.895
  0.552   730290.902
  0.582   730290.909
  0.589   730290.916
  0.612   730290.923
  0.643   730290.930
  0.611   730290.937
  0.644   730290.944
  0.676   730290.951
  0.694   730290.958
  0.641   730290.965
  0.613   730290.972
  0.553   730290.979
  0.635   730290.985
  0.598   730290.992
  0.721   730290.999
