  2.380   729855.000
  2.170   729855.000
  2.090   729855.010
  2.130   729855.020
  2.060   729855.020
  2.040   729855.030
  2.000   729855.040
  2.070   729855.050
  1.970   729855.050
  1.960   729855.060
  2.080   729855.070
  2.040   729855.070
  1.920   729855.080
  2.020   729855.090
  1.830   729855.090
  1.870   729855.100
  1.760   729855.110
  1.680   729855.110
  1.830   729855.120
  2.030   729855.130
  1.710   729855.140
  1.770   729855.140
  1.860   729855.150
  1.870   729855.160
  2.030   729855.160
  1.860   729855.170
  1.750   729855.180
  1.940   729855.200
  1.550   729855.200
  1.700   729855.210
  1.590   729855.220
  1.640   729855.230
  1.790   729855.230
  1.900   729855.240
  1.720   729855.250
  1.710   729855.250
  1.740   729855.260
  1.590   729855.270
  1.840   729855.270
  1.670   729855.280
  1.720   729855.290
  2.430   729855.300
  1.780   729855.300
  1.760   729855.310
  1.780   729855.320
  1.710   729855.320
  1.700   729855.330
  1.720   729855.340
  1.790   729855.340
  1.750   729855.350
  1.700   729855.360
  1.680   729855.360
  1.870   729855.370
  1.610   729855.380
  1.670   729855.390
  1.700   729855.390
  1.750   729855.400
  1.480   729855.410
    NaN   729855.410
  1.670   729855.420
  1.870   729855.430
  1.660   729855.430
  1.750   729855.440
  1.680   729855.450
  1.500   729855.450
  1.680   729855.460
  1.750   729855.470
  1.540   729855.480
  1.570   729855.480
  1.530   729855.490
  1.680   729855.500
  1.660   729855.500
  1.780   729855.510
  1.560   729855.520
  1.670   729855.520
  1.640   729855.530
  1.620   729855.540
  1.580   729855.550
  1.650   729855.550
  1.650   729855.560
  1.650   729855.570
  1.680   729855.570
  1.650   729855.580
  1.610   729855.590
  1.650   729855.590
  1.660   729855.600
  1.530   729855.610
  1.570   729855.610
  1.590   729855.620
  1.690   729855.630
  1.470   729855.640
  1.510   729855.640
  1.500   729855.650
  1.480   729855.660
  1.480   729855.660
  1.430   729855.670
  1.490   729855.680
  1.450   729855.680
  1.660   729855.690
  1.760   729855.700
  1.860   729855.700
  1.500   729855.710
  1.500   729855.720
  1.420   729855.730
  1.480   729855.730
  1.530   729855.740
  1.480   729855.750
  1.460   729855.750
  1.540   729855.760
  1.440   729855.770
  1.420   729855.770
  1.620   729855.780
  1.510   729855.790
  1.490   729855.800
  1.450   729855.800
  1.440   729855.810
  1.420   729855.820
  1.430   729855.820
  1.580   729855.830
  1.420   729855.840
  1.460   729855.840
  1.320   729855.850
  1.370   729855.860
  1.420   729855.860
  1.430   729855.870
  1.550   729855.880
  1.620   729855.890
  1.390   729855.890
  1.350   729855.900
  1.350   729855.910
    NaN   729855.910
  2.450   729855.920
  1.420   729855.930
  1.420   729855.930
  1.430   729855.940
  1.490   729855.950
  1.380   729855.950
  1.490   729855.960
  1.470   729855.970
  1.370   729855.980
  1.490   729855.980
  1.540   729855.990
