  0.338   730138.003
  0.300   730138.008
  0.258   730138.015
  0.270   730138.022
  0.336   730138.029
  0.296   730138.036
  0.242   730138.043
  0.299   730138.050
  0.223   730138.057
  0.299   730138.064
  0.217   730138.071
    NaN   730138.078
  0.251   730138.085
  0.233   730138.092
  0.297   730138.099
  0.258   730138.106
  0.228   730138.113
  0.272   730138.119
  0.234   730138.126
  0.254   730138.133
  0.280   730138.140
  0.244   730138.147
  0.255   730138.154
  0.230   730138.161
  0.250   730138.168
  0.194   730138.175
  0.218   730138.182
  0.293   730138.189
  0.227   730138.196
  0.263   730138.203
  0.195   730138.210
  0.251   730138.217
  0.297   730138.224
  0.287   730138.231
  0.262   730138.238
  0.188   730138.244
  0.231   730138.251
  0.277   730138.258
  0.246   730138.265
  0.241   730138.272
  0.240   730138.279
  0.235   730138.286
  0.190   730138.293
  0.175   730138.300
  0.208   730138.307
  0.296   730138.314
  0.301   730138.321
  0.207   730138.328
  0.194   730138.335
  0.251   730138.342
  0.219   730138.349
  0.192   730138.356
  0.257   730138.363
  0.246   730138.369
  0.204   730138.376
  0.181   730138.383
  0.205   730138.390
  0.255   730138.397
  0.259   730138.404
  0.187   730138.411
  0.226   730138.418
  0.230   730138.425
  0.170   730138.432
  0.211   730138.439
  0.233   730138.446
  0.175   730138.453
  0.250   730138.460
  0.228   730138.467
  0.203   730138.474
  0.193   730138.481
  0.187   730138.488
  0.175   730138.494
  0.175   730138.501
  0.259   730138.508
  0.298   730138.515
  0.254   730138.522
  0.264   730138.529
  0.217   730138.536
  0.234   730138.543
  0.259   730138.550
  0.227   730138.557
  0.277   730138.564
  0.192   730138.571
    NaN   730138.578
  0.257   730138.585
  0.297   730138.592
  0.249   730138.599
  0.250   730138.606
  0.187   730138.613
  0.300   730138.619
  0.193   730138.626
  0.227   730138.633
  0.167   730138.640
  0.200   730138.647
  0.163   730138.654
  0.222   730138.661
  0.210   730138.668
  0.211   730138.675
  0.194   730138.682
  0.176   730138.689
  0.203   730138.696
  0.147   730138.703
  0.181   730138.710
  0.226   730138.717
  0.234   730138.724
  0.235   730138.731
  0.291   730138.738
  0.162   730138.744
  0.196   730138.751
  0.232   730138.758
  0.236   730138.765
  0.190   730138.772
  0.131   730138.779
  0.203   730138.786
  0.197   730138.797
  0.261   730138.801
  0.167   730138.807
  0.233   730138.814
  0.154   730138.821
  0.174   730138.828
  0.196   730138.835
  0.186   730138.842
  0.200   730138.849
  0.205   730138.856
  0.289   730138.863
  0.286   730138.869
  0.190   730138.876
  0.176   730138.883
  0.208   730138.891
  0.233   730138.897
  0.290   730138.904
  0.170   730138.911
  0.235   730138.918
  0.305   730138.925
  0.191   730138.932
  0.167   730138.953
  0.241   730138.960
  0.226   730138.967
  0.245   730138.974
  0.192   730138.981
  0.212   730138.988
  0.228   730138.995
