  1.665   730138.003
  1.986   730138.009
  1.371   730138.016
  1.484   730138.023
  1.419   730138.030
  1.378   730138.037
  1.472   730138.044
  1.419   730138.051
  1.374   730138.058
  1.208   730138.065
  1.405   730138.072
  1.494   730138.078
  1.421   730138.085
  1.501   730138.092
  1.526   730138.099
  1.417   730138.106
  1.342   730138.113
  1.307   730138.120
  1.321   730138.127
  1.465   730138.134
  1.604   730138.141
  1.406   730138.148
  1.687   730138.155
  1.346   730138.162
  1.604   730138.169
  1.506   730138.176
  1.268   730138.183
    NaN   730138.190
  1.337   730138.197
  1.606   730138.204
  1.450   730138.212
  1.418   730138.218
  1.478   730138.225
  1.588   730138.231
  1.589   730138.238
  1.229   730138.245
  1.380   730138.252
  1.496   730138.259
  1.341   730138.266
  1.303   730138.273
  1.244   730138.280
  1.645   730138.287
  1.511   730138.294
  1.414   730138.301
  1.428   730138.308
  1.419   730138.315
  1.206   730138.322
  1.868   730138.328
  1.833   730138.335
  1.573   730138.342
  1.677   730138.349
  1.467   730138.356
  1.635   730138.363
  1.563   730138.370
  1.605   730138.377
  1.772   730138.384
  1.578   730138.391
  1.630   730138.398
  1.442   730138.405
  1.603   730138.412
  1.308   730138.419
  1.386   730138.426
  1.702   730138.433
  1.825   730138.440
  1.334   730138.447
  1.436   730138.454
  1.511   730138.460
  1.308   730138.467
  1.803   730138.474
  1.573   730138.481
  1.506   730138.488
  1.563   730138.495
  1.512   730138.502
  1.594   730138.509
  1.681   730138.516
  1.488   730138.523
  1.416   730138.530
  1.523   730138.537
  1.458   730138.544
  1.615   730138.551
  1.577   730138.558
  1.733   730138.565
  1.338   730138.572
  1.495   730138.578
  1.302   730138.585
  1.937   730138.592
  1.711   730138.599
  1.563   730138.606
  1.741   730138.613
  1.489   730138.620
  1.675   730138.627
  1.486   730138.634
  1.735   730138.641
  1.769   730138.648
  1.673   730138.655
  1.701   730138.662
  1.785   730138.669
  1.611   730138.676
  1.594   730138.683
    NaN   730138.690
  1.513   730138.697
  1.508   730138.703
  1.891   730138.710
  1.239   730138.717
  1.541   730138.724
  1.512   730138.731
  1.554   730138.738
  1.645   730138.745
  1.538   730138.752
  1.831   730138.759
  1.771   730138.766
  1.689   730138.773
  1.831   730138.780
  1.786   730138.787
  1.587   730138.798
  1.583   730138.801
  1.821   730138.808
  1.580   730138.815
  1.987   730138.822
  1.808   730138.828
  1.750   730138.835
  1.934   730138.842
  1.848   730138.849
  1.615   730138.857
  1.880   730138.863
  1.714   730138.870
  1.572   730138.878
  1.666   730138.885
  1.811   730138.892
  1.684   730138.898
  1.809   730138.905
  1.616   730138.912
  1.841   730138.919
  1.872   730138.926
  1.838   730138.933
  2.199   730138.953
  1.983   730138.960
  2.074   730138.968
  1.855   730138.974
  2.466   730138.981
  1.986   730138.989
  2.354   730138.996
