  1.159   730138.003
  1.156   730138.009
  1.068   730138.016
  1.057   730138.023
  0.923   730138.030
  0.975   730138.037
  1.205   730138.044
  0.876   730138.051
  0.781   730138.058
  0.968   730138.065
  0.928   730138.072
  0.981   730138.078
  0.970   730138.085
  0.921   730138.092
  0.931   730138.099
  0.969   730138.106
  0.874   730138.113
  0.823   730138.120
  0.893   730138.127
  0.944   730138.134
  0.883   730138.141
  0.913   730138.148
  0.821   730138.155
  1.006   730138.162
  0.946   730138.169
  0.857   730138.176
  1.103   730138.183
  0.908   730138.190
  1.039   730138.197
  1.100   730138.204
  1.133   730138.212
  1.054   730138.218
  0.977   730138.225
  1.070   730138.231
  1.131   730138.238
  1.072   730138.245
  1.176   730138.252
  1.045   730138.259
  0.908   730138.266
  1.022   730138.273
  1.057   730138.280
  1.204   730138.287
  1.088   730138.294
  1.143   730138.301
  1.073   730138.308
  1.108   730138.315
  0.795   730138.322
  0.851   730138.328
  0.941   730138.335
  0.965   730138.342
  0.899   730138.349
  1.007   730138.356
  0.949   730138.363
  0.971   730138.370
  1.033   730138.377
  0.995   730138.384
  0.984   730138.391
  0.831   730138.398
  0.869   730138.405
  0.880   730138.412
  0.809   730138.419
  0.948   730138.426
  0.854   730138.433
  0.843   730138.440
  0.894   730138.447
  0.824   730138.454
  0.769   730138.460
  0.842   730138.467
  0.913   730138.474
  0.861   730138.481
  0.824   730138.488
    NaN   730138.495
  0.780   730138.502
  0.835   730138.509
  0.895   730138.516
  0.884   730138.523
  0.947   730138.530
  0.915   730138.537
  0.875   730138.544
  0.927   730138.551
  0.929   730138.558
  0.883   730138.565
  1.215   730138.572
  0.793   730138.578
  0.862   730138.585
  0.922   730138.592
  0.856   730138.599
  0.896   730138.606
  0.906   730138.613
  0.897   730138.620
  0.991   730138.627
  0.921   730138.634
  0.829   730138.641
  0.850   730138.648
  0.889   730138.655
  0.996   730138.662
  0.882   730138.669
  0.998   730138.676
  0.915   730138.683
  0.954   730138.690
  1.066   730138.697
  1.027   730138.703
  0.984   730138.710
  1.148   730138.717
  1.222   730138.724
  1.272   730138.731
  1.156   730138.738
  1.154   730138.745
  1.089   730138.752
  1.300   730138.759
  1.300   730138.766
  1.412   730138.773
  1.389   730138.780
  1.303   730138.787
  1.246   730138.798
  1.262   730138.801
  1.305   730138.808
  1.385   730138.815
  1.345   730138.822
  1.267   730138.828
  1.322   730138.835
  1.395   730138.842
  1.306   730138.849
  1.342   730138.857
  1.529   730138.863
  1.341   730138.870
  1.450   730138.878
  1.273   730138.885
  1.432   730138.892
  1.261   730138.898
  1.291   730138.905
  1.307   730138.912
  1.348   730138.919
  1.237   730138.926
  1.453   730138.933
  1.408   730138.953
  1.342   730138.960
  1.620   730138.968
  1.653   730138.974
  1.712   730138.981
    NaN   730138.989
    NaN   730138.996
