  1.240   730183.001
  1.097   730183.008
  1.142   730183.015
  1.166   730183.022
  1.080   730183.029
  1.004   730183.037
  1.129   730183.043
  1.247   730183.050
  1.224   730183.057
  1.216   730183.064
  1.265   730183.071
  1.455   730183.079
  1.121   730183.085
  1.295   730183.092
  1.344   730183.099
  1.278   730183.106
  1.250   730183.113
  1.371   730183.121
  1.305   730183.126
  1.280   730183.133
  1.255   730183.140
  1.261   730183.147
  1.162   730183.154
  1.259   730183.162
  1.162   730183.168
  1.062   730183.175
  1.010   730183.182
  1.072   730183.189
  1.003   730183.196
    NaN   730183.204
  0.913   730183.210
  0.999   730183.217
  0.985   730183.224
  0.859   730183.231
  0.874   730183.238
  0.887   730183.246
  0.802   730183.251
  0.925   730183.258
  0.896   730183.265
  0.936   730183.272
  0.910   730183.279
  0.900   730183.287
  0.985   730183.293
  0.897   730183.300
  1.010   730183.307
  1.098   730183.314
  0.959   730183.321
  0.900   730183.331
  1.001   730183.337
  1.039   730183.342
  0.904   730183.349
  1.018   730183.356
  1.173   730183.363
  1.130   730183.371
  1.334   730183.376
  1.008   730183.383
  1.156   730183.390
  1.025   730183.397
  0.952   730183.404
  1.055   730183.412
  0.991   730183.418
  0.943   730183.425
  1.097   730183.432
  1.056   730183.439
  1.154   730183.446
  0.956   730183.455
  1.116   730183.460
  1.068   730183.467
  0.969   730183.474
  0.888   730183.481
  1.018   730183.488
  0.944   730183.496
  0.949   730183.501
  0.992   730183.508
 34.809   730183.515
  1.690   730183.522
  2.089   730183.529
  0.949   730183.537
  0.920   730183.543
  0.959   730183.550
  0.889   730183.557
  2.318   730183.564
  0.878   730183.571
  0.851   730183.578
  0.775   730183.585
  2.247   730183.592
  0.813   730183.599
  0.797   730183.606
  0.865   730183.613
  0.917   730183.620
  0.966   730183.626
  0.773   730183.633
  0.851   730183.640
  0.927   730183.647
  0.846   730183.654
  0.936   730183.662
  0.930   730183.668
  0.940   730183.675
  0.903   730183.682
  0.720   730183.689
  0.871   730183.696
    NaN   730183.704
  0.921   730183.710
  0.786   730183.717
  0.849   730183.724
  0.799   730183.731
  0.780   730183.738
  0.721   730183.746
  0.831   730183.751
  0.767   730183.758
  0.789   730183.765
  0.839   730183.772
  0.869   730183.780
  0.854   730183.789
  0.869   730183.794
  0.816   730183.800
  0.867   730183.808
  0.817   730183.815
  0.781   730183.822
  0.774   730183.829
  0.767   730183.835
  0.893   730183.842
  0.833   730183.849
  0.808   730183.856
  0.787   730183.863
  1.056   730183.871
  0.910   730183.876
  0.740   730183.883
  0.703   730183.890
  0.791   730183.898
  0.697   730183.904
  0.728   730183.912
  0.750   730183.918
  0.758   730183.925
  0.775   730183.932
  0.742   730183.939
  0.710   730183.946
  0.772   730183.954
  0.691   730183.960
  0.741   730183.967
  0.693   730183.974
  0.762   730183.981
  0.695   730183.988
  0.712   730183.996
