 22.770   730034.000
 24.780   730034.000
 21.980   730034.010
 21.420   730034.020
 22.360   730034.030
 20.420   730034.030
 20.980   730034.040
 26.410   730034.050
 21.700   730034.050
 21.280   730034.060
 22.690   730034.070
 23.770   730034.070
 24.580   730034.080
 25.170   730034.090
 23.600   730034.100
 21.970   730034.100
 20.660   730034.110
 25.240   730034.120
 24.280   730034.120
 23.920   730034.130
 22.590   730034.140
 23.270   730034.140
 21.470   730034.150
 23.940   730034.160
 22.050   730034.160
 23.510   730034.170
 23.120   730034.180
 22.000   730034.190
 20.520   730034.190
 24.570   730034.200
 24.610   730034.210
 23.540   730034.210
 25.070   730034.220
 25.220   730034.230
 23.610   730034.230
 24.400   730034.240
 23.690   730034.250
 24.750   730034.250
 25.640   730034.260
 24.150   730034.270
 22.690   730034.280
 25.800   730034.280
 23.740   730034.290
 25.030   730034.300
 23.250   730034.300
 24.550   730034.310
 24.860   730034.320
 23.590   730034.320
 22.680   730034.330
 22.690   730034.340
 22.100   730034.350
 23.520   730034.350
 24.060   730034.360
 21.490   730034.370
 24.930   730034.370
 24.150   730034.380
 24.630   730034.390
 23.920   730034.390
 24.890   730034.400
 25.600   730034.410
 27.430   730034.410
 24.990   730034.420
 25.840   730034.430
 24.390   730034.440
 24.420   730034.440
 25.150   730034.450
 23.400   730034.460
 26.230   730034.460
 24.190   730034.470
 24.590   730034.480
 25.150   730034.480
 23.290   730034.490
 22.930   730034.500
 24.580   730034.500
 23.400   730034.510
 23.580   730034.520
 24.530   730034.530
 22.740   730034.530
 22.250   730034.540
 22.630   730034.550
 22.760   730034.550
 23.680   730034.560
 22.000   730034.570
 23.880   730034.570
 23.450   730034.580
 22.240   730034.590
 21.150   730034.600
 20.520   730034.600
 22.970   730034.610
 23.870   730034.620
 22.390   730034.620
 23.590   730034.630
 22.390   730034.640
 21.360   730034.640
 21.870   730034.650
 23.030   730034.660
 23.150   730034.660
 20.020   730034.670
 21.750   730034.680
 22.760   730034.690
 23.820   730034.690
 25.460   730034.700
 23.620   730034.710
 24.510   730034.710
 22.730   730034.720
 20.580   730034.730
 21.500   730034.730
 22.500   730034.740
 21.710   730034.750
 24.570   730034.750
 22.590   730034.760
 20.840   730034.770
 20.890   730034.780
 19.560   730034.780
 19.780   730034.790
 18.690   730034.800
 18.520   730034.800
 18.800   730034.810
 21.160   730034.820
 19.420   730034.820
 19.020   730034.830
 19.050   730034.840
 19.990   730034.850
 18.510   730034.850
 19.080   730034.870
 18.680   730034.890
 16.760   730034.900
 20.520   730034.910
  0.000   730034.910
  0.000   730034.920
  0.000   730034.930
 19.670   730034.930
 17.690   730034.940
 20.100   730034.950
    NaN   730034.960
    NaN   730034.960
 18.980   730034.970
 19.960   730034.980
 19.610   730034.980
 18.320   730034.990
