  1.390   730034.000
  1.280   730034.000
  1.220   730034.010
  1.170   730034.020
  1.320   730034.030
    NaN   730034.030
    NaN   730034.040
  1.130   730034.050
  1.180   730034.050
  1.180   730034.060
  1.190   730034.070
  1.270   730034.070
  1.230   730034.080
  1.100   730034.090
  1.170   730034.100
  1.140   730034.100
  1.190   730034.110
  1.060   730034.120
  1.100   730034.120
  1.070   730034.130
  1.170   730034.140
  1.030   730034.140
  1.220   730034.150
  1.050   730034.160
  1.090   730034.160
  1.160   730034.170
  1.070   730034.180
  1.050   730034.190
  1.030   730034.190
  1.130   730034.200
  1.080   730034.210
  1.100   730034.210
  1.060   730034.220
  1.110   730034.230
  1.040   730034.230
  0.990   730034.240
  0.980   730034.250
  0.980   730034.250
  0.930   730034.260
  1.040   730034.270
  0.970   730034.280
  0.920   730034.280
  0.860   730034.290
  0.890   730034.300
  0.930   730034.300
  0.980   730034.310
  0.960   730034.320
  0.970   730034.320
  0.940   730034.330
  0.850   730034.340
  0.870   730034.350
  0.890   730034.350
  0.920   730034.360
  0.830   730034.370
  0.850   730034.370
  0.900   730034.380
  0.800   730034.390
  0.870   730034.390
  0.890   730034.400
  0.840   730034.410
  0.830   730034.410
  0.850   730034.420
  0.840   730034.430
  0.910   730034.440
  0.760   730034.440
  0.860   730034.450
  0.780   730034.460
  0.800   730034.460
  0.850   730034.470
  0.750   730034.480
  0.840   730034.480
  0.800   730034.490
  0.800   730034.500
  0.860   730034.500
  0.780   730034.510
  0.870   730034.520
  0.860   730034.530
    NaN   730034.530
    NaN   730034.540
  0.890   730034.550
  0.940   730034.550
  0.950   730034.560
  0.940   730034.570
  0.820   730034.570
  0.930   730034.580
  0.840   730034.590
  0.890   730034.600
  0.810   730034.600
  0.760   730034.610
  0.830   730034.620
  0.800   730034.620
  0.750   730034.630
  0.740   730034.640
  0.710   730034.640
  0.730   730034.650
  0.740   730034.660
  0.740   730034.660
  0.710   730034.670
  0.700   730034.680
  0.710   730034.690
  0.730   730034.690
  0.670   730034.700
  0.630   730034.710
  0.700   730034.710
  0.610   730034.720
  0.630   730034.730
  0.590   730034.730
  0.610   730034.740
  0.630   730034.750
  0.620   730034.750
  0.630   730034.760
  0.600   730034.770
  0.610   730034.780
  0.640   730034.780
  0.630   730034.790
  0.570   730034.800
  0.570   730034.800
  0.560   730034.810
  0.540   730034.820
  0.580   730034.820
  0.540   730034.830
  0.530   730034.840
  0.570   730034.850
  0.530   730034.850
  0.540   730034.870
  0.550   730034.890
  0.580   730034.900
  0.560   730034.910
  0.000   730034.910
  0.000   730034.920
  0.000   730034.930
  0.540   730034.940
  0.530   730034.950
  0.550   730034.960
  0.530   730034.960
  0.550   730034.970
  0.570   730034.980
  0.590   730034.980
  0.610   730034.990
