  0.610   730034.000
  0.940   730034.000
  0.920   730034.010
  0.740   730034.020
  1.080   730034.030
  1.030   730034.030
  0.780   730034.040
  0.630   730034.050
  0.790   730034.050
  1.070   730034.060
  1.100   730034.070
  0.860   730034.070
  0.700   730034.080
  0.470   730034.090
  0.450   730034.100
  0.450   730034.100
  0.500   730034.110
  0.540   730034.120
  0.480   730034.120
  0.430   730034.130
  0.520   730034.140
  0.530   730034.140
  0.560   730034.150
  0.620   730034.160
  0.730   730034.160
  0.840   730034.170
  1.020   730034.180
  1.000   730034.180
  0.820   730034.190
  0.910   730034.200
  0.980   730034.210
  1.470   730034.210
  1.950   730034.220
  0.930   730034.230
  0.860   730034.230
  0.600   730034.240
  0.480   730034.250
  0.390   730034.250
  0.410   730034.260
  0.480   730034.270
  0.380   730034.280
  0.460   730034.280
  0.430   730034.290
  0.390   730034.300
  0.420   730034.300
  0.410   730034.310
  0.440   730034.320
  0.430   730034.320
  0.460   730034.330
  0.450   730034.340
  0.480   730034.350
  0.460   730034.350
  0.550   730034.360
  0.530   730034.370
  0.540   730034.370
  0.570   730034.380
  0.630   730034.390
  0.650   730034.390
  0.620   730034.400
  0.630   730034.410
  0.570   730034.410
  0.580   730034.420
  0.540   730034.430
  0.570   730034.430
  0.560   730034.440
  0.590   730034.450
  0.620   730034.460
  0.720   730034.460
  0.640   730034.470
  0.590   730034.480
  0.580   730034.480
  0.620   730034.490
  0.630   730034.500
  0.660   730034.500
  0.720   730034.510
  0.670   730034.520
  0.690   730034.530
  0.670   730034.530
  0.680   730034.540
  0.660   730034.550
  0.610   730034.550
  0.680   730034.560
  0.560   730034.570
  0.700   730034.570
  0.750   730034.580
  0.750   730034.590
  0.630   730034.600
  0.760   730034.600
  0.660   730034.610
  0.680   730034.620
  0.620   730034.620
  0.580   730034.630
  0.570   730034.640
  0.580   730034.640
  0.540   730034.650
  0.580   730034.660
  0.650   730034.660
  0.730   730034.670
  0.720   730034.680
  0.730   730034.680
  0.590   730034.690
  0.670   730034.700
  0.640   730034.710
  0.560   730034.710
  0.490   730034.720
  0.490   730034.730
  0.450   730034.730
  0.410   730034.740
  0.420   730034.750
  0.570   730034.750
  0.600   730034.760
  0.550   730034.770
  0.490   730034.780
  0.490   730034.780
  0.480   730034.790
  0.420   730034.800
  0.400   730034.800
  0.430   730034.810
  0.420   730034.820
  0.420   730034.820
  0.430   730034.830
  0.370   730034.840
  0.400   730034.850
  0.420   730034.850
  0.440   730034.870
  0.410   730034.890
  0.390   730034.900
  0.360   730034.910
  0.000   730034.910
  0.000   730034.920
  0.000   730034.930
  0.400   730034.930
  0.460   730034.940
  0.430   730034.950
  0.400   730034.960
  0.340   730034.960
  0.360   730034.970
  0.360   730034.980
  0.350   730034.980
  0.350   730034.990
