    NaN   730034.000
    NaN   730034.000
    NaN   730034.010
    NaN   730034.020
    NaN   730034.030
    NaN   730034.030
    NaN   730034.040
    NaN   730034.050
    NaN   730034.050
    NaN   730034.060
    NaN   730034.070
    NaN   730034.070
    NaN   730034.080
    NaN   730034.090
    NaN   730034.100
    NaN   730034.100
    NaN   730034.110
    NaN   730034.120
    NaN   730034.120
    NaN   730034.130
    NaN   730034.140
    NaN   730034.140
    NaN   730034.150
    NaN   730034.160
    NaN   730034.160
    NaN   730034.170
    NaN   730034.180
    NaN   730034.190
    NaN   730034.190
    NaN   730034.200
    NaN   730034.210
    NaN   730034.210
    NaN   730034.220
    NaN   730034.230
    NaN   730034.230
    NaN   730034.240
    NaN   730034.250
    NaN   730034.250
    NaN   730034.260
    NaN   730034.270
    NaN   730034.280
    NaN   730034.280
    NaN   730034.290
    NaN   730034.300
    NaN   730034.300
    NaN   730034.310
    NaN   730034.320
    NaN   730034.320
    NaN   730034.330
    NaN   730034.340
    NaN   730034.350
    NaN   730034.350
    NaN   730034.360
    NaN   730034.370
    NaN   730034.370
    NaN   730034.380
    NaN   730034.390
    NaN   730034.390
    NaN   730034.400
    NaN   730034.410
    NaN   730034.410
    NaN   730034.420
    NaN   730034.430
    NaN   730034.440
    NaN   730034.440
    NaN   730034.450
    NaN   730034.460
    NaN   730034.460
    NaN   730034.470
    NaN   730034.480
    NaN   730034.480
    NaN   730034.490
    NaN   730034.500
    NaN   730034.500
    NaN   730034.510
    NaN   730034.520
    NaN   730034.530
    NaN   730034.530
    NaN   730034.540
    NaN   730034.550
    NaN   730034.550
    NaN   730034.560
    NaN   730034.570
    NaN   730034.570
    NaN   730034.580
    NaN   730034.590
    NaN   730034.600
    NaN   730034.600
    NaN   730034.610
    NaN   730034.620
    NaN   730034.620
    NaN   730034.630
    NaN   730034.640
    NaN   730034.640
    NaN   730034.650
    NaN   730034.660
    NaN   730034.660
    NaN   730034.670
    NaN   730034.680
    NaN   730034.690
    NaN   730034.690
    NaN   730034.700
    NaN   730034.710
    NaN   730034.710
    NaN   730034.720
    NaN   730034.730
    NaN   730034.730
    NaN   730034.740
    NaN   730034.750
    NaN   730034.750
    NaN   730034.760
    NaN   730034.770
    NaN   730034.780
    NaN   730034.780
    NaN   730034.790
    NaN   730034.800
    NaN   730034.800
    NaN   730034.810
    NaN   730034.820
    NaN   730034.820
    NaN   730034.830
    NaN   730034.840
    NaN   730034.850
    NaN   730034.850
    NaN   730034.870
    NaN   730034.890
    NaN   730034.900
    NaN   730034.910
    NaN   730034.910
    NaN   730034.920
    NaN   730034.930
    NaN   730034.940
    NaN   730034.950
    NaN   730034.960
    NaN   730034.960
    NaN   730034.970
    NaN   730034.980
    NaN   730034.980
    NaN   730034.990
