  0.502   730184.001
  0.505   730184.008
  0.519   730184.015
  0.460   730184.022
  0.430   730184.029
  0.421   730184.037
  0.449   730184.043
  0.487   730184.050
  0.449   730184.058
  0.501   730184.065
  0.493   730184.072
  0.467   730184.079
  0.904   730184.085
  0.439   730184.092
  0.515   730184.099
  0.490   730184.106
  0.479   730184.113
  0.548   730184.121
  0.492   730184.126
  0.582   730184.133
  0.514   730184.140
  0.547   730184.147
  0.482   730184.154
  0.463   730184.162
  0.493   730184.168
  0.464   730184.175
  0.483   730184.182
  0.426   730184.189
  0.483   730184.197
  0.483   730184.204
  0.491   730184.210
  0.454   730184.217
  0.405   730184.224
  0.416   730184.231
  0.425   730184.238
  0.345   730184.246
  0.414   730184.252
  0.398   730184.259
  0.353   730184.266
  0.388   730184.273
  0.329   730184.279
  0.427   730184.287
  0.424   730184.293
  0.405   730184.300
  0.421   730184.307
  0.488   730184.314
  0.473   730184.321
  0.594   730184.331
  0.560   730184.337
  0.632   730184.342
  0.598   730184.349
  7.095   730184.356
  0.761   730184.363
  0.718   730184.371
  0.749   730184.377
  0.777   730184.384
  0.851   730184.390
  3.423   730184.397
  0.923   730184.405
  0.893   730184.413
  0.957   730184.418
  0.964   730184.425
  1.114   730184.432
  0.980   730184.439
  0.930   730184.447
  1.004   730184.456
  0.991   730184.460
  0.949   730184.467
  0.961   730184.474
  1.052   730184.481
  0.993   730184.488
  0.976   730184.496
  1.171   730184.501
  0.887   730184.508
  1.033   730184.515
  0.995   730184.522
  0.934   730184.529
  0.959   730184.537
  0.909   730184.543
  0.922   730184.550
  0.927   730184.557
  1.005   730184.564
  1.000   730184.571
  0.872   730184.578
  0.959   730184.585
  0.947   730184.592
  0.972   730184.599
  0.995   730184.606
  0.920   730184.613
  0.853   730184.620
  1.027   730184.626
  0.917   730184.634
  0.998   730184.640
  1.159   730184.647
  1.088   730184.655
  1.043   730184.662
  4.795   730184.669
  1.193   730184.675
  1.042   730184.682
  1.129   730184.690
  1.191   730184.696
  1.244   730184.703
  1.304   730184.710
  1.416   730184.717
  1.273   730184.724
  1.166   730184.731
  1.437   730184.738
  1.428   730184.745
  1.251   730184.751
  1.407   730184.759
  1.394   730184.766
  1.327   730184.772
  1.392   730184.779
  1.702   730184.787
  1.411   730184.794
  1.588   730184.801
  1.822   730184.807
    NaN   730184.815
  1.708   730184.821
  1.555   730184.829
  1.696   730184.835
  1.774   730184.842
  1.775   730184.849
  1.655   730184.856
  1.770   730184.863
  2.037   730184.872
  1.990   730184.877
 24.488   730184.883
  2.107   730184.891
  2.167   730184.899
  2.186   730184.905
  2.115   730184.912
  2.189   730184.918
  2.399   730184.925
  2.223   730184.932
  2.085   730184.939
  2.428   730184.946
  2.133   730184.955
  2.339   730184.960
  2.469   730184.967
  2.339   730184.974
  2.192   730184.981
  2.525   730184.988
  2.496   730184.996
