  0.460   730184.001
  0.449   730184.008
  0.439   730184.015
  0.446   730184.022
  0.458   730184.028
  0.478   730184.036
  0.516   730184.042
  0.506   730184.049
  0.437   730184.056
  0.393   730184.063
  0.482   730184.070
  0.462   730184.078
  0.857   730184.084
  0.515   730184.091
  0.443   730184.098
  0.429   730184.105
  0.473   730184.112
  0.465   730184.119
  0.415   730184.126
  0.463   730184.133
  0.494   730184.140
  0.501   730184.147
  0.503   730184.153
  0.497   730184.162
  0.513   730184.167
  0.530   730184.174
  0.521   730184.181
  0.478   730184.188
  0.447   730184.195
  0.475   730184.203
  0.453   730184.209
  0.493   730184.216
  0.484   730184.223
  4.184   730184.230
 15.624   730184.237
 20.785   730184.245
 20.350   730184.251
 21.529   730184.258
 19.500   730184.265
 20.401   730184.272
 19.690   730184.278
 20.695   730184.286
 20.751   730184.292
 21.074   730184.299
 23.102   730184.306
 18.645   730184.313
 21.417   730184.320
 23.222   730184.329
 19.952   730184.336
 20.285   730184.341
 17.666   730184.348
 21.316   730184.355
 18.137   730184.362
 18.632   730184.370
 17.703   730184.376
 17.516   730184.383
 15.481   730184.390
 16.432   730184.397
 16.314   730184.403
 16.098   730184.412
 15.460   730184.417
 14.637   730184.424
 16.843   730184.431
 19.018   730184.438
 14.417   730184.445
 16.901   730184.454
 17.848   730184.459
 17.240   730184.466
 19.471   730184.473
 15.640   730184.480
 18.688   730184.487
 17.480   730184.494
 18.051   730184.501
 16.256   730184.508
 15.872   730184.515
 17.588   730184.522
 16.992   730184.528
 15.884   730184.536
 15.437   730184.542
 17.179   730184.549
 17.738   730184.556
 18.636   730184.563
 18.862   730184.570
 17.136   730184.578
 13.666   730184.584
 10.286   730184.591
  9.606   730184.598
  5.929   730184.605
  4.437   730184.612
  0.391   730184.619
  0.412   730184.626
  0.405   730184.633
  0.366   730184.640
  0.414   730184.647
  0.426   730184.653
  0.417   730184.661
  0.390   730184.667
  0.404   730184.674
  0.413   730184.681
  0.380   730184.688
  0.412   730184.695
  0.420   730184.703
  0.483   730184.709
  0.465   730184.716
  0.485   730184.723
  0.461   730184.730
  0.479   730184.737
  0.511   730184.744
  0.515   730184.751
  0.463   730184.758
  0.512   730184.765
  0.450   730184.772
  0.463   730184.778
  0.478   730184.786
  0.444   730184.792
  0.582   730184.799
  0.483   730184.806
  0.427   730184.813
  0.453   730184.820
  0.446   730184.828
  0.354   730184.834
  0.376   730184.841
  3.178   730184.848
  0.424   730184.855
  0.353   730184.862
  0.385   730184.870
  0.444   730184.876
 10.557   730184.883
  1.158   730184.890
  0.444   730184.897
  0.395   730184.903
    NaN   730184.911
  8.433   730184.917
  0.445   730184.924
  0.442   730184.931
  0.441   730184.938
  0.454   730184.945
  0.447   730184.953
  0.463   730184.959
  0.563   730184.966
  0.483   730184.973
  0.523   730184.980
  0.450   730184.987
  0.499   730184.995
