  0.470   730041.000
  0.430   730041.000
  0.500   730041.030
  0.440   730041.030
  0.430   730041.040
  0.450   730041.050
  0.450   730041.050
  0.410   730041.060
  0.420   730041.070
  0.460   730041.070
  0.390   730041.080
  0.370   730041.090
  0.380   730041.100
  0.380   730041.100
  0.390   730041.110
  0.390   730041.120
  0.370   730041.120
  0.390   730041.130
  0.400   730041.140
  0.390   730041.140
  0.350   730041.150
  0.350   730041.160
  0.370   730041.160
  0.330   730041.170
  0.350   730041.180
  0.410   730041.190
  0.430   730041.190
  0.370   730041.200
  0.370   730041.210
  0.380   730041.210
  0.380   730041.220
  0.360   730041.230
  0.360   730041.230
  0.390   730041.240
  0.320   730041.250
  0.360   730041.250
  0.360   730041.260
  0.370   730041.270
  0.370   730041.280
  0.360   730041.280
  0.360   730041.290
  0.390   730041.300
  0.330   730041.300
  0.390   730041.310
  0.390   730041.320
  0.420   730041.320
  0.380   730041.330
  0.330   730041.340
  0.410   730041.340
  0.350   730041.360
  0.360   730041.370
  0.340   730041.370
  0.360   730041.380
  0.390   730041.390
  0.350   730041.390
  0.380   730041.400
  0.370   730041.410
  0.390   730041.410
  0.400   730041.420
  0.390   730041.430
  0.380   730041.440
  0.350   730041.440
  0.400   730041.450
  0.390   730041.460
    NaN   730041.460
    NaN   730041.470
  0.440   730041.480
  0.400   730041.480
  0.430   730041.490
  0.420   730041.500
  0.390   730041.500
  0.420   730041.510
  0.410   730041.520
  0.410   730041.530
  0.400   730041.530
  0.440   730041.540
  0.420   730041.550
  0.430   730041.550
  0.430   730041.560
  0.460   730041.570
  0.420   730041.570
  0.390   730041.580
  0.380   730041.590
  0.410   730041.590
  0.420   730041.600
  0.410   730041.610
  0.390   730041.620
  0.400   730041.620
  0.390   730041.630
  0.420   730041.640
  0.390   730041.640
  0.410   730041.650
  0.400   730041.660
  0.360   730041.660
  0.410   730041.670
  0.420   730041.680
  0.350   730041.690
  0.410   730041.690
  0.410   730041.700
  0.410   730041.710
  0.400   730041.710
  0.370   730041.720
  0.350   730041.730
  0.420   730041.730
  0.360   730041.750
  5.920   730041.760
  3.190   730041.770
  0.370   730041.780
  0.340   730041.780
  0.350   730041.790
  0.360   730041.800
  0.340   730041.800
  0.310   730041.810
  0.320   730041.810
  0.320   730041.810
  0.320   730041.810
  0.290   730041.850
  0.300   730041.850
  0.310   730041.850
  0.310   730041.860
  3.900   730041.870
  1.530   730041.870
  0.330   730041.880
  0.310   730041.890
  0.280   730041.890
  0.290   730041.900
  0.310   730041.910
  0.280   730041.910
  0.300   730041.920
  0.310   730041.930
  0.280   730041.940
  0.290   730041.940
  0.260   730041.950
  0.820   730041.960
    NaN   730041.970
    NaN   730041.970
  0.270   730041.980
  0.270   730041.980
  0.300   730041.990
