  0.260   729960.000
  0.070   729960.000
  0.070   729960.010
  0.080   729960.020
  0.060   729960.030
  0.060   729960.030
  0.060   729960.040
  0.050   729960.050
  0.060   729960.050
  0.060   729960.060
  0.060   729960.070
  0.220   729960.070
  0.070   729960.150
  0.080   729960.160
  0.060   729960.160
  0.070   729960.170
  0.050   729960.180
  0.070   729960.180
  0.080   729960.190
  0.060   729960.200
  0.060   729960.210
  0.080   729960.210
  0.070   729960.220
  0.080   729960.230
  0.060   729960.230
  0.060   729960.240
  0.060   729960.250
  0.070   729960.250
  0.070   729960.260
  0.070   729960.270
  0.040   729960.280
  0.050   729960.280
  0.040   729960.290
  0.060   729960.300
  0.030   729960.300
  0.060   729960.310
  0.050   729960.320
  0.060   729960.320
  0.040   729960.330
  0.050   729960.340
  0.050   729960.340
  0.060   729960.350
  0.070   729960.360
  0.060   729960.370
  0.040   729960.370
  0.050   729960.380
  0.060   729960.390
  0.060   729960.390
  0.060   729960.400
  0.070   729960.410
  0.050   729960.410
  0.060   729960.420
  0.050   729960.430
  0.060   729960.430
  0.070   729960.440
  0.050   729960.450
  0.070   729960.460
  0.070   729960.460
  0.070   729960.460
  0.070   729960.460
  0.070   729960.460
  0.070   729960.460
  0.070   729960.460
  0.070   729960.460
  0.070   729960.460
  0.070   729960.460
  0.070   729960.460
  0.070   729960.460
  0.070   729960.460
  0.070   729960.460
  0.070   729960.460
  0.070   729960.460
  0.070   729960.460
  0.070   729960.460
  0.070   729960.460
  0.070   729960.460
  0.070   729960.460
  0.070   729960.460
  0.070   729960.460
  0.070   729960.460
  0.070   729960.460
  0.070   729960.460
  0.070   729960.460
  0.070   729960.460
  0.070   729960.460
  0.070   729960.460
  0.070   729960.460
  0.080   729960.680
  0.080   729960.790
  0.070   729960.800
  0.080   729960.800
  0.080   729960.840
  0.080   729960.840
  0.060   729960.850
  0.070   729960.860
  0.050   729960.870
  0.060   729960.870
  0.070   729960.880
  0.050   729960.890
  0.080   729960.890
  0.070   729960.900
  0.050   729960.910
  0.070   729960.910
  0.060   729960.920
  0.060   729960.930
  0.060   729960.930
  0.070   729960.940
  0.090   729960.950
  0.080   729960.960
  0.080   729960.960
  0.050   729960.970
