    NaN   729960.000
    NaN   729960.000
    NaN   729960.010
    NaN   729960.020
    NaN   729960.030
    NaN   729960.030
    NaN   729960.040
    NaN   729960.050
    NaN   729960.050
    NaN   729960.060
    NaN   729960.070
    NaN   729960.070
    NaN   729960.150
    NaN   729960.160
    NaN   729960.160
    NaN   729960.170
    NaN   729960.180
    NaN   729960.190
    NaN   729960.190
    NaN   729960.200
    NaN   729960.210
    NaN   729960.210
    NaN   729960.220
    NaN   729960.230
    NaN   729960.230
    NaN   729960.240
    NaN   729960.250
    NaN   729960.250
    NaN   729960.260
    NaN   729960.270
    NaN   729960.280
    NaN   729960.280
    NaN   729960.290
    NaN   729960.300
    NaN   729960.300
    NaN   729960.310
    NaN   729960.320
    NaN   729960.320
    NaN   729960.330
    NaN   729960.340
    NaN   729960.350
    NaN   729960.350
    NaN   729960.360
    NaN   729960.370
    NaN   729960.370
    NaN   729960.380
    NaN   729960.390
    NaN   729960.390
    NaN   729960.400
    NaN   729960.410
    NaN   729960.410
    NaN   729960.420
    NaN   729960.430
    NaN   729960.440
    NaN   729960.440
    NaN   729960.450
    NaN   729960.460
    NaN   729960.460
    NaN   729960.460
    NaN   729960.460
    NaN   729960.460
    NaN   729960.460
    NaN   729960.460
    NaN   729960.460
    NaN   729960.460
    NaN   729960.460
    NaN   729960.460
    NaN   729960.460
    NaN   729960.460
    NaN   729960.460
    NaN   729960.460
    NaN   729960.460
    NaN   729960.460
    NaN   729960.460
    NaN   729960.460
    NaN   729960.460
    NaN   729960.460
    NaN   729960.460
    NaN   729960.460
    NaN   729960.460
    NaN   729960.460
    NaN   729960.460
    NaN   729960.460
    NaN   729960.460
    NaN   729960.460
    NaN   729960.460
    NaN   729960.460
    NaN   729960.690
    NaN   729960.790
    NaN   729960.800
    NaN   729960.800
    NaN   729960.840
    NaN   729960.850
    NaN   729960.850
    NaN   729960.860
    NaN   729960.870
    NaN   729960.870
    NaN   729960.880
    NaN   729960.890
    NaN   729960.890
    NaN   729960.900
    NaN   729960.910
    NaN   729960.910
    NaN   729960.920
    NaN   729960.930
    NaN   729960.940
    NaN   729960.940
    NaN   729960.950
    NaN   729960.960
    NaN   729960.960
    NaN   729960.970
