  0.304   730394.000
  0.168   730394.000
  0.295   730394.007
  0.305   730394.014
  0.259   730394.021
  0.286   730394.028
  0.320   730394.035
  0.338   730394.042
  0.274   730394.049
  0.478   730394.055
  0.296   730394.063
  0.284   730394.070
  0.261   730394.077
  7.694   730394.084
  0.298   730394.091
  0.308   730394.098
  0.270   730394.104
  0.251   730394.112
  0.248   730394.118
  0.267   730394.125
  0.240   730394.132
  0.266   730394.139
  0.235   730394.146
  0.259   730394.153
  0.429   730394.160
  0.233   730394.167
  0.221   730394.174
  0.210   730394.181
  0.226   730394.188
  0.347   730394.195
  0.449   730394.202
  0.198   730394.209
  0.188   730394.216
  0.194   730394.222
  0.178   730394.229
  0.199   730394.237
  0.186   730394.244
  0.185   730394.250
  0.181   730394.257
  0.183   730394.264
  0.161   730394.271
  0.203   730394.278
  0.190   730394.285
  0.187   730394.292
  0.207   730394.299
  0.192   730394.306
  0.200   730394.313
  0.194   730394.320
  0.190   730394.327
  0.215   730394.334
  0.214   730394.341
  0.254   730394.348
  0.229   730394.354
  0.239   730394.362
  0.385   730394.362
  0.246   730394.368
  0.277   730394.375
  0.225   730394.382
  0.258   730394.389
  0.290   730394.396
  0.278   730394.403
  0.293   730394.410
  0.279   730394.417
  0.272   730394.424
  0.329   730394.431
  0.270   730394.438
  0.295   730394.445
  0.276   730394.452
  0.276   730394.459
  0.631   730394.466
  0.451   730394.472
  0.238   730394.479
  0.275   730394.487
  0.246   730394.493
  0.248   730394.500
  0.248   730394.507
  0.270   730394.514
  0.271   730394.521
  0.241   730394.528
  0.265   730394.535
  0.262   730394.542
  0.235   730394.549
  0.234   730394.556
  0.285   730394.563
  0.261   730394.570
  0.372   730394.577
  6.122   730394.584
  0.279   730394.591
  0.281   730394.598
  0.251   730394.604
  0.280   730394.612
  0.259   730394.618
  0.246   730394.625
  0.272   730394.632
  0.278   730394.639
  0.269   730394.646
  0.282   730394.653
  0.256   730394.660
  0.236   730394.667
  0.262   730394.674
  0.253   730394.681
  0.242   730394.688
  0.230   730394.695
  0.225   730394.702
  0.223   730394.709
  0.245   730394.716
  0.203   730394.723
  0.210   730394.729
  0.238   730394.737
  0.210   730394.743
  0.193   730394.750
  0.239   730394.757
  0.208   730394.764
  0.208   730394.771
  0.187   730394.778
  0.204   730394.785
  0.184   730394.792
  0.165   730394.799
  0.184   730394.806
  0.201   730394.813
  0.167   730394.820
  0.179   730394.827
  0.184   730394.834
  0.185   730394.841
  0.392   730394.847
  0.169   730394.854
  0.168   730394.862
  0.152   730394.868
  0.171   730394.875
  0.167   730394.882
  0.154   730394.889
  0.227   730394.896
  0.160   730394.903
  0.130   730394.910
  0.208   730394.917
  0.134   730394.924
  0.157   730394.931
  0.126   730394.938
  0.187   730394.945
  0.131   730394.952
  0.149   730394.959
  0.148   730394.966
  0.133   730394.972
  0.142   730394.979
  0.150   730394.987
  0.127   730394.993
