  0.420   730207.102
  0.413   730207.111
  0.410   730207.116
  0.399   730207.117
  0.430   730207.119
  0.448   730207.125
  0.426   730207.132
  0.428   730207.139
  0.387   730207.143
  0.405   730207.146
  0.395   730207.153
  0.415   730207.160
  0.377   730207.167
  0.479   730207.174
  0.447   730207.180
  0.455   730207.187
  0.467   730207.194
  0.455   730207.201
  0.429   730207.209
  0.463   730207.215
  0.422   730207.222
  0.445   730207.229
  0.490   730207.236
  0.459   730207.243
  0.536   730207.250
  0.469   730207.257
  0.450   730207.264
  0.455   730207.271
  0.538   730207.278
  0.523   730207.285
  0.511   730207.292
  0.499   730207.299
  0.550   730207.305
  0.539   730207.312
  0.554   730207.319
  0.531   730207.326
  0.459   730207.334
  0.536   730207.341
  0.542   730207.347
  0.546   730207.354
  0.528   730207.361
  0.516   730207.368
  0.505   730207.375
  0.533   730207.382
  0.539   730207.389
  0.529   730207.396
  0.586   730207.403
  0.587   730207.410
  0.570   730207.417
  0.537   730207.424
  0.547   730207.430
  0.621   730207.444
  0.526   730207.451
  0.530   730207.459
  0.594   730207.465
  0.552   730207.472
  0.606   730207.479
  0.686   730207.486
  0.630   730207.493
  0.596   730207.500
  0.539   730207.507
  0.586   730207.514
  0.570   730207.521
  0.540   730207.528
  0.538   730207.535
  0.626   730207.542
  0.642   730207.548
  0.610   730207.555
  0.658   730207.562
  0.680   730207.569
  0.559   730207.576
  0.595   730207.584
  0.670   730207.590
  0.571   730207.597
  0.597   730207.604
  0.633   730207.611
  0.620   730207.618
  0.670   730207.625
  0.606   730207.632
  0.647   730207.639
  0.646   730207.646
  0.704   730207.653
  0.634   730207.660
  0.601   730207.667
  0.688   730207.674
  0.620   730207.680
  0.630   730207.687
  0.642   730207.694
  0.589   730207.701
  0.600   730207.709
  0.532   730207.715
  0.679   730207.722
  0.594   730207.729
  0.619   730207.736
  0.618   730207.743
  0.659   730207.750
  0.646   730207.757
  0.708   730207.764
  0.737   730207.771
  0.634   730207.778
  0.677   730207.785
  0.600   730207.793
  0.653   730207.799
  0.597   730207.805
  0.744   730207.812
  0.605   730207.819
  0.683   730207.826
  0.676   730207.834
  0.605   730207.840
  0.645   730207.847
  0.675   730207.854
  0.621   730207.861
  0.670   730207.868
  0.618   730207.875
  0.683   730207.882
  0.650   730207.889
  0.719   730207.896
  0.589   730207.903
  0.602   730207.910
  0.595   730207.917
  0.590   730207.924
  0.603   730207.930
    NaN   730207.937
  0.629   730207.944
  0.541   730207.952
  0.639   730207.960
  0.570   730207.965
  0.590   730207.972
  0.600   730207.979
  0.642   730207.986
  0.687   730207.993
