  0.556   730207.103
  0.571   730207.112
  0.537   730207.119
  0.515   730207.121
  0.539   730207.127
  0.487   730207.133
  0.461   730207.140
  0.482   730207.144
  0.481   730207.147
  0.549   730207.154
  0.503   730207.161
  0.551   730207.169
  0.484   730207.174
  0.494   730207.181
  0.506   730207.188
  0.499   730207.195
  0.579   730207.202
  0.507   730207.210
  0.508   730207.216
  0.535   730207.223
  0.519   730207.230
  0.465   730207.237
  0.457   730207.244
  0.461   730207.252
  0.449   730207.258
  0.439   730207.265
  0.389   730207.272
  0.406   730207.278
  0.647   730207.285
  0.367   730207.294
  0.429   730207.299
  0.472   730207.306
  0.344   730207.313
  0.359   730207.320
  0.319   730207.327
  0.330   730207.337
  0.337   730207.342
  0.339   730207.348
  0.338   730207.355
  0.355   730207.362
  0.339   730207.369
  0.372   730207.377
  0.347   730207.383
  0.315   730207.390
  0.358   730207.397
  0.329   730207.403
  0.314   730207.410
  0.308   730207.419
  0.352   730207.424
  0.309   730207.431
  0.339   730207.445
  0.310   730207.452
  0.352   730207.460
  0.306   730207.466
  0.323   730207.473
  0.259   730207.480
  0.353   730207.487
  0.341   730207.494
  0.287   730207.502
  0.291   730207.508
  0.290   730207.515
  0.276   730207.522
  0.310   730207.528
  0.258   730207.535
  0.281   730207.544
  0.268   730207.549
  0.270   730207.556
  0.252   730207.563
  0.267   730207.570
  0.301   730207.577
  0.290   730207.585
  0.290   730207.591
  0.309   730207.598
  0.255   730207.605
  0.255   730207.612
  0.249   730207.619
  0.239   730207.627
  0.283   730207.633
  0.279   730207.640
  0.258   730207.647
  0.251   730207.654
  0.241   730207.660
  0.258   730207.669
    NaN   730207.674
  0.266   730207.681
  0.254   730207.688
  0.243   730207.695
  0.623   730207.702
  0.294   730207.710
  0.284   730207.716
  0.276   730207.723
  0.289   730207.730
  0.341   730207.737
  0.330   730207.744
  0.297   730207.752
  0.273   730207.758
  0.289   730207.765
  0.293   730207.772
  0.387   730207.779
  0.286   730207.787
  0.328   730207.794
  0.296   730207.799
  3.006   730207.806
  0.742   730207.813
  0.399   730207.820
  0.387   730207.827
  0.326   730207.835
  0.354   730207.841
  0.376   730207.848
  0.367   730207.855
  0.285   730207.862
  0.366   730207.869
  0.336   730207.877
  0.373   730207.883
  0.369   730207.890
  0.346   730207.897
  0.364   730207.903
  0.319   730207.910
  0.334   730207.919
  0.314   730207.924
  0.337   730207.931
  0.419   730207.938
  0.321   730207.945
  0.337   730207.953
  0.339   730207.962
  0.409   730207.967
  0.369   730207.973
  0.350   730207.980
  0.374   730207.987
  0.372   730207.994
