  0.050   730207.103
  0.052   730207.112
  0.046   730207.119
  0.048   730207.121
  0.055   730207.127
  0.054   730207.133
  0.054   730207.140
  0.058   730207.144
  0.056   730207.147
  0.052   730207.154
  0.085   730207.161
  0.057   730207.169
  0.058   730207.174
  0.055   730207.181
  0.054   730207.188
  0.049   730207.195
  0.061   730207.202
  0.061   730207.210
  0.054   730207.216
  0.056   730207.223
  0.050   730207.230
  0.050   730207.237
  0.048   730207.244
  0.047   730207.252
  0.046   730207.258
  0.050   730207.265
  0.037   730207.272
  0.085   730207.278
  0.056   730207.285
  0.047   730207.294
  0.041   730207.299
  0.052   730207.306
  0.040   730207.313
  0.042   730207.320
  0.036   730207.327
  0.036   730207.337
  0.047   730207.342
  0.041   730207.348
  0.037   730207.355
  0.039   730207.362
  0.035   730207.369
  0.048   730207.377
  0.037   730207.383
  0.037   730207.390
  0.035   730207.397
  0.038   730207.403
  0.032   730207.410
  0.037   730207.419
  0.036   730207.424
  0.044   730207.431
  0.035   730207.445
  0.032   730207.452
  0.046   730207.460
  0.033   730207.466
  0.034   730207.473
  0.035   730207.480
  0.037   730207.487
  0.036   730207.494
  0.027   730207.502
  0.032   730207.508
  0.032   730207.515
  0.027   730207.522
  0.030   730207.528
  0.033   730207.535
  0.026   730207.544
  0.023   730207.549
  0.022   730207.556
  0.030   730207.563
  0.031   730207.570
  0.036   730207.577
  0.033   730207.585
  0.035   730207.591
  0.026   730207.598
  0.034   730207.605
  0.024   730207.612
  0.032   730207.619
  0.031   730207.627
  0.026   730207.633
  0.030   730207.640
  0.030   730207.647
  0.026   730207.654
  0.026   730207.660
  0.023   730207.669
  0.036   730207.674
  0.026   730207.681
  0.027   730207.688
  0.035   730207.695
  0.077   730207.702
  0.036   730207.710
  0.036   730207.716
  0.028   730207.723
  0.031   730207.730
  0.030   730207.737
  0.036   730207.744
  0.035   730207.752
  0.027   730207.758
  0.029   730207.765
  0.034   730207.772
  0.055   730207.779
  0.040   730207.787
  0.200   730207.794
  0.078   730207.799
  0.308   730207.806
  0.124   730207.813
  0.037   730207.820
  0.042   730207.827
  0.030   730207.835
  0.031   730207.841
  0.039   730207.848
  0.031   730207.855
  0.038   730207.862
  0.033   730207.869
  0.037   730207.877
  0.041   730207.883
  0.038   730207.890
  0.035   730207.897
  0.038   730207.903
  0.049   730207.910
  0.032   730207.919
  0.033   730207.924
  0.040   730207.931
  0.041   730207.938
  0.086   730207.945
  0.183   730207.953
  0.041   730207.962
  0.099   730207.967
  0.096   730207.973
  0.115   730207.980
  0.149   730207.987
  0.167   730207.994
