  1.089   730207.102
  0.066   730207.112
  0.064   730207.116
  0.068   730207.118
  0.061   730207.119
  0.076   730207.126
  0.057   730207.132
  0.060   730207.139
  0.076   730207.143
  0.072   730207.147
  0.068   730207.153
  0.055   730207.160
  0.066   730207.168
  0.851   730207.174
  0.293   730207.181
  1.353   730207.188
  0.067   730207.195
  0.065   730207.202
  0.065   730207.209
  0.084   730207.215
  0.680   730207.222
  0.062   730207.229
  1.114   730207.236
  0.068   730207.243
  0.069   730207.251
  0.263   730207.257
  1.300   730207.264
  0.447   730207.271
  1.178   730207.278
  0.071   730207.285
  0.050   730207.292
  0.104   730207.299
  0.224   730207.306
  0.097   730207.313
  0.804   730207.319
  2.277   730207.326
  0.050   730207.335
  1.675   730207.341
  0.073   730207.347
  0.048   730207.354
  0.738   730207.361
  0.081   730207.368
  0.645   730207.376
  0.069   730207.382
  0.059   730207.389
  0.084   730207.396
  0.080   730207.403
  0.225   730207.410
  1.321   730207.417
  0.062   730207.424
  0.069   730207.430
  0.071   730207.445
  0.048   730207.451
  0.142   730207.459
  0.064   730207.465
  1.165   730207.472
  0.306   730207.479
  0.072   730207.486
  0.151   730207.493
  0.080   730207.501
  0.067   730207.507
  0.073   730207.514
  0.079   730207.521
  0.053   730207.528
  0.063   730207.535
  0.078   730207.542
  0.076   730207.549
  1.351   730207.556
  0.074   730207.563
  0.437   730207.569
  0.072   730207.576
  0.850   730207.584
  0.068   730207.590
  0.322   730207.597
  0.435   730207.604
  0.053   730207.611
  0.059   730207.618
  0.066   730207.626
  0.056   730207.632
  0.062   730207.639
  0.779   730207.646
  0.073   730207.653
  0.067   730207.660
  0.050   730207.667
  0.081   730207.674
  0.070   730207.681
  0.048   730207.688
  0.056   730207.695
  0.037   730207.701
  0.064   730207.709
  0.058   730207.715
  0.066   730207.722
  0.067   730207.729
  0.088   730207.736
  0.577   730207.743
  0.067   730207.751
  0.062   730207.757
  0.067   730207.764
  0.058   730207.771
  0.091   730207.778
  0.067   730207.785
  0.076   730207.793
  0.071   730207.799
  0.074   730207.806
  0.076   730207.813
  0.510   730207.820
  0.073   730207.826
  0.086   730207.834
  0.061   730207.840
  0.064   730207.847
  0.048   730207.854
  0.064   730207.861
  0.083   730207.868
  0.065   730207.876
  0.057   730207.882
  0.077   730207.889
  0.057   730207.896
  0.085   730207.903
  0.070   730207.910
  0.073   730207.917
  0.078   730207.924
  0.057   730207.931
  0.079   730207.938
  0.538   730207.945
  0.053   730207.952
  0.077   730207.960
  0.064   730207.966
  0.081   730207.972
  0.072   730207.979
  0.058   730207.986
  0.074   730207.993
