  0.527   730207.103
  0.838   730207.112
  0.721   730207.119
  0.800   730207.121
  0.794   730207.127
  0.696   730207.133
  0.826   730207.140
  0.780   730207.145
  0.753   730207.148
  0.792   730207.154
  0.655   730207.161
  0.724   730207.169
  0.747   730207.175
  0.709   730207.182
  0.831   730207.188
  0.755   730207.196
  0.778   730207.202
  0.757   730207.211
  0.896   730207.216
  0.825   730207.223
  0.792   730207.230
  0.868   730207.237
  0.781   730207.244
  0.822   730207.252
  0.812   730207.258
  0.733   730207.265
  0.682   730207.272
  0.925   730207.279
  0.857   730207.286
  0.875   730207.294
  0.867   730207.300
  0.732   730207.306
  0.862   730207.313
  0.825   730207.320
  0.823   730207.327
  0.690   730207.337
  0.830   730207.343
  0.803   730207.348
  0.852   730207.355
  0.695   730207.362
  0.840   730207.369
  0.748   730207.377
  0.709   730207.383
  0.724   730207.390
  0.734   730207.397
  0.774   730207.404
  0.911   730207.411
  0.833   730207.419
  0.804   730207.425
  0.770   730207.431
  0.753   730207.445
  0.750   730207.452
  0.844   730207.460
  0.754   730207.466
  0.774   730207.473
  0.802   730207.480
  0.819   730207.487
  0.806   730207.494
  0.848   730207.502
  0.787   730207.508
  0.820   730207.515
  0.878   730207.522
  0.877   730207.529
  0.865   730207.536
  0.774   730207.544
  0.768   730207.550
  0.809   730207.557
  0.768   730207.563
  0.830   730207.570
  0.835   730207.577
  0.798   730207.586
  0.844   730207.591
  0.861   730207.598
  0.778   730207.605
  0.810   730207.612
  0.836   730207.619
  0.850   730207.627
  0.785   730207.633
  0.857   730207.640
  0.906   730207.647
  0.747   730207.654
  0.851   730207.661
  0.723   730207.669
  0.782   730207.675
  0.843   730207.681
  0.803   730207.688
  0.842   730207.695
  0.760   730207.702
  0.758   730207.711
  0.791   730207.716
  0.798   730207.723
  0.810   730207.730
  0.754   730207.737
  0.714   730207.744
  0.744   730207.752
  0.759   730207.758
  0.735   730207.765
  0.790   730207.772
  0.723   730207.779
    NaN   730207.787
  0.731   730207.795
  0.758   730207.800
  1.037   730207.807
  0.778   730207.814
  0.622   730207.820
  0.734   730207.827
  0.784   730207.836
  0.705   730207.841
  0.642   730207.848
  0.737   730207.855
  0.697   730207.862
  0.698   730207.869
  0.708   730207.877
  0.721   730207.883
  0.682   730207.890
  0.699   730207.897
  0.681   730207.904
  0.697   730207.911
  0.627   730207.919
  0.617   730207.925
  0.710   730207.932
  0.781   730207.938
  0.625   730207.945
  0.635   730207.954
  0.722   730207.962
  0.587   730207.967
  0.581   730207.973
  0.652   730207.980
  0.591   730207.987
  0.646   730207.994
