  0.702   730207.103
  3.718   730207.112
  2.055   730207.119
  2.129   730207.121
  2.064   730207.127
  1.983   730207.133
  2.368   730207.140
  2.406   730207.145
  2.259   730207.148
  2.296   730207.154
  2.157   730207.161
  2.218   730207.169
  3.961   730207.175
  2.175   730207.182
  2.196   730207.188
  2.425   730207.196
  2.119   730207.202
  2.458   730207.211
  2.147   730207.216
  2.080   730207.223
  2.537   730207.230
  2.129   730207.237
  1.798   730207.244
  2.210   730207.252
  2.341   730207.258
  2.140   730207.265
  1.814   730207.272
  2.122   730207.279
  2.241   730207.286
  2.426   730207.294
  2.077   730207.300
  3.045   730207.306
  4.959   730207.313
  5.141   730207.320
  2.249   730207.327
  1.903   730207.337
  3.613   730207.343
  2.208   730207.348
  2.272   730207.355
  2.113   730207.362
  4.268   730207.369
  1.946   730207.377
  2.115   730207.383
  2.269   730207.390
  2.288   730207.397
  2.010   730207.404
  2.310   730207.411
  4.863   730207.419
  2.290   730207.425
  2.379   730207.431
  2.549   730207.445
  2.134   730207.452
  2.176   730207.460
  2.309   730207.466
  2.318   730207.473
  2.390   730207.480
  2.316   730207.487
  2.144   730207.494
  2.045   730207.502
  2.360   730207.508
  2.225   730207.515
  5.501   730207.522
  2.293   730207.529
  2.360   730207.536
  2.334   730207.544
  2.302   730207.550
  2.020   730207.557
  2.340   730207.563
  2.288   730207.570
  3.652   730207.577
  2.191   730207.586
  2.227   730207.591
  4.982   730207.598
  2.398   730207.605
  2.472   730207.612
  2.095   730207.619
  2.124   730207.627
  2.200   730207.633
  1.974   730207.640
  2.122   730207.647
  2.428   730207.654
  2.064   730207.661
  2.239   730207.669
  2.165   730207.675
  2.258   730207.681
  3.055   730207.688
  2.300   730207.695
  2.307   730207.702
  2.408   730207.711
  2.551   730207.716
  2.288   730207.723
  2.035   730207.730
  2.472   730207.737
  2.431   730207.744
  2.228   730207.752
  2.671   730207.758
  2.269   730207.765
  2.427   730207.772
  2.244   730207.779
  2.395   730207.787
  2.686   730207.795
  2.506   730207.800
  2.433   730207.807
  2.292   730207.814
  2.953   730207.820
  2.206   730207.827
  2.455   730207.836
  2.360   730207.841
  2.512   730207.848
  2.110   730207.855
  2.107   730207.862
  2.205   730207.869
  2.008   730207.877
  2.206   730207.883
  2.150   730207.890
  2.028   730207.897
  2.190   730207.904
  2.136   730207.911
  2.337   730207.919
  2.088   730207.925
  2.236   730207.932
  2.234   730207.938
    NaN   730207.945
  1.796   730207.954
  1.965   730207.962
  2.160   730207.967
  1.902   730207.973
  1.677   730207.980
  1.456   730207.987
  1.699   730207.994
