  0.448   730207.101
  0.385   730207.104
  0.411   730207.113
  0.432   730207.120
  0.438   730207.122
  0.388   730207.128
  0.419   730207.133
  0.366   730207.140
  0.419   730207.145
  0.406   730207.148
  0.404   730207.155
  0.366   730207.162
  0.383   730207.170
  0.407   730207.175
  0.434   730207.182
  0.426   730207.189
  0.483   730207.196
  0.412   730207.203
  0.442   730207.211
  0.459   730207.217
  0.495   730207.224
  0.442   730207.231
  0.429   730207.238
  0.477   730207.245
  0.451   730207.253
  0.430   730207.259
  0.469   730207.266
  0.452   730207.272
  0.575   730207.279
  0.463   730207.286
  0.527   730207.295
  0.510   730207.300
  0.531   730207.307
  0.527   730207.314
  0.560   730207.321
  0.601   730207.328
  0.525   730207.339
  0.591   730207.343
  0.566   730207.349
  0.564   730207.356
  0.682   730207.363
  0.583   730207.370
  0.574   730207.378
  0.594   730207.384
  0.609   730207.391
  0.599   730207.398
  0.560   730207.404
  0.604   730207.411
  0.653   730207.420
  0.601   730207.425
  0.578   730207.431
  0.629   730207.446
  0.711   730207.453
  0.574   730207.461
  0.706   730207.467
  0.682   730207.474
  0.656   730207.481
  0.618   730207.488
  0.674   730207.495
  0.704   730207.503
  0.729   730207.509
  0.694   730207.516
  0.704   730207.522
  0.739   730207.529
  0.748   730207.536
  0.586   730207.545
  0.780   730207.550
  0.685   730207.557
  0.696   730207.564
  0.689   730207.571
  0.676   730207.578
    NaN   730207.586
  0.705   730207.592
  0.763   730207.599
  0.669   730207.606
  0.730   730207.613
  0.706   730207.620
  0.735   730207.628
  0.819   730207.634
  0.768   730207.641
  0.764   730207.648
  0.813   730207.655
  0.847   730207.661
  0.707   730207.670
  0.837   730207.675
  0.749   730207.682
  0.762   730207.689
  0.733   730207.696
  0.708   730207.703
  0.698   730207.711
  0.671   730207.717
  0.814   730207.724
  0.705   730207.731
  0.756   730207.738
  0.699   730207.745
  0.805   730207.753
  0.771   730207.759
  0.835   730207.766
  0.744   730207.772
  0.757   730207.779
  0.743   730207.788
  0.940   730207.795
  0.867   730207.800
  0.935   730207.807
  0.939   730207.814
  0.677   730207.821
  0.753   730207.828
  0.797   730207.836
  0.863   730207.842
  0.826   730207.849
  0.789   730207.856
  0.783   730207.863
  0.807   730207.870
  0.753   730207.878
  0.756   730207.884
  0.727   730207.891
  0.843   730207.898
  0.692   730207.904
  0.677   730207.911
  0.765   730207.920
  0.759   730207.925
  0.796   730207.932
  0.721   730207.939
  0.773   730207.946
  0.698   730207.955
  0.643   730207.963
  0.759   730207.968
  0.758   730207.974
  0.741   730207.981
  0.751   730207.988
  0.630   730207.995
