  1.123   730207.042
  1.281   730207.060
  1.184   730207.064
  2.571   730207.074
    NaN   730207.083
    NaN   730207.083
  1.064   730207.090
  0.967   730207.096
  0.999   730207.097
  0.988   730207.097
  1.015   730207.099
  1.067   730207.099
  1.093   730207.101
  1.218   730207.104
  1.104   730207.109
  1.135   730207.110
  1.165   730207.111
  1.180   730207.111
  1.097   730207.115
  1.149   730207.117
  1.072   730207.117
  1.070   730207.124
  1.086   730207.131
  1.106   730207.138
  1.175   730207.143
  1.069   730207.145
  1.146   730207.150
  1.246   730207.152
  1.178   730207.159
  1.321   730207.166
  1.873   730207.173
  1.247   730207.180
  1.272   730207.187
  1.260   730207.194
  1.074   730207.201
  1.237   730207.208
  2.442   730207.215
  1.241   730207.222
  1.137   730207.229
  1.444   730207.235
  1.292   730207.242
  1.465   730207.249
  1.318   730207.256
  1.381   730207.263
  1.274   730207.270
  1.216   730207.277
  1.229   730207.284
  1.789   730207.291
  1.539   730207.298
  1.479   730207.305
  1.318   730207.312
  1.906   730207.319
  1.414   730207.326
  1.526   730207.333
  1.564   730207.340
  1.476   730207.347
  1.627   730207.354
  3.519   730207.360
  1.662   730207.367
  1.570   730207.374
  3.189   730207.381
  1.675   730207.388
  1.727   730207.395
  1.660   730207.402
  1.662   730207.409
  1.633   730207.416
  1.698   730207.423
  1.556   730207.430
  1.808   730207.444
  1.892   730207.451
  1.778   730207.458
  1.884   730207.465
  2.152   730207.472
  2.061   730207.479
  1.828   730207.485
  1.893   730207.492
  1.907   730207.499
  2.101   730207.506
  1.987   730207.513
  2.025   730207.520
  2.021   730207.527
  2.010   730207.534
  1.840   730207.541
  2.042   730207.548
  1.762   730207.555
  1.761   730207.562
  1.977   730207.569
  1.844   730207.576
    NaN   730207.583
  1.756   730207.590
  1.660   730207.597
  1.855   730207.604
  1.837   730207.610
  1.860   730207.617
  1.844   730207.624
  2.181   730207.631
  1.829   730207.638
  1.813   730207.645
  1.618   730207.652
  1.675   730207.659
  1.898   730207.666
  2.014   730207.673
  1.695   730207.680
  1.673   730207.687
  1.728   730207.694
  1.789   730207.701
  1.866   730207.708
  1.791   730207.715
  1.897   730207.722
  1.642   730207.729
  1.834   730207.735
  1.754   730207.742
  1.740   730207.749
  1.768   730207.756
  2.051   730207.763
  1.821   730207.770
  1.792   730207.777
  1.596   730207.784
  1.887   730207.791
  1.909   730207.798
  3.785   730207.805
  2.182   730207.812
  2.158   730207.819
  1.772   730207.826
  1.601   730207.833
  1.984   730207.840
  1.809   730207.847
  3.723   730207.854
  2.001   730207.860
  1.840   730207.867
  1.669   730207.874
  1.887   730207.881
  1.835   730207.888
  1.900   730207.895
  1.973   730207.902
  1.870   730207.909
  1.835   730207.916
  1.644   730207.923
  1.789   730207.930
  1.767   730207.937
  1.908   730207.944
  1.872   730207.951
  2.028   730207.958
  1.601   730207.965
  1.791   730207.972
  1.719   730207.979
  1.743   730207.985
  1.932   730207.992
  1.802   730207.999
