  0.192   730417.001
  0.132   730417.001
  0.169   730417.008
  0.178   730417.015
  0.168   730417.021
  0.275   730417.029
  0.176   730417.035
  0.161   730417.042
  0.173   730417.049
  0.152   730417.056
  0.150   730417.063
  0.184   730417.071
  0.170   730417.077
  0.158   730417.084
  0.173   730417.091
  0.190   730417.098
  0.168   730417.105
  0.184   730417.112
  0.168   730417.119
  0.171   730417.126
  0.180   730417.133
  0.186   730417.140
  0.200   730417.146
  0.163   730417.154
  0.210   730417.154
  0.183   730417.160
  0.216   730417.167
  0.198   730417.174
  0.171   730417.181
  0.210   730417.188
  0.190   730417.196
  0.189   730417.202
  0.189   730417.209
  0.190   730417.216
  0.193   730417.223
  0.194   730417.230
  0.186   730417.237
  0.195   730417.244
  0.206   730417.251
  0.176   730417.258
  0.208   730417.265
  0.162   730417.271
  0.239   730417.279
  0.185   730417.285
  0.185   730417.292
  0.174   730417.299
  0.211   730417.306
  0.183   730417.313
  0.237   730417.321
  0.094   730417.327
  0.209   730417.327
  0.232   730417.334
  0.203   730417.341
  0.191   730417.348
  0.202   730417.355
  0.198   730417.362
  0.252   730417.369
  0.191   730417.376
  0.205   730417.383
  0.265   730417.390
  0.210   730417.396
  0.208   730417.404
  0.211   730417.410
  0.189   730417.417
  0.187   730417.424
  0.241   730417.431
  0.199   730417.438
  0.183   730417.446
  0.182   730417.452
  0.208   730417.459
  0.227   730417.466
  0.187   730417.473
  0.187   730417.480
  0.191   730417.487
  0.116   730417.494
  0.198   730417.494
  0.189   730417.501
  0.187   730417.508
  0.202   730417.515
  0.208   730417.522
  0.199   730417.529
  0.194   730417.535
  0.264   730417.542
  0.183   730417.549
  0.192   730417.556
  0.195   730417.563
  0.252   730417.571
  0.227   730417.577
  0.182   730417.584
  0.174   730417.591
  0.168   730417.598
  0.178   730417.605
  0.178   730417.612
  0.183   730417.619
  0.178   730417.626
  0.153   730417.633
  0.172   730417.640
  0.178   730417.647
  0.175   730417.654
  0.095   730417.654
  0.165   730417.661
  0.184   730417.667
  0.168   730417.674
  0.203   730417.681
  0.159   730417.688
  0.167   730417.696
  0.176   730417.702
  0.177   730417.709
  0.195   730417.716
  0.184   730417.723
  0.173   730417.730
  0.170   730417.737
  0.189   730417.744
  0.181   730417.751
  0.173   730417.758
  0.167   730417.765
  0.192   730417.772
  0.173   730417.779
  0.177   730417.785
  0.158   730417.792
  0.166   730417.799
  0.168   730417.806
  0.174   730417.813
  0.164   730417.821
  0.176   730417.821
  0.150   730417.827
  0.161   730417.834
  0.153   730417.841
  1.505   730417.849
  0.161   730417.855
  0.164   730417.863
  0.156   730417.869
  0.136   730417.876
  0.144   730417.883
  0.155   730417.890
  0.151   730417.897
  0.160   730417.904
  0.159   730417.910
  0.160   730417.917
  0.150   730417.924
  0.209   730417.931
  0.158   730417.938
  0.168   730417.946
  0.151   730417.952
  0.150   730417.959
  0.145   730417.966
  0.168   730417.973
  0.153   730417.980
  0.160   730417.988
  0.143   730417.994
