  0.026   730417.007
  0.610   730417.007
  0.055   730417.013
  0.054   730417.020
  0.248   730417.027
  0.050   730417.034
  0.639   730417.041
  0.050   730417.048
  0.048   730417.055
  0.045   730417.062
  0.049   730417.069
  0.070   730417.076
  0.048   730417.083
  0.054   730417.090
  0.816   730417.097
  0.256   730417.104
  0.053   730417.111
  0.052   730417.118
  0.054   730417.125
  0.622   730417.131
  0.607   730417.138
  0.049   730417.145
  0.043   730417.152
  0.032   730417.152
  0.058   730417.159
  0.058   730417.166
  0.062   730417.173
  0.055   730417.180
  0.158   730417.187
  0.080   730417.194
  0.062   730417.201
  0.052   730417.208
  0.051   730417.215
  0.054   730417.222
  0.057   730417.229
  0.052   730417.236
  0.054   730417.243
  0.060   730417.250
  0.062   730417.256
  0.056   730417.263
  0.055   730417.270
  0.053   730417.277
  0.056   730417.284
  0.051   730417.291
  0.051   730417.298
  0.047   730417.305
  0.049   730417.312
  0.050   730417.319
  0.044   730417.326
  0.038   730417.326
  0.040   730417.333
  0.040   730417.340
  0.041   730417.347
  0.036   730417.354
  0.041   730417.361
  0.047   730417.368
  0.041   730417.375
  0.041   730417.382
  0.043   730417.388
  0.045   730417.395
  0.048   730417.402
  0.050   730417.409
  0.046   730417.416
  0.051   730417.423
  0.043   730417.430
  0.048   730417.437
  0.050   730417.444
  0.075   730417.451
  0.053   730417.458
  0.043   730417.465
  0.053   730417.472
  0.056   730417.479
  0.059   730417.486
  0.051   730417.493
  0.040   730417.493
  0.053   730417.500
  0.058   730417.506
  0.056   730417.513
  0.053   730417.520
  0.063   730417.527
  0.053   730417.534
  0.051   730417.541
  0.056   730417.548
  0.054   730417.555
  0.051   730417.562
  0.053   730417.569
  0.053   730417.576
  0.048   730417.583
  0.053   730417.590
  0.045   730417.597
  0.052   730417.604
  0.044   730417.611
  0.053   730417.618
  0.044   730417.625
  0.048   730417.631
  0.049   730417.638
  0.045   730417.645
  0.047   730417.652
  0.018   730417.659
  0.045   730417.659
  0.047   730417.666
  0.050   730417.673
  0.048   730417.680
  0.045   730417.687
  0.050   730417.694
  0.051   730417.701
  0.046   730417.708
  0.046   730417.715
  0.050   730417.722
  0.042   730417.729
  0.041   730417.736
  0.043   730417.743
  0.043   730417.750
  0.045   730417.756
  0.044   730417.763
  0.066   730417.770
  0.047   730417.777
  0.055   730417.784
  0.054   730417.791
  0.055   730417.798
  0.061   730417.805
  0.057   730417.812
  0.040   730417.819
  0.054   730417.819
  0.055   730417.826
  0.052   730417.833
  0.068   730417.840
  0.057   730417.847
  0.062   730417.854
  0.056   730417.861
  0.066   730417.868
  0.077   730417.875
  0.070   730417.882
  0.076   730417.888
  0.080   730417.895
  0.080   730417.902
  0.080   730417.909
  0.090   730417.916
  0.086   730417.923
  0.099   730417.930
  0.099   730417.937
  0.097   730417.944
  0.103   730417.951
  0.089   730417.958
  0.096   730417.965
  0.091   730417.972
  0.086   730417.979
  0.061   730417.986
  0.080   730417.986
  0.078   730417.993
  0.075   730418.000
