  0.021   730417.000
  0.022   730417.007
  0.020   730417.014
  0.019   730417.021
  0.018   730417.028
  0.018   730417.035
  0.020   730417.042
  0.019   730417.049
  0.024   730417.055
  0.021   730417.062
  0.022   730417.070
  0.019   730417.076
  0.018   730417.083
  0.019   730417.090
  0.033   730417.097
  0.018   730417.104
  0.019   730417.111
  0.022   730417.118
  0.027   730417.125
  0.021   730417.132
  0.037   730417.139
  0.026   730417.146
  0.019   730417.153
  0.019   730417.153
  0.019   730417.160
  0.021   730417.167
  0.022   730417.174
  0.018   730417.180
  0.021   730417.187
  0.022   730417.195
  0.019   730417.201
  0.021   730417.208
  0.019   730417.215
  0.020   730417.222
  0.020   730417.229
  0.020   730417.236
  0.020   730417.243
  0.020   730417.250
  0.022   730417.257
  0.022   730417.264
  0.021   730417.271
  0.019   730417.278
  0.019   730417.285
  0.021   730417.292
  0.025   730417.299
  0.020   730417.305
  0.019   730417.312
  0.021   730417.320
  0.018   730417.326
  0.020   730417.326
  0.018   730417.333
  0.019   730417.340
  0.020   730417.347
  0.022   730417.354
  0.019   730417.361
  0.020   730417.368
  2.264   730417.375
  0.020   730417.382
  0.019   730417.389
  0.021   730417.396
  0.020   730417.403
  0.017   730417.410
  0.020   730417.417
  0.020   730417.424
  0.023   730417.431
  0.019   730417.437
  0.022   730417.445
  0.022   730417.451
  0.017   730417.458
  0.018   730417.465
  0.021   730417.472
  0.020   730417.479
  0.021   730417.486
  0.012   730417.493
  0.021   730417.493
  0.019   730417.500
  0.019   730417.507
  0.020   730417.514
  0.020   730417.521
  0.020   730417.528
  0.024   730417.535
  0.022   730417.542
  0.019   730417.549
  0.020   730417.556
  0.018   730417.562
  0.019   730417.570
  0.024   730417.576
  0.018   730417.583
  0.019   730417.590
  0.018   730417.597
  0.019   730417.604
  0.018   730417.611
  0.025   730417.618
  0.019   730417.625
  0.021   730417.632
  0.019   730417.639
  0.019   730417.646
  0.021   730417.653
  0.006   730417.653
  0.019   730417.660
  0.019   730417.667
  0.020   730417.674
  0.020   730417.681
  0.018   730417.687
  0.020   730417.695
  0.022   730417.701
  0.022   730417.708
  0.020   730417.715
  0.020   730417.722
  0.019   730417.729
  0.019   730417.736
  0.021   730417.743
  0.020   730417.750
  0.018   730417.757
  0.020   730417.764
  0.024   730417.771
  0.023   730417.778
  0.020   730417.785
  0.020   730417.792
  0.021   730417.799
  0.026   730417.806
  0.018   730417.812
  0.018   730417.820
  0.018   730417.820
  0.019   730417.826
  0.019   730417.833
  0.018   730417.840
  0.020   730417.848
  0.019   730417.854
  0.029   730417.861
  0.119   730417.868
  2.466   730417.875
  0.023   730417.882
  0.213   730417.889
  0.019   730417.896
  0.020   730417.903
  0.016   730417.910
  0.033   730417.917
  0.017   730417.924
  0.017   730417.931
  0.020   730417.937
  0.019   730417.945
  0.016   730417.951
  0.019   730417.958
  0.024   730417.965
  0.020   730417.972
  0.020   730417.979
  0.004   730417.987
  0.018   730417.987
  0.019   730417.993
