  0.543   730417.002
  0.480   730417.002
  0.662   730417.008
  0.829   730417.015
  0.663   730417.022
  0.733   730417.030
  0.622   730417.036
  0.761   730417.043
  0.687   730417.050
  0.581   730417.056
  0.651   730417.064
  0.655   730417.071
  0.654   730417.078
  0.736   730417.085
  0.787   730417.092
  0.742   730417.099
  0.682   730417.105
  0.716   730417.113
  0.857   730417.119
  0.698   730417.126
  0.768   730417.133
  0.686   730417.140
  0.857   730417.147
  0.884   730417.155
  1.014   730417.155
  0.665   730417.161
  0.698   730417.168
  0.727   730417.175
  0.809   730417.182
  0.889   730417.189
  0.684   730417.196
  0.706   730417.203
  0.640   730417.210
  2.823   730417.217
  0.774   730417.223
  0.787   730417.230
  0.647   730417.238
  0.769   730417.244
  0.759   730417.251
  0.787   730417.258
  0.779   730417.265
  0.645   730417.272
  0.756   730417.280
  0.775   730417.286
  0.632   730417.293
  0.724   730417.300
  0.720   730417.307
  0.788   730417.314
  0.652   730417.322
  0.695   730417.322
  0.644   730417.328
  0.743   730417.335
  0.846   730417.342
  0.849   730417.349
  0.799   730417.355
  0.731   730417.363
  0.722   730417.369
  0.744   730417.376
  0.750   730417.383
  0.748   730417.390
  0.751   730417.397
  0.681   730417.405
  0.789   730417.411
  0.697   730417.418
  0.825   730417.425
  0.763   730417.432
  0.801   730417.439
  0.830   730417.447
  0.751   730417.453
  0.598   730417.460
  0.749   730417.467
  0.792   730417.474
  0.757   730417.481
  1.571   730417.488
  0.746   730417.495
  0.720   730417.495
  0.758   730417.501
  1.160   730417.508
  0.672   730417.515
  0.981   730417.522
  1.073   730417.530
  0.975   730417.536
  1.003   730417.543
  0.772   730417.550
  0.773   730417.557
  0.684   730417.564
  0.646   730417.572
  0.753   730417.578
  0.732   730417.585
  0.660   730417.592
  0.738   730417.599
  0.743   730417.605
  0.708   730417.613
  0.779   730417.619
  0.724   730417.626
  1.060   730417.633
  0.762   730417.640
  0.766   730417.647
  0.773   730417.655
  0.542   730417.655
  0.689   730417.661
  0.715   730417.668
  0.596   730417.675
  0.785   730417.682
  0.698   730417.689
  0.754   730417.697
  0.827   730417.703
  0.735   730417.710
  3.021   730417.717
  0.682   730417.724
  0.683   730417.731
  0.740   730417.738
  0.682   730417.744
  0.736   730417.751
  0.766   730417.758
  0.960   730417.765
  0.655   730417.772
  1.051   730417.780
  0.764   730417.786
  0.677   730417.793
  0.782   730417.800
  0.755   730417.807
  0.657   730417.814
  0.634   730417.822
  1.968   730417.822
  0.654   730417.828
  0.655   730417.835
  0.753   730417.842
  0.693   730417.850
  0.717   730417.856
  0.685   730417.864
  1.214   730417.870
  0.679   730417.877
  0.578   730417.884
  0.618   730417.890
  0.742   730417.897
  0.850   730417.905
  0.743   730417.911
  0.786   730417.918
  0.661   730417.925
  1.595   730417.932
  0.590   730417.939
 72.302   730417.947
  1.227   730417.953
  0.632   730417.960
  0.674   730417.967
  0.902   730417.974
  0.673   730417.980
  0.621   730417.980
  0.478   730417.989
  0.422   730417.994
