  0.532   729381.000
  0.509   729381.010
  0.543   729381.021
  0.602   729381.031
  0.668   729381.052
  0.546   729381.063
  0.584   729381.073
  0.593   729381.083
  0.609   729381.094
  0.719   729381.104
  0.667   729381.115
  0.624   729381.125
  0.698   729381.135
  0.749   729381.146
  0.658   729381.156
  1.424   729381.167
  0.702   729381.177
  0.661   729381.188
  0.665   729381.198
  0.694   729381.208
  1.304   729381.219
  0.679   729381.229
  0.695   729381.240
  0.779   729381.250
  0.742   729381.260
  0.692   729381.271
  0.739   729381.281
  0.821   729381.292
  0.781   729381.302
  0.765   729381.313
  0.801   729381.323
  0.819   729381.333
  0.810   729381.344
  0.777   729381.354
  0.813   729381.365
  0.823   729381.375
  0.854   729381.385
  0.828   729381.396
  0.914   729381.406
  0.948   729381.417
  0.961   729381.427
  0.905   729381.438
  0.867   729381.448
  0.948   729381.458
  1.004   729381.469
  0.952   729381.479
  0.879   729381.490
  0.891   729381.500
  0.824   729381.510
  0.844   729381.521
  0.840   729381.531
  0.803   729381.542
  0.889   729381.552
  0.727   729381.750
  0.651   729381.854
  0.753   729381.865
  0.616   729381.875
    NaN   729381.885
  0.668   729381.896
  0.676   729381.906
  0.667   729381.917
  0.640   729381.927
  0.696   729381.938
  0.631   729381.948
  0.704   729381.958
  0.692   729381.969
  0.689   729381.979
  0.746   729381.990
