  2.250   730018.000
  2.260   730018.000
  2.000   730018.010
  2.210   730018.020
  2.290   730018.020
  2.290   730018.030
  2.160   730018.040
  2.020   730018.050
  2.100   730018.050
  2.870   730018.070
  2.090   730018.090
  2.120   730018.090
  1.920   730018.100
  1.980   730018.110
  1.860   730018.110
  2.140   730018.120
  1.950   730018.130
  1.990   730018.140
  1.870   730018.140
  1.950   730018.150
  1.980   730018.160
  1.960   730018.160
  1.820   730018.170
  1.790   730018.180
  1.880   730018.180
  1.780   730018.190
  1.830   730018.200
  1.880   730018.200
  1.720   730018.210
  1.760   730018.220
  1.620   730018.230
  1.840   730018.230
  1.720   730018.240
  1.620   730018.250
  1.520   730018.250
  1.620   730018.260
  1.870   730018.270
  1.640   730018.270
  1.720   730018.280
  1.810   730018.290
  1.440   730018.300
  1.760   730018.300
  1.540   730018.310
  1.450   730018.320
  1.590   730018.320
  1.570   730018.330
  1.450   730018.340
  1.510   730018.340
  1.550   730018.350
  1.430   730018.360
  1.560   730018.360
  1.360   730018.370
  1.310   730018.380
  1.430   730018.390
  1.340   730018.390
  1.360   730018.400
  1.180   730018.410
  1.240   730018.410
  1.320   730018.420
  1.260   730018.430
  1.260   730018.430
  1.260   730018.440
  1.210   730018.450
  1.250   730018.450
  1.290   730018.460
  1.130   730018.470
  1.090   730018.480
  1.130   730018.480
  1.070   730018.490
  1.010   730018.500
  1.160   730018.500
  1.150   730018.510
  1.100   730018.520
  1.150   730018.520
  1.140   730018.530
  1.150   730018.540
  1.120   730018.550
  1.140   730018.550
  1.060   730018.560
  1.020   730018.570
  1.070   730018.570
  0.980   730018.580
  0.990   730018.590
  0.910   730018.590
  0.950   730018.600
  0.990   730018.610
  0.910   730018.610
  0.970   730018.620
  0.940   730018.630
  0.980   730018.640
  1.030   730018.640
  0.970   730018.650
  0.980   730018.660
  0.960   730018.660
  1.490   730018.670
  1.530   730018.680
  0.980   730018.680
  0.930   730018.690
  1.050   730018.700
  1.080   730018.700
  0.870   730018.710
  0.980   730018.720
  1.070   730018.730
  1.050   730018.730
  1.020   730018.740
  1.100   730018.750
  1.100   730018.750
  1.080   730018.760
  1.000   730018.770
  1.160   730018.770
  1.130   730018.780
  1.100   730018.790
  1.130   730018.800
  1.250   730018.800
    NaN   730018.810
  1.260   730018.820
  1.260   730018.820
  1.290   730018.830
  1.260   730018.840
  1.320   730018.840
  1.280   730018.850
  1.430   730018.860
  1.310   730018.860
  1.280   730018.870
  1.320   730018.880
  1.350   730018.890
  1.260   730018.890
  1.360   730018.900
  1.360   730018.910
  1.170   730018.910
  1.380   730018.920
  1.190   730018.930
  1.130   730018.930
  1.300   730018.940
  1.250   730018.950
  1.280   730018.950
  1.320   730018.960
  1.380   730018.970
  1.240   730018.980
  1.180   730018.980
