  1.020   729814.000
  1.090   729814.000
  0.980   729814.010
  1.010   729814.020
  0.970   729814.020
  1.460   729814.030
  0.960   729814.040
  0.970   729814.050
  0.940   729814.050
  0.930   729814.060
  1.000   729814.070
  0.930   729814.070
  0.960   729814.080
  0.940   729814.090
  0.950   729814.090
  0.880   729814.100
  0.940   729814.110
  0.990   729814.110
  1.010   729814.120
  0.990   729814.130
  0.970   729814.140
  0.930   729814.140
  0.920   729814.150
  0.900   729814.160
  0.970   729814.160
  0.920   729814.170
  0.860   729814.180
  0.930   729814.180
  0.960   729814.190
  1.040   729814.200
  0.970   729814.200
  0.940   729814.210
  1.010   729814.220
  0.910   729814.230
  0.940   729814.230
  0.990   729814.240
  0.880   729814.250
  0.960   729814.250
  0.950   729814.260
  0.870   729814.270
  1.840   729814.270
  9.120   729814.280
 17.080   729814.290
 22.210   729814.300
 24.870   729814.300
 24.160   729814.310
 26.810   729814.320
 27.170   729814.320
 24.010   729814.330
 25.040   729814.340
 25.810   729814.340
 24.470   729814.350
 23.800   729814.360
 25.070   729814.360
 24.660   729814.370
 25.390   729814.380
 24.840   729814.390
 26.120   729814.390
 27.010   729814.400
 26.610   729814.410
 25.680   729814.410
 26.330   729814.420
 25.510   729814.430
 26.050   729814.430
 24.100   729814.440
 26.360   729814.450
 25.330   729814.450
 25.370   729814.460
 26.000   729814.470
 22.150   729814.480
 22.530   729814.480
 25.410   729814.490
 24.460   729814.500
 23.030   729814.500
 27.270   729814.510
 24.110   729814.520
 27.660   729814.520
 25.600   729814.530
 23.650   729814.540
 26.160   729814.550
 27.840   729814.550
 25.360   729814.560
 24.380   729814.570
 26.430   729814.570
 26.880   729814.580
 24.060   729814.590
 24.700   729814.590
 28.810   729814.600
 25.800   729814.610
 26.570   729814.610
 27.480   729814.620
 27.530   729814.630
 25.030   729814.640
 27.200   729814.640
 21.800   729814.650
 23.580   729814.660
 23.400   729814.660
 26.840   729814.670
 23.460   729814.680
 25.230   729814.680
 26.670   729814.690
 22.230   729814.700
 25.480   729814.700
 24.840   729814.710
 26.760   729814.720
 25.680   729814.730
 24.850   729814.730
 24.430   729814.740
 25.300   729814.750
 26.960   729814.750
 25.840   729814.760
 26.020   729814.770
 24.540   729814.770
 25.540   729814.780
 26.070   729814.790
 25.680   729814.800
 25.890   729814.800
 16.370   729814.810
  3.720   729814.820
  0.720   729814.820
  0.710   729814.830
  0.700   729814.840
  0.680   729814.840
  0.700   729814.850
  0.740   729814.860
  0.760   729814.860
  0.580   729814.870
  0.660   729814.880
  4.830   729814.890
  1.330   729814.890
  0.590   729814.900
  0.640   729814.910
    NaN   729814.910
  0.670   729814.920
  0.640   729814.930
  0.690   729814.930
  0.590   729814.940
  0.590   729814.950
  0.580   729814.950
  0.590   729814.960
  0.550   729814.970
  0.540   729814.990
