  1.003   730054.830
  0.979   730054.839
  0.947   730054.846
  1.005   730054.852
  0.929   730054.859
  0.888   730054.867
  0.920   730054.874
  0.926   730054.881
  0.869   730054.887
  0.927   730054.894
  0.860   730054.901
  0.900   730054.908
  0.827   730054.915
  0.840   730054.922
    NaN   730054.929
  0.883   730054.936
  0.866   730054.943
  0.877   730054.950
  0.843   730054.957
  0.795   730054.964
  0.743   730054.971
  0.795   730054.978
  0.802   730054.985
  0.791   730054.992
  0.682   730054.999
