  0.256   730378.001
  0.064   730378.001
  0.247   730378.007
  0.258   730378.014
  0.256   730378.021
  0.269   730378.029
  0.227   730378.035
  0.248   730378.042
  0.265   730378.049
  0.241   730378.056
  0.257   730378.063
  1.538   730378.070
  0.210   730378.077
  0.255   730378.084
  0.258   730378.091
  0.213   730378.098
  0.228   730378.105
  0.231   730378.112
  0.282   730378.118
  0.229   730378.125
  0.221   730378.132
  0.226   730378.139
  0.233   730378.146
  0.221   730378.154
  0.222   730378.160
  0.221   730378.167
  0.226   730378.174
  0.231   730378.181
  0.174   730378.188
  0.210   730378.195
  0.204   730378.202
  0.216   730378.209
  0.218   730378.216
  0.221   730378.223
  0.209   730378.230
  0.205   730378.237
  0.219   730378.243
  0.214   730378.250
  0.207   730378.257
  0.206   730378.264
  0.193   730378.271
  0.210   730378.279
  0.202   730378.285
  0.225   730378.292
  0.201   730378.299
  0.178   730378.306
  0.211   730378.313
  0.189   730378.320
  0.209   730378.327
  0.203   730378.334
  0.219   730378.341
  0.229   730378.348
  0.198   730378.355
  0.223   730378.362
  0.219   730378.368
  0.217   730378.375
  0.204   730378.382
  0.212   730378.389
  0.207   730378.396
  0.186   730378.404
  0.210   730378.410
  0.167   730378.417
  0.198   730378.424
  0.180   730378.431
  0.205   730378.438
  0.170   730378.445
  0.195   730378.452
  0.173   730378.459
  0.176   730378.466
  0.170   730378.473
  0.190   730378.480
  0.179   730378.487
  0.180   730378.493
  0.186   730378.500
  0.164   730378.507
  0.178   730378.514
  0.178   730378.521
  0.177   730378.529
  0.150   730378.535
  0.153   730378.542
  0.161   730378.549
  0.142   730378.556
  0.136   730378.563
  1.102   730378.570
  0.138   730378.577
  0.143   730378.584
  0.124   730378.591
  0.125   730378.598
  0.131   730378.605
  0.126   730378.612
  0.122   730378.618
  0.127   730378.625
  0.105   730378.632
  0.113   730378.639
  0.115   730378.646
  0.110   730378.654
  0.122   730378.660
  0.119   730378.667
  0.108   730378.674
  0.108   730378.681
  0.100   730378.688
  0.106   730378.695
  0.098   730378.702
  0.109   730378.709
  0.113   730378.716
  0.120   730378.723
  0.120   730378.730
  0.123   730378.737
  0.136   730378.743
  0.125   730378.750
  0.137   730378.757
  0.144   730378.764
  0.151   730378.771
  0.149   730378.779
  0.156   730378.785
  0.175   730378.792
  0.194   730378.799
  0.215   730378.806
  0.200   730378.813
  0.219   730378.820
  0.257   730378.827
  0.257   730378.834
  0.235   730378.841
  0.253   730378.848
  0.281   730378.855
  0.227   730378.862
  0.314   730378.868
  0.251   730378.875
  0.245   730378.882
  0.263   730378.889
  0.242   730378.896
  0.249   730378.904
  0.212   730378.910
  0.254   730378.917
  0.220   730378.924
  0.223   730378.931
  0.256   730378.938
  0.275   730378.945
  0.216   730378.952
  0.249   730378.959
  0.251   730378.966
  0.222   730378.973
  0.218   730378.980
  0.249   730378.987
  0.235   730378.994
