  0.607   730378.002
  0.324   730378.002
  0.251   730378.008
  0.204   730378.015
  0.232   730378.022
  0.251   730378.030
  0.541   730378.036
  0.208   730378.043
  0.238   730378.050
  0.249   730378.056
  0.221   730378.064
  0.230   730378.071
  0.242   730378.078
  0.243   730378.085
  0.252   730378.092
  0.243   730378.098
  0.241   730378.105
  0.252   730378.113
  0.263   730378.119
  0.230   730378.126
  0.217   730378.133
  0.237   730378.140
  0.214   730378.147
  0.232   730378.155
  0.229   730378.161
  0.238   730378.168
  0.209   730378.175
  0.197   730378.182
  0.244   730378.189
  0.231   730378.196
  0.228   730378.203
  0.188   730378.210
  0.215   730378.216
  0.210   730378.223
  0.215   730378.230
  0.184   730378.238
  0.219   730378.244
  0.184   730378.251
  0.179   730378.258
  0.195   730378.265
  0.206   730378.272
  0.212   730378.280
  0.179   730378.286
  0.209   730378.293
  0.200   730378.300
  0.206   730378.307
  0.188   730378.314
  0.221   730378.321
  0.216   730378.328
  0.261   730378.335
  0.239   730378.341
  0.246   730378.348
  0.210   730378.355
  0.217   730378.363
  0.223   730378.369
  0.183   730378.376
  0.229   730378.383
  0.204   730378.390
  0.195   730378.397
  0.218   730378.405
  0.223   730378.411
  0.208   730378.418
  0.209   730378.425
  0.192   730378.432
  0.191   730378.439
  0.227   730378.446
  0.228   730378.453
  0.222   730378.460
  0.220   730378.466
  0.247   730378.473
  0.251   730378.480
  0.234   730378.488
  0.259   730378.494
  0.226   730378.501
  0.219   730378.508
  1.925   730378.515
  0.234   730378.522
  0.263   730378.530
  0.244   730378.536
  0.222   730378.543
  0.215   730378.550
  0.235   730378.557
  0.251   730378.564
  0.224   730378.571
  0.232   730378.578
  0.241   730378.585
  0.273   730378.592
  0.259   730378.598
  0.257   730378.605
  0.233   730378.613
  0.243   730378.619
  0.206   730378.626
  0.245   730378.633
  0.252   730378.640
  0.227   730378.647
  0.238   730378.655
  0.476   730378.661
  0.225   730378.668
  0.244   730378.675
  0.296   730378.682
  0.278   730378.689
  0.222   730378.696
  0.226   730378.703
  0.218   730378.710
  0.224   730378.717
  0.259   730378.723
  0.266   730378.730
  0.289   730378.738
  0.251   730378.744
  0.297   730378.751
  0.287   730378.758
  0.240   730378.765
  0.295   730378.772
  0.297   730378.780
  0.254   730378.786
  0.271   730378.793
  0.252   730378.800
  0.292   730378.807
  0.299   730378.814
  0.257   730378.821
  0.341   730378.828
  0.287   730378.835
  0.325   730378.842
  0.322   730378.848
  0.279   730378.855
  3.470   730378.863
  5.536   730378.869
  0.332   730378.876
  0.288   730378.883
  0.336   730378.890
  0.401   730378.897
  0.375   730378.905
  0.360   730378.911
  0.339   730378.918
  0.386   730378.925
  0.424   730378.932
  0.413   730378.939
  0.370   730378.947
  0.389   730378.953
  0.370   730378.960
  0.384   730378.967
  0.371   730378.974
  0.350   730378.980
  0.392   730378.988
  0.332   730378.994
