  0.115   730378.000
  0.110   730378.007
  0.114   730378.014
  0.127   730378.021
  0.113   730378.028
  0.115   730378.035
  0.121   730378.042
  0.115   730378.049
  0.106   730378.055
  0.109   730378.062
  0.114   730378.070
  0.109   730378.076
  0.118   730378.083
  0.103   730378.090
  0.114   730378.097
  0.113   730378.104
  0.099   730378.111
  0.091   730378.118
  0.549   730378.125
  0.092   730378.132
  0.102   730378.139
  0.103   730378.146
  0.097   730378.153
  0.082   730378.160
  0.094   730378.167
  0.080   730378.174
  0.089   730378.180
  0.075   730378.187
  0.088   730378.195
  0.072   730378.201
  0.075   730378.208
  0.101   730378.215
  0.074   730378.222
  0.068   730378.229
  0.081   730378.236
  0.068   730378.243
  0.075   730378.250
  0.072   730378.257
  0.076   730378.264
  0.080   730378.271
  0.072   730378.278
  0.084   730378.285
  0.075   730378.292
  0.079   730378.299
  0.081   730378.305
  0.070   730378.312
  0.070   730378.320
  0.070   730378.326
  0.068   730378.333
  0.068   730378.340
  0.069   730378.347
  0.076   730378.354
  0.068   730378.361
  0.071   730378.368
  0.075   730378.375
  0.081   730378.382
  0.082   730378.389
  0.083   730378.396
  0.078   730378.403
  0.084   730378.410
  0.080   730378.417
  0.078   730378.424
  0.086   730378.430
  0.084   730378.437
  0.075   730378.445
  0.076   730378.451
  0.079   730378.458
  0.074   730378.465
  0.085   730378.472
  0.072   730378.479
  0.074   730378.486
  0.078   730378.493
  0.074   730378.500
  0.079   730378.507
  0.069   730378.514
  0.080   730378.521
  0.068   730378.528
  0.072   730378.535
  0.082   730378.542
  0.076   730378.549
  0.084   730378.555
  0.112   730378.562
  0.085   730378.570
  0.083   730378.576
  0.087   730378.583
  0.088   730378.590
  0.087   730378.597
  0.085   730378.604
  0.090   730378.611
  0.085   730378.618
  0.086   730378.625
  0.086   730378.632
  0.093   730378.639
  0.652   730378.646
  0.075   730378.653
  0.089   730378.660
  0.085   730378.667
  0.080   730378.674
  0.080   730378.680
  0.084   730378.687
  0.322   730378.695
  0.078   730378.701
  0.080   730378.708
  0.079   730378.715
  0.085   730378.722
  0.079   730378.729
  0.121   730378.736
  0.075   730378.743
  0.081   730378.750
  0.079   730378.757
  0.089   730378.764
  0.078   730378.771
  0.072   730378.778
  0.073   730378.785
  0.078   730378.792
  0.066   730378.799
  0.070   730378.806
  0.073   730378.812
  0.072   730378.820
  0.080   730378.826
  0.074   730378.833
  0.067   730378.840
  0.072   730378.847
  0.072   730378.854
  0.074   730378.861
  0.077   730378.868
  0.071   730378.875
  0.072   730378.882
  0.071   730378.889
  0.069   730378.896
  0.069   730378.903
  0.069   730378.910
  0.068   730378.917
  0.062   730378.924
  0.060   730378.931
  1.403   730378.938
  0.066   730378.945
  0.061   730378.951
  0.059   730378.958
  0.061   730378.965
  0.053   730378.972
  0.054   730378.979
  0.064   730378.986
  0.049   730378.993
