  0.174   730378.006
  0.418   730378.006
  0.412   730378.013
  0.647   730378.020
  0.567   730378.027
  0.445   730378.027
  0.467   730378.034
  0.391   730378.041
  0.442   730378.048
  0.353   730378.055
  0.427   730378.062
  0.375   730378.069
  0.459   730378.076
  0.312   730378.083
  0.265   730378.083
  0.388   730378.090
  0.368   730378.097
  0.402   730378.104
  0.361   730378.110
  0.324   730378.110
  0.425   730378.117
  0.399   730378.124
  0.530   730378.131
  0.380   730378.138
  0.274   730378.138
  0.625   730378.145
  0.386   730378.152
  0.388   730378.159
  0.253   730378.166
  0.268   730378.166
  0.043   730378.173
  0.380   730378.173
  0.374   730378.180
  0.354   730378.187
  0.291   730378.194
  0.385   730378.194
  0.516   730378.201
  0.335   730378.208
  0.353   730378.215
  0.148   730378.222
  0.233   730378.222
  0.192   730378.222
  0.335   730378.229
  0.297   730378.236
  0.307   730378.242
  0.110   730378.249
  0.322   730378.249
  0.324   730378.256
  0.375   730378.263
  0.286   730378.270
  0.200   730378.270
  0.193   730378.277
  0.265   730378.277
  0.361   730378.284
  0.359   730378.291
  0.208   730378.298
  0.277   730378.298
  0.321   730378.305
  0.367   730378.312
  0.326   730378.319
  0.126   730378.319
  0.269   730378.326
  0.177   730378.326
  0.362   730378.333
  0.348   730378.340
  0.301   730378.347
  0.161   730378.347
  0.358   730378.354
  0.308   730378.361
  0.338   730378.367
  0.230   730378.374
  0.255   730378.374
  0.296   730378.381
  0.306   730378.388
  0.319   730378.395
  0.105   730378.395
  0.200   730378.402
  0.261   730378.402
  0.304   730378.409
  0.329   730378.416
  0.319   730378.423
  0.181   730378.423
  0.274   730378.430
  0.310   730378.437
  0.289   730378.444
  0.157   730378.451
  0.255   730378.451
  0.242   730378.458
  0.236   730378.458
  0.291   730378.465
  0.323   730378.472
  0.099   730378.479
  0.300   730378.479
  0.255   730378.485
  0.307   730378.492
  0.207   730378.499
  0.229   730378.499
  0.171   730378.506
  0.272   730378.506
  0.295   730378.513
  0.163   730378.520
  0.297   730378.520
  0.285   730378.527
  0.178   730378.534
  0.182   730378.534
  0.266   730378.541
  0.195   730378.548
  0.164   730378.548
  0.276   730378.555
  0.273   730378.562
  0.271   730378.569
  0.107   730378.576
  0.277   730378.576
  0.119   730378.583
  0.239   730378.583
  0.263   730378.590
  0.249   730378.597
  0.130   730378.597
  0.306   730378.604
  0.278   730378.610
  0.232   730378.617
  0.201   730378.624
  0.208   730378.624
  0.281   730378.631
  0.270   730378.638
  0.250   730378.645
  0.154   730378.645
  0.285   730378.652
  0.259   730378.659
  0.258   730378.666
  0.020   730378.666
  0.261   730378.673
  0.243   730378.680
  0.265   730378.687
  0.207   730378.694
  0.198   730378.694
  0.234   730378.701
  0.264   730378.708
  0.227   730378.715
  0.071   730378.722
  0.238   730378.722
  0.213   730378.729
  0.237   730378.735
  0.169   730378.742
  0.170   730378.742
  0.184   730378.749
  0.133   730378.749
  0.216   730378.756
  0.207   730378.763
  0.238   730378.770
  0.183   730378.770
  0.175   730378.777
  0.202   730378.784
  0.155   730378.791
  0.151   730378.791
  0.228   730378.798
  0.148   730378.805
  0.128   730378.805
  0.208   730378.812
  0.083   730378.812
  0.209   730378.819
  0.230   730378.826
  0.224   730378.833
  0.137   730378.840
  0.147   730378.840
  0.208   730378.847
  0.239   730378.854
  0.262   730378.861
  0.107   730378.861
  0.205   730378.867
  0.171   730378.867
  0.221   730378.874
  0.208   730378.881
  0.136   730378.888
  0.150   730378.888
  0.215   730378.895
  0.210   730378.902
  0.212   730378.909
  0.032   730378.916
  0.220   730378.916
  0.198   730378.923
  0.206   730378.930
  0.182   730378.937
  0.137   730378.937
  0.228   730378.944
  0.241   730378.951
  0.237   730378.958
  0.087   730378.965
  0.203   730378.965
  0.088   730378.972
  0.262   730378.972
  0.246   730378.979
  0.266   730378.986
  0.063   730378.992
  0.791   730378.992
  0.225   730378.999
