  0.293   730378.001
  0.175   730378.001
  0.254   730378.008
  0.286   730378.015
  0.284   730378.022
  0.279   730378.029
  0.363   730378.036
  0.297   730378.043
  0.261   730378.050
  0.281   730378.056
  0.232   730378.063
  0.263   730378.071
  0.243   730378.077
  0.232   730378.084
  0.226   730378.091
  0.218   730378.098
  0.214   730378.105
  0.224   730378.113
  0.215   730378.119
  0.210   730378.126
  0.232   730378.133
  0.212   730378.140
  0.181   730378.147
  0.195   730378.154
  0.171   730378.161
  0.193   730378.168
  0.171   730378.175
  0.185   730378.181
  0.203   730378.188
  0.167   730378.196
  0.188   730378.202
  0.175   730378.209
  0.162   730378.216
  0.159   730378.223
  0.158   730378.230
  0.181   730378.238
  0.181   730378.244
  0.172   730378.251
  0.197   730378.258
  0.186   730378.265
  0.189   730378.272
  0.177   730378.279
  0.179   730378.286
  0.195   730378.293
  2.981   730378.300
  0.191   730378.306
  0.160   730378.313
  0.176   730378.321
  0.160   730378.327
  0.157   730378.334
  0.160   730378.341
  0.173   730378.348
  0.157   730378.355
  0.165   730378.363
  0.139   730378.369
  0.163   730378.376
  0.162   730378.383
  0.164   730378.390
  0.138   730378.397
  0.187   730378.404
  0.151   730378.411
  0.176   730378.418
  0.180   730378.425
  0.198   730378.431
  0.175   730378.438
  0.223   730378.446
  0.214   730378.452
  0.208   730378.460
  0.225   730378.466
  0.231   730378.473
  0.257   730378.480
  0.266   730378.488
  0.263   730378.494
  0.288   730378.501
  0.277   730378.508
  0.722   730378.515
  0.252   730378.522
  0.318   730378.529
  0.274   730378.536
  0.272   730378.543
  0.301   730378.550
  0.281   730378.556
  0.258   730378.563
  0.265   730378.571
  0.255   730378.577
  0.255   730378.584
  0.244   730378.591
  0.275   730378.598
  0.238   730378.605
  0.255   730378.613
  0.243   730378.619
  0.246   730378.626
  0.262   730378.633
  0.265   730378.640
  0.280   730378.647
  0.277   730378.654
  0.257   730378.661
  0.279   730378.668
  0.264   730378.675
  0.252   730378.681
  0.273   730378.688
  0.292   730378.696
  0.281   730378.702
  0.265   730378.709
  0.322   730378.716
  0.258   730378.723
  0.239   730378.730
  0.258   730378.738
  0.285   730378.744
  0.271   730378.751
  0.288   730378.758
  0.259   730378.765
  0.279   730378.772
  0.258   730378.779
  0.259   730378.786
  0.262   730378.793
  3.925   730378.800
  0.250   730378.807
  0.268   730378.814
  0.268   730378.821
  0.304   730378.827
  0.263   730378.834
  0.275   730378.841
  0.248   730378.848
  0.303   730378.855
  1.127   730378.863
  0.321   730378.869
  0.257   730378.876
  0.293   730378.883
  0.294   730378.890
  0.268   730378.897
  0.286   730378.904
  0.268   730378.911
  0.265   730378.918
  0.298   730378.925
  0.298   730378.932
  0.305   730378.939
  0.276   730378.946
  0.309   730378.952
  0.340   730378.959
  0.285   730378.966
  0.327   730378.973
  0.301   730378.980
  0.321   730378.988
  0.327   730378.994
