  0.560   730198.001
  0.548   730198.008
  0.558   730198.016
  0.501   730198.023
  0.478   730198.029
  0.494   730198.038
  4.402   730198.043
  0.480   730198.051
  0.524   730198.057
  0.617   730198.064
  0.474   730198.071
  0.466   730198.079
  0.474   730198.085
  0.481   730198.092
  0.471   730198.099
  3.733   730198.106
  0.430   730198.113
  0.468   730198.121
  0.502   730198.127
  0.519   730198.134
  0.456   730198.141
  0.484   730198.148
  0.439   730198.155
  0.432   730198.162
  0.437   730198.168
  0.446   730198.175
  0.436   730198.182
  0.413   730198.190
  0.489   730198.197
  0.422   730198.204
  0.440   730198.210
  0.431   730198.217
  0.434   730198.224
  0.425   730198.231
  0.395   730198.238
  0.382   730198.247
  0.418   730198.251
  0.456   730198.259
  0.410   730198.266
  0.492   730198.272
  0.427   730198.279
  0.401   730198.288
  0.403   730198.293
  0.406   730198.301
  0.406   730198.307
  0.381   730198.314
  0.435   730198.321
  0.439   730198.331
  0.481   730198.338
  0.436   730198.342
  0.457   730198.349
  0.436   730198.356
  0.491   730198.363
  0.462   730198.372
  0.507   730198.377
  0.462   730198.383
  0.556   730198.391
  0.513   730198.397
  0.513   730198.404
  0.482   730198.412
  0.510   730198.423
  0.472   730198.429
  0.483   730198.443
  0.476   730198.449
  0.506   730198.460
  0.446   730198.465
  0.478   730198.485
  0.480   730198.499
  0.464   730198.508
  0.484   730198.513
  0.507   730198.532
  0.559   730198.550
  0.533   730198.557
  0.583   730198.561
  0.515   730198.567
  0.617   730198.590
  0.585   730198.606
  0.538   730198.613
  0.508   730198.622
  0.577   730198.627
  0.563   730198.634
  0.573   730198.641
  0.577   730198.647
  0.597   730198.654
  0.561   730198.662
  0.511   730198.668
  0.556   730198.675
  0.548   730198.682
  0.508   730198.689
  0.579   730198.696
  0.823   730198.704
  0.539   730198.710
  0.535   730198.717
  0.580   730198.724
  0.481   730198.731
  0.520   730198.738
  0.547   730198.746
  0.442   730198.751
  0.506   730198.758
    NaN   730198.766
  0.523   730198.772
  0.478   730198.780
  0.511   730198.787
  0.537   730198.793
  0.541   730198.801
  0.521   730198.808
  0.548   730198.815
  0.513   730198.822
  0.575   730198.829
  0.564   730198.835
  0.464   730198.842
  0.501   730198.849
  0.544   730198.856
  0.562   730198.863
  0.504   730198.871
  0.616   730198.876
  0.483   730198.883
  0.611   730198.890
  0.547   730198.898
  0.461   730198.904
  0.535   730198.912
  0.467   730198.918
  0.468   730198.926
  0.524   730198.932
  0.549   730198.939
  0.445   730198.947
  0.517   730198.955
  0.556   730198.960
  0.514   730198.967
  0.555   730198.974
  0.740   730198.981
  0.485   730198.988
  0.469   730198.996
