  1.034   730198.001
  1.038   730198.008
  1.083   730198.015
  1.080   730198.022
  1.008   730198.028
    NaN   730198.037
  2.298   730198.042
  1.014   730198.050
  1.269   730198.057
  1.133   730198.063
  1.107   730198.071
  1.014   730198.078
  1.070   730198.084
  1.022   730198.092
  1.079   730198.099
  0.980   730198.106
  1.093   730198.112
  1.085   730198.120
  1.135   730198.126
  1.004   730198.133
  1.055   730198.140
  1.044   730198.147
  0.970   730198.154
  1.082   730198.162
  0.966   730198.167
  0.954   730198.174
  0.990   730198.181
  0.986   730198.189
  0.885   730198.196
  1.052   730198.203
  0.972   730198.210
  0.882   730198.217
  0.870   730198.224
  0.966   730198.231
  0.873   730198.238
  0.945   730198.246
  0.898   730198.251
  1.072   730198.258
  0.991   730198.265
  0.861   730198.272
  1.043   730198.279
  0.931   730198.287
  0.961   730198.292
  0.855   730198.300
  0.890   730198.307
  0.893   730198.314
  0.891   730198.320
  0.786   730198.329
  0.930   730198.336
  0.885   730198.342
  0.902   730198.349
  0.839   730198.355
  0.889   730198.363
  0.841   730198.370
  0.947   730198.376
  0.898   730198.383
  0.912   730198.390
  0.906   730198.397
  0.894   730198.403
  0.854   730198.412
  0.930   730198.422
  0.841   730198.428
  0.843   730198.436
  0.845   730198.442
  0.815   730198.464
  0.825   730198.484
  0.889   730198.492
  0.891   730198.499
  0.815   730198.505
  0.897   730198.517
  0.943   730198.531
  2.379   730198.540
  0.911   730198.560
  0.954   730198.583
  0.942   730198.587
  0.854   730198.603
  0.775   730198.606
  0.771   730198.612
  0.899   730198.620
  0.938   730198.626
  0.863   730198.633
  0.867   730198.640
  0.828   730198.647
  0.881   730198.654
  0.990   730198.662
  0.855   730198.668
  0.832   730198.675
  0.814   730198.682
  0.858   730198.689
  0.875   730198.695
  0.798   730198.703
  0.906   730198.710
  0.833   730198.717
  0.881   730198.724
  0.908   730198.731
  0.823   730198.738
  0.935   730198.745
  0.904   730198.751
  0.885   730198.758
  0.763   730198.765
  0.822   730198.772
  0.885   730198.779
  0.841   730198.787
  0.721   730198.792
  0.704   730198.800
  0.830   730198.807
  0.826   730198.814
  0.838   730198.821
  0.903   730198.828
  0.803   730198.834
  0.745   730198.841
  0.776   730198.849
  0.820   730198.855
  0.777   730198.863
  0.776   730198.870
  0.854   730198.876
  0.736   730198.883
  0.749   730198.890
  0.706   730198.897
  0.725   730198.903
  0.795   730198.912
  0.727   730198.918
  0.845   730198.925
  0.756   730198.932
  0.634   730198.938
  0.738   730198.946
  0.765   730198.953
  0.658   730198.959
  0.716   730198.966
  0.791   730198.974
  0.795   730198.981
  0.805   730198.988
  0.794   730198.995
