  1.386   730055.006
  1.297   730055.013
  1.370   730055.020
  1.254   730055.026
  1.331   730055.034
  1.286   730055.040
  1.406   730055.047
  1.283   730055.055
  1.325   730055.061
  1.190   730055.068
  1.354   730055.075
  1.414   730055.082
  1.336   730055.089
  1.506   730055.096
  1.434   730055.103
  1.395   730055.110
  1.405   730055.117
  1.310   730055.124
  1.577   730055.131
  1.593   730055.137
  1.414   730055.144
  1.606   730055.151
  1.619   730055.158
  1.740   730055.165
  1.607   730055.172
  1.590   730055.180
  1.606   730055.186
  1.516   730055.194
  1.613   730055.201
  1.636   730055.207
  1.643   730055.214
  1.517   730055.221
  1.781   730055.228
  1.793   730055.235
  1.746   730055.242
  1.725   730055.249
  1.715   730055.256
  1.738   730055.263
  1.860   730055.269
  1.631   730055.276
  1.931   730055.284
  1.946   730055.291
  1.969   730055.298
  1.947   730055.305
  1.838   730055.311
  2.062   730055.318
  2.029   730055.325
  2.021   730055.332
  2.196   730055.339
  2.208   730055.346
  2.146   730055.353
  2.202   730055.360
  2.088   730055.367
  2.079   730055.374
  2.062   730055.381
  2.120   730055.388
  2.455   730055.394
  2.466   730055.401
  2.420   730055.408
  2.588   730055.415
  2.749   730055.422
  2.772   730055.429
  2.774   730055.436
  2.521   730055.443
  2.891   730055.451
  2.649   730055.457
  3.015   730055.464
  2.767   730055.471
  2.936   730055.478
  2.750   730055.485
  2.775   730055.492
  2.939   730055.499
  3.243   730055.506
  3.395   730055.512
  2.950   730055.519
  3.053   730055.526
  2.865   730055.533
  3.150   730055.540
  2.843   730055.547
  2.888   730055.554
  2.650   730055.561
  2.735   730055.568
  2.987   730055.575
  3.257   730055.582
  2.938   730055.589
  3.059   730055.596
  2.895   730055.603
  2.960   730055.610
  3.070   730055.617
  3.095   730055.624
  3.005   730055.631
  2.991   730055.637
  3.090   730055.644
  3.192   730055.651
  3.043   730055.658
  3.119   730055.665
  3.149   730055.672
  3.301   730055.679
  3.014   730055.686
  3.237   730055.693
  2.926   730055.700
  2.768   730055.707
  3.008   730055.714
  2.950   730055.721
  2.895   730055.728
  3.268   730055.735
  3.061   730055.742
  2.936   730055.749
  2.816   730055.756
  2.714   730055.763
  3.129   730055.769
  3.217   730055.776
  2.748   730055.784
  2.896   730055.790
  3.202   730055.797
  2.981   730055.805
    NaN   730055.811
  2.756   730055.818
  2.777   730055.825
  2.601   730055.832
  3.085   730055.839
  2.795   730055.846
  2.695   730055.853
  2.779   730055.860
  2.805   730055.867
  2.690   730055.874
  2.810   730055.881
  2.778   730055.888
  2.636   730055.894
  2.931   730055.901
  2.810   730055.909
  2.592   730055.915
  2.803   730055.923
  2.660   730055.930
  2.981   730055.937
  3.125   730055.944
  2.996   730055.950
  2.893   730055.957
  3.028   730055.964
  2.671   730055.971
  2.834   730055.978
  2.850   730055.985
  2.841   730055.992
  3.091   730055.999
