  0.291   730055.006
  0.293   730055.013
  0.295   730055.020
  0.295   730055.026
  0.287   730055.034
  0.291   730055.040
  0.301   730055.047
  0.281   730055.055
  0.252   730055.061
  0.278   730055.068
  0.298   730055.075
  0.310   730055.082
  0.309   730055.089
  0.288   730055.096
  0.307   730055.103
    NaN   730055.110
    NaN   730055.117
  0.252   730055.124
  0.246   730055.131
  0.273   730055.137
  0.269   730055.144
  0.286   730055.151
  0.292   730055.158
  0.315   730055.165
  0.289   730055.172
  0.302   730055.180
  0.276   730055.186
  0.281   730055.194
  0.279   730055.201
  0.326   730055.207
  0.316   730055.214
  0.313   730055.221
  0.289   730055.228
  0.301   730055.235
  0.312   730055.242
  0.306   730055.249
  0.299   730055.256
  0.332   730055.263
  0.322   730055.269
  0.331   730055.276
  0.327   730055.284
  0.354   730055.291
  0.293   730055.298
  0.334   730055.305
  0.346   730055.311
  0.317   730055.318
  0.368   730055.325
  0.349   730055.332
  0.311   730055.339
  0.350   730055.346
  0.295   730055.353
  0.323   730055.360
  0.335   730055.367
  0.329   730055.374
  0.329   730055.381
  0.349   730055.388
  0.335   730055.394
  0.338   730055.401
  0.387   730055.408
  0.370   730055.415
  0.398   730055.422
  0.377   730055.429
  0.408   730055.436
  0.419   730055.443
  0.385   730055.451
  0.391   730055.457
  0.391   730055.464
  0.388   730055.471
  0.426   730055.478
  0.445   730055.485
  0.423   730055.492
  0.458   730055.499
  0.482   730055.506
  0.501   730055.512
  0.469   730055.519
  0.493   730055.526
  0.435   730055.533
  0.461   730055.540
  0.477   730055.547
  0.406   730055.554
  0.466   730055.561
  0.524   730055.568
  0.470   730055.575
  0.434   730055.582
  0.430   730055.589
  0.508   730055.596
  0.455   730055.603
  0.508   730055.610
  0.486   730055.617
  0.524   730055.624
  0.462   730055.631
  0.455   730055.637
  0.496   730055.644
  0.481   730055.651
  0.439   730055.658
  0.476   730055.665
  0.504   730055.672
  0.448   730055.679
  0.502   730055.686
  0.458   730055.693
  0.452   730055.700
  0.407   730055.707
  0.481   730055.714
  0.522   730055.721
  0.455   730055.728
  0.503   730055.735
  0.470   730055.742
  0.480   730055.749
  0.486   730055.756
  0.454   730055.763
  0.493   730055.769
  0.474   730055.776
  0.497   730055.784
  0.420   730055.790
  0.442   730055.797
  0.462   730055.805
  0.500   730055.811
  0.529   730055.818
  0.478   730055.825
  0.523   730055.832
  0.506   730055.839
  0.537   730055.846
  0.513   730055.853
  0.507   730055.860
  0.515   730055.867
  0.504   730055.874
  0.514   730055.881
  0.463   730055.888
  0.492   730055.894
  0.504   730055.901
  0.504   730055.909
  0.482   730055.915
  0.487   730055.923
  0.492   730055.930
  0.506   730055.937
  0.464   730055.944
  0.432   730055.950
  0.409   730055.957
  0.474   730055.964
  0.482   730055.971
  0.464   730055.978
  0.479   730055.985
  0.434   730055.992
  0.457   730055.999
