  0.870   730055.005
  0.831   730055.012
  0.810   730055.019
  0.809   730055.026
  0.819   730055.033
  0.877   730055.040
  0.850   730055.047
  0.861   730055.054
  0.845   730055.061
  0.806   730055.067
  0.815   730055.075
  0.834   730055.082
  0.827   730055.088
  0.944   730055.096
  0.830   730055.103
  0.835   730055.109
  0.942   730055.117
  0.903   730055.124
  0.892   730055.130
  0.846   730055.137
  0.740   730055.144
  0.830   730055.151
  0.896   730055.158
  0.800   730055.165
  0.824   730055.172
  0.872   730055.179
  0.859   730055.186
  0.922   730055.193
  0.862   730055.200
  0.862   730055.207
  0.892   730055.213
  0.854   730055.221
  0.921   730055.228
  0.922   730055.234
  0.942   730055.242
  0.807   730055.249
  0.874   730055.256
  0.791   730055.262
  0.951   730055.269
  0.838   730055.276
  0.946   730055.283
  0.995   730055.291
  0.943   730055.298
  0.974   730055.305
  1.060   730055.311
  1.049   730055.317
  0.992   730055.325
  1.000   730055.332
  0.933   730055.338
  0.871   730055.346
  0.975   730055.353
  0.958   730055.359
  0.947   730055.367
  0.977   730055.374
  1.000   730055.381
  1.003   730055.387
  0.964   730055.394
  1.057   730055.401
  0.995   730055.408
  1.001   730055.415
  0.962   730055.422
  0.994   730055.429
  0.992   730055.436
  1.086   730055.442
  1.114   730055.451
  1.084   730055.457
    NaN   730055.463
    NaN   730055.471
  1.170   730055.478
  1.255   730055.484
  1.160   730055.492
  1.212   730055.499
  1.235   730055.506
  1.280   730055.512
  1.301   730055.519
  1.238   730055.526
  1.229   730055.533
  1.267   730055.540
  1.246   730055.547
  1.162   730055.554
  1.216   730055.561
  1.410   730055.568
  1.319   730055.575
  1.586   730055.582
  1.375   730055.588
  1.384   730055.596
  1.336   730055.603
  1.418   730055.609
  1.499   730055.617
  1.350   730055.624
  1.443   730055.630
  1.594   730055.637
  1.455   730055.644
  1.465   730055.651
  1.521   730055.658
  1.535   730055.665
  1.519   730055.672
  1.553   730055.679
  1.423   730055.685
  1.573   730055.692
  1.667   730055.700
  1.593   730055.707
  1.586   730055.713
  1.639   730055.721
  1.719   730055.728
  1.539   730055.735
  1.617   730055.742
  1.747   730055.749
  1.580   730055.756
  1.465   730055.762
  1.371   730055.769
  1.600   730055.776
  1.528   730055.783
  1.374   730055.790
  1.442   730055.797
  1.433   730055.804
  1.424   730055.811
  1.477   730055.818
  1.521   730055.825
  1.526   730055.832
  1.609   730055.839
  1.312   730055.846
  1.430   730055.853
  1.439   730055.860
  1.448   730055.867
  1.500   730055.874
  1.348   730055.881
  1.499   730055.887
  1.562   730055.894
  1.533   730055.901
  1.507   730055.908
  1.464   730055.915
  1.474   730055.922
  1.394   730055.929
  1.757   730055.936
  1.508   730055.943
  1.527   730055.949
  1.398   730055.956
    NaN   730055.963
    NaN   730055.970
  1.384   730055.977
  1.490   730055.985
  1.470   730055.992
  1.458   730055.999
