 12.280   729349.000
 15.048   729349.010
 13.412   729349.021
 11.103   729349.031
 13.362   729349.042
 12.058   729349.052
 11.481   729349.063
 11.672   729349.073
 11.660   729349.083
    NaN   729349.094
 14.086   729349.104
 14.202   729349.115
 13.874   729349.125
 13.286   729349.135
 11.652   729349.146
 14.054   729349.156
 12.859   729349.167
 14.204   729349.177
 13.772   729349.188
 13.822   729349.198
 13.556   729349.208
 12.173   729349.219
 12.799   729349.229
 13.184   729349.240
 13.206   729349.250
 13.398   729349.260
 13.914   729349.271
 12.411   729349.281
 11.302   729349.292
  9.371   729349.302
 10.930   729349.313
  8.581   729349.323
  8.892   729349.333
 11.191   729349.344
 11.968   729349.354
 12.577   729349.365
 12.313   729349.375
 11.804   729349.385
 12.689   729349.396
 12.514   729349.406
 12.357   729349.417
 12.146   729349.427
  9.905   729349.438
 11.489   729349.448
 12.048   729349.458
 12.918   729349.469
 10.329   729349.479
 11.073   729349.490
 10.739   729349.500
 10.190   729349.510
 11.081   729349.521
 10.983   729349.531
 14.450   729349.542
 14.275   729349.552
 15.627   729349.563
 15.110   729349.573
 17.612   729349.583
 13.662   729349.594
 11.819   729349.604
 16.137   729349.615
 14.195   729349.625
 16.199   729349.635
 15.840   729349.646
 16.635   729349.656
 15.770   729349.667
 17.118   729349.677
 14.748   729349.688
 15.511   729349.698
 15.121   729349.708
 16.248   729349.719
 17.327   729349.729
 17.143   729349.740
 16.503   729349.750
 19.190   729349.760
 14.826   729349.771
 13.764   729349.781
 14.729   729349.792
 12.919   729349.802
 11.136   729349.813
 12.783   729349.823
 13.919   729349.833
 13.315   729349.844
 13.235   729349.854
 12.568   729349.865
 14.301   729349.875
 13.556   729349.885
 15.502   729349.896
 15.442   729349.906
 13.972   729349.917
 13.424   729349.927
 11.201   729349.938
 12.620   729349.948
 11.145   729349.958
 12.263   729349.969
 11.657   729349.979
 10.284   729349.990
