  0.130   729918.000
  0.130   729918.010
  0.130   729918.010
  0.140   729918.020
  0.140   729918.030
  0.130   729918.040
  0.130   729918.040
  0.130   729918.050
  0.130   729918.050
  0.130   729918.050
  0.120   729918.070
  0.130   729918.080
  0.130   729918.080
  0.130   729918.090
  0.140   729918.100
  0.130   729918.100
    NaN   729918.110
  0.130   729918.120
  0.120   729918.130
  0.140   729918.130
  0.140   729918.140
  0.120   729918.150
  0.120   729918.150
  0.130   729918.160
  0.120   729918.170
  0.130   729918.170
  0.120   729918.180
  0.130   729918.190
  0.120   729918.200
  0.130   729918.200
  0.130   729918.210
  0.120   729918.220
  0.130   729918.220
  0.120   729918.230
  0.110   729918.240
  0.130   729918.240
  0.130   729918.250
  0.130   729918.260
  0.120   729918.260
  0.120   729918.270
  0.130   729918.280
  0.130   729918.290
  0.120   729918.290
  0.130   729918.300
  0.120   729918.310
  0.130   729918.310
  0.130   729918.320
  0.140   729918.330
  0.120   729918.330
  0.130   729918.340
  0.120   729918.350
  0.140   729918.350
  0.130   729918.360
  0.120   729918.370
  0.140   729918.380
  0.140   729918.380
  0.130   729918.390
  0.140   729918.400
  0.120   729918.400
  0.130   729918.410
  0.140   729918.420
  0.130   729918.420
  0.140   729918.430
  0.140   729918.440
  0.140   729918.450
  0.130   729918.450
  0.120   729918.460
  0.150   729918.470
  0.160   729918.470
  0.150   729918.480
  0.150   729918.490
  0.150   729918.490
  0.150   729918.500
  0.150   729918.510
  0.150   729918.510
  0.140   729918.520
  0.160   729918.530
  0.160   729918.540
  0.160   729918.540
  0.170   729918.550
  0.160   729918.560
  0.140   729918.560
  0.150   729918.570
  0.150   729918.580
  0.150   729918.580
  0.160   729918.590
  0.160   729918.600
  0.140   729918.600
  0.150   729918.610
  0.160   729918.620
  0.170   729918.630
  0.160   729918.630
  0.160   729918.640
  0.160   729918.640
  0.160   729918.640
  0.160   729918.640
  0.160   729918.640
  0.160   729918.640
  0.160   729918.640
  0.160   729918.640
  0.160   729918.640
  0.160   729918.640
  0.160   729918.640
  0.160   729918.640
  0.130   729918.720
  0.140   729918.730
  0.140   729918.740
  0.130   729918.740
  0.150   729918.750
  0.140   729918.760
  0.130   729918.760
  0.150   729918.770
  0.140   729918.780
  0.160   729918.790
  0.150   729918.790
  0.150   729918.800
  0.140   729918.810
  0.150   729918.810
  0.160   729918.820
  0.150   729918.830
  0.150   729918.830
  0.170   729918.840
  0.170   729918.850
  0.160   729918.850
  0.150   729918.860
  0.150   729918.870
  0.170   729918.880
  0.160   729918.880
  0.180   729918.890
