  0.081   730408.007
  0.087   730408.014
  0.080   730408.021
  0.089   730408.028
  0.092   730408.035
  0.085   730408.042
  0.083   730408.049
  0.091   730408.055
  0.081   730408.062
  0.084   730408.070
  0.073   730408.076
  0.090   730408.083
  0.074   730408.090
  0.079   730408.097
  0.077   730408.104
  0.090   730408.111
  0.102   730408.118
  0.098   730408.125
  0.087   730408.132
  0.110   730408.674
  0.095   730408.681
  0.121   730408.687
  0.189   730408.695
  0.374   730408.701
  0.208   730408.708
  0.567   730408.715
  1.435   730408.722
  0.221   730408.729
  0.134   730408.736
  0.127   730408.743
  0.159   730408.750
  0.148   730408.757
  0.176   730408.764
  0.123   730408.771
  0.135   730408.778
  0.137   730408.785
  0.122   730408.792
  0.143   730408.799
  0.087   730408.805
  0.182   730408.805
  0.522   730408.812
  0.206   730408.820
  1.218   730408.826
  0.241   730408.833
  0.145   730408.840
 10.862   730408.847
  5.407   730408.854
  0.697   730408.861
  0.193   730408.868
  4.800   730408.875
  2.297   730408.882
  0.168   730408.889
  0.127   730408.896
  0.163   730408.903
  0.284   730408.910
  0.179   730408.917
  0.168   730408.924
  0.131   730408.931
  0.176   730408.937
  0.174   730408.945
  0.125   730408.951
  0.144   730408.958
  0.159   730408.965
  0.084   730408.972
  0.126   730408.972
  0.162   730408.979
  0.132   730408.986
  0.156   730408.993
