  0.275   730408.000
 13.467   730408.000
  0.237   730408.007
  0.224   730408.014
  0.238   730408.021
  0.237   730408.028
  0.217   730408.035
  0.316   730408.042
  0.230   730408.049
  0.262   730408.056
  0.235   730408.063
  0.302   730408.070
  0.259   730408.077
  0.252   730408.084
  0.239   730408.091
 14.281   730408.097
  0.229   730408.104
  0.236   730408.112
  0.233   730408.118
  0.222   730408.125
  0.224   730408.132
  0.422   730408.674
  0.347   730408.681
  0.433   730408.688
  0.314   730408.696
  0.680   730408.702
  0.253   730408.709
  0.293   730408.716
  0.253   730408.723
  0.319   730408.729
  0.318   730408.737
 13.564   730408.743
  0.268   730408.750
  0.238   730408.757
  0.296   730408.764
  0.563   730408.771
  0.254   730408.778
  0.354   730408.785
  0.287   730408.792
  0.323   730408.799
  0.139   730408.806
  0.257   730408.806
  0.270   730408.813
  0.735   730408.820
 14.707   730408.827
  0.358   730408.834
  0.280   730408.841
  0.419   730408.847
  0.365   730408.854
  0.444   730408.862
  0.285   730408.868
  0.335   730408.875
  0.516   730408.882
  0.370   730408.889
  0.307   730408.896
  0.262   730408.903
  0.323   730408.910
  0.266   730408.917
  0.274   730408.924
  0.299   730408.931
    NaN   730408.938
  0.293   730408.945
  0.293   730408.952
  0.400   730408.959
  0.283   730408.966
 14.436   730408.973
  0.272   730408.973
  0.237   730408.979
  0.261   730408.987
  0.241   730408.993
