  0.032   730408.007
  0.063   730408.007
  0.047   730408.013
  0.052   730408.020
  0.055   730408.027
  0.050   730408.034
  0.052   730408.041
  0.047   730408.048
  0.046   730408.055
  0.045   730408.062
  0.046   730408.069
  0.045   730408.076
  0.049   730408.083
  0.048   730408.090
  0.055   730408.097
  0.044   730408.104
  0.042   730408.111
  0.051   730408.118
  0.042   730408.125
  0.052   730408.131
  0.069   730408.673
  0.068   730408.680
  0.064   730408.687
  0.067   730408.695
  0.072   730408.701
  0.068   730408.708
  0.073   730408.715
  0.075   730408.722
  0.072   730408.729
  0.071   730408.736
  0.077   730408.743
  0.072   730408.750
  0.072   730408.756
  0.074   730408.763
  0.064   730408.770
  0.076   730408.777
  0.068   730408.784
  0.093   730408.791
  0.078   730408.798
  0.060   730408.805
  0.082   730408.805
  0.082   730408.812
  0.090   730408.819
  0.095   730408.826
  0.094   730408.833
  0.089   730408.840
  0.081   730408.847
  0.101   730408.854
  0.101   730408.861
  0.085   730408.868
  0.099   730408.875
  0.090   730408.881
  0.090   730408.888
  0.095   730408.895
  0.086   730408.902
  0.078   730408.909
  0.116   730408.916
  0.096   730408.923
  0.124   730408.930
  0.092   730408.937
  0.095   730408.944
  0.103   730408.951
  0.103   730408.958
  0.146   730408.965
  0.053   730408.972
  0.100   730408.972
  0.103   730408.979
  0.127   730408.986
  0.127   730408.993
  0.145   730409.000
