  0.136   730408.000
  0.040   730408.000
  0.137   730408.008
  0.142   730408.014
  0.136   730408.021
  0.155   730408.029
  0.139   730408.035
  0.147   730408.042
  0.150   730408.049
  0.155   730408.056
  0.152   730408.063
  0.154   730408.070
  0.144   730408.077
  0.140   730408.084
  0.154   730408.091
  0.136   730408.098
  0.167   730408.105
  0.142   730408.112
  0.156   730408.118
  0.155   730408.125
  0.157   730408.132
  0.386   730408.674
  0.346   730408.681
  0.345   730408.688
  0.382   730408.696
  0.362   730408.702
  0.357   730408.709
  0.377   730408.716
  0.356   730408.723
  0.347   730408.730
  0.370   730408.737
  0.387   730408.743
  0.391   730408.750
  0.386   730408.757
  0.376   730408.764
  0.399   730408.771
  0.390   730408.779
  0.373   730408.785
  0.367   730408.792
  0.360   730408.799
  0.125   730408.806
  0.362   730408.806
  0.350   730408.813
  0.354   730408.820
  0.417   730408.827
  0.342   730408.834
  0.403   730408.841
  0.390   730408.848
  0.361   730408.855
  0.383   730408.862
  0.317   730408.868
  0.949   730408.875
  0.429   730408.882
  0.411   730408.889
  0.368   730408.896
  0.363   730408.904
  0.403   730408.910
  0.371   730408.917
  0.358   730408.924
  0.369   730408.931
  0.391   730408.938
  0.401   730408.945
  0.389   730408.952
  0.436   730408.959
  0.399   730408.966
  0.220   730408.973
  0.652   730408.973
  2.938   730408.980
  0.381   730408.987
  0.393   730408.994
