  0.300   729902.000
  0.300   729902.010
  0.290   729902.010
  0.300   729902.020
  0.320   729902.030
  0.300   729902.030
  0.310   729902.040
  0.300   729902.050
  1.070   729902.060
  0.300   729902.060
  0.320   729902.070
  0.280   729902.080
  0.780   729902.080
  1.320   729902.090
  0.320   729902.100
  0.290   729902.100
  0.540   729902.110
  0.300   729902.120
  0.260   729902.130
  0.280   729902.130
  0.260   729902.140
  0.270   729902.150
  0.260   729902.150
  0.240   729902.160
  0.240   729902.170
  0.310   729902.170
  0.220   729902.180
  0.380   729902.190
  0.250   729902.190
  3.350   729902.200
  0.200   729902.210
  0.180   729902.220
  0.210   729902.220
  0.200   729902.230
  0.180   729902.240
  0.180   729902.240
  0.340   729902.250
  0.180   729902.260
  0.210   729902.260
  0.190   729902.270
  0.190   729902.280
  0.180   729902.290
  0.180   729902.290
  0.180   729902.300
  0.180   729902.310
  0.780   729902.310
  0.200   729902.320
  0.170   729902.330
  0.180   729902.330
  0.190   729902.340
  0.160   729902.350
  0.150   729902.350
  0.360   729902.360
  0.170   729902.370
  0.170   729902.380
  0.170   729902.380
  0.150   729902.390
  0.150   729902.400
  0.160   729902.400
  1.650   729902.410
  1.820   729902.420
  0.170   729902.420
  0.170   729902.430
  0.210   729902.440
  0.180   729902.450
  0.140   729902.450
  0.150   729902.460
  0.150   729902.470
  0.210   729902.470
  0.170   729902.480
  0.280   729902.490
  0.160   729902.490
  0.250   729902.500
  0.220   729902.510
  0.320   729902.510
  0.160   729902.520
  0.180   729902.530
  0.190   729902.530
  0.190   729902.540
  0.200   729902.550
  0.220   729902.560
  0.230   729902.560
  0.510   729902.570
  0.260   729902.580
  2.600   729902.580
  0.250   729902.590
  0.260   729902.600
  0.290   729902.600
  0.300   729902.610
  0.250   729902.620
  0.440   729902.620
  0.260   729902.630
  1.110   729902.640
  0.390   729902.650
  1.100   729902.650
  4.610   729902.660
  0.430   729902.670
  0.250   729902.670
  0.220   729902.680
  0.310   729902.690
  0.320   729902.690
  0.190   729902.700
  0.200   729902.710
  0.220   729902.720
  0.340   729902.720
  0.260   729902.730
  0.360   729902.740
  0.250   729902.740
  0.190   729902.750
  0.190   729902.760
    NaN   729902.760
  4.770   729902.770
  0.200   729902.780
  0.190   729902.780
  0.200   729902.790
  0.210   729902.800
  0.190   729902.810
  0.230   729902.810
  1.340   729902.820
  1.450   729902.830
  0.330   729902.830
  0.220   729902.840
  0.230   729902.850
  2.330   729902.850
  0.310   729902.860
  1.360   729902.870
  1.580   729902.880
  2.840   729902.880
  2.840   729902.890
  1.900   729902.900
  2.460   729902.900
  1.530   729902.910
  2.390   729902.920
  3.680   729902.920
  2.880   729902.930
  0.260   729902.940
  1.440   729902.950
  1.870   729902.950
  1.490   729902.960
  0.910   729902.970
  0.230   729902.970
  1.210   729902.980
  2.440   729902.990
  0.220   729902.990
