 14.800   730013.000
 15.610   730013.010
 13.970   730013.010
 13.300   730013.020
 14.670   730013.030
 14.140   730013.030
 14.050   730013.040
 14.260   730013.050
 14.460   730013.050
 13.760   730013.060
 14.110   730013.070
 15.000   730013.070
 14.740   730013.080
 13.640   730013.090
 13.690   730013.100
 14.210   730013.100
 13.620   730013.110
 13.840   730013.120
 13.930   730013.120
 14.970   730013.130
 14.260   730013.140
 14.450   730013.140
 15.840   730013.150
 14.960   730013.160
 14.840   730013.160
 14.390   730013.170
 14.890   730013.180
 15.940   730013.190
 16.320   730013.190
 15.580   730013.200
 14.990   730013.210
 13.500   730013.210
 14.170   730013.220
 14.950   730013.230
 16.180   730013.230
 16.910   730013.240
 14.380   730013.250
 15.090   730013.250
 15.290   730013.260
 16.800   730013.270
 17.590   730013.280
 16.750   730013.280
 15.780   730013.290
 16.100   730013.300
 15.340   730013.300
 14.170   730013.310
 16.600   730013.320
 16.780   730013.320
 16.700   730013.330
 17.250   730013.340
 18.140   730013.350
 18.740   730013.350
 17.620   730013.360
 16.830   730013.370
 17.510   730013.370
 17.370   730013.380
 16.920   730013.390
 17.800   730013.390
 17.600   730013.400
 16.950   730013.410
 16.480   730013.410
 16.450   730013.420
 18.040   730013.430
 15.950   730013.440
 16.990   730013.440
 17.820   730013.450
 17.960   730013.460
 18.980   730013.460
 17.820   730013.470
 17.500   730013.480
 17.880   730013.480
 16.400   730013.490
 16.040   730013.500
 16.040   730013.500
 16.080   730013.510
 15.740   730013.520
 17.440   730013.530
 14.900   730013.530
 15.910   730013.540
 15.380   730013.550
 15.950   730013.550
 14.660   730013.560
 15.310   730013.570
 15.500   730013.570
 16.190   730013.580
 14.020   730013.590
 15.720   730013.600
 14.810   730013.600
 14.350   730013.610
 14.520   730013.620
 15.850   730013.620
 13.830   730013.630
 15.570   730013.640
 14.980   730013.640
 15.260   730013.650
 13.530   730013.660
 13.690   730013.660
 14.160   730013.670
 14.360   730013.680
 12.730   730013.690
 12.900   730013.690
 13.120   730013.700
 12.790   730013.710
 12.550   730013.720
 12.900   730013.720
 12.370   730013.730
 13.530   730013.740
 12.360   730013.740
 11.440   730013.750
 12.270   730013.760
 13.060   730013.770
 12.950   730013.780
 13.150   730013.780
 12.290   730013.790
 12.070   730013.800
 14.430   730013.800
 13.750   730013.810
 13.520   730013.820
 12.520   730013.820
 12.210   730013.830
 12.910   730013.840
 11.920   730013.850
 12.860   730013.850
 11.590   730013.860
 11.920   730013.870
 12.770   730013.870
 13.000   730013.880
 12.650   730013.890
 13.360   730013.890
 13.420   730013.900
 13.120   730013.920
 12.820   730013.930
 12.470   730013.940
 12.640   730013.940
 12.400   730013.950
 12.590   730013.960
 12.510   730013.960
