 10.960   730013.000
 10.420   730013.010
 11.550   730013.010
 11.830   730013.020
 10.690   730013.030
 10.270   730013.030
  9.460   730013.040
 16.900   730013.050
 17.840   730013.050
  9.260   730013.060
  9.760   730013.070
 12.640   730013.070
 14.800   730013.080
  9.560   730013.090
 10.060   730013.100
  9.490   730013.100
  9.440   730013.110
  9.530   730013.120
  9.920   730013.120
 10.270   730013.130
  9.850   730013.140
  9.710   730013.140
 10.010   730013.150
 10.870   730013.160
  9.870   730013.160
  9.820   730013.170
 10.640   730013.180
 11.130   730013.190
 10.980   730013.190
 11.330   730013.200
 11.880   730013.210
 11.300   730013.210
 10.500   730013.220
 10.730   730013.230
 12.090   730013.230
 11.720   730013.240
 10.720   730013.250
 12.420   730013.250
 12.700   730013.260
 12.600   730013.270
 11.500   730013.280
 12.730   730013.280
 12.530   730013.290
 12.570   730013.300
 12.590   730013.300
 13.370   730013.310
 13.440   730013.320
 13.100   730013.320
 12.260   730013.330
 12.950   730013.340
 13.740   730013.350
 13.350   730013.350
 14.060   730013.360
 14.170   730013.370
 13.970   730013.370
 14.310   730013.380
 12.660   730013.390
 13.360   730013.390
 13.460   730013.400
 14.040   730013.410
 13.280   730013.410
 13.830   730013.420
 13.800   730013.430
 14.330   730013.440
 13.780   730013.440
 14.050   730013.450
 14.350   730013.460
 13.040   730013.460
 11.620   730013.470
 12.410   730013.480
 11.340   730013.480
 11.430   730013.490
 12.160   730013.500
 11.550   730013.500
 12.260   730013.510
 12.240   730013.520
 12.240   730013.530
 11.490   730013.530
 11.920   730013.540
 11.630   730013.550
  9.700   730013.550
 11.120   730013.560
 11.340   730013.570
 10.690   730013.570
 10.510   730013.580
 10.550   730013.590
 10.310   730013.600
  9.340   730013.600
 10.070   730013.610
  9.940   730013.620
 10.550   730013.620
 10.800   730013.630
 10.800   730013.640
 10.360   730013.640
 10.590   730013.650
 11.300   730013.660
  9.720   730013.660
  9.750   730013.670
  9.410   730013.680
  9.040   730013.690
  9.540   730013.690
  8.550   730013.700
  8.810   730013.710
  8.900   730013.720
  8.790   730013.720
  8.770   730013.730
  8.670   730013.740
  9.800   730013.740
  8.990   730013.750
  8.680   730013.760
 10.300   730013.770
  9.470   730013.780
 11.070   730013.780
  8.690   730013.790
  9.440   730013.800
 11.680   730013.800
  9.170   730013.810
  8.730   730013.820
  8.970   730013.820
  9.480   730013.830
 19.290   730013.840
  8.650   730013.850
  8.190   730013.850
  8.980   730013.860
  9.170   730013.870
  8.630   730013.870
  8.680   730013.880
  9.420   730013.890
  9.370   730013.890
  9.890   730013.900
  9.190   730013.920
  9.790   730013.930
  8.850   730013.940
  8.480   730013.940
  7.940   730013.950
  8.380   730013.960
  8.950   730013.960
