  0.217   730366.004
  0.165   730366.004
  0.191   730366.010
  0.187   730366.016
  0.177   730366.023
  0.186   730366.030
  0.182   730366.037
  0.173   730366.044
  0.193   730366.051
  0.185   730366.057
  0.205   730366.064
  0.239   730366.071
  7.612   730366.079
  0.204   730366.085
  0.197   730366.093
  0.184   730366.099
  0.206   730366.106
  0.223   730366.113
  0.190   730366.120
  0.223   730366.127
  0.223   730366.134
  0.225   730366.141
  0.216   730366.148
  0.214   730366.155
  0.205   730366.162
  0.179   730366.169
  0.243   730366.176
  0.220   730366.182
  0.214   730366.189
  0.213   730366.196
  0.217   730366.203
  0.228   730366.210
  0.209   730366.217
  0.241   730366.224
  0.228   730366.231
  0.234   730366.238
  0.204   730366.245
  0.202   730366.252
  0.238   730366.259
  0.219   730366.266
  0.225   730366.273
  0.217   730366.280
  0.240   730366.287
  0.233   730366.294
  0.240   730366.301
  0.229   730366.307
  0.229   730366.314
  0.215   730366.321
  0.234   730366.328
  0.247   730366.335
  0.253   730366.342
  0.274   730366.349
  0.240   730366.356
  0.262   730366.363
  0.273   730366.370
  0.253   730366.377
  0.271   730366.384
  0.252   730366.391
  0.286   730366.398
  0.261   730366.405
  0.299   730366.412
  0.280   730366.419
  0.250   730366.426
  0.305   730366.433
  0.306   730366.439
  0.250   730366.447
  0.291   730366.454
  0.272   730366.461
  0.300   730366.467
  0.260   730366.474
  0.608   730366.481
  0.288   730366.488
  0.319   730366.495
  0.270   730366.502
  0.283   730366.509
  0.272   730366.516
  0.274   730366.523
  0.256   730366.530
  0.253   730366.537
  0.251   730366.544
  0.257   730366.551
  0.299   730366.557
  0.293   730366.564
  0.272   730366.571
  5.972   730366.578
  0.282   730366.585
  0.299   730366.592
  0.276   730366.599
  0.310   730366.606
  0.290   730366.613
  0.267   730366.620
  0.305   730366.627
  0.282   730366.634
  0.260   730366.641
  0.310   730366.648
  0.249   730366.655
  0.290   730366.662
  0.255   730366.669
  0.325   730366.676
  0.268   730366.683
  0.282   730366.689
  0.310   730366.696
  0.271   730366.704
  0.282   730366.712
  0.274   730366.719
  0.285   730366.725
  0.306   730366.732
  0.259   730366.739
  0.280   730366.746
  0.268   730366.752
  0.300   730366.759
  0.245   730366.766
  0.269   730366.773
  0.276   730366.780
  0.266   730366.787
  0.270   730366.794
  0.267   730366.801
  0.292   730366.808
  0.250   730366.815
  0.287   730366.822
  0.239   730366.829
  0.276   730366.836
  0.238   730366.842
  0.259   730366.849
  0.254   730366.856
  0.249   730366.863
  0.280   730366.870
  0.273   730366.877
  0.272   730366.884
  0.268   730366.891
  0.272   730366.898
  0.254   730366.906
  0.257   730366.912
  0.206   730366.919
  0.264   730366.926
  0.245   730366.933
  0.269   730366.940
  0.240   730366.947
  0.235   730366.954
  0.254   730366.961
  0.241   730366.967
  0.242   730366.974
  0.239   730366.981
  0.230   730366.989
  0.223   730366.997
