  0.122   730366.002
  0.095   730366.002
  0.134   730366.009
  0.115   730366.016
  0.105   730366.023
  0.121   730366.030
  0.118   730366.036
  0.106   730366.043
  0.113   730366.050
  0.117   730366.056
  0.117   730366.063
  0.128   730366.071
  0.110   730366.078
  0.113   730366.085
  0.128   730366.092
  0.109   730366.099
  0.119   730366.106
  0.136   730366.112
  0.132   730366.120
  0.110   730366.126
  0.119   730366.133
  0.111   730366.140
  0.129   730366.147
  0.119   730366.154
  0.114   730366.161
  0.105   730366.168
  0.127   730366.175
  0.126   730366.182
  0.127   730366.189
  0.122   730366.196
  0.124   730366.203
  0.117   730366.210
  0.120   730366.217
  0.127   730366.224
  0.110   730366.230
  0.121   730366.237
  0.128   730366.244
  0.125   730366.251
  0.139   730366.258
  0.134   730366.265
  0.131   730366.272
  0.126   730366.279
  0.129   730366.286
  0.134   730366.293
  0.110   730366.300
  0.107   730366.307
  0.114   730366.314
  0.098   730366.321
  0.122   730366.328
  0.132   730366.335
  0.119   730366.342
  0.941   730366.348
  0.113   730366.355
  0.120   730366.362
  0.139   730366.369
  0.098   730366.376
  0.118   730366.383
  0.127   730366.390
  0.114   730366.397
  0.117   730366.404
  0.134   730366.411
  0.127   730366.418
  0.124   730366.425
  0.130   730366.432
  0.128   730366.439
  0.135   730366.446
  0.138   730366.453
  0.117   730366.460
  0.143   730366.467
  0.134   730366.474
  0.126   730366.481
  0.126   730366.488
  0.127   730366.495
  0.144   730366.501
  0.130   730366.508
  0.129   730366.515
  0.128   730366.522
  0.138   730366.529
  0.111   730366.536
  0.109   730366.543
  0.117   730366.550
  0.136   730366.557
  0.162   730366.564
  0.156   730366.571
  0.199   730366.578
  0.157   730366.585
  0.160   730366.592
  0.164   730366.599
  0.122   730366.606
  0.125   730366.613
  0.123   730366.620
  0.132   730366.627
  0.137   730366.633
  0.116   730366.640
  0.124   730366.647
  0.116   730366.654
  0.129   730366.661
  0.102   730366.668
  0.117   730366.675
  0.111   730366.682
  0.124   730366.689
  0.129   730366.696
  0.135   730366.703
  0.152   730366.711
  0.138   730366.717
  0.162   730366.724
  0.139   730366.731
  0.128   730366.738
  0.131   730366.745
  0.144   730366.752
  0.139   730366.759
  0.161   730366.765
  0.166   730366.772
  0.136   730366.779
  0.165   730366.786
  0.183   730366.793
  0.184   730366.800
  0.172   730366.807
  0.160   730366.814
  0.142   730366.821
  0.153   730366.828
  0.170   730366.835
  0.160   730366.842
  0.700   730366.849
  0.128   730366.856
  0.138   730366.862
  0.137   730366.869
  0.119   730366.876
  0.133   730366.883
  0.136   730366.891
  0.132   730366.898
  0.124   730366.905
  0.115   730366.912
  0.101   730366.919
  0.097   730366.925
  0.094   730366.932
  0.097   730366.939
  0.097   730366.946
  0.030   730366.953
  0.093   730366.953
  0.101   730366.960
  0.108   730366.967
  0.104   730366.974
  0.115   730366.981
  0.092   730366.988
  0.085   730366.996
