  0.320   730366.004
  0.323   730366.004
  0.305   730366.010
  0.311   730366.017
  0.319   730366.024
  0.333   730366.031
  0.342   730366.037
  0.355   730366.044
  0.332   730366.051
  0.441   730366.057
  0.321   730366.064
  0.363   730366.072
  0.361   730366.079
  0.371   730366.086
  0.337   730366.093
  0.319   730366.100
  0.360   730366.106
  0.353   730366.114
  0.369   730366.121
  0.327   730366.127
  0.308   730366.134
  0.329   730366.141
  0.364   730366.148
  0.296   730366.155
  0.351   730366.162
  0.369   730366.169
  0.374   730366.176
  0.316   730366.183
  0.364   730366.190
  0.337   730366.197
  0.343   730366.204
  0.354   730366.211
  0.349   730366.218
  0.321   730366.224
  0.388   730366.231
  0.352   730366.238
  0.346   730366.245
  0.335   730366.252
  0.322   730366.259
  0.313   730366.266
  0.364   730366.273
  0.342   730366.280
  0.321   730366.287
  0.356   730366.294
  0.330   730366.301
  0.373   730366.308
  0.384   730366.315
  0.371   730366.322
  0.378   730366.329
  0.308   730366.336
  0.326   730366.343
  0.350   730366.349
  0.342   730366.356
  0.334   730366.363
  2.250   730366.370
  0.373   730366.377
  0.353   730366.384
  0.366   730366.391
  0.387   730366.398
  0.368   730366.405
  0.366   730366.412
  0.400   730366.419
  0.371   730366.426
  0.355   730366.433
  0.387   730366.440
  0.372   730366.447
  0.336   730366.454
  0.327   730366.461
  0.350   730366.468
  0.376   730366.475
  0.368   730366.482
  0.383   730366.489
  0.312   730366.496
  0.363   730366.502
  0.320   730366.509
  0.358   730366.516
  0.326   730366.523
  0.329   730366.530
  0.325   730366.537
  0.367   730366.544
  0.365   730366.551
  0.357   730366.558
  0.347   730366.565
  0.368   730366.572
  0.367   730366.579
  0.340   730366.586
  0.335   730366.593
  0.351   730366.600
  0.388   730366.607
  0.342   730366.613
  0.305   730366.621
  0.375   730366.628
  0.356   730366.634
  0.382   730366.641
  0.381   730366.648
  0.324   730366.655
  0.330   730366.662
  0.351   730366.669
  0.378   730366.676
  0.334   730366.683
  0.366   730366.690
  0.333   730366.697
  0.350   730366.704
  0.385   730366.713
  0.330   730366.719
  0.330   730366.726
  0.343   730366.733
  0.332   730366.739
  0.331   730366.746
  0.333   730366.753
  0.318   730366.760
  0.342   730366.766
  0.312   730366.773
  0.355   730366.780
  0.320   730366.787
  0.324   730366.794
  0.310   730366.801
  0.346   730366.808
  0.323   730366.815
  0.306   730366.822
  0.297   730366.829
  0.329   730366.836
  0.301   730366.843
  0.282   730366.850
  0.316   730366.856
  0.290   730366.863
  4.844   730366.870
  0.298   730366.877
  0.322   730366.885
  0.315   730366.892
  0.260   730366.899
  0.343   730366.906
  0.322   730366.913
  0.314   730366.920
  0.293   730366.926
  0.292   730366.933
  0.267   730366.940
  0.317   730366.947
  0.281   730366.954
  0.287   730366.961
  0.310   730366.968
  0.295   730366.975
  0.307   730366.982
  0.276   730366.989
  0.276   730366.997
