  0.230   730366.002
  0.296   730366.002
  0.237   730366.009
  0.271   730366.016
  0.197   730366.023
  0.233   730366.030
 11.104   730366.036
  0.233   730366.043
  0.266   730366.050
  0.542   730366.056
  0.241   730366.063
  0.302   730366.071
  0.382   730366.078
  0.280   730366.085
  0.255   730366.092
  0.230   730366.099
  0.263   730366.106
  0.292   730366.112
  0.266   730366.120
  0.269   730366.126
  0.252   730366.133
  0.239   730366.140
  0.278   730366.147
  0.267   730366.154
  0.274   730366.161
  0.246   730366.168
  0.256   730366.175
  0.298   730366.182
  0.290   730366.189
  0.270   730366.196
  0.238   730366.203
  0.287   730366.210
  0.231   730366.217
  0.248   730366.224
  0.234   730366.230
  0.212   730366.237
  0.219   730366.244
  0.237   730366.251
  0.245   730366.258
  0.241   730366.265
  0.238   730366.272
  0.207   730366.279
  0.231   730366.286
  0.221   730366.293
  0.208   730366.300
  0.208   730366.307
  0.195   730366.314
  0.223   730366.321
  0.204   730366.328
  0.199   730366.335
  0.201   730366.342
  0.184   730366.348
  0.236   730366.355
  0.224   730366.362
  0.198   730366.369
  0.216   730366.376
  0.210   730366.383
  0.195   730366.390
  0.220   730366.397
  0.193   730366.404
  0.194   730366.411
  0.186   730366.418
  0.192   730366.425
  0.195   730366.432
  0.222   730366.439
  0.218   730366.446
  0.191   730366.453
  0.206   730366.460
  0.220   730366.467
  0.189   730366.474
  0.391   730366.481
  0.198   730366.488
  0.194   730366.495
  0.203   730366.501
  0.211   730366.508
  0.212   730366.515
  0.176   730366.522
  0.227   730366.529
  9.734   730366.536
  0.213   730366.543
  0.277   730366.550
  0.195   730366.557
  0.190   730366.564
  0.258   730366.571
  0.204   730366.578
  0.189   730366.585
  0.201   730366.592
  0.211   730366.599
  0.208   730366.606
  0.210   730366.613
  0.217   730366.620
  0.182   730366.627
  0.193   730366.633
  0.179   730366.640
  0.200   730366.647
  0.207   730366.654
  0.200   730366.661
  0.252   730366.668
  0.231   730366.675
  0.236   730366.682
  0.238   730366.689
  0.267   730366.696
  0.271   730366.703
  0.242   730366.711
  0.203   730366.717
  0.170   730366.724
  0.150   730366.731
  0.168   730366.738
  0.157   730366.745
  0.176   730366.752
  0.186   730366.759
  0.156   730366.765
  0.165   730366.772
  0.158   730366.779
  0.193   730366.786
  0.214   730366.793
  0.197   730366.800
  0.199   730366.807
  0.209   730366.814
  0.169   730366.821
  0.184   730366.828
  0.191   730366.835
  0.196   730366.842
  0.178   730366.849
  0.142   730366.856
  0.166   730366.862
  0.194   730366.869
  0.173   730366.876
  0.180   730366.883
  0.184   730366.891
  0.172   730366.898
  0.165   730366.905
  0.179   730366.912
  0.189   730366.919
  0.127   730366.925
  0.129   730366.932
  0.117   730366.939
  0.140   730366.946
  0.044   730366.953
  0.121   730366.953
  0.120   730366.960
  0.163   730366.967
  0.163   730366.974
  0.167   730366.981
  0.154   730366.988
  0.161   730366.996
