  0.253   730366.006
  0.428   730366.006
  0.163   730366.006
  0.429   730366.006
  0.449   730366.012
  0.432   730366.012
  0.478   730366.018
  0.491   730366.019
  0.445   730366.025
  0.466   730366.026
  0.455   730366.032
  0.429   730366.032
  0.491   730366.039
  0.500   730366.039
  0.467   730366.046
  0.463   730366.046
  0.482   730366.053
  0.451   730366.053
  0.411   730366.057
  0.597   730366.058
  0.551   730366.066
  0.530   730366.066
  0.435   730366.073
  0.451   730366.074
  0.450   730366.080
  0.453   730366.081
  0.503   730366.087
  0.481   730366.088
  0.531   730366.094
  0.548   730366.095
  0.533   730366.101
  0.508   730366.102
  0.458   730366.108
  0.471   730366.108
  0.495   730366.115
  0.509   730366.115
  0.514   730366.122
  0.510   730366.122
  0.491   730366.129
  0.483   730366.129
  0.480   730366.136
  0.500   730366.136
  0.476   730366.143
  0.479   730366.143
  0.470   730366.150
  0.514   730366.150
  0.491   730366.157
  0.508   730366.157
  0.464   730366.164
  0.491   730366.164
  0.495   730366.170
  0.489   730366.171
  0.483   730366.177
  0.492   730366.178
  0.530   730366.184
  0.546   730366.185
  0.514   730366.191
  0.486   730366.192
  0.507   730366.198
  0.511   730366.199
  0.446   730366.205
  0.469   730366.206
  0.447   730366.212
  0.456   730366.213
  0.524   730366.219
  0.569   730366.219
  0.552   730366.226
  0.528   730366.226
  0.524   730366.233
  0.521   730366.233
  0.512   730366.240
  0.482   730366.240
  0.561   730366.247
  0.561   730366.247
  0.521   730366.254
  0.516   730366.254
  0.489   730366.261
  0.484   730366.261
  0.448   730366.267
  0.449   730366.268
  0.516   730366.274
  0.533   730366.275
  0.513   730366.281
  0.499   730366.282
  0.488   730366.288
  0.497   730366.289
  4.056   730366.295
  3.533   730366.296
  0.501   730366.302
  0.498   730366.303
  0.433   730366.309
  0.431   730366.310
  0.462   730366.316
  0.438   730366.317
  0.414   730366.323
  0.411   730366.324
  0.418   730366.330
  0.418   730366.331
  0.445   730366.337
  0.461   730366.338
  0.434   730366.344
  0.416   730366.344
  0.459   730366.351
  0.469   730366.351
  0.442   730366.358
  0.423   730366.358
  0.457   730366.365
  0.450   730366.365
  0.460   730366.372
  0.473   730366.372
  0.410   730366.379
  0.410   730366.379
  0.446   730366.386
  0.440   730366.386
  0.418   730366.393
  0.437   730366.393
  0.431   730366.400
  0.422   730366.400
  0.392   730366.407
  0.381   730366.407
  0.406   730366.414
  0.412   730366.414
  0.434   730366.421
  0.431   730366.421
  0.386   730366.427
  0.384   730366.428
  0.418   730366.434
  0.404   730366.435
  0.443   730366.441
  0.446   730366.442
  0.443   730366.448
  0.461   730366.449
  0.469   730366.455
  0.466   730366.456
  0.429   730366.462
  0.454   730366.463
  0.416   730366.469
  0.431   730366.470
  0.483   730366.476
  0.465   730366.477
  0.497   730366.483
  0.512   730366.483
  0.444   730366.490
  0.409   730366.490
  0.413   730366.497
  0.451   730366.498
  0.450   730366.504
  0.444   730366.504
  0.451   730366.511
  0.448   730366.511
  0.412   730366.518
  0.416   730366.518
  0.438   730366.525
  0.434   730366.525
  0.379   730366.532
  0.375   730366.532
  0.446   730366.539
  0.463   730366.539
  0.469   730366.545
  0.500   730366.546
  0.451   730366.552
  0.449   730366.553
  0.417   730366.559
  0.434   730366.560
  0.469   730366.566
  0.441   730366.567
  0.451   730366.573
  0.436   730366.574
  0.459   730366.580
  0.460   730366.581
  0.472   730366.587
  0.471   730366.588
  0.390   730366.594
  0.382   730366.594
  0.450   730366.601
  0.441   730366.601
  0.490   730366.608
  0.497   730366.608
  0.442   730366.615
  0.425   730366.615
  0.409   730366.622
  0.390   730366.623
  0.462   730366.629
  0.430   730366.629
  0.380   730366.636
  0.382   730366.636
  0.425   730366.643
  0.431   730366.643
  0.423   730366.650
  0.415   730366.650
  0.402   730366.657
  0.408   730366.657
  0.374   730366.664
  0.382   730366.664
  0.393   730366.671
  0.403   730366.671
  0.381   730366.677
  0.389   730366.678
  0.367   730366.684
  0.367   730366.685
  0.367   730366.691
  0.353   730366.692
  0.385   730366.698
  0.390   730366.699
  0.382   730366.706
  0.381   730366.707
  0.371   730366.714
  0.374   730366.715
  0.389   730366.721
  0.423   730366.722
  0.420   730366.728
  0.416   730366.728
  0.391   730366.734
  0.413   730366.735
  0.469   730366.741
  0.445   730366.741
  0.456   730366.747
  0.465   730366.748
  0.415   730366.754
  0.415   730366.755
  0.357   730366.761
  0.342   730366.761
  0.362   730366.768
  0.356   730366.768
  0.380   730366.775
  0.374   730366.775
  0.340   730366.782
  0.367   730366.782
  0.380   730366.789
  0.396   730366.789
  2.955   730366.796
  2.820   730366.796
  0.348   730366.803
  0.341   730366.803
  0.381   730366.810
  0.376   730366.810
  0.341   730366.817
  0.342   730366.817
  0.411   730366.824
  0.424   730366.824
  0.368   730366.830
  0.376   730366.831
  0.364   730366.837
  0.365   730366.838
  0.402   730366.844
  0.369   730366.845
  0.399   730366.851
  0.393   730366.851
  0.376   730366.858
  0.372   730366.858
  0.396   730366.865
  0.390   730366.865
  0.366   730366.872
  0.372   730366.872
  0.314   730366.879
  0.363   730366.880
  0.372   730366.886
  0.370   730366.887
  0.363   730366.893
  0.425   730366.894
  0.383   730366.900
  0.381   730366.901
  0.355   730366.907
  0.377   730366.908
  0.351   730366.914
  0.355   730366.915
  0.340   730366.921
  0.336   730366.922
  0.311   730366.928
  0.305   730366.928
  0.356   730366.935
  0.369   730366.935
  0.389   730366.941
  0.385   730366.942
  0.317   730366.948
  0.245   730366.948
  0.408   730366.949
  0.266   730366.949
  0.322   730366.955
  0.328   730366.956
  0.329   730366.962
  0.354   730366.963
  0.384   730366.969
  0.348   730366.970
  0.349   730366.976
  0.392   730366.977
  0.351   730366.983
  0.336   730366.984
  0.392   730366.991
  0.349   730366.991
  0.313   730366.999
  0.324   730366.999
