  0.020   730418.007
  0.058   730418.007
  0.126   730418.013
  0.056   730418.020
  0.060   730418.027
  0.053   730418.034
  0.056   730418.041
  0.060   730418.048
  0.058   730418.055
  0.058   730418.062
  0.057   730418.069
  0.059   730418.076
  0.070   730418.272
  0.069   730418.273
  0.073   730418.276
  0.105   730418.311
  0.139   730418.806
  0.128   730418.810
  0.038   730418.810
  0.124   730418.811
  0.062   730418.811
  0.152   730418.817
  0.139   730418.824
  0.133   730418.831
  0.141   730418.838
  0.128   730418.845
  0.138   730418.852
  0.138   730418.859
  0.139   730418.866
  0.154   730418.873
  0.154   730418.880
  0.127   730418.887
  0.123   730418.894
  0.130   730418.901
  0.151   730418.908
  0.486   730418.915
  0.150   730418.922
  0.141   730418.929
  0.144   730418.936
  0.137   730418.943
  0.127   730418.950
  0.136   730418.957
  0.275   730418.964
  0.132   730418.971
  0.142   730418.978
  0.114   730418.985
  0.078   730418.985
  0.146   730418.992
