  0.444   730418.001
  0.189   730418.001
  0.450   730418.008
  0.435   730418.015
  0.431   730418.022
  0.499   730418.029
  0.458   730418.036
  0.493   730418.043
  0.462   730418.049
  0.452   730418.056
  0.479   730418.063
  0.480   730418.071
  0.394   730418.079
  0.386   730418.273
  0.356   730418.277
  1.195   730418.312
  1.237   730418.812
  0.862   730418.812
  1.260   730418.813
  0.877   730418.813
  1.139   730418.818
  1.289   730418.825
  1.311   730418.832
  1.349   730418.839
  1.199   730418.846
  1.232   730418.853
  1.184   730418.860
  1.296   730418.867
  1.337   730418.874
  1.386   730418.881
  1.292   730418.889
  1.254   730418.896
  1.206   730418.903
 11.306   730418.910
  1.315   730418.917
  1.341   730418.924
  1.486   730418.931
  1.375   730418.938
  1.336   730418.945
  1.450   730418.952
  1.418   730418.959
  1.435   730418.966
  1.355   730418.972
  1.527   730418.979
  0.781   730418.987
  1.336   730418.987
