  0.002   730418.001
  0.001   730418.001
  0.004   730418.002
  0.001   730418.002
  0.003   730418.008
  0.003   730418.009
  0.003   730418.015
  0.004   730418.015
  0.003   730418.022
  0.003   730418.022
  0.003   730418.029
  0.004   730418.030
  0.003   730418.036
  0.003   730418.037
  0.004   730418.043
  0.004   730418.044
  0.003   730418.050
  0.003   730418.051
  0.003   730418.056
  0.004   730418.056
  0.003   730418.064
  0.004   730418.064
  0.003   730418.071
  0.004   730418.072
  0.003   730418.079
  0.003   730418.079
  0.004   730418.274
  0.003   730418.274
  0.004   730418.277
  0.004   730418.277
  0.004   730418.312
  0.010   730418.312
  0.004   730418.813
  0.003   730418.813
  0.005   730418.813
  0.003   730418.813
  0.014   730418.814
  0.013   730418.814
  0.013   730418.814
  0.013   730418.814
  0.005   730418.818
  0.013   730418.818
  0.005   730418.825
  0.014   730418.825
  0.004   730418.832
  0.012   730418.832
  0.004   730418.839
  0.010   730418.839
  0.003   730418.846
  0.008   730418.846
  0.004   730418.853
  0.009   730418.853
  0.004   730418.860
  0.009   730418.860
  0.004   730418.867
  0.009   730418.867
  0.003   730418.874
  0.009   730418.874
  0.003   730418.882
  0.009   730418.882
  0.003   730418.889
  0.009   730418.890
  0.003   730418.896
  0.012   730418.897
  0.005   730418.903
  0.009   730418.904
  0.004   730418.910
  0.008   730418.911
  0.003   730418.917
  0.010   730418.918
  0.003   730418.924
  0.011   730418.925
  0.005   730418.931
  0.011   730418.932
  0.003   730418.938
  0.008   730418.939
  0.005   730418.945
  0.010   730418.946
  0.004   730418.952
  0.009   730418.953
  0.003   730418.959
  0.009   730418.960
  0.003   730418.966
  0.009   730418.967
  0.003   730418.973
  0.009   730418.974
  0.004   730418.980
  0.009   730418.981
  0.002   730418.987
  0.003   730418.987
  0.007   730418.989
