  0.592   730149.003
  0.626   730149.010
  0.595   730149.017
  0.656   730149.024
  0.662   730149.031
  0.669   730149.037
  0.742   730149.044
  0.721   730149.051
  0.764   730149.058
  0.771   730149.065
  0.689   730149.072
  0.697   730149.115
  0.852   730149.121
  0.759   730149.128
  0.771   730149.135
  0.715   730149.142
  0.624   730149.149
  0.708   730149.156
  0.694   730149.162
  0.703   730149.169
  0.684   730149.176
  0.709   730149.183
  0.740   730149.190
  0.720   730149.197
  0.700   730149.204
  3.748   730149.210
  0.705   730149.218
  0.854   730149.225
  0.853   730149.232
 19.932   730149.239
  0.773   730149.246
  0.762   730149.253
  1.393   730149.260
  0.720   730149.267
  0.700   730149.274
  0.779   730149.281
  0.779   730149.287
  0.734   730149.294
  0.768   730149.301
  0.685   730149.308
  0.764   730149.315
  3.481   730149.322
  0.769   730149.329
  0.657   730149.336
  0.703   730149.343
  0.649   730149.350
  0.627   730149.357
  0.676   730149.364
  0.604   730149.372
  0.605   730149.378
  0.686   730149.385
  0.743   730149.392
  0.630   730149.399
    NaN   730149.406
  0.608   730149.412
  0.720   730149.419
  0.671   730149.426
  0.643   730149.433
  0.679   730149.440
  0.705   730149.447
 10.147   730149.455
  0.651   730149.461
  0.574   730149.468
  0.629   730149.475
  0.677   730149.482
  0.678   730149.489
  0.593   730149.496
  0.725   730149.503
  0.660   730149.510
  0.745   730149.517
  0.704   730149.524
  0.687   730149.530
  0.684   730149.537
  0.702   730149.544
  0.737   730149.551
  0.710   730149.558
  0.668   730149.565
  0.701   730149.572
  0.695   730149.578
  9.240   730149.586
  0.784   730149.592
  0.739   730149.600
  0.759   730149.607
  0.674   730149.614
  0.742   730149.621
  0.652   730149.628
  0.736   730149.635
  0.704   730149.642
  0.677   730149.649
  0.822   730149.656
  0.661   730149.662
  0.709   730149.669
  0.738   730149.676
  0.714   730149.683
  0.735   730149.690
  0.823   730149.697
  0.726   730149.704
  0.633   730149.711
  0.644   730149.718
  0.711   730149.725
  0.730   730149.732
 12.736   730149.739
  0.636   730149.746
  0.670   730149.753
  0.654   730149.759
  0.637   730149.767
  0.691   730149.774
  0.776   730149.781
  0.673   730149.787
  0.677   730149.795
  0.622   730149.801
  0.653   730149.808
  0.633   730149.815
  0.652   730149.822
  0.733   730149.829
  0.681   730149.836
  0.625   730149.843
  0.619   730149.850
  0.629   730149.857
  0.646   730149.864
  0.723   730149.873
  0.602   730149.878
  0.605   730149.885
  0.600   730149.891
 13.227   730149.899
  0.680   730149.905
  0.460   730149.912
  0.505   730149.919
  0.515   730149.926
  0.629   730149.933
  0.557   730149.940
  0.638   730149.947
  0.580   730149.954
  0.554   730149.961
  0.603   730149.968
  0.606   730149.975
  0.625   730149.982
  0.535   730149.989
  0.612   730149.996
