  0.369   730237.001
  1.169   730237.007
  1.296   730237.014
  1.242   730237.021
  1.226   730237.028
  2.826   730237.035
  1.237   730237.042
  1.126   730237.048
  1.167   730237.055
  1.030   730237.062
  1.316   730237.069
  1.167   730237.076
  1.076   730237.084
  1.201   730237.090
  1.157   730237.097
  1.153   730237.104
  1.148   730237.111
  1.315   730237.118
  1.135   730237.125
  1.236   730237.132
  1.135   730237.139
  1.049   730237.146
  1.172   730237.153
  1.138   730237.160
  1.092   730237.167
  0.988   730237.173
  1.019   730237.180
  1.157   730237.187
  1.614   730237.194
  1.147   730237.201
  0.879   730237.209
  0.970   730237.215
  0.911   730237.222
  1.017   730237.229
  0.956   730237.236
  0.909   730237.243
  0.964   730237.250
  0.998   730237.257
  2.123   730237.264
  0.913   730237.271
  0.970   730237.278
  0.918   730237.285
  0.949   730237.292
  0.839   730237.299
  0.889   730237.305
  0.844   730237.312
  0.970   730237.319
  0.870   730237.326
  0.912   730237.334
  0.887   730237.340
  1.014   730237.347
  0.974   730237.354
  0.808   730237.361
  0.968   730237.368
  1.154   730237.375
  0.951   730237.382
  1.028   730237.389
  1.159   730237.396
  1.277   730237.403
  1.276   730237.410
  1.267   730237.417
  1.415   730237.423
  1.451   730237.430
  1.454   730237.437
  1.511   730237.444
  1.421   730237.451
  1.366   730237.459
  1.522   730237.465
  1.720   730237.472
  1.301   730237.479
  1.621   730237.486
  1.522   730237.493
  1.550   730237.500
  1.347   730237.507
  1.398   730237.514
  1.217   730237.521
  1.374   730237.528
  1.251   730237.535
  1.346   730237.542
  1.282   730237.548
  1.341   730237.555
  1.096   730237.562
  1.280   730237.569
  1.435   730237.576
  1.387   730237.584
  1.348   730237.590
  1.458   730237.597
  1.101   730237.604
  1.243   730237.611
  1.389   730237.618
  1.396   730237.625
  1.226   730237.632
  1.378   730237.639
  1.514   730237.646
  1.418   730237.653
  1.349   730237.660
  1.218   730237.667
  1.306   730237.674
  1.337   730237.680
  1.380   730237.688
  1.263   730237.694
  1.346   730237.701
  1.218   730237.709
  1.263   730237.715
  1.295   730237.722
  1.308   730237.729
  1.194   730237.736
  1.173   730237.743
  1.175   730237.751
  0.991   730237.757
  1.129   730237.764
  1.224   730237.771
  1.201   730237.778
  1.164   730237.785
  1.066   730237.792
  1.037   730237.799
  1.105   730237.805
  1.107   730237.812
  1.041   730237.819
  0.997   730237.826
  1.036   730237.834
  0.926   730237.840
  1.051   730237.847
  0.956   730237.854
  0.866   730237.861
  1.058   730237.868
  0.827   730237.876
  0.909   730237.882
  0.870   730237.889
  0.936   730237.896
  1.026   730237.903
  0.965   730237.910
  0.985   730237.917
  0.977   730237.924
  0.887   730237.931
  1.034   730237.937
  0.979   730237.944
  0.982   730237.951
  0.990   730237.959
  0.881   730237.965
  0.954   730237.972
  1.174   730237.980
  0.890   730237.987
  0.862   730237.993
