  3.895   730203.014
  3.860   730203.021
  3.634   730203.028
  4.585   730203.035
  3.803   730203.042
  4.130   730203.049
  3.532   730203.055
  3.403   730203.056
  4.146   730203.062
  3.849   730203.069
  3.485   730203.076
  3.720   730203.104
  4.013   730203.125
  4.014   730203.132
  4.154   730203.153
  4.400   730203.160
  4.490   730203.174
  3.755   730203.194
  4.146   730203.202
  4.131   730203.215
  3.621   730203.222
  3.369   730203.236
  3.593   730203.244
  3.891   730203.250
  3.682   730203.257
  4.209   730203.264
  3.798   730203.271
  4.030   730203.278
  3.832   730203.306
  4.199   730203.312
  3.706   730203.327
  3.472   730203.334
  3.508   730203.340
  3.681   730203.347
  3.646   730203.354
  3.786   730203.369
  3.725   730203.396
  3.530   730203.403
  3.653   730203.410
  3.609   730203.417
  3.622   730203.431
  3.892   730203.438
  3.990   730203.444
  3.016   730203.458
  3.638   730203.465
  3.467   730203.486
  3.443   730203.494
  3.408   730203.500
  3.542   730203.507
  3.598   730203.514
  3.445   730203.522
  3.537   730203.528
  3.147   730203.535
  3.571   730203.542
  3.954   730203.549
  3.620   730203.556
  3.500   730203.562
  4.235   730203.569
  3.557   730203.577
  3.510   730203.590
  3.702   730203.597
  3.748   730203.604
  3.451   730203.611
  3.839   730203.619
  3.672   730203.625
  4.043   730203.632
  4.175   730203.639
  3.942   730203.647
  3.830   730203.660
  3.676   730203.674
  3.276   730203.681
  4.430   730203.688
  4.039   730203.694
  3.333   730203.708
  3.905   730203.715
  3.399   730203.722
  3.471   730203.736
  3.583   730203.743
  3.248   730203.764
  3.527   730203.771
  3.654   730203.778
  3.571   730203.792
  3.545   730203.799
  3.748   730203.806
  3.263   730203.820
  4.051   730203.848
  4.663   730203.855
  3.670   730203.869
  3.840   730203.883
  3.724   730203.890
  3.657   730203.897
  3.465   730203.903
  3.844   730203.910
  3.731   730203.917
  3.569   730203.931
  4.276   730203.938
  3.784   730203.945
  4.179   730203.952
  3.600   730203.973
  3.776   730203.980
  3.673   730203.987
  3.986   730203.994
