  0.109   730197.000
  0.127   730197.007
  0.131   730197.014
  0.134   730197.021
  0.126   730197.028
  0.127   730197.035
  0.131   730197.042
  0.137   730197.049
  0.336   730197.056
  0.132   730197.062
  0.116   730197.069
  0.121   730197.076
  0.105   730197.083
  0.134   730197.090
  0.133   730197.097
  0.126   730197.104
  0.119   730197.111
  0.139   730197.118
  0.121   730197.125
  0.124   730197.132
  0.145   730197.139
  0.132   730197.146
  0.140   730197.153
  0.136   730197.160
  0.158   730197.167
  0.154   730197.174
  0.157   730197.181
  0.157   730197.188
  0.166   730197.194
  0.168   730197.201
  0.182   730197.208
  0.181   730197.215
  0.164   730197.222
  0.156   730197.229
  0.155   730197.239
  0.152   730197.251
  0.152   730197.265
  0.157   730197.276
  0.169   730197.278
  0.144   730197.285
  0.164   730197.296
  0.138   730197.303
  0.152   730197.306
  0.156   730197.315
  0.126   730197.319
  0.148   730197.329
  0.154   730197.337
  0.167   730197.349
  0.160   730197.357
  0.176   730197.362
  0.180   730197.369
  0.163   730197.375
  0.196   730197.390
  0.212   730197.396
  0.220   730197.403
  0.231   730197.410
  0.208   730197.417
  0.216   730197.424
  0.221   730197.431
  0.229   730197.438
  0.211   730197.444
  0.223   730197.452
  0.243   730197.458
  0.247   730197.465
  0.257   730197.472
  0.224   730197.479
  0.234   730197.486
  0.252   730197.493
  0.449   730197.500
  0.236   730197.507
  0.245   730197.514
  0.212   730197.521
  0.247   730197.528
  0.241   730197.535
  0.246   730197.542
  0.257   730197.549
  0.237   730197.556
  0.216   730197.562
  0.252   730197.569
  0.245   730197.576
  0.244   730197.583
  0.208   730197.590
  0.249   730197.597
  0.235   730197.604
  0.238   730197.611
  0.241   730197.618
  0.252   730197.625
  0.244   730197.632
  0.259   730197.639
  0.290   730197.646
  0.280   730197.653
  0.262   730197.660
  0.270   730197.667
  0.267   730197.674
  0.257   730197.681
  0.301   730197.688
  0.310   730197.694
  0.324   730197.701
  0.293   730197.708
  0.358   730197.715
  0.338   730197.722
  0.338   730197.729
  0.327   730197.736
  0.315   730197.743
  0.381   730197.750
  0.363   730197.757
  0.326   730197.764
  0.285   730197.771
  0.299   730197.778
  0.321   730197.785
  0.335   730197.792
  0.331   730197.799
  0.337   730197.806
  0.306   730197.812
  0.327   730197.819
  0.309   730197.826
  0.320   730197.833
  0.338   730197.840
  0.333   730197.847
  0.325   730197.854
  0.358   730197.861
  0.334   730197.868
    NaN   730197.875
  0.379   730197.882
  0.342   730197.889
  0.347   730197.896
  0.373   730197.903
  0.377   730197.910
  0.356   730197.917
  0.412   730197.924
  0.385   730197.931
  0.368   730197.938
  0.377   730197.944
  0.419   730197.951
  0.421   730197.958
  0.396   730197.965
  0.355   730197.972
  0.386   730197.979
  0.390   730197.986
  0.373   730197.993
