  2.286   730197.001
  2.813   730197.008
  2.187   730197.015
  2.310   730197.022
  1.867   730197.029
  1.951   730197.037
  1.947   730197.043
  1.836   730197.050
  2.009   730197.057
  2.062   730197.064
  1.873   730197.071
  1.978   730197.079
  2.079   730197.085
  1.881   730197.092
  2.118   730197.099
  2.636   730197.106
  2.320   730197.113
  2.471   730197.121
  2.635   730197.126
  3.049   730197.133
  2.721   730197.140
  3.045   730197.147
  3.323   730197.154
  3.443   730197.162
  3.072   730197.168
  4.153   730197.175
  3.475   730197.182
  3.581   730197.189
  8.718   730197.196
  5.758   730197.204
  0.000   730197.210
  0.000   730197.226
  0.000   730197.233
  0.000   730197.253
  0.000   730197.265
  0.000   730197.272
  0.000   730197.281
  2.301   730197.317
  2.554   730197.322
  2.617   730197.333
  2.473   730197.347
  2.419   730197.379
  2.231   730197.392
  2.226   730197.402
  2.134   730197.405
  2.355   730197.412
  2.224   730197.418
  2.012   730197.425
  2.213   730197.432
  2.011   730197.439
  1.964   730197.446
  2.219   730197.455
  2.043   730197.460
  2.200   730197.467
  2.027   730197.474
  2.062   730197.481
  1.949   730197.488
    NaN   730197.496
  1.811   730197.501
  1.893   730197.508
  1.738   730197.515
  1.998   730197.522
  1.852   730197.529
  1.818   730197.537
  1.728   730197.543
  1.824   730197.550
  1.785   730197.557
  1.810   730197.564
  1.901   730197.571
  1.812   730197.579
  1.801   730197.585
  1.933   730197.592
  1.783   730197.599
  1.825   730197.606
  1.961   730197.613
  1.981   730197.621
  1.826   730197.626
  1.931   730197.633
  1.839   730197.640
  1.826   730197.647
  1.540   730197.654
  1.806   730197.662
  1.844   730197.668
  1.666   730197.675
  1.717   730197.682
  1.680   730197.689
  1.777   730197.696
  1.770   730197.704
  1.617   730197.710
  1.771   730197.717
  1.732   730197.724
  1.748   730197.731
  1.591   730197.738
  1.799   730197.746
  1.991   730197.751
  1.768   730197.758
  1.915   730197.765
  1.736   730197.773
  1.995   730197.779
  1.670   730197.787
  1.888   730197.793
  1.846   730197.800
  2.006   730197.807
  1.648   730197.814
  1.779   730197.821
  1.870   730197.829
  2.198   730197.835
  1.884   730197.842
  2.067   730197.849
  1.899   730197.856
  1.828   730197.863
  2.054   730197.871
  1.939   730197.876
  2.027   730197.883
  2.029   730197.890
  2.181   730197.898
  2.019   730197.904
  1.932   730197.912
  2.146   730197.918
  1.884   730197.925
  2.188   730197.932
  2.069   730197.939
  2.001   730197.946
  2.261   730197.954
  2.060   730197.960
  2.323   730197.967
  1.996   730197.974
  1.808   730197.981
  2.104   730197.988
    NaN   730197.996
