  2.020   729340.001
  2.670   729340.010
  2.439   729340.021
  2.959   729340.031
  3.453   729340.042
  3.290   729340.052
  3.049   729340.063
  3.344   729340.073
  4.243   729340.083
  4.754   729340.094
  3.724   729340.104
  3.166   729340.115
  3.003   729340.125
  2.668   729340.135
  2.898   729340.146
  2.879   729340.156
  3.229   729340.167
  3.571   729340.177
  3.990   729340.188
  3.811   729340.198
  4.524   729340.208
  4.381   729340.219
  4.084   729340.229
  5.094   729340.240
  3.937   729340.250
  4.107   729340.260
  2.981   729340.271
  2.397   729340.281
  3.532   729340.292
  2.940   729340.302
  2.489   729340.313
  2.381   729340.323
  2.122   729340.333
  2.212   729340.344
  2.085   729340.354
  2.517   729340.365
  2.584   729340.375
  2.357   729340.385
  2.220   729340.396
  2.391   729340.406
  2.528   729340.417
  2.415   729340.427
  1.924   729340.438
  1.637   729340.448
  1.720   729340.458
  1.808   729340.469
  1.847   729340.479
  1.615   729340.490
  1.801   729340.500
  1.868   729340.510
  1.795   729340.521
  1.600   729340.531
  1.658   729340.542
  1.615   729340.552
  2.010   729340.563
  2.091   729340.573
  2.288   729340.583
  2.309   729340.594
  3.200   729340.604
  3.692   729340.615
  2.799   729340.625
  2.985   729340.635
  4.643   729340.646
  3.891   729340.656
  3.707   729340.667
  3.384   729340.677
  3.396   729340.688
  2.520   729340.698
  2.741   729340.708
  3.447   729340.719
  3.099   729340.729
  2.708   729340.740
  2.640   729340.750
  3.663   729340.760
  2.558   729340.771
  2.318   729340.781
  2.973   729340.792
  2.871   729340.802
  3.620   729340.813
  2.781   729340.823
  3.080   729340.833
  2.936   729340.844
  2.818   729340.854
  2.950   729340.865
  3.455   729340.875
    NaN   729340.885
  3.313   729340.896
  4.269   729340.906
  4.434   729340.917
  4.062   729340.927
  2.950   729340.938
  3.323   729340.948
  2.158   729340.958
  3.931   729340.969
  1.712   729340.979
  1.570   729340.990
