  7.727   730402.001
  0.918   730402.001
  5.805   730402.008
  5.465   730402.015
  5.553   730402.022
  3.734   730402.029
  6.487   730402.036
  2.772   730402.043
  3.437   730402.049
  6.825   730402.056
  3.393   730402.063
  1.889   730402.071
  1.973   730402.077
  2.060   730402.084
  3.307   730402.091
  2.368   730402.098
  2.082   730402.105
  2.049   730402.112
  1.805   730402.119
  2.257   730402.126
  2.052   730402.133
  2.096   730402.140
  1.988   730402.147
  1.795   730402.154
  2.022   730402.161
  1.917   730402.167
  1.918   730402.174
  1.902   730402.181
  1.921   730402.188
  2.013   730402.196
  1.991   730402.202
  1.766   730402.209
  1.737   730402.216
  1.863   730402.223
  1.675   730402.230
  1.686   730402.237
  1.656   730402.244
  1.693   730402.251
  1.719   730402.258
  1.563   730402.265
  1.767   730402.272
  1.821   730402.279
  2.345   730402.286
  1.484   730402.293
  1.613   730402.299
  1.844   730402.306
  3.684   730402.313
  1.715   730402.321
  1.565   730402.327
  1.553   730402.334
  3.645   730402.341
  1.687   730402.348
  1.485   730402.355
  1.511   730402.363
  1.794   730402.369
  1.582   730402.376
  1.687   730402.383
  1.776   730402.390
  1.595   730402.397
  1.699   730402.404
  1.675   730402.411
  1.505   730402.417
  1.451   730402.424
  1.459   730402.431
  5.470   730402.438
  1.530   730402.446
  1.862   730402.452
  1.770   730402.460
  1.631   730402.466
  6.648   730402.473
  6.121   730402.480
  5.924   730402.487
  1.835   730402.494
  1.566   730402.501
  3.738   730402.508
  1.575   730402.515
  1.624   730402.522
  1.734   730402.529
  1.452   730402.536
  1.495   730402.542
  1.401   730402.549
  2.160   730402.556
  1.842   730402.563
  1.417   730402.571
  1.632   730402.577
  1.564   730402.584
  2.244   730402.591
  1.951   730402.598
  1.597   730402.605
  1.556   730402.613
  1.475   730402.619
  1.485   730402.626
  1.665   730402.633
  1.575   730402.640
  1.755   730402.647
  1.708   730402.654
  1.748   730402.661
  1.470   730402.667
  1.572   730402.674
  1.637   730402.681
  1.461   730402.688
  1.485   730402.696
  1.342   730402.702
  1.508   730402.709
  1.149   730402.716
  1.515   730402.723
  1.226   730402.730
  1.259   730402.737
  1.234   730402.744
  1.154   730402.751
  1.378   730402.758
  1.165   730402.765
  1.284   730402.772
  1.070   730402.779
  1.001   730402.786
  1.046   730402.792
  1.221   730402.799
  0.969   730402.799
  1.026   730402.806
  3.640   730402.813
  1.000   730402.821
  1.047   730402.827
  1.008   730402.834
  1.016   730402.841
  1.017   730402.848
  1.007   730402.855
  1.004   730402.862
  1.021   730402.869
  1.000   730402.876
  1.053   730402.883
  2.256   730402.890
  7.983   730402.898
  6.292   730402.905
  4.455   730402.911
  7.250   730402.917
  4.821   730402.924
  3.311   730402.931
  5.721   730402.938
  7.131   730402.946
  5.646   730402.952
  4.378   730402.959
  4.192   730402.966
  5.226   730402.973
  1.032   730402.980
  1.029   730402.988
  1.089   730402.994
