  0.358   730402.001
  0.137   730402.001
  0.365   730402.008
  0.411   730402.015
  0.420   730402.022
  0.415   730402.029
  0.405   730402.036
  0.410   730402.043
  0.363   730402.049
  0.411   730402.056
  0.333   730402.063
  0.441   730402.071
  0.395   730402.077
  0.391   730402.084
  0.401   730402.091
  0.425   730402.098
  0.375   730402.105
  0.362   730402.112
  0.362   730402.119
  0.427   730402.126
  0.396   730402.133
  0.366   730402.140
  0.379   730402.147
  0.311   730402.154
  0.434   730402.161
  0.373   730402.167
  0.412   730402.174
  0.341   730402.181
  0.391   730402.188
  0.357   730402.196
  0.352   730402.202
  0.376   730402.209
  0.378   730402.216
  0.375   730402.223
  0.364   730402.230
  0.327   730402.237
  0.899   730402.244
  0.334   730402.251
  0.362   730402.258
  0.383   730402.265
  0.344   730402.272
  0.359   730402.279
  0.334   730402.286
  0.303   730402.293
  0.342   730402.299
  0.357   730402.306
  0.335   730402.313
  0.321   730402.321
  0.354   730402.327
  0.304   730402.334
  0.330   730402.341
  0.304   730402.348
  0.314   730402.355
  0.328   730402.363
  0.300   730402.369
  0.298   730402.376
  0.313   730402.383
  0.314   730402.390
  0.274   730402.397
  0.304   730402.404
  0.327   730402.411
  0.296   730402.417
  0.299   730402.424
  0.308   730402.431
  0.292   730402.438
  0.294   730402.446
  0.291   730402.452
  0.298   730402.460
  0.300   730402.466
  0.303   730402.473
  0.312   730402.480
  0.290   730402.487
  0.265   730402.494
  0.306   730402.501
  0.276   730402.508
  0.299   730402.515
  0.306   730402.522
  0.264   730402.529
  0.306   730402.536
  0.304   730402.542
  0.285   730402.549
  0.269   730402.556
  0.279   730402.563
  0.304   730402.571
  0.322   730402.577
  0.313   730402.584
  0.316   730402.591
  0.296   730402.598
  0.278   730402.605
  0.327   730402.613
  0.296   730402.619
  0.310   730402.626
  0.326   730402.633
  0.307   730402.640
  0.297   730402.647
  0.318   730402.654
  0.297   730402.661
  0.291   730402.667
  0.280   730402.674
  0.309   730402.681
  0.283   730402.688
  0.282   730402.696
  0.237   730402.702
  0.286   730402.709
  0.255   730402.716
  0.298   730402.723
  0.254   730402.730
  0.270   730402.737
  0.945   730402.744
  0.249   730402.751
  0.256   730402.758
  0.238   730402.765
  0.229   730402.772
  0.247   730402.779
  0.224   730402.786
  0.234   730402.792
  0.230   730402.799
  0.227   730402.799
  0.234   730402.806
  0.207   730402.813
  0.210   730402.821
  0.197   730402.827
  0.255   730402.834
  0.265   730402.841
  0.225   730402.848
  0.222   730402.855
  0.236   730402.862
  0.229   730402.869
  0.255   730402.876
  0.239   730402.883
  0.219   730402.890
  0.229   730402.898
  0.227   730402.905
  0.218   730402.911
  0.225   730402.917
  0.251   730402.924
  0.242   730402.931
  0.221   730402.938
  0.259   730402.946
  0.235   730402.952
  0.235   730402.959
  0.233   730402.966
  0.245   730402.973
  0.272   730402.980
  0.211   730402.988
  0.272   730402.994
