  0.657   730402.002
  1.150   730402.002
  1.085   730402.008
  0.569   730402.015
  1.589   730402.022
  0.612   730402.030
  0.611   730402.036
  0.615   730402.043
  0.593   730402.050
  0.574   730402.056
  0.590   730402.064
  0.597   730402.072
  0.666   730402.078
  0.683   730402.085
  0.605   730402.092
  0.667   730402.099
  0.591   730402.105
  0.640   730402.113
  0.584   730402.119
  0.634   730402.126
  0.608   730402.133
  0.555   730402.140
  0.631   730402.147
  0.553   730402.155
  0.628   730402.161
  0.570   730402.168
  0.615   730402.175
  0.594   730402.182
  0.599   730402.189
  0.516   730402.197
  0.521   730402.203
  0.564   730402.210
  0.571   730402.217
  0.588   730402.223
  0.534   730402.230
  0.571   730402.238
  0.531   730402.244
  0.572   730402.251
  0.564   730402.258
  0.531   730402.265
  0.554   730402.272
  0.507   730402.280
  0.560   730402.286
  0.528   730402.293
  0.494   730402.300
  0.521   730402.307
  0.530   730402.314
  0.501   730402.322
  0.549   730402.328
  0.513   730402.335
  0.532   730402.342
  0.553   730402.349
  0.471   730402.356
  0.581   730402.363
  0.528   730402.370
  0.500   730402.376
  0.526   730402.383
  0.464   730402.390
  0.516   730402.397
  0.555   730402.405
  0.482   730402.411
  0.463   730402.418
  0.555   730402.425
  0.467   730402.432
  0.580   730402.439
  0.534   730402.447
  0.450   730402.453
  0.490   730402.460
  0.561   730402.467
  0.463   730402.474
  0.479   730402.480
  0.522   730402.488
  0.500   730402.494
  0.570   730402.501
  0.500   730402.508
  0.544   730402.515
  0.615   730402.522
  0.541   730402.530
  0.577   730402.536
  0.546   730402.543
  0.551   730402.550
  0.573   730402.557
  0.628   730402.564
  0.542   730402.572
  0.538   730402.578
  0.530   730402.585
  0.525   730402.592
  0.551   730402.599
  0.504   730402.605
  0.566   730402.613
  0.654   730402.619
  0.622   730402.626
  0.523   730402.633
  0.578   730402.640
  0.555   730402.647
  0.566   730402.655
  0.445   730402.661
  0.530   730402.668
  0.573   730402.675
  0.590   730402.682
  0.550   730402.689
  0.589   730402.697
  0.526   730402.703
  0.592   730402.710
  0.596   730402.717
  0.551   730402.724
  0.506   730402.730
  0.548   730402.738
  0.575   730402.744
  0.544   730402.751
  0.501   730402.758
  0.602   730402.765
  0.539   730402.772
  0.506   730402.780
  0.509   730402.786
  0.575   730402.793
  0.473   730402.800
  0.509   730402.800
  0.553   730402.807
  0.452   730402.814
  0.444   730402.822
  0.550   730402.828
  0.489   730402.835
  0.497   730402.842
  0.519   730402.849
  0.489   730402.856
  0.572   730402.863
  3.699   730402.869
  0.527   730402.876
  0.487   730402.883
  0.499   730402.890
  0.488   730402.899
  0.514   730402.906
  0.556   730402.911
  0.589   730402.918
  0.473   730402.925
  0.523   730402.932
  0.508   730402.939
  0.524   730402.946
  0.455   730402.953
  0.497   730402.960
  0.450   730402.967
  0.508   730402.974
  0.464   730402.981
  0.485   730402.988
  0.470   730402.994
