  0.330   730402.001
  0.099   730402.001
  0.337   730402.007
  0.272   730402.014
  0.317   730402.021
  0.348   730402.029
  0.351   730402.035
  0.314   730402.042
  0.315   730402.049
  0.332   730402.056
  0.364   730402.063
  0.369   730402.070
  0.313   730402.077
  0.307   730402.084
  0.322   730402.091
  0.360   730402.098
  0.374   730402.105
  0.379   730402.112
  0.344   730402.118
  0.391   730402.125
  0.296   730402.132
  0.353   730402.139
  0.372   730402.146
  0.353   730402.154
  0.315   730402.160
  0.331   730402.167
  0.348   730402.174
  0.365   730402.181
  0.339   730402.188
  0.329   730402.195
  0.339   730402.202
  0.335   730402.209
  0.380   730402.216
  0.346   730402.223
  0.341   730402.230
  0.346   730402.237
  0.336   730402.243
  0.335   730402.250
  0.308   730402.257
  0.319   730402.264
  0.315   730402.271
  0.316   730402.279
  0.316   730402.285
  0.305   730402.292
  0.310   730402.299
  0.310   730402.306
  0.267   730402.313
  0.322   730402.320
  0.322   730402.327
  0.301   730402.334
  0.298   730402.341
  0.293   730402.348
  0.309   730402.355
  0.285   730402.362
  0.310   730402.369
  0.292   730402.375
  0.300   730402.382
  0.300   730402.389
  0.289   730402.396
  0.296   730402.404
  0.310   730402.410
  0.283   730402.417
  0.317   730402.424
  0.266   730402.431
  0.290   730402.438
  0.284   730402.445
  0.293   730402.452
  0.323   730402.459
  0.310   730402.466
  0.263   730402.473
  0.289   730402.480
  4.218   730402.487
  0.291   730402.493
  0.300   730402.500
  0.267   730402.507
  0.311   730402.514
  0.276   730402.521
  0.255   730402.529
  0.282   730402.535
  0.290   730402.542
  0.234   730402.549
  0.253   730402.556
  0.259   730402.563
  0.269   730402.570
  0.255   730402.577
  0.260   730402.584
  0.265   730402.591
  0.260   730402.598
  0.299   730402.605
  0.273   730402.612
  0.252   730402.618
  0.247   730402.625
  0.246   730402.632
  0.250   730402.639
  0.313   730402.646
  0.264   730402.654
  0.236   730402.660
  0.250   730402.667
  0.239   730402.674
  0.257   730402.681
  0.266   730402.688
  0.243   730402.695
  0.230   730402.702
  0.215   730402.709
  0.221   730402.716
  0.244   730402.723
  0.240   730402.730
  0.198   730402.737
  0.237   730402.743
  0.244   730402.750
  0.200   730402.757
  0.199   730402.764
  0.194   730402.771
  0.226   730402.779
  0.209   730402.785
  0.215   730402.792
  0.240   730402.799
  0.194   730402.799
  0.181   730402.806
  0.227   730402.813
  0.185   730402.820
  0.202   730402.827
  0.197   730402.834
  0.204   730402.841
  0.211   730402.848
  0.164   730402.855
  0.195   730402.862
  0.179   730402.868
  0.192   730402.875
  0.185   730402.882
  0.189   730402.889
  0.199   730402.897
  0.197   730402.904
  0.194   730402.910
  0.181   730402.917
  0.191   730402.924
  0.155   730402.931
  0.169   730402.938
  0.171   730402.945
  0.187   730402.952
  0.169   730402.959
  0.173   730402.966
  0.157   730402.973
  0.161   730402.980
  2.979   730402.987
  0.173   730402.993
