  0.085   730348.000
  0.022   730348.000
  0.081   730348.007
  0.079   730348.014
  0.087   730348.021
  0.085   730348.028
  0.078   730348.035
  0.086   730348.042
  0.080   730348.049
  0.095   730348.056
  0.077   730348.063
  0.083   730348.070
  0.080   730348.077
  0.082   730348.084
  0.088   730348.091
  0.082   730348.097
  0.086   730348.105
  0.082   730348.111
  1.013   730348.118
  0.080   730348.125
  0.077   730348.132
  0.075   730348.139
  0.083   730348.146
  0.081   730348.153
  0.080   730348.160
  0.079   730348.167
  0.079   730348.174
  0.077   730348.181
  0.075   730348.188
  0.076   730348.195
  0.076   730348.202
  0.076   730348.209
  0.087   730348.216
  0.076   730348.223
  0.073   730348.229
  0.077   730348.236
  0.099   730348.243
  0.086   730348.250
  0.078   730348.257
  0.088   730348.264
  0.076   730348.271
  0.094   730348.278
  0.086   730348.285
  0.081   730348.292
  0.070   730348.299
  0.065   730348.306
  0.079   730348.313
  0.082   730348.320
  0.068   730348.327
  0.068   730348.334
  0.074   730348.341
  0.069   730348.347
  0.074   730348.354
  0.065   730348.361
  0.063   730348.368
  0.074   730348.375
  0.068   730348.382
  0.071   730348.389
  0.070   730348.396
  0.068   730348.403
  0.062   730348.410
  0.065   730348.417
  0.073   730348.424
  0.069   730348.431
  0.072   730348.438
  0.074   730348.445
  0.066   730348.452
  0.068   730348.459
  0.072   730348.466
  0.070   730348.472
  0.074   730348.480
  0.146   730348.486
  0.076   730348.493
  0.074   730348.500
  0.080   730348.507
  0.072   730348.514
  0.071   730348.521
  0.066   730348.528
  0.073   730348.535
  0.072   730348.542
  0.065   730348.549
  0.078   730348.556
  0.080   730348.563
  0.072   730348.570
  0.068   730348.577
  0.072   730348.584
  0.075   730348.591
  0.068   730348.598
  0.076   730348.605
  0.078   730348.611
  0.074   730348.618
  0.072   730348.625
  0.086   730348.632
  0.068   730348.639
  0.079   730348.646
  0.079   730348.653
  0.075   730348.660
  0.074   730348.667
  0.075   730348.674
  0.078   730348.681
  0.080   730348.688
  0.069   730348.695
  0.074   730348.702
  0.074   730348.709
  0.069   730348.716
  0.070   730348.722
  0.082   730348.729
  0.081   730348.736
  0.080   730348.743
  0.076   730348.750
  0.078   730348.757
  0.079   730348.764
  0.086   730348.771
  0.075   730348.778
  0.069   730348.785
  0.080   730348.792
  0.094   730348.799
  0.118   730348.806
  0.071   730348.813
  0.078   730348.820
  0.077   730348.827
  0.077   730348.834
  0.076   730348.841
  0.071   730348.847
  0.073   730348.854
  0.065   730348.861
  0.071   730348.868
  0.067   730348.875
  0.069   730348.882
  0.070   730348.889
  0.098   730348.896
  0.061   730348.903
  0.066   730348.910
  0.155   730348.917
  0.064   730348.924
  0.060   730348.931
  0.064   730348.938
  0.064   730348.944
  0.067   730348.951
  0.066   730348.958
  0.058   730348.965
  0.064   730348.972
  0.066   730348.979
  0.061   730348.986
  0.059   730348.993
