  1.789   730348.000
  6.414   730348.000
  1.953   730348.007
  2.034   730348.014
  1.883   730348.021
  1.855   730348.028
  2.236   730348.035
  1.831   730348.042
  1.867   730348.049
  2.058   730348.055
  1.709   730348.063
  1.730   730348.069
  1.753   730348.076
  6.766   730348.083
  1.886   730348.090
  1.720   730348.097
  1.549   730348.104
  1.889   730348.111
  1.774   730348.118
  1.712   730348.125
  1.621   730348.132
  6.542   730348.139
  1.565   730348.146
  1.740   730348.153
  1.749   730348.160
  1.681   730348.167
  1.608   730348.174
  4.449   730348.181
  1.649   730348.188
  1.676   730348.194
  1.793   730348.201
  1.757   730348.208
  1.381   730348.215
  1.782   730348.222
  1.519   730348.229
  1.619   730348.236
  1.606   730348.243
  1.482   730348.250
  1.919   730348.257
  2.091   730348.264
  2.015   730348.271
  1.800   730348.278
  1.641   730348.285
  1.689   730348.292
  1.750   730348.299
  1.609   730348.306
  1.817   730348.313
  1.688   730348.320
  1.788   730348.326
  1.657   730348.333
  1.658   730348.340
  4.746   730348.347
  1.868   730348.354
  1.756   730348.361
  1.784   730348.368
  1.938   730348.375
  1.906   730348.382
  2.146   730348.389
  1.967   730348.396
  1.918   730348.403
  1.964   730348.410
  1.807   730348.417
  1.875   730348.424
  1.607   730348.431
  1.556   730348.438
  1.806   730348.444
  1.898   730348.451
  1.569   730348.458
  1.661   730348.465
  1.738   730348.472
  1.626   730348.479
  1.750   730348.486
  1.813   730348.493
  1.625   730348.500
  1.818   730348.507
  1.829   730348.514
  1.890   730348.521
  1.740   730348.528
  1.815   730348.535
  1.742   730348.542
  1.922   730348.549
  1.841   730348.556
  1.834   730348.563
  1.796   730348.569
  1.930   730348.576
  1.854   730348.583
  1.903   730348.590
  1.493   730348.597
  1.790   730348.604
  1.821   730348.611
  1.944   730348.618
  1.973   730348.625
  1.940   730348.632
  1.752   730348.639
  1.924   730348.646
  1.890   730348.653
  1.805   730348.660
  1.886   730348.667
  1.939   730348.674
  1.986   730348.681
  1.858   730348.688
  2.004   730348.694
  2.029   730348.701
  2.322   730348.709
  2.008   730348.715
  1.990   730348.722
  2.324   730348.729
  1.958   730348.736
  2.122   730348.743
  2.125   730348.750
  2.220   730348.757
  2.132   730348.764
  9.302   730348.771
  1.940   730348.778
  1.897   730348.785
  2.242   730348.792
  2.180   730348.799
  1.840   730348.806
  2.054   730348.813
  2.306   730348.819
  1.898   730348.826
  2.163   730348.833
  2.069   730348.840
  2.260   730348.847
  2.153   730348.854
  2.236   730348.861
  1.968   730348.868
  2.188   730348.875
  2.434   730348.882
  2.268   730348.889
  2.473   730348.896
  2.192   730348.903
  2.366   730348.910
  2.319   730348.917
  1.977   730348.924
  2.050   730348.931
  2.378   730348.937
  2.151   730348.944
  2.462   730348.951
  1.879   730348.958
  2.706   730348.965
  5.007   730348.972
  8.712   730348.979
  4.856   730348.986
  2.129   730348.993
  2.148   730349.000
