  0.053   730348.000
  0.011   730348.000
  0.046   730348.007
  0.036   730348.014
  0.038   730348.021
  0.045   730348.028
  0.042   730348.035
  0.044   730348.042
  0.043   730348.049
  0.046   730348.056
  0.044   730348.063
  0.044   730348.070
  0.041   730348.077
  0.045   730348.084
  0.043   730348.091
  0.044   730348.097
  0.048   730348.105
  0.045   730348.111
  0.050   730348.118
  0.046   730348.125
  0.036   730348.132
  0.041   730348.139
  0.037   730348.146
  0.040   730348.153
  0.040   730348.160
  0.044   730348.167
  0.045   730348.174
  0.041   730348.181
  0.040   730348.188
  0.048   730348.195
  0.042   730348.202
  0.040   730348.209
  0.046   730348.216
  0.047   730348.223
  0.041   730348.229
  0.042   730348.236
  0.045   730348.243
  0.047   730348.250
  0.042   730348.257
  0.046   730348.264
  0.039   730348.271
  0.044   730348.278
  0.057   730348.285
  0.044   730348.292
  0.049   730348.299
  0.045   730348.306
  0.041   730348.313
  0.044   730348.320
  0.049   730348.327
  0.040   730348.334
  0.045   730348.341
  0.040   730348.347
  0.039   730348.354
  0.047   730348.361
  0.045   730348.368
  0.045   730348.375
  0.049   730348.382
  0.048   730348.389
  0.047   730348.396
  0.046   730348.403
  0.040   730348.410
  0.045   730348.417
  0.044   730348.424
  0.044   730348.431
  0.042   730348.438
  0.044   730348.445
  1.920   730348.452
  0.044   730348.459
  0.041   730348.466
  0.046   730348.472
  0.039   730348.480
  0.056   730348.486
  0.044   730348.493
  0.046   730348.500
  0.050   730348.507
  0.045   730348.514
  0.045   730348.521
  0.040   730348.528
  0.042   730348.535
  0.043   730348.542
  0.043   730348.549
  0.037   730348.556
  0.049   730348.563
  0.038   730348.570
  0.045   730348.577
  0.043   730348.584
  0.036   730348.591
  0.042   730348.598
  0.039   730348.605
  0.036   730348.611
  0.036   730348.618
  0.039   730348.625
  0.048   730348.632
  0.038   730348.639
  0.033   730348.646
  0.038   730348.653
  0.042   730348.660
  0.039   730348.667
  0.039   730348.674
  0.038   730348.681
  0.041   730348.688
  0.044   730348.695
  0.040   730348.702
  0.040   730348.709
  0.045   730348.716
  0.037   730348.722
  0.044   730348.729
  0.041   730348.736
  0.037   730348.743
  0.045   730348.750
  0.037   730348.757
  0.040   730348.764
  0.041   730348.771
  0.044   730348.778
  0.036   730348.785
  0.037   730348.792
  0.043   730348.799
  0.047   730348.806
  0.043   730348.813
  0.038   730348.820
  0.040   730348.827
  0.034   730348.834
  0.038   730348.841
  0.038   730348.847
  0.037   730348.854
  0.034   730348.861
  0.034   730348.868
  0.036   730348.875
  0.039   730348.882
  0.033   730348.889
  0.043   730348.896
  0.032   730348.903
  0.031   730348.910
  0.053   730348.917
  0.031   730348.924
  0.037   730348.931
  0.036   730348.938
  0.039   730348.944
  1.331   730348.951
  0.035   730348.958
  0.036   730348.965
  0.036   730348.972
  0.033   730348.979
  0.035   730348.986
  0.032   730348.993
