  0.253   730348.001
  0.110   730348.001
  0.231   730348.008
  0.238   730348.015
  0.263   730348.022
  0.231   730348.029
  0.218   730348.036
  0.197   730348.043
  0.219   730348.050
  0.221   730348.057
  0.210   730348.064
  0.222   730348.071
  0.203   730348.078
  0.226   730348.084
  0.199   730348.092
  0.211   730348.098
  0.219   730348.105
  0.202   730348.112
  0.218   730348.119
  0.202   730348.126
  0.215   730348.133
  0.209   730348.140
  0.204   730348.147
  0.196   730348.154
  0.223   730348.161
  0.204   730348.168
  0.222   730348.175
  0.203   730348.182
  0.209   730348.189
  0.191   730348.196
  0.211   730348.203
  0.213   730348.209
  0.191   730348.216
  0.187   730348.223
  0.232   730348.230
  0.270   730348.237
  0.189   730348.244
  0.196   730348.251
  0.213   730348.258
  0.196   730348.265
  0.231   730348.272
  0.186   730348.279
  0.225   730348.286
  0.218   730348.293
  0.231   730348.300
  0.210   730348.307
  0.215   730348.314
  0.217   730348.321
  0.196   730348.328
  0.204   730348.334
  0.224   730348.341
  0.205   730348.348
  0.203   730348.355
  0.218   730348.362
  0.197   730348.369
  0.195   730348.376
  0.202   730348.383
  0.198   730348.390
  0.197   730348.397
  0.193   730348.404
  4.120   730348.411
  0.198   730348.418
  0.193   730348.425
  0.184   730348.432
  0.196   730348.439
  0.178   730348.446
  0.196   730348.453
  0.185   730348.460
  0.168   730348.466
  0.168   730348.473
  0.179   730348.480
  0.159   730348.487
  0.246   730348.494
  0.177   730348.501
  0.160   730348.508
  0.164   730348.515
  0.151   730348.522
  0.163   730348.529
  0.139   730348.536
  0.146   730348.543
  0.139   730348.550
  0.134   730348.557
  0.158   730348.564
  0.140   730348.571
  0.145   730348.578
  0.130   730348.585
  0.146   730348.591
  0.147   730348.598
  0.140   730348.605
  0.144   730348.612
  0.134   730348.619
  0.142   730348.626
  0.152   730348.633
  0.142   730348.640
  0.139   730348.647
  0.160   730348.654
  0.143   730348.661
  0.151   730348.668
  0.123   730348.675
  0.136   730348.682
  0.144   730348.689
  0.144   730348.696
  0.148   730348.703
  0.144   730348.710
  0.140   730348.716
  0.139   730348.723
  0.158   730348.730
  0.125   730348.737
  0.130   730348.744
  0.132   730348.751
  0.134   730348.758
  0.122   730348.765
  0.130   730348.772
  0.133   730348.779
  0.130   730348.786
  0.123   730348.793
  0.127   730348.800
  0.121   730348.807
  0.117   730348.814
  0.112   730348.821
  0.127   730348.828
  0.462   730348.834
  0.117   730348.841
  0.099   730348.848
  0.120   730348.855
  0.117   730348.862
  0.114   730348.869
  0.112   730348.876
  0.119   730348.883
  0.113   730348.890
  0.110   730348.897
  0.109   730348.904
  2.436   730348.911
  0.108   730348.918
  0.108   730348.925
  0.101   730348.932
  0.105   730348.939
  0.101   730348.945
  0.102   730348.952
  0.093   730348.959
  0.104   730348.966
  0.097   730348.973
  0.099   730348.980
  0.098   730348.987
  0.087   730348.994
