  0.805   730286.001
  1.556   730286.007
  1.605   730286.014
  1.713   730286.021
  1.591   730286.028
  2.100   730286.035
  1.404   730286.042
  1.531   730286.049
  1.914   730286.056
  6.899   730286.063
  1.532   730286.070
  1.665   730286.077
  1.687   730286.084
  1.330   730286.091
  1.460   730286.098
  1.371   730286.105
  1.572   730286.112
  1.527   730286.119
  1.446   730286.125
  1.393   730286.132
  1.449   730286.139
  1.363   730286.146
  1.295   730286.153
  1.418   730286.160
  1.240   730286.167
  1.291   730286.174
  1.468   730286.181
  1.267   730286.188
  1.410   730286.195
  1.194   730286.202
  1.283   730286.209
  1.327   730286.216
  1.542   730286.223
  1.248   730286.230
  1.499   730286.237
  1.257   730286.244
  1.292   730286.251
  1.333   730286.257
  1.222   730286.264
  1.800   730286.271
  1.492   730286.278
  1.337   730286.285
  1.357   730286.292
  1.228   730286.299
  1.318   730286.306
  1.319   730286.313
  1.375   730286.320
  1.200   730286.327
  1.153   730286.334
  1.210   730286.341
  1.192   730286.348
  1.139   730286.355
  1.188   730286.362
  1.290   730286.369
  1.305   730286.376
  1.523   730286.382
  1.470   730286.389
  1.523   730286.396
  1.715   730286.403
  2.117   730286.410
  1.997   730286.417
  2.151   730286.424
  2.189   730286.431
  2.415   730286.438
  2.307   730286.445
  2.458   730286.452
  2.135   730286.459
  2.299   730286.466
  2.293   730286.473
  2.156   730286.480
  2.203   730286.487
  2.153   730286.494
  2.029   730286.501
  2.019   730286.508
  2.294   730286.514
  2.180   730286.521
  2.010   730286.528
  2.005   730286.535
  1.930   730286.542
  1.944   730286.549
  2.046   730286.556
  2.010   730286.563
  1.848   730286.570
  1.708   730286.577
  1.605   730286.584
  1.929   730286.591
  1.868   730286.598
  1.779   730286.605
  1.624   730286.612
  2.034   730286.619
  1.689   730286.626
  1.864   730286.633
  1.687   730286.639
  1.842   730286.646
  1.865   730286.653
  1.664   730286.660
  1.664   730286.667
  1.760   730286.674
  1.663   730286.681
  1.867   730286.688
  1.830   730286.695
  1.784   730286.702
  1.840   730286.709
  1.627   730286.716
  1.783   730286.723
  1.907   730286.730
  1.807   730286.737
  1.848   730286.744
  1.733   730286.751
  1.818   730286.758
  1.803   730286.765
  2.151   730286.771
  1.924   730286.778
  2.293   730286.785
  1.852   730286.792
  2.170   730286.799
  1.808   730286.806
  2.085   730286.813
 15.779   730286.820
  2.149   730286.827
  2.339   730286.834
  2.074   730286.841
  1.922   730286.848
  2.235   730286.855
  1.976   730286.862
  2.192   730286.869
  5.024   730286.876
  2.023   730286.883
  2.013   730286.889
  1.892   730286.896
  2.177   730286.903
  2.266   730286.910
  1.993   730286.917
  1.903   730286.924
  2.091   730286.931
  2.008   730286.938
  1.860   730286.945
  2.151   730286.952
  2.005   730286.959
  2.209   730286.966
  2.183   730286.973
  2.097   730286.980
  2.153   730286.987
  2.074   730286.994
