  0.502   730286.007
  0.491   730286.014
  0.472   730286.021
  0.460   730286.028
  2.768   730286.035
  0.451   730286.042
  0.563   730286.048
  0.502   730286.055
  0.450   730286.062
  0.472   730286.069
  0.879   730286.076
  0.510   730286.083
  0.430   730286.090
  0.471   730286.097
  0.931   730286.104
  0.389   730286.111
  0.445   730286.118
  0.404   730286.125
  0.419   730286.132
  0.490   730286.139
  0.482   730286.146
  0.468   730286.153
  0.398   730286.160
  0.474   730286.166
  0.432   730286.173
  0.436   730286.180
  0.491   730286.187
  0.423   730286.194
  0.431   730286.201
  0.433   730286.208
  0.436   730286.215
  0.431   730286.222
  0.387   730286.229
  0.371   730286.236
  0.399   730286.243
  0.384   730286.250
  0.454   730286.257
  0.428   730286.264
  1.085   730286.271
  0.412   730286.278
  0.465   730286.285
  0.437   730286.292
  0.394   730286.298
  0.418   730286.305
  0.421   730286.312
  0.423   730286.319
  0.433   730286.326
  0.429   730286.333
  0.367   730286.340
  0.370   730286.347
  0.353   730286.354
  0.424   730286.361
  0.429   730286.368
  0.452   730286.375
  0.478   730286.382
  0.435   730286.389
  0.480   730286.396
  0.406   730286.403
  0.405   730286.410
  0.423   730286.417
  0.476   730286.423
  0.448   730286.430
  0.454   730286.437
  0.456   730286.444
  0.444   730286.451
  1.165   730286.458
 13.043   730286.465
  0.472   730286.472
  0.493   730286.479
  0.447   730286.486
  0.480   730286.493
  0.483   730286.500
  0.484   730286.507
  0.445   730286.514
  0.508   730286.521
  0.506   730286.528
  0.486   730286.535
  0.481   730286.541
  0.512   730286.548
  0.513   730286.555
  0.503   730286.562
  0.558   730286.569
  0.516   730286.576
  0.518   730286.583
  0.579   730286.590
  0.588   730286.597
  0.585   730286.604
  0.597   730286.611
  0.671   730286.618
  1.154   730286.625
  0.583   730286.632
  0.584   730286.639
  0.629   730286.646
  0.584   730286.653
  0.668   730286.660
  0.718   730286.667
  0.612   730286.673
  0.652   730286.680
  0.656   730286.687
  0.552   730286.694
  0.648   730286.701
  0.616   730286.708
  0.554   730286.715
  0.681   730286.722
  0.552   730286.729
  0.593   730286.736
  0.649   730286.743
  0.559   730286.750
  0.617   730286.757
  0.588   730286.764
  0.644   730286.771
  0.631   730286.778
  0.559   730286.785
  0.616   730286.792
  0.619   730286.798
  0.655   730286.805
  0.620   730286.812
  0.635   730286.819
  0.621   730286.826
  0.638   730286.833
  0.552   730286.840
  0.607   730286.847
  0.612   730286.854
  2.674   730286.861
  0.594   730286.868
  7.479   730286.875
  0.743   730286.882
  0.546   730286.889
  0.578   730286.896
  0.628   730286.903
  0.544   730286.910
  0.538   730286.917
  0.576   730286.923
  0.570   730286.930
  0.586   730286.937
  0.523   730286.944
  0.568   730286.951
  0.486   730286.958
 19.121   730286.965
  0.591   730286.972
  0.526   730286.979
  0.477   730286.986
  0.579   730286.993
  0.499   730287.000
