  0.399   730286.001
  1.231   730286.007
  1.327   730286.014
  1.330   730286.021
  1.195   730286.028
  2.027   730286.035
  1.307   730286.042
  1.363   730286.049
  1.312   730286.056
  1.208   730286.063
  1.244   730286.070
  1.356   730286.077
  1.186   730286.084
  1.371   730286.091
  1.215   730286.097
  1.329   730286.104
  1.148   730286.111
  1.315   730286.118
  1.244   730286.125
  1.297   730286.132
  1.241   730286.139
  1.342   730286.146
  1.410   730286.153
  1.323   730286.160
  1.266   730286.167
  1.237   730286.174
  1.203   730286.181
  1.241   730286.188
  1.354   730286.195
  1.071   730286.202
  1.412   730286.209
  1.321   730286.216
  1.204   730286.223
  1.158   730286.229
  1.335   730286.236
  1.211   730286.243
  1.269   730286.250
  1.212   730286.257
  1.383   730286.264
  1.344   730286.271
  1.182   730286.278
  1.173   730286.285
  1.274   730286.292
  1.100   730286.299
  1.153   730286.306
  1.171   730286.313
  1.190   730286.320
  1.107   730286.327
  1.120   730286.334
  1.128   730286.341
  1.006   730286.348
  1.178   730286.354
  1.092   730286.361
  1.195   730286.368
  1.112   730286.375
  1.362   730286.382
  1.263   730286.389
  1.372   730286.396
  1.352   730286.403
  1.423   730286.410
  1.334   730286.417
  1.262   730286.424
  1.467   730286.431
  1.431   730286.438
  1.398   730286.445
  1.370   730286.452
  1.296   730286.459
  1.481   730286.466
  1.319   730286.473
 12.658   730286.479
  1.251   730286.486
  1.228   730286.493
  1.301   730286.500
  1.243   730286.507
  1.283   730286.514
  1.121   730286.521
  1.291   730286.528
  1.247   730286.535
  1.085   730286.542
  1.335   730286.549
  1.085   730286.556
  1.231   730286.563
  1.225   730286.570
  1.299   730286.577
  1.173   730286.584
  1.157   730286.591
  1.241   730286.598
  1.179   730286.604
  1.225   730286.611
  1.171   730286.618
  1.300   730286.625
  1.336   730286.632
  1.247   730286.639
  1.288   730286.646
  1.341   730286.653
  1.147   730286.660
  1.274   730286.667
  1.232   730286.674
  1.176   730286.681
  1.079   730286.688
  1.228   730286.695
  1.100   730286.702
  1.057   730286.709
  1.099   730286.716
  1.136   730286.723
  1.114   730286.730
  1.072   730286.736
  1.120   730286.743
  1.120   730286.750
  1.084   730286.757
  1.134   730286.764
  1.086   730286.771
  1.158   730286.778
  1.187   730286.785
  1.042   730286.792
  1.032   730286.799
  1.041   730286.806
  1.032   730286.813
  1.047   730286.820
  1.096   730286.827
  1.200   730286.834
  1.105   730286.841
  1.051   730286.848
  1.032   730286.855
  1.220   730286.861
  1.057   730286.868
  3.015   730286.875
  1.159   730286.882
  1.049   730286.889
  1.262   730286.896
  1.212   730286.903
  1.342   730286.910
  1.202   730286.917
  1.154   730286.924
  1.173   730286.931
  1.198   730286.938
  1.008   730286.945
  1.261   730286.952
  1.101   730286.959
  1.110   730286.966
  1.304   730286.973
  7.094   730286.980
  1.366   730286.987
  1.218   730286.993
