  0.593   730286.001
  1.704   730286.007
  1.954   730286.014
  1.643   730286.021
  1.839   730286.028
  2.074   730286.035
  1.960   730286.042
  2.120   730286.049
  2.099   730286.056
  2.043   730286.063
  2.007   730286.070
  1.972   730286.077
  1.959   730286.084
  2.131   730286.091
  1.941   730286.097
  1.958   730286.104
  2.005   730286.111
  1.960   730286.118
  1.817   730286.125
  1.793   730286.132
  1.891   730286.139
  2.314   730286.146
  1.956   730286.153
  2.044   730286.160
  1.942   730286.167
  2.121   730286.174
  1.897   730286.181
  2.026   730286.188
  2.027   730286.195
  1.842   730286.202
  1.937   730286.209
  1.963   730286.216
  1.792   730286.223
  2.116   730286.229
  1.909   730286.236
  9.034   730286.243
  2.026   730286.250
  2.072   730286.257
  2.019   730286.264
  2.280   730286.271
  2.039   730286.278
  1.784   730286.285
  2.048   730286.292
  1.910   730286.299
  2.056   730286.306
  1.923   730286.313
  2.000   730286.320
  1.930   730286.327
  2.056   730286.334
  1.785   730286.341
  1.836   730286.348
  2.014   730286.354
  1.929   730286.361
  1.937   730286.368
  2.013   730286.375
  1.747   730286.382
  1.702   730286.389
  2.036   730286.396
  1.977   730286.403
  1.980   730286.410
  1.879   730286.417
  1.885   730286.424
  1.906   730286.431
  1.837   730286.438
  1.626   730286.445
  1.777   730286.452
  1.563   730286.459
  1.742   730286.466
  1.777   730286.473
  1.372   730286.479
  1.596   730286.486
  1.490   730286.493
  1.317   730286.500
  1.447   730286.507
  1.424   730286.514
  1.531   730286.521
  1.488   730286.528
  1.331   730286.535
  1.438   730286.542
  1.364   730286.549
  1.391   730286.556
  1.451   730286.563
  1.558   730286.570
  1.641   730286.577
  1.394   730286.584
  1.319   730286.591
  1.558   730286.598
  1.807   730286.604
  1.401   730286.611
  1.583   730286.618
  1.513   730286.625
  1.538   730286.632
  1.599   730286.639
  1.509   730286.646
  1.565   730286.653
  1.630   730286.660
  1.474   730286.667
  1.588   730286.674
  1.791   730286.681
  1.713   730286.688
  1.518   730286.695
  1.490   730286.702
  1.411   730286.709
  1.585   730286.716
  1.490   730286.723
  1.748   730286.730
  1.476   730286.736
 10.964   730286.743
  1.438   730286.750
  1.350   730286.757
  1.464   730286.764
  1.297   730286.771
  1.588   730286.778
  1.371   730286.785
  1.578   730286.792
  1.447   730286.799
  1.476   730286.806
  1.553   730286.813
  1.513   730286.820
  1.542   730286.827
  1.384   730286.834
  1.429   730286.841
  1.341   730286.848
  1.291   730286.855
  1.562   730286.861
  1.532   730286.868
  3.145   730286.875
  1.696   730286.882
  1.533   730286.889
  1.622   730286.896
  1.486   730286.903
  1.453   730286.910
  1.660   730286.917
  1.891   730286.924
  1.613   730286.931
  1.549   730286.938
  1.622   730286.945
  1.666   730286.952
  1.522   730286.959
  1.561   730286.966
  1.557   730286.973
  1.635   730286.980
  1.610   730286.987
  1.537   730286.993
