  1.723   730166.001
  1.910   730166.008
  1.715   730166.015
  1.674   730166.022
  1.591   730166.028
  1.865   730166.035
  1.295   730166.042
  1.643   730166.049
  1.763   730166.056
  1.523   730166.063
  1.683   730166.070
  1.459   730166.077
  1.529   730166.084
  1.277   730166.091
  1.483   730166.098
  1.552   730166.105
  1.354   730166.112
  1.538   730166.119
  1.516   730166.126
  1.578   730166.133
  1.608   730166.140
  1.427   730166.147
  1.669   730166.153
  1.899   730166.160
  1.794   730166.167
  1.796   730166.174
  1.769   730166.181
  1.737   730166.188
  1.558   730166.195
  1.799   730166.202
  1.860   730166.209
  1.680   730166.216
  1.502   730166.223
  1.528   730166.230
  1.887   730166.237
  1.376   730166.244
  1.569   730166.251
  1.594   730166.258
  1.642   730166.265
  1.303   730166.272
  1.380   730166.279
  1.577   730166.285
  1.367   730166.292
  1.720   730166.299
  1.651   730166.306
  1.626   730166.313
    NaN   730166.320
  1.850   730166.327
  1.607   730166.355
  1.507   730166.362
  1.563   730166.369
  1.816   730166.376
  1.489   730166.383
  1.698   730166.390
  1.877   730166.397
  1.861   730166.403
  2.004   730166.410
  2.054   730166.417
  1.913   730166.424
  1.723   730166.431
  1.752   730166.438
  1.711   730166.445
  1.807   730166.453
  1.677   730166.459
  1.779   730166.466
  1.912   730166.473
  1.638   730166.480
  1.556   730166.487
  2.715   730166.494
  1.775   730166.501
  1.594   730166.508
  2.074   730166.515
  1.836   730166.522
  1.820   730166.528
  1.597   730166.535
  1.663   730166.542
  1.928   730166.549
  1.955   730166.556
  1.610   730166.563
  1.616   730166.570
  1.895   730166.577
  1.662   730166.584
  1.882   730166.591
  1.723   730166.598
  1.908   730166.605
  2.032   730166.612
  1.909   730166.619
  1.467   730166.626
  1.958   730166.633
  1.618   730166.640
  1.962   730166.647
  2.073   730166.653
  2.224   730166.660
  1.691   730166.667
  1.898   730166.674
  1.477   730166.806
  1.514   730166.841
  2.249   730166.848
  1.400   730166.855
  1.513   730166.862
  1.568   730166.869
  1.489   730166.876
  1.451   730166.883
  1.629   730166.890
  1.658   730166.897
  1.469   730166.903
  1.665   730166.910
  1.639   730166.917
  1.503   730166.924
  1.596   730166.931
  1.684   730166.938
  1.458   730166.959
  1.633   730166.966
  1.569   730166.973
  1.848   730166.980
