  0.992   730335.003
  0.992   730335.003
  0.003   730335.003
  0.003   730335.003
  0.697   730335.003
  0.697   730335.003
  0.930   730335.009
  0.930   730335.009
  0.852   730335.016
  0.852   730335.016
  0.946   730335.022
  0.946   730335.022
  0.928   730335.029
  0.928   730335.029
  0.845   730335.036
  0.845   730335.036
  0.925   730335.044
  0.925   730335.044
  0.810   730335.050
  0.810   730335.050
  0.801   730335.056
  0.801   730335.056
  0.803   730335.064
  0.803   730335.064
  0.809   730335.071
  0.809   730335.071
  0.760   730335.078
  0.760   730335.078
  0.781   730335.085
  0.781   730335.085
  0.869   730335.092
  0.869   730335.092
  0.826   730335.099
  0.826   730335.099
  0.724   730335.106
  0.724   730335.106
  0.905   730335.113
  0.905   730335.113
  0.780   730335.120
  0.780   730335.120
  0.856   730335.127
  0.856   730335.127
  0.701   730335.134
  0.701   730335.134
  0.769   730335.141
  0.769   730335.141
  0.668   730335.148
  0.668   730335.148
  0.790   730335.154
  0.790   730335.154
  0.731   730335.161
  0.731   730335.161
  0.770   730335.169
  0.770   730335.169
  0.697   730335.176
  0.697   730335.176
  0.657   730335.183
  0.657   730335.183
  0.712   730335.189
  0.712   730335.189
  0.705   730335.196
  0.705   730335.196
  0.708   730335.204
  0.708   730335.204
  0.616   730335.210
  0.616   730335.210
  0.705   730335.217
  0.705   730335.217
  0.759   730335.224
  0.759   730335.224
  0.643   730335.231
  0.643   730335.231
  0.709   730335.238
  0.709   730335.238
  0.676   730335.245
  0.676   730335.245
  0.633   730335.252
  0.633   730335.252
  0.699   730335.259
  0.699   730335.259
  0.700   730335.266
  0.700   730335.266
  0.663   730335.273
  0.663   730335.273
  0.631   730335.279
  0.631   730335.279
  0.662   730335.286
  0.662   730335.286
  0.667   730335.293
  0.667   730335.293
  0.610   730335.300
  0.610   730335.300
  0.643   730335.307
  0.643   730335.307
  0.621   730335.314
  0.621   730335.314
  0.616   730335.321
  0.616   730335.321
  0.778   730335.328
  0.778   730335.328
  0.665   730335.335
  0.665   730335.335
  0.685   730335.342
  0.685   730335.342
  0.633   730335.349
  0.633   730335.349
  0.667   730335.356
  0.667   730335.356
  0.651   730335.363
  0.651   730335.363
  0.721   730335.370
  0.721   730335.370
  0.712   730335.377
  0.712   730335.377
  0.803   730335.384
  0.803   730335.384
  0.738   730335.390
  0.738   730335.390
  0.669   730335.397
  0.669   730335.397
  0.789   730335.404
  0.789   730335.404
  0.740   730335.411
  0.740   730335.411
  0.775   730335.418
  0.775   730335.418
  0.743   730335.425
  0.743   730335.425
  0.645   730335.432
  0.645   730335.432
  0.885   730335.439
  0.885   730335.439
  0.722   730335.446
  0.722   730335.446
  0.807   730335.453
  0.807   730335.453
  0.833   730335.460
  0.833   730335.460
  0.878   730335.467
  0.878   730335.467
  0.739   730335.474
  0.739   730335.474
  0.863   730335.481
  0.863   730335.481
  0.894   730335.488
  0.894   730335.488
  0.839   730335.495
  0.839   730335.495
  0.820   730335.502
  0.820   730335.502
  1.005   730335.509
  1.005   730335.509
  0.890   730335.515
  0.890   730335.515
  0.931   730335.523
  0.931   730335.523
  1.009   730335.529
  1.009   730335.529
  0.996   730335.536
  0.996   730335.536
  1.044   730335.543
  1.044   730335.543
  0.958   730335.550
  0.958   730335.550
  0.943   730335.557
  0.943   730335.557
  0.838   730335.564
  0.838   730335.564
  0.922   730335.571
  0.922   730335.571
  0.954   730335.578
  0.954   730335.578
  0.985   730335.585
  0.985   730335.585
  0.911   730335.592
  0.911   730335.592
  1.002   730335.599
  1.002   730335.599
  1.020   730335.606
  1.020   730335.606
  1.021   730335.613
  1.021   730335.613
  0.984   730335.620
  0.984   730335.620
  0.906   730335.627
  0.906   730335.627
  0.863   730335.634
  0.863   730335.634
  0.934   730335.641
  0.934   730335.641
  0.954   730335.647
  0.954   730335.647
  0.813   730335.655
  0.813   730335.655
  0.881   730335.661
  0.881   730335.661
  0.853   730335.668
  0.853   730335.668
  0.954   730335.675
  0.954   730335.675
  0.899   730335.682
  0.899   730335.682
  0.856   730335.689
  0.856   730335.689
  0.879   730335.696
  0.879   730335.696
  0.823   730335.703
  0.823   730335.703
  0.803   730335.710
  0.803   730335.710
  0.869   730335.717
  0.869   730335.717
  0.855   730335.724
  0.855   730335.724
  0.840   730335.731
  0.840   730335.731
  0.475   730335.737
  0.475   730335.737
  0.808   730335.737
  0.808   730335.737
  0.788   730335.744
  0.788   730335.744
  0.699   730335.751
  0.699   730335.751
  0.849   730335.758
  0.849   730335.758
  0.759   730335.765
  0.759   730335.765
  0.821   730335.772
  0.821   730335.772
  0.760   730335.779
  0.760   730335.779
  0.765   730335.786
  0.765   730335.786
  0.714   730335.793
  0.714   730335.793
  0.724   730335.800
  0.724   730335.800
  0.732   730335.807
  0.732   730335.807
  0.684   730335.814
  0.684   730335.814
  4.667   730335.821
  4.667   730335.821
  0.738   730335.828
  0.738   730335.828
  0.751   730335.835
  0.751   730335.835
  0.790   730335.842
  0.790   730335.842
  0.698   730335.849
  0.698   730335.849
  0.777   730335.856
  0.777   730335.856
  0.726   730335.863
  0.726   730335.863
  0.735   730335.870
  0.735   730335.870
  0.676   730335.876
  0.676   730335.876
  0.711   730335.883
  0.711   730335.883
  0.700   730335.890
  0.700   730335.890
  0.705   730335.897
  0.705   730335.897
  0.728   730335.904
  0.728   730335.904
  0.658   730335.911
  0.658   730335.911
  0.773   730335.918
  0.773   730335.918
  0.739   730335.925
  0.739   730335.925
  0.737   730335.932
  0.737   730335.932
  0.776   730335.939
  0.776   730335.939
  0.711   730335.946
  0.711   730335.946
  0.662   730335.953
  0.662   730335.953
  0.748   730335.960
  0.748   730335.960
  0.693   730335.967
  0.693   730335.967
  0.834   730335.974
  0.834   730335.974
  0.718   730335.981
  0.718   730335.981
  0.856   730335.987
  0.856   730335.987
  0.812   730335.995
  0.812   730335.995
