  0.137   730335.002
  0.096   730335.002
  0.191   730335.007
  0.187   730335.014
  0.179   730335.021
  0.179   730335.028
  0.191   730335.035
  0.197   730335.042
  0.179   730335.049
  0.187   730335.055
  0.223   730335.063
  0.260   730335.070
  0.258   730335.076
  0.271   730335.083
  0.342   730335.091
  0.315   730335.097
  0.301   730335.104
  0.306   730335.111
  0.329   730335.118
  0.350   730335.125
  0.351   730335.132
  0.379   730335.139
  0.380   730335.146
  0.368   730335.153
  0.361   730335.160
  0.403   730335.167
  0.447   730335.174
  0.349   730335.181
  0.447   730335.188
  0.375   730335.195
  0.362   730335.202
  0.343   730335.209
  0.376   730335.215
  0.349   730335.222
  0.353   730335.229
  0.372   730335.236
  0.330   730335.243
  0.406   730335.250
  0.363   730335.257
  0.421   730335.264
  0.409   730335.271
  0.379   730335.278
  0.400   730335.285
  0.359   730335.292
  0.428   730335.299
  0.410   730335.306
  0.409   730335.313
  0.410   730335.320
  0.368   730335.327
  0.370   730335.333
  0.363   730335.340
  0.359   730335.347
  0.322   730335.354
  0.319   730335.361
  0.338   730335.368
  0.317   730335.375
  0.342   730335.382
  0.359   730335.389
  0.339   730335.396
  0.401   730335.403
  0.367   730335.410
  0.430   730335.417
  0.350   730335.424
  0.354   730335.431
  0.332   730335.438
  0.342   730335.445
  0.332   730335.452
  0.378   730335.459
  0.388   730335.465
  0.345   730335.472
  0.374   730335.479
  0.380   730335.486
  0.409   730335.493
  0.358   730335.500
  0.407   730335.507
  0.395   730335.514
  0.395   730335.521
  0.413   730335.528
  0.423   730335.535
  0.467   730335.542
  0.429   730335.549
  0.457   730335.556
  0.537   730335.563
  0.541   730335.570
  0.523   730335.577
  0.542   730335.584
  0.521   730335.590
  0.504   730335.597
  0.443   730335.604
  0.470   730335.611
  0.505   730335.618
  0.475   730335.625
  0.527   730335.632
  0.412   730335.639
  0.501   730335.646
  0.537   730335.653
  0.483   730335.660
  0.444   730335.667
  0.470   730335.674
  0.544   730335.681
  0.654   730335.688
  0.627   730335.695
  0.650   730335.701
  0.688   730335.709
  0.683   730335.715
  0.687   730335.722
  0.658   730335.729
  0.512   730335.736
  0.785   730335.736
  0.791   730335.743
  0.812   730335.750
  0.687   730335.757
  0.912   730335.764
  0.637   730335.771
  0.826   730335.778
  0.745   730335.785
  0.694   730335.792
  0.703   730335.799
  0.651   730335.806
  0.605   730335.813
  0.695   730335.820
  0.734   730335.826
  0.852   730335.834
  0.745   730335.840
  0.694   730335.848
  0.790   730335.854
  0.726   730335.861
  0.793   730335.868
  0.781   730335.875
  3.876   730335.882
  0.905   730335.889
  0.893   730335.896
  0.887   730335.903
  0.999   730335.910
  0.853   730335.917
  1.032   730335.924
  0.805   730335.931
  0.933   730335.938
  0.913   730335.944
  0.942   730335.951
  0.907   730335.958
  0.798   730335.965
  0.785   730335.972
  0.932   730335.979
  0.894   730335.986
  0.831   730335.993
