 21.594   730160.001
 19.492   730160.008
 19.597   730160.015
 16.830   730160.021
 21.372   730160.028
 21.340   730160.035
 21.368   730160.042
 20.980   730160.049
 18.773   730160.056
 18.057   730160.063
 19.682   730160.070
 17.025   730160.077
 17.318   730160.084
 16.707   730160.091
 17.499   730160.098
 17.330   730160.105
 18.737   730160.112
 16.545   730160.119
 17.749   730160.125
 17.538   730160.132
 18.940   730160.140
 17.406   730160.147
 18.055   730160.153
 19.565   730160.160
 19.220   730160.167
 19.845   730160.174
 19.763   730160.202
 18.352   730160.209
 16.063   730160.216
 18.151   730160.223
 17.777   730160.230
 18.161   730160.237
 15.100   730160.244
 17.755   730160.251
 16.060   730160.258
 18.158   730160.265
 16.831   730160.272
 16.429   730160.278
 15.550   730160.285
 15.548   730160.292
 15.408   730160.299
 14.685   730160.306
 15.644   730160.313
 16.840   730160.320
 14.822   730160.327
 17.535   730160.334
 17.685   730160.341
 18.037   730160.348
 17.361   730160.355
 16.978   730160.362
 16.718   730160.369
 15.303   730160.376
 14.947   730160.383
 16.768   730160.390
 17.953   730160.397
 16.836   730160.403
 17.907   730160.410
 15.050   730160.417
 15.551   730160.424
 14.877   730160.431
 17.677   730160.438
 18.067   730160.444
 17.285   730160.452
 16.260   730160.459
 15.921   730160.466
 14.458   730160.473
 13.740   730160.480
 15.130   730160.487
 13.951   730160.494
 15.816   730160.515
 15.129   730160.522
 15.813   730160.528
 16.448   730160.535
 14.180   730160.542
 14.804   730160.549
 15.700   730160.556
 16.985   730160.563
 16.033   730160.570
 17.234   730160.577
 16.499   730160.584
 16.227   730160.591
 17.757   730160.598
    NaN   730160.605
 15.391   730160.612
 17.207   730160.619
 16.407   730160.626
 16.447   730160.633
 15.971   730160.640
 16.457   730160.647
 16.256   730160.653
 15.201   730160.660
 15.410   730160.667
 15.534   730160.674
 15.635   730160.681
 14.267   730160.688
 15.082   730160.695
 16.806   730160.702
 14.925   730160.709
 14.726   730160.716
 15.150   730160.723
 13.280   730160.730
 13.444   730160.737
 12.870   730160.744
 14.039   730160.751
 12.147   730160.758
 14.514   730160.765
 13.338   730160.772
 13.653   730160.778
 12.559   730160.785
 13.266   730160.790
 12.144   730160.801
 13.424   730160.806
 12.755   730160.813
 12.427   730160.820
 11.189   730160.827
 11.322   730160.834
 12.396   730160.841
 12.394   730160.848
 11.624   730160.855
 12.439   730160.862
 10.442   730160.869
 12.246   730160.876
 11.110   730160.883
    NaN   730160.890
 11.446   730160.897
 12.062   730160.903
 12.512   730160.910
 13.847   730160.917
 11.692   730160.924
 12.718   730160.931
 12.915   730160.938
 13.335   730160.945
 12.266   730160.952
 13.282   730160.959
 12.518   730160.966
 12.688   730160.973
 12.816   730160.980
 11.195   730160.988
 13.174   730160.994
