  0.513   730160.002
  0.517   730160.009
  0.935   730160.015
  2.911   730160.022
  0.525   730160.029
  0.470   730160.036
  0.501   730160.043
  0.546   730160.050
  0.501   730160.057
  0.516   730160.064
  0.446   730160.071
  0.537   730160.078
  0.512   730160.085
  0.528   730160.092
  0.531   730160.099
  0.500   730160.106
  0.546   730160.113
  0.505   730160.120
  7.342   730160.126
 18.817   730160.133
 20.869   730160.140
 15.460   730160.148
 17.043   730160.155
 20.296   730160.161
 17.942   730160.169
 16.282   730160.176
 18.491   730160.203
 18.876   730160.210
 17.280   730160.217
 19.401   730160.224
 17.313   730160.231
 17.066   730160.238
 18.292   730160.244
 17.607   730160.251
 17.923   730160.258
 19.089   730160.265
 19.707   730160.272
 19.615   730160.279
 20.176   730160.286
 16.813   730160.293
 17.933   730160.300
 19.693   730160.307
 19.514   730160.314
 17.760   730160.321
 18.151   730160.328
 20.875   730160.335
 20.656   730160.342
 15.003   730160.349
  0.000   730160.356
  0.000   730160.363
  0.000   730160.369
  5.267   730160.376
  0.000   730160.383
  0.000   730160.390
  0.000   730160.397
  0.000   730160.404
  0.000   730160.411
  0.000   730160.418
  0.000   730160.425
  0.000   730160.432
  0.000   730160.439
  0.000   730160.446
  0.000   730160.453
  0.000   730160.460
  0.000   730160.467
  0.000   730160.474
  0.000   730160.481
  0.000   730160.488
  0.000   730160.494
  0.000   730160.515
  0.000   730160.522
  0.000   730160.529
  0.000   730160.536
  0.000   730160.543
  0.000   730160.550
 17.823   730160.558
 22.523   730160.565
 21.361   730160.571
 18.418   730160.578
 19.280   730160.585
 19.663   730160.592
 17.656   730160.599
 17.843   730160.606
 19.045   730160.613
 16.493   730160.619
 17.507   730160.626
 17.626   730160.633
 16.838   730160.640
 17.913   730160.647
 19.001   730160.654
 19.260   730160.661
 18.227   730160.668
 20.384   730160.675
 17.910   730160.682
 17.065   730160.689
 19.067   730160.696
 15.330   730160.703
 19.797   730160.710
 15.797   730160.717
 19.827   730160.724
 15.845   730160.731
 18.709   730160.738
 17.833   730160.744
 16.948   730160.751
 18.259   730160.758
 20.693   730160.765
 18.922   730160.772
 22.120   730160.779
 18.272   730160.786
 20.705   730160.790
 18.008   730160.801
 16.579   730160.808
 17.224   730160.815
 20.172   730160.822
 19.819   730160.828
 14.951   730160.835
 15.463   730160.842
 14.034   730160.849
 13.352   730160.856
 14.261   730160.863
 13.035   730160.870
  7.269   730160.877
  0.402   730160.883
  0.295   730160.891
  0.351   730160.897
  0.348   730160.905
    NaN   730160.911
  0.415   730160.918
  0.327   730160.926
  0.376   730160.933
  0.939   730160.946
  0.353   730160.953
  0.388   730160.960
  0.346   730160.967
  0.333   730160.974
  0.356   730160.981
  0.385   730160.989
  0.394   730160.994
