  0.040   729958.010
  0.050   729958.020
  0.080   729958.090
  0.200   729958.100
  0.040   729958.110
  0.040   729958.120
  0.040   729958.120
  0.040   729958.130
  0.040   729958.140
  0.100   729958.140
  0.150   729958.150
  0.030   729958.160
  0.040   729958.160
  0.040   729958.170
  0.040   729958.180
  0.040   729958.180
  0.040   729958.190
  0.030   729958.200
  0.040   729958.320
  0.030   729958.320
  0.040   729958.330
  0.040   729958.340
  0.040   729958.340
  0.040   729958.350
  0.040   729958.360
  0.040   729958.370
  0.040   729958.370
  0.040   729958.380
  0.040   729958.390
  0.040   729958.390
  0.040   729958.400
  0.050   729958.410
  0.040   729958.410
  0.050   729958.420
  0.040   729958.430
  0.040   729958.430
  0.050   729958.440
  0.050   729958.440
  0.050   729958.440
  0.050   729958.440
  0.050   729958.440
  0.050   729958.440
  0.050   729958.440
  0.050   729958.440
  0.050   729958.440
  0.050   729958.440
  0.050   729958.440
  0.050   729958.440
  0.050   729958.440
  0.050   729958.440
  0.050   729958.440
  0.050   729958.440
  0.050   729958.440
  0.050   729958.440
  0.050   729958.440
  0.050   729958.440
  0.050   729958.440
  0.050   729958.440
  0.050   729958.440
  0.050   729958.440
  0.050   729958.440
  0.050   729958.440
  0.050   729958.440
  0.050   729958.440
  0.050   729958.440
  0.050   729958.440
  0.050   729958.440
  0.050   729958.440
  0.050   729958.440
  0.050   729958.440
  0.050   729958.440
  0.050   729958.440
  0.050   729958.440
  0.050   729958.440
  0.050   729958.440
  0.050   729958.440
  0.050   729958.440
  0.030   729958.740
  0.030   729958.750
  0.030   729958.750
  0.020   729958.760
  0.030   729958.770
  0.020   729958.780
  0.020   729958.800
  0.020   729958.800
  0.020   729958.800
  0.020   729958.800
  0.020   729958.800
  0.020   729958.800
  0.020   729958.800
  0.020   729958.800
  0.020   729958.800
  0.020   729958.800
  0.020   729958.800
