  1.930   729958.010
  2.160   729958.020
  1.900   729958.090
  1.860   729958.100
  1.950   729958.110
  1.940   729958.110
  1.860   729958.120
  4.890   729958.130
  5.950   729958.140
  2.470   729958.140
  1.820   729958.150
  2.210   729958.160
  1.580   729958.160
  1.760   729958.170
  1.710   729958.180
  1.670   729958.180
  2.440   729958.190
  1.850   729958.200
  2.320   729958.320
    NaN   729958.320
  1.720   729958.330
  3.070   729958.340
  2.000   729958.340
  2.120   729958.350
  2.050   729958.360
  1.850   729958.360
  2.320   729958.370
  1.750   729958.380
  1.900   729958.390
  1.840   729958.390
  2.000   729958.400
  1.550   729958.410
  2.360   729958.410
  2.320   729958.420
  1.710   729958.430
  2.170   729958.430
  2.600   729958.440
  2.600   729958.440
  2.600   729958.440
  2.600   729958.440
  2.600   729958.440
  2.600   729958.440
  2.600   729958.440
  2.600   729958.440
  2.600   729958.440
  2.600   729958.440
  2.600   729958.440
  2.600   729958.440
  2.600   729958.440
  2.600   729958.440
  2.600   729958.440
  2.600   729958.440
  2.600   729958.440
  2.600   729958.440
  2.600   729958.440
  2.600   729958.440
  2.600   729958.440
  2.600   729958.440
  2.600   729958.440
  2.600   729958.440
  2.600   729958.440
  2.600   729958.440
  2.600   729958.440
  2.600   729958.440
  2.600   729958.440
  2.600   729958.440
  2.600   729958.440
  2.600   729958.440
  2.600   729958.440
  2.600   729958.440
  2.600   729958.440
  2.600   729958.440
  2.600   729958.440
  2.600   729958.440
  2.600   729958.440
  2.600   729958.440
  2.600   729958.440
  1.320   729958.740
  2.340   729958.750
  2.070   729958.750
  1.440   729958.760
  1.350   729958.770
  1.320   729958.770
  1.340   729958.800
  1.340   729958.800
  1.340   729958.800
  1.340   729958.800
  1.340   729958.800
  1.340   729958.800
  1.340   729958.800
  1.340   729958.800
  1.340   729958.800
  1.340   729958.800
  1.340   729958.800
  1.340   729958.800
