  5.770   729958.010
  5.370   729958.020
  5.620   729958.100
  5.460   729958.100
  5.260   729958.110
  5.210   729958.120
  5.630   729958.120
  5.850   729958.130
  4.650   729958.140
  4.960   729958.140
  4.720   729958.150
  4.570   729958.160
  4.920   729958.160
  5.550   729958.170
  5.030   729958.180
  4.530   729958.190
  1.860   729958.190
  1.370   729958.200
  1.160   729958.320
  1.010   729958.320
  1.190   729958.330
  1.140   729958.340
  1.040   729958.350
  0.980   729958.350
  0.880   729958.360
  1.200   729958.370
  1.140   729958.370
  1.440   729958.380
  1.230   729958.390
  1.230   729958.390
  1.250   729958.400
  1.240   729958.410
  1.180   729958.410
  1.020   729958.420
  1.050   729958.430
  1.400   729958.440
  1.660   729958.440
  1.660   729958.440
  1.660   729958.440
  1.660   729958.440
  1.660   729958.440
  1.660   729958.440
  1.660   729958.440
  1.660   729958.440
  1.660   729958.440
  1.660   729958.440
  1.660   729958.440
  1.660   729958.440
  1.660   729958.440
  1.660   729958.440
  1.660   729958.440
  1.660   729958.440
  1.660   729958.440
  1.660   729958.440
  1.660   729958.440
  1.660   729958.440
  1.660   729958.440
  1.660   729958.440
  1.660   729958.440
  1.660   729958.440
  1.660   729958.440
  1.660   729958.440
  1.660   729958.440
  1.660   729958.440
  1.660   729958.440
  1.660   729958.440
  1.660   729958.440
  1.660   729958.440
  1.660   729958.440
  1.660   729958.440
  1.660   729958.440
  1.660   729958.440
  1.660   729958.440
  1.660   729958.440
  1.660   729958.440
  1.660   729958.440
  1.660   729958.440
  1.780   729958.740
  1.680   729958.750
  1.920   729958.760
  1.920   729958.760
  1.930   729958.770
  2.020   729958.800
  2.020   729958.800
  2.020   729958.800
  2.020   729958.800
  2.020   729958.800
  2.020   729958.800
  2.020   729958.800
  2.020   729958.800
  2.020   729958.800
  2.020   729958.800
  2.020   729958.800
