  0.367   730123.002
  9.456   730123.009
  0.335   730123.016
  0.354   730123.023
  0.354   730123.030
  0.338   730123.037
  0.331   730123.044
  0.301   730123.051
  0.320   730123.058
  0.321   730123.065
  0.335   730123.072
  0.312   730123.085
  0.325   730123.092
  0.331   730123.099
  0.316   730123.106
  0.305   730123.113
  0.331   730123.120
  0.305   730123.127
  0.308   730123.134
  0.361   730123.141
  0.320   730123.148
  0.319   730123.155
  0.352   730123.162
  0.355   730123.169
  0.402   730123.176
  0.406   730123.183
  0.368   730123.197
  0.456   730123.203
  0.446   730123.210
  0.472   730123.217
  0.480   730123.224
  0.510   730123.231
  0.569   730123.238
  0.492   730123.245
  0.571   730123.252
  0.550   730123.259
  0.593   730123.266
  0.581   730123.273
  0.550   730123.280
  0.589   730123.287
  0.532   730123.294
  0.651   730123.301
  0.587   730123.308
  0.625   730123.315
  0.596   730123.322
  0.571   730123.328
  0.605   730123.335
  0.575   730123.342
  0.600   730123.349
  0.570   730123.356
  0.607   730123.363
  0.656   730123.377
  0.612   730123.384
  0.658   730123.391
  0.546   730123.398
  0.585   730123.405
    NaN   730123.412
  0.605   730123.419
  0.603   730123.426
  0.663   730123.433
  0.638   730123.440
  0.614   730123.447
  0.591   730123.454
  0.683   730123.467
  0.623   730123.474
  0.682   730123.481
  0.635   730123.488
    NaN   730123.495
  0.659   730123.502
  0.642   730123.516
  0.677   730123.523
  0.665   730123.530
  0.586   730123.537
  0.666   730123.544
  0.610   730123.558
  0.633   730123.565
  0.632   730123.572
  0.578   730123.578
  0.709   730123.585
  0.669   730123.592
  0.754   730123.599
  0.681   730123.606
  0.652   730123.613
  0.727   730123.620
  0.686   730123.627
  0.779   730123.634
  0.646   730123.641
  0.565   730123.648
  0.720   730123.655
  0.601   730123.662
  0.601   730123.669
  0.659   730123.676
  0.726   730123.683
  0.698   730123.690
  0.667   730123.697
  0.673   730123.703
  0.660   730123.710
  0.731   730123.717
  0.696   730123.724
  0.687   730123.731
  0.681   730123.738
  0.725   730123.745
  0.718   730123.752
  0.721   730123.759
  0.708   730123.766
  0.745   730123.773
  0.711   730123.780
  0.759   730123.787
  0.727   730123.794
  0.697   730123.801
  0.760   730123.808
  0.717   730123.815
  0.805   730123.822
  0.747   730123.828
  0.767   730123.835
  0.757   730123.842
  0.800   730123.849
  0.736   730123.856
  0.858   730123.863
  0.751   730123.870
  0.731   730123.877
  0.803   730123.884
  0.744   730123.891
  0.715   730123.898
  0.743   730123.905
    NaN   730123.912
  0.763   730123.919
  0.730   730123.926
  0.786   730123.933
  0.786   730123.940
  0.764   730123.947
  0.791   730123.953
  0.790   730123.960
  0.837   730123.967
  0.885   730123.974
 10.731   730123.981
  0.814   730123.988
