  0.801   730123.003
  0.772   730123.010
  0.820   730123.017
  0.819   730123.024
  0.736   730123.031
  0.820   730123.037
  0.720   730123.044
  0.731   730123.051
  0.814   730123.058
  0.765   730123.065
  0.829   730123.072
  0.793   730123.086
  0.813   730123.093
  0.768   730123.100
  0.882   730123.107
  0.885   730123.114
  0.813   730123.121
  0.840   730123.128
  0.816   730123.135
  0.832   730123.142
  0.850   730123.149
  0.794   730123.156
  0.820   730123.162
  0.800   730123.169
  0.834   730123.176
  0.827   730123.184
  0.905   730123.197
  0.993   730123.204
  0.875   730123.211
  0.915   730123.218
  0.856   730123.225
  0.948   730123.232
  0.992   730123.239
  0.901   730123.246
  1.089   730123.253
  1.036   730123.260
  1.273   730123.267
  1.073   730123.274
  2.680   730123.281
  1.272   730123.287
  1.078   730123.294
  1.370   730123.301
  1.373   730123.308
  6.596   730123.315
  4.200   730123.322
  4.958   730123.329
 11.127   730123.336
 10.123   730123.343
  7.648   730123.350
  6.808   730123.357
  8.493   730123.364
  1.454   730123.378
  0.000   730123.385
  0.000   730123.392
  0.000   730123.399
  0.000   730123.406
  0.000   730123.412
  0.000   730123.419
  0.000   730123.426
  0.000   730123.433
  0.000   730123.440
  0.000   730123.447
  0.000   730123.455
  0.000   730123.468
  0.000   730123.475
  0.000   730123.482
  0.000   730123.489
  0.000   730123.496
  0.000   730123.503
  0.000   730123.517
  0.000   730123.524
  0.000   730123.531
  0.000   730123.537
  0.000   730123.544
  0.000   730123.558
  0.000   730123.565
  0.000   730123.572
  0.000   730123.579
  0.000   730123.586
  0.000   730123.593
  0.000   730123.600
  0.000   730123.607
  0.000   730123.614
  0.000   730123.621
  0.000   730123.628
  0.000   730123.635
  0.000   730123.642
  0.000   730123.649
  0.000   730123.656
  0.000   730123.662
  0.000   730123.669
  0.000   730123.676
  0.000   730123.683
  0.000   730123.690
  0.000   730123.697
  0.000   730123.704
  2.785   730123.711
 10.688   730123.718
  7.659   730123.725
  8.968   730123.732
  7.880   730123.739
  8.163   730123.746
  9.098   730123.753
  9.339   730123.760
  8.643   730123.767
  5.093   730123.774
  1.929   730123.781
  3.339   730123.787
  5.754   730123.794
  1.911   730123.801
  1.403   730123.808
  1.333   730123.815
  1.123   730123.822
  3.697   730123.829
  2.375   730123.836
  1.043   730123.843
  0.984   730123.850
  0.977   730123.857
  1.006   730123.864
    NaN   730123.871
  1.153   730123.878
  1.036   730123.885
  1.033   730123.892
  1.078   730123.899
  1.177   730123.906
  1.082   730123.912
  1.031   730123.919
  1.245   730123.926
  1.093   730123.933
  0.949   730123.940
  1.058   730123.947
  1.023   730123.954
  0.957   730123.961
  0.911   730123.968
  1.148   730123.975
  1.113   730123.982
  1.111   730123.989
