  1.521   730123.001
  1.630   730123.008
  1.643   730123.015
  1.602   730123.022
  1.660   730123.029
  1.445   730123.036
  1.606   730123.043
  1.349   730123.050
  1.539   730123.057
  1.384   730123.064
  1.393   730123.071
  1.466   730123.085
  1.333   730123.092
  1.313   730123.099
  1.462   730123.106
  1.184   730123.113
  1.150   730123.119
  1.245   730123.126
  1.203   730123.133
  1.263   730123.140
  1.256   730123.147
  1.081   730123.154
  1.122   730123.162
  1.401   730123.168
  1.126   730123.175
  1.198   730123.183
  1.301   730123.196
  1.073   730123.203
  1.091   730123.210
  0.931   730123.217
  1.275   730123.224
  1.367   730123.231
  1.256   730123.238
  1.171   730123.244
  1.251   730123.251
  1.174   730123.258
  1.126   730123.266
  1.302   730123.272
  1.040   730123.279
  1.253   730123.286
  1.303   730123.293
  1.165   730123.300
  1.464   730123.307
  1.162   730123.314
    NaN   730123.321
  1.170   730123.328
  1.295   730123.335
  1.289   730123.342
  1.214   730123.349
  1.134   730123.356
  1.271   730123.363
  1.389   730123.376
  1.187   730123.383
  1.144   730123.390
  1.360   730123.397
  1.390   730123.404
  1.412   730123.411
  1.229   730123.418
  1.342   730123.425
  1.267   730123.432
  1.343   730123.439
  1.371   730123.446
  1.321   730123.454
  1.492   730123.467
  1.474   730123.474
  1.577   730123.481
  1.638   730123.488
  1.475   730123.494
  1.368   730123.501
  1.642   730123.516
  1.637   730123.522
  1.590   730123.529
  1.657   730123.536
  1.384   730123.543
  1.576   730123.557
  1.550   730123.564
  1.572   730123.571
  1.608   730123.578
  1.591   730123.585
  1.643   730123.592
  1.480   730123.599
  1.595   730123.606
  1.680   730123.613
  1.427   730123.619
  1.499   730123.626
  1.415   730123.633
  1.305   730123.640
  1.332   730123.647
  1.394   730123.654
  1.307   730123.661
  1.525   730123.668
  1.222   730123.675
  1.327   730123.682
  1.489   730123.689
  1.574   730123.696
  1.426   730123.703
  1.423   730123.710
  1.485   730123.717
  1.394   730123.724
  1.573   730123.731
  1.461   730123.738
  1.454   730123.744
  1.607   730123.751
  1.470   730123.758
  1.390   730123.765
  1.606   730123.772
  1.570   730123.779
  1.423   730123.786
  1.446   730123.793
  1.445   730123.800
  1.406   730123.807
  1.365   730123.814
    NaN   730123.821
  1.399   730123.828
  1.630   730123.835
  1.542   730123.842
  1.517   730123.849
  1.545   730123.856
  1.503   730123.863
  1.549   730123.869
  1.532   730123.876
  1.589   730123.883
  1.502   730123.890
  1.338   730123.897
  1.387   730123.904
  1.460   730123.911
  1.487   730123.918
  1.497   730123.925
  1.410   730123.932
  1.508   730123.939
  1.475   730123.946
  1.411   730123.953
  1.472   730123.960
  1.255   730123.967
  1.156   730123.974
  1.466   730123.981
  1.259   730123.988
