  1.110   729731.000
  0.990   729731.000
  1.000   729731.010
  1.010   729731.020
  1.210   729731.020
  1.150   729731.030
  1.070   729731.040
  1.040   729731.050
  0.990   729731.050
  0.990   729731.060
  1.140   729731.070
  1.020   729731.070
    NaN   729731.080
    NaN   729731.090
  1.030   729731.090
  1.140   729731.100
  1.030   729731.110
  1.030   729731.110
  1.000   729731.120
  1.050   729731.130
  1.030   729731.140
  0.950   729731.140
  0.840   729731.150
  0.930   729731.160
  0.970   729731.160
  0.830   729731.170
  0.850   729731.180
  0.850   729731.180
  0.900   729731.190
  0.870   729731.200
  0.810   729731.210
  0.800   729731.220
  0.860   729731.230
  0.800   729731.230
  0.810   729731.240
  0.880   729731.250
  1.070   729731.250
  0.860   729731.260
  0.770   729731.270
  0.770   729731.270
  0.810   729731.280
  0.890   729731.290
  0.810   729731.300
  0.700   729731.300
  0.770   729731.310
  0.780   729731.320
  0.740   729731.320
  0.940   729731.330
  0.920   729731.340
  1.000   729731.340
  0.760   729731.350
  0.700   729731.360
  0.720   729731.360
  0.700   729731.370
  0.690   729731.380
  0.690   729731.390
  0.670   729731.390
  0.610   729731.400
  0.640   729731.410
  0.650   729731.410
  0.630   729731.420
  0.570   729731.430
  0.570   729731.430
  0.610   729731.440
  0.660   729731.450
  0.640   729731.450
  0.620   729731.460
  0.610   729731.470
  0.620   729731.480
  0.590   729731.480
  0.590   729731.490
  0.560   729731.500
  0.570   729731.500
  0.570   729731.510
  0.620   729731.520
  0.590   729731.520
  0.560   729731.530
  0.580   729731.540
  0.570   729731.550
  0.580   729731.550
  0.520   729731.560
  0.570   729731.570
  0.570   729731.570
    NaN   729731.580
    NaN   729731.590
  0.540   729731.590
  0.550   729731.600
  0.540   729731.610
  0.540   729731.610
  0.530   729731.620
  0.510   729731.630
  0.490   729731.640
  0.490   729731.640
  0.530   729731.650
  0.470   729731.660
  0.540   729731.660
  0.540   729731.670
  0.470   729731.680
  0.570   729731.680
  0.500   729731.690
  0.490   729731.700
  0.490   729731.700
  0.510   729731.710
  0.480   729731.720
  0.470   729731.730
  0.620   729731.730
  0.510   729731.740
  1.240   729731.750
  0.500   729731.750
  0.520   729731.760
  0.510   729731.770
  0.540   729731.770
  0.510   729731.780
  0.550   729731.790
  0.530   729731.800
  0.540   729731.800
  0.510   729731.810
  0.540   729731.820
  0.490   729731.820
  0.540   729731.830
  0.520   729731.840
  0.520   729731.840
  0.550   729731.850
  0.520   729731.860
  0.560   729731.860
  0.490   729731.870
  0.540   729731.880
  0.600   729731.890
  0.610   729731.890
  0.640   729731.900
  0.940   729731.910
  0.610   729731.910
  0.620   729731.920
  0.620   729731.930
  0.590   729731.930
  0.650   729731.940
  0.630   729731.950
  0.610   729731.950
  0.810   729731.960
  0.600   729731.970
  0.600   729731.980
  0.580   729731.980
  0.590   729731.990
