  1.797   730269.001
  0.948   730269.001
  1.956   730269.008
  1.868   730269.015
  1.951   730269.022
  1.854   730269.028
  1.949   730269.035
  1.992   730269.042
  1.925   730269.049
  1.880   730269.056
  1.988   730269.063
  1.875   730269.070
  1.706   730269.077
  1.893   730269.084
  1.932   730269.091
  2.031   730269.098
  2.233   730269.105
  1.773   730269.112
  2.056   730269.119
  1.857   730269.126
  1.810   730269.133
  2.018   730269.140
  1.971   730269.147
  1.767   730269.154
  1.836   730269.161
  1.728   730269.168
  2.074   730269.175
  1.682   730269.181
  1.945   730269.188
  2.173   730269.195
  2.000   730269.202
  1.838   730269.209
  1.876   730269.216
  1.761   730269.223
  1.806   730269.230
  1.797   730269.237
  1.973   730269.244
  1.853   730269.251
  1.776   730269.258
  1.739   730269.265
  1.876   730269.272
  1.896   730269.279
  1.824   730269.286
  1.753   730269.293
  1.689   730269.300
  1.652   730269.306
  1.687   730269.313
  1.847   730269.320
  1.637   730269.327
  1.804   730269.334
  1.752   730269.341
  1.789   730269.348
  1.718   730269.355
  1.641   730269.362
  1.901   730269.369
  1.833   730269.376
  1.773   730269.383
  1.859   730269.390
  1.548   730269.397
  2.019   730269.404
  1.911   730269.411
  1.926   730269.418
  2.033   730269.425
  1.947   730269.431
  7.689   730269.438
 13.258   730269.445
  1.914   730269.452
  1.745   730269.459
  1.935   730269.466
  1.536   730269.473
  1.701   730269.480
  1.757   730269.487
  1.614   730269.494
  1.585   730269.501
  1.538   730269.508
  1.645   730269.514
  1.669   730269.522
  1.602   730269.529
  1.682   730269.536
  1.587   730269.543
  1.811   730269.549
  1.706   730269.556
  1.926   730269.563
  1.811   730269.570
  2.077   730269.577
  1.831   730269.584
  2.288   730269.591
  2.070   730269.598
  1.698   730269.605
  1.733   730269.612
  1.821   730269.619
  2.080   730269.626
  1.899   730269.633
  2.080   730269.640
  1.980   730269.647
  2.119   730269.654
  1.828   730269.661
  2.176   730269.668
  2.102   730269.675
  2.070   730269.682
  2.095   730269.688
  1.830   730269.696
  2.048   730269.702
  2.031   730269.709
  1.970   730269.716
  2.052   730269.723
  2.203   730269.730
  2.272   730269.737
  2.019   730269.744
  1.939   730269.752
  1.906   730269.759
  1.746   730269.765
  1.941   730269.772
  2.068   730269.779
  2.114   730269.786
  1.935   730269.793
  1.870   730269.800
  1.783   730269.806
  2.243   730269.813
  2.064   730269.820
  2.062   730269.827
  1.962   730269.834
  2.202   730269.841
  1.984   730269.848
  2.024   730269.855
  1.716   730269.862
  1.707   730269.869
  1.944   730269.876
  2.078   730269.883
  2.086   730269.890
  1.876   730269.897
  2.016   730269.904
  1.975   730269.911
  1.889   730269.918
  1.895   730269.925
  9.745   730269.932
  8.451   730269.938
  1.690   730269.945
  1.987   730269.952
  2.023   730269.959
  3.175   730269.966
  1.843   730269.973
  1.989   730269.980
  1.653   730269.987
  1.804   730269.994
