  0.735   730269.000
  0.398   730269.007
  0.436   730269.014
  0.404   730269.021
  0.591   730269.027
  0.487   730269.034
  0.352   730269.041
  0.375   730269.048
  0.444   730269.055
  0.449   730269.062
  0.475   730269.069
  0.539   730269.076
  0.438   730269.083
  0.500   730269.090
  0.499   730269.097
  0.350   730269.104
  0.398   730269.111
  0.393   730269.118
  0.446   730269.125
  0.413   730269.132
  0.484   730269.139
  0.470   730269.146
  0.532   730269.153
  0.430   730269.160
  0.473   730269.167
  0.619   730269.174
  0.535   730269.181
  0.514   730269.187
  0.571   730269.194
  0.405   730269.201
  0.488   730269.208
  0.523   730269.215
  0.475   730269.222
  0.503   730269.229
  0.588   730269.236
  0.567   730269.243
  0.569   730269.250
  0.534   730269.257
  0.537   730269.264
  0.497   730269.271
  0.546   730269.278
  0.497   730269.285
  0.440   730269.292
  0.557   730269.299
  0.529   730269.306
  0.438   730269.312
  0.503   730269.319
  0.486   730269.326
  0.432   730269.333
  0.404   730269.340
  0.460   730269.347
  0.423   730269.354
  0.478   730269.361
  0.463   730269.368
  0.434   730269.375
  0.435   730269.382
  0.528   730269.389
  0.500   730269.396
  0.423   730269.403
  0.442   730269.410
  0.420   730269.417
  0.546   730269.424
  0.409   730269.430
  0.418   730269.437
  0.464   730269.444
  0.613   730269.451
  0.527   730269.458
  0.550   730269.465
  0.458   730269.472
  0.476   730269.479
  0.446   730269.486
  0.397   730269.493
  0.417   730269.500
  0.431   730269.507
  1.044   730269.514
  0.399   730269.521
  0.453   730269.528
  0.395   730269.535
  0.422   730269.542
  0.441   730269.549
  0.476   730269.555
  0.404   730269.562
  0.393   730269.569
  0.462   730269.576
  0.421   730269.583
  0.430   730269.590
  0.429   730269.597
  0.464   730269.604
  0.424   730269.611
  0.452   730269.618
  0.434   730269.625
  0.464   730269.632
  0.425   730269.639
  0.486   730269.646
  0.431   730269.653
  0.412   730269.660
  0.560   730269.667
  0.543   730269.674
  0.472   730269.681
  0.464   730269.687
  0.528   730269.694
  0.451   730269.701
  0.465   730269.708
  0.466   730269.715
  0.501   730269.722
  0.500   730269.729
  0.448   730269.736
  0.520   730269.743
  0.526   730269.750
  0.484   730269.757
  0.444   730269.764
  0.541   730269.771
  0.468   730269.778
  0.507   730269.785
  0.430   730269.792
  0.520   730269.799
  0.471   730269.806
  0.503   730269.813
  0.524   730269.819
  0.505   730269.826
  0.511   730269.833
  0.538   730269.840
  0.456   730269.847
  0.444   730269.854
  0.512   730269.861
  0.561   730269.868
  0.557   730269.875
  0.542   730269.882
  0.534   730269.889
  0.576   730269.896
  0.661   730269.903
  0.700   730269.910
  0.607   730269.917
  0.660   730269.924
  1.046   730269.931
  0.699   730269.937
  0.673   730269.944
  0.561   730269.951
  0.649   730269.958
  0.618   730269.965
  0.665   730269.972
  0.588   730269.979
  0.521   730269.986
  0.558   730269.993
