  1.110   729868.000
  0.970   729868.000
  1.070   729868.010
  1.050   729868.020
  0.990   729868.020
  1.010   729868.030
  1.020   729868.040
  1.010   729868.050
  1.010   729868.050
  1.040   729868.060
  1.090   729868.070
  1.790   729868.070
  1.150   729868.080
  1.120   729868.090
  1.060   729868.090
  1.030   729868.100
  0.990   729868.110
  1.940   729868.110
  1.060   729868.120
  1.220   729868.130
  1.020   729868.130
  1.060   729868.140
  1.060   729868.150
  1.160   729868.160
  1.190   729868.160
  1.090   729868.170
  1.110   729868.180
  1.060   729868.180
  1.120   729868.190
  1.200   729868.200
  1.090   729868.200
  1.000   729868.210
  1.110   729868.220
  1.170   729868.230
  0.960   729868.230
  1.050   729868.240
  1.040   729868.250
  1.120   729868.250
  1.220   729868.260
  1.070   729868.270
  0.970   729868.270
  1.120   729868.280
  1.150   729868.290
  1.160   729868.300
  1.040   729868.300
  1.070   729868.310
  1.070   729868.320
  1.070   729868.320
  1.030   729868.330
  1.090   729868.340
  1.210   729868.340
  1.090   729868.350
  1.110   729868.360
  1.080   729868.360
  1.060   729868.370
  1.160   729868.380
  1.070   729868.390
  1.150   729868.390
  1.090   729868.400
  1.140   729868.410
    NaN   729868.410
  1.160   729868.420
  1.190   729868.430
  1.160   729868.430
  1.180   729868.440
  1.140   729868.450
  1.110   729868.450
  1.150   729868.460
  1.170   729868.470
  1.180   729868.480
  1.040   729868.480
  1.090   729868.490
  1.110   729868.500
  1.130   729868.500
  1.070   729868.510
  1.080   729868.520
  1.270   729868.520
  1.130   729868.530
  1.070   729868.540
  1.100   729868.550
  1.180   729868.550
  1.150   729868.560
  1.200   729868.570
  1.040   729868.570
  1.040   729868.580
  1.100   729868.590
  1.150   729868.590
  1.170   729868.600
  1.210   729868.610
  1.110   729868.610
  1.070   729868.620
  1.090   729868.630
  1.100   729868.640
  1.150   729868.640
  1.180   729868.650
  1.220   729868.660
  1.030   729868.660
  1.190   729868.670
  1.120   729868.680
  1.150   729868.680
  1.280   729868.690
  1.100   729868.700
  1.160   729868.700
  1.150   729868.710
  1.140   729868.720
  1.220   729868.730
  1.200   729868.730
  1.220   729868.740
  8.500   729868.750
  6.840   729868.750
  1.200   729868.760
  1.230   729868.770
  1.130   729868.770
  1.160   729868.780
  1.150   729868.790
  1.200   729868.800
  1.100   729868.800
  1.060   729868.810
  1.190   729868.820
  1.190   729868.820
  1.110   729868.830
  1.160   729868.840
  1.270   729868.840
  1.260   729868.850
  1.260   729868.860
  1.220   729868.860
  1.250   729868.870
  1.250   729868.880
  1.240   729868.890
  1.150   729868.890
  1.130   729868.900
  1.100   729868.910
    NaN   729868.910
  1.140   729868.920
  1.140   729868.930
  1.180   729868.930
  1.110   729868.940
  1.170   729868.950
  1.150   729868.950
  1.160   729868.960
  1.090   729868.970
  1.180   729868.980
  1.210   729868.980
  1.240   729868.990
