  0.686   730216.000
  6.517   730216.025
  7.360   730216.028
  6.976   730216.035
  6.992   730216.042
  6.536   730216.048
  7.267   730216.055
  7.439   730216.062
  8.886   730216.070
  7.511   730216.077
  8.149   730216.084
  7.501   730216.090
  8.190   730216.097
  9.436   730216.104
  8.932   730216.111
  8.206   730216.118
  8.639   730216.125
  8.328   730216.132
  8.050   730216.139
    NaN   730216.146
  8.354   730216.153
  7.582   730216.160
  8.340   730216.167
  9.300   730216.173
  8.113   730216.180
  8.055   730216.187
  8.259   730216.196
  7.637   730216.204
  7.485   730216.209
 26.279   730216.217
  8.351   730216.228
  7.739   730216.236
  8.038   730216.238
  7.645   730216.244
  5.985   730216.250
  7.394   730216.257
  7.235   730216.264
  7.429   730216.271
  6.779   730216.278
  8.214   730216.285
  7.388   730216.292
  7.166   730216.298
  7.319   730216.305
  6.963   730216.312
  6.681   730216.319
  6.838   730216.326
  6.922   730216.334
  7.275   730216.340
  7.157   730216.347
  6.342   730216.354
  6.663   730216.361
  7.357   730216.368
  7.643   730216.375
  6.350   730216.382
  7.083   730216.389
  6.392   730216.396
  6.734   730216.403
  7.456   730216.410
  7.197   730216.417
  7.990   730216.423
  7.170   730216.430
  7.224   730216.437
  7.423   730216.444
  6.091   730216.451
  6.961   730216.458
  5.819   730216.465
  7.056   730216.472
  7.424   730216.479
  6.851   730216.486
  6.430   730216.493
  6.714   730216.500
  7.010   730216.507
  6.906   730216.514
  7.091   730216.521
  7.727   730216.528
  6.673   730216.535
  7.021   730216.542
  6.695   730216.548
  6.411   730216.555
  6.484   730216.562
  6.330   730216.569
  6.738   730216.577
  6.868   730216.583
  6.236   730216.590
  6.512   730216.597
  6.137   730216.604
  6.420   730216.611
  6.884   730216.618
  6.943   730216.625
  6.658   730216.632
  6.501   730216.639
    NaN   730216.646
  6.646   730216.653
  6.176   730216.660
  6.229   730216.667
  6.752   730216.673
  6.103   730216.680
  7.433   730216.687
  7.050   730216.694
    NaN   730216.701
  6.449   730216.709
  7.174   730216.715
  6.066   730216.722
  6.318   730216.729
  6.243   730216.736
  6.425   730216.743
  6.995   730216.751
  6.250   730216.757
  6.388   730216.764
  6.118   730216.771
  5.822   730216.778
  5.229   730216.785
  5.077   730216.792
  5.628   730216.798
  6.171   730216.805
  5.727   730216.812
  5.894   730216.819
  6.507   730216.827
  6.253   730216.834
  6.187   730216.840
  6.507   730216.847
  6.668   730216.854
  5.458   730216.861
  7.059   730216.868
  7.324   730216.875
  6.036   730216.882
  6.554   730216.889
  6.734   730216.896
  6.171   730216.903
  5.919   730216.910
  6.442   730216.918
  5.458   730216.923
  5.476   730216.930
  5.805   730216.937
  6.019   730216.944
  5.915   730216.951
  6.026   730216.958
  6.346   730216.965
  6.400   730216.972
  5.907   730216.979
  6.205   730216.986
  6.255   730216.993
