  0.072   730216.025
  0.044   730216.028
  0.071   730216.035
  0.069   730216.042
  0.050   730216.049
  0.082   730216.056
  0.775   730216.063
  0.102   730216.070
  0.067   730216.077
  0.089   730216.084
  0.070   730216.090
  0.051   730216.097
  0.060   730216.104
  0.047   730216.111
  0.086   730216.118
  0.050   730216.126
  1.262   730216.132
  0.050   730216.139
  0.057   730216.146
  0.080   730216.153
  0.053   730216.160
  0.086   730216.167
  1.231   730216.174
  0.061   730216.181
  0.136   730216.187
  0.086   730216.196
  0.064   730216.204
  0.084   730216.212
  0.075   730216.219
  0.070   730216.230
  0.559   730216.237
  0.082   730216.238
  0.067   730216.245
  0.067   730216.251
  1.230   730216.257
  0.076   730216.264
  0.173   730216.271
  0.543   730216.278
  0.072   730216.285
  0.502   730216.292
  0.046   730216.299
  0.045   730216.306
  0.875   730216.312
  0.056   730216.319
  0.079   730216.326
  0.060   730216.334
  1.336   730216.340
  0.126   730216.347
  0.487   730216.354
  0.293   730216.361
  0.387   730216.368
  0.440   730216.376
  0.506   730216.382
  0.985   730216.389
  0.932   730216.396
  1.129   730216.403
  1.301   730216.410
  1.502   730216.417
  1.336   730216.424
  1.049   730216.431
  1.165   730216.438
  1.349   730216.444
  1.197   730216.451
  1.368   730216.459
  1.295   730216.465
  1.232   730216.472
  1.229   730216.479
  1.154   730216.486
  1.313   730216.493
  1.230   730216.501
  1.271   730216.507
  1.194   730216.514
  1.408   730216.521
  2.053   730216.528
  0.504   730216.535
  0.319   730216.542
  0.243   730216.549
  0.197   730216.556
  0.150   730216.562
  0.337   730216.569
  0.051   730216.577
  0.056   730216.584
  0.052   730216.590
  0.059   730216.597
  0.067   730216.604
  0.056   730216.611
  0.057   730216.618
  0.058   730216.626
  0.055   730216.632
  0.073   730216.639
  0.050   730216.646
  0.055   730216.653
  0.060   730216.660
  0.065   730216.667
  0.500   730216.674
  0.066   730216.681
  0.063   730216.687
  0.054   730216.694
  0.065   730216.701
  0.060   730216.709
  0.243   730216.715
  0.357   730216.722
  0.062   730216.729
  0.053   730216.736
  0.056   730216.744
  0.053   730216.751
  0.054   730216.757
  0.061   730216.764
  0.062   730216.771
  0.050   730216.778
  0.059   730216.785
  0.057   730216.792
  1.075   730216.799
  0.056   730216.806
  0.052   730216.812
  1.349   730216.819
  0.055   730216.827
  0.052   730216.834
  1.173   730216.840
  0.058   730216.847
  0.052   730216.854
  0.847   730216.861
  0.056   730216.868
  0.055   730216.876
  1.362   730216.882
  0.057   730216.889
  1.208   730216.896
  0.055   730216.903
  0.049   730216.910
  0.046   730216.918
  0.048   730216.924
  0.056   730216.931
  0.067   730216.937
  0.064   730216.945
  0.063   730216.951
  0.058   730216.959
  0.060   730216.965
  0.058   730216.972
  0.061   730216.979
  0.059   730216.986
  0.058   730216.993
