  2.874   730216.026
  3.084   730216.028
  2.840   730216.035
  2.990   730216.043
  2.588   730216.049
  2.814   730216.056
  2.599   730216.064
  4.209   730216.071
  2.288   730216.077
  2.145   730216.085
  2.179   730216.091
  2.394   730216.098
  2.582   730216.105
  3.077   730216.111
  2.786   730216.118
  2.707   730216.126
  2.671   730216.132
  2.966   730216.139
  2.770   730216.146
  2.762   730216.153
  5.077   730216.160
  2.665   730216.168
  2.992   730216.174
  2.580   730216.181
  3.094   730216.188
  2.900   730216.197
  2.688   730216.205
  2.722   730216.215
  3.676   730216.223
  3.612   730216.235
  2.443   730216.239
  2.524   730216.240
  3.198   730216.246
  2.796   730216.252
  2.861   730216.257
  3.518   730216.264
  2.987   730216.271
  2.780   730216.278
  2.742   730216.285
  6.253   730216.293
  2.960   730216.299
  3.125   730216.306
  6.673   730216.313
  2.525   730216.320
  2.373   730216.327
  2.719   730216.335
  2.573   730216.341
  2.539   730216.348
  2.620   730216.355
  2.535   730216.362
  3.155   730216.368
  2.905   730216.376
  2.755   730216.382
  4.847   730216.389
  5.592   730216.396
  3.191   730216.403
  2.499   730216.411
  3.019   730216.418
  2.737   730216.424
  2.609   730216.431
  2.582   730216.438
  3.114   730216.445
  2.996   730216.452
  2.519   730216.460
  6.176   730216.466
  2.309   730216.473
  2.182   730216.480
  2.496   730216.487
  2.633   730216.493
  2.756   730216.501
  2.608   730216.507
  2.672   730216.514
  4.303   730216.521
  2.755   730216.528
  2.270   730216.535
  2.769   730216.543
  2.353   730216.549
  2.721   730216.556
  2.431   730216.563
  4.056   730216.570
  2.699   730216.578
  2.452   730216.585
  2.222   730216.591
  2.561   730216.598
  2.342   730216.605
  5.076   730216.611
  2.759   730216.618
  2.778   730216.626
  2.773   730216.632
  2.800   730216.639
  2.267   730216.646
  2.305   730216.653
  2.764   730216.660
  2.491   730216.668
  2.558   730216.674
  2.401   730216.681
  2.391   730216.688
  2.394   730216.695
  2.787   730216.702
  2.127   730216.710
  2.413   730216.716
  2.747   730216.723
  2.825   730216.730
  2.661   730216.737
  2.268   730216.744
  2.576   730216.752
  2.501   730216.757
  2.520   730216.764
  2.477   730216.771
  2.380   730216.778
  2.732   730216.785
  2.386   730216.793
  2.402   730216.799
  2.420   730216.806
  2.552   730216.813
  2.400   730216.820
  1.895   730216.828
  2.029   730216.836
  1.944   730216.841
  1.727   730216.848
  2.407   730216.855
  9.903   730216.862
  2.116   730216.868
  2.292   730216.876
  2.584   730216.882
  7.770   730216.890
  1.870   730216.896
  1.780   730216.904
  1.799   730216.911
  1.667   730216.919
  1.521   730216.924
  1.588   730216.931
  1.534   730216.938
    NaN   730216.945
  2.721   730216.952
  2.445   730216.960
  2.561   730216.966
  2.281   730216.973
  2.624   730216.980
  2.389   730216.987
  1.821   730216.993
