  0.027   730377.006
  0.023   730377.006
  0.130   730377.006
  0.063   730377.013
  0.116   730377.013
  0.116   730377.020
  0.119   730377.027
  0.055   730377.027
  0.121   730377.034
  0.117   730377.041
  0.146   730377.048
  0.120   730377.055
  0.131   730377.062
  0.115   730377.069
  0.123   730377.076
  0.046   730377.083
  0.095   730377.083
  0.074   730377.090
  0.107   730377.090
  0.125   730377.097
  0.120   730377.104
  0.030   730377.104
  0.098   730377.110
  0.040   730377.110
  0.113   730377.117
  0.122   730377.124
  0.086   730377.131
  0.075   730377.131
  0.116   730377.138
  0.098   730377.145
  0.043   730377.145
  0.108   730377.152
  0.035   730377.159
  0.105   730377.159
  0.112   730377.166
  0.105   730377.173
  0.076   730377.180
  0.060   730377.180
  0.046   730377.187
  0.141   730377.187
  0.105   730377.194
  0.096   730377.201
  0.052   730377.208
  0.086   730377.208
  0.108   730377.215
  0.015   730377.215
  0.091   730377.222
  0.108   730377.229
  0.033   730377.229
  0.109   730377.235
  0.104   730377.242
  0.088   730377.249
  0.045   730377.249
  0.104   730377.256
  0.075   730377.263
  0.061   730377.263
  0.095   730377.270
  0.111   730377.277
  0.038   730377.277
  0.093   730377.284
  0.018   730377.291
  0.094   730377.291
  0.107   730377.298
  0.071   730377.305
  0.068   730377.305
  0.109   730377.312
  0.102   730377.319
  0.109   730377.326
  0.027   730377.326
  0.087   730377.333
  0.061   730377.333
  0.100   730377.340
  0.106   730377.347
  0.088   730377.354
  0.062   730377.354
  0.034   730377.354
  0.114   730377.360
  0.127   730377.367
  0.118   730377.374
  0.046   730377.381
  0.869   730377.381
  0.086   730377.388
  0.065   730377.388
  0.125   730377.395
  0.087   730377.402
  0.088   730377.402
  0.130   730377.409
  0.130   730377.416
  0.136   730377.423
  0.028   730377.430
  0.098   730377.430
  0.088   730377.430
  0.141   730377.437
  0.164   730377.444
  0.114   730377.451
  0.078   730377.451
  0.137   730377.458
  0.050   730377.458
  0.152   730377.465
  0.152   730377.472
  0.054   730377.479
  0.121   730377.479
  0.156   730377.485
  0.138   730377.492
  0.110   730377.499
  0.098   730377.499
  0.090   730377.506
  0.139   730377.506
  0.171   730377.513
  0.156   730377.520
  0.034   730377.527
  0.166   730377.534
  0.172   730377.541
  0.176   730377.548
  0.087   730377.548
  0.159   730377.555
  0.167   730377.562
  0.181   730377.569
  0.077   730377.576
  0.185   730377.576
  0.100   730377.583
  0.167   730377.583
  0.182   730377.590
  0.135   730377.597
  0.120   730377.597
  0.108   730377.604
  0.162   730377.604
  0.177   730377.610
  0.214   730377.617
  0.120   730377.624
  0.149   730377.624
  0.204   730377.631
  0.094   730377.631
  0.207   730377.638
  0.198   730377.645
  0.001   730377.645
  0.201   730377.652
  0.232   730377.659
  0.219   730377.666
  0.126   730377.673
  0.166   730377.673
  0.062   730377.673
  0.204   730377.680
  0.241   730377.687
  0.198   730377.694
  0.037   730377.701
  0.202   730377.701
  0.116   730377.701
  0.203   730377.708
  0.194   730377.715
  0.131   730377.722
  0.127   730377.722
  0.188   730377.729
  0.203   730377.735
  0.196   730377.742
  0.062   730377.749
  0.157   730377.749
  0.055   730377.749
  0.178   730377.756
  0.186   730377.763
  0.199   730377.769
  0.091   730377.769
  0.153   730377.770
  0.114   730377.770
  0.143   730377.780
  0.103   730377.780
  0.132   730377.780
  0.106   730377.780
  0.106   730377.798
  0.156   730377.798
  0.241   730377.805
  0.211   730377.812
  0.248   730377.819
  0.070   730377.826
  0.239   730377.826
  0.208   730377.833
  0.224   730377.840
  0.144   730377.847
  0.145   730377.847
  0.225   730377.854
  0.240   730377.860
  0.242   730377.867
  0.174   730377.874
  0.166   730377.874
  0.227   730377.881
  0.230   730377.888
  0.166   730377.895
  0.144   730377.895
  0.232   730377.902
  0.208   730377.909
  0.157   730377.916
  0.150   730377.916
  0.226   730377.923
  0.215   730377.930
  0.235   730377.937
  0.140   730377.944
  0.153   730377.944
  0.219   730377.951
  0.203   730377.958
  0.242   730377.965
  0.158   730377.972
  0.111   730377.972
  0.166   730377.979
  0.202   730377.985
  0.181   730377.992
  0.153   730377.999
  0.112   730377.999
