  0.338   730377.001
  0.156   730377.001
  3.886   730377.008
  0.292   730377.015
  0.275   730377.022
  0.298   730377.029
  0.284   730377.036
  0.303   730377.043
  0.322   730377.050
  0.242   730377.056
  0.322   730377.063
  0.291   730377.070
  0.310   730377.077
  0.279   730377.084
  0.339   730377.091
  0.304   730377.098
  0.333   730377.105
  0.342   730377.112
  0.345   730377.119
  0.330   730377.126
  0.328   730377.133
  0.358   730377.140
  0.386   730377.147
  0.341   730377.154
  0.370   730377.161
  0.370   730377.168
  0.372   730377.175
  0.325   730377.181
  0.400   730377.188
  0.319   730377.195
  0.375   730377.202
  0.362   730377.209
  0.344   730377.216
  0.349   730377.223
  0.343   730377.230
  0.361   730377.237
  0.419   730377.244
  0.344   730377.251
  0.398   730377.258
  0.411   730377.265
  0.454   730377.272
  0.455   730377.279
  0.514   730377.286
  0.468   730377.293
  0.556   730377.300
  0.492   730377.306
  0.522   730377.313
  0.524   730377.320
  0.448   730377.327
  0.490   730377.334
  0.497   730377.341
  0.524   730377.348
  0.498   730377.355
  0.577   730377.362
  0.506   730377.369
  0.537   730377.376
  0.559   730377.383
  0.538   730377.390
  0.493   730377.397
  0.583   730377.404
  0.584   730377.411
  0.484   730377.418
  0.569   730377.425
  0.529   730377.432
  0.617   730377.438
  0.645   730377.445
  0.584   730377.452
  0.600   730377.460
  0.599   730377.466
  0.597   730377.473
  0.669   730377.480
  0.689   730377.487
  0.663   730377.494
  0.663   730377.501
  2.462   730377.508
  0.606   730377.515
  0.608   730377.522
  0.592   730377.529
  0.669   730377.536
  0.520   730377.543
  0.541   730377.550
  0.563   730377.557
  0.657   730377.563
  0.573   730377.570
  0.537   730377.577
  0.567   730377.584
  0.505   730377.591
  0.492   730377.598
  0.533   730377.605
  0.485   730377.612
  0.453   730377.619
  0.483   730377.626
  0.557   730377.633
  0.522   730377.640
  0.446   730377.647
  0.466   730377.654
  0.510   730377.661
  0.485   730377.668
  0.511   730377.675
  0.448   730377.682
  0.448   730377.688
  1.042   730377.695
  0.490   730377.702
  0.472   730377.709
  0.477   730377.716
  0.546   730377.723
  0.501   730377.730
  0.464   730377.737
  0.556   730377.744
  0.487   730377.751
  0.558   730377.758
  0.556   730377.766
  0.575   730377.771
  0.507   730377.774
  0.541   730377.782
  0.546   730377.800
  0.602   730377.807
  0.513   730377.813
  0.614   730377.821
  0.526   730377.827
  0.626   730377.834
  0.589   730377.841
  0.658   730377.848
  0.578   730377.855
  0.614   730377.863
  0.672   730377.869
  0.601   730377.876
  0.681   730377.883
  0.652   730377.890
  0.689   730377.897
  0.576   730377.904
  0.653   730377.911
  0.639   730377.918
  0.639   730377.925
  0.704   730377.932
  0.721   730377.938
  0.724   730377.946
  0.676   730377.952
  0.575   730377.959
  0.676   730377.966
  0.645   730377.973
  0.686   730377.980
  0.648   730377.988
  0.626   730377.994
