  0.907   730294.000
  0.176   730294.000
  0.845   730294.007
  0.889   730294.014
  0.797   730294.021
  0.801   730294.028
  0.934   730294.035
  0.769   730294.042
  0.811   730294.049
  0.848   730294.056
  0.828   730294.063
  0.735   730294.069
  0.789   730294.076
 12.891   730294.083
  0.784   730294.090
  0.779   730294.097
  0.782   730294.104
  0.836   730294.111
  0.749   730294.119
  0.708   730294.126
  0.699   730294.133
  0.751   730294.140
  0.727   730294.146
  0.672   730294.153
  0.714   730294.160
  0.792   730294.167
  0.767   730294.174
  0.654   730294.181
  0.646   730294.188
  0.772   730294.195
  0.737   730294.202
  0.668   730294.209
  0.801   730294.216
  0.717   730294.223
  0.703   730294.230
  0.689   730294.237
  0.668   730294.244
  0.722   730294.251
  0.705   730294.258
  0.669   730294.265
  0.735   730294.271
  0.624   730294.278
  0.633   730294.285
  0.660   730294.292
  0.720   730294.299
  0.716   730294.306
  0.687   730294.313
  0.555   730294.320
  0.642   730294.327
  0.719   730294.334
  0.705   730294.341
  0.665   730294.348
  0.630   730294.355
  0.567   730294.362
  0.628   730294.369
  0.646   730294.376
  0.648   730294.383
  0.671   730294.390
  0.696   730294.396
  0.561   730294.403
  0.630   730294.410
  0.637   730294.417
  0.682   730294.424
  0.578   730294.431
  0.596   730294.438
  0.554   730294.445
  0.581   730294.452
  0.494   730294.459
  0.613   730294.466
  0.591   730294.473
  0.599   730294.480
  0.522   730294.487
  0.545   730294.494
  0.527   730294.501
  0.538   730294.508
  0.547   730294.515
  0.515   730294.521
  0.464   730294.528
  0.477   730294.535
  0.493   730294.542
  0.513   730294.549
  0.525   730294.556
  0.489   730294.563
  0.473   730294.570
  0.428   730294.577
  5.119   730294.584
  0.427   730294.591
  0.438   730294.598
  0.477   730294.605
  0.529   730294.612
  0.464   730294.619
  0.475   730294.626
  0.460   730294.633
  0.450   730294.640
  0.414   730294.647
  0.458   730294.653
  0.536   730294.660
  0.479   730294.667
  0.534   730294.674
  0.492   730294.681
  0.426   730294.688
  0.500   730294.695
  0.507   730294.702
  0.507   730294.710
  0.600   730294.716
  0.502   730294.723
  0.678   730294.730
  0.677   730294.737
  0.741   730294.744
  0.676   730294.751
  0.755   730294.758
  0.855   730294.765
  0.801   730294.772
  0.863   730294.779
  1.061   730294.786
  1.052   730294.793
  1.048   730294.800
  1.210   730294.807
  1.270   730294.814
  1.232   730294.820
  1.419   730294.827
  1.311   730294.834
  1.486   730294.841
  1.625   730294.848
  1.538   730294.855
  1.357   730294.862
  1.457   730294.869
  1.601   730294.876
  1.439   730294.883
  1.398   730294.890
  1.385   730294.897
  1.443   730294.904
  1.337   730294.910
  1.461   730294.917
  1.483   730294.925
  1.506   730294.932
  1.568   730294.939
  1.730   730294.946
  1.627   730294.953
  1.517   730294.959
  1.647   730294.965
  1.829   730294.972
  1.846   730294.979
  1.814   730294.986
  1.822   730294.993
