 12.494   729312.000
 12.555   729312.010
 12.254   729312.021
 12.591   729312.031
 11.240   729312.042
 12.636   729312.052
 11.953   729312.063
 11.373   729312.073
 12.803   729312.083
    NaN   729312.094
 12.690   729312.104
 12.785   729312.115
 12.352   729312.125
 12.978   729312.135
 13.265   729312.146
 12.639   729312.156
 11.286   729312.167
 11.136   729312.177
  9.188   729312.188
  9.672   729312.198
  9.886   729312.208
  9.923   729312.219
 10.221   729312.229
 10.810   729312.240
 11.718   729312.250
 11.761   729312.260
 10.099   729312.271
 11.005   729312.281
 12.473   729312.292
 12.644   729312.302
 12.733   729312.313
 11.337   729312.323
 11.711   729312.333
 12.260   729312.344
 13.967   729312.354
 10.820   729312.365
 10.974   729312.375
 13.032   729312.385
 11.561   729312.396
 16.300   729312.740
 15.855   729312.750
 18.848   729312.760
 18.613   729312.771
 18.173   729312.781
 18.266   729312.792
 20.175   729312.802
 20.605   729312.813
 20.647   729312.823
 20.599   729312.833
 19.135   729312.844
 20.203   729312.854
    NaN   729312.865
 23.494   729312.875
 20.326   729312.885
 18.026   729312.896
 19.918   729312.906
 17.997   729312.917
 17.498   729312.927
 19.046   729312.938
 16.925   729312.948
 15.265   729312.958
 17.249   729312.969
 17.247   729312.979
 17.506   729312.990
