  0.011   730296.006
  0.010   730296.013
  0.012   730296.020
  0.012   730296.027
  0.011   730296.034
  0.004   730296.041
  0.012   730296.048
  0.013   730296.055
  0.007   730296.062
  0.002   730296.069
  0.001   730296.076
  0.003   730296.084
  0.001   730296.090
  0.013   730296.097
  0.011   730296.104
  0.004   730296.110
  0.001   730296.117
  0.001   730296.124
  0.001   730296.131
  0.009   730296.138
  0.009   730296.145
  0.007   730296.152
  0.006   730296.159
  0.009   730296.166
  0.011   730296.173
  0.016   730296.180
  0.018   730296.187
  0.019   730296.194
  0.017   730296.201
  0.015   730296.208
  0.011   730296.215
  0.011   730296.222
  0.016   730296.229
  0.016   730296.235
  0.015   730296.242
  0.016   730296.249
  0.001   730296.256
  0.017   730296.263
  0.018   730296.270
  0.018   730296.277
  0.018   730296.284
  0.019   730296.291
  0.018   730296.298
  0.015   730296.305
  0.013   730296.312
  0.007   730296.319
  0.008   730296.326
  0.009   730296.333
  0.014   730296.340
  0.012   730296.347
  0.012   730296.354
  0.012   730296.360
  0.017   730296.367
  0.017   730296.374
  0.015   730296.381
  0.000   730296.388
  0.016   730296.395
  0.015   730296.402
  0.011   730296.409
  0.004   730296.416
  0.001   730296.423
  0.001   730296.430
  0.007   730296.437
  0.011   730296.444
  0.013   730296.451
  0.014   730296.458
  0.017   730296.465
  0.017   730296.472
  0.006   730296.479
  0.002   730296.485
  0.000   730296.492
  0.000   730296.499
  0.005   730296.506
  0.010   730296.513
  0.016   730296.520
  0.017   730296.527
  0.013   730296.534
  0.003   730296.541
  0.000   730296.548
  0.002   730296.555
  0.012   730296.562
  0.016   730296.569
  0.010   730296.576
  0.001   730296.583
  0.001   730296.590
  0.008   730296.597
  0.015   730296.604
  0.015   730296.610
  0.009   730296.617
  0.000   730296.624
  0.002   730296.631
  0.001   730296.638
  0.014   730296.645
  0.017   730296.652
  0.010   730296.659
  2.197   730296.666
  0.001   730296.673
  0.000   730296.680
  0.007   730296.687
  0.002   730296.694
  0.001   730296.701
  1.114   730296.708
  0.000   730296.715
  0.000   730296.722
  0.001   730296.729
  0.001   730296.735
  0.007   730296.742
  0.011   730296.749
  0.015   730296.756
  0.017   730296.763
  0.018   730296.770
  2.330   730296.777
  4.415   730296.784
  0.003   730296.791
  0.003   730296.798
  0.000   730296.805
  0.002   730296.812
  0.015   730296.819
  0.016   730296.826
  0.007   730296.833
  0.002   730296.840
  0.004   730296.847
  0.014   730296.854
  0.018   730296.860
  0.016   730296.867
  0.001   730296.874
  0.007   730296.881
  0.010   730296.885
  0.001   730296.888
  0.006   730296.895
  0.018   730296.902
  0.012   730296.909
  0.001   730296.916
  0.006   730296.923
  0.017   730296.930
  0.016   730296.937
  0.004   730296.944
  0.002   730296.951
  0.016   730296.958
  3.867   730296.965
  0.009   730296.972
  0.001   730296.979
  0.013   730296.985
  0.017   730296.992
  0.001   730296.999
