  1.650   729722.000
  1.650   729722.000
  1.550   729722.010
  1.570   729722.020
  1.840   729722.020
  1.950   729722.030
  1.880   729722.040
  2.050   729722.040
  1.920   729722.050
  1.850   729722.060
  1.940   729722.070
  1.600   729722.070
  1.360   729722.080
  1.370   729722.090
  1.280   729722.090
  1.440   729722.100
  1.650   729722.110
  1.430   729722.110
  1.310   729722.120
  1.370   729722.130
  1.290   729722.130
  1.330   729722.140
  1.240   729722.150
  1.260   729722.160
  1.170   729722.160
  1.240   729722.170
  1.400   729722.180
  1.260   729722.180
  1.290   729722.190
  1.200   729722.200
  1.330   729722.200
  1.230   729722.210
  1.240   729722.220
  1.230   729722.230
  1.300   729722.230
  1.400   729722.240
  1.190   729722.250
  1.100   729722.250
  1.140   729722.260
  1.180   729722.270
  1.160   729722.270
  1.280   729722.280
  1.050   729722.290
  1.080   729722.290
  1.070   729722.300
  0.970   729722.310
  0.980   729722.320
  0.970   729722.320
  1.080   729722.330
  0.990   729722.340
  1.080   729722.340
  1.050   729722.350
  1.090   729722.360
  0.930   729722.360
  0.900   729722.370
  0.880   729722.380
  0.830   729722.390
  0.870   729722.390
  0.810   729722.400
  0.820   729722.410
  0.810   729722.410
  0.860   729722.420
  0.770   729722.430
  0.810   729722.430
  0.850   729722.440
  0.880   729722.450
  0.850   729722.450
  0.810   729722.460
  0.770   729722.470
    NaN   729722.480
    NaN   729722.480
  0.840   729722.490
  0.760   729722.500
  0.750   729722.500
  0.760   729722.510
  0.800   729722.520
  0.720   729722.520
  0.750   729722.530
  0.700   729722.540
  0.750   729722.550
  0.680   729722.550
  0.660   729722.560
  0.640   729722.570
  0.670   729722.570
  0.730   729722.580
  0.710   729722.590
  0.700   729722.590
  0.600   729722.600
  0.630   729722.610
  0.620   729722.610
  0.610   729722.620
  0.630   729722.630
  0.590   729722.640
  0.530   729722.640
  0.510   729722.650
  0.630   729722.660
  0.530   729722.660
  0.590   729722.670
  0.580   729722.680
  0.600   729722.680
  0.550   729722.690
  0.530   729722.700
  0.590   729722.700
  0.580   729722.710
  0.520   729722.720
  0.560   729722.730
  0.570   729722.730
  0.610   729722.740
  0.670   729722.750
  0.640   729722.750
  0.590   729722.760
  0.630   729722.770
  0.700   729722.770
  0.690   729722.780
  0.630   729722.790
  0.630   729722.800
  0.720   729722.800
  0.570   729722.810
  0.600   729722.820
  0.680   729722.820
  0.660   729722.830
  0.700   729722.840
  0.680   729722.840
  0.780   729722.850
  0.780   729722.860
  0.810   729722.860
  0.860   729722.870
  0.770   729722.880
  0.810   729722.890
  0.810   729722.890
  0.840   729722.900
  0.830   729722.910
  0.960   729722.910
  0.920   729722.920
  0.910   729722.930
  0.940   729722.930
  0.860   729722.940
  0.790   729722.950
  0.760   729722.950
  0.870   729722.960
  0.740   729722.970
    NaN   729722.980
    NaN   729722.980
  0.870   729722.990
