  0.130   730037.000
  0.150   730037.000
    NaN   730037.010
    NaN   730037.020
  0.130   730037.030
  0.530   730037.030
  0.660   730037.040
  0.130   730037.050
  0.450   730037.050
  0.230   730037.060
  0.100   730037.070
  0.120   730037.070
  0.150   730037.080
  0.230   730037.090
  0.330   730037.090
  0.130   730037.100
  0.180   730037.110
  0.090   730037.120
  0.100   730037.120
  0.100   730037.130
  0.090   730037.140
  0.110   730037.140
  0.090   730037.150
  0.110   730037.160
  0.110   730037.160
  0.180   730037.170
  0.210   730037.180
  0.200   730037.190
  0.130   730037.190
  0.100   730037.200
  0.110   730037.210
  0.100   730037.210
  0.100   730037.220
  0.110   730037.230
  0.110   730037.230
  0.110   730037.240
  0.240   730037.250
  0.350   730037.250
  0.120   730037.260
  0.170   730037.270
  0.100   730037.280
  0.100   730037.280
  0.110   730037.290
  0.110   730037.300
  0.090   730037.300
  0.090   730037.310
  0.100   730037.320
  0.110   730037.320
  0.320   730037.330
  0.230   730037.340
  0.140   730037.340
  0.160   730037.350
  0.100   730037.360
  0.090   730037.370
  0.090   730037.370
  0.110   730037.380
  0.090   730037.390
  0.110   730037.390
  0.110   730037.400
  0.130   730037.410
  0.160   730037.410
  0.300   730037.420
  0.200   730037.430
  0.550   730037.440
  0.140   730037.440
  0.110   730037.450
  0.090   730037.460
  0.100   730037.460
  0.100   730037.470
  0.100   730037.480
  0.110   730037.480
  0.220   730037.490
  0.200   730037.500
  0.280   730037.500
  0.190   730037.510
  0.100   730037.520
  0.160   730037.530
  0.100   730037.530
  0.100   730037.540
  0.100   730037.550
  0.100   730037.550
  0.090   730037.560
  0.110   730037.570
  0.120   730037.570
  0.240   730037.580
  0.220   730037.590
  0.140   730037.590
  0.200   730037.600
  0.110   730037.610
  0.110   730037.620
  0.100   730037.620
  0.090   730037.630
  0.090   730037.640
  0.090   730037.640
  0.100   730037.650
  0.100   730037.660
  0.120   730037.660
  0.080   730037.670
  0.080   730037.680
  0.110   730037.690
  0.100   730037.690
  0.100   730037.700
  0.110   730037.710
  0.100   730037.710
  0.330   730037.720
  0.280   730037.730
  0.120   730037.730
  0.100   730037.740
  0.140   730037.750
  0.100   730037.750
  0.090   730037.760
  0.110   730037.770
  0.100   730037.780
  0.100   730037.780
  0.090   730037.790
  0.210   730037.800
  0.280   730037.800
  0.080   730037.810
  0.150   730037.820
  0.090   730037.820
  0.210   730037.830
  0.090   730037.840
  0.090   730037.840
  0.470   730037.850
  0.090   730037.860
  0.090   730037.870
  0.210   730037.870
  0.310   730037.880
  0.120   730037.890
  0.110   730037.890
  0.140   730037.900
  0.140   730037.910
  0.090   730037.910
  0.090   730037.920
  0.100   730037.930
  0.090   730037.930
  0.080   730037.940
  0.090   730037.950
  0.100   730037.960
  0.210   730037.960
  0.320   730037.970
  0.290   730037.980
  0.240   730037.980
  0.090   730037.990
