  0.247   730285.001
  0.546   730285.008
  0.571   730285.014
  0.645   730285.021
  0.611   730285.028
  0.608   730285.035
  0.703   730285.042
  0.568   730285.049
  0.636   730285.056
  0.650   730285.063
  0.706   730285.070
  0.625   730285.077
  0.645   730285.084
  0.682   730285.091
  0.624   730285.098
  0.585   730285.105
  0.628   730285.112
  0.626   730285.119
  0.550   730285.125
  0.543   730285.132
  0.479   730285.139
  0.478   730285.146
  0.475   730285.153
  0.424   730285.160
  2.032   730285.167
  0.486   730285.174
  0.455   730285.181
  0.376   730285.188
  0.452   730285.195
  0.469   730285.202
  0.430   730285.209
  0.445   730285.216
  0.409   730285.223
  0.436   730285.230
  0.452   730285.237
  0.385   730285.244
  0.356   730285.251
  0.383   730285.257
  0.404   730285.264
  0.395   730285.271
  0.387   730285.278
  0.369   730285.285
  0.353   730285.292
  0.369   730285.299
  0.404   730285.306
  0.338   730285.313
  0.395   730285.320
  0.363   730285.327
  0.343   730285.334
  0.331   730285.341
  0.372   730285.348
  0.353   730285.355
  0.336   730285.362
  0.295   730285.369
  0.320   730285.376
  0.348   730285.382
  0.357   730285.389
  0.310   730285.396
  0.304   730285.403
  0.329   730285.410
  0.303   730285.417
  0.323   730285.424
  0.337   730285.431
  0.306   730285.438
  0.311   730285.445
  0.332   730285.452
  0.299   730285.459
  0.358   730285.466
  0.315   730285.473
  0.344   730285.480
  0.363   730285.487
  0.330   730285.494
  0.342   730285.501
  0.376   730285.507
  0.391   730285.514
  0.535   730285.521
  0.409   730285.528
  0.407   730285.535
  0.387   730285.542
  0.445   730285.549
  0.401   730285.556
  0.413   730285.563
  0.493   730285.570
  0.443   730285.577
  0.365   730285.584
  0.415   730285.591
  0.421   730285.598
  0.396   730285.605
  0.370   730285.612
  0.316   730285.619
  0.351   730285.626
  0.298   730285.632
  0.335   730285.639
  0.336   730285.646
  0.318   730285.653
  0.326   730285.660
  0.263   730285.667
  0.241   730285.674
  0.250   730285.681
  0.273   730285.688
  0.233   730285.695
  0.260   730285.702
  1.256   730285.709
  0.233   730285.716
  0.221   730285.723
  0.226   730285.730
  0.229   730285.737
  0.237   730285.744
  0.229   730285.751
  0.239   730285.758
  0.215   730285.765
  0.205   730285.771
  0.216   730285.778
  0.210   730285.785
  0.200   730285.792
  0.194   730285.799
  0.215   730285.806
  0.177   730285.813
  0.208   730285.820
  0.202   730285.827
  0.218   730285.834
  0.200   730285.841
  0.162   730285.848
  0.199   730285.855
  0.180   730285.862
  0.180   730285.869
  0.179   730285.876
  0.181   730285.883
  0.179   730285.889
  0.187   730285.896
  0.183   730285.903
  0.173   730285.910
  0.172   730285.917
  0.168   730285.924
  0.198   730285.931
  0.184   730285.938
  0.207   730285.945
  0.208   730285.952
  0.190   730285.959
  0.214   730285.966
  0.232   730285.973
  0.254   730285.980
  0.254   730285.987
  0.286   730285.994
