  0.374   730285.007
  0.446   730285.014
  0.406   730285.021
  0.414   730285.028
  0.347   730285.035
  0.382   730285.042
  0.359   730285.048
  0.358   730285.055
  0.404   730285.062
  0.460   730285.069
  0.390   730285.076
  1.392   730285.083
  4.803   730285.090
  0.392   730285.097
  0.395   730285.104
  0.361   730285.111
  0.383   730285.118
  0.347   730285.125
  0.405   730285.132
  0.397   730285.139
  0.387   730285.146
  0.396   730285.153
  0.387   730285.160
  0.395   730285.166
  0.391   730285.173
  0.392   730285.180
  0.394   730285.187
  0.402   730285.194
  0.408   730285.201
  0.391   730285.208
  0.385   730285.215
  0.379   730285.222
  0.431   730285.229
  0.389   730285.236
  0.359   730285.243
  0.371   730285.250
  0.449   730285.257
  0.403   730285.264
  0.400   730285.271
  0.403   730285.278
  0.386   730285.285
  0.376   730285.291
  0.372   730285.298
  0.375   730285.305
  0.404   730285.312
  0.396   730285.319
  0.380   730285.326
  0.392   730285.333
  0.343   730285.340
  0.346   730285.347
  0.335   730285.354
  0.324   730285.361
  0.346   730285.368
  0.359   730285.375
  0.355   730285.382
  0.313   730285.389
  0.364   730285.396
  0.351   730285.403
  0.323   730285.410
  0.325   730285.416
  0.333   730285.423
  0.286   730285.430
  0.313   730285.437
  0.305   730285.444
  0.315   730285.451
  0.264   730285.458
  0.336   730285.465
  0.277   730285.472
  0.288   730285.479
  0.307   730285.486
  0.295   730285.493
  0.288   730285.500
  0.268   730285.507
  0.276   730285.514
  0.352   730285.521
  0.290   730285.528
  0.277   730285.535
  0.277   730285.541
  0.259   730285.548
  0.283   730285.555
  0.245   730285.562
  0.252   730285.569
  0.287   730285.576
  0.899   730285.583
  7.086   730285.590
  0.240   730285.597
  0.262   730285.604
  0.229   730285.611
  0.246   730285.618
  0.274   730285.625
  0.248   730285.632
  0.238   730285.639
  0.265   730285.646
  0.255   730285.653
  0.258   730285.660
  0.217   730285.666
  0.220   730285.673
  0.217   730285.680
  0.235   730285.687
  0.239   730285.694
  0.221   730285.701
  0.223   730285.708
  0.216   730285.715
  0.199   730285.722
  0.226   730285.729
  0.208   730285.736
  0.248   730285.743
  0.223   730285.750
  0.227   730285.757
  0.204   730285.764
  0.201   730285.771
  0.226   730285.778
  0.249   730285.785
  0.252   730285.791
  0.194   730285.798
  0.237   730285.805
  0.226   730285.812
  0.218   730285.819
  0.222   730285.826
  0.213   730285.833
  0.191   730285.840
  0.241   730285.847
  0.203   730285.854
  0.230   730285.861
  0.196   730285.868
  0.239   730285.875
  0.238   730285.882
  0.219   730285.889
  0.193   730285.896
  0.237   730285.903
  0.194   730285.910
  0.216   730285.917
  0.237   730285.923
  0.189   730285.930
  0.242   730285.937
  0.271   730285.944
  0.216   730285.951
  0.230   730285.958
  0.255   730285.965
  0.243   730285.972
  0.266   730285.979
  0.261   730285.986
  0.253   730285.993
  0.305   730286.000
