  0.365   730285.001
  1.028   730285.008
  0.953   730285.014
  0.886   730285.021
  1.091   730285.028
  1.037   730285.035
  1.021   730285.042
  1.046   730285.049
  0.925   730285.056
  0.936   730285.063
  0.887   730285.070
  0.871   730285.077
  0.864   730285.084
  0.862   730285.091
  0.883   730285.098
  0.762   730285.105
  0.848   730285.112
  0.752   730285.119
  2.803   730285.125
  0.780   730285.132
  0.694   730285.139
  0.729   730285.146
  0.735   730285.153
  0.607   730285.160
  6.414   730285.167
  0.630   730285.174
  0.621   730285.181
  0.619   730285.188
  0.657   730285.195
  0.698   730285.202
  0.607   730285.209
  0.618   730285.216
  0.618   730285.223
  0.641   730285.230
  0.574   730285.237
  0.628   730285.244
  0.589   730285.251
  0.603   730285.257
  0.594   730285.264
  0.607   730285.271
  0.623   730285.278
  0.663   730285.285
  0.596   730285.292
  0.586   730285.299
  0.574   730285.306
  0.604   730285.313
  0.624   730285.320
  0.510   730285.327
  0.612   730285.334
  0.607   730285.341
  0.540   730285.348
  0.568   730285.355
  0.483   730285.362
  0.503   730285.369
  0.500   730285.376
  0.469   730285.382
  0.507   730285.389
  0.429   730285.396
  0.523   730285.403
  0.488   730285.410
  0.527   730285.417
  0.494   730285.424
  0.502   730285.431
  0.479   730285.438
  0.537   730285.445
  0.556   730285.452
  0.526   730285.459
  0.565   730285.466
  0.540   730285.473
  0.561   730285.480
  0.667   730285.487
  0.694   730285.494
  0.619   730285.501
  0.609   730285.507
  0.639   730285.514
  1.510   730285.521
  0.687   730285.528
  0.709   730285.535
  0.638   730285.542
  0.648   730285.549
  0.659   730285.556
  0.573   730285.563
  0.627   730285.570
  0.582   730285.577
  0.581   730285.584
  0.557   730285.591
  0.538   730285.598
  0.528   730285.605
  0.479   730285.612
  0.497   730285.619
  0.511   730285.626
  0.445   730285.632
  0.422   730285.639
  0.410   730285.646
  0.433   730285.653
  0.440   730285.660
  0.395   730285.667
  0.426   730285.674
  0.364   730285.681
  0.362   730285.688
  0.352   730285.695
  0.450   730285.702
  3.758   730285.709
  0.429   730285.716
  0.358   730285.723
  0.373   730285.730
  0.352   730285.737
  0.358   730285.744
  0.365   730285.751
  0.343   730285.758
  0.390   730285.765
  0.351   730285.771
  0.362   730285.778
  0.355   730285.785
  0.344   730285.792
  0.365   730285.799
  0.391   730285.806
  0.340   730285.813
  0.345   730285.820
  0.339   730285.827
  0.310   730285.834
  0.327   730285.841
  0.293   730285.848
  0.303   730285.855
  0.318   730285.862
  3.993   730285.869
  0.299   730285.876
  0.305   730285.883
  0.296   730285.889
  0.319   730285.896
  0.292   730285.903
  0.321   730285.910
  0.300   730285.917
  0.324   730285.924
  0.320   730285.931
  0.305   730285.938
  0.286   730285.945
  0.326   730285.952
  0.328   730285.959
  0.391   730285.966
  0.421   730285.973
  0.417   730285.980
  0.519   730285.987
  0.566   730285.994
