  0.037   730135.000
  0.038   730135.007
  0.034   730135.014
  0.035   730135.021
  0.035   730135.028
  0.036   730135.035
  0.036   730135.042
  0.037   730135.049
  0.036   730135.056
  0.030   730135.062
  0.040   730135.069
  0.037   730135.076
  0.040   730135.083
  0.034   730135.090
  0.036   730135.097
  0.042   730135.104
  0.041   730135.111
  0.036   730135.118
  0.036   730135.125
  0.041   730135.132
  0.043   730135.139
  0.039   730135.146
  0.041   730135.153
  0.038   730135.160
  0.043   730135.167
  0.040   730135.174
  0.042   730135.181
  0.045   730135.188
  0.048   730135.194
  0.043   730135.201
  0.039   730135.208
  0.042   730135.215
  0.048   730135.222
  0.047   730135.229
  0.045   730135.236
  0.046   730135.243
  0.045   730135.250
  0.044   730135.257
  0.046   730135.264
  0.045   730135.271
  0.052   730135.278
  0.053   730135.285
  0.053   730135.292
  0.058   730135.299
  0.057   730135.306
  0.059   730135.312
  0.061   730135.319
  0.059   730135.326
  0.061   730135.333
  0.055   730135.340
  0.053   730135.347
  0.058   730135.354
  0.065   730135.361
  0.061   730135.368
  0.065   730135.375
  0.066   730135.382
  0.057   730135.389
  0.057   730135.396
  0.255   730135.403
  0.521   730135.410
  0.466   730135.417
  0.167   730135.424
  0.068   730135.431
  0.425   730135.438
  0.368   730135.444
  0.383   730135.451
  0.498   730135.458
  0.664   730135.465
  0.477   730135.472
  0.379   730135.479
  0.101   730135.486
  0.088   730135.493
  0.076   730135.500
  0.048   730135.507
  0.049   730135.514
  0.051   730135.521
  0.096   730135.528
  0.077   730135.535
  0.060   730135.542
  0.055   730135.549
  0.436   730135.556
  0.414   730135.562
  0.361   730135.569
  0.571   730135.576
  0.610   730135.583
  0.436   730135.590
  0.607   730135.597
  0.442   730135.604
  0.435   730135.611
  0.466   730135.618
  0.495   730135.625
  0.433   730135.632
  0.517   730135.639
  0.478   730135.646
  0.501   730135.653
  0.408   730135.660
  0.494   730135.667
  0.299   730135.674
  0.347   730135.681
  0.309   730135.688
  0.396   730135.694
  0.212   730135.701
  0.257   730135.708
  0.390   730135.715
  0.334   730135.722
  0.161   730135.729
  0.081   730135.736
  0.069   730135.743
  0.330   730135.750
  0.453   730135.757
  0.253   730135.764
  0.055   730135.771
  0.082   730135.778
  0.429   730135.785
  0.538   730135.792
  0.534   730135.799
  0.250   730135.806
  0.363   730135.812
  0.453   730135.819
  0.482   730135.826
  0.417   730135.833
  0.538   730135.840
  0.420   730135.847
  0.416   730135.854
  0.285   730135.861
  0.442   730135.868
  0.072   730135.875
  0.048   730135.882
  0.055   730135.889
  0.059   730135.896
  0.059   730135.903
  0.045   730135.910
  0.050   730135.917
  0.044   730135.924
  1.130   730135.931
  0.366   730135.938
  0.373   730135.944
  0.274   730135.951
  0.044   730135.958
  0.044   730135.965
  0.036   730135.972
  0.034   730135.979
  0.038   730135.986
  0.034   730135.993
