  0.333   730135.001
  0.368   730135.007
  0.345   730135.015
  0.355   730135.022
  0.326   730135.028
  0.370   730135.035
  0.370   730135.042
  0.377   730135.049
  0.384   730135.056
  0.368   730135.063
  0.356   730135.069
  0.318   730135.077
  0.341   730135.083
  0.330   730135.091
  0.354   730135.097
  0.360   730135.105
  0.391   730135.112
  0.379   730135.119
  0.383   730135.126
  0.372   730135.133
  0.374   730135.140
  0.349   730135.147
  0.368   730135.153
  0.344   730135.160
  0.373   730135.167
  0.364   730135.174
  0.351   730135.181
  0.550   730135.188
  0.342   730135.194
  0.382   730135.202
  0.479   730135.209
  0.383   730135.216
  0.364   730135.222
  0.377   730135.230
  0.383   730135.237
  0.344   730135.243
  0.334   730135.251
  0.379   730135.258
  0.403   730135.265
  0.330   730135.272
  0.348   730135.278
  0.342   730135.285
  0.347   730135.292
  0.288   730135.299
  0.345   730135.306
  0.266   730135.313
  0.390   730135.320
  0.367   730135.326
  0.349   730135.333
  0.310   730135.341
  0.385   730135.348
  0.385   730135.355
  0.362   730135.362
  0.337   730135.369
  0.351   730135.375
  0.359   730135.383
  0.404   730135.390
  0.400   730135.397
  0.313   730135.403
  0.334   730135.410
  0.337   730135.417
  0.376   730135.424
  0.369   730135.431
  0.380   730135.438
  0.403   730135.445
  1.265   730135.452
  0.362   730135.459
  0.374   730135.466
  0.361   730135.473
  0.356   730135.479
  0.384   730135.486
  0.340   730135.493
  0.384   730135.501
  0.357   730135.508
  0.335   730135.515
  0.332   730135.521
  0.372   730135.528
  0.343   730135.535
  0.319   730135.542
  0.317   730135.549
  0.345   730135.556
  0.371   730135.562
  0.353   730135.570
  0.340   730135.577
  0.373   730135.583
  0.350   730135.591
  0.386   730135.598
  0.319   730135.605
  0.568   730135.611
  0.326   730135.619
  0.357   730135.626
  0.352   730135.632
  0.325   730135.640
  0.339   730135.647
  0.365   730135.653
  0.621   730135.660
  0.347   730135.674
  0.327   730135.681
  0.323   730135.688
  0.315   730135.695
  0.632   730135.702
  0.337   730135.708
  0.291   730135.715
  1.079   730135.723
  0.228   730135.729
  0.317   730135.736
  0.319   730135.744
  0.320   730135.751
  0.343   730135.757
  0.341   730135.764
  0.343   730135.772
  0.298   730135.778
  0.316   730135.785
  0.335   730135.792
  0.305   730135.799
  0.329   730135.806
  0.318   730135.813
  0.341   730135.819
  0.332   730135.827
  0.293   730135.841
  0.314   730135.848
  0.339   730135.855
  0.549   730135.862
  0.319   730135.869
  0.322   730135.876
  0.301   730135.882
  0.304   730135.890
  0.296   730135.897
  0.356   730135.903
  0.302   730135.910
  0.186   730135.917
  0.315   730135.924
  0.331   730135.931
  0.336   730135.938
  0.287   730135.945
  0.354   730135.952
  0.299   730135.959
  0.323   730135.965
  0.339   730135.973
  0.305   730135.979
  0.311   730135.987
  0.351   730135.994
