  0.062   730135.780
  0.062   730135.780
  0.062   730135.780
  0.062   730135.780
  0.062   730135.780
  0.062   730135.780
  0.062   730135.780
  0.062   730135.780
  0.062   730135.780
  0.062   730135.780
  0.062   730135.780
  0.062   730135.780
  0.062   730135.780
  0.062   730135.780
  0.062   730135.780
  0.062   730135.780
  0.062   730135.780
  0.062   730135.780
  0.062   730135.780
  0.062   730135.780
  0.062   730135.780
  0.062   730135.780
  0.062   730135.780
  0.062   730135.780
  0.062   730135.780
  0.062   730135.780
  0.062   730135.780
  0.062   730135.780
