  0.498   730135.002
  0.510   730135.010
  0.531   730135.016
  0.478   730135.023
  0.513   730135.030
  0.482   730135.037
  0.442   730135.044
  0.539   730135.051
  0.484   730135.058
  0.552   730135.065
  0.479   730135.072
  0.467   730135.078
  0.453   730135.085
  0.456   730135.092
  0.468   730135.099
  0.412   730135.106
  0.429   730135.113
  0.402   730135.120
  0.407   730135.127
  0.423   730135.134
  0.431   730135.142
  0.451   730135.148
  0.452   730135.155
  0.451   730135.162
  0.403   730135.169
  0.409   730135.176
  0.371   730135.183
  0.403   730135.190
  0.345   730135.197
  0.356   730135.203
  0.392   730135.210
  0.375   730135.217
  0.350   730135.224
  0.348   730135.231
  0.383   730135.238
  0.391   730135.245
  0.373   730135.252
  0.416   730135.259
  0.390   730135.266
  0.360   730135.273
  0.336   730135.280
  0.383   730135.287
  0.460   730135.294
  0.410   730135.301
  0.446   730135.308
  0.374   730135.315
  0.349   730135.322
  0.391   730135.328
  0.356   730135.335
  0.409   730135.342
  0.438   730135.349
  0.456   730135.356
  0.471   730135.363
  0.445   730135.370
  0.456   730135.377
  0.447   730135.384
  0.477   730135.391
  0.427   730135.398
  0.448   730135.405
  0.482   730135.412
  0.469   730135.419
  0.519   730135.426
  0.499   730135.433
  0.457   730135.440
  0.483   730135.447
  0.527   730135.454
  0.462   730135.460
  0.454   730135.467
  0.500   730135.474
  0.539   730135.481
  0.519   730135.488
  0.465   730135.495
  0.542   730135.502
  0.514   730135.509
  0.490   730135.516
  0.516   730135.523
  0.524   730135.530
  0.459   730135.537
  0.505   730135.544
  0.484   730135.551
  0.480   730135.558
  0.495   730135.565
  0.601   730135.572
  0.543   730135.578
  0.646   730135.585
  0.744   730135.592
  0.733   730135.599
  0.585   730135.606
  0.676   730135.613
  0.636   730135.620
  0.565   730135.627
  0.935   730135.634
  0.703   730135.641
  0.648   730135.648
  0.678   730135.655
  0.583   730135.662
  0.626   730135.669
  0.649   730135.676
  0.606   730135.683
  0.634   730135.690
  0.648   730135.697
  0.685   730135.703
  0.686   730135.710
  0.659   730135.717
  0.888   730135.724
  0.699   730135.731
  0.714   730135.738
  0.609   730135.745
  0.572   730135.752
  0.649   730135.759
  0.761   730135.766
  0.691   730135.773
  3.904   730135.780
  3.133   730135.787
  0.009   730135.794
  3.683   730135.801
  0.008   730135.808
  0.007   730135.815
  0.010   730135.822
  0.005   730135.828
  0.006   730135.835
  0.004   730135.842
  0.566   730135.849
    NaN   730135.856
  0.623   730135.863
  0.645   730135.870
  0.581   730135.877
  0.691   730135.884
  0.664   730135.891
  0.649   730135.898
  0.570   730135.905
  0.624   730135.912
  0.590   730135.919
  0.608   730135.926
  0.628   730135.933
  0.585   730135.940
  0.688   730135.947
  0.660   730135.953
  0.612   730135.960
  0.616   730135.967
  0.623   730135.974
  0.679   730135.981
  0.657   730135.988
  0.629   730135.995
