  0.413   730118.001
  0.411   730118.008
  0.427   730118.015
  0.521   730118.022
  0.481   730118.029
  0.547   730118.036
  0.595   730118.043
  0.612   730118.050
  0.654   730118.057
  0.645   730118.064
  0.662   730118.071
  0.709   730118.078
  0.704   730118.085
  0.680   730118.092
  0.724   730118.099
  0.709   730118.106
  0.763   730118.113
  0.708   730118.119
  0.646   730118.126
  0.682   730118.133
  0.811   730118.140
  0.718   730118.147
  0.679   730118.154
  0.650   730118.161
  0.630   730118.168
  0.677   730118.175
  0.652   730118.182
  0.638   730118.189
  0.607   730118.196
  0.627   730118.203
  0.573   730118.210
  0.669   730118.217
  0.613   730118.224
  0.584   730118.231
  0.548   730118.238
  0.612   730118.244
  0.532   730118.251
  0.606   730118.258
  0.647   730118.265
  0.677   730118.272
  3.001   730118.279
  0.661   730118.286
  0.654   730118.293
  0.679   730118.300
  0.625   730118.307
  0.646   730118.314
  0.719   730118.321
  0.693   730118.328
  0.838   730118.335
  0.757   730118.342
  0.781   730118.349
    NaN   730118.356
  0.788   730118.363
  0.769   730118.369
  0.833   730118.376
  0.884   730118.383
  0.659   730118.390
  0.698   730118.397
  0.705   730118.404
  0.710   730118.411
  0.680   730118.418
  0.632   730118.425
  0.692   730118.432
  0.814   730118.439
  0.701   730118.446
  0.683   730118.453
  0.716   730118.460
  0.727   730118.467
  0.683   730118.474
  0.739   730118.481
  0.750   730118.488
  0.707   730118.494
  0.811   730118.501
  0.718   730118.508
  0.727   730118.515
  0.825   730118.522
  0.747   730118.529
  0.769   730118.536
  0.850   730118.543
  0.816   730118.550
  0.870   730118.557
  0.748   730118.564
  0.805   730118.571
  0.836   730118.578
  0.929   730118.585
  0.772   730118.592
  1.019   730118.599
  0.967   730118.606
  1.077   730118.613
  0.881   730118.619
  1.011   730118.626
  1.035   730118.633
  1.117   730118.640
  1.191   730118.647
  1.402   730118.654
  1.226   730118.661
  1.185   730118.668
  1.333   730118.675
  1.330   730118.682
  1.475   730118.689
  1.327   730118.696
  1.397   730118.703
  1.461   730118.710
  1.295   730118.717
  1.415   730118.724
  1.451   730118.731
  1.541   730118.738
  1.467   730118.744
  1.564   730118.751
  1.418   730118.758
  1.604   730118.765
  1.492   730118.772
  1.650   730118.779
  1.635   730118.786
  1.803   730118.793
  1.898   730118.800
  1.706   730118.807
  1.749   730118.814
  1.918   730118.821
  1.812   730118.828
  1.834   730118.835
  1.904   730118.842
  1.826   730118.849
    NaN   730118.856
  1.940   730118.863
  1.751   730118.869
  1.577   730118.876
  1.366   730118.883
  1.352   730118.897
  1.289   730118.904
  1.299   730118.911
  1.146   730118.918
  1.156   730118.925
  0.982   730118.932
  1.027   730118.939
  0.898   730118.946
  0.912   730118.953
  0.907   730118.960
  0.954   730118.967
  0.826   730118.974
  0.767   730118.981
  0.812   730118.988
  0.771   730118.994
