  0.505   730118.000
  0.580   730118.007
  0.558   730118.014
  0.557   730118.021
  0.542   730118.028
  0.524   730118.035
  0.553   730118.042
  0.525   730118.049
  0.541   730118.056
  0.515   730118.062
  0.529   730118.069
  0.579   730118.076
    NaN   730118.083
  0.554   730118.090
  0.540   730118.097
  0.568   730118.104
  0.656   730118.111
  0.529   730118.118
  0.583   730118.125
  0.517   730118.132
  0.460   730118.139
  0.606   730118.146
  0.547   730118.153
  0.614   730118.160
  0.568   730118.167
  0.543   730118.174
  0.528   730118.181
  0.499   730118.188
  0.541   730118.194
  0.485   730118.201
  0.593   730118.208
  0.503   730118.215
  0.480   730118.222
  0.508   730118.229
  0.472   730118.236
  0.526   730118.243
  0.531   730118.250
  0.444   730118.257
  0.578   730118.264
  0.537   730118.271
  0.448   730118.278
  0.580   730118.285
  0.535   730118.292
  0.513   730118.299
  0.517   730118.306
  0.540   730118.312
  0.569   730118.319
  0.503   730118.326
  0.486   730118.333
  0.479   730118.340
  0.493   730118.347
  0.526   730118.354
  0.644   730118.361
  0.529   730118.368
  0.623   730118.375
  0.531   730118.382
  0.561   730118.389
  0.631   730118.396
  0.546   730118.403
  0.541   730118.410
  0.593   730118.417
  0.631   730118.424
  0.652   730118.431
  0.566   730118.438
  0.618   730118.444
  0.568   730118.451
  0.548   730118.458
  0.660   730118.465
  0.554   730118.472
  0.740   730118.479
  0.605   730118.486
  0.581   730118.493
  0.624   730118.500
  0.618   730118.507
  0.646   730118.514
  0.667   730118.521
  0.609   730118.528
  0.608   730118.535
  0.712   730118.542
  0.543   730118.549
  0.642   730118.556
  0.689   730118.562
  0.682   730118.569
  0.753   730118.576
  0.636   730118.583
  0.668   730118.590
  0.695   730118.597
  0.719   730118.604
  0.689   730118.611
  0.718   730118.618
  0.780   730118.625
  0.748   730118.632
  0.737   730118.639
  0.654   730118.646
  0.708   730118.653
  0.671   730118.660
  0.654   730118.667
  0.706   730118.674
  0.650   730118.681
  0.663   730118.688
  0.651   730118.694
  0.606   730118.701
  0.597   730118.708
  0.578   730118.715
  0.569   730118.722
  0.748   730118.729
  0.640   730118.736
  0.600   730118.743
  0.695   730118.750
  0.655   730118.757
  0.667   730118.764
  0.632   730118.771
  0.625   730118.778
  0.608   730118.785
  0.653   730118.792
  0.673   730118.799
  0.603   730118.806
  0.680   730118.812
  0.607   730118.819
  0.586   730118.826
  0.653   730118.833
  0.640   730118.840
  0.623   730118.847
  0.560   730118.854
  0.543   730118.861
  0.590   730118.868
  0.649   730118.875
  0.581   730118.882
  0.605   730118.896
  0.599   730118.903
  0.590   730118.910
  0.550   730118.917
  0.616   730118.924
  0.560   730118.926
  0.604   730118.938
  0.550   730118.944
  0.567   730118.951
  0.573   730118.958
  0.653   730118.965
  0.529   730118.972
  0.566   730118.979
  0.557   730118.986
  0.523   730118.993
