  0.791   730266.000
  0.250   730266.000
  0.900   730266.007
  0.852   730266.014
  0.699   730266.022
  0.780   730266.029
  0.745   730266.036
  3.005   730266.043
  0.755   730266.049
  0.786   730266.056
  0.762   730266.063
  0.685   730266.070
  0.684   730266.077
  0.767   730266.084
  0.762   730266.091
  0.663   730266.097
  0.719   730266.104
  0.671   730266.111
  0.640   730266.118
  0.825   730266.125
  0.731   730266.132
  0.655   730266.139
  0.694   730266.146
  0.768   730266.153
  0.739   730266.160
  0.684   730266.167
  0.707   730266.174
  0.766   730266.181
  0.708   730266.188
  0.802   730266.195
  0.682   730266.202
  0.759   730266.209
  0.789   730266.216
  0.863   730266.222
  0.785   730266.230
  0.818   730266.236
  0.717   730266.243
  0.841   730266.250
  0.833   730266.257
  0.849   730266.264
  0.686   730266.271
  0.771   730266.278
  0.916   730266.285
  1.066   730266.292
  1.038   730266.299
  0.930   730266.306
  0.865   730266.313
  1.016   730266.320
  1.094   730266.327
  0.880   730266.334
  0.811   730266.340
  0.895   730266.348
  0.950   730266.355
  0.884   730266.362
  1.005   730266.368
  0.886   730266.375
  0.964   730266.382
  1.037   730266.389
  1.014   730266.396
  0.805   730266.403
  0.914   730266.410
  0.743   730266.417
  0.720   730266.424
  0.747   730266.431
  0.723   730266.438
  0.840   730266.445
  1.040   730266.452
  1.089   730266.459
  0.951   730266.466
  0.697   730266.473
  0.866   730266.479
  0.814   730266.486
  1.202   730266.493
  1.310   730266.500
  1.263   730266.507
  0.862   730266.514
  0.666   730266.521
  0.915   730266.528
  0.792   730266.535
  3.763   730266.542
  0.879   730266.549
  0.992   730266.556
  1.252   730266.563
  1.458   730266.570
  2.093   730266.577
  1.279   730266.584
  1.965   730266.590
  0.616   730266.597
  0.734   730266.604
  0.697   730266.611
  0.640   730266.618
  0.656   730266.625
  0.706   730266.632
  0.691   730266.639
  0.666   730266.646
  0.658   730266.653
  0.660   730266.660
  0.755   730266.667
  1.388   730266.674
  0.640   730266.681
  0.751   730266.688
  0.785   730266.695
  0.832   730266.702
  0.873   730266.709
  0.819   730266.715
  0.734   730266.723
  0.720   730266.730
  0.865   730266.737
  0.781   730266.744
  0.771   730266.751
  0.807   730266.758
  0.815   730266.765
  0.683   730266.772
  0.790   730266.779
  0.734   730266.786
  1.024   730266.792
  0.766   730266.799
  0.688   730266.806
  0.655   730266.813
  0.944   730266.820
  1.331   730266.827
  2.020   730266.834
  1.782   730266.841
  1.724   730266.848
  2.190   730266.855
  1.798   730266.862
  0.986   730266.869
  0.721   730266.876
  0.707   730266.883
  0.694   730266.890
  0.640   730266.897
  0.620   730266.904
  0.622   730266.911
  0.742   730266.918
  0.756   730266.925
  0.731   730266.932
  0.773   730266.938
  0.885   730266.945
  0.893   730266.952
  0.874   730266.959
  0.941   730266.966
  1.005   730266.973
  1.034   730266.980
  0.900   730266.987
  0.806   730266.994
