 15.541   729335.000
 17.232   729335.010
 14.380   729335.021
 11.945   729335.031
 12.620   729335.042
 11.623   729335.052
 12.058   729335.063
 13.303   729335.073
 13.470   729335.083
    NaN   729335.094
 15.304   729335.104
 15.142   729335.115
 15.866   729335.125
 14.635   729335.135
 13.077   729335.146
 14.462   729335.156
    NaN   729335.167
 14.286   729335.177
 15.148   729335.188
 15.013   729335.198
 15.410   729335.208
 17.350   729335.219
 14.789   729335.229
 13.536   729335.240
 13.361   729335.250
 12.714   729335.260
 11.169   729335.271
 11.010   729335.281
 10.364   729335.292
  9.343   729335.302
  9.786   729335.313
 10.613   729335.323
 10.042   729335.333
  9.715   729335.344
 11.127   729335.354
 11.362   729335.365
 12.207   729335.375
 12.033   729335.385
 12.865   729335.396
 13.124   729335.406
 13.688   729335.417
 14.492   729335.427
 12.129   729335.438
 11.384   729335.448
 11.542   729335.458
 11.157   729335.469
 11.917   729335.479
 12.018   729335.490
 11.569   729335.500
 12.619   729335.510
 12.082   729335.521
 12.237   729335.531
 11.498   729335.542
 12.077   729335.552
 10.427   729335.563
  7.666   729335.573
  9.986   729335.583
  8.926   729335.594
  8.657   729335.604
  7.892   729335.615
  8.624   729335.625
  8.021   729335.635
  8.317   729335.646
  9.239   729335.656
  9.393   729335.750
  9.937   729335.760
 12.091   729335.771
 14.842   729335.781
 13.332   729335.792
 11.621   729335.802
 11.276   729335.813
 11.785   729335.823
 13.086   729335.833
 13.320   729335.844
 13.067   729335.854
 11.212   729335.865
 12.996   729335.875
  9.735   729335.885
 10.883   729335.896
 11.409   729335.906
 11.343   729335.917
 11.261   729335.927
 11.042   729335.938
 16.000   729335.948
 14.829   729335.958
 15.719   729335.969
 16.539   729335.979
 15.865   729335.990
