  2.059   730324.006
  0.139   730324.006
  0.131   730324.006
  0.143   730324.013
  0.145   730324.013
  0.155   730324.020
  0.015   730324.020
  0.145   730324.027
  0.148   730324.034
  0.124   730324.034
  0.139   730324.041
  0.054   730324.048
  0.145   730324.048
  0.143   730324.055
  0.126   730324.062
  0.084   730324.069
  0.125   730324.069
  0.123   730324.076
  0.052   730324.076
  0.122   730324.083
  0.104   730324.090
  0.126   730324.090
  0.113   730324.097
  0.025   730324.097
  0.110   730324.104
  0.137   730324.110
  0.082   730324.110
  0.109   730324.117
  0.042   730324.124
  0.103   730324.124
  0.106   730324.131
  0.075   730324.131
  0.089   730324.138
  0.056   730324.145
  0.100   730324.145
  0.099   730324.152
  0.045   730324.152
  0.095   730324.159
  0.063   730324.166
  0.087   730324.166
  0.100   730324.173
  0.023   730324.180
  0.108   730324.180
  0.092   730324.187
  0.090   730324.187
  0.091   730324.194
  0.036   730324.201
  0.090   730324.201
  0.087   730324.208
  0.055   730324.208
  0.084   730324.215
  0.069   730324.222
  0.100   730324.222
  0.105   730324.229
  0.016   730324.229
  0.078   730324.235
  0.078   730324.242
  0.087   730324.242
  0.100   730324.249
  0.046   730324.256
  0.089   730324.256
  0.100   730324.263
  0.037   730324.263
  0.090   730324.270
  0.091   730324.277
  0.100   730324.277
  0.091   730324.284
  0.017   730324.291
  0.086   730324.291
  0.082   730324.298
  0.062   730324.298
  0.077   730324.305
  0.043   730324.312
  0.095   730324.312
  0.081   730324.319
  0.046   730324.319
  0.074   730324.326
  0.080   730324.333
  0.084   730324.333
  0.123   730324.340
  0.022   730324.347
  0.088   730324.347
  0.085   730324.354
  0.068   730324.354
  0.081   730324.360
  0.060   730324.367
  0.080   730324.367
  0.096   730324.374
  0.031   730324.374
  0.088   730324.381
  0.095   730324.388
  0.076   730324.388
  0.090   730324.395
  0.031   730324.402
  0.077   730324.402
  0.078   730324.409
  0.050   730324.409
  0.093   730324.416
  0.085   730324.423
  0.084   730324.423
  0.092   730324.430
  0.030   730324.437
  0.089   730324.437
  0.086   730324.444
  0.047   730324.444
  0.085   730324.451
  0.044   730324.458
  0.085   730324.458
  0.084   730324.465
  0.044   730324.472
  0.088   730324.472
  0.074   730324.479
  0.065   730324.479
  0.077   730324.485
  0.088   730324.492
  0.075   730324.492
  0.078   730324.499
  0.052   730324.506
  0.095   730324.506
  0.088   730324.513
  0.028   730324.513
  0.080   730324.520
  0.090   730324.527
  0.035   730324.527
  0.082   730324.534
  0.082   730324.541
  0.030   730324.548
  0.104   730324.548
  0.092   730324.555
  0.043   730324.555
  0.083   730324.562
  0.093   730324.569
  0.049   730324.569
  0.094   730324.576
  0.089   730324.583
  0.052   730324.583
  0.099   730324.590
  0.079   730324.597
  0.089   730324.597
  0.083   730324.604
  0.061   730324.610
  0.083   730324.610
  0.088   730324.617
  0.049   730324.617
  0.338   730324.624
  0.114   730324.631
  0.091   730324.631
  0.103   730324.638
  0.043   730324.645
  0.087   730324.645
  0.076   730324.652
  0.048   730324.652
  0.088   730324.659
  0.087   730324.666
  0.073   730324.666
  0.090   730324.673
  0.058   730324.680
  0.084   730324.680
  0.094   730324.687
  0.035   730324.687
  0.093   730324.694
  0.111   730324.701
  0.074   730324.701
  0.084   730324.708
  0.041   730324.715
  0.098   730324.715
  0.087   730324.722
  0.045   730324.722
  0.090   730324.729
  0.094   730324.735
  0.073   730324.735
  0.084   730324.742
  0.048   730324.749
  0.083   730324.749
  0.085   730324.756
  0.048   730324.756
  0.224   730324.763
  0.077   730324.770
  0.148   730324.770
  0.085   730324.777
  0.026   730324.784
  0.087   730324.784
  0.090   730324.791
  0.071   730324.791
  0.097   730324.798
  0.057   730324.805
  0.093   730324.805
  0.089   730324.812
  0.020   730324.812
  0.090   730324.819
  0.104   730324.826
  0.182   730324.826
  0.095   730324.833
  0.039   730324.840
  0.096   730324.840
  0.108   730324.847
  0.096   730324.847
  0.098   730324.854
  0.042   730324.860
  0.110   730324.860
  0.087   730324.867
  0.055   730324.867
  0.094   730324.874
  0.058   730324.881
  0.130   730324.881
  0.083   730324.888
  0.040   730324.888
  0.093   730324.895
  0.101   730324.902
  0.075   730324.902
  0.332   730324.909
  0.075   730324.916
  0.100   730324.916
  0.089   730324.923
  0.048   730324.930
  0.099   730324.930
  0.092   730324.937
  0.039   730324.937
  0.099   730324.944
  0.073   730324.951
  0.096   730324.951
  0.092   730324.958
  0.011   730324.958
  0.136   730324.965
  0.076   730324.972
  0.121   730324.972
  0.101   730324.979
  0.045   730324.985
  0.087   730324.985
  0.088   730324.992
  0.071   730324.992
  1.566   730324.999
