  0.178   730324.006
  0.530   730324.006
  0.479   730324.006
  0.460   730324.013
  0.462   730324.013
  0.445   730324.020
  0.057   730324.020
  0.433   730324.027
  0.480   730324.034
  0.374   730324.034
  0.463   730324.041
  0.187   730324.048
  0.434   730324.048
  0.413   730324.055
  0.394   730324.062
  0.241   730324.069
  0.430   730324.069
  0.375   730324.076
  0.194   730324.076
  0.365   730324.083
  0.361   730324.090
  0.371   730324.090
  0.367   730324.097
  0.094   730324.097
  0.357   730324.104
  0.381   730324.110
  0.285   730324.110
  0.359   730324.117
  0.131   730324.124
  0.394   730324.124
  0.316   730324.131
  0.274   730324.131
  0.349   730324.138
  0.175   730324.145
  0.301   730324.145
  0.313   730324.152
  0.150   730324.152
  0.345   730324.159
  0.209   730324.166
  0.374   730324.166
  0.325   730324.173
  0.063   730324.180
  0.340   730324.180
  0.298   730324.187
  0.318   730324.187
  0.322   730324.194
  0.140   730324.201
  0.293   730324.201
  0.375   730324.208
  0.201   730324.208
  0.319   730324.215
  0.225   730324.222
  0.310   730324.222
  0.300   730324.229
  0.082   730324.229
  0.300   730324.235
  0.301   730324.242
  0.292   730324.242
  0.362   730324.249
  0.154   730324.256
  0.329   730324.256
  0.312   730324.263
  0.159   730324.263
  0.318   730324.270
  0.276   730324.277
  0.330   730324.277
  0.325   730324.284
  0.042   730324.291
  0.334   730324.291
  0.326   730324.298
  0.198   730324.298
  0.313   730324.305
  0.172   730324.312
  0.327   730324.312
  0.358   730324.319
  0.173   730324.319
  0.285   730324.326
  0.344   730324.333
  0.297   730324.333
  0.467   730324.340
  0.132   730324.347
  0.328   730324.347
  0.353   730324.354
  0.234   730324.354
  0.328   730324.360
  1.311   730324.367
  0.929   730324.367
  0.298   730324.374
  0.072   730324.374
  0.299   730324.381
  0.335   730324.388
  0.328   730324.388
  0.344   730324.395
  0.100   730324.402
  0.329   730324.402
  0.333   730324.409
  0.157   730324.409
  0.347   730324.416
  0.284   730324.423
  0.339   730324.423
  0.296   730324.430
  0.098   730324.437
  0.313   730324.437
  0.292   730324.444
  0.212   730324.444
  0.342   730324.451
  0.264   730324.458
  0.296   730324.458
  0.275   730324.465
  0.106   730324.472
  0.356   730324.472
  0.321   730324.479
  0.173   730324.479
  0.306   730324.485
  0.365   730324.492
  0.311   730324.492
  0.329   730324.499
  0.192   730324.506
  0.349   730324.506
  0.340   730324.513
  0.095   730324.513
  0.329   730324.520
  0.270   730324.527
  0.072   730324.527
  0.350   730324.534
  0.329   730324.541
  0.024   730324.548
  0.299   730324.548
  0.308   730324.555
  0.153   730324.555
  0.345   730324.562
  0.323   730324.569
  0.184   730324.569
  0.301   730324.576
  0.297   730324.583
  0.245   730324.583
  0.334   730324.590
  0.250   730324.597
  0.316   730324.597
  0.313   730324.604
  0.152   730324.610
  0.330   730324.610
  0.309   730324.617
  0.087   730324.617
  1.007   730324.624
  0.378   730324.631
  0.284   730324.631
  0.311   730324.638
  0.142   730324.645
  0.329   730324.645
  0.318   730324.652
  0.128   730324.652
  0.338   730324.659
  0.323   730324.666
  0.235   730324.666
  0.310   730324.673
  0.187   730324.680
  0.330   730324.680
  0.328   730324.687
  0.096   730324.687
  0.307   730324.694
  0.355   730324.701
  0.310   730324.701
  0.345   730324.708
  0.160   730324.715
  0.325   730324.715
  0.321   730324.722
  0.138   730324.722
  0.316   730324.729
  0.305   730324.735
  0.277   730324.735
  0.288   730324.742
  0.137   730324.749
  0.287   730324.749
  0.327   730324.756
  0.186   730324.756
  0.291   730324.763
  0.233   730324.770
  0.401   730324.770
  0.297   730324.777
  0.023   730324.784
  0.325   730324.784
  0.351   730324.791
  0.287   730324.791
  0.295   730324.798
  0.182   730324.805
  0.319   730324.805
  0.286   730324.812
  0.087   730324.812
  0.361   730324.819
  0.386   730324.826
  0.338   730324.826
  0.315   730324.833
  0.116   730324.840
  0.284   730324.840
  0.257   730324.847
  0.287   730324.847
  0.308   730324.854
  0.151   730324.860
  0.321   730324.860
  0.288   730324.867
  0.183   730324.867
  0.357   730324.874
  0.172   730324.881
  0.383   730324.881
  0.336   730324.888
  0.196   730324.888
  0.294   730324.895
  0.295   730324.902
  0.203   730324.902
  0.450   730324.909
  0.281   730324.916
  0.315   730324.916
  0.390   730324.923
  0.166   730324.930
  0.339   730324.930
  0.371   730324.937
  0.145   730324.937
  0.284   730324.944
  0.275   730324.951
  0.329   730324.951
  0.330   730324.958
  0.054   730324.958
  0.456   730324.965
  0.404   730324.972
  0.365   730324.972
  0.326   730324.979
  0.079   730324.985
  0.290   730324.985
  0.331   730324.992
  0.255   730324.992
  0.327   730324.999
