  2.735   730324.003
  0.010   730324.003
  2.793   730324.003
  1.627   730324.008
  2.962   730324.008
  3.209   730324.015
  2.858   730324.022
  3.947   730324.029
  2.959   730324.036
  3.046   730324.043
  2.564   730324.050
  2.817   730324.056
  2.988   730324.064
  3.102   730324.071
  2.894   730324.078
  2.692   730324.084
  2.993   730324.091
  2.727   730324.098
  3.093   730324.105
  3.025   730324.112
  2.608   730324.119
  2.780   730324.126
  3.658   730324.133
  3.007   730324.140
  2.920   730324.147
  2.977   730324.154
  2.879   730324.161
  2.662   730324.168
  2.676   730324.175
  2.895   730324.182
  2.799   730324.189
  2.566   730324.196
  2.430   730324.203
  2.521   730324.209
  2.545   730324.216
  2.924   730324.223
  2.622   730324.230
  2.953   730324.237
  2.642   730324.244
  2.681   730324.251
  2.554   730324.258
  2.604   730324.265
  2.696   730324.272
  2.498   730324.279
  2.324   730324.286
  2.412   730324.293
  2.378   730324.300
  2.606   730324.307
  2.599   730324.314
  2.521   730324.321
  2.722   730324.328
  2.425   730324.334
  2.391   730324.341
  2.626   730324.349
  2.557   730324.355
  2.468   730324.362
  2.611   730324.369
  2.727   730324.376
  2.896   730324.383
  2.346   730324.390
  2.697   730324.397
  2.591   730324.404
  2.384   730324.411
  2.351   730324.418
  2.705   730324.425
  2.436   730324.432
  2.715   730324.439
  2.810   730324.446
  2.638   730324.453
  2.258   730324.459
  2.455   730324.466
  2.758   730324.473
  2.704   730324.480
  2.530   730324.487
  2.755   730324.494
  2.612   730324.501
  3.063   730324.508
  3.179   730324.515
  2.648   730324.522
  3.037   730324.529
  2.940   730324.536
  2.806   730324.543
  2.789   730324.550
  2.901   730324.557
  2.917   730324.564
  2.856   730324.571
  2.841   730324.578
  2.821   730324.585
  3.034   730324.591
  2.726   730324.598
  2.975   730324.605
  3.023   730324.612
  3.526   730324.619
  2.940   730324.626
  2.918   730324.633
  2.999   730324.640
  3.042   730324.647
  2.938   730324.654
  2.687   730324.661
  3.381   730324.668
  2.990   730324.675
  2.667   730324.682
  2.891   730324.689
  3.077   730324.696
  2.687   730324.703
  3.038   730324.710
  3.062   730324.717
  3.120   730324.724
  3.301   730324.730
  3.634   730324.737
  3.187   730324.744
  3.214   730324.751
  3.222   730324.758
  3.593   730324.765
  3.519   730324.772
  3.766   730324.779
  3.398   730324.786
  3.413   730324.793
  3.370   730324.800
  3.523   730324.807
  3.282   730324.814
  3.486   730324.821
  3.407   730324.828
  3.258   730324.835
  3.240   730324.842
  3.213   730324.848
  3.158   730324.855
  3.178   730324.862
  3.263   730324.869
  3.132   730324.876
  3.289   730324.883
  3.215   730324.890
  3.202   730324.897
  3.254   730324.904
  3.292   730324.911
  3.109   730324.918
  3.084   730324.925
  3.209   730324.932
  3.244   730324.939
  3.196   730324.946
  3.048   730324.953
  2.808   730324.960
  3.503   730324.966
  3.158   730324.973
  3.306   730324.980
  2.966   730324.987
  2.812   730324.994
