  0.225   730324.003
  0.072   730324.003
  0.270   730324.003
  0.613   730324.008
  0.253   730324.008
  0.262   730324.015
  0.273   730324.022
  0.251   730324.029
  0.254   730324.036
  0.264   730324.043
  0.262   730324.050
  0.621   730324.056
  0.263   730324.063
  0.255   730324.070
  0.265   730324.077
  0.257   730324.084
  0.277   730324.091
  0.265   730324.098
  0.240   730324.105
  0.234   730324.112
  0.247   730324.119
  0.239   730324.126
  0.259   730324.133
  0.275   730324.140
  0.258   730324.147
  0.252   730324.154
  0.253   730324.161
  0.747   730324.167
  0.283   730324.175
  0.804   730324.181
  0.238   730324.188
  0.280   730324.195
  0.239   730324.202
  0.248   730324.209
  0.221   730324.216
  0.255   730324.223
  0.240   730324.230
  0.266   730324.237
  0.240   730324.244
  0.320   730324.251
  0.265   730324.258
  0.267   730324.265
  0.243   730324.272
  0.256   730324.279
  0.223   730324.286
  0.202   730324.293
  0.702   730324.299
  0.254   730324.306
  0.200   730324.313
  0.243   730324.320
  0.238   730324.327
  0.231   730324.334
  0.219   730324.341
  0.235   730324.348
  0.241   730324.355
  0.245   730324.362
  3.801   730324.369
  0.237   730324.376
  0.251   730324.383
  0.226   730324.390
  0.248   730324.397
  0.235   730324.404
  0.234   730324.411
  0.234   730324.418
  0.217   730324.425
  0.257   730324.431
  0.200   730324.438
  0.225   730324.445
  0.239   730324.452
  0.235   730324.459
  0.842   730324.466
  0.234   730324.473
  0.247   730324.480
  0.314   730324.487
  0.227   730324.494
  0.227   730324.501
  0.238   730324.508
  0.254   730324.515
  0.267   730324.522
  0.225   730324.529
  0.235   730324.536
  0.249   730324.543
  0.254   730324.550
  0.239   730324.557
  0.237   730324.563
  0.256   730324.570
  0.223   730324.577
  0.269   730324.584
  0.240   730324.591
  0.233   730324.598
  0.251   730324.605
  0.226   730324.612
  0.248   730324.619
  0.258   730324.626
  0.209   730324.633
  0.212   730324.640
  0.252   730324.647
  0.232   730324.654
  0.224   730324.661
  0.227   730324.668
  0.260   730324.674
  0.236   730324.681
  0.219   730324.688
  0.246   730324.695
  0.247   730324.702
  0.226   730324.709
  0.255   730324.716
  0.244   730324.723
  0.228   730324.730
  0.234   730324.737
  0.243   730324.744
  0.238   730324.751
  0.237   730324.758
  0.252   730324.765
  0.250   730324.772
  0.242   730324.779
  0.253   730324.786
  0.268   730324.793
  0.232   730324.800
  0.234   730324.807
  0.263   730324.814
  0.253   730324.820
  0.235   730324.827
  0.284   730324.834
  0.263   730324.841
  0.282   730324.848
  0.222   730324.855
  0.263   730324.862
  4.408   730324.869
  0.253   730324.876
  0.270   730324.883
  0.250   730324.890
  0.223   730324.897
  0.243   730324.904
  0.223   730324.911
  0.256   730324.918
  0.839   730324.925
  0.279   730324.932
  0.260   730324.939
  0.382   730324.945
  0.234   730324.952
  0.266   730324.959
  0.295   730324.966
  0.282   730324.973
  0.816   730324.980
  0.245   730324.987
  0.280   730324.994
