  3.515   730324.003
  0.186   730324.003
  3.491   730324.003
  1.745   730324.008
  3.127   730324.008
  2.878   730324.015
  2.831   730324.023
  3.272   730324.029
  3.137   730324.036
  3.057   730324.043
  3.505   730324.050
  3.231   730324.056
  3.448   730324.064
  3.376   730324.071
  2.827   730324.078
  3.548   730324.085
  3.393   730324.092
  2.863   730324.099
  2.919   730324.106
  2.841   730324.112
  2.870   730324.119
  2.832   730324.126
  4.066   730324.133
  3.416   730324.140
  3.166   730324.147
  3.859   730324.154
  3.632   730324.161
  3.970   730324.168
  3.557   730324.175
  3.926   730324.182
  3.989   730324.189
  3.901   730324.196
  3.293   730324.203
  3.842   730324.210
  3.866   730324.217
  4.231   730324.224
  3.763   730324.231
  3.491   730324.237
  4.023   730324.244
  3.525   730324.251
  3.978   730324.258
  3.301   730324.265
  3.853   730324.272
  4.266   730324.279
  3.782   730324.286
  4.352   730324.293
  4.403   730324.300
  4.490   730324.307
  3.833   730324.314
  3.508   730324.321
  7.390   730324.328
  3.974   730324.335
  4.038   730324.342
  4.106   730324.349
  4.747   730324.356
  4.209   730324.363
  3.857   730324.370
  5.212   730324.377
  4.567   730324.383
  4.900   730324.390
  5.867   730324.397
  5.518   730324.404
  7.107   730324.411
  6.008   730324.418
  6.183   730324.425
  6.432   730324.432
  5.624   730324.439
  5.413   730324.446
  6.012   730324.453
  5.357   730324.460
  5.263   730324.467
  5.642   730324.474
  5.943   730324.480
  5.975   730324.487
  6.011   730324.494
  5.304   730324.501
  5.018   730324.508
  6.017   730324.515
  5.765   730324.522
  5.452   730324.529
  5.742   730324.536
  6.117   730324.543
  5.677   730324.550
  6.136   730324.557
  6.411   730324.564
  6.086   730324.571
  5.265   730324.578
  4.989   730324.585
  5.697   730324.592
  5.338   730324.599
  4.647   730324.606
  3.660   730324.613
  3.724   730324.620
  3.810   730324.626
  4.017   730324.633
  4.284   730324.640
  3.522   730324.647
  3.274   730324.654
  3.732   730324.661
  3.666   730324.668
  3.543   730324.675
  2.957   730324.682
  2.758   730324.689
  2.898   730324.696
  3.076   730324.703
  3.209   730324.710
  3.260   730324.717
  2.596   730324.724
  2.442   730324.731
  2.590   730324.738
  2.828   730324.744
  2.378   730324.752
  3.109   730324.758
  2.398   730324.765
  2.231   730324.772
  2.433   730324.779
  2.274   730324.786
  2.357   730324.793
  2.302   730324.800
  5.887   730324.807
  2.504   730324.814
  1.967   730324.821
  1.873   730324.828
  1.816   730324.835
  1.946   730324.842
  2.029   730324.849
  1.811   730324.856
  3.411   730324.863
  1.984   730324.870
  2.109   730324.877
  2.212   730324.883
  2.050   730324.890
  1.962   730324.897
  1.981   730324.904
  1.860   730324.911
  1.843   730324.918
  1.752   730324.925
  1.525   730324.932
  4.431   730324.939
  1.635   730324.946
  1.570   730324.953
  1.524   730324.960
  1.578   730324.967
  1.503   730324.974
  1.743   730324.981
  1.921   730324.988
  1.401   730324.994
