  0.076   730324.002
  0.011   730324.002
  0.048   730324.002
  0.125   730324.007
  0.075   730324.007
  0.071   730324.014
  0.074   730324.022
  0.065   730324.028
  0.067   730324.035
  0.089   730324.042
  0.067   730324.049
  0.140   730324.056
  0.081   730324.063
  0.078   730324.070
  0.067   730324.077
  0.079   730324.084
  0.064   730324.091
  0.055   730324.098
  0.059   730324.105
  0.054   730324.112
  0.054   730324.118
  0.053   730324.125
  0.054   730324.132
  0.054   730324.139
  0.058   730324.146
  0.049   730324.153
  0.098   730324.160
  0.197   730324.167
  0.055   730324.174
  0.175   730324.181
  0.060   730324.188
  0.057   730324.195
  0.073   730324.202
  0.077   730324.209
  0.057   730324.216
  0.057   730324.223
  0.059   730324.230
  0.044   730324.236
  0.061   730324.243
  0.062   730324.250
  0.052   730324.257
  0.060   730324.264
  0.063   730324.271
  0.057   730324.278
  0.060   730324.285
  0.061   730324.292
  0.135   730324.299
  0.065   730324.306
  0.069   730324.313
  0.080   730324.320
  0.074   730324.327
  0.078   730324.334
  0.072   730324.341
  0.066   730324.348
  0.064   730324.355
  0.059   730324.362
  0.067   730324.369
  0.058   730324.376
  0.061   730324.382
  0.066   730324.389
  0.059   730324.396
  0.061   730324.403
  0.070   730324.410
  0.056   730324.417
  0.051   730324.424
  0.069   730324.431
  0.056   730324.438
  0.059   730324.445
  0.067   730324.452
  0.072   730324.459
  0.127   730324.466
  0.057   730324.473
  0.062   730324.480
  0.061   730324.487
  0.064   730324.493
  0.068   730324.500
  0.061   730324.507
  0.061   730324.514
  0.064   730324.521
  0.061   730324.528
  0.065   730324.535
  0.065   730324.542
  0.071   730324.549
  0.064   730324.556
  0.064   730324.563
  0.067   730324.570
  0.054   730324.577
  0.067   730324.584
  0.059   730324.591
  0.069   730324.598
  0.064   730324.605
  0.066   730324.612
  0.060   730324.619
  0.064   730324.625
  0.076   730324.632
  0.074   730324.639
  0.068   730324.646
  0.085   730324.653
  0.069   730324.660
  0.068   730324.667
  0.056   730324.674
  0.070   730324.681
  0.063   730324.688
  0.056   730324.695
  0.058   730324.702
  0.053   730324.709
  0.068   730324.716
  0.060   730324.723
  0.066   730324.730
  0.071   730324.737
  0.101   730324.744
  0.114   730324.751
  0.103   730324.757
  0.084   730324.764
  0.104   730324.771
  0.138   730324.778
  0.076   730324.785
  0.110   730324.792
  0.105   730324.799
  0.089   730324.806
  0.097   730324.813
  0.093   730324.820
  0.091   730324.827
  0.119   730324.834
  0.091   730324.841
  0.079   730324.848
  0.071   730324.855
  0.061   730324.862
  0.065   730324.869
  0.128   730324.876
  0.103   730324.882
  0.082   730324.889
  0.064   730324.896
  0.062   730324.903
  0.060   730324.910
  0.069   730324.917
  0.135   730324.924
  0.075   730324.931
  0.057   730324.938
  0.079   730324.945
  0.058   730324.952
  0.058   730324.959
  0.068   730324.966
  0.056   730324.973
  0.153   730324.980
  0.044   730324.987
  0.062   730324.993
