  0.576   730324.004
  0.282   730324.004
  1.055   730324.004
  2.550   730324.004
  1.078   730324.009
  0.864   730324.009
  0.795   730324.016
  0.899   730324.023
  0.956   730324.030
  1.130   730324.037
  1.422   730324.044
  1.565   730324.051
  1.419   730324.056
  0.649   730324.065
  0.465   730324.071
  0.398   730324.078
  0.915   730324.085
  1.238   730324.092
  1.528   730324.099
  1.930   730324.106
  2.507   730324.113
  2.265   730324.120
  2.025   730324.127
  2.520   730324.134
  1.852   730324.141
  2.052   730324.148
  1.843   730324.155
  1.186   730324.162
  2.204   730324.169
  1.146   730324.176
  1.750   730324.182
  1.926   730324.189
  0.821   730324.196
  0.843   730324.203
  0.990   730324.210
  1.395   730324.217
  1.380   730324.224
  0.535   730324.231
  1.308   730324.238
  1.191   730324.245
  5.531   730324.252
  0.924   730324.259
  0.297   730324.266
  0.153   730324.273
  0.074   730324.280
  0.067   730324.287
  0.157   730324.294
  2.304   730324.300
  0.022   730324.307
  0.142   730324.314
  0.235   730324.321
  0.811   730324.328
  0.462   730324.335
  0.100   730324.342
  0.794   730324.349
  0.095   730324.356
  0.328   730324.363
  0.106   730324.370
  0.079   730324.377
  0.080   730324.384
  0.109   730324.391
  0.046   730324.398
  0.060   730324.405
  0.081   730324.412
  7.875   730324.419
  0.048   730324.426
  0.066   730324.432
  0.057   730324.439
  0.094   730324.446
  0.094   730324.453
  0.076   730324.460
  1.630   730324.467
  0.070   730324.474
  0.057   730324.481
  0.072   730324.488
  4.166   730324.495
  2.765   730324.502
  0.000   730324.509
  1.522   730324.516
  4.149   730324.523
  0.000   730324.530
  0.012   730324.537
  0.000   730324.544
  0.000   730324.551
  0.000   730324.558
  0.000   730324.564
  0.000   730324.571
  0.000   730324.578
  0.000   730324.585
  0.000   730324.592
  0.149   730324.599
  0.000   730324.606
  0.000   730324.613
  0.000   730324.620
  0.001   730324.627
  0.000   730324.634
  0.000   730324.641
  0.000   730324.648
  0.547   730324.655
  0.864   730324.662
  0.025   730324.669
  0.118   730324.676
  0.000   730324.683
  0.075   730324.690
  0.000   730324.696
  0.001   730324.703
  0.095   730324.710
  0.000   730324.717
  0.382   730324.724
  0.049   730324.731
  0.201   730324.738
  0.034   730324.745
  0.000   730324.752
  0.000   730324.759
  0.050   730324.766
  0.000   730324.773
  1.966   730324.780
  0.000   730324.787
  0.221   730324.794
  0.000   730324.801
  0.699   730324.808
  0.329   730324.815
  0.113   730324.821
  0.000   730324.828
  0.000   730324.835
  0.000   730324.842
  0.000   730324.849
  0.000   730324.856
  0.000   730324.863
  0.000   730324.870
  2.674   730324.877
  0.000   730324.884
  0.000   730324.891
    NaN   730324.898
  0.000   730324.905
  0.188   730324.912
  0.068   730324.919
  6.834   730324.926
  4.864   730324.933
  0.169   730324.940
  1.494   730324.946
  0.000   730324.953
  0.000   730324.960
  0.000   730324.967
  0.000   730324.974
  3.877   730324.981
  0.103   730324.988
  0.000   730324.995
