  0.201   730081.000
  0.255   730081.007
  0.236   730081.014
  0.262   730081.021
  0.225   730081.028
  0.243   730081.035
  0.113   730081.042
  0.132   730081.048
  0.279   730081.056
  0.093   730081.063
  0.122   730081.070
  0.110   730081.077
  0.117   730081.084
  0.090   730081.091
  0.092   730081.098
  0.104   730081.105
  0.128   730081.112
  0.109   730081.119
  0.106   730081.126
  0.106   730081.133
  0.128   730081.140
  0.123   730081.147
  0.107   730081.153
  0.123   730081.160
  0.119   730081.167
  0.099   730081.174
  0.108   730081.181
  0.153   730081.188
  0.134   730081.195
  0.132   730081.202
  0.127   730081.209
  0.106   730081.216
  0.141   730081.223
  0.107   730081.230
  0.086   730081.237
  0.122   730081.244
  0.134   730081.251
  0.128   730081.258
  0.116   730081.265
  0.122   730081.272
  0.107   730081.278
  0.124   730081.285
  0.128   730081.292
  0.114   730081.299
  0.152   730081.306
  0.178   730081.313
  0.171   730081.320
  0.126   730081.327
  0.190   730081.334
  0.167   730081.341
  0.174   730081.348
  0.114   730081.355
  0.135   730081.362
  0.162   730081.369
  0.159   730081.376
  0.145   730081.383
  0.145   730081.390
  0.186   730081.397
  1.150   730081.403
  0.480   730081.410
  0.201   730081.417
  0.166   730081.424
  0.172   730081.431
  0.070   730081.438
  0.135   730081.445
  0.127   730081.453
  0.141   730081.459
  0.110   730081.466
  0.129   730081.473
  0.111   730081.480
  0.146   730081.487
  0.085   730081.494
  0.185   730081.501
  0.182   730081.508
  0.110   730081.515
  0.116   730081.522
  0.143   730081.528
  0.180   730081.535
  0.129   730081.542
  0.118   730081.549
  0.184   730081.556
  0.131   730081.563
  0.177   730081.570
  0.110   730081.577
  0.157   730081.584
  0.154   730081.591
  0.155   730081.598
  0.124   730081.605
  0.118   730081.612
  0.132   730081.619
  0.130   730081.626
  0.169   730081.633
  0.137   730081.640
  0.135   730081.647
  0.118   730081.653
  0.167   730081.660
  0.157   730081.667
  0.104   730081.674
  0.120   730081.681
  0.120   730081.688
  0.197   730081.695
  0.179   730081.702
    NaN   730081.709
  0.172   730081.716
  0.165   730081.723
  0.137   730081.730
  0.157   730081.737
  0.185   730081.744
  0.141   730081.751
  0.208   730081.758
  0.139   730081.765
  0.191   730081.772
  0.168   730081.778
  0.165   730081.785
  0.105   730081.792
  0.115   730081.799
  0.170   730081.806
  0.181   730081.813
  0.141   730081.820
  0.096   730081.827
  0.133   730081.834
  0.097   730081.841
  0.118   730081.848
  0.196   730081.855
  0.096   730081.862
  0.156   730081.869
  0.158   730081.876
  0.086   730081.883
  0.135   730081.890
  0.187   730081.897
  0.157   730081.903
  0.192   730081.910
  0.134   730081.917
  0.190   730081.924
  0.168   730081.931
  0.188   730081.938
  0.165   730081.945
  0.128   730081.952
  0.150   730081.959
  0.125   730081.966
  0.119   730081.973
  0.124   730081.980
  0.096   730081.987
  0.173   730081.994
