  0.243   730081.000
  0.263   730081.007
  0.275   730081.014
  0.275   730081.021
  0.249   730081.028
  0.263   730081.035
  0.260   730081.040
  0.247   730081.047
  0.266   730081.056
  0.271   730081.062
  0.248   730081.069
  0.253   730081.076
  0.293   730081.083
  0.243   730081.090
  0.240   730081.097
  0.278   730081.104
  0.199   730081.111
  0.250   730081.118
  0.215   730081.125
  0.221   730081.132
  0.216   730081.139
  0.233   730081.146
  0.246   730081.153
  0.204   730081.160
  0.198   730081.167
  0.216   730081.174
  0.218   730081.181
  0.220   730081.188
  0.205   730081.194
  0.225   730081.201
  0.226   730081.208
  0.208   730081.215
  0.236   730081.222
  0.259   730081.229
  0.257   730081.236
  0.237   730081.243
  0.225   730081.250
  0.218   730081.257
  0.248   730081.264
  0.242   730081.271
  0.241   730081.278
  0.271   730081.285
  0.267   730081.292
  0.265   730081.299
  0.283   730081.306
  0.296   730081.312
  0.224   730081.319
  0.255   730081.326
  0.265   730081.333
  0.246   730081.340
  0.258   730081.347
  0.262   730081.354
  0.234   730081.361
  0.271   730081.368
  0.280   730081.375
  0.325   730081.382
  0.306   730081.389
  0.273   730081.396
  0.301   730081.403
  0.291   730081.410
  0.275   730081.417
  0.297   730081.424
  0.304   730081.431
  0.324   730081.438
  0.271   730081.444
  0.268   730081.451
  0.312   730081.458
  0.311   730081.465
  0.302   730081.472
  0.330   730081.479
  0.311   730081.486
  0.294   730081.493
  0.316   730081.500
  0.303   730081.507
  0.411   730081.514
  0.333   730081.521
  0.359   730081.528
  0.338   730081.535
  0.379   730081.542
  0.368   730081.549
  0.344   730081.556
  0.359   730081.562
  0.350   730081.569
  0.372   730081.576
  0.365   730081.583
  0.358   730081.590
  0.329   730081.597
  0.311   730081.604
  0.327   730081.611
  0.328   730081.618
  0.375   730081.625
  0.348   730081.632
  0.309   730081.639
  0.301   730081.646
  0.322   730081.653
  0.324   730081.660
  0.318   730081.667
  0.305   730081.674
  0.278   730081.681
  0.297   730081.688
  0.287   730081.694
  0.304   730081.701
  0.315   730081.708
  0.298   730081.715
  0.295   730081.722
  0.321   730081.729
  0.294   730081.736
  0.290   730081.743
  0.303   730081.750
  0.296   730081.757
  0.283   730081.764
  0.286   730081.771
  0.321   730081.778
  0.266   730081.785
  0.292   730081.792
  0.285   730081.799
  0.352   730081.806
  0.324   730081.812
  0.326   730081.819
  0.317   730081.826
  0.325   730081.833
  0.286   730081.840
  0.317   730081.847
  0.323   730081.854
  0.290   730081.860
  0.310   730081.868
    NaN   730081.875
  0.317   730081.882
  0.337   730081.889
  0.311   730081.896
  0.314   730081.903
  0.325   730081.910
  0.308   730081.917
  0.305   730081.924
  0.334   730081.931
  0.307   730081.938
  0.283   730081.944
  0.314   730081.951
  0.299   730081.958
  0.323   730081.965
  0.282   730081.972
  0.283   730081.979
  0.251   730081.986
  0.276   730081.993
