  1.202   730256.001
  2.371   730256.007
  2.196   730256.014
  2.219   730256.021
  2.041   730256.028
  2.165   730256.035
  2.491   730256.043
  3.245   730256.049
  2.163   730256.056
  2.262   730256.070
  1.950   730256.077
  1.992   730256.084
  2.118   730256.091
  1.917   730256.097
  1.937   730256.104
  2.041   730256.111
  1.799   730256.118
  1.937   730256.126
  1.946   730256.132
  1.766   730256.139
  1.995   730256.146
  1.934   730256.153
  1.880   730256.160
  1.713   730256.168
  1.837   730256.174
  1.749   730256.181
  1.637   730256.188
  1.658   730256.195
  1.838   730256.202
  1.806   730256.209
  1.756   730256.216
  1.661   730256.223
  1.688   730256.229
  1.651   730256.236
  2.010   730256.243
  1.803   730256.251
  1.776   730256.257
  1.614   730256.264
  1.840   730256.271
  1.900   730256.278
  1.935   730256.285
  2.009   730256.293
  1.962   730256.299
  1.924   730256.306
  1.986   730256.313
  1.861   730256.320
  2.113   730256.327
  1.970   730256.335
  1.954   730256.341
  2.025   730256.348
  1.844   730256.355
  1.998   730256.361
  2.143   730256.368
  2.076   730256.376
  2.017   730256.382
  2.281   730256.389
  1.972   730256.396
  2.274   730256.403
  1.974   730256.410
  2.241   730256.418
  1.738   730256.424
  2.119   730256.431
  2.233   730256.438
  1.940   730256.445
  1.902   730256.452
  2.312   730256.460
  1.893   730256.466
  2.029   730256.473
  1.917   730256.479
  2.084   730256.486
  1.989   730256.493
  2.068   730256.501
  2.176   730256.507
  2.046   730256.514
  2.101   730256.521
  1.940   730256.528
  1.942   730256.535
  1.879   730256.543
  2.082   730256.549
  1.843   730256.556
  2.079   730256.563
  2.028   730256.570
  2.002   730256.577
  1.817   730256.585
  1.915   730256.591
  1.879   730256.598
  1.851   730256.605
  1.804   730256.611
  1.863   730256.618
  1.800   730256.626
  2.011   730256.632
  2.193   730256.639
  1.737   730256.646
  2.145   730256.653
  1.855   730256.660
  1.916   730256.668
  1.793   730256.674
  1.972   730256.681
  1.903   730256.688
  1.823   730256.695
  2.185   730256.702
  1.896   730256.710
  1.943   730256.716
  2.131   730256.723
  2.107   730256.730
  1.899   730256.736
  2.087   730256.743
  2.132   730256.751
  2.308   730256.757
  2.128   730256.764
  2.308   730256.771
  2.450   730256.778
  2.286   730256.785
  2.336   730256.793
  2.556   730256.799
  2.231   730256.806
  2.243   730256.813
 10.415   730256.820
  2.493   730256.827
  2.632   730256.835
  2.317   730256.841
  2.559   730256.848
  2.712   730256.855
  2.458   730256.861
  2.546   730256.868
  2.384   730256.876
  2.565   730256.882
  2.718   730256.889
  2.292   730256.896
  2.512   730256.903
  2.281   730256.910
  2.123   730256.918
  2.376   730256.924
  2.125   730256.931
  2.282   730256.938
  2.267   730256.945
  2.292   730256.952
  2.218   730256.960
  2.164   730256.966
  2.234   730256.973
  2.075   730256.980
  1.907   730256.987
  2.385   730256.993
