  0.150   730256.001
  0.403   730256.007
  0.381   730256.014
  0.436   730256.021
  0.389   730256.028
  0.386   730256.035
  0.387   730256.042
  1.463   730256.049
  0.411   730256.056
  0.133   730256.062
  0.416   730256.069
  0.400   730256.076
 10.425   730256.084
  6.588   730256.090
  0.407   730256.097
  0.398   730256.104
  0.409   730256.111
  0.406   730256.118
  0.326   730256.126
  0.354   730256.132
  0.405   730256.139
  0.371   730256.146
  0.354   730256.153
  0.435   730256.160
  0.412   730256.167
  0.359   730256.174
  0.417   730256.181
  0.387   730256.188
  0.431   730256.195
  0.389   730256.201
  0.360   730256.209
  0.379   730256.215
  0.359   730256.222
  0.331   730256.229
  0.403   730256.236
  0.389   730256.243
  0.358   730256.251
  0.367   730256.257
  0.389   730256.264
  0.348   730256.271
  0.339   730256.278
  0.324   730256.285
  0.356   730256.292
  0.331   730256.299
  0.353   730256.306
  0.343   730256.313
  0.373   730256.320
  0.315   730256.326
  8.028   730256.334
  8.397   730256.340
  8.061   730256.347
  7.671   730256.354
  7.913   730256.361
  7.587   730256.368
  7.438   730256.376
  7.523   730256.382
  7.912   730256.389
  7.859   730256.396
  8.038   730256.403
  8.107   730256.410
  6.772   730256.417
  6.847   730256.424
  7.920   730256.431
  8.110   730256.438
  8.678   730256.445
  8.994   730256.451
 10.069   730256.459
  8.848   730256.465
  9.375   730256.472
  8.810   730256.479
  8.349   730256.486
  7.709   730256.493
  8.430   730256.501
  7.676   730256.507
  2.288   730256.514
  0.246   730256.521
  0.253   730256.528
  0.269   730256.535
  0.289   730256.542
  0.255   730256.549
  0.308   730256.556
  0.283   730256.563
  0.281   730256.570
  0.269   730256.576
  7.921   730256.584
  7.565   730256.590
  0.252   730256.597
  0.254   730256.604
  0.249   730256.611
  0.244   730256.618
  0.240   730256.626
  0.263   730256.632
  0.219   730256.639
  0.264   730256.646
  1.522   730256.653
  0.315   730256.660
  0.228   730256.667
  0.235   730256.674
  0.258   730256.681
  0.268   730256.688
  0.264   730256.695
  0.251   730256.701
  0.239   730256.709
  0.257   730256.715
  0.245   730256.722
  0.242   730256.729
  0.237   730256.736
  0.233   730256.743
  0.258   730256.751
  0.223   730256.757
  0.242   730256.764
  0.242   730256.771
  0.242   730256.778
  0.238   730256.785
  1.288   730256.793
  0.224   730256.799
  0.198   730256.806
  0.228   730256.813
  0.231   730256.820
  0.233   730256.826
  0.226   730256.834
  0.211   730256.840
  0.210   730256.847
  0.247   730256.854
  0.224   730256.861
  0.217   730256.868
  0.195   730256.876
  0.201   730256.882
  0.213   730256.889
  0.198   730256.896
  0.208   730256.903
  0.207   730256.910
  0.202   730256.918
  0.194   730256.924
  0.209   730256.931
  0.180   730256.938
  0.220   730256.945
  0.213   730256.951
  0.212   730256.959
  0.211   730256.965
  0.195   730256.972
  0.214   730256.980
  0.223   730256.987
  0.242   730256.993
