  0.573   730328.003
  0.573   730328.003
  0.009   730328.003
  0.009   730328.003
  0.454   730328.003
  0.454   730328.003
  0.521   730328.009
  0.521   730328.009
  0.562   730328.016
  0.562   730328.016
  0.517   730328.023
  0.517   730328.023
  0.488   730328.029
  0.488   730328.029
  0.459   730328.036
  0.459   730328.036
  0.506   730328.044
  0.506   730328.044
  0.442   730328.050
  0.442   730328.050
  0.414   730328.056
  0.414   730328.056
  0.434   730328.064
  0.434   730328.064
  0.557   730328.071
  0.557   730328.071
  0.509   730328.078
  0.509   730328.078
  0.471   730328.085
  0.471   730328.085
  0.456   730328.092
  0.456   730328.092
  0.438   730328.099
  0.438   730328.099
  0.394   730328.106
  0.394   730328.106
  0.441   730328.113
  0.441   730328.113
  0.411   730328.120
  0.411   730328.120
  0.487   730328.127
  0.487   730328.127
  0.395   730328.133
  0.395   730328.133
  0.470   730328.140
  0.470   730328.140
  0.424   730328.147
  0.424   730328.147
  0.406   730328.154
  0.406   730328.154
  0.398   730328.161
  0.398   730328.161
  0.398   730328.168
  0.398   730328.168
  0.371   730328.175
  0.371   730328.175
  0.372   730328.182
  0.372   730328.182
  0.349   730328.189
  0.349   730328.189
  0.371   730328.196
  0.371   730328.196
  0.411   730328.203
  0.411   730328.203
  0.384   730328.210
  0.384   730328.210
  0.379   730328.217
  0.379   730328.217
  0.345   730328.224
  0.345   730328.224
  0.376   730328.231
  0.376   730328.231
  0.330   730328.238
  0.330   730328.238
  0.369   730328.245
  0.369   730328.245
  0.360   730328.252
  0.360   730328.252
  0.379   730328.258
  0.379   730328.258
  0.351   730328.265
  0.351   730328.265
  0.348   730328.272
  0.348   730328.272
  0.340   730328.279
  0.340   730328.279
  0.322   730328.286
  0.322   730328.286
  0.333   730328.293
  0.333   730328.293
  0.340   730328.300
  0.340   730328.300
  0.361   730328.307
  0.361   730328.307
  0.372   730328.314
  0.372   730328.314
  0.361   730328.321
  0.361   730328.321
  0.370   730328.328
  0.370   730328.328
  0.344   730328.335
  0.344   730328.335
  0.323   730328.342
  0.323   730328.342
  0.353   730328.349
  0.353   730328.349
  0.315   730328.356
  0.315   730328.356
  0.327   730328.363
  0.327   730328.363
  0.317   730328.370
  0.317   730328.370
  0.382   730328.377
  0.382   730328.377
  0.372   730328.384
  0.372   730328.384
  0.351   730328.390
  0.351   730328.390
  0.332   730328.397
  0.332   730328.397
  0.332   730328.404
  0.332   730328.404
  0.368   730328.411
  0.368   730328.411
  0.324   730328.418
  0.324   730328.418
  0.369   730328.425
  0.369   730328.425
  0.360   730328.432
  0.360   730328.432
  0.334   730328.439
  0.334   730328.439
  0.338   730328.447
  0.338   730328.447
  0.332   730328.453
  0.332   730328.453
  0.354   730328.460
  0.354   730328.460
  0.362   730328.467
  0.362   730328.467
  0.352   730328.474
  0.352   730328.474
  0.401   730328.481
  0.401   730328.481
  0.356   730328.488
  0.356   730328.488
  0.363   730328.495
  0.363   730328.495
  2.815   730328.502
  2.815   730328.502
  0.347   730328.508
  0.347   730328.508
  0.327   730328.516
  0.327   730328.516
  0.340   730328.522
  0.340   730328.522
  0.363   730328.529
  0.363   730328.529
  0.359   730328.536
  0.359   730328.536
  0.299   730328.543
  0.299   730328.543
  0.338   730328.550
  0.338   730328.550
  0.353   730328.557
  0.353   730328.557
  0.318   730328.564
  0.318   730328.564
  0.331   730328.571
  0.331   730328.571
  0.333   730328.578
  0.333   730328.578
  0.351   730328.585
  0.351   730328.585
  0.355   730328.592
  0.355   730328.592
  0.325   730328.599
  0.325   730328.599
  0.307   730328.606
  0.307   730328.606
  0.349   730328.613
  0.349   730328.613
  0.299   730328.620
  0.299   730328.620
  0.299   730328.627
  0.299   730328.627
  0.330   730328.633
  0.330   730328.633
  0.302   730328.640
  0.302   730328.640
  0.306   730328.647
  0.306   730328.647
  0.348   730328.654
  0.348   730328.654
  0.391   730328.661
  0.391   730328.661
  0.298   730328.668
  0.298   730328.668
  0.302   730328.675
  0.302   730328.675
  0.325   730328.682
  0.325   730328.682
  0.333   730328.689
  0.333   730328.689
  0.314   730328.696
  0.314   730328.696
  0.332   730328.703
  0.332   730328.703
  0.365   730328.710
  0.365   730328.710
  0.329   730328.717
  0.329   730328.717
  0.399   730328.724
  0.399   730328.724
  0.390   730328.731
  0.390   730328.731
  0.345   730328.738
  0.345   730328.738
  0.368   730328.745
  0.368   730328.745
  0.369   730328.752
  0.369   730328.752
  0.381   730328.759
  0.381   730328.759
  0.423   730328.766
  0.423   730328.766
  0.412   730328.773
  0.412   730328.773
  0.420   730328.779
  0.420   730328.779
  0.470   730328.787
  0.470   730328.787
  0.416   730328.793
  0.416   730328.793
  0.469   730328.800
  0.469   730328.800
  0.497   730328.807
  0.497   730328.807
  0.509   730328.814
  0.509   730328.814
  5.742   730328.821
  5.742   730328.821
  0.542   730328.828
  0.542   730328.828
  0.506   730328.835
  0.506   730328.835
  0.540   730328.842
  0.540   730328.842
  0.466   730328.849
  0.466   730328.849
  0.591   730328.856
  0.591   730328.856
  0.565   730328.863
  0.565   730328.863
  0.574   730328.870
  0.574   730328.870
  0.613   730328.877
  0.613   730328.877
  0.494   730328.884
  0.494   730328.884
  0.583   730328.891
  0.583   730328.891
  0.540   730328.897
  0.540   730328.897
  0.570   730328.904
  0.570   730328.904
  0.594   730328.911
  0.594   730328.911
  0.594   730328.918
  0.594   730328.918
  0.590   730328.925
  0.590   730328.925
  0.610   730328.932
  0.610   730328.932
  0.589   730328.939
  0.589   730328.939
  0.595   730328.946
  0.595   730328.946
  0.536   730328.953
  0.536   730328.953
  0.565   730328.960
  0.565   730328.960
  0.568   730328.967
  0.568   730328.967
  0.549   730328.974
  0.549   730328.974
  0.640   730328.981
  0.640   730328.981
  0.567   730328.988
  0.567   730328.988
  0.562   730328.995
  0.562   730328.995
