  0.365   730137.013
  0.386   730137.114
  0.347   730137.121
  0.414   730137.127
  0.374   730137.135
  0.372   730137.142
  0.386   730137.149
  0.320   730137.156
  0.358   730137.162
  0.348   730137.169
  0.325   730137.176
  0.298   730137.183
  0.353   730137.190
  0.334   730137.197
  0.385   730137.204
  0.342   730137.210
  0.322   730137.218
  0.350   730137.224
  0.438   730137.232
  0.350   730137.239
  0.337   730137.246
  0.326   730137.253
  0.375   730137.260
  0.326   730137.266
  0.302   730137.274
  0.289   730137.281
  0.374   730137.287
  0.306   730137.294
  0.298   730137.301
  0.325   730137.308
  0.374   730137.315
  0.305   730137.322
  0.339   730137.329
  0.330   730137.336
  0.366   730137.343
  0.321   730137.350
  0.291   730137.357
  0.299   730137.364
  0.291   730137.371
  0.295   730137.378
  0.293   730137.384
  0.343   730137.392
  0.301   730137.399
  0.319   730137.406
  0.290   730137.412
  0.309   730137.419
  0.319   730137.426
  0.318   730137.433
  0.346   730137.440
  0.320   730137.447
  0.327   730137.455
  0.427   730137.460
  0.395   730137.468
  0.407   730137.475
  0.434   730137.482
  0.454   730137.489
  0.444   730137.496
  0.458   730137.503
  0.443   730137.533
  0.464   730137.537
  0.457   730137.544
  0.471   730137.551
  0.469   730137.558
  0.478   730137.565
  0.372   730137.572
  0.450   730137.578
  0.361   730137.586
  0.313   730137.593
  0.362   730137.600
  0.338   730137.607
  0.364   730137.614
  0.333   730137.620
  0.298   730137.628
  0.311   730137.635
  0.312   730137.642
  0.320   730137.649
  0.262   730137.656
  0.312   730137.662
  0.249   730137.669
  0.261   730137.676
  0.247   730137.683
  0.268   730137.690
  0.284   730137.697
  0.292   730137.704
  0.245   730137.711
  0.279   730137.718
  0.265   730137.725
  0.280   730137.732
  0.271   730137.739
  0.256   730137.746
  0.252   730137.752
  0.239   730137.760
  0.280   730137.768
  0.253   730137.776
  0.257   730137.783
  0.270   730137.824
  0.267   730137.829
  0.304   730137.836
  0.255   730137.843
  0.264   730137.850
    NaN   730137.857
  0.283   730137.864
  0.289   730137.870
  0.249   730137.877
  0.223   730137.885
  0.265   730137.892
  0.238   730137.899
  0.250   730137.906
  0.260   730137.912
  0.277   730137.919
  0.243   730137.926
  0.271   730137.933
  0.258   730137.940
  0.224   730137.947
  0.281   730137.955
  0.238   730137.961
  0.279   730137.968
  0.279   730137.975
  0.312   730137.983
  0.285   730137.990
