 21.370   730032.000
 20.210   730032.000
 19.460   730032.010
 22.290   730032.020
 19.510   730032.030
 19.250   730032.030
 21.150   730032.040
 21.450   730032.050
 21.290   730032.050
 19.150   730032.060
 21.830   730032.070
 19.980   730032.070
 20.170   730032.080
 19.550   730032.090
 19.430   730032.100
 21.570   730032.100
 22.780   730032.110
 21.900   730032.120
 18.880   730032.120
 22.090   730032.130
 22.550   730032.140
 21.010   730032.140
 21.290   730032.150
 23.210   730032.160
 21.880   730032.160
 22.220   730032.170
 22.680   730032.180
 23.420   730032.190
 22.700   730032.190
 22.990   730032.200
 22.290   730032.210
 22.660   730032.210
 21.830   730032.220
 22.000   730032.230
 22.550   730032.230
 22.610   730032.240
 23.530   730032.250
 23.690   730032.250
 24.200   730032.260
 24.790   730032.270
 26.290   730032.280
 24.430   730032.280
 23.700   730032.290
 25.400   730032.300
 26.020   730032.300
 24.530   730032.310
 24.970   730032.320
 24.550   730032.320
 28.640   730032.330
 25.210   730032.340
 31.110   730032.350
 28.740   730032.350
 29.310   730032.360
 28.150   730032.370
 26.450   730032.370
 29.000   730032.380
 32.540   730032.390
 30.620   730032.390
 30.810   730032.400
 30.070   730032.410
 27.300   730032.410
 29.060   730032.420
 30.850   730032.430
 30.180   730032.440
 28.030   730032.440
 28.710   730032.450
 27.920   730032.460
 27.430   730032.460
 27.310   730032.470
 28.700   730032.480
 29.790   730032.480
 28.060   730032.490
 28.960   730032.500
 28.760   730032.500
 28.070   730032.510
 29.000   730032.520
 28.030   730032.530
 28.920   730032.530
 26.010   730032.540
 28.790   730032.550
 33.740   730032.550
 30.330   730032.560
 33.830   730032.570
 30.440   730032.570
 27.460   730032.580
 27.460   730032.590
 29.480   730032.600
 29.510   730032.600
 28.650   730032.610
 32.070   730032.620
 29.840   730032.620
 30.210   730032.630
 28.150   730032.640
 28.750   730032.640
 28.610   730032.650
 27.830   730032.660
 27.960   730032.660
 29.630   730032.670
 30.240   730032.680
 29.950   730032.690
 28.410   730032.690
 26.620   730032.700
 25.900   730032.710
 30.270   730032.710
 30.760   730032.720
 29.340   730032.730
 28.870   730032.730
 27.410   730032.740
 29.010   730032.750
 30.920   730032.750
 31.540   730032.760
 31.720   730032.770
 30.060   730032.780
 31.210   730032.780
 30.900   730032.790
 31.700   730032.800
 31.550   730032.800
 32.560   730032.810
 32.230   730032.820
 38.340   730032.820
 36.400   730032.830
 36.430   730032.840
 38.230   730032.850
 38.680   730032.850
 38.190   730032.860
 38.330   730032.870
 35.410   730032.870
 39.540   730032.880
 34.360   730032.890
 36.000   730032.890
 36.310   730032.900
 34.760   730032.910
 35.870   730032.910
 34.960   730032.920
 34.450   730032.930
 35.340   730032.940
 34.480   730032.940
 39.570   730032.950
    NaN   730032.960
    NaN   730032.960
 33.820   730032.970
 34.540   730032.980
 34.160   730032.980
 37.010   730032.990
