  0.140   730032.000
  0.240   730032.000
  0.190   730032.010
  0.120   730032.020
  0.130   730032.030
  0.120   730032.030
  0.130   730032.040
  0.150   730032.050
  0.130   730032.050
  0.150   730032.060
  0.160   730032.070
  0.150   730032.070
  0.160   730032.080
  0.170   730032.090
  0.170   730032.090
  0.180   730032.100
  0.180   730032.110
  0.170   730032.120
  0.200   730032.120
  0.190   730032.130
  0.170   730032.140
  0.190   730032.140
  0.190   730032.150
  0.200   730032.160
  0.210   730032.160
  0.200   730032.170
  0.200   730032.180
  0.210   730032.180
  0.210   730032.190
  0.200   730032.200
  0.210   730032.210
  0.190   730032.210
  0.190   730032.220
  0.190   730032.230
  0.200   730032.230
  0.220   730032.240
  0.200   730032.250
  0.190   730032.250
  0.220   730032.260
  0.230   730032.270
  0.220   730032.280
  0.210   730032.280
  0.220   730032.290
  0.240   730032.300
  0.230   730032.300
  0.270   730032.310
  0.250   730032.320
  0.230   730032.320
  0.240   730032.330
  0.290   730032.340
  0.250   730032.340
  0.240   730032.350
  0.250   730032.360
  0.240   730032.370
  0.280   730032.370
  0.350   730032.380
  0.360   730032.390
  0.310   730032.390
  0.280   730032.400
  0.280   730032.410
  0.300   730032.410
  0.280   730032.420
  0.280   730032.430
  0.260   730032.430
  0.270   730032.440
  0.310   730032.450
  0.290   730032.460
  0.270   730032.460
  0.280   730032.470
  0.250   730032.480
  0.310   730032.480
  0.270   730032.490
  0.290   730032.500
  0.280   730032.500
  0.310   730032.510
  0.280   730032.520
  0.290   730032.530
  0.290   730032.530
  0.300   730032.540
  0.300   730032.550
  0.330   730032.550
  0.320   730032.560
  0.310   730032.570
  0.330   730032.570
  0.320   730032.580
  0.350   730032.590
  0.300   730032.590
  0.350   730032.600
  0.370   730032.610
  0.370   730032.620
  0.410   730032.620
  0.430   730032.630
  0.400   730032.640
  0.430   730032.640
  0.440   730032.650
  0.470   730032.660
  0.540   730032.660
  0.520   730032.670
  0.460   730032.680
  0.410   730032.680
  0.470   730032.690
  0.430   730032.700
  0.450   730032.710
  0.430   730032.710
  0.420   730032.720
  0.380   730032.730
  0.410   730032.730
  0.460   730032.740
  0.380   730032.750
  0.370   730032.750
  0.450   730032.760
  0.420   730032.770
  0.460   730032.780
  0.470   730032.780
  0.430   730032.790
  0.410   730032.800
  0.400   730032.800
  0.420   730032.810
  0.400   730032.820
  0.480   730032.820
  0.520   730032.830
  0.540   730032.840
  0.470   730032.840
  0.400   730032.850
  0.460   730032.860
  0.500   730032.870
    NaN   730032.870
  0.550   730032.880
  0.500   730032.890
  0.450   730032.890
  0.490   730032.900
  0.520   730032.910
  0.490   730032.910
  0.480   730032.920
  0.390   730032.930
  0.400   730032.930
  0.390   730032.940
  0.580   730032.950
  0.450   730032.960
  0.430   730032.960
  0.460   730032.970
  0.530   730032.980
  0.430   730032.980
  0.480   730032.990
