  0.092   730412.007
  0.093   730412.014
  0.092   730412.021
  0.081   730412.028
  0.097   730412.035
  0.100   730412.042
  0.092   730412.049
  0.101   730412.056
  0.087   730412.062
  0.083   730412.070
  0.093   730412.076
  0.164   730412.083
  0.097   730412.090
  0.088   730412.097
  0.089   730412.097
  0.104   730412.104
  0.086   730412.111
  0.094   730412.118
  0.084   730412.125
  0.096   730412.132
  0.094   730412.139
  0.098   730412.146
  0.094   730412.153
  0.079   730412.160
  0.098   730412.167
  0.087   730412.174
  0.100   730412.187
  0.087   730412.195
  0.089   730412.201
  0.092   730412.208
  0.086   730412.215
  0.084   730412.222
  0.079   730412.229
  0.101   730412.236
  0.082   730412.243
  0.095   730412.250
  0.088   730412.257
  0.092   730412.264
  0.099   730412.271
  0.098   730412.278
  0.080   730412.285
  0.088   730412.292
  0.079   730412.299
  0.094   730412.306
  0.911   730412.312
  0.082   730412.320
  0.135   730412.326
  2.383   730412.333
  0.154   730412.340
  0.213   730412.347
  5.982   730412.354
  0.170   730412.361
  0.454   730412.368
  0.148   730412.375
  0.131   730412.382
  0.160   730412.389
  0.142   730412.396
  0.095   730412.403
  0.124   730412.410
  0.130   730412.417
  0.141   730412.424
  0.148   730412.431
  0.131   730412.437
  0.139   730412.445
  0.113   730412.451
  0.146   730412.458
  0.138   730412.465
  0.122   730412.472
  0.128   730412.479
  0.117   730412.486
  0.144   730412.493
  0.109   730412.500
  0.124   730412.507
  0.123   730412.514
  0.125   730412.521
  0.125   730412.528
  0.142   730412.535
  0.122   730412.542
  0.183   730412.549
  0.097   730412.556
  0.604   730412.562
  0.234   730412.570
  0.106   730412.576
  0.093   730412.583
  0.100   730412.590
  0.109   730412.597
  0.111   730412.604
  0.103   730412.611
  0.096   730412.618
  0.110   730412.625
  0.103   730412.632
  0.105   730412.639
  0.109   730412.646
  0.102   730412.653
  0.119   730412.660
  0.093   730412.667
  0.130   730412.674
  0.111   730412.680
  0.115   730412.687
  0.107   730412.695
  0.113   730412.701
  0.112   730412.708
  0.108   730412.715
  0.113   730412.722
  0.103   730412.757
  0.114   730412.764
  0.109   730412.771
  0.105   730412.778
  0.111   730412.785
  0.108   730412.792
  0.123   730412.798
  0.144   730412.805
  0.112   730412.812
  0.189   730412.820
  0.118   730412.826
  0.126   730412.833
  0.090   730412.840
  4.535   730412.847
  0.115   730412.854
  0.111   730412.861
  0.086   730412.868
  0.100   730412.875
  0.102   730412.882
  0.305   730412.889
  0.259   730412.896
  0.116   730412.903
  0.342   730412.910
  0.109   730412.917
  0.110   730412.924
  0.137   730412.931
  0.119   730412.937
  0.099   730412.945
  0.104   730412.951
  0.108   730412.958
  0.113   730412.965
  0.103   730412.972
  0.102   730412.979
  0.108   730412.986
  0.248   730412.993
  0.100   730413.000
