  0.019   730412.007
  0.087   730412.007
  0.105   730412.013
  0.091   730412.020
  2.649   730412.027
  0.100   730412.034
  0.093   730412.042
  0.087   730412.048
  0.092   730412.055
  0.102   730412.062
  0.092   730412.069
  0.088   730412.076
  0.096   730412.083
  0.106   730412.090
  0.074   730412.097
  0.042   730412.097
  0.084   730412.104
  0.107   730412.111
  0.087   730412.118
  0.092   730412.125
  0.085   730412.131
  0.094   730412.138
  0.087   730412.145
  0.088   730412.152
  0.758   730412.159
  0.091   730412.166
  0.245   730412.173
  0.103   730412.187
  0.606   730412.194
  0.103   730412.201
  0.283   730412.208
  0.095   730412.215
  0.094   730412.222
  0.399   730412.229
  0.088   730412.236
  0.095   730412.243
  0.084   730412.250
  0.086   730412.256
  0.558   730412.263
  0.070   730412.270
  0.084   730412.277
  0.085   730412.284
  0.078   730412.291
  0.099   730412.298
  0.083   730412.305
  0.076   730412.312
  0.085   730412.319
  0.080   730412.326
  0.898   730412.333
  0.897   730412.340
  0.088   730412.347
  0.085   730412.354
  0.088   730412.361
  0.831   730412.368
  0.660   730412.375
  0.071   730412.381
  0.079   730412.388
  0.077   730412.395
  0.921   730412.402
  0.198   730412.409
  0.090   730412.416
  0.070   730412.423
  0.077   730412.430
  0.091   730412.437
  0.070   730412.444
  0.934   730412.451
  0.080   730412.458
  0.073   730412.465
  0.070   730412.472
  0.905   730412.479
  0.056   730412.486
  0.071   730412.493
  0.066   730412.500
  0.062   730412.506
  0.629   730412.513
  0.474   730412.520
  0.068   730412.527
  0.068   730412.534
  0.077   730412.541
  0.076   730412.548
  0.492   730412.555
  0.077   730412.562
  0.242   730412.569
  0.160   730412.576
  0.102   730412.583
  0.832   730412.590
  0.111   730412.597
  0.121   730412.604
  0.148   730412.611
  0.105   730412.618
  0.932   730412.625
  0.110   730412.631
  0.150   730412.638
  0.176   730412.645
  0.134   730412.652
  0.183   730412.659
  0.172   730412.666
  0.240   730412.673
  0.179   730412.680
  0.161   730412.687
  0.118   730412.694
  0.116   730412.701
  0.090   730412.708
  0.382   730412.715
  0.087   730412.722
  0.031   730412.736
  0.083   730412.756
  0.804   730412.763
  0.084   730412.770
  0.083   730412.777
  0.089   730412.784
  0.092   730412.791
  0.840   730412.798
  0.087   730412.805
  0.080   730412.812
  0.077   730412.819
  0.092   730412.826
  0.090   730412.833
  0.092   730412.840
  0.089   730412.847
  0.092   730412.854
  0.094   730412.861
  0.086   730412.868
  0.086   730412.875
  0.093   730412.881
  0.092   730412.888
  0.684   730412.895
  0.101   730412.902
  0.112   730412.909
  0.089   730412.916
  0.108   730412.923
  0.473   730412.930
  0.085   730412.937
  0.098   730412.944
  0.091   730412.951
  0.097   730412.958
  0.788   730412.965
  0.927   730412.972
  0.093   730412.979
  0.097   730412.986
  0.091   730412.993
  0.298   730413.000
