  0.033   730412.006
  0.097   730412.006
  0.110   730412.013
  0.105   730412.020
  0.109   730412.027
  0.117   730412.034
  0.115   730412.041
  0.124   730412.048
  0.125   730412.055
  0.109   730412.062
  0.100   730412.069
  0.108   730412.076
  0.105   730412.083
  0.112   730412.090
  0.102   730412.097
  0.067   730412.097
  0.089   730412.104
  0.110   730412.110
  0.104   730412.117
  0.106   730412.124
  0.114   730412.131
  1.046   730412.138
  0.113   730412.145
  0.108   730412.152
  0.208   730412.159
  0.100   730412.166
  0.765   730412.173
  0.124   730412.180
  0.108   730412.187
  0.630   730412.194
  0.111   730412.201
  0.700   730412.208
  0.101   730412.215
  0.115   730412.222
  1.077   730412.229
  0.103   730412.235
  0.514   730412.242
  0.122   730412.249
  0.117   730412.256
  0.134   730412.263
  0.110   730412.270
  0.117   730412.277
  0.120   730412.284
  0.106   730412.291
  1.064   730412.298
  0.108   730412.305
  0.116   730412.312
  0.098   730412.319
  0.103   730412.326
  0.231   730412.333
  0.225   730412.340
  0.110   730412.347
  0.114   730412.354
  0.114   730412.361
  0.088   730412.367
  0.111   730412.374
  0.093   730412.381
  0.089   730412.388
  0.098   730412.395
  0.087   730412.402
  0.376   730412.409
  0.104   730412.416
  0.106   730412.423
  0.102   730412.430
  0.890   730412.437
  0.108   730412.444
  0.134   730412.451
  0.100   730412.458
  0.103   730412.465
  0.096   730412.472
  0.868   730412.479
  0.100   730412.485
  0.090   730412.492
  0.098   730412.499
  0.102   730412.506
  0.803   730412.513
  0.773   730412.520
  0.095   730412.527
  0.103   730412.534
  0.097   730412.541
  0.090   730412.548
  0.140   730412.555
  0.101   730412.562
  0.090   730412.569
  0.862   730412.576
  0.094   730412.583
  0.118   730412.590
  0.116   730412.597
  0.629   730412.604
  0.613   730412.611
  0.093   730412.617
  0.101   730412.624
  0.098   730412.631
  0.107   730412.638
  0.904   730412.645
  0.148   730412.652
  0.610   730412.659
  0.098   730412.666
  0.078   730412.673
  0.659   730412.680
  0.093   730412.687
  0.080   730412.694
  0.086   730412.701
  0.080   730412.708
  0.195   730412.715
  0.083   730412.722
  0.047   730412.736
  0.095   730412.756
  1.166   730412.763
  0.086   730412.770
  0.094   730412.777
  0.090   730412.784
  0.482   730412.791
  1.320   730412.798
  0.087   730412.805
  0.088   730412.812
  0.095   730412.819
  0.080   730412.826
  0.162   730412.833
  0.460   730412.840
  1.005   730412.847
  0.264   730412.854
  0.392   730412.861
  0.299   730412.867
  0.194   730412.874
  0.086   730412.881
  0.126   730412.888
  1.210   730412.895
  0.119   730412.902
  1.204   730412.909
  0.667   730412.916
  2.860   730412.923
  1.471   730412.930
  1.168   730412.937
  1.319   730412.944
  1.925   730412.951
  3.771   730412.958
  3.566   730412.965
  2.703   730412.972
  1.544   730412.979
  2.826   730412.985
  2.841   730412.992
  3.351   730412.999
