  0.708   730412.001
  0.390   730412.001
  3.838   730412.008
  4.210   730412.009
  0.668   730412.015
  0.759   730412.015
  0.715   730412.022
  0.769   730412.022
  0.834   730412.029
  0.776   730412.036
  0.728   730412.036
  0.772   730412.043
  0.756   730412.044
  0.766   730412.050
  0.756   730412.050
  0.691   730412.057
  0.830   730412.063
  0.878   730412.071
  0.857   730412.077
  0.735   730412.084
  0.756   730412.091
  0.550   730412.098
  0.689   730412.098
  0.784   730412.105
  0.804   730412.106
  0.816   730412.113
  0.838   730412.113
  0.806   730412.119
  0.762   730412.119
  0.876   730412.126
  0.789   730412.126
  0.896   730412.133
  0.746   730412.140
  0.817   730412.147
  0.836   730412.147
  0.812   730412.154
  0.867   730412.155
  0.859   730412.161
  0.861   730412.161
  0.803   730412.168
  0.859   730412.168
  0.865   730412.175
  0.785   730412.188
  1.044   730412.196
  0.812   730412.202
  0.801   730412.203
  0.893   730412.209
  0.876   730412.210
  0.824   730412.216
  0.930   730412.223
  1.005   730412.230
  1.022   730412.231
  0.932   730412.238
  0.956   730412.238
  1.034   730412.244
  1.100   730412.245
  0.818   730412.251
  0.856   730412.251
  0.984   730412.258
  0.989   730412.258
  0.918   730412.265
  0.893   730412.265
  0.910   730412.272
  0.955   730412.272
  0.882   730412.279
  0.946   730412.286
  0.927   730412.286
  0.861   730412.293
  0.828   730412.293
  0.818   730412.300
  0.771   730412.300
  0.937   730412.307
  0.915   730412.307
  0.958   730412.313
  0.933   730412.314
  0.852   730412.321
  0.905   730412.322
  0.887   730412.327
  0.893   730412.328
  0.905   730412.334
  0.854   730412.335
  0.899   730412.341
  0.945   730412.342
  0.700   730412.348
  0.878   730412.349
  0.863   730412.355
  0.921   730412.363
  0.950   730412.364
  0.828   730412.369
  0.793   730412.370
  0.855   730412.376
  0.879   730412.376
  0.893   730412.383
  0.907   730412.383
  0.835   730412.390
  0.831   730412.390
  0.876   730412.397
  0.905   730412.397
  0.796   730412.405
  0.788   730412.405
  0.877   730412.411
  0.798   730412.411
  0.812   730412.418
  0.837   730412.425
  0.866   730412.425
  0.784   730412.432
  0.816   730412.432
  0.803   730412.439
  0.644   730412.439
  0.820   730412.446
  0.882   730412.447
  0.742   730412.452
  0.827   730412.453
  0.749   730412.460
  0.829   730412.460
  0.832   730412.466
  0.829   730412.467
  0.860   730412.473
  0.819   730412.474
  0.832   730412.480
  0.858   730412.481
  0.792   730412.488
  0.760   730412.489
  0.752   730412.494
  0.747   730412.494
  0.872   730412.501
  0.924   730412.501
  2.509   730412.508
  2.792   730412.508
  0.899   730412.515
  0.815   730412.515
  0.827   730412.522
  0.779   730412.522
  0.850   730412.529
  0.826   730412.536
  0.832   730412.543
  0.813   730412.543
  0.885   730412.550
  0.842   730412.550
  0.854   730412.557
  0.832   730412.557
  0.912   730412.563
  0.866   730412.564
  0.790   730412.571
  0.727   730412.572
  0.897   730412.577
  0.936   730412.584
  0.918   730412.591
  0.876   730412.598
  0.821   730412.599
  0.881   730412.605
  0.926   730412.606
  0.943   730412.613
  0.994   730412.613
  0.844   730412.619
  0.965   730412.626
  0.880   730412.633
  0.891   730412.633
  0.859   730412.640
  0.881   730412.640
  0.947   730412.647
  0.945   730412.647
  0.925   730412.654
  0.914   730412.655
  0.960   730412.661
  0.921   730412.661
  0.986   730412.668
  0.875   730412.668
  0.932   730412.675
  0.937   730412.675
  0.952   730412.681
  1.011   730412.682
  0.814   730412.688
  0.850   730412.689
  0.851   730412.696
  0.863   730412.697
  0.962   730412.702
  0.991   730412.703
  0.932   730412.709
  0.948   730412.710
  0.910   730412.716
  0.948   730412.717
  0.800   730412.723
  0.979   730412.723
  0.921   730412.758
  0.873   730412.759
  0.895   730412.765
  0.932   730412.772
  0.900   730412.773
  0.955   730412.779
  0.998   730412.780
  0.932   730412.786
  0.870   730412.793
  0.853   730412.793
  0.951   730412.799
  0.956   730412.800
  0.839   730412.806
  0.827   730412.807
  0.795   730412.813
  1.028   730412.814
  0.912   730412.821
  0.947   730412.822
  0.889   730412.827
  0.963   730412.828
  0.721   730412.834
  0.899   730412.835
  0.882   730412.841
  0.842   730412.842
  0.905   730412.848
  0.861   730412.849
  0.951   730412.855
  0.935   730412.856
  0.898   730412.863
  0.906   730412.863
  0.881   730412.869
  0.924   730412.870
  0.982   730412.876
  0.941   730412.876
  0.997   730412.883
  0.976   730412.883
  0.795   730412.890
  0.833   730412.890
  0.906   730412.897
  0.905   730412.897
  0.966   730412.904
  0.921   730412.905
  0.926   730412.911
  0.984   730412.911
  0.994   730412.918
  0.993   730412.918
  0.932   730412.925
  1.007   730412.925
  1.137   730412.932
  1.046   730412.932
  1.063   730412.938
  0.875   730412.939
  0.930   730412.946
  0.940   730412.947
  1.008   730412.952
  1.055   730412.953
  0.879   730412.959
  0.911   730412.960
  1.000   730412.966
  0.871   730412.967
  0.974   730412.973
  0.977   730412.974
  0.886   730412.980
  1.021   730412.981
  0.928   730412.988
  0.905   730412.988
  0.909   730412.994
  0.947   730412.995
