    NaN   729330.000
  1.288   729330.010
  1.346   729330.021
  1.380   729330.031
  1.292   729330.042
  1.318   729330.052
  1.388   729330.063
  1.406   729330.073
  1.386   729330.083
  1.371   729330.094
  1.278   729330.104
  1.408   729330.125
  1.517   729330.135
  1.678   729330.146
  1.377   729330.156
  1.306   729330.167
  1.381   729330.177
  1.455   729330.188
  1.271   729330.198
  1.233   729330.208
  1.246   729330.219
  1.272   729330.229
  1.290   729330.240
  1.324   729330.250
  1.299   729330.260
  1.191   729330.271
  1.286   729330.281
  1.325   729330.292
  1.290   729330.302
  1.264   729330.313
  1.310   729330.323
  1.319   729330.333
  1.381   729330.344
  1.342   729330.354
  1.240   729330.365
  1.527   729330.375
  1.387   729330.385
  1.369   729330.396
  1.285   729330.406
  1.229   729330.417
  1.127   729330.427
  1.216   729330.438
  1.153   729330.448
  1.093   729330.458
  1.143   729330.469
  1.157   729330.479
  1.180   729330.490
  1.362   729330.500
  1.405   729330.510
  1.286   729330.521
  1.334   729330.531
  1.377   729330.542
  1.370   729330.552
  1.231   729330.563
  1.309   729330.573
  1.396   729330.583
  1.320   729330.594
  1.413   729330.604
  1.344   729330.615
  1.218   729330.625
  1.202   729330.635
  1.323   729330.646
  1.189   729330.656
  1.063   729330.667
  1.345   729330.677
  1.197   729330.688
