  0.190   729931.790
  0.180   729931.800
  0.160   729931.800
  0.190   729931.810
  0.170   729931.820
  0.230   729931.820
  0.230   729931.830
  0.190   729931.840
  0.220   729931.850
  0.200   729931.850
  0.180   729931.860
  0.190   729931.870
  0.190   729931.870
  0.200   729931.880
  0.180   729931.890
  0.160   729931.890
  0.170   729931.900
  0.180   729931.910
  0.210   729931.910
  0.210   729931.920
  0.180   729931.930
  0.170   729931.940
  0.150   729931.940
  0.170   729931.950
  0.190   729931.960
  0.150   729931.960
  0.130   729931.970
  0.120   729931.980
  0.160   729931.980
