  0.210   729931.790
  0.200   729931.800
  0.120   729931.800
  0.240   729931.810
  0.140   729931.820
  0.270   729931.820
  0.260   729931.830
  0.210   729931.840
  0.240   729931.840
  0.230   729931.850
  0.180   729931.860
  0.160   729931.870
  0.190   729931.870
  0.310   729931.880
  0.640   729931.890
  0.200   729931.890
  0.200   729931.900
  0.180   729931.910
  0.260   729931.910
  0.270   729931.920
  0.180   729931.930
  0.160   729931.930
  0.140   729931.940
  0.320   729931.950
  0.250   729931.960
  0.250   729931.960
  0.220   729931.970
  0.250   729931.980
  0.300   729931.980
