  0.590   729715.060
  0.560   729715.070
  0.540   729715.080
  0.570   729715.080
  0.550   729715.090
  0.600   729715.100
  0.560   729715.100
  0.550   729715.110
  0.570   729715.120
  0.590   729715.120
  0.580   729715.130
  0.560   729715.140
  0.480   729715.150
  0.480   729715.150
  0.520   729715.160
  0.560   729715.170
  0.480   729715.170
  0.980   729715.180
  0.520   729715.190
  0.530   729715.190
  0.540   729715.200
  0.540   729715.210
  0.510   729715.210
  0.470   729715.220
  0.550   729715.230
  0.520   729715.240
  0.540   729715.240
  0.500   729715.250
  0.470   729715.260
  0.440   729715.260
  0.480   729715.270
  0.500   729715.280
  0.520   729715.280
  0.500   729715.290
  0.490   729715.300
  0.550   729715.300
  0.540   729715.310
  0.530   729715.320
  0.550   729715.330
  0.530   729715.330
  0.560   729715.340
  0.590   729715.350
  0.520   729715.350
  0.580   729715.360
  0.560   729715.370
  0.580   729715.370
  0.540   729715.380
  0.560   729715.390
  0.600   729715.400
  0.570   729715.400
  0.550   729715.410
  0.600   729715.420
  0.680   729715.420
  0.570   729715.430
  0.560   729715.440
  0.560   729715.440
  0.620   729715.450
  0.490   729715.460
  0.500   729715.460
    NaN   729715.470
    NaN   729715.480
  0.560   729715.490
  0.570   729715.490
  0.590   729715.500
  0.600   729715.510
  0.600   729715.510
  0.630   729715.520
  0.580   729715.530
  0.610   729715.530
  0.700   729715.540
  0.670   729715.550
  0.670   729715.550
  0.620   729715.560
  0.700   729715.570
  0.710   729715.580
  0.640   729715.580
  0.750   729715.590
  0.760   729715.600
  0.640   729715.600
  0.650   729715.610
  0.680   729715.620
  0.670   729715.620
  0.680   729715.630
  0.630   729715.640
  0.640   729715.650
  0.630   729715.650
  0.600   729715.660
  0.610   729715.670
  0.620   729715.670
  0.680   729715.680
  0.700   729715.690
  0.690   729715.690
  0.790   729715.700
  0.700   729715.710
  0.740   729715.710
  0.680   729715.720
  0.670   729715.730
  0.600   729715.740
  0.630   729715.740
  0.630   729715.760
  0.620   729715.770
  0.600   729715.770
  0.580   729715.780
  0.670   729715.790
  0.650   729715.790
  0.610   729715.800
  0.590   729715.810
  0.550   729715.820
  0.610   729715.820
  0.710   729715.830
  0.590   729715.840
  0.620   729715.840
  0.650   729715.850
  0.640   729715.860
  0.650   729715.860
  0.600   729715.870
  0.630   729715.880
  0.610   729715.880
  0.590   729715.890
  0.700   729715.900
  0.660   729715.910
  0.660   729715.910
  0.650   729715.920
  0.660   729715.930
  0.550   729715.930
  0.690   729715.940
  0.600   729715.950
  0.720   729715.950
  0.670   729715.960
  0.650   729715.970
    NaN   729715.970
  0.630   729715.980
  0.630   729715.990
