  1.165   730244.001
  2.867   730244.007
  2.757   730244.015
  3.273   730244.021
  2.926   730244.028
  2.669   730244.035
  2.613   730244.042
  2.999   730244.049
  3.115   730244.056
  2.924   730244.063
  3.142   730244.069
  2.896   730244.077
  2.555   730244.084
  2.975   730244.091
  2.672   730244.097
  3.317   730244.104
  2.726   730244.111
  2.864   730244.118
  3.620   730244.126
  3.063   730244.132
  3.084   730244.139
  2.716   730244.146
  2.925   730244.153
  3.277   730244.160
  3.300   730244.167
  2.780   730244.175
  3.003   730244.181
  2.991   730244.188
  3.224   730244.194
  3.166   730244.201
  3.401   730244.209
  3.402   730244.215
  3.298   730244.222
  3.112   730244.229
  3.555   730244.236
  3.366   730244.243
  3.351   730244.251
  3.173   730244.257
  3.429   730244.264
  3.455   730244.271
  3.341   730244.278
  3.101   730244.285
  3.650   730244.292
  3.723   730244.299
  3.434   730244.306
  3.603   730244.313
  3.541   730244.319
    NaN   730244.326
  3.574   730244.334
  4.053   730244.340
  3.819   730244.347
  4.273   730244.354
  3.481   730244.361
  3.562   730244.368
  3.274   730244.376
  3.357   730244.382
  3.763   730244.389
  3.934   730244.396
  3.334   730244.403
  3.654   730244.410
  3.857   730244.417
  3.627   730244.424
  3.478   730244.431
  3.462   730244.438
  3.240   730244.444
  3.116   730244.451
  3.516   730244.459
  3.514   730244.465
  3.378   730244.472
  3.492   730244.479
  3.682   730244.486
  3.502   730244.493
  4.266   730244.501
  4.148   730244.507
  4.144   730244.514
  3.277   730244.521
  3.793   730244.528
  3.781   730244.535
  3.499   730244.542
  4.168   730244.549
  3.085   730244.556
  3.592   730244.563
  3.220   730244.570
  3.685   730244.576
  4.151   730244.584
  3.963   730244.590
  3.504   730244.597
  3.659   730244.604
  3.649   730244.611
  3.712   730244.618
  3.788   730244.626
  3.538   730244.632
  4.001   730244.639
  3.538   730244.646
  3.518   730244.653
  3.272   730244.660
  3.854   730244.667
  3.529   730244.674
  3.793   730244.681
  3.850   730244.688
  3.766   730244.695
  4.779   730244.701
  3.932   730244.709
  3.608   730244.717
  3.682   730244.722
  3.120   730244.729
  2.902   730244.737
  3.440   730244.743
  3.043   730244.751
  3.510   730244.757
  3.276   730244.764
  3.545   730244.771
  3.333   730244.778
  3.347   730244.785
  3.435   730244.793
  3.624   730244.799
  3.642   730244.806
  4.402   730244.813
  3.599   730244.820
    NaN   730244.827
  4.035   730244.835
  4.002   730244.840
  4.543   730244.847
  4.741   730244.854
  4.041   730244.861
  4.438   730244.868
  3.389   730244.876
  3.722   730244.882
  4.111   730244.889
  3.952   730244.896
  4.305   730244.903
  4.422   730244.910
  4.297   730244.918
  4.152   730244.924
  4.174   730244.931
  4.278   730244.938
  4.043   730244.945
  3.616   730244.952
  3.496   730244.960
  3.582   730244.965
  3.467   730244.972
  3.920   730244.980
  4.249   730244.986
  3.860   730244.993
