  0.625   730244.001
  1.070   730244.007
  1.341   730244.014
  1.232   730244.021
  1.232   730244.028
  1.222   730244.035
  1.284   730244.042
  1.249   730244.048
  1.214   730244.055
  1.336   730244.062
  1.286   730244.069
  1.455   730244.076
  1.244   730244.084
  1.342   730244.090
  1.160   730244.097
  1.286   730244.104
  1.201   730244.111
  1.311   730244.118
  1.213   730244.125
  1.246   730244.132
  1.076   730244.139
  1.063   730244.146
  1.224   730244.153
  1.213   730244.160
  1.130   730244.167
  1.091   730244.175
  0.988   730244.180
  1.079   730244.187
  0.873   730244.194
  0.908   730244.201
  0.833   730244.209
  0.776   730244.215
  1.306   730244.222
  1.745   730244.229
  0.877   730244.236
  0.851   730244.243
  0.858   730244.250
  0.792   730244.257
  0.770   730244.264
  0.755   730244.271
  1.019   730244.278
  1.017   730244.285
  0.795   730244.292
  0.812   730244.298
  0.843   730244.305
  0.870   730244.312
  1.097   730244.319
  0.899   730244.326
  0.847   730244.334
  0.878   730244.340
  0.843   730244.347
  0.842   730244.354
  0.852   730244.361
  0.952   730244.368
  0.928   730244.375
  0.923   730244.382
  1.065   730244.389
  1.102   730244.396
  1.217   730244.403
  1.250   730244.410
  1.609   730244.417
  1.779   730244.423
  2.038   730244.430
  2.005   730244.437
  2.078   730244.444
  2.371   730244.451
  1.912   730244.459
  1.857   730244.465
  1.881   730244.472
  1.845   730244.479
  1.760   730244.486
  1.509   730244.493
  1.800   730244.500
  1.279   730244.507
  1.252   730244.514
  1.362   730244.521
  1.035   730244.528
  1.116   730244.535
  1.024   730244.542
  0.989   730244.548
  0.918   730244.555
  0.901   730244.562
  0.880   730244.569
  0.820   730244.576
  1.034   730244.584
  0.949   730244.590
  0.756   730244.597
  0.952   730244.604
  1.243   730244.611
  0.835   730244.618
  0.946   730244.625
  0.910   730244.632
  0.798   730244.639
  1.217   730244.646
  1.094   730244.653
  0.826   730244.660
  0.926   730244.667
  0.978   730244.673
  0.811   730244.680
  1.060   730244.687
  1.225   730244.694
  0.812   730244.701
  0.865   730244.709
  0.752   730244.716
  0.791   730244.722
  0.863   730244.729
  0.813   730244.736
  0.872   730244.743
  0.816   730244.750
  0.778   730244.757
  0.761   730244.764
  0.832   730244.771
  0.773   730244.778
  0.772   730244.785
  0.667   730244.792
  0.770   730244.799
  0.645   730244.805
  0.691   730244.812
  0.776   730244.819
  0.679   730244.826
  0.809   730244.834
  0.672   730244.840
  0.735   730244.847
  0.709   730244.854
  0.659   730244.861
  0.626   730244.868
  0.764   730244.875
  0.649   730244.882
  0.695   730244.889
  0.681   730244.896
  1.110   730244.903
  0.646   730244.910
  0.595   730244.917
  0.664   730244.924
  0.531   730244.930
  0.602   730244.937
  0.587   730244.944
  0.584   730244.951
  0.699   730244.959
  0.512   730244.965
    NaN   730244.972
  0.561   730244.980
  0.515   730244.986
  0.528   730244.993
