  0.197   730125.062
  0.216   730125.069
  0.189   730125.083
  0.202   730125.088
  0.181   730125.097
  0.199   730125.099
  0.198   730125.104
  0.208   730125.111
  0.208   730125.118
  0.181   730125.125
  0.203   730125.132
  0.176   730125.139
  0.180   730125.146
  0.191   730125.153
  0.196   730125.174
  0.182   730125.181
  0.188   730125.188
  0.211   730125.194
  0.197   730125.215
  0.178   730125.229
  0.169   730125.236
  0.172   730125.243
  0.192   730125.257
  0.202   730125.264
  0.192   730125.271
  0.208   730125.278
  0.181   730125.299
  0.188   730125.306
  0.160   730125.312
  0.211   730125.319
  0.187   730125.326
  0.183   730125.333
  0.190   730125.340
  0.204   730125.347
  0.196   730125.354
  0.224   730125.361
  0.207   730125.375
  0.200   730125.382
  0.200   730125.389
  0.176   730125.396
  0.168   730125.403
  0.166   730125.417
  0.191   730125.444
  0.201   730125.452
  0.187   730125.458
  0.204   730125.465
  0.182   730125.472
  0.200   730125.479
  0.191   730125.486
  0.180   730125.507
  0.188   730125.514
  0.185   730125.521
  0.196   730125.528
  0.177   730125.542
  0.195   730125.549
  0.196   730125.569
  0.214   730125.576
  0.179   730125.597
  0.185   730125.604
  0.175   730125.611
  0.184   730125.618
  0.178   730125.625
  0.199   730125.632
  0.196   730125.646
  0.185   730125.653
  0.201   730125.667
  0.181   730125.681
  0.176   730125.688
  0.174   730125.694
  0.194   730125.708
  0.205   730125.715
  0.207   730125.722
  0.192   730125.729
  0.192   730125.736
  0.214   730125.743
  0.179   730125.750
  0.200   730125.764
  0.193   730125.771
  0.204   730125.792
  0.198   730125.799
  0.193   730125.806
  0.201   730125.819
  0.202   730125.826
  0.223   730125.833
  0.201   730125.840
  0.191   730125.847
  0.188   730125.854
  0.202   730125.861
  0.207   730125.868
  0.198   730125.875
  0.222   730125.882
  0.245   730125.890
  0.228   730125.896
  0.226   730125.903
  0.200   730125.917
  0.184   730125.924
  0.201   730125.931
  0.194   730125.938
  0.223   730125.944
  0.221   730125.965
  0.209   730125.972
  0.223   730125.986
