  0.444   730489.065
  0.435   730489.071
  0.481   730489.078
  0.462   730489.085
  0.421   730489.092
  0.426   730489.099
  0.511   730489.106
  0.496   730489.113
  0.451   730489.119
  0.470   730489.126
  0.442   730489.133
  0.495   730489.140
  0.498   730489.147
  0.511   730489.154
  0.467   730489.161
  0.464   730489.175
  0.478   730489.182
  0.478   730125.049
  0.504   730125.056
  0.538   730125.063
  0.488   730125.070
  0.499   730125.077
  0.461   730125.090
  0.508   730125.099
  0.531   730125.105
  0.465   730125.112
  0.490   730125.119
  0.521   730125.126
  0.464   730125.133
  0.504   730125.140
  0.410   730125.147
  0.455   730125.153
  0.509   730125.160
  0.516   730125.167
  0.498   730125.174
  0.500   730125.181
  0.430   730125.188
  0.513   730125.195
  0.484   730125.202
  0.542   730125.209
  0.477   730125.216
  0.510   730125.223
  0.559   730125.230
  0.446   730125.237
  0.523   730125.244
  0.540   730125.251
  0.451   730125.258
  0.554   730125.265
  0.523   730125.272
  0.580   730125.278
  0.496   730125.285
  0.474   730125.292
  0.513   730125.299
  0.529   730125.306
  0.519   730125.313
  0.512   730125.320
  0.555   730125.327
  0.789   730125.334
  0.502   730125.341
  0.475   730125.348
  0.571   730125.355
  0.598   730125.362
  0.507   730125.369
  0.557   730125.376
  0.533   730125.383
  0.553   730125.390
  0.539   730125.397
  0.569   730125.403
    NaN   730125.410
  0.486   730125.417
  0.979   730125.424
  0.527   730125.431
  0.490   730125.438
  0.532   730125.445
  0.553   730125.453
  0.605   730125.459
  0.560   730125.466
  0.596   730125.473
  0.547   730125.480
  0.626   730125.487
  0.586   730125.494
  0.581   730125.501
  0.554   730125.508
  0.560   730125.515
  0.562   730125.522
  0.515   730125.528
  0.575   730125.535
  0.584   730125.542
  0.605   730125.549
  0.619   730125.556
  0.612   730125.563
  0.573   730125.570
  0.582   730125.577
  0.569   730125.584
  0.566   730125.591
  0.608   730125.598
  0.599   730125.605
  0.591   730125.612
  0.589   730125.619
  0.568   730125.626
  0.592   730125.633
  0.592   730125.640
  0.626   730125.647
  0.587   730125.653
  0.592   730125.660
  0.650   730125.667
  0.518   730125.674
  0.533   730125.681
  0.647   730125.688
  0.634   730125.695
  0.626   730125.702
  0.596   730125.709
  0.607   730125.716
  0.511   730125.723
  0.657   730125.730
  0.612   730125.737
  0.586   730125.744
  0.596   730125.751
  0.576   730125.758
  0.655   730125.765
  0.564   730125.772
  0.568   730125.778
  0.640   730125.785
  0.613   730125.792
  0.643   730125.799
  0.562   730125.806
  0.661   730125.813
  0.578   730125.820
  0.686   730125.827
  0.597   730125.834
  0.568   730125.841
  0.595   730125.848
  0.608   730125.855
  0.676   730125.862
  0.658   730125.869
  0.642   730125.876
  0.649   730125.883
  0.667   730125.890
  0.521   730125.897
  0.659   730125.903
    NaN   730125.910
  0.663   730125.917
  0.703   730125.924
  0.605   730125.931
  0.585   730125.938
  0.620   730125.945
  0.615   730125.952
  0.621   730125.959
  0.602   730125.966
  0.663   730125.973
  0.627   730125.980
  0.652   730125.987
  0.580   730125.994
