  0.097   730343.001
  0.006   730343.001
  0.056   730343.001
  0.096   730343.008
  0.098   730343.014
  0.087   730343.021
  0.089   730343.028
  0.087   730343.035
  0.083   730343.042
  0.094   730343.049
  0.089   730343.056
  0.097   730343.063
  0.090   730343.070
  0.087   730343.077
  0.097   730343.084
  0.105   730343.091
  0.100   730343.098
  0.094   730343.105
  0.103   730343.112
  0.114   730343.119
  0.133   730343.126
  0.113   730343.133
  0.147   730343.140
  0.111   730343.146
  0.107   730343.153
  0.112   730343.160
  0.106   730343.167
  0.089   730343.174
  0.112   730343.181
  0.102   730343.188
  0.094   730343.195
  0.129   730343.202
  0.103   730343.209
  0.088   730343.216
  0.091   730343.223
  0.102   730343.230
  0.099   730343.237
  0.100   730343.244
  0.098   730343.251
  0.090   730343.258
  0.096   730343.264
  0.092   730343.272
  0.083   730343.278
  0.086   730343.285
  0.091   730343.292
  0.080   730343.299
  0.075   730343.306
  0.101   730343.313
  0.100   730343.320
  0.081   730343.327
  0.094   730343.334
  0.094   730343.341
  0.085   730343.348
  0.083   730343.355
  0.091   730343.362
  0.085   730343.369
  0.087   730343.376
  0.092   730343.383
  0.096   730343.389
  0.089   730343.396
  0.109   730343.403
  0.107   730343.410
  0.097   730343.417
  8.655   730343.424
  0.110   730343.431
  0.105   730343.438
  0.104   730343.445
  0.112   730343.452
  0.100   730343.459
  0.100   730343.466
  0.108   730343.473
  0.108   730343.480
  0.109   730343.487
  0.113   730343.494
  0.114   730343.501
  0.100   730343.508
  0.122   730343.515
  0.122   730343.522
  0.118   730343.529
  0.098   730343.535
  0.113   730343.542
  0.109   730343.549
  0.143   730343.556
  0.147   730343.563
  0.148   730343.570
  0.149   730343.577
  0.152   730343.584
  0.125   730343.591
  0.126   730343.598
  0.132   730343.605
  0.163   730343.612
  0.135   730343.619
  0.138   730343.626
  0.142   730343.633
  0.143   730343.639
  0.137   730343.646
  0.121   730343.653
  0.122   730343.660
  0.104   730343.667
  0.093   730343.674
  0.107   730343.681
  0.096   730343.688
  0.101   730343.695
  0.085   730343.702
  0.099   730343.709
  0.103   730343.716
  0.125   730343.723
  0.145   730343.730
  0.125   730343.737
  0.124   730343.744
  0.110   730343.751
  0.102   730343.758
  0.103   730343.764
  0.103   730343.771
  0.103   730343.778
  0.119   730343.785
  0.118   730343.792
  0.118   730343.799
  0.127   730343.806
  0.132   730343.813
  0.131   730343.820
  0.130   730343.827
  0.116   730343.834
  0.119   730343.841
  0.177   730343.848
  0.118   730343.855
  0.121   730343.862
  0.121   730343.869
  0.144   730343.876
  0.150   730343.883
  0.158   730343.890
  0.148   730343.897
  0.117   730343.903
  0.146   730343.910
  0.140   730343.917
  7.765   730343.924
  0.109   730343.931
  0.145   730343.938
  0.138   730343.945
  0.119   730343.952
  0.122   730343.959
  0.123   730343.966
  0.120   730343.973
  0.129   730343.980
  0.128   730343.987
  0.125   730343.994
