  0.089   730343.006
  0.162   730343.006
  0.113   730343.013
  0.149   730343.013
  0.168   730343.020
  0.053   730343.027
  0.153   730343.027
  0.149   730343.034
  0.195   730343.034
  0.152   730343.041
  0.175   730343.048
  0.117   730343.048
  0.142   730343.055
  0.148   730343.062
  0.164   730343.062
  0.178   730343.069
  0.084   730343.076
  0.239   730343.076
  0.180   730343.083
  0.004   730343.090
  0.153   730343.090
  0.162   730343.097
  0.067   730343.097
  0.187   730343.104
  0.183   730343.110
  0.153   730343.110
  0.174   730343.117
  0.155   730343.124
  0.166   730343.124
  0.169   730343.131
  0.056   730343.138
  0.225   730343.138
  0.194   730343.145
  0.137   730343.145
  0.219   730343.152
  0.217   730343.159
  0.225   730343.166
  0.068   730343.173
  0.171   730343.173
  0.223   730343.173
  0.220   730343.180
  0.124   730343.180
  0.275   730343.187
  0.239   730343.194
  0.244   730343.194
  0.572   730343.201
  0.134   730343.208
  0.274   730343.208
  0.245   730343.215
  0.088   730343.215
  0.250   730343.222
  0.261   730343.229
  0.203   730343.229
  0.273   730343.235
  0.233   730343.242
  0.270   730343.242
  0.284   730343.249
  0.147   730343.256
  0.291   730343.256
  0.318   730343.263
  0.071   730343.270
  0.248   730343.270
  0.272   730343.277
  0.086   730343.284
  0.277   730343.284
  0.247   730343.291
  0.063   730343.291
  0.229   730343.298
  0.285   730343.305
  0.072   730343.305
  0.244   730343.312
  0.242   730343.319
  0.612   730343.326
  0.240   730343.326
  0.207   730343.333
  0.201   730343.340
  0.241   730343.340
  0.205   730343.347
  0.241   730343.354
  0.193   730343.354
  0.365   730343.360
  0.517   730343.367
  0.106   730343.374
  0.195   730343.374
  0.981   730343.381
  0.167   730343.388
  0.184   730343.388
  0.202   730343.395
  0.215   730343.402
  0.146   730343.409
  0.512   730343.409
  0.209   730343.416
  0.876   730343.423
  0.175   730343.423
  0.212   730343.430
  0.205   730343.437
  0.108   730343.444
  0.462   730343.444
  0.251   730343.451
  0.203   730343.458
  0.205   730343.458
  0.215   730343.465
  0.232   730343.472
  0.239   730343.479
  0.194   730343.479
  0.204   730343.485
  0.289   730343.492
  0.130   730343.492
  0.239   730343.499
  0.370   730343.506
  0.222   730343.513
  0.462   730343.513
  0.197   730343.520
  0.368   730343.527
  0.103   730343.534
  0.212   730343.534
  0.228   730343.541
  0.207   730343.548
  0.098   730343.548
  0.205   730343.555
  0.308   730343.562
  0.218   730343.569
  0.200   730343.569
  0.381   730343.576
  0.212   730343.583
  0.120   730343.590
  0.193   730343.590
  0.208   730343.597
  0.229   730343.604
  0.084   730343.604
  0.219   730343.610
  0.192   730343.617
  1.081   730343.624
  0.149   730343.624
  0.185   730343.631
  0.207   730343.638
  0.237   730343.645
  0.196   730343.645
  0.190   730343.652
  0.199   730343.659
  0.196   730343.666
  0.129   730343.666
  0.185   730343.673
  0.230   730343.680
  0.272   730343.687
  0.265   730343.687
  0.215   730343.694
  0.241   730343.701
  0.124   730343.708
  0.204   730343.708
  0.247   730343.715
  0.217   730343.722
  0.114   730343.722
  0.237   730343.729
  0.265   730343.735
  0.181   730343.742
  0.232   730343.742
  0.213   730343.749
  0.253   730343.756
  0.111   730343.756
  0.215   730343.763
  0.231   730343.770
  0.181   730343.777
  0.201   730343.784
  0.080   730343.791
  0.212   730343.791
  0.195   730343.798
  0.104   730343.805
  0.206   730343.805
  0.224   730343.812
  0.057   730343.812
  0.224   730343.819
  0.228   730343.826
  0.109   730343.826
  0.185   730343.833
  0.189   730343.840
  0.177   730343.840
  0.182   730343.847
  0.106   730343.854
  0.175   730343.854
  0.195   730343.860
  0.026   730343.867
  0.193   730343.867
  0.238   730343.874
  0.133   730343.874
  0.225   730343.881
  0.105   730343.888
  0.182   730343.888
  0.187   730343.895
  0.074   730343.895
  0.183   730343.902
  0.242   730343.909
  0.142   730343.909
  0.198   730343.916
  0.122   730343.923
  0.201   730343.923
  0.200   730343.930
  0.103   730343.937
  0.235   730343.937
  0.227   730343.944
  0.175   730343.944
  0.342   730343.951
  0.261   730343.958
  0.256   730343.958
  0.267   730343.965
  0.109   730343.972
  0.293   730343.972
  0.364   730343.979
  0.240   730343.979
  0.315   730343.985
  0.174   730343.992
  0.386   730343.992
  1.790   730343.999
  0.184   730343.999
