  0.014   730343.006
  0.018   730343.006
  0.018   730343.013
  0.020   730343.013
  0.019   730343.020
  0.007   730343.027
  0.018   730343.027
  0.019   730343.034
  0.010   730343.034
  0.018   730343.041
  0.019   730343.048
  0.013   730343.048
  0.017   730343.055
  0.018   730343.062
  0.021   730343.062
  0.019   730343.069
  0.014   730343.076
  0.018   730343.076
  0.018   730343.083
  0.002   730343.090
  0.018   730343.090
  0.017   730343.097
  0.014   730343.097
  0.018   730343.104
  0.018   730343.110
  0.019   730343.110
  0.017   730343.117
  0.013   730343.124
  0.019   730343.124
  0.020   730343.131
  0.010   730343.138
  0.018   730343.138
  0.022   730343.145
  0.011   730343.145
  0.021   730343.152
  0.023   730343.159
  0.023   730343.166
  0.011   730343.173
  0.018   730343.173
  0.026   730343.173
  0.027   730343.180
  0.015   730343.180
  0.026   730343.187
  0.029   730343.194
  0.030   730343.194
  0.077   730343.201
  0.019   730343.208
  0.030   730343.208
  0.026   730343.215
  0.012   730343.215
  0.026   730343.222
  0.031   730343.229
  0.021   730343.229
  0.034   730343.235
  0.028   730343.242
  0.027   730343.242
  0.031   730343.249
  0.017   730343.256
  0.031   730343.256
  0.026   730343.263
  0.015   730343.270
  0.028   730343.270
  0.030   730343.277
  0.012   730343.284
  0.027   730343.284
  0.028   730343.291
  0.007   730343.291
  0.028   730343.298
  0.029   730343.305
  0.013   730343.305
  0.029   730343.312
  0.027   730343.319
  0.093   730343.326
  0.031   730343.326
  0.024   730343.333
  0.031   730343.340
  0.025   730343.340
  0.024   730343.347
  0.021   730343.354
  0.019   730343.354
  0.019   730343.360
  0.027   730343.367
  0.015   730343.374
  0.026   730343.374
  0.024   730343.381
  0.024   730343.388
  0.026   730343.388
  0.025   730343.395
  0.023   730343.402
  0.015   730343.409
  0.026   730343.409
  0.024   730343.416
  0.025   730343.423
  0.019   730343.423
  0.026   730343.430
  0.027   730343.437
  0.016   730343.444
  0.028   730343.444
  0.029   730343.451
  0.029   730343.458
  0.027   730343.458
  0.029   730343.465
  0.025   730343.472
  0.021   730343.479
  0.029   730343.479
  0.029   730343.485
  0.029   730343.492
  0.017   730343.492
  0.030   730343.499
  0.028   730343.506
  0.026   730343.513
  0.035   730343.513
  0.029   730343.520
  0.032   730343.527
  0.015   730343.534
  0.030   730343.534
  0.029   730343.541
  0.026   730343.548
  0.011   730343.548
  0.025   730343.555
  0.023   730343.562
  0.032   730343.569
  0.026   730343.569
  0.028   730343.576
  0.024   730343.583
  0.014   730343.590
  0.027   730343.590
  0.023   730343.597
  0.025   730343.604
  0.011   730343.604
  0.023   730343.610
  0.022   730343.617
  0.021   730343.624
  0.021   730343.624
  0.023   730343.631
  0.024   730343.638
  0.024   730343.645
  0.022   730343.645
  0.019   730343.652
  0.021   730343.659
  0.024   730343.666
  0.018   730343.666
  0.020   730343.673
  0.022   730343.680
  0.020   730343.687
  0.022   730343.687
  0.023   730343.694
  0.023   730343.701
  0.017   730343.708
  0.019   730343.708
  0.028   730343.715
  0.025   730343.722
  0.015   730343.722
  0.022   730343.729
  0.023   730343.735
  0.016   730343.742
  0.026   730343.742
  0.025   730343.749
  0.023   730343.756
  0.018   730343.756
  0.023   730343.763
  0.027   730343.770
  0.025   730343.777
  0.022   730343.784
  0.010   730343.791
  0.025   730343.791
  0.023   730343.798
  0.015   730343.805
  0.021   730343.805
  0.025   730343.812
  0.007   730343.812
  0.022   730343.819
  0.019   730343.826
  0.021   730343.826
  0.022   730343.833
  0.019   730343.840
  0.016   730343.840
  0.022   730343.847
  0.013   730343.854
  0.024   730343.854
  0.020   730343.860
  0.003   730343.867
  0.021   730343.867
  0.023   730343.874
  0.011   730343.874
  0.018   730343.881
  0.012   730343.888
  0.018   730343.888
  0.020   730343.895
  0.012   730343.895
  0.019   730343.902
  0.018   730343.909
  0.019   730343.909
  0.023   730343.916
  0.015   730343.923
  0.019   730343.923
  0.020   730343.930
  0.016   730343.937
  0.023   730343.937
  0.023   730343.944
  0.019   730343.944
  0.026   730343.951
  0.020   730343.958
  0.023   730343.958
  0.027   730343.965
  0.012   730343.972
  0.031   730343.972
  0.031   730343.979
  0.024   730343.979
  0.032   730343.985
  0.020   730343.992
  0.031   730343.992
  0.031   730343.999
  0.016   730343.999
