  0.791   730308.001
  0.562   730308.007
  0.497   730308.014
  0.517   730308.021
  0.506   730308.028
  0.536   730308.035
  0.533   730308.042
  0.543   730308.048
  0.470   730308.056
  0.569   730308.062
  0.516   730308.069
  0.530   730308.076
  0.495   730308.083
  0.483   730308.090
  0.475   730308.097
  0.453   730308.104
  0.492   730308.111
  1.169   730308.118
  0.464   730308.125
  0.509   730308.132
  0.516   730308.139
  0.541   730308.146
  0.570   730308.153
  0.507   730308.160
  0.464   730308.167
  0.502   730308.174
  0.472   730308.180
  0.492   730308.187
  0.506   730308.194
  0.518   730308.201
  0.484   730308.208
  0.453   730308.215
  0.469   730308.222
  0.505   730308.229
  0.459   730308.236
  0.436   730308.243
  0.516   730308.250
  0.440   730308.257
  0.464   730308.264
  2.381   730308.271
  0.436   730308.278
  0.430   730308.285
  0.507   730308.292
  0.434   730308.298
  0.465   730308.306
  0.482   730308.312
  0.517   730308.319
  0.446   730308.326
  0.455   730308.333
  0.442   730308.340
  0.479   730308.347
  0.446   730308.354
  0.476   730308.361
  0.480   730308.368
  0.464   730308.375
  0.488   730308.382
  2.418   730308.389
  0.453   730308.396
  0.382   730308.403
  0.407   730308.410
  0.418   730308.417
  0.420   730308.423
  0.429   730308.430
  0.406   730308.437
  0.414   730308.444
  0.443   730308.451
  0.412   730308.458
 19.904   730308.465
  0.371   730308.472
  0.412   730308.479
  0.416   730308.486
  0.378   730308.493
  0.411   730308.500
  0.381   730308.507
  0.373   730308.514
  0.369   730308.521
  0.420   730308.528
  0.368   730308.535
  0.428   730308.542
  0.420   730308.549
  0.415   730308.555
  0.392   730308.562
  0.384   730308.569
  0.468   730308.576
  0.375   730308.583
  0.380   730308.590
  0.379   730308.597
  0.384   730308.604
  0.407   730308.611
  0.399   730308.618
  0.384   730308.625
  0.369   730308.632
  0.380   730308.639
  0.378   730308.646
  0.360   730308.653
  0.439   730308.660
  0.400   730308.667
  0.370   730308.674
  0.417   730308.681
  0.403   730308.688
  0.407   730308.694
  0.377   730308.701
  0.927   730308.708
  0.362   730308.715
  0.329   730308.722
  0.318   730308.729
  0.342   730308.736
  0.340   730308.743
  0.385   730308.750
  0.345   730308.757
  0.335   730308.764
  0.328   730308.771
  0.337   730308.778
  0.342   730308.785
  0.652   730308.792
  0.470   730308.799
  0.345   730308.805
  0.279   730308.813
  0.335   730308.819
  0.313   730308.826
  0.331   730308.833
  0.305   730308.841
  0.316   730308.847
  0.327   730308.854
  0.298   730308.861
  0.290   730308.868
  0.319   730308.875
  0.307   730308.882
  0.332   730308.889
  0.312   730308.896
  0.298   730308.903
  0.284   730308.910
  0.300   730308.917
  0.311   730308.924
  0.331   730308.930
  0.283   730308.938
  0.259   730308.944
  0.321   730308.953
  0.288   730308.959
 23.635   730308.966
  0.245   730308.973
  0.287   730308.979
  0.298   730308.986
  0.257   730308.993
