  0.071   730308.001
  0.311   730308.007
  0.346   730308.014
  0.350   730308.021
  0.327   730308.028
  0.322   730308.035
  0.324   730308.042
  0.321   730308.048
  0.369   730308.056
  0.304   730308.062
  0.309   730308.069
  0.310   730308.076
  0.289   730308.083
  0.318   730308.090
  0.335   730308.097
  0.338   730308.104
  0.317   730308.111
  0.309   730308.118
  0.295   730308.125
  0.314   730308.132
  0.264   730308.139
  0.286   730308.146
  0.319   730308.153
  0.272   730308.160
  0.274   730308.167
  0.326   730308.174
  0.288   730308.180
  0.279   730308.187
  0.274   730308.194
  0.289   730308.201
  0.283   730308.208
  0.262   730308.215
  0.280   730308.222
  0.314   730308.229
  0.266   730308.236
  0.289   730308.243
  0.292   730308.250
  0.304   730308.257
  0.297   730308.264
  0.301   730308.271
  0.268   730308.278
  0.284   730308.285
  0.260   730308.292
  0.316   730308.298
  0.279   730308.306
  0.289   730308.312
  0.283   730308.319
  0.293   730308.326
  0.244   730308.333
  0.300   730308.340
  0.319   730308.347
  0.258   730308.354
  0.260   730308.361
  0.259   730308.368
  0.291   730308.375
  0.271   730308.382
  0.202   730308.389
  0.253   730308.396
  0.244   730308.403
  0.245   730308.410
  0.225   730308.417
  0.235   730308.423
  0.223   730308.430
  0.263   730308.437
  0.254   730308.444
  0.235   730308.451
  0.244   730308.458
  0.235   730308.465
  0.243   730308.472
  8.010   730308.479
  0.269   730308.486
  0.225   730308.493
  0.238   730308.500
  0.234   730308.507
  0.220   730308.514
  0.220   730308.521
  0.214   730308.528
  0.207   730308.535
  0.212   730308.542
  0.235   730308.549
  0.232   730308.555
  0.216   730308.562
  0.218   730308.569
  0.208   730308.576
  0.222   730308.583
  0.226   730308.590
  0.208   730308.597
  0.197   730308.604
  0.210   730308.611
  0.203   730308.618
  0.213   730308.625
  0.203   730308.632
  0.223   730308.639
  0.207   730308.646
  0.216   730308.653
  0.246   730308.660
  0.223   730308.667
  0.232   730308.674
  0.226   730308.681
  0.192   730308.688
  0.205   730308.694
  0.184   730308.701
  0.201   730308.708
  0.184   730308.715
  0.176   730308.722
  0.186   730308.729
  0.201   730308.736
  0.189   730308.743
  0.182   730308.750
  0.201   730308.757
  0.187   730308.764
  0.166   730308.771
  0.160   730308.778
  0.155   730308.785
  0.652   730308.792
  0.402   730308.799
  0.172   730308.805
  0.168   730308.813
  0.157   730308.819
  0.168   730308.826
  0.156   730308.833
  0.168   730308.841
  0.144   730308.847
  0.144   730308.854
  0.137   730308.861
  0.152   730308.868
  0.157   730308.875
  0.157   730308.882
  0.142   730308.889
  0.135   730308.896
  0.175   730308.903
  0.152   730308.910
  0.124   730308.917
  0.134   730308.924
  0.128   730308.930
  0.141   730308.938
  0.134   730308.944
  0.129   730308.953
  0.122   730308.959
  0.130   730308.966
  0.125   730308.973
  5.284   730308.979
  0.123   730308.986
  0.129   730308.993
