  0.648   730192.001
  0.526   730192.008
  0.539   730192.015
  0.582   730192.022
  0.549   730192.029
  0.479   730192.037
  0.587   730192.043
  0.506   730192.050
  0.512   730192.057
  0.488   730192.064
  0.505   730192.072
  0.447   730192.079
  0.432   730192.085
  0.411   730192.092
  0.478   730192.099
  0.471   730192.106
  0.461   730192.113
  0.455   730192.121
  0.478   730192.127
  0.467   730192.133
  0.453   730192.141
  0.479   730192.147
  0.442   730192.155
  0.520   730192.162
  0.551   730192.169
  0.491   730192.175
  0.519   730192.183
  0.543   730192.189
  0.571   730192.196
  0.652   730192.204
  0.565   730192.210
  0.631   730192.217
  0.596   730192.224
  0.580   730192.231
  0.638   730192.238
  0.665   730192.246
  0.652   730192.251
  0.698   730192.258
  0.644   730192.265
  0.682   730192.272
  0.713   730192.279
  0.701   730192.287
  0.615   730192.293
  0.717   730192.300
  0.640   730192.307
  0.726   730192.314
  0.656   730192.322
  0.702   730192.331
  0.675   730192.336
  0.677   730192.342
  0.724   730192.349
  0.635   730192.356
  0.648   730192.363
  0.600   730192.371
  0.636   730192.377
  0.568   730192.384
  0.703   730192.391
  0.733   730192.397
  0.657   730192.404
  0.719   730192.412
  0.708   730192.418
  0.726   730192.425
  0.810   730192.432
  0.839   730192.439
  0.882   730192.446
  0.825   730192.455
  0.754   730192.460
  0.963   730192.467
  0.979   730192.474
  0.988   730192.481
  1.028   730192.488
  2.583   730192.496
 11.324   730192.501
  0.005   730192.508
  0.000   730192.515
  0.000   730192.522
  0.000   730192.530
  0.000   730192.537
  0.000   730192.544
  0.000   730192.551
  0.000   730192.557
  0.000   730192.564
  0.000   730192.571
  0.000   730192.578
  0.000   730192.585
  0.000   730192.592
  0.000   730192.599
  0.000   730192.606
  0.000   730192.613
  4.816   730192.621
  1.089   730192.626
  1.297   730192.633
  1.471   730192.640
  1.417   730192.647
  1.305   730192.654
  1.502   730192.663
  1.312   730192.668
  1.477   730192.675
  1.531   730192.682
  1.365   730192.689
  1.322   730192.696
  1.135   730192.705
  1.145   730192.710
  0.996   730192.717
  1.040   730192.724
  0.990   730192.731
  1.102   730192.738
  0.900   730192.746
  1.011   730192.752
  1.008   730192.759
  0.992   730192.766
  1.117   730192.773
  1.002   730192.779
  0.984   730192.787
  1.060   730192.794
  0.904   730192.800
  0.881   730192.807
  0.928   730192.814
  0.973   730192.821
  0.920   730192.829
  0.922   730192.835
  0.898   730192.842
  0.874   730192.849
  1.038   730192.856
  1.044   730192.863
    NaN   730192.871
  0.722   730192.876
  0.811   730192.883
  0.959   730192.890
  0.767   730192.899
  0.769   730192.904
  0.757   730192.912
  0.790   730192.918
  0.699   730192.926
  0.726   730192.932
  0.608   730192.939
  0.784   730192.947
  0.977   730192.954
  0.789   730192.960
  0.805   730192.967
  0.815   730192.974
  0.854   730192.981
  0.749   730192.988
  0.929   730192.996
