  0.416   730192.001
  0.430   730192.008
  0.438   730192.015
  0.366   730192.022
  0.374   730192.028
  0.387   730192.036
  0.345   730192.042
  0.297   730192.049
  0.379   730192.056
  0.409   730192.063
  0.424   730192.070
  0.458   730192.078
  0.475   730192.084
  0.474   730192.091
  0.438   730192.098
  0.419   730192.105
  0.391   730192.112
  0.329   730192.120
  0.335   730192.126
  0.307   730192.133
  0.291   730192.140
  0.301   730192.147
  0.305   730192.153
  0.329   730192.162
  0.338   730192.167
  0.357   730192.174
  0.365   730192.181
  0.379   730192.188
  0.355   730192.195
  0.378   730192.203
  0.366   730192.209
  0.316   730192.216
  0.292   730192.223
  0.307   730192.230
  0.250   730192.237
  0.260   730192.245
  0.257   730192.251
  0.217   730192.258
  0.206   730192.265
  0.200   730192.272
  0.220   730192.278
  0.210   730192.286
  0.203   730192.292
  0.188   730192.299
  0.198   730192.306
  0.185   730192.313
  0.186   730192.320
  0.170   730192.329
  0.181   730192.335
  0.177   730192.341
  0.170   730192.348
  0.152   730192.355
  0.149   730192.362
  0.170   730192.370
  0.150   730192.376
  0.163   730192.383
  0.181   730192.390
  0.179   730192.397
  0.148   730192.403
  0.148   730192.412
  0.151   730192.417
  0.143   730192.424
  0.148   730192.431
  0.129   730192.438
  0.134   730192.445
  0.138   730192.454
  0.123   730192.459
  0.142   730192.466
    NaN   730192.473
  0.134   730192.480
  0.138   730192.487
  0.142   730192.494
  0.148   730192.501
  0.127   730192.508
  0.152   730192.515
  0.132   730192.522
  0.144   730192.528
  0.165   730192.537
  0.165   730192.542
  0.163   730192.549
  0.169   730192.556
  0.172   730192.563
  0.172   730192.570
  0.183   730192.578
  0.174   730192.584
  0.193   730192.591
  0.180   730192.598
  0.187   730192.605
  0.178   730192.612
  0.168   730192.620
  0.170   730192.626
  0.178   730192.633
  0.176   730192.640
  0.154   730192.647
  0.167   730192.653
  0.184   730192.662
  0.168   730192.667
  0.142   730192.674
  0.173   730192.681
  0.190   730192.688
  0.189   730192.695
  0.163   730192.703
  0.187   730192.709
  0.182   730192.716
  0.204   730192.723
  0.210   730192.730
  0.254   730192.737
  0.202   730192.745
  0.211   730192.751
  0.242   730192.758
  0.250   730192.765
  0.286   730192.772
  4.548   730192.778
  0.692   730192.787
  3.827   730192.792
  3.629   730192.799
  0.309   730192.806
  6.678   730192.813
  0.013   730192.820
  0.015   730192.828
  0.019   730192.834
  0.014   730192.841
  0.498   730192.848
  0.310   730192.855
  0.346   730192.862
  0.319   730192.870
  0.398   730192.876
  0.408   730192.883
  0.422   730192.890
  0.418   730192.897
  0.445   730192.903
  0.427   730192.912
  0.451   730192.917
  0.437   730192.924
  0.421   730192.931
  0.481   730192.938
  0.431   730192.945
  0.424   730192.953
  0.445   730192.959
  0.426   730192.966
    NaN   730192.973
  0.412   730192.980
  0.455   730192.987
  0.351   730192.995
