  0.649   730215.000
  0.659   730215.083
  0.644   730215.090
  0.567   730215.097
  0.585   730215.104
  0.624   730215.111
  0.557   730215.118
  0.524   730215.125
  0.554   730215.132
  0.577   730215.139
  0.621   730215.146
  0.610   730215.153
  0.603   730215.159
  0.623   730215.167
  0.563   730215.173
  0.551   730215.180
  0.511   730215.187
  0.670   730215.194
  0.588   730215.201
  0.605   730215.209
  0.587   730215.215
  0.593   730215.222
  0.586   730215.229
  0.618   730215.236
  0.613   730215.243
  0.588   730215.250
  0.614   730215.257
  0.605   730215.264
  0.635   730215.271
  0.601   730215.278
  0.678   730215.285
  0.605   730215.292
  0.655   730215.298
  0.602   730215.305
  0.582   730215.312
  0.614   730215.319
  0.689   730215.326
  0.578   730215.334
  0.618   730215.340
  0.655   730215.347
  0.657   730215.354
  0.687   730215.361
  0.644   730215.368
  0.399   730215.375
  0.694   730215.382
  0.621   730215.389
  0.624   730215.396
  0.696   730215.403
  0.750   730215.410
  0.683   730215.417
  0.659   730215.423
  0.679   730215.430
    NaN   730215.437
  0.722   730215.444
  0.723   730215.451
  0.666   730215.459
  0.722   730215.465
  2.198   730215.472
  2.117   730215.479
  0.711   730215.486
  0.645   730215.493
  0.745   730215.500
  0.731   730215.507
  0.673   730215.514
  0.669   730215.521
  0.736   730215.528
  0.739   730215.534
  0.701   730215.542
  0.743   730215.548
  0.748   730215.555
  0.724   730215.562
  0.679   730215.569
  0.650   730215.577
  0.735   730215.583
  0.666   730215.590
  0.687   730215.597
  0.697   730215.604
  0.665   730215.611
  0.693   730215.618
  0.783   730215.625
  0.652   730215.632
  0.770   730215.639
  0.650   730215.646
  0.722   730215.653
  0.711   730215.660
  0.680   730215.667
  0.699   730215.677
  0.762   730215.681
  0.782   730215.687
  0.713   730215.694
  0.814   730215.701
  0.678   730215.709
  0.720   730215.715
  0.715   730215.722
  0.690   730215.729
  0.759   730215.736
  0.730   730215.743
  0.698   730215.750
  0.644   730215.758
  0.659   730215.764
  0.608   730215.771
  0.758   730215.778
  0.623   730215.785
  0.653   730215.792
  0.706   730215.798
  0.637   730215.805
  0.775   730215.812
  0.734   730215.819
  0.788   730215.826
  0.762   730215.834
  0.758   730215.840
  0.714   730215.847
  0.772   730215.854
  0.733   730215.861
  0.804   730215.868
  0.901   730215.875
  0.800   730215.882
  0.821   730215.889
  0.832   730215.896
  0.731   730215.903
  0.861   730215.910
  0.889   730215.917
  0.806   730215.923
  0.912   730215.930
    NaN   730215.937
  0.716   730215.944
  0.838   730215.951
  0.831   730215.959
  0.693   730215.965
  0.722   730215.972
  0.785   730215.979
  0.741   730215.986
  0.771   730215.993
