  1.446   730215.086
  1.524   730215.091
  1.304   730215.098
  1.383   730215.105
  1.320   730215.112
  1.431   730215.119
  1.286   730215.127
  1.311   730215.133
  1.473   730215.140
  1.329   730215.147
  1.611   730215.154
  1.520   730215.161
  1.517   730215.169
  1.536   730215.175
  1.328   730215.182
  1.389   730215.189
  1.458   730215.196
  1.396   730215.203
  1.517   730215.211
  1.443   730215.216
  1.346   730215.223
  1.673   730215.230
  1.518   730215.237
  1.312   730215.246
  1.690   730215.252
  1.543   730215.258
  1.695   730215.265
  1.634   730215.272
  1.792   730215.279
  1.615   730215.286
  1.979   730215.294
  1.808   730215.300
  1.471   730215.307
  1.792   730215.313
  1.728   730215.321
  1.817   730215.328
  1.821   730215.336
  2.037   730215.341
  1.946   730215.348
  1.649   730215.355
  1.732   730215.362
  1.904   730215.369
  1.844   730215.383
  1.648   730215.390
  1.731   730215.397
  1.763   730215.404
  1.740   730215.413
  1.702   730215.419
  1.645   730215.425
  1.635   730215.432
  1.608   730215.439
  1.612   730215.446
  1.766   730215.453
  1.595   730215.461
  1.535   730215.466
  5.689   730215.473
  2.125   730215.480
  1.731   730215.487
  1.923   730215.494
  1.485   730215.503
  1.457   730215.508
  1.608   730215.515
  1.612   730215.522
  1.650   730215.529
  1.623   730215.536
  1.590   730215.544
  1.602   730215.550
  1.602   730215.557
  1.576   730215.564
  1.688   730215.571
  1.606   730215.580
  1.375   730215.586
  1.698   730215.591
  1.587   730215.598
  1.755   730215.605
  1.812   730215.612
  1.786   730215.619
  1.531   730215.628
  1.635   730215.633
  1.591   730215.640
  1.864   730215.647
  2.121   730215.654
  2.104   730215.661
  1.806   730215.669
  2.218   730215.678
  2.189   730215.682
  2.791   730215.689
  1.943   730215.703
  2.145   730215.711
  1.708   730215.716
  1.749   730215.723
  1.944   730215.730
  2.115   730215.737
  1.653   730215.746
  1.995   730215.752
  1.899   730215.759
  1.830   730215.765
  2.044   730215.772
  2.076   730215.779
  2.084   730215.786
  2.032   730215.794
  2.563   730215.800
  2.806   730215.807
  2.068   730215.814
  2.110   730215.821
  2.563   730215.828
  3.154   730215.836
  2.460   730215.842
  2.546   730215.848
  2.205   730215.855
  2.537   730215.862
  2.752   730215.869
    NaN   730215.878
  5.776   730215.883
  2.762   730215.890
  2.831   730215.897
  2.565   730215.904
  2.672   730215.913
  2.731   730215.920
  3.247   730215.925
  3.098   730215.932
  4.315   730215.939
  3.604   730215.946
  4.462   730215.953
  3.883   730215.961
  6.500   730215.967
  3.949   730215.973
  2.986   730215.980
  3.863   730215.987
  3.681   730215.994
