  0.747   730215.086
  0.720   730215.091
  0.770   730215.098
  0.712   730215.105
  0.771   730215.112
  0.824   730215.119
  0.677   730215.127
  0.798   730215.133
  0.670   730215.140
  0.756   730215.147
  0.779   730215.154
  1.154   730215.161
  0.637   730215.169
  0.746   730215.175
  0.639   730215.182
  0.748   730215.188
  0.737   730215.195
  0.734   730215.202
  0.752   730215.211
  0.714   730215.216
  1.168   730215.223
  0.731   730215.230
  0.819   730215.237
  0.667   730215.246
  0.689   730215.252
  0.747   730215.258
  0.750   730215.265
  0.772   730215.272
  1.068   730215.279
  0.696   730215.286
  0.770   730215.294
  1.495   730215.300
  0.644   730215.307
  0.764   730215.313
  0.798   730215.320
  0.666   730215.327
  0.714   730215.336
  0.732   730215.341
  0.738   730215.348
  0.699   730215.355
  0.822   730215.362
  0.776   730215.369
  0.770   730215.383
  0.705   730215.390
  0.812   730215.397
  0.758   730215.404
  0.681   730215.412
  0.915   730215.419
  0.877   730215.425
  0.701   730215.432
  0.805   730215.438
  0.730   730215.445
  0.797   730215.452
  1.095   730215.461
  0.752   730215.466
    NaN   730215.473
  2.015   730215.480
  1.040   730215.487
  0.956   730215.494
  0.780   730215.502
  0.846   730215.508
  0.681   730215.515
  0.863   730215.522
  0.809   730215.529
  0.867   730215.536
  0.909   730215.544
  0.908   730215.550
  0.901   730215.556
  0.765   730215.563
  0.823   730215.570
  0.802   730215.579
  1.005   730215.585
  0.840   730215.591
  0.760   730215.598
  0.789   730215.605
  0.882   730215.612
  0.824   730215.619
  0.950   730215.627
  0.826   730215.633
  0.781   730215.640
  0.897   730215.647
  0.720   730215.654
  0.793   730215.661
  0.907   730215.669
  0.918   730215.678
  0.778   730215.682
  0.844   730215.688
  0.802   730215.703
  0.959   730215.710
  0.809   730215.716
  0.841   730215.723
  0.942   730215.730
  0.898   730215.737
  0.826   730215.746
  0.821   730215.752
  0.736   730215.759
  0.924   730215.765
  0.936   730215.772
  0.938   730215.779
  0.803   730215.786
  0.792   730215.794
  0.810   730215.800
  0.840   730215.807
  0.783   730215.814
  0.788   730215.820
  1.004   730215.827
  0.995   730215.836
  0.921   730215.841
  0.844   730215.848
  0.843   730215.855
  0.968   730215.862
  0.772   730215.869
  1.560   730215.877
  0.977   730215.883
  0.839   730215.890
  0.844   730215.897
  0.854   730215.904
  0.945   730215.913
  0.884   730215.920
  0.882   730215.925
  1.015   730215.932
  0.851   730215.939
  0.839   730215.946
  0.902   730215.952
  0.943   730215.961
  0.849   730215.966
    NaN   730215.973
  0.924   730215.980
  0.894   730215.987
  0.826   730215.994
