  2.778   730215.085
  2.538   730215.091
  3.218   730215.098
  2.591   730215.105
  2.749   730215.112
  3.051   730215.119
  2.765   730215.127
  2.748   730215.133
  2.671   730215.140
  2.704   730215.147
  2.879   730215.153
  3.113   730215.160
  2.830   730215.169
  2.777   730215.174
  3.131   730215.181
  3.160   730215.188
  2.964   730215.195
  2.918   730215.202
  3.187   730215.210
  2.997   730215.216
  2.803   730215.223
  3.214   730215.230
  3.167   730215.237
  3.016   730215.245
  2.844   730215.252
  3.098   730215.258
  2.812   730215.265
  2.721   730215.272
  3.084   730215.279
  3.129   730215.285
  3.060   730215.294
  3.539   730215.299
  2.910   730215.306
  3.723   730215.312
  3.003   730215.320
  3.406   730215.327
  3.589   730215.335
  3.171   730215.341
  3.415   730215.348
  3.733   730215.355
  3.375   730215.362
  3.158   730215.369
  3.776   730215.383
  3.664   730215.390
  4.079   730215.397
  4.200   730215.404
  3.784   730215.412
  3.813   730215.419
  3.453   730215.424
  3.515   730215.431
  4.042   730215.438
    NaN   730215.445
  3.924   730215.452
  3.966   730215.460
  3.875   730215.466
  5.010   730215.473
  3.931   730215.480
  4.217   730215.487
  4.527   730215.494
  4.032   730215.502
  3.984   730215.508
  3.923   730215.515
  3.990   730215.522
  4.248   730215.529
  3.594   730215.535
  3.927   730215.544
  3.963   730215.549
  4.019   730215.556
  3.866   730215.563
  4.296   730215.570
  3.800   730215.579
  4.175   730215.585
  3.922   730215.591
  3.534   730215.598
  3.705   730215.605
  3.751   730215.612
  4.080   730215.619
  3.990   730215.627
  4.392   730215.633
  4.331   730215.640
  4.210   730215.647
  3.896   730215.654
  4.355   730215.661
  4.061   730215.669
  4.268   730215.678
  4.430   730215.682
  4.023   730215.688
  3.768   730215.695
  4.021   730215.702
  3.931   730215.710
  3.588   730215.716
  3.654   730215.723
  3.738   730215.730
  4.032   730215.737
  4.116   730215.746
  4.054   730215.752
  3.198   730215.759
  3.754   730215.765
  3.832   730215.772
  3.230   730215.779
  4.219   730215.786
  4.071   730215.794
  3.692   730215.799
  3.918   730215.806
  3.456   730215.813
  3.669   730215.820
  3.370   730215.827
  3.319   730215.835
  3.726   730215.841
  4.082   730215.848
  3.961   730215.855
  3.762   730215.862
  3.697   730215.869
  3.799   730215.877
  4.044   730215.883
  3.837   730215.890
  3.590   730215.897
  3.719   730215.904
  4.580   730215.912
  4.170   730215.919
  4.293   730215.924
  4.167   730215.931
  4.143   730215.938
    NaN   730215.945
  4.190   730215.952
  4.488   730215.960
  3.748   730215.966
  4.670   730215.973
  4.577   730215.980
  4.783   730215.987
  5.091   730215.994
