  0.208   730416.001
  0.097   730416.001
  0.213   730416.008
  0.204   730416.015
  0.214   730416.022
  0.230   730416.029
  0.230   730416.036
  0.222   730416.043
  0.238   730416.049
  0.195   730416.056
  0.216   730416.063
  0.220   730416.071
  0.241   730416.077
  0.217   730416.084
  0.185   730416.091
  0.223   730416.098
  0.251   730416.105
  0.211   730416.112
  0.234   730416.119
  0.108   730416.119
  0.209   730416.126
  0.180   730416.133
  0.231   730416.140
  0.194   730416.146
  0.222   730416.154
  0.191   730416.160
  0.188   730416.167
  0.208   730416.174
  0.206   730416.181
  0.184   730416.188
  0.193   730416.196
  0.201   730416.202
  0.203   730416.209
  0.172   730416.216
  0.196   730416.223
  0.200   730416.230
  0.185   730416.237
  0.190   730416.244
  0.189   730416.251
  0.197   730416.258
  0.181   730416.265
  0.192   730416.271
  0.192   730416.279
  0.213   730416.286
  0.167   730416.293
  0.045   730416.293
  0.207   730416.300
  0.195   730416.306
  0.202   730416.313
  0.195   730416.321
  0.173   730416.327
  0.167   730416.334
  0.190   730416.341
  0.181   730416.348
  0.192   730416.355
  0.203   730416.362
  0.212   730416.369
  0.204   730416.376
  0.187   730416.383
  0.191   730416.390
  0.194   730416.396
  0.196   730416.404
  0.163   730416.410
  0.203   730416.417
  0.203   730416.424
  4.276   730416.431
  0.187   730416.438
  0.213   730416.446
  0.201   730416.452
  0.176   730416.459
  0.207   730416.466
  0.024   730416.473
  0.210   730416.473
  0.203   730416.480
  0.162   730416.487
  0.189   730416.494
  0.190   730416.501
  0.181   730416.508
  0.178   730416.515
  0.164   730416.521
  0.177   730416.529
  0.168   730416.535
  0.185   730416.542
  0.177   730416.549
  0.188   730416.556
  0.159   730416.563
  0.170   730416.571
  0.140   730416.577
  0.153   730416.584
  0.185   730416.591
  0.169   730416.598
  0.151   730416.605
  0.167   730416.612
  0.174   730416.619
  0.168   730416.626
  0.170   730416.633
  0.191   730416.640
  0.039   730416.640
  0.173   730416.647
  0.145   730416.654
  0.165   730416.660
  0.151   730416.667
  0.168   730416.674
  0.171   730416.681
  0.152   730416.688
  0.174   730416.696
  0.152   730416.702
  0.158   730416.709
  0.154   730416.716
  0.171   730416.723
  0.178   730416.730
  0.155   730416.737
  0.165   730416.744
  0.167   730416.751
  0.170   730416.758
  0.140   730416.765
  0.167   730416.771
  0.145   730416.779
  0.160   730416.785
  0.150   730416.792
  0.139   730416.799
  0.168   730416.806
  0.129   730416.813
  0.134   730416.813
  0.139   730416.821
  0.169   730416.827
  0.167   730416.834
  0.150   730416.841
  0.147   730416.848
  0.151   730416.855
  0.153   730416.862
  0.149   730416.869
  0.174   730416.876
  0.149   730416.883
  0.160   730416.890
  0.140   730416.896
  0.161   730416.904
  0.168   730416.910
  0.151   730416.917
  0.162   730416.924
  3.671   730416.931
  0.139   730416.938
  0.161   730416.946
  0.175   730416.952
  0.150   730416.959
  0.156   730416.966
  0.145   730416.973
  0.144   730416.980
  0.099   730416.980
  0.145   730416.987
  0.149   730416.994
