  0.489   730416.001
  0.202   730416.001
  0.466   730416.008
  0.483   730416.014
  0.507   730416.021
  0.514   730416.029
  0.488   730416.035
  0.515   730416.042
  0.495   730416.049
  0.471   730416.056
  0.513   730416.063
  0.491   730416.070
  0.504   730416.077
  0.562   730416.084
  0.469   730416.091
  0.492   730416.098
  0.576   730416.105
  0.458   730416.112
  0.517   730416.119
  0.157   730416.119
  0.466   730416.125
  0.436   730416.132
  0.508   730416.139
  0.463   730416.146
  0.504   730416.154
  0.465   730416.160
  0.460   730416.167
  0.505   730416.174
  0.496   730416.181
  0.443   730416.188
  0.521   730416.195
  0.405   730416.202
  0.511   730416.209
  0.492   730416.216
  0.417   730416.223
  0.456   730416.230
  0.439   730416.237
  0.451   730416.243
  0.458   730416.250
  0.467   730416.257
  0.449   730416.264
  0.400   730416.271
  0.431   730416.279
  0.454   730416.285
  0.411   730416.292
  0.149   730416.292
  0.432   730416.299
  0.473   730416.306
  0.521   730416.313
  0.481   730416.320
  0.468   730416.327
  0.492   730416.334
  0.451   730416.341
  0.397   730416.348
  0.444   730416.355
  0.462   730416.362
  2.468   730416.368
  0.465   730416.375
  0.450   730416.382
  0.452   730416.389
  0.469   730416.396
  0.474   730416.404
  0.458   730416.410
  0.479   730416.417
  0.486   730416.424
  0.480   730416.431
  0.416   730416.438
  0.365   730416.445
  0.406   730416.452
  0.444   730416.459
  0.444   730416.466
  0.103   730416.473
  0.440   730416.473
  0.441   730416.480
  0.435   730416.487
  0.451   730416.493
  0.381   730416.500
  0.382   730416.507
  0.416   730416.514
  0.389   730416.521
  0.387   730416.529
  0.362   730416.535
  0.419   730416.542
  0.424   730416.549
  0.409   730416.556
  0.368   730416.563
  0.405   730416.570
  0.387   730416.577
  0.398   730416.584
  0.379   730416.591
  0.382   730416.598
  0.332   730416.605
  0.389   730416.612
  0.424   730416.618
  0.417   730416.625
  0.400   730416.632
  0.421   730416.639
  0.071   730416.639
  0.417   730416.647
  0.344   730416.654
  0.413   730416.660
  0.354   730416.667
  0.321   730416.674
  0.376   730416.681
  0.364   730416.688
  0.405   730416.695
  0.406   730416.702
  0.422   730416.709
  0.458   730416.716
  0.441   730416.723
  0.390   730416.730
  0.422   730416.737
  0.412   730416.743
  0.367   730416.750
  0.356   730416.757
  0.380   730416.764
  0.416   730416.771
  0.422   730416.779
  0.355   730416.785
  0.405   730416.792
  0.316   730416.799
  0.334   730416.806
  0.312   730416.813
  0.400   730416.813
  0.353   730416.820
  0.303   730416.827
  0.324   730416.834
  0.358   730416.841
  0.355   730416.848
  0.319   730416.855
  0.349   730416.862
  3.050   730416.869
  0.337   730416.875
  0.370   730416.882
  0.355   730416.889
  0.345   730416.896
  0.357   730416.904
  0.381   730416.910
  0.352   730416.917
  0.380   730416.924
  0.378   730416.931
  0.330   730416.938
  0.335   730416.945
  0.353   730416.952
  0.376   730416.959
  0.364   730416.966
  0.372   730416.973
  0.328   730416.980
  0.202   730416.980
  0.399   730416.987
  0.394   730416.994
