  0.076   730416.000
  0.080   730416.007
  0.079   730416.014
  0.079   730416.021
  0.077   730416.028
  0.070   730416.035
  0.079   730416.042
  0.077   730416.049
  0.061   730416.055
  0.070   730416.063
  0.057   730416.070
  0.070   730416.076
  0.075   730416.083
  0.067   730416.090
  0.075   730416.097
  0.164   730416.104
  3.038   730416.111
  1.574   730416.118
  0.023   730416.118
  0.083   730416.125
  0.083   730416.132
  0.092   730416.139
  0.074   730416.146
  0.074   730416.153
  0.091   730416.160
  0.077   730416.167
  0.085   730416.174
  0.085   730416.181
  0.077   730416.187
  0.091   730416.195
  0.082   730416.201
  0.085   730416.208
  0.086   730416.215
  0.091   730416.222
  0.074   730416.229
  0.087   730416.236
  0.075   730416.243
  0.078   730416.250
  0.075   730416.257
  0.080   730416.264
  0.087   730416.271
  0.091   730416.278
  0.081   730416.285
  0.082   730416.292
  0.090   730416.299
  0.083   730416.306
  0.087   730416.312
  0.088   730416.320
  0.077   730416.326
  0.086   730416.333
  0.080   730416.340
  0.075   730416.347
  0.082   730416.354
  0.071   730416.361
  0.080   730416.368
  0.083   730416.375
  0.075   730416.382
  0.081   730416.389
  0.068   730416.396
  0.091   730416.403
  0.085   730416.410
  0.078   730416.417
  0.072   730416.424
  0.075   730416.430
  0.080   730416.437
  0.083   730416.445
  0.082   730416.451
  0.077   730416.458
  0.080   730416.465
  0.029   730416.472
  0.068   730416.472
  0.075   730416.479
  0.072   730416.486
  0.080   730416.493
  0.075   730416.500
  0.080   730416.507
  0.078   730416.514
  0.087   730416.521
  0.082   730416.528
  0.077   730416.535
  0.075   730416.542
  0.079   730416.549
  0.085   730416.555
  0.074   730416.562
  0.077   730416.570
  0.081   730416.576
  0.077   730416.583
  0.083   730416.590
  0.072   730416.597
  0.072   730416.604
  3.753   730416.611
  0.089   730416.618
  0.074   730416.625
  0.084   730416.632
  0.086   730416.639
  0.012   730416.646
  0.951   730416.646
  0.081   730416.653
  0.149   730416.660
  0.075   730416.667
  0.076   730416.674
  0.076   730416.680
  0.079   730416.687
  0.087   730416.695
  0.089   730416.701
  0.085   730416.708
  0.087   730416.715
  0.087   730416.722
  0.088   730416.729
  0.083   730416.736
  0.083   730416.743
  0.083   730416.750
  0.085   730416.757
  0.085   730416.764
  0.079   730416.771
  0.143   730416.778
  0.082   730416.785
  0.079   730416.792
  0.081   730416.799
  0.084   730416.806
  0.097   730416.812
  0.073   730416.812
  0.080   730416.820
  0.073   730416.826
  0.079   730416.833
  0.090   730416.840
  0.086   730416.847
  0.076   730416.854
  0.081   730416.861
  0.078   730416.868
  0.075   730416.875
  0.086   730416.882
  0.068   730416.889
  0.084   730416.896
  0.087   730416.903
  0.085   730416.910
  0.078   730416.917
  0.105   730416.924
  0.082   730416.931
  0.080   730416.937
  0.091   730416.945
  0.083   730416.951
  0.078   730416.958
  0.078   730416.965
  0.071   730416.972
  0.108   730416.979
  0.029   730416.979
  0.085   730416.986
  0.072   730416.993
