  1.206   730416.001
  0.612   730416.001
  1.402   730416.002
  0.873   730416.002
  4.786   730416.008
  4.181   730416.009
  1.209   730416.015
  1.341   730416.015
  1.415   730416.022
  1.586   730416.022
  1.355   730416.030
  1.376   730416.030
  1.265   730416.036
  1.380   730416.036
  1.180   730416.043
  1.289   730416.044
  1.344   730416.050
  1.466   730416.050
  1.344   730416.056
  1.305   730416.056
  1.349   730416.064
  1.448   730416.064
  1.285   730416.071
  1.180   730416.072
  1.394   730416.077
  1.315   730416.078
  1.356   730416.084
  1.369   730416.085
  1.356   730416.091
  1.358   730416.092
  1.443   730416.098
  1.563   730416.099
  1.470   730416.105
  1.314   730416.106
  1.294   730416.113
  1.319   730416.113
  1.198   730416.119
  0.598   730416.119
  1.178   730416.120
  0.886   730416.120
  1.391   730416.126
  1.386   730416.127
  1.341   730416.133
  1.368   730416.133
  1.306   730416.140
  1.255   730416.140
  1.438   730416.147
  1.397   730416.147
  1.277   730416.154
  1.310   730416.155
  1.378   730416.161
  1.409   730416.161
  1.277   730416.168
  1.479   730416.168
  1.406   730416.175
  1.311   730416.175
  1.547   730416.182
  1.404   730416.182
  1.491   730416.188
  1.492   730416.189
  1.417   730416.196
  1.340   730416.197
  1.583   730416.202
  1.518   730416.203
  1.517   730416.209
  1.340   730416.210
  1.257   730416.216
  1.350   730416.217
  1.463   730416.223
  1.439   730416.224
  1.420   730416.230
  1.329   730416.231
  1.249   730416.238
  1.280   730416.238
  1.237   730416.244
  1.185   730416.245
  1.374   730416.251
  1.299   730416.251
  1.163   730416.258
  1.184   730416.258
  1.305   730416.265
  1.437   730416.265
  1.315   730416.272
  1.282   730416.272
  1.286   730416.280
  1.328   730416.281
  1.378   730416.286
  1.380   730416.287
  1.104   730416.293
  0.586   730416.293
  1.234   730416.294
  0.893   730416.294
  1.246   730416.300
  1.434   730416.301
  1.384   730416.307
  1.290   730416.307
  1.179   730416.314
  1.338   730416.314
  1.421   730416.321
  1.390   730416.322
  1.184   730416.327
  1.178   730416.328
  1.204   730416.334
  1.212   730416.335
  1.224   730416.341
  1.207   730416.342
  1.350   730416.348
  1.248   730416.349
  1.131   730416.355
  1.221   730416.356
  1.195   730416.363
  1.204   730416.364
  1.178   730416.369
  1.245   730416.370
  1.034   730416.376
  1.051   730416.376
  1.155   730416.383
  1.055   730416.383
  1.110   730416.390
  1.072   730416.390
  1.073   730416.397
  1.062   730416.397
  1.068   730416.404
  1.133   730416.405
  1.178   730416.411
  1.142   730416.411
  1.101   730416.418
  1.058   730416.418
  1.034   730416.425
  1.052   730416.425
  0.939   730416.432
  1.061   730416.432
  1.223   730416.438
  1.200   730416.439
  1.069   730416.446
  1.013   730416.447
  0.924   730416.452
  1.057   730416.453
  1.039   730416.460
  1.012   730416.460
  1.075   730416.466
  1.118   730416.467
  0.354   730416.467
  1.231   730416.474
  1.083   730416.474
  1.087   730416.480
  1.150   730416.481
  1.165   730416.488
  1.175   730416.488
  1.080   730416.494
  1.066   730416.495
  1.115   730416.501
  1.170   730416.501
  4.069   730416.508
  3.536   730416.508
  1.170   730416.515
  1.182   730416.515
  1.002   730416.522
  0.994   730416.522
  1.068   730416.530
  1.115   730416.530
  1.146   730416.536
  1.159   730416.536
  1.173   730416.543
  1.129   730416.543
  1.105   730416.550
  1.091   730416.550
  1.209   730416.557
  1.272   730416.557
  1.245   730416.563
  1.220   730416.564
  1.006   730416.571
  1.198   730416.572
  1.148   730416.577
  1.159   730416.578
  1.071   730416.584
  1.129   730416.585
  1.200   730416.591
  1.199   730416.592
  1.276   730416.598
  1.199   730416.599
  1.067   730416.605
  1.038   730416.606
  1.156   730416.613
  1.120   730416.613
  1.100   730416.619
  1.054   730416.620
  1.168   730416.626
  1.272   730416.626
  1.223   730416.633
  1.217   730416.633
  1.389   730416.640
  0.499   730416.640
  1.222   730416.641
  0.684   730416.641
  1.194   730416.647
  1.195   730416.648
  1.356   730416.654
  1.305   730416.655
  1.320   730416.661
  1.259   730416.661
  1.357   730416.668
  1.351   730416.668
  1.184   730416.675
  1.072   730416.675
  1.266   730416.682
  1.255   730416.682
  1.324   730416.688
  1.244   730416.689
  1.197   730416.696
  1.183   730416.697
  1.290   730416.702
  1.225   730416.703
  1.236   730416.709
  1.278   730416.710
  1.290   730416.716
  1.280   730416.717
  1.391   730416.723
  1.407   730416.724
  1.051   730416.730
  1.226   730416.731
  1.330   730416.738
  1.365   730416.738
  1.432   730416.744
  1.375   730416.745
  1.494   730416.751
  1.587   730416.752
  1.357   730416.758
  1.336   730416.758
  1.480   730416.765
  1.482   730416.765
  1.325   730416.772
  1.322   730416.772
  1.316   730416.779
  1.365   730416.780
  1.309   730416.786
  1.406   730416.786
  1.342   730416.793
  1.323   730416.793
  1.349   730416.800
  1.396   730416.800
  1.347   730416.807
  1.216   730416.807
  0.881   730416.813
  1.153   730416.813
  0.907   730416.814
  1.372   730416.814
  1.321   730416.821
  1.328   730416.822
  1.261   730416.827
  1.163   730416.828
  1.115   730416.834
  1.140   730416.835
  1.152   730416.841
  1.165   730416.842
  1.205   730416.848
  1.184   730416.849
  1.200   730416.855
  1.276   730416.856
  1.188   730416.863
  1.141   730416.863
  1.133   730416.869
  1.117   730416.870
  1.116   730416.876
  0.960   730416.877
  1.103   730416.883
  1.072   730416.883
  1.075   730416.890
  0.992   730416.890
  1.069   730416.897
  1.126   730416.897
  1.095   730416.904
  1.028   730416.905
  1.055   730416.911
  1.001   730416.911
  1.044   730416.918
  1.053   730416.918
  1.021   730416.925
  0.991   730416.925
  1.066   730416.932
  1.020   730416.932
  0.928   730416.938
  0.990   730416.939
  0.895   730416.946
  0.923   730416.947
  0.932   730416.952
  0.992   730416.953
  1.089   730416.959
  1.012   730416.960
  0.931   730416.966
  0.923   730416.967
  0.962   730416.973
  0.997   730416.974
  0.865   730416.980
  0.447   730416.980
  0.920   730416.981
  0.642   730416.981
  1.015   730416.988
  0.966   730416.988
  0.851   730416.994
  0.786   730416.995
