  0.581   730141.001
  0.578   730141.008
  0.613   730141.015
  0.555   730141.022
  0.643   730141.029
  0.623   730141.036
  0.531   730141.043
  0.538   730141.049
  0.538   730141.056
  0.488   730141.064
  0.536   730141.071
  0.540   730141.078
  0.460   730141.085
  0.492   730141.092
  0.526   730141.098
  0.478   730141.106
  0.555   730141.112
  0.497   730141.119
  0.456   730141.126
  0.465   730141.133
  0.448   730141.140
  0.497   730141.147
  0.440   730141.154
  0.406   730141.161
  0.494   730141.168
  0.434   730141.174
  0.461   730141.182
  0.466   730141.189
  0.432   730141.196
  0.493   730141.203
  0.465   730141.210
  5.885   730141.217
  0.467   730141.224
  0.514   730141.231
  0.478   730141.238
  0.474   730141.244
  0.433   730141.251
  0.455   730141.258
  0.543   730141.265
  0.461   730141.272
  0.487   730141.279
  0.483   730141.285
  0.463   730141.293
  0.493   730141.300
  0.522   730141.307
  0.451   730141.314
  0.445   730141.321
  0.488   730141.328
  0.516   730141.335
  0.418   730141.342
  0.450   730141.348
    NaN   730141.356
  0.496   730141.362
  0.431   730141.370
  0.440   730141.376
  0.468   730141.383
  0.431   730141.390
  0.484   730141.397
  0.432   730141.403
  0.451   730141.411
  0.370   730141.417
  0.421   730141.425
    NaN   730141.431
  0.449   730141.439
  0.393   730141.445
  0.448   730141.453
  0.450   730141.459
  0.413   730141.467
  0.415   730141.474
  0.425   730141.481
  0.444   730141.488
  0.460   730141.494
  0.432   730141.501
  0.449   730141.508
  0.482   730141.515
  0.447   730141.522
  0.426   730141.529
  0.510   730141.536
  0.490   730141.542
  0.470   730141.550
  0.484   730141.557
  0.519   730141.564
  0.433   730141.571
  0.477   730141.578
  0.481   730141.584
  0.457   730141.592
  0.463   730141.599
  0.461   730141.606
  0.512   730141.613
  0.482   730141.619
  0.483   730141.626
  0.526   730141.633
  0.445   730141.640
  0.483   730141.647
  0.483   730141.654
  0.523   730141.661
  0.549   730141.668
  0.500   730141.675
  0.505   730141.682
  0.548   730141.688
  0.486   730141.695
  0.499   730141.702
  0.541   730141.710
  0.539   730141.717
  0.534   730141.724
  0.553   730141.731
  0.582   730141.737
  0.566   730141.744
  0.580   730141.751
  0.521   730141.758
  0.422   730141.765
  0.451   730141.772
  0.435   730141.779
  0.532   730141.786
  0.495   730141.793
  0.485   730141.800
  0.534   730141.806
  0.444   730141.814
  0.475   730141.821
  0.427   730141.827
  0.450   730141.834
  0.485   730141.842
  0.428   730141.849
  0.452   730141.856
  0.494   730141.863
  0.462   730141.869
  0.552   730141.876
  0.425   730141.883
  0.471   730141.890
  0.389   730141.897
  0.403   730141.903
  0.409   730141.911
  0.351   730141.917
  0.405   730141.924
    NaN   730141.932
  0.396   730141.938
  0.401   730141.946
  0.481   730141.953
  0.403   730141.959
  0.459   730141.966
  0.463   730141.974
  0.451   730141.980
  0.513   730141.988
  0.537   730141.994
