  0.362   730141.002
  0.361   730141.008
  0.383   730141.015
  0.388   730141.022
  1.774   730141.029
  0.387   730141.036
  0.357   730141.043
  0.332   730141.050
  0.409   730141.057
  0.347   730141.064
  0.352   730141.071
  0.436   730141.078
  0.376   730141.085
  0.372   730141.092
  0.393   730141.099
  0.371   730141.106
  0.389   730141.113
  0.373   730141.119
  0.388   730141.126
  0.348   730141.133
  0.380   730141.140
  0.369   730141.147
  0.354   730141.154
  0.354   730141.161
  0.384   730141.168
  0.390   730141.175
  0.336   730141.182
  0.358   730141.189
  0.371   730141.196
  0.360   730141.203
  0.355   730141.210
  0.391   730141.217
  0.343   730141.224
  0.345   730141.231
  0.371   730141.238
  0.384   730141.244
  0.446   730141.251
  0.362   730141.258
  0.356   730141.265
  0.385   730141.272
  0.402   730141.279
  0.360   730141.286
  0.394   730141.293
  0.384   730141.300
  0.410   730141.307
  0.376   730141.314
  0.358   730141.321
  0.376   730141.328
  0.374   730141.335
  0.386   730141.342
  0.375   730141.349
  0.379   730141.356
  0.437   730141.363
  0.400   730141.371
  0.400   730141.376
  0.362   730141.383
  0.413   730141.390
  0.344   730141.397
  0.383   730141.404
  0.384   730141.411
  0.383   730141.418
    NaN   730141.425
  0.406   730141.432
  0.394   730141.439
  0.390   730141.446
  0.393   730141.453
  0.336   730141.460
  0.371   730141.467
  0.391   730141.474
  0.376   730141.481
  0.385   730141.488
  0.398   730141.494
  0.389   730141.501
  0.363   730141.508
  0.390   730141.515
  0.357   730141.522
  0.417   730141.529
  0.367   730141.536
  0.324   730141.543
  0.352   730141.550
  0.358   730141.557
  0.400   730141.565
  0.332   730141.571
  0.375   730141.578
  0.289   730141.585
  0.359   730141.592
  0.333   730141.599
  0.332   730141.606
  0.299   730141.613
  0.340   730141.619
  0.347   730141.626
  0.362   730141.633
  0.329   730141.640
  0.310   730141.647
  0.336   730141.654
  0.324   730141.661
  0.351   730141.668
  0.353   730141.675
  0.322   730141.682
  0.329   730141.689
  0.369   730141.696
  0.330   730141.703
  0.349   730141.710
  0.352   730141.717
  0.324   730141.724
  0.352   730141.731
  0.333   730141.738
  0.347   730141.744
  0.378   730141.751
  0.326   730141.758
  0.339   730141.765
  0.350   730141.772
  0.324   730141.779
  0.336   730141.786
  0.315   730141.793
  0.345   730141.800
  0.361   730141.807
  0.333   730141.814
  0.326   730141.821
  0.321   730141.828
  0.369   730141.835
  0.365   730141.842
  0.344   730141.849
  0.381   730141.856
  0.290   730141.863
  0.352   730141.869
  0.318   730141.876
  0.302   730141.883
  0.326   730141.890
  0.275   730141.897
  0.327   730141.904
  0.318   730141.911
  0.352   730141.918
    NaN   730141.925
  0.305   730141.932
  0.301   730141.939
  0.360   730141.946
  0.343   730141.953
  0.357   730141.960
  0.289   730141.967
  0.310   730141.974
  0.312   730141.981
  0.344   730141.988
  0.372   730141.994
