  0.080   730141.001
  0.074   730141.008
  0.086   730141.015
  0.083   730141.022
  0.083   730141.028
  0.331   730141.035
  0.078   730141.042
  0.086   730141.049
  0.082   730141.056
  0.079   730141.063
  0.090   730141.070
  0.079   730141.077
  0.084   730141.084
  0.084   730141.091
  0.082   730141.098
  0.101   730141.105
  0.081   730141.112
  0.092   730141.119
  0.078   730141.126
  0.071   730141.133
  0.077   730141.140
  0.070   730141.147
  0.087   730141.153
  0.076   730141.160
  0.082   730141.167
  0.083   730141.174
  0.077   730141.181
  0.073   730141.188
  0.082   730141.195
  0.085   730141.202
  0.084   730141.209
  0.199   730141.216
  0.085   730141.223
  0.086   730141.230
  0.075   730141.237
  0.083   730141.244
  0.079   730141.251
  0.086   730141.258
  0.089   730141.265
  0.074   730141.272
  0.076   730141.278
  0.091   730141.285
  0.085   730141.292
  0.075   730141.299
  0.084   730141.306
  0.078   730141.313
  0.077   730141.320
  0.091   730141.327
  0.088   730141.334
  0.089   730141.341
  0.075   730141.348
  0.076   730141.355
  0.088   730141.362
  0.075   730141.370
  0.079   730141.376
  0.082   730141.383
  0.076   730141.390
  0.082   730141.397
  0.088   730141.403
  0.083   730141.410
  0.092   730141.417
  0.075   730141.424
  0.078   730141.431
  0.081   730141.438
  0.088   730141.445
  0.087   730141.453
  0.079   730141.459
  0.084   730141.466
  0.085   730141.473
  0.084   730141.480
  0.081   730141.487
  0.079   730141.494
  0.083   730141.501
  0.086   730141.508
  0.079   730141.515
  0.082   730141.522
  0.078   730141.528
  0.083   730141.535
  0.088   730141.542
  0.080   730141.549
  0.082   730141.556
  0.090   730141.564
  0.093   730141.570
  0.091   730141.577
  0.087   730141.584
  0.084   730141.591
  0.084   730141.598
  0.079   730141.605
  0.089   730141.612
  0.076   730141.619
  0.081   730141.626
  0.088   730141.633
  0.091   730141.640
  0.086   730141.647
  0.090   730141.653
  0.080   730141.660
  0.079   730141.667
  0.080   730141.674
  0.085   730141.681
  0.086   730141.688
  0.091   730141.695
  0.093   730141.702
  0.081   730141.709
  0.083   730141.716
  0.085   730141.723
  0.084   730141.730
  0.079   730141.737
  0.075   730141.744
  0.089   730141.751
  0.082   730141.758
  0.075   730141.765
  0.075   730141.772
  0.077   730141.778
  0.083   730141.785
  0.094   730141.792
  0.081   730141.799
  0.082   730141.806
  0.075   730141.813
  0.086   730141.820
  0.077   730141.827
  0.092   730141.834
  0.083   730141.841
  0.082   730141.848
  0.083   730141.855
  0.094   730141.862
  0.073   730141.869
  0.080   730141.876
  0.084   730141.883
  0.090   730141.890
  0.084   730141.897
  0.084   730141.903
  0.083   730141.910
  0.098   730141.917
  0.129   730141.924
  0.089   730141.931
  0.094   730141.938
  0.084   730141.945
  0.083   730141.952
  0.088   730141.959
  0.081   730141.966
  0.088   730141.973
  0.083   730141.980
  0.075   730141.987
  0.084   730141.994
