  0.353   730141.000
  0.317   730141.007
  0.599   730141.014
    NaN   730141.021
    NaN   730141.028
  0.532   730141.035
  0.343   730141.042
  0.309   730141.049
  0.346   730141.056
  0.357   730141.062
  0.353   730141.069
  0.323   730141.076
  0.331   730141.083
  0.340   730141.090
  0.660   730141.097
  2.433   730141.104
  0.380   730141.111
  0.400   730141.118
  0.347   730141.125
  0.314   730141.132
  0.309   730141.139
  0.280   730141.146
  0.361   730141.153
  0.337   730141.160
  0.321   730141.167
  0.293   730141.174
  0.337   730141.181
  0.339   730141.188
  0.302   730141.194
  0.337   730141.201
  0.941   730141.208
  0.292   730141.215
  0.368   730141.222
  0.317   730141.229
  0.312   730141.236
  0.345   730141.243
  0.360   730141.250
  0.325   730141.257
  0.312   730141.264
  0.341   730141.271
  0.318   730141.278
  0.340   730141.285
  0.372   730141.292
  0.343   730141.299
  0.361   730141.306
  0.735   730141.312
  0.347   730141.319
  0.377   730141.326
  0.375   730141.333
  0.381   730141.340
  0.363   730141.347
  0.369   730141.354
  0.321   730141.361
  0.320   730141.369
  0.300   730141.375
  0.361   730141.382
  0.315   730141.389
  0.346   730141.396
  0.294   730141.403
  0.307   730141.410
  0.341   730141.417
  0.288   730141.424
  0.373   730141.431
  0.311   730141.438
  0.282   730141.444
  0.341   730141.451
  0.351   730141.458
  0.326   730141.465
  0.313   730141.472
  0.290   730141.479
  0.301   730141.486
  0.322   730141.493
  0.311   730141.500
  0.352   730141.507
  0.358   730141.514
  0.336   730141.521
  0.344   730141.528
  0.336   730141.535
  0.347   730141.542
  0.347   730141.549
  0.316   730141.556
  0.783   730141.562
  0.334   730141.569
  0.337   730141.576
  0.392   730141.583
  0.388   730141.590
  0.349   730141.597
  0.328   730141.604
  0.351   730141.611
  0.353   730141.618
  0.375   730141.625
  0.328   730141.632
  0.341   730141.639
  0.399   730141.646
  0.378   730141.653
  0.377   730141.660
  0.359   730141.667
  0.373   730141.674
  0.351   730141.681
  0.350   730141.688
  0.329   730141.694
  0.331   730141.701
  0.280   730141.708
  0.345   730141.715
  0.340   730141.722
  0.455   730141.729
  0.332   730141.736
  0.344   730141.743
  0.336   730141.750
  0.297   730141.757
  0.313   730141.764
  0.312   730141.771
  0.305   730141.778
  0.316   730141.785
  0.285   730141.792
  0.335   730141.799
  0.331   730141.806
  0.344   730141.812
  0.296   730141.819
  0.303   730141.826
  0.320   730141.833
  0.311   730141.840
  0.326   730141.847
  0.300   730141.854
  0.303   730141.861
  0.343   730141.868
  0.303   730141.875
  0.350   730141.882
  0.293   730141.889
  0.305   730141.896
  0.305   730141.903
  0.280   730141.910
  0.336   730141.917
  1.035   730141.924
  0.312   730141.931
  0.314   730141.938
  0.309   730141.944
  0.301   730141.951
  0.294   730141.958
  0.324   730141.965
  0.264   730141.972
  0.324   730141.979
  0.300   730141.986
  0.280   730141.993
