  6.679   730151.000
  7.055   730151.007
  7.101   730151.014
  6.648   730151.021
  6.965   730151.028
  5.674   730151.035
  6.776   730151.042
  6.693   730151.049
  6.935   730151.056
  6.429   730151.062
  6.733   730151.069
  6.589   730151.076
  7.628   730151.083
  6.569   730151.090
  7.583   730151.097
  6.837   730151.104
  6.303   730151.111
  6.291   730151.118
  6.254   730151.125
  6.223   730151.132
  6.497   730151.139
  6.473   730151.146
  6.625   730151.153
  7.255   730151.160
  6.744   730151.167
  6.881   730151.174
  6.473   730151.181
  6.603   730151.188
  6.397   730151.195
  6.257   730151.202
  6.070   730151.208
  7.124   730151.215
  6.772   730151.222
  5.732   730151.229
  5.735   730151.236
  5.473   730151.243
  6.369   730151.250
  5.770   730151.257
  5.555   730151.264
  5.794   730151.271
  5.640   730151.278
  5.870   730151.285
  5.266   730151.292
  5.111   730151.299
  6.026   730151.306
  5.317   730151.312
  5.325   730151.319
  4.933   730151.326
  4.827   730151.333
  5.422   730151.340
  5.110   730151.347
  4.879   730151.354
  5.168   730151.361
  4.482   730151.368
  5.002   730151.375
  5.522   730151.382
  5.214   730151.389
  5.386   730151.396
  4.782   730151.403
  5.600   730151.410
  4.972   730151.417
  5.003   730151.424
 13.648   730151.431
  4.669   730151.438
  5.017   730151.444
  4.924   730151.452
  5.122   730151.458
  4.497   730151.465
  5.040   730151.472
  5.022   730151.479
  4.560   730151.486
  4.801   730151.493
  4.330   730151.500
  5.521   730151.507
  4.409   730151.514
  4.685   730151.521
  5.209   730151.528
  4.640   730151.535
  5.037   730151.542
  4.432   730151.549
  4.772   730151.556
  5.014   730151.562
  4.672   730151.569
  4.545   730151.576
  4.710   730151.583
  4.782   730151.591
  5.051   730151.597
  4.761   730151.604
  5.188   730151.611
  4.602   730151.618
  4.671   730151.625
  5.123   730151.632
  5.090   730151.639
  4.749   730151.646
  4.468   730151.653
  5.313   730151.660
  4.674   730151.667
  4.579   730151.675
  4.514   730151.681
  4.544   730151.688
  4.285   730151.694
  4.668   730151.701
  4.527   730151.709
  4.998   730151.715
  4.037   730151.722
  4.327   730151.729
  4.743   730151.736
  4.045   730151.743
  4.376   730151.750
  3.969   730151.758
  4.235   730151.764
  3.683   730151.771
  4.023   730151.778
  3.767   730151.785
  3.731   730151.792
  3.401   730151.799
  3.406   730151.806
  4.104   730151.812
  3.763   730151.819
  3.538   730151.826
  3.429   730151.833
  3.812   730151.840
  3.690   730151.847
  3.260   730151.854
  3.836   730151.861
  3.391   730151.868
  3.505   730151.875
  3.667   730151.882
  4.020   730151.889
  3.853   730151.896
  3.510   730151.903
  4.009   730151.910
  3.688   730151.924
  4.040   730151.931
  3.716   730151.938
  4.155   730151.944
  4.492   730151.951
  4.313   730151.958
  4.550   730151.965
  4.515   730151.972
  4.271   730151.979
  4.260   730151.986
  4.929   730151.993
