  0.309   730151.000
  0.341   730151.007
  0.323   730151.014
  0.363   730151.021
  0.367   730151.028
  0.350   730151.035
  0.304   730151.042
  0.334   730151.049
  0.304   730151.056
  0.340   730151.062
  0.321   730151.069
  0.296   730151.076
  0.304   730151.083
  0.357   730151.090
  0.321   730151.097
  0.311   730151.104
  0.309   730151.111
  0.301   730151.118
  0.333   730151.125
  0.297   730151.132
  0.324   730151.139
  0.324   730151.146
  0.316   730151.153
  0.342   730151.160
  0.298   730151.167
  0.331   730151.174
  0.284   730151.181
  0.321   730151.188
  0.305   730151.195
  0.272   730151.202
  0.273   730151.208
  0.272   730151.215
  0.256   730151.222
  0.276   730151.229
  0.283   730151.236
  0.254   730151.243
  0.280   730151.250
  0.247   730151.257
  0.278   730151.264
  0.281   730151.271
  0.230   730151.278
  0.237   730151.285
  0.259   730151.292
  0.238   730151.299
  0.249   730151.306
  0.258   730151.312
  0.285   730151.319
  0.230   730151.326
  0.264   730151.333
  0.242   730151.340
  0.212   730151.347
  0.233   730151.354
  0.220   730151.361
  0.268   730151.368
  0.247   730151.375
  0.226   730151.382
  0.234   730151.389
  0.239   730151.396
  0.227   730151.403
  0.247   730151.410
  0.240   730151.417
  0.223   730151.424
  0.241   730151.431
  0.206   730151.438
  0.252   730151.444
  0.224   730151.452
  0.240   730151.458
  0.246   730151.465
  0.233   730151.472
  0.216   730151.479
  0.221   730151.486
  0.231   730151.493
  0.233   730151.500
  0.202   730151.507
  0.204   730151.514
  0.228   730151.521
  0.214   730151.528
  0.218   730151.535
  0.203   730151.542
  0.209   730151.549
  0.232   730151.556
  0.218   730151.562
  0.208   730151.569
  0.252   730151.576
  0.225   730151.583
  0.224   730151.591
  0.230   730151.597
  0.222   730151.604
  0.255   730151.611
  0.210   730151.618
  0.222   730151.625
  0.210   730151.632
  0.220   730151.639
  0.190   730151.646
  0.225   730151.653
  0.214   730151.660
  0.217   730151.667
  0.218   730151.675
  0.228   730151.681
  0.187   730151.688
  0.208   730151.694
  0.177   730151.701
  0.203   730151.709
  0.219   730151.715
  0.204   730151.722
  0.193   730151.729
  0.203   730151.736
  0.189   730151.743
  0.173   730151.750
  0.198   730151.758
  0.178   730151.764
  0.603   730151.771
  0.183   730151.778
  0.176   730151.785
  0.184   730151.792
  0.154   730151.799
  0.182   730151.806
  0.178   730151.812
  0.181   730151.819
  0.176   730151.826
  0.176   730151.833
  0.197   730151.840
  0.153   730151.847
  0.182   730151.854
  0.154   730151.861
  0.165   730151.868
  0.189   730151.875
  0.164   730151.882
  0.209   730151.889
  0.166   730151.896
  0.211   730151.903
  0.222   730151.910
  0.234   730151.924
  0.232   730151.931
  0.275   730151.938
  0.319   730151.944
  0.241   730151.951
  0.245   730151.958
  0.340   730151.965
  0.331   730151.972
  0.369   730151.979
  0.297   730151.986
  0.237   730151.993
