  0.392   730151.001
  0.249   730151.008
  0.284   730151.015
  0.320   730151.022
  0.306   730151.028
  0.290   730151.035
  0.236   730151.042
  0.233   730151.049
  0.559   730151.063
  0.642   730151.070
  0.288   730151.077
  0.265   730151.091
  0.239   730151.098
  0.407   730151.112
  0.797   730151.126
  0.700   730151.133
  0.472   730151.147
  0.391   730151.153
  0.250   730151.174
  0.222   730151.181
  0.263   730151.188
  0.250   730151.202
  0.248   730151.209
  0.299   730151.223
  0.250   730151.244
  0.233   730151.258
  0.220   730151.272
  0.251   730151.278
  0.240   730151.285
  0.302   730151.306
  0.257   730151.313
  0.380   730151.320
  0.239   730151.327
  0.227   730151.348
  0.236   730151.355
  0.216   730151.362
  0.179   730151.369
  0.236   730151.376
  0.217   730151.383
  0.230   730151.390
  0.229   730151.397
  0.209   730151.403
  0.230   730151.410
  0.258   730151.417
  0.294   730151.431
  0.189   730151.445
  0.216   730151.453
  0.215   730151.459
  0.223   730151.466
  0.198   730151.473
  0.206   730151.480
  0.273   730151.501
  0.245   730151.508
  0.257   730151.522
  0.242   730151.535
  0.220   730151.542
  0.225   730151.570
  0.224   730151.577
  0.215   730151.584
  0.230   730151.591
  0.235   730151.598
  0.213   730151.612
  0.198   730151.626
  0.215   730151.633
  0.241   730151.640
  0.237   730151.647
  0.241   730151.660
  0.207   730151.675
  0.226   730151.688
  0.228   730151.695
  0.240   730151.702
  0.219   730151.709
  0.221   730151.716
  0.241   730151.730
  0.199   730151.737
  0.234   730151.751
  0.215   730151.758
  0.229   730151.765
  0.230   730151.772
  0.231   730151.778
  0.216   730151.785
  0.258   730151.792
  0.209   730151.806
  0.408   730151.813
  0.212   730151.827
  0.199   730151.834
  0.208   730151.841
  0.222   730151.855
  0.214   730151.862
  0.235   730151.869
  0.213   730151.876
  0.219   730151.883
  0.249   730151.890
  0.198   730151.897
  0.199   730151.910
  0.211   730151.924
  0.210   730151.931
  0.214   730151.945
  0.315   730151.952
  0.253   730151.959
  0.205   730151.973
  0.214   730151.987
