  0.234   730151.001
  0.291   730151.008
  0.268   730151.015
  0.276   730151.022
  0.290   730151.028
  0.270   730151.035
  0.264   730151.042
  0.281   730151.049
  0.429   730151.063
  0.477   730151.070
  0.283   730151.077
  0.258   730151.091
  0.271   730151.098
  0.368   730151.112
  0.516   730151.126
  0.595   730151.133
  0.342   730151.147
  0.382   730151.153
  0.295   730151.174
  0.267   730151.181
  0.286   730151.188
  0.273   730151.202
  0.288   730151.209
  0.232   730151.223
  0.257   730151.244
  0.261   730151.258
  0.262   730151.272
  0.226   730151.278
  0.278   730151.285
  0.255   730151.306
  0.259   730151.313
  0.261   730151.320
  0.266   730151.327
  0.246   730151.348
  0.232   730151.355
  0.227   730151.362
  0.223   730151.369
  0.238   730151.376
  0.223   730151.383
  0.232   730151.390
  0.231   730151.397
  0.245   730151.403
  0.234   730151.410
  0.246   730151.417
  0.256   730151.431
  0.223   730151.445
  0.217   730151.453
  0.225   730151.459
  0.244   730151.466
  0.252   730151.473
  0.234   730151.480
  0.298   730151.501
  0.258   730151.508
  0.249   730151.522
  0.238   730151.535
  0.232   730151.542
  0.243   730151.570
  0.264   730151.577
  0.265   730151.584
  0.261   730151.591
  0.253   730151.598
  0.275   730151.612
  0.261   730151.626
  0.256   730151.633
  0.269   730151.640
  0.251   730151.647
  0.232   730151.660
  0.257   730151.675
  0.254   730151.688
  0.277   730151.695
  0.306   730151.702
  0.266   730151.709
  0.272   730151.716
  0.269   730151.730
  0.265   730151.737
  0.267   730151.751
  0.241   730151.758
  0.247   730151.765
  0.260   730151.772
  0.236   730151.778
  0.233   730151.785
  0.238   730151.792
  0.232   730151.806
  0.309   730151.813
  0.219   730151.827
  0.236   730151.834
  0.259   730151.841
  0.215   730151.855
  0.214   730151.862
  0.240   730151.869
  0.221   730151.876
  0.224   730151.883
  0.232   730151.890
  0.242   730151.897
  0.231   730151.910
  0.216   730151.924
  0.230   730151.931
  0.251   730151.945
  0.239   730151.952
  0.284   730151.959
  0.207   730151.973
  0.223   730151.987
