  0.375   730151.001
  0.394   730151.008
  0.410   730151.015
  0.365   730151.022
  0.379   730151.029
  0.333   730151.036
  0.351   730151.043
  0.344   730151.050
  0.389   730151.057
  0.378   730151.064
  0.359   730151.071
    NaN   730151.078
  4.849   730151.085
  0.367   730151.092
  0.453   730151.099
  0.404   730151.106
  0.390   730151.113
  0.396   730151.119
  0.406   730151.126
  0.405   730151.133
  0.382   730151.140
  0.408   730151.147
  0.359   730151.154
  0.348   730151.161
  0.365   730151.168
  0.331   730151.175
  0.282   730151.182
  0.355   730151.189
  0.361   730151.196
  0.433   730151.203
  0.345   730151.210
  0.296   730151.217
  0.375   730151.224
  0.344   730151.231
  0.409   730151.238
  0.366   730151.244
  0.360   730151.251
  0.406   730151.258
  0.341   730151.265
  0.445   730151.272
  0.351   730151.279
  0.396   730151.286
  0.388   730151.293
  0.381   730151.300
  0.369   730151.307
  0.375   730151.314
  0.436   730151.321
  0.437   730151.328
  0.374   730151.335
  0.392   730151.342
  0.389   730151.349
  0.406   730151.356
  0.399   730151.363
  0.409   730151.369
  0.393   730151.376
  0.415   730151.383
  0.446   730151.390
  0.453   730151.397
  0.401   730151.404
  0.533   730151.411
  0.437   730151.418
  0.440   730151.425
  0.494   730151.432
  0.495   730151.439
  0.505   730151.446
  0.388   730151.453
  0.455   730151.460
  0.475   730151.467
  0.486   730151.474
  0.453   730151.481
  0.400   730151.488
  0.450   730151.494
  0.508   730151.501
  0.401   730151.508
  0.495   730151.515
  0.428   730151.522
  0.409   730151.529
  0.435   730151.536
  0.430   730151.543
  0.495   730151.550
  0.472   730151.557
  0.428   730151.564
  0.474   730151.571
    NaN   730151.578
  5.957   730151.585
  0.466   730151.592
  0.389   730151.599
  0.426   730151.606
  0.425   730151.613
  0.407   730151.619
  0.443   730151.626
  0.435   730151.633
  0.404   730151.640
  0.389   730151.647
  0.435   730151.654
  0.389   730151.661
  0.465   730151.668
  0.372   730151.676
  0.442   730151.681
  0.426   730151.689
  0.444   730151.696
  0.433   730151.703
  0.412   730151.710
  0.479   730151.717
  0.452   730151.724
  0.446   730151.731
  0.477   730151.738
  0.452   730151.744
  0.461   730151.751
  0.502   730151.758
  0.445   730151.765
  0.481   730151.772
  0.489   730151.779
  0.465   730151.786
  0.508   730151.793
  0.545   730151.800
  0.467   730151.807
  0.510   730151.814
  0.540   730151.821
  0.453   730151.828
  0.499   730151.835
  0.425   730151.842
  0.474   730151.849
  0.434   730151.856
  0.417   730151.863
  0.478   730151.869
  0.461   730151.876
  0.463   730151.883
  0.494   730151.890
  0.468   730151.897
  0.415   730151.904
  0.410   730151.911
  0.406   730151.925
  0.485   730151.932
  0.465   730151.939
  0.409   730151.946
  0.420   730151.953
  0.456   730151.960
  0.410   730151.967
  0.483   730151.974
  0.463   730151.981
  0.420   730151.988
  0.414   730151.994
