  0.579   730280.006
  0.814   730280.013
  0.665   730280.020
  0.664   730280.027
  0.621   730280.034
  0.644   730280.041
  0.643   730280.048
  0.831   730280.055
  0.805   730280.062
  0.758   730280.069
  0.819   730280.076
  0.729   730280.083
  0.832   730280.090
  0.876   730280.097
  1.045   730280.104
  0.960   730280.110
  0.899   730280.117
  1.126   730280.124
  1.013   730280.131
  1.100   730280.138
  1.050   730280.145
  1.042   730280.152
  1.068   730280.159
  1.072   730280.166
  1.052   730280.173
  0.951   730280.180
  1.068   730280.187
  1.023   730280.195
  1.066   730280.202
  1.015   730280.208
  0.901   730280.215
  0.934   730280.223
  1.099   730280.229
  1.125   730280.235
  1.373   730280.242
  3.725   730280.249
  1.104   730280.256
  1.122   730280.263
  1.026   730280.270
  1.114   730280.277
  1.096   730280.284
  1.139   730280.291
  1.118   730280.298
  1.430   730280.305
  1.118   730280.312
  1.243   730280.319
  1.224   730280.326
  1.277   730280.333
  1.239   730280.340
  1.349   730280.347
  1.270   730280.354
  1.164   730280.360
  1.306   730280.367
  1.235   730280.374
  1.275   730280.381
  1.335   730280.388
  1.216   730280.395
  1.135   730280.402
  1.219   730280.409
  1.233   730280.416
  1.168   730280.423
  0.981   730280.430
  1.084   730280.437
  1.126   730280.444
  0.921   730280.451
  0.953   730280.458
  1.067   730280.465
  1.083   730280.472
  1.035   730280.479
  0.859   730280.485
  0.894   730280.492
  0.980   730280.499
  0.888   730280.506
  1.054   730280.513
  0.963   730280.520
  1.110   730280.527
  1.013   730280.534
  0.869   730280.541
  0.881   730280.548
  0.933   730280.555
  0.958   730280.562
  0.948   730280.569
  1.050   730280.576
  0.989   730280.583
  1.001   730280.590
  1.032   730280.597
  1.121   730280.604
  1.133   730280.610
  1.123   730280.617
  1.056   730280.624
  1.043   730280.631
  0.945   730280.638
  1.055   730280.645
  1.056   730280.652
  1.001   730280.659
  1.006   730280.666
  1.046   730280.673
  1.121   730280.680
  1.137   730280.687
  0.959   730280.694
  0.998   730280.701
  0.910   730280.708
  1.122   730280.715
  1.067   730280.722
  0.907   730280.729
  0.905   730280.735
  0.931   730280.742
  1.013   730280.749
  0.982   730280.756
  0.912   730280.763
  0.953   730280.770
  1.069   730280.777
  0.973   730280.784
  0.956   730280.791
  1.008   730280.798
  0.921   730280.805
  1.045   730280.812
  0.931   730280.819
  0.892   730280.826
  0.937   730280.833
  1.003   730280.840
  1.006   730280.847
  0.949   730280.854
  0.930   730280.860
  1.024   730280.867
  0.985   730280.874
  0.980   730280.881
  1.092   730280.888
  0.973   730280.895
  1.018   730280.902
  0.953   730280.909
  1.069   730280.916
  1.021   730280.923
  0.918   730280.930
  1.029   730280.937
  1.017   730280.944
  1.025   730280.951
  1.101   730280.958
  1.032   730280.965
  1.258   730280.972
  0.990   730280.979
  1.064   730280.985
  0.912   730280.992
  1.083   730280.999
