  0.142   730280.001
  0.389   730280.007
  0.399   730280.014
  0.370   730280.024
  0.382   730280.028
  0.332   730280.035
  0.369   730280.042
  0.389   730280.049
  0.384   730280.056
  0.418   730280.063
  0.382   730280.070
  0.371   730280.077
  0.383   730280.084
  0.361   730280.091
  0.364   730280.098
  0.303   730280.105
  0.358   730280.111
  0.345   730280.118
  0.391   730280.125
  0.381   730280.132
  0.387   730280.139
  0.391   730280.146
  0.371   730280.153
  0.382   730280.160
  0.361   730280.167
  0.340   730280.174
  0.408   730280.181
  0.362   730280.192
  0.383   730280.199
  0.386   730280.207
  0.372   730280.216
  0.353   730280.224
  0.340   730280.226
  0.348   730280.230
  0.372   730280.236
  0.348   730280.243
  0.360   730280.250
  0.341   730280.257
  0.332   730280.264
  0.321   730280.271
  0.370   730280.278
  0.373   730280.285
  0.363   730280.292
  0.342   730280.299
  0.397   730280.306
  0.332   730280.313
  0.347   730280.320
  0.386   730280.327
  0.331   730280.334
  0.353   730280.341
  0.365   730280.348
  0.335   730280.354
  0.387   730280.361
  0.393   730280.368
  0.392   730280.375
  0.406   730280.382
  0.448   730280.389
  0.476   730280.396
  0.450   730280.403
  0.455   730280.410
  0.478   730280.417
  0.472   730280.424
  0.502   730280.431
  0.642   730280.438
  0.543   730280.445
  0.572   730280.452
  0.677   730280.459
  0.725   730280.466
  0.632   730280.473
 13.487   730280.479
  0.764   730280.486
  0.720   730280.493
  0.874   730280.500
  0.920   730280.507
  0.938   730280.514
  1.117   730280.521
  1.188   730280.528
  1.161   730280.535
  1.245   730280.542
  1.325   730280.549
  1.437   730280.556
  1.332   730280.563
  1.232   730280.570
  1.371   730280.577
  1.158   730280.584
  1.413   730280.591
  1.336   730280.598
  1.441   730280.605
  1.512   730280.611
  1.485   730280.618
  1.535   730280.625
  1.334   730280.632
  1.511   730280.639
  1.392   730280.646
  1.454   730280.653
  1.700   730280.660
  1.670   730280.667
  1.674   730280.674
  1.696   730280.681
  1.708   730280.688
  1.467   730280.695
  1.756   730280.702
  1.499   730280.709
  1.608   730280.716
  1.496   730280.723
  1.568   730280.730
  1.715   730280.736
  1.614   730280.743
  1.549   730280.750
  1.614   730280.757
  1.574   730280.764
  1.328   730280.771
  1.472   730280.778
  1.337   730280.785
  1.535   730280.792
  1.408   730280.799
  1.415   730280.806
  1.546   730280.813
  1.428   730280.820
  1.329   730280.827
  1.407   730280.834
  1.360   730280.841
  1.211   730280.848
  1.345   730280.855
  1.336   730280.862
  1.471   730280.868
  1.299   730280.875
  1.304   730280.882
  1.286   730280.889
  1.275   730280.896
  1.360   730280.903
  1.272   730280.910
  1.201   730280.917
  1.175   730280.924
  1.260   730280.931
  1.150   730280.938
  1.180   730280.945
  1.151   730280.952
  1.403   730280.959
  1.349   730280.966
  1.164   730280.973
  8.054   730280.980
  1.364   730280.986
  1.346   730280.993
