  0.742   730235.002
  1.048   730235.008
  1.274   730235.014
  1.175   730235.021
  0.993   730235.028
  0.994   730235.035
  1.144   730235.043
  0.943   730235.049
  1.044   730235.056
  0.922   730235.063
  0.856   730235.070
  0.780   730235.077
  0.905   730235.085
  0.889   730235.091
  1.031   730235.097
  0.898   730235.104
  0.823   730235.111
  0.903   730235.118
  0.820   730235.126
  0.973   730235.132
  1.092   730235.139
  0.928   730235.146
  0.995   730235.153
  0.929   730235.160
  1.033   730235.168
  1.009   730235.174
  0.929   730235.181
  0.987   730235.188
  1.068   730235.195
  0.978   730235.202
  1.005   730235.210
  1.004   730235.216
  1.067   730235.223
  0.954   730235.229
  0.890   730235.236
  0.901   730235.243
  0.886   730235.251
  0.912   730235.257
  0.936   730235.264
  0.938   730235.271
  1.010   730235.278
  1.081   730235.285
  1.011   730235.293
  1.003   730235.299
  1.086   730235.306
  1.042   730235.313
  1.053   730235.320
  1.042   730235.327
  1.215   730235.335
  1.072   730235.341
  1.122   730235.348
  1.183   730235.355
  1.073   730235.361
  1.080   730235.368
  1.142   730235.376
  1.113   730235.382
  1.138   730235.389
  1.144   730235.396
  1.149   730235.403
  1.032   730235.410
  1.131   730235.418
  1.057   730235.424
  1.066   730235.431
  0.957   730235.438
  1.235   730235.445
  1.113   730235.452
  1.074   730235.460
  1.102   730235.466
  1.009   730235.473
  1.049   730235.480
  0.966   730235.486
  1.037   730235.493
  1.006   730235.501
  0.984   730235.507
  1.051   730235.514
  1.100   730235.521
  0.955   730235.528
  0.895   730235.535
  1.104   730235.543
  0.900   730235.549
  0.813   730235.556
  0.869   730235.563
  1.203   730235.570
  0.844   730235.577
  1.002   730235.585
  0.968   730235.591
  0.908   730235.598
  0.827   730235.605
  0.759   730235.611
  0.819   730235.618
  0.755   730235.626
  0.733   730235.632
  0.870   730235.639
  0.779   730235.646
  0.759   730235.653
  0.742   730235.660
  0.734   730235.668
  0.786   730235.674
  0.687   730235.681
  0.721   730235.688
  0.646   730235.695
  0.695   730235.702
  0.817   730235.710
  0.730   730235.716
  0.752   730235.723
  0.734   730235.730
  0.680   730235.736
  0.668   730235.743
  0.644   730235.751
  0.633   730235.757
  0.595   730235.764
  0.699   730235.771
  0.643   730235.778
  0.658   730235.785
  0.618   730235.793
  0.598   730235.799
  0.678   730235.806
  0.667   730235.813
  0.648   730235.820
  0.606   730235.827
  0.630   730235.835
  0.636   730235.841
  0.629   730235.848
  0.689   730235.855
  0.599   730235.861
  0.659   730235.868
  0.610   730235.876
  8.052   730235.882
  0.589   730235.889
  0.592   730235.896
  0.608   730235.903
  0.589   730235.910
  0.599   730235.918
  0.580   730235.924
  0.591   730235.931
  0.584   730235.938
  0.507   730235.945
  0.540   730235.952
  0.522   730235.960
  0.496   730235.966
  0.577   730235.973
  0.602   730235.980
  0.463   730235.987
  0.518   730235.994
