  0.642   730338.000
  0.730   730338.007
  0.891   730338.014
  1.173   730338.021
  0.738   730338.028
  0.919   730338.035
  0.910   730338.042
  1.104   730338.049
  0.746   730338.055
  0.793   730338.063
  0.894   730338.070
  0.922   730338.076
  2.007   730338.083
  0.942   730338.090
  2.607   730338.097
  1.023   730338.104
  2.510   730338.111
  1.037   730338.118
  0.782   730338.125
  0.777   730338.132
  0.793   730338.139
  1.036   730338.146
  0.791   730338.153
  0.777   730338.160
  0.911   730338.167
  0.986   730338.174
  0.941   730338.181
  0.971   730338.188
  0.741   730338.195
  0.710   730338.202
  0.879   730338.208
  0.791   730338.215
  0.772   730338.222
  0.972   730338.229
  0.916   730338.236
  0.853   730338.243
  0.885   730338.250
  0.847   730338.257
  0.851   730338.264
  0.970   730338.271
  0.885   730338.278
  0.783   730338.285
  0.973   730338.292
  0.807   730338.299
  0.828   730338.306
  0.767   730338.313
  0.992   730338.320
  1.089   730338.326
  0.988   730338.333
  0.962   730338.340
  1.015   730338.347
  0.900   730338.354
  0.954   730338.361
  1.195   730338.368
  1.193   730338.375
  1.092   730338.382
  1.249   730338.389
  1.205   730338.396
  1.039   730338.403
  1.305   730338.410
  1.251   730338.417
  1.118   730338.424
  1.052   730338.431
  1.179   730338.438
  1.203   730338.445
  1.018   730338.451
  1.158   730338.458
  1.078   730338.465
  1.065   730338.472
  0.934   730338.479
  1.115   730338.486
  1.083   730338.493
  1.258   730338.500
  1.212   730338.507
  1.140   730338.514
  1.145   730338.521
  1.091   730338.528
  1.061   730338.535
  1.144   730338.542
  1.136   730338.549
  1.121   730338.556
  0.988   730338.563
  0.992   730338.570
  1.095   730338.576
  0.960   730338.583
  1.246   730338.590
  1.046   730338.597
  1.080   730338.604
  0.966   730338.611
  1.044   730338.618
  0.974   730338.625
  1.018   730338.632
  1.185   730338.639
  1.151   730338.646
  1.055   730338.653
  0.938   730338.660
  1.092   730338.667
  0.990   730338.674
  1.229   730338.681
  1.077   730338.688
  0.999   730338.694
  1.007   730338.702
  1.316   730338.708
  1.062   730338.715
  1.077   730338.722
  0.912   730338.729
  0.922   730338.736
  1.066   730338.743
  1.008   730338.750
  0.905   730338.757
  1.050   730338.764
  0.898   730338.771
  1.108   730338.778
  2.683   730338.785
  1.104   730338.792
  1.060   730338.799
  1.036   730338.806
  0.840   730338.813
  0.942   730338.820
  0.998   730338.826
  1.033   730338.834
  0.916   730338.840
  1.079   730338.847
  1.024   730338.854
  1.149   730338.861
  1.125   730338.868
  1.107   730338.875
  1.212   730338.882
  1.105   730338.889
  1.052   730338.896
  1.161   730338.903
  1.142   730338.910
  1.241   730338.917
  1.148   730338.924
  1.174   730338.931
  1.149   730338.938
  1.088   730338.945
  1.263   730338.951
  1.256   730338.958
  1.145   730338.965
  1.109   730338.972
  1.103   730338.979
  1.120   730338.986
  1.080   730338.993
