  0.314   730338.001
  0.059   730338.001
  0.237   730338.001
  0.327   730338.008
  0.340   730338.015
  0.318   730338.022
  0.520   730338.029
  0.285   730338.035
  0.328   730338.043
  0.336   730338.050
  0.343   730338.056
  0.268   730338.063
  0.293   730338.070
  0.282   730338.077
  0.663   730338.084
  0.264   730338.091
  0.308   730338.098
  0.269   730338.105
  0.652   730338.112
  0.293   730338.119
  0.264   730338.126
  0.252   730338.133
  0.298   730338.140
  0.274   730338.147
  0.248   730338.153
  0.310   730338.160
  0.287   730338.167
  0.287   730338.174
  0.273   730338.181
  0.283   730338.188
  0.271   730338.195
  0.296   730338.202
  0.289   730338.209
  0.276   730338.216
  0.260   730338.223
  0.302   730338.230
  0.300   730338.237
  0.292   730338.244
  0.266   730338.251
  0.288   730338.258
  0.290   730338.265
  0.287   730338.272
  0.292   730338.279
  0.281   730338.286
  0.296   730338.292
  0.239   730338.299
  0.264   730338.306
  0.245   730338.313
  0.256   730338.320
  0.244   730338.327
  0.289   730338.334
  2.181   730338.341
  0.259   730338.348
  0.241   730338.355
  0.269   730338.362
  0.271   730338.369
  0.285   730338.376
  0.258   730338.383
  0.650   730338.390
  0.251   730338.397
  0.261   730338.404
  0.278   730338.411
  0.275   730338.417
  0.234   730338.425
  0.247   730338.431
  0.224   730338.438
  0.228   730338.445
  0.263   730338.452
  0.240   730338.459
  0.241   730338.466
  0.218   730338.473
  0.238   730338.480
  0.248   730338.487
  0.243   730338.494
  0.275   730338.501
  0.231   730338.508
  0.232   730338.515
  0.235   730338.522
  0.232   730338.528
  0.234   730338.535
  0.220   730338.542
  0.251   730338.549
  0.227   730338.556
  0.246   730338.563
  0.251   730338.570
  0.227   730338.577
  0.231   730338.584
  0.207   730338.591
  0.229   730338.598
  0.225   730338.605
  0.208   730338.612
  0.219   730338.619
  0.210   730338.626
  0.229   730338.633
  0.207   730338.640
  0.191   730338.647
  0.251   730338.654
  0.230   730338.660
  0.187   730338.667
  0.202   730338.674
  0.227   730338.681
  0.220   730338.688
  0.202   730338.695
  0.200   730338.702
  0.545   730338.709
  0.225   730338.716
  0.208   730338.723
  0.216   730338.730
  0.195   730338.737
  0.201   730338.744
  0.220   730338.751
  0.211   730338.758
  0.206   730338.765
  0.195   730338.772
  0.195   730338.779
  0.446   730338.785
  0.201   730338.793
  0.232   730338.799
  0.235   730338.806
  0.224   730338.813
  0.211   730338.820
  0.215   730338.827
  0.287   730338.834
  2.693   730338.841
  0.045   730338.848
  0.121   730338.855
  0.257   730338.862
  0.273   730338.869
  2.926   730338.876
  0.256   730338.883
  0.274   730338.890
  0.264   730338.897
  0.289   730338.903
  0.252   730338.910
  0.245   730338.918
  0.251   730338.924
  0.306   730338.931
  0.308   730338.938
  0.208   730338.945
  0.273   730338.952
  0.239   730338.959
  0.274   730338.966
  0.250   730338.973
  0.224   730338.980
  0.226   730338.987
  0.246   730338.994
