  0.408   730338.001
  0.055   730338.001
  0.216   730338.001
  0.349   730338.008
  0.383   730338.015
  0.416   730338.022
  0.476   730338.029
  0.374   730338.035
  0.360   730338.043
  0.374   730338.050
  0.332   730338.056
  0.395   730338.063
  0.392   730338.070
  0.366   730338.077
  0.761   730338.084
  0.382   730338.091
  0.394   730338.098
  0.358   730338.105
  0.651   730338.112
  0.325   730338.119
  0.371   730338.126
  0.330   730338.133
  0.418   730338.140
  0.383   730338.147
  0.339   730338.153
  0.388   730338.160
  0.402   730338.167
  0.366   730338.174
  0.372   730338.181
  0.360   730338.188
  0.413   730338.195
  0.388   730338.202
  0.363   730338.209
  0.321   730338.216
  0.340   730338.223
  0.338   730338.230
  0.375   730338.237
  0.374   730338.244
  0.370   730338.251
  0.356   730338.258
  0.351   730338.265
  0.343   730338.272
  0.335   730338.279
  0.336   730338.286
  0.321   730338.292
  0.369   730338.299
  0.337   730338.306
  0.349   730338.313
  0.360   730338.320
  0.344   730338.327
  0.338   730338.334
  0.324   730338.341
  0.345   730338.348
  0.335   730338.355
  0.365   730338.362
  0.344   730338.369
  0.348   730338.376
  0.357   730338.383
  0.335   730338.390
  0.344   730338.397
  0.367   730338.404
  0.343   730338.411
  4.736   730338.417
  0.330   730338.425
  0.345   730338.431
  0.359   730338.438
  0.321   730338.445
  0.352   730338.452
  0.322   730338.459
  0.293   730338.466
  0.313   730338.473
  0.307   730338.480
  0.337   730338.487
  0.339   730338.494
  0.349   730338.501
  0.356   730338.508
  0.365   730338.515
  0.347   730338.522
  0.341   730338.528
  0.356   730338.535
  0.343   730338.542
  0.312   730338.549
  0.353   730338.556
  0.306   730338.563
  0.349   730338.570
  0.366   730338.577
  0.335   730338.584
  0.328   730338.591
  0.340   730338.598
  0.306   730338.605
  0.335   730338.612
  0.326   730338.619
  0.309   730338.626
  0.343   730338.633
  0.325   730338.640
  0.282   730338.647
  0.304   730338.654
  0.301   730338.660
  0.285   730338.667
  0.291   730338.674
  0.299   730338.681
  0.279   730338.688
  0.312   730338.695
  0.305   730338.702
  0.459   730338.709
  0.344   730338.716
  0.316   730338.723
  0.308   730338.730
  0.299   730338.737
  0.320   730338.744
  0.319   730338.751
  0.267   730338.758
  0.317   730338.765
  0.322   730338.772
  0.277   730338.779
  0.348   730338.785
  0.309   730338.793
  0.278   730338.799
  0.304   730338.806
  0.283   730338.813
  0.301   730338.820
  0.268   730338.827
  0.294   730338.834
  0.268   730338.841
  0.296   730338.848
  0.273   730338.855
  0.277   730338.862
  0.297   730338.869
  0.261   730338.876
  0.292   730338.883
  0.281   730338.890
  0.339   730338.897
  0.298   730338.903
  0.283   730338.910
  8.774   730338.918
  0.260   730338.924
  0.265   730338.931
  0.257   730338.938
  0.261   730338.945
  0.256   730338.952
  0.255   730338.959
  0.258   730338.966
  0.231   730338.973
  0.245   730338.980
  0.256   730338.987
  0.252   730338.994
