  0.430   730036.090
  0.410   730036.100
  0.410   730036.110
  0.390   730036.110
  0.390   730036.120
  0.370   730036.130
  0.410   730036.140
  0.380   730036.140
  0.410   730036.150
  0.380   730036.160
  0.360   730036.160
  0.410   730036.170
  0.400   730036.180
  0.410   730036.180
  0.410   730036.190
  0.430   730036.200
  0.410   730036.200
  0.410   730036.210
  0.370   730036.220
  0.360   730036.230
  0.360   730036.230
  0.360   730036.240
  0.360   730036.250
  0.390   730036.250
  0.350   730036.260
  0.380   730036.270
  0.330   730036.270
  0.350   730036.280
  0.320   730036.290
  0.320   730036.290
  0.330   730036.300
  0.340   730036.310
  0.310   730036.320
  0.310   730036.320
  0.330   730036.330
  0.320   730036.340
  0.330   730036.340
  0.340   730036.350
  0.300   730036.360
  0.300   730036.360
  0.300   730036.370
  0.320   730036.380
  0.310   730036.380
  0.270   730036.390
  0.320   730036.400
  0.330   730036.410
  0.290   730036.410
  0.310   730036.420
  0.290   730036.430
  0.320   730036.430
  0.290   730036.440
  0.320   730036.450
  0.300   730036.450
  0.300   730036.460
  0.270   730036.470
  0.270   730036.480
  0.290   730036.480
  0.280   730036.490
  0.280   730036.500
  0.290   730036.500
  0.290   730036.510
  0.290   730036.520
  0.300   730036.520
  0.280   730036.530
  0.290   730036.540
  0.270   730036.550
  0.280   730036.550
  0.280   730036.560
  0.280   730036.570
  0.290   730036.570
    NaN   730036.580
  0.280   730036.590
  0.280   730036.590
  0.270   730036.600
  0.280   730036.610
  0.250   730036.610
  0.260   730036.620
  0.290   730036.630
  0.260   730036.630
  0.260   730036.640
  0.260   730036.650
  0.290   730036.660
  0.280   730036.660
  0.250   730036.670
  0.260   730036.680
  0.260   730036.680
  0.260   730036.690
  0.240   730036.700
  0.260   730036.700
  0.250   730036.710
  0.250   730036.720
  0.250   730036.730
  0.270   730036.730
  0.240   730036.740
  0.240   730036.750
  0.240   730036.750
  0.230   730036.760
  0.310   730036.770
  0.240   730036.770
  0.240   730036.780
  0.250   730036.790
  0.250   730036.800
  0.250   730036.800
  0.230   730036.810
  0.250   730036.820
  0.240   730036.820
  0.230   730036.830
  0.240   730036.840
  0.210   730036.840
  0.210   730036.850
  0.220   730036.860
  0.220   730036.860
  0.210   730036.870
  0.200   730036.880
  0.220   730036.880
  0.190   730036.890
  0.200   730036.900
  0.290   730036.910
  0.310   730036.910
  0.210   730036.920
  0.200   730036.930
  0.200   730036.930
  0.190   730036.940
  0.200   730036.950
  0.200   730036.950
  0.200   730036.960
  0.180   730036.970
  0.190   730036.980
  0.190   730036.980
  0.180   730036.990
