  2.270   730036.090
  3.620   730036.100
  3.860   730036.110
  3.460   730036.110
  1.300   730036.120
  0.890   730036.130
  0.900   730036.140
  0.930   730036.140
  0.960   730036.150
  0.910   730036.160
  0.940   730036.160
  1.010   730036.170
  0.960   730036.180
  0.910   730036.180
  1.030   730036.190
  1.060   730036.200
  0.990   730036.200
  0.930   730036.210
  1.020   730036.220
  1.000   730036.230
  1.010   730036.230
  1.010   730036.240
  1.030   730036.250
  1.030   730036.250
  1.100   730036.260
  1.050   730036.270
  1.040   730036.270
  1.130   730036.280
  0.850   730036.290
  1.010   730036.290
  0.960   730036.300
  0.990   730036.310
  0.890   730036.320
  0.820   730036.320
  0.890   730036.330
  0.780   730036.340
  0.760   730036.340
  0.760   730036.350
  0.770   730036.360
  0.710   730036.360
  0.710   730036.370
  0.700   730036.380
  0.670   730036.380
  0.620   730036.390
  0.660   730036.400
    NaN   730036.410
    NaN   730036.410
  0.630   730036.420
  0.570   730036.430
  0.720   730036.430
  0.680   730036.440
  0.670   730036.450
  0.600   730036.450
  0.590   730036.460
  0.570   730036.470
  0.640   730036.480
  0.620   730036.480
  0.660   730036.490
  0.600   730036.500
  0.660   730036.500
  0.570   730036.510
  0.630   730036.520
  0.610   730036.520
  0.600   730036.530
  0.580   730036.540
  0.630   730036.550
  0.610   730036.550
  0.620   730036.560
  0.690   730036.570
  0.610   730036.570
  0.570   730036.580
  0.550   730036.590
  0.610   730036.590
  0.570   730036.600
  0.640   730036.610
  0.590   730036.610
  0.560   730036.620
  0.590   730036.630
  0.620   730036.630
  0.590   730036.640
  0.600   730036.650
  0.510   730036.660
  0.560   730036.660
  0.540   730036.670
  0.590   730036.680
  0.560   730036.680
  0.530   730036.690
  0.560   730036.700
  0.570   730036.700
  0.520   730036.710
  0.580   730036.720
  0.530   730036.730
  0.580   730036.730
  0.560   730036.740
  0.540   730036.750
  0.530   730036.750
  0.580   730036.760
  0.610   730036.770
  0.540   730036.770
  0.490   730036.780
  0.510   730036.790
  0.470   730036.800
  0.530   730036.800
  0.540   730036.810
  0.520   730036.820
  0.500   730036.820
  0.530   730036.830
  0.530   730036.840
  0.460   730036.840
  0.480   730036.850
  0.500   730036.860
  0.490   730036.860
  0.480   730036.870
  0.450   730036.880
  0.430   730036.880
  0.440   730036.890
  0.470   730036.900
    NaN   730036.910
    NaN   730036.910
  0.460   730036.920
  0.440   730036.930
  0.410   730036.930
  0.410   730036.940
  0.420   730036.950
  0.370   730036.950
  0.420   730036.960
  0.360   730036.970
  0.380   730036.980
  0.390   730036.980
  0.400   730036.990
