  0.870   730036.090
  6.550   730036.100
  8.430   730036.100
  8.820   730036.110
  4.630   730036.120
  0.860   730036.120
  0.800   730036.130
  0.820   730036.140
  1.110   730036.140
  0.940   730036.150
  0.870   730036.160
  0.980   730036.160
  0.940   730036.170
  0.960   730036.180
  4.020   730036.190
  8.610   730036.190
  3.520   730036.200
  0.890   730036.210
  1.140   730036.210
  1.460   730036.220
  1.810   730036.230
  2.290   730036.230
    NaN   730036.240
  6.550   730036.250
 16.290   730036.250
 18.380   730036.260
 17.430   730036.270
 15.390   730036.280
 20.740   730036.280
 20.610   730036.290
 10.830   730036.300
 11.360   730036.300
  9.040   730036.310
 16.200   730036.320
  9.570   730036.320
  6.090   730036.330
  7.290   730036.340
  4.540   730036.350
  5.620   730036.350
  8.540   730036.360
  2.470   730036.370
  9.050   730036.370
  9.240   730036.380
 12.910   730036.390
 16.210   730036.390
 14.370   730036.400
  6.600   730036.410
  8.800   730036.410
 11.750   730036.420
 11.760   730036.430
 11.000   730036.440
  8.040   730036.440
  6.680   730036.450
  4.360   730036.460
  6.010   730036.460
 10.930   730036.470
 10.930   730036.480
  7.610   730036.480
  7.300   730036.490
  9.510   730036.500
 10.620   730036.500
  5.230   730036.510
  6.710   730036.520
  3.460   730036.530
  5.660   730036.530
 11.370   730036.540
  5.550   730036.550
  0.670   730036.550
  0.660   730036.560
  0.670   730036.570
  0.650   730036.570
  0.760   730036.580
  0.640   730036.590
  0.690   730036.600
  0.710   730036.600
  1.730   730036.610
  2.870   730036.620
  0.690   730036.620
  0.630   730036.630
  0.650   730036.640
  0.620   730036.640
  0.670   730036.650
  0.660   730036.660
  0.730   730036.660
  0.710   730036.670
  0.710   730036.680
  0.750   730036.690
  0.790   730036.690
  5.240   730036.700
  8.320   730036.710
  2.750   730036.710
  0.580   730036.720
  0.640   730036.730
    NaN   730036.730
    NaN   730036.740
  0.630   730036.750
  0.610   730036.760
  0.610   730036.760
  0.990   730036.770
  0.570   730036.780
  0.610   730036.780
  0.620   730036.790
  0.640   730036.800
  0.590   730036.800
  0.520   730036.810
  1.060   730036.820
  0.670   730036.820
  0.560   730036.830
  0.510   730036.840
  0.530   730036.850
  0.500   730036.850
  0.470   730036.860
  0.530   730036.870
  0.530   730036.870
  0.510   730036.880
  0.540   730036.890
  0.510   730036.890
  0.580   730036.900
  0.620   730036.910
  0.440   730036.920
  0.490   730036.920
  0.540   730036.930
  0.490   730036.940
  0.450   730036.940
  0.510   730036.950
  0.480   730036.960
  0.520   730036.960
  0.500   730036.970
  0.500   730036.980
  0.560   730036.980
  0.520   730036.990
