  0.524   730254.001
  0.863   730254.007
  0.818   730254.014
  0.865   730254.021
  0.825   730254.022
  0.871   730254.028
  0.813   730254.035
  0.674   730254.042
  0.689   730254.048
  0.659   730254.055
  0.812   730254.062
  0.767   730254.069
  0.723   730254.076
  0.741   730254.084
  0.820   730254.090
  0.749   730254.097
  0.762   730254.104
  0.753   730254.111
  0.711   730254.118
  0.747   730254.125
  0.642   730254.132
  0.958   730254.139
  0.709   730254.146
  0.684   730254.153
  0.748   730254.160
  0.709   730254.167
  0.672   730254.173
  0.693   730254.180
  0.623   730254.187
  0.323   730254.194
  0.786   730254.201
  0.683   730254.209
  0.654   730254.215
  0.718   730254.222
  0.623   730254.229
  0.667   730254.236
  0.627   730254.243
  0.677   730254.250
  3.593   730254.257
  0.653   730254.264
  0.646   730254.271
  0.637   730254.278
  0.681   730254.285
  0.721   730254.292
  0.736   730254.298
  0.616   730254.305
  0.785   730254.312
  0.765   730254.319
  0.742   730254.326
  0.591   730254.334
  0.811   730254.340
  0.659   730254.347
  0.718   730254.354
  0.738   730254.361
  0.763   730254.368
  0.777   730254.375
  0.855   730254.382
  0.870   730254.389
  0.825   730254.396
  0.817   730254.403
  0.935   730254.410
  0.949   730254.417
  1.029   730254.424
  0.971   730254.431
  1.021   730254.438
  0.880   730254.445
  1.131   730254.452
  0.906   730254.459
  1.036   730254.465
  1.095   730254.472
  0.922   730254.479
  1.030   730254.486
  1.111   730254.493
  1.042   730254.501
  1.006   730254.507
  0.929   730254.514
  1.027   730254.521
  0.992   730254.528
  0.830   730254.535
  0.961   730254.542
  0.894   730254.549
  0.733   730254.557
  0.784   730254.566
  0.701   730254.576
  0.756   730254.582
  0.848   730254.595
  0.809   730254.608
  0.746   730254.615
  0.716   730254.626
  0.745   730254.630
  0.784   730254.640
  0.784   730254.643
  0.755   730254.656
  0.813   730254.669
  0.814   730254.669
  0.819   730254.688
  0.728   730254.695
  0.843   730254.702
  0.770   730254.709
  0.765   730254.716
  0.883   730254.722
  0.742   730254.729
  0.705   730254.986
  0.748   730254.993
