  0.597   730254.000
  2.224   730254.007
  2.281   730254.014
  2.350   730254.020
  2.000   730254.022
  2.441   730254.027
  2.108   730254.034
  2.527   730254.042
  2.288   730254.048
  2.442   730254.055
  2.418   730254.062
  2.489   730254.069
  2.380   730254.076
  2.868   730254.083
  2.517   730254.090
  2.952   730254.097
  2.680   730254.104
  2.629   730254.111
  2.447   730254.118
  2.535   730254.125
  2.688   730254.132
  2.674   730254.139
  2.274   730254.145
  2.520   730254.152
  2.376   730254.159
  2.631   730254.167
  2.484   730254.173
  2.489   730254.180
  2.615   730254.187
  3.582   730254.194
  2.370   730254.201
  2.726   730254.208
  2.488   730254.215
  2.456   730254.222
  3.012   730254.229
  2.602   730254.236
 12.024   730254.243
  3.064   730254.250
  3.035   730254.257
  3.240   730254.264
  3.162   730254.270
  3.277   730254.277
  3.049   730254.284
  2.795   730254.292
  3.140   730254.298
  2.867   730254.305
  2.961   730254.312
  3.256   730254.319
  2.953   730254.326
  2.663   730254.333
  2.982   730254.340
  2.948   730254.347
  2.818   730254.354
  2.837   730254.361
  2.965   730254.368
  2.906   730254.375
  3.271   730254.382
  3.230   730254.389
  3.195   730254.395
  3.334   730254.402
  2.879   730254.410
  3.144   730254.417
  3.061   730254.424
  3.234   730254.430
  3.234   730254.437
  3.333   730254.444
  3.213   730254.451
  3.096   730254.459
  3.264   730254.465
  3.113   730254.472
  3.401   730254.479
  3.057   730254.486
  3.180   730254.493
  3.173   730254.500
  3.329   730254.507
  3.513   730254.514
  3.125   730254.521
  3.639   730254.528
  3.352   730254.535
  3.207   730254.542
  3.137   730254.549
  3.724   730254.556
  3.199   730254.566
  3.476   730254.576
  3.560   730254.581
  3.406   730254.594
  3.245   730254.602
  3.817   730254.611
  3.435   730254.618
  3.495   730254.626
  3.678   730254.635
  3.402   730254.636
  3.384   730254.646
  3.087   730254.659
  3.165   730254.659
  3.432   730254.687
  3.910   730254.694
  3.818   730254.701
  4.479   730254.709
  4.532   730254.715
  4.162   730254.722
  3.967   730254.729
  3.366   730254.986
  3.353   730254.993
