  0.520   729389.000
  0.527   729389.010
  0.499   729389.021
  0.534   729389.031
  0.516   729389.042
  0.517   729389.052
  0.521   729389.063
  0.559   729389.073
  0.602   729389.083
  0.604   729389.094
  0.609   729389.104
  0.541   729389.115
  0.584   729389.125
  0.619   729389.135
  0.623   729389.146
  0.537   729389.156
  0.517   729389.167
  0.607   729389.177
  0.604   729389.188
  0.585   729389.198
  0.577   729389.208
  0.546   729389.219
  0.583   729389.229
  0.581   729389.240
  0.559   729389.250
  0.578   729389.260
  0.581   729389.271
  0.536   729389.281
  0.535   729389.292
  0.584   729389.302
  0.575   729389.313
  0.596   729389.323
  0.586   729389.333
  0.601   729389.344
  0.602   729389.354
  0.625   729389.365
  0.614   729389.375
  0.598   729389.385
  0.535   729389.396
  0.510   729389.406
  0.531   729389.417
  0.520   729389.427
  0.540   729389.438
  0.475   729389.448
  0.544   729389.458
  0.475   729389.469
  0.554   729389.479
  0.521   729389.490
  0.580   729389.500
  0.490   729389.510
  0.621   729389.521
  0.517   729389.531
  0.537   729389.542
  0.542   729389.552
  0.535   729389.563
  0.548   729389.573
  0.533   729389.583
  0.500   729389.594
  0.574   729389.604
  0.531   729389.615
  0.513   729389.625
  0.554   729389.635
  0.484   729389.646
  0.488   729389.656
  0.557   729389.667
  0.473   729389.677
  0.574   729389.688
