 11.121   730317.000
  0.000   730317.007
  0.000   730317.014
  0.000   730317.021
  0.000   730317.028
  0.000   730317.035
  0.000   730317.042
  0.000   730317.048
  0.000   730317.055
  0.000   730317.062
  2.256   730317.069
  0.000   730317.076
  0.000   730317.083
  0.000   730317.090
  0.000   730317.097
  0.000   730317.098
  9.000   730317.104
  0.610   730317.104
  0.824   730317.111
  0.854   730317.111
  0.880   730317.118
  1.984   730317.118
  0.628   730317.125
  0.735   730317.125
  0.727   730317.132
  0.731   730317.132
  0.680   730317.139
  0.685   730317.139
  0.882   730317.146
  0.876   730317.146
  0.831   730317.153
  0.837   730317.153
  0.795   730317.160
  0.793   730317.160
  0.717   730317.167
  0.715   730317.167
  0.730   730317.174
  0.746   730317.174
  0.778   730317.181
  0.778   730317.181
  0.742   730317.188
  0.752   730317.188
  0.748   730317.195
  0.748   730317.195
 35.025   730317.202
 35.221   730317.202
  0.754   730317.209
  0.758   730317.209
  0.813   730317.216
  0.810   730317.216
  0.656   730317.222
  0.659   730317.223
  0.665   730317.229
  0.664   730317.229
  0.665   730317.236
  0.665   730317.236
  0.670   730317.243
  0.662   730317.243
  0.694   730317.250
  0.691   730317.250
  0.673   730317.257
  0.679   730317.257
  0.617   730317.264
  0.619   730317.264
  0.743   730317.271
  0.742   730317.271
  0.643   730317.278
  0.708   730317.278
  0.588   730317.285
  0.589   730317.285
  0.682   730317.292
  0.681   730317.292
  0.659   730317.299
  0.660   730317.299
  0.581   730317.306
  0.597   730317.306
  0.562   730317.313
  0.560   730317.313
  0.507   730317.320
  0.506   730317.320
  0.709   730317.327
  0.708   730317.327
  0.559   730317.334
  0.561   730317.334
  0.606   730317.341
  0.605   730317.341
  0.603   730317.348
  0.603   730317.348
  0.571   730317.354
  0.574   730317.354
  0.535   730317.361
  0.608   730317.361
  0.613   730317.368
  0.613   730317.368
  0.674   730317.375
  0.681   730317.375
  0.615   730317.382
  0.615   730317.382
  0.639   730317.389
  0.639   730317.389
  0.684   730317.396
  0.666   730317.396
  0.662   730317.403
  0.661   730317.403
  0.636   730317.410
  0.620   730317.410
  0.630   730317.417
  0.626   730317.417
  0.578   730317.424
  0.575   730317.424
  0.605   730317.431
  0.601   730317.431
  0.665   730317.438
  0.661   730317.438
  0.632   730317.445
  0.631   730317.445
  0.654   730317.452
  0.655   730317.452
  0.633   730317.459
  0.631   730317.459
  0.638   730317.466
  0.645   730317.466
  0.580   730317.473
  0.575   730317.473
  0.546   730317.479
  0.547   730317.479
  0.604   730317.486
  0.602   730317.486
  0.680   730317.493
  0.678   730317.493
 11.000   730317.500
 10.957   730317.500
  0.000   730317.507
  0.000   730317.507
  0.000   730317.514
  0.000   730317.514
  0.000   730317.521
  0.000   730317.521
  1.700   730317.528
  1.700   730317.528
  0.000   730317.535
  0.000   730317.535
  0.000   730317.542
  0.000   730317.542
  0.000   730317.549
  0.000   730317.549
  0.000   730317.556
  0.000   730317.556
  0.000   730317.563
  0.000   730317.563
  0.000   730317.570
  0.000   730317.570
 17.421   730317.577
 17.285   730317.577
  0.000   730317.584
  0.000   730317.584
  0.000   730317.591
  0.000   730317.591
  0.000   730317.598
  0.000   730317.598
  0.000   730317.605
  0.000   730317.605
  0.000   730317.611
  0.000   730317.612
  0.000   730317.618
  0.000   730317.618
 17.093   730317.626
 16.889   730317.626
  0.000   730317.632
  0.000   730317.632
  0.000   730317.639
  0.000   730317.639
  0.000   730317.646
  0.000   730317.646
  0.000   730317.653
  0.000   730317.653
  0.000   730317.660
  0.000   730317.660
  0.000   730317.667
  0.000   730317.667
  0.000   730317.674
  0.000   730317.674
  0.000   730317.681
  0.000   730317.681
  0.000   730317.688
  0.000   730317.688
  0.000   730317.695
  0.000   730317.695
 13.012   730317.702
 14.172   730317.702
  0.000   730317.709
  0.000   730317.709
  0.000   730317.716
  0.000   730317.716
  0.000   730317.723
  0.000   730317.723
  0.000   730317.730
  0.000   730317.730
  0.000   730317.737
  0.000   730317.737
  0.000   730317.744
  0.000   730317.744
  0.085   730317.751
  0.080   730317.751
  0.000   730317.757
  0.000   730317.757
  0.000   730317.764
  0.000   730317.764
  0.000   730317.771
  0.000   730317.771
  0.000   730317.778
  0.000   730317.778
  0.000   730317.785
  0.000   730317.785
  0.000   730317.792
  0.000   730317.792
  0.000   730317.799
  0.000   730317.799
  0.000   730317.806
  0.000   730317.806
  0.000   730317.813
  0.000   730317.813
  0.000   730317.820
    NaN   730317.820
  0.000   730317.827
  0.000   730317.827
  0.000   730317.834
  0.000   730317.834
  0.000   730317.841
  0.000   730317.841
  0.000   730317.848
  0.000   730317.848
  0.000   730317.855
  0.000   730317.855
  0.000   730317.862
  0.000   730317.862
  0.000   730317.869
  0.000   730317.869
  0.000   730317.876
  0.000   730317.876
  0.000   730317.882
  0.000   730317.882
  0.000   730317.889
  0.000   730317.889
  1.728   730317.896
  4.335   730317.896
  0.000   730317.903
  0.000   730317.903
  0.000   730317.910
  0.000   730317.910
  0.000   730317.917
  0.000   730317.917
  0.000   730317.924
  0.000   730317.924
  0.000   730317.931
  0.000   730317.931
  0.000   730317.938
  0.000   730317.938
  0.000   730317.945
  0.000   730317.945
  0.000   730317.952
  0.000   730317.952
  0.000   730317.959
  0.000   730317.959
  0.000   730317.966
  0.000   730317.966
  0.000   730317.973
  0.000   730317.973
  0.000   730317.980
  0.000   730317.980
  0.000   730317.987
  0.000   730317.987
  0.000   730317.993
  0.000   730317.994
