  9.711   730347.000
 10.023   730347.000
  1.466   730347.000
    NaN   730347.007
  9.330   730347.007
 48.550   730347.014
  9.714   730347.014
    NaN   730347.021
  8.494   730347.021
    NaN   730347.028
  8.933   730347.028
    NaN   730347.035
  7.739   730347.035
 93.855   730347.042
 20.610   730347.042
    NaN   730347.049
  7.888   730347.049
    NaN   730347.055
  7.412   730347.055
    NaN   730347.063
  7.912   730347.063
    NaN   730347.069
  7.041   730347.069
    NaN   730347.076
  5.768   730347.076
    NaN   730347.083
  5.400   730347.083
 96.437   730347.090
  5.864   730347.090
    NaN   730347.097
  5.777   730347.097
    NaN   730347.104
  5.215   730347.104
    NaN   730347.111
  5.431   730347.111
    NaN   730347.118
  5.070   730347.118
    NaN   730347.125
  4.816   730347.125
    NaN   730347.132
  5.232   730347.132
    NaN   730347.139
  4.841   730347.139
    NaN   730347.146
  4.302   730347.146
    NaN   730347.153
  5.028   730347.153
    NaN   730347.160
  4.550   730347.160
    NaN   730347.167
  4.742   730347.167
    NaN   730347.174
  4.480   730347.174
 10.297   730347.181
  5.304   730347.181
    NaN   730347.188
  4.470   730347.188
    NaN   730347.195
  7.025   730347.195
    NaN   730347.201
  3.967   730347.201
    NaN   730347.208
  4.204   730347.208
 28.052   730347.215
  4.334   730347.215
    NaN   730347.222
  4.082   730347.222
    NaN   730347.229
  4.244   730347.229
    NaN   730347.236
  3.622   730347.236
    NaN   730347.243
  4.161   730347.243
    NaN   730347.250
  3.945   730347.250
    NaN   730347.257
  3.787   730347.257
    NaN   730347.264
  3.927   730347.264
    NaN   730347.271
  4.259   730347.271
    NaN   730347.278
  4.010   730347.278
  8.740   730347.285
  4.312   730347.285
    NaN   730347.292
  4.291   730347.292
    NaN   730347.299
  4.674   730347.299
    NaN   730347.306
  4.450   730347.306
    NaN   730347.313
  4.459   730347.313
    NaN   730347.319
  5.209   730347.319
    NaN   730347.326
  5.715   730347.326
 63.951   730347.333
  5.167   730347.333
    NaN   730347.340
  5.055   730347.340
    NaN   730347.347
  5.430   730347.347
    NaN   730347.354
  5.312   730347.354
 18.538   730347.361
  5.676   730347.361
    NaN   730347.368
  5.549   730347.368
    NaN   730347.375
  6.706   730347.375
    NaN   730347.382
  6.657   730347.382
 17.401   730347.389
  5.977   730347.389
    NaN   730347.396
  6.207   730347.396
    NaN   730347.403
  6.917   730347.403
    NaN   730347.410
  7.247   730347.410
    NaN   730347.417
  6.616   730347.417
    NaN   730347.424
  7.072   730347.424
    NaN   730347.431
  6.760   730347.431
    NaN   730347.438
  7.120   730347.438
    NaN   730347.444
  7.495   730347.444
 13.694   730347.452
  8.439   730347.452
    NaN   730347.458
  8.735   730347.458
    NaN   730347.465
  9.797   730347.465
    NaN   730347.472
  8.090   730347.472
    NaN   730347.479
  8.753   730347.479
    NaN   730347.486
  8.158   730347.486
    NaN   730347.493
  9.856   730347.493
    NaN   730347.500
  8.842   730347.500
    NaN   730347.507
  9.126   730347.507
    NaN   730347.514
  9.096   730347.514
    NaN   730347.521
  8.877   730347.521
 19.280   730347.528
  8.218   730347.528
    NaN   730347.535
  8.484   730347.535
    NaN   730347.542
  8.038   730347.542
    NaN   730347.549
  8.789   730347.549
    NaN   730347.556
  7.850   730347.556
    NaN   730347.563
  7.695   730347.563
    NaN   730347.570
  6.938   730347.570
    NaN   730347.576
  8.030   730347.576
    NaN   730347.583
  7.488   730347.583
    NaN   730347.590
  7.887   730347.590
    NaN   730347.597
  7.339   730347.597
    NaN   730347.604
  7.587   730347.604
    NaN   730347.611
  7.751   730347.611
    NaN   730347.618
  8.018   730347.618
    NaN   730347.625
  7.013   730347.625
    NaN   730347.632
  7.196   730347.632
    NaN   730347.639
  6.821   730347.639
    NaN   730347.646
  6.469   730347.646
    NaN   730347.653
  6.604   730347.653
  6.532   730347.660
  6.428   730347.667
  6.684   730347.674
  6.821   730347.681
  6.341   730347.688
 16.997   730347.694
  6.722   730347.701
  5.633   730347.708
  5.995   730347.715
  5.600   730347.722
  5.254   730347.729
  5.620   730347.736
  5.111   730347.743
  5.049   730347.750
  4.696   730347.757
  4.992   730347.764
  4.809   730347.771
  4.539   730347.778
  4.631   730347.785
  4.615   730347.792
  4.701   730347.799
  5.036   730347.806
  5.358   730347.813
  4.920   730347.820
  5.232   730347.826
  5.464   730347.833
  6.077   730347.840
  5.580   730347.847
  5.671   730347.854
  6.281   730347.861
  7.036   730347.868
  7.384   730347.875
  6.398   730347.882
  7.450   730347.889
  7.227   730347.896
  8.563   730347.903
  8.234   730347.910
  7.540   730347.917
 49.243   730347.924
  7.681   730347.931
  8.387   730347.938
  8.280   730347.944
  8.325   730347.951
  8.497   730347.958
  7.796   730347.965
  8.387   730347.972
  8.133   730347.979
  8.013   730347.986
  7.205   730347.993
