  0.043   730347.000
  0.012   730347.000
  0.041   730347.007
  0.039   730347.014
  0.042   730347.021
  0.041   730347.028
  0.076   730347.035
  0.039   730347.042
  0.039   730347.049
  0.037   730347.056
  0.077   730347.063
  0.036   730347.070
  0.033   730347.077
  0.032   730347.084
  0.031   730347.091
  0.033   730347.098
  0.036   730347.104
  0.032   730347.111
  0.035   730347.118
  0.041   730347.125
  0.302   730347.132
  5.253   730347.139
  0.035   730347.146
  0.041   730347.153
  0.036   730347.160
  0.043   730347.167
  0.036   730347.174
  0.037   730347.181
  0.044   730347.188
  0.057   730347.195
  0.035   730347.202
  0.035   730347.209
  0.032   730347.216
  0.034   730347.223
  0.036   730347.229
  0.040   730347.236
  0.032   730347.243
  0.029   730347.250
  0.039   730347.257
  0.030   730347.264
  0.038   730347.271
  0.038   730347.278
  0.036   730347.285
  0.051   730347.292
  0.036   730347.299
  0.044   730347.306
  0.038   730347.313
  0.041   730347.320
  0.041   730347.327
  0.041   730347.334
  0.041   730347.341
  0.039   730347.348
  0.047   730347.354
  0.049   730347.361
  0.048   730347.368
  0.049   730347.375
  0.056   730347.382
  0.055   730347.389
  0.055   730347.396
  0.053   730347.403
  0.044   730347.410
  0.050   730347.417
  0.050   730347.424
  0.049   730347.431
  0.059   730347.438
  0.058   730347.445
  0.057   730347.452
  0.054   730347.459
  0.054   730347.466
  0.085   730347.473
  0.061   730347.480
  0.060   730347.486
  0.053   730347.493
  0.055   730347.500
  0.053   730347.507
  0.051   730347.514
  0.059   730347.521
  0.057   730347.528
  0.050   730347.535
  0.046   730347.542
  0.053   730347.549
  0.051   730347.556
  0.046   730347.563
  0.049   730347.570
  0.042   730347.577
  0.041   730347.584
  0.047   730347.591
  0.040   730347.598
  0.045   730347.604
  0.043   730347.611
  0.048   730347.618
  0.044   730347.625
    NaN   730347.632
  2.028   730347.639
  0.043   730347.646
  0.046   730347.653
  0.047   730347.660
  0.043   730347.667
  0.044   730347.674
  0.046   730347.681
  0.044   730347.688
  0.048   730347.695
  0.043   730347.702
  0.042   730347.709
  0.044   730347.716
  0.043   730347.723
  0.046   730347.729
  0.047   730347.736
  0.044   730347.743
  0.043   730347.750
  0.047   730347.757
  0.043   730347.764
  0.042   730347.771
  0.046   730347.778
  0.049   730347.785
  0.054   730347.792
  0.063   730347.799
  0.050   730347.806
  0.045   730347.813
  0.045   730347.820
  0.047   730347.827
  0.053   730347.834
  0.069   730347.841
  0.053   730347.848
  0.048   730347.854
  0.045   730347.861
  0.052   730347.868
  0.051   730347.875
  0.062   730347.882
  0.057   730347.889
  0.055   730347.896
  0.055   730347.903
  0.055   730347.910
  0.049   730347.917
  0.052   730347.924
  0.047   730347.931
  0.051   730347.938
  0.058   730347.945
  0.053   730347.952
  0.048   730347.959
  0.052   730347.965
  0.049   730347.972
  0.058   730347.979
  0.048   730347.986
  0.052   730347.993
