  0.246   730347.002
  0.112   730347.002
  0.223   730347.008
  0.257   730347.015
  0.231   730347.022
  0.232   730347.029
  0.243   730347.036
  0.238   730347.043
  0.263   730347.050
  0.250   730347.057
  0.277   730347.064
  0.278   730347.071
  0.264   730347.078
  0.278   730347.085
  0.270   730347.092
  0.264   730347.099
  0.236   730347.106
  0.277   730347.113
  0.283   730347.120
  0.268   730347.126
  0.309   730347.133
  0.270   730347.140
  0.270   730347.147
  0.284   730347.154
  0.320   730347.161
  0.310   730347.168
  0.336   730347.175
  0.345   730347.182
  0.344   730347.189
  0.285   730347.196
  0.362   730347.203
  0.377   730347.210
  0.344   730347.217
  0.308   730347.224
  0.336   730347.231
  0.329   730347.237
  0.336   730347.244
  0.323   730347.251
  0.319   730347.258
  0.340   730347.265
  0.310   730347.272
  3.461   730347.279
  0.300   730347.286
  0.380   730347.293
  0.332   730347.300
  0.306   730347.307
  0.285   730347.314
  0.325   730347.321
  0.266   730347.328
  0.288   730347.335
  0.298   730347.342
  0.322   730347.349
  0.284   730347.356
  0.302   730347.362
  0.282   730347.369
  0.309   730347.376
  0.327   730347.383
  0.302   730347.390
  0.306   730347.397
  0.271   730347.404
  0.311   730347.411
  0.291   730347.418
  0.278   730347.425
  0.288   730347.432
  0.300   730347.439
  0.337   730347.446
  0.305   730347.453
  0.313   730347.460
  0.287   730347.467
  0.319   730347.474
  0.260   730347.481
  0.289   730347.487
  0.282   730347.494
  0.271   730347.501
  0.309   730347.508
  0.306   730347.515
  0.300   730347.522
  0.295   730347.529
  0.285   730347.536
  0.292   730347.543
  0.325   730347.550
  0.311   730347.557
  0.315   730347.564
  0.301   730347.571
  0.301   730347.578
  0.308   730347.585
  0.336   730347.592
  0.296   730347.599
  0.302   730347.606
  0.323   730347.613
  0.338   730347.619
  0.328   730347.626
  0.329   730347.633
  0.279   730347.640
  0.314   730347.647
  0.316   730347.654
  0.328   730347.661
  0.361   730347.668
  0.364   730347.675
  0.362   730347.682
  0.316   730347.689
  0.320   730347.696
  0.355   730347.703
  0.371   730347.710
  0.362   730347.717
  0.336   730347.724
  0.345   730347.731
  0.332   730347.738
  0.395   730347.744
  0.385   730347.751
  0.368   730347.758
  0.324   730347.765
  0.339   730347.772
  2.584   730347.779
  0.337   730347.786
  0.342   730347.793
  0.340   730347.800
  0.356   730347.807
  0.353   730347.814
  0.332   730347.821
  0.305   730347.828
  0.315   730347.835
  0.294   730347.842
  0.280   730347.849
  0.299   730347.856
  0.304   730347.862
  0.313   730347.869
  0.338   730347.876
  0.334   730347.883
  0.307   730347.890
  0.289   730347.897
  0.298   730347.904
  0.266   730347.911
  0.305   730347.918
  0.283   730347.925
  0.294   730347.932
  0.278   730347.939
  0.281   730347.946
  0.296   730347.953
  0.279   730347.960
  0.241   730347.967
  0.260   730347.974
  0.253   730347.980
  0.272   730347.987
  0.294   730347.994
