  0.336   730347.002
  0.336   730347.002
  0.369   730347.002
  0.369   730347.002
  0.711   730347.009
  0.711   730347.009
  0.337   730347.015
  0.337   730347.015
  0.367   730347.022
  0.367   730347.022
  0.312   730347.029
  0.312   730347.029
  0.732   730347.036
  0.732   730347.036
  0.357   730347.043
  0.357   730347.043
  0.348   730347.050
  0.348   730347.050
  0.366   730347.057
  0.366   730347.057
  0.908   730347.064
  0.908   730347.064
  0.409   730347.071
  0.409   730347.071
  0.384   730347.078
  0.384   730347.078
  0.396   730347.085
  0.396   730347.085
  0.420   730347.092
  0.420   730347.092
  0.398   730347.099
  0.398   730347.099
  0.439   730347.106
  0.439   730347.106
  0.422   730347.113
  0.422   730347.113
  0.460   730347.120
  0.460   730347.120
  0.455   730347.127
  0.455   730347.127
  0.472   730347.134
  0.472   730347.134
  0.456   730347.141
  0.456   730347.141
  0.474   730347.147
  0.474   730347.147
  0.505   730347.154
  0.505   730347.154
  0.464   730347.161
  0.464   730347.161
  0.426   730347.168
  0.426   730347.168
  0.427   730347.175
  0.427   730347.175
  0.454   730347.182
  0.454   730347.182
  0.487   730347.189
  0.487   730347.189
  0.413   730347.196
  0.413   730347.196
  0.409   730347.203
  0.409   730347.203
  0.423   730347.210
  0.423   730347.210
  0.395   730347.217
  0.395   730347.217
  0.342   730347.224
  0.342   730347.224
  0.349   730347.231
  0.349   730347.231
  0.374   730347.238
  0.374   730347.238
  0.356   730347.245
  0.356   730347.245
  0.333   730347.252
  0.333   730347.252
  0.337   730347.259
  0.337   730347.259
  0.348   730347.265
  0.348   730347.265
  0.331   730347.273
  0.331   730347.273
  0.326   730347.280
  0.326   730347.280
  0.315   730347.286
  0.315   730347.286
  0.317   730347.293
  0.317   730347.293
  0.320   730347.300
  0.320   730347.300
  0.270   730347.307
  0.270   730347.307
  0.308   730347.314
  0.308   730347.314
  0.271   730347.321
  0.271   730347.321
  0.300   730347.328
  0.300   730347.328
  0.319   730347.335
  0.319   730347.335
  0.282   730347.342
  0.282   730347.342
  0.286   730347.349
  0.286   730347.349
  0.251   730347.356
  0.251   730347.356
  0.250   730347.363
  0.250   730347.363
  0.257   730347.370
  0.257   730347.370
  0.270   730347.377
  0.270   730347.377
  0.266   730347.384
  0.266   730347.384
  0.241   730347.390
  0.241   730347.390
  0.232   730347.397
  0.232   730347.397
  0.237   730347.404
  0.237   730347.404
  0.225   730347.411
  0.225   730347.411
  0.209   730347.418
  0.209   730347.418
  0.204   730347.425
  0.204   730347.425
  0.214   730347.432
  0.214   730347.432
  0.236   730347.439
  0.236   730347.439
  0.196   730347.446
  0.196   730347.446
  0.214   730347.453
  0.214   730347.453
  0.287   730347.460
  0.287   730347.460
  0.199   730347.467
  0.199   730347.467
  0.870   730347.474
  0.870   730347.474
  0.213   730347.481
  0.213   730347.481
  0.188   730347.488
  0.188   730347.488
  0.203   730347.495
  0.203   730347.495
  0.208   730347.502
  0.208   730347.502
  0.199   730347.509
  0.199   730347.509
  0.309   730347.515
  0.309   730347.515
  0.204   730347.522
  0.204   730347.522
  0.189   730347.529
  0.189   730347.529
  0.215   730347.536
  0.215   730347.536
  0.237   730347.543
  0.237   730347.543
  0.246   730347.550
  0.246   730347.550
  0.234   730347.557
  0.234   730347.557
  0.268   730347.564
  0.268   730347.564
  0.450   730347.571
  0.450   730347.571
  0.315   730347.578
  0.315   730347.578
  0.297   730347.585
  0.297   730347.585
  0.262   730347.592
  0.262   730347.592
  0.336   730347.599
  0.336   730347.599
  0.324   730347.606
  0.324   730347.606
  0.322   730347.613
  0.322   730347.613
  0.312   730347.620
  0.312   730347.620
  0.399   730347.627
  0.399   730347.627
  0.997   730347.634
  0.997   730347.634
  0.413   730347.640
  0.413   730347.640
  0.418   730347.647
  0.418   730347.647
  0.408   730347.654
  0.408   730347.654
  0.375   730347.661
  0.375   730347.661
  0.329   730347.668
  0.329   730347.668
  0.335   730347.675
  0.335   730347.675
  0.377   730347.682
  0.377   730347.682
  0.371   730347.689
  0.371   730347.689
  0.385   730347.696
  0.385   730347.696
  0.341   730347.703
  0.341   730347.703
  0.345   730347.710
  0.345   730347.710
  0.370   730347.717
  0.370   730347.717
  0.326   730347.724
  0.326   730347.724
  0.346   730347.731
  0.346   730347.731
  0.326   730347.738
  0.326   730347.738
  0.306   730347.745
  0.306   730347.745
  0.317   730347.752
  0.317   730347.752
  0.315   730347.758
  0.315   730347.758
  0.323   730347.765
  0.323   730347.765
  0.302   730347.772
  0.302   730347.772
  0.312   730347.779
  0.312   730347.779
  0.303   730347.786
  0.303   730347.786
  0.274   730347.793
  0.274   730347.793
  0.259   730347.800
  0.259   730347.800
  0.266   730347.807
  0.266   730347.807
  0.312   730347.814
  0.312   730347.814
  0.257   730347.821
  0.257   730347.821
  0.246   730347.828
  0.246   730347.828
  0.237   730347.835
  0.237   730347.835
  0.215   730347.842
  0.215   730347.842
  0.223   730347.849
  0.223   730347.849
  0.215   730347.856
  0.215   730347.856
  0.205   730347.863
  0.205   730347.863
  2.591   730347.870
  2.591   730347.870
  0.217   730347.877
  0.217   730347.877
  0.201   730347.884
  0.201   730347.884
  0.248   730347.890
  0.248   730347.890
  0.238   730347.897
  0.238   730347.897
  0.207   730347.904
  0.207   730347.904
  0.201   730347.911
  0.201   730347.911
  0.218   730347.918
  0.218   730347.918
  0.179   730347.925
  0.179   730347.925
  0.180   730347.932
  0.180   730347.932
  0.173   730347.939
  0.173   730347.939
  0.166   730347.946
  0.166   730347.946
  0.169   730347.953
  0.169   730347.953
  0.163   730347.960
  0.163   730347.960
  0.178   730347.967
  0.178   730347.967
  0.681   730347.974
  0.681   730347.974
  0.161   730347.981
  0.161   730347.981
  0.160   730347.988
  0.160   730347.988
  0.178   730347.995
  0.178   730347.995
