  1.120   730033.000
  0.950   730033.000
  0.940   730033.010
  0.840   730033.020
  0.780   730033.020
  0.850   730033.030
  0.940   730033.040
  1.110   730033.050
  0.950   730033.050
  0.860   730033.060
  1.310   730033.070
  1.110   730033.070
  1.090   730033.080
  0.930   730033.090
  1.050   730033.090
  0.910   730033.100
  0.910   730033.110
  1.000   730033.110
  0.830   730033.120
  0.820   730033.130
  0.820   730033.140
  0.910   730033.140
  0.880   730033.150
  0.890   730033.160
  0.890   730033.160
  0.940   730033.170
  0.970   730033.180
  0.810   730033.180
  0.960   730033.190
  1.010   730033.200
  0.930   730033.200
  0.880   730033.210
  1.090   730033.220
  1.120   730033.230
  1.230   730033.230
  1.050   730033.240
  1.040   730033.250
  1.080   730033.250
  1.000   730033.260
  1.210   730033.270
  1.030   730033.270
  0.970   730033.280
  0.990   730033.290
  0.920   730033.300
  0.880   730033.300
  1.040   730033.310
  1.100   730033.320
  1.010   730033.320
  1.020   730033.330
  1.120   730033.340
  0.990   730033.340
  1.100   730033.350
  1.170   730033.360
  1.020   730033.360
  1.030   730033.370
  0.940   730033.380
  0.950   730033.390
  0.760   730033.390
  1.000   730033.400
  1.140   730033.410
  1.050   730033.410
  1.320   730033.420
  1.270   730033.430
  1.170   730033.430
  1.240   730033.440
  1.050   730033.450
  1.070   730033.450
  1.230   730033.460
  1.110   730033.470
  1.130   730033.480
  0.870   730033.480
  1.020   730033.490
  1.300   730033.500
  1.180   730033.500
  1.080   730033.510
  1.090   730033.520
  1.030   730033.520
  1.010   730033.530
  0.950   730033.540
  0.870   730033.550
  0.960   730033.550
  1.090   730033.560
  1.090   730033.570
  1.010   730033.570
  1.000   730033.580
  1.300   730033.590
  1.130   730033.590
  1.170   730033.600
  1.140   730033.610
  1.110   730033.610
  1.180   730033.620
  1.110   730033.630
  1.390   730033.640
  1.270   730033.640
  1.100   730033.650
  1.060   730033.660
  1.240   730033.660
  1.190   730033.670
  0.990   730033.680
  1.120   730033.680
  0.980   730033.690
  1.120   730033.700
  1.010   730033.700
  1.140   730033.710
  1.070   730033.720
  1.010   730033.730
  0.960   730033.730
  1.010   730033.740
  0.840   730033.750
  0.790   730033.750
  0.900   730033.760
    NaN   730033.770
  0.870   730033.770
  0.810   730033.780
  0.760   730033.790
  0.830   730033.800
  0.850   730033.800
  0.960   730033.810
  0.780   730033.820
  0.740   730033.860
  0.650   730033.860
  0.590   730033.870
  0.640   730033.880
  0.540   730033.890
  0.600   730033.890
  0.590   730033.900
  0.530   730033.910
  0.550   730033.910
  0.560   730033.920
  0.580   730033.930
  0.570   730033.930
  0.600   730033.940
  0.590   730033.950
  0.570   730033.950
  0.610   730033.960
  0.650   730033.970
  0.660   730033.980
  0.640   730033.980
  0.610   730033.990
