  0.609   730200.000
  0.644   730200.007
  0.578   730200.013
  0.587   730200.021
  0.650   730200.028
  0.570   730200.035
  0.612   730200.042
  0.569   730200.049
  0.590   730200.056
  0.630   730200.062
  0.625   730200.069
  0.567   730200.076
  0.665   730200.083
  0.573   730200.090
  0.677   730200.097
  0.597   730200.104
  0.608   730200.111
  0.618   730200.118
  0.553   730200.125
  0.532   730200.132
  0.560   730200.139
  0.594   730200.146
  0.559   730200.153
  0.556   730200.160
  0.585   730200.166
  0.571   730200.174
  0.566   730200.180
  0.558   730200.188
  0.528   730200.194
  0.571   730200.201
  0.564   730200.208
  0.587   730200.215
  0.533   730200.222
  0.534   730200.229
  0.493   730200.236
  0.549   730200.243
  0.499   730200.250
  0.543   730200.257
  0.518   730200.264
  0.478   730200.271
  0.521   730200.278
  0.517   730200.285
  0.491   730200.292
  0.459   730200.299
  0.473   730200.306
  0.551   730200.312
  0.483   730200.319
  0.493   730200.326
  0.439   730200.333
  0.492   730200.340
  0.475   730200.347
  0.468   730200.354
  0.480   730200.361
  0.509   730200.368
  0.476   730200.375
  0.424   730200.382
  0.482   730200.389
  0.525   730200.396
  0.474   730200.403
  0.508   730200.410
  0.495   730200.416
  0.495   730200.424
  0.499   730200.431
  0.522   730200.438
  0.442   730200.444
  0.492   730200.451
  0.449   730200.458
  0.516   730200.465
  0.479   730200.472
  0.444   730200.479
  0.503   730200.486
  0.448   730200.493
  0.505   730200.500
  0.510   730200.507
  0.489   730200.513
  0.507   730200.521
  0.521   730200.528
  0.519   730200.535
  0.483   730200.542
  0.460   730200.549
  0.492   730200.556
  0.492   730200.562
  0.447   730200.569
  0.502   730200.576
  0.504   730200.583
  0.455   730200.590
  0.464   730200.597
  0.533   730200.604
  0.449   730200.611
  0.437   730200.618
  0.438   730200.625
  0.451   730200.632
  0.456   730200.639
  0.515   730200.646
  0.425   730200.653
  0.405   730200.660
  0.398   730200.667
  0.446   730200.674
  2.326   730200.681
  0.585   730200.688
  0.400   730200.694
  0.422   730200.701
  0.442   730200.708
  0.389   730200.715
  0.456   730200.722
  0.365   730200.729
  0.364   730200.736
  0.352   730200.743
  0.429   730200.750
  0.387   730200.756
  0.361   730200.764
  0.350   730200.771
  0.376   730200.778
  0.337   730200.785
  0.375   730200.792
  0.353   730200.799
  0.318   730200.806
  0.330   730200.812
  0.377   730200.819
  0.318   730200.826
  0.379   730200.833
  0.349   730200.840
  0.363   730200.847
  0.329   730200.854
  0.323   730200.861
  0.310   730200.868
  0.289   730200.875
  0.328   730200.882
  0.351   730200.889
  0.376   730200.896
  0.350   730200.903
  0.326   730200.910
  0.325   730200.917
  0.325   730200.924
  0.337   730200.931
  0.365   730200.938
  0.332   730200.944
  0.336   730200.951
  0.331   730200.958
  0.324   730200.965
  0.263   730200.972
  0.298   730200.979
  0.344   730200.986
    NaN   730200.993
