  1.060   730028.000
  1.160   730028.000
  1.250   730028.010
  1.320   730028.020
  0.990   730028.030
  0.990   730028.030
  1.180   730028.040
  1.320   730028.050
  1.030   730028.050
  1.800   730028.060
  1.180   730028.070
  1.110   730028.070
  1.270   730028.080
  1.100   730028.090
  0.990   730028.100
  1.050   730028.100
  1.220   730028.110
  1.130   730028.120
  1.040   730028.120
  1.050   730028.130
  1.080   730028.140
  1.120   730028.140
  1.090   730028.150
  0.990   730028.160
  0.860   730028.160
  0.830   730028.170
  0.950   730028.180
  1.000   730028.190
  0.890   730028.190
  1.000   730028.200
  0.990   730028.210
  1.980   730028.210
  0.920   730028.220
  0.860   730028.230
  0.920   730028.230
  0.930   730028.240
  0.920   730028.250
  0.930   730028.250
  0.960   730028.260
  0.870   730028.270
  0.930   730028.280
  0.950   730028.280
  1.140   730028.290
  1.140   730028.300
  1.030   730028.300
  1.470   730028.310
  1.080   730028.320
  1.160   730028.320
  1.150   730028.330
  1.100   730028.340
  0.990   730028.350
  1.030   730028.350
  1.110   730028.360
  1.150   730028.370
  1.030   730028.370
  1.120   730028.380
    NaN   730028.390
    NaN   730028.390
  1.070   730028.400
  1.070   730028.410
  1.270   730028.410
  1.220   730028.420
  1.140   730028.430
  1.100   730028.440
  1.040   730028.440
  1.240   730028.450
  1.140   730028.460
  1.130   730028.460
  1.180   730028.470
  1.100   730028.480
  1.190   730028.480
  1.250   730028.490
  1.110   730028.500
  1.040   730028.500
  1.060   730028.510
  1.100   730028.520
  1.070   730028.530
  1.060   730028.530
  1.030   730028.540
  1.000   730028.550
  1.060   730028.550
  1.230   730028.560
  1.050   730028.570
  1.000   730028.570
  1.110   730028.580
  1.070   730028.590
  1.040   730028.600
  1.150   730028.600
  1.130   730028.610
  1.040   730028.620
  1.140   730028.620
  1.200   730028.630
  1.080   730028.640
  1.120   730028.640
  1.140   730028.650
  1.190   730028.660
  1.020   730028.660
  1.240   730028.670
  1.220   730028.680
  1.250   730028.690
  1.300   730028.690
  1.180   730028.700
  1.380   730028.710
  1.330   730028.710
  1.260   730028.720
  1.520   730028.730
  1.450   730028.730
  1.160   730028.740
  1.260   730028.750
  1.100   730028.750
  1.230   730028.770
  1.250   730028.770
  1.130   730028.780
  1.160   730028.780
  1.670   730028.790
  1.850   730028.800
  1.410   730028.800
  1.420   730028.810
  1.290   730028.820
  1.450   730028.820
  1.470   730028.830
  1.240   730028.840
  1.410   730028.850
  1.260   730028.850
  1.280   730028.860
  1.550   730028.870
  1.440   730028.870
  1.250   730028.880
  2.160   730028.890
  2.600   730028.890
  1.460   730028.900
  1.500   730028.910
  1.520   730028.920
  1.400   730028.920
  1.380   730028.930
  1.340   730028.940
  1.470   730028.940
  1.250   730028.950
  1.270   730028.960
  1.260   730028.960
  1.240   730028.970
  1.060   730028.980
  1.230   730028.980
  1.150   730028.990
