  0.340   730021.000
  0.370   730021.000
  0.370   730021.010
  0.400   730021.020
  0.420   730021.030
  0.400   730021.030
  0.370   730021.040
  0.450   730021.050
  0.400   730021.050
  0.410   730021.060
  0.430   730021.070
  0.420   730021.070
  0.410   730021.080
  0.420   730021.090
  0.470   730021.100
  0.470   730021.100
  0.460   730021.110
  0.450   730021.120
  0.440   730021.120
  0.440   730021.130
  0.370   730021.140
  0.370   730021.140
  0.340   730021.150
  0.360   730021.160
  0.330   730021.170
  0.330   730021.170
  0.340   730021.180
  0.310   730021.180
  0.290   730021.190
  0.270   730021.200
  0.290   730021.210
  0.270   730021.210
  0.260   730021.220
  0.270   730021.230
  0.240   730021.230
  0.270   730021.240
  0.260   730021.250
  0.260   730021.250
  0.240   730021.260
  0.240   730021.270
  0.260   730021.280
  0.210   730021.280
  0.210   730021.290
  0.230   730021.300
  0.220   730021.300
  0.210   730021.310
  0.200   730021.320
  0.220   730021.320
  0.220   730021.330
  0.230   730021.340
  0.230   730021.350
  0.230   730021.350
  0.230   730021.360
  0.210   730021.370
  0.210   730021.370
  0.220   730021.380
  0.230   730021.390
  0.230   730021.390
  0.240   730021.400
  0.230   730021.410
  0.240   730021.410
  0.230   730021.420
  0.240   730021.430
  0.230   730021.440
  0.220   730021.440
  0.240   730021.450
  0.240   730021.460
  0.230   730021.460
  0.270   730021.470
  0.250   730021.480
  0.270   730021.480
  0.290   730021.490
  0.300   730021.500
  0.280   730021.500
  0.290   730021.510
  0.310   730021.520
  0.300   730021.530
  0.290   730021.530
  0.280   730021.540
  0.280   730021.550
  0.340   730021.550
  0.310   730021.560
  0.270   730021.570
  0.320   730021.570
  0.340   730021.580
  0.300   730021.590
  0.310   730021.600
  0.270   730021.600
  0.310   730021.610
  0.290   730021.620
  0.290   730021.620
  0.330   730021.630
  0.310   730021.640
  0.350   730021.640
  0.330   730021.650
  0.310   730021.660
  0.300   730021.660
  0.300   730021.670
  0.330   730021.680
  0.310   730021.690
  0.310   730021.690
  0.380   730021.700
  0.350   730021.710
  0.300   730021.710
  0.310   730021.720
  0.290   730021.730
  0.310   730021.730
  0.310   730021.740
  0.330   730021.750
  0.310   730021.750
  0.300   730021.760
  0.320   730021.770
  0.300   730021.780
  0.310   730021.780
  0.300   730021.790
  0.330   730021.800
  0.310   730021.800
  0.310   730021.810
  0.780   730021.820
  0.800   730021.820
  0.300   730021.830
  0.330   730021.840
  0.300   730021.850
  0.320   730021.850
  0.300   730021.860
  0.290   730021.870
  0.280   730021.870
  0.290   730021.880
    NaN   730021.890
  0.310   730021.890
  0.300   730021.900
  0.320   730021.910
  0.290   730021.910
  0.540   730021.920
  0.340   730021.930
  0.370   730021.940
  0.390   730021.940
  0.440   730021.950
  0.460   730021.960
  0.480   730021.960
  0.490   730021.970
  0.450   730021.980
  0.410   730021.980
  0.420   730021.990
