  0.391   730263.001
  0.089   730263.001
  0.322   730263.007
  0.318   730263.014
  0.330   730263.021
  0.285   730263.028
  0.357   730263.035
  0.310   730263.042
  0.330   730263.049
  0.289   730263.056
  0.353   730263.063
  0.357   730263.070
  0.333   730263.077
  0.334   730263.084
  0.358   730263.091
  0.363   730263.097
  0.345   730263.104
  0.381   730263.111
  0.341   730263.118
  0.311   730263.125
  0.364   730263.132
  0.313   730263.139
  0.306   730263.146
  7.677   730263.153
  0.368   730263.160
  0.341   730263.167
  0.333   730263.174
  0.333   730263.181
  0.348   730263.188
  0.306   730263.195
  0.371   730263.202
  0.336   730263.209
  0.393   730263.216
  0.371   730263.222
  0.387   730263.229
  0.381   730263.236
  0.312   730263.243
  0.354   730263.250
  0.343   730263.257
  0.404   730263.264
  0.398   730263.271
  0.405   730263.278
  0.378   730263.285
  0.419   730263.292
  0.391   730263.299
  0.401   730263.306
  0.392   730263.313
  0.462   730263.320
  0.399   730263.327
  0.410   730263.334
  0.389   730263.341
  0.416   730263.347
  0.418   730263.355
  0.452   730263.362
  0.398   730263.368
  0.397   730263.375
  0.400   730263.382
  0.425   730263.389
  0.409   730263.396
  0.400   730263.403
  0.380   730263.410
  0.374   730263.417
  0.390   730263.424
  0.431   730263.431
  7.474   730263.438
  0.378   730263.445
  0.389   730263.452
  0.430   730263.459
  0.395   730263.466
  0.393   730263.473
  0.417   730263.480
  0.386   730263.486
  0.354   730263.493
  0.353   730263.500
  0.378   730263.507
  0.397   730263.514
  0.408   730263.521
  0.431   730263.528
  0.364   730263.535
  0.397   730263.542
  0.416   730263.549
  0.310   730263.556
  0.340   730263.563
  0.400   730263.570
  0.389   730263.577
  0.375   730263.584
  0.351   730263.590
  0.357   730263.597
  0.385   730263.604
  0.384   730263.611
  0.364   730263.618
  0.387   730263.625
  0.354   730263.632
  6.399   730263.639
  0.403   730263.646
  0.404   730263.653
  0.435   730263.660
  0.369   730263.667
  0.402   730263.674
  0.396   730263.681
  0.378   730263.688
  0.408   730263.695
  0.490   730263.702
  0.407   730263.709
  0.403   730263.715
  0.425   730263.722
  0.418   730263.729
  0.639   730263.736
  0.478   730263.743
  0.392   730263.750
  0.380   730263.757
  0.425   730263.764
  0.390   730263.771
  0.373   730263.778
  0.399   730263.785
  0.400   730263.792
  0.364   730263.799
  0.407   730263.806
  0.423   730263.813
  0.410   730263.820
  0.407   730263.827
  0.425   730263.834
  0.435   730263.841
  0.438   730263.847
  0.483   730263.854
  0.411   730263.861
  0.476   730263.868
  0.402   730263.875
  0.456   730263.882
  0.475   730263.889
  0.453   730263.896
  0.433   730263.903
  0.435   730263.910
  0.379   730263.917
  0.400   730263.924
  0.392   730263.931
  6.734   730263.938
  0.391   730263.945
  0.373   730263.952
  0.373   730263.959
  0.401   730263.966
  0.391   730263.973
  0.355   730263.979
  0.372   730263.986
  0.384   730263.993
