  1.326   730263.001
  6.165   730263.008
  4.404   730263.015
  5.882   730263.022
  4.721   730263.029
  6.223   730263.035
  3.645   730263.042
  3.279   730263.049
  7.302   730263.056
  6.966   730263.063
  5.029   730263.070
  4.987   730263.077
  5.479   730263.084
  5.031   730263.091
  4.262   730263.098
  5.704   730263.105
  6.568   730263.112
  6.258   730263.119
  3.242   730263.126
  3.821   730263.133
  6.317   730263.140
  6.481   730263.147
  5.359   730263.154
  3.454   730263.161
  2.888   730263.167
  5.090   730263.174
  2.572   730263.181
  5.599   730263.188
  1.523   730263.195
  3.016   730263.202
  3.405   730263.209
  5.765   730263.216
  5.296   730263.223
  4.739   730263.230
  1.773   730263.237
  6.001   730263.244
  4.658   730263.251
  3.809   730263.258
  5.604   730263.265
  3.551   730263.272
  2.262   730263.279
  3.986   730263.286
  3.415   730263.293
  5.545   730263.300
  4.162   730263.307
  3.520   730263.313
  5.610   730263.320
  4.669   730263.327
  2.782   730263.334
  3.097   730263.341
  3.690   730263.348
  5.958   730263.356
  7.675   730263.362
  3.584   730263.369
  5.656   730263.376
  6.179   730263.383
  2.852   730263.390
  3.972   730263.397
  2.888   730263.404
  5.245   730263.411
  5.609   730263.418
  4.220   730263.424
  3.502   730263.431
  1.408   730263.438
  3.875   730263.445
  5.520   730263.452
  5.270   730263.459
  5.001   730263.466
  7.689   730263.473
  7.257   730263.480
  3.750   730263.487
  2.965   730263.494
  3.977   730263.501
  6.805   730263.508
  9.133   730263.514
  5.848   730263.522
  5.450   730263.529
  5.292   730263.535
  3.338   730263.542
  6.860   730263.549
  6.574   730263.556
  5.126   730263.563
  4.754   730263.570
  6.561   730263.577
  7.162   730263.584
  4.504   730263.591
  5.777   730263.598
  2.739   730263.605
  5.465   730263.612
  1.798   730263.619
  4.763   730263.626
  4.439   730263.633
  3.146   730263.640
  6.132   730263.647
  3.662   730263.654
  5.236   730263.660
  5.345   730263.668
  4.390   730263.674
  1.571   730263.681
  4.495   730263.688
  9.366   730263.695
  4.273   730263.702
  5.334   730263.709
  4.869   730263.716
  8.935   730263.723
  5.864   730263.730
  7.289   730263.737
  3.676   730263.744
  5.426   730263.751
  4.425   730263.758
  6.598   730263.765
  2.462   730263.772
  5.195   730263.779
  2.499   730263.786
  6.196   730263.792
  5.685   730263.799
  3.814   730263.806
  3.412   730263.813
  3.779   730263.820
  4.366   730263.827
  4.490   730263.834
  6.216   730263.841
  6.253   730263.848
  5.604   730263.855
  4.764   730263.862
  5.457   730263.869
  2.672   730263.876
  8.135   730263.883
  4.114   730263.890
  2.899   730263.897
  2.784   730263.904
  3.923   730263.911
  4.894   730263.918
  6.209   730263.924
  5.081   730263.931
  4.326   730263.938
  6.526   730263.945
  3.549   730263.952
  5.066   730263.959
  6.152   730263.966
  4.284   730263.973
  5.424   730263.980
  0.966   730263.987
  5.555   730263.994
