  0.033   730263.001
  0.063   730263.008
  0.068   730263.015
  0.063   730263.022
  0.069   730263.029
  0.070   730263.035
  0.086   730263.042
  0.074   730263.049
  0.068   730263.056
  0.183   730263.063
  0.081   730263.070
  0.074   730263.077
  0.078   730263.084
  0.080   730263.091
  0.074   730263.098
  0.073   730263.105
  0.081   730263.112
  0.068   730263.119
  0.071   730263.126
  0.074   730263.133
  0.071   730263.140
  0.089   730263.147
  0.085   730263.154
  0.071   730263.161
  0.068   730263.167
  0.082   730263.174
  0.082   730263.181
  0.083   730263.188
  0.087   730263.195
  0.073   730263.202
  0.093   730263.209
  0.079   730263.216
  0.087   730263.223
  0.094   730263.230
  0.089   730263.237
  3.870   730263.244
  0.084   730263.251
  0.096   730263.258
  0.085   730263.265
  0.103   730263.272
  0.093   730263.279
  0.105   730263.286
  0.097   730263.293
  0.091   730263.300
  0.107   730263.307
  0.093   730263.313
  0.105   730263.320
  0.102   730263.327
  0.096   730263.334
  0.096   730263.341
  0.106   730263.348
  0.101   730263.356
  0.098   730263.362
  0.102   730263.369
  0.105   730263.376
  0.093   730263.383
  0.096   730263.390
  0.103   730263.397
  0.117   730263.404
  0.112   730263.411
  0.099   730263.418
  0.109   730263.424
  0.111   730263.431
  0.095   730263.438
  0.116   730263.445
  0.105   730263.452
  0.121   730263.459
  0.119   730263.466
  0.108   730263.473
  0.204   730263.480
  0.129   730263.487
  0.129   730263.494
  0.142   730263.501
  0.126   730263.508
  0.104   730263.514
  0.129   730263.522
  0.113   730263.529
  0.143   730263.535
  0.148   730263.542
  0.137   730263.549
  0.141   730263.556
  0.124   730263.563
  0.143   730263.570
  0.135   730263.577
  0.144   730263.584
  0.162   730263.591
  0.144   730263.598
  0.135   730263.605
  0.158   730263.612
  0.149   730263.619
  0.144   730263.626
  0.171   730263.633
  0.154   730263.640
  0.228   730263.647
  0.143   730263.654
  0.155   730263.660
  0.153   730263.668
  0.147   730263.674
  0.126   730263.681
  0.145   730263.688
  0.150   730263.695
  0.144   730263.702
  0.154   730263.709
  0.128   730263.716
  0.148   730263.723
  0.131   730263.730
  0.202   730263.737
  3.648   730263.744
  0.157   730263.751
  0.141   730263.758
  0.140   730263.765
  0.135   730263.772
  0.148   730263.779
  0.161   730263.786
  0.137   730263.792
  0.143   730263.799
  0.145   730263.806
  0.132   730263.813
  0.136   730263.820
  0.141   730263.827
  0.132   730263.834
  0.113   730263.841
  0.128   730263.848
  0.123   730263.855
  0.133   730263.862
  0.124   730263.869
  0.118   730263.876
  0.115   730263.883
  0.097   730263.890
  0.115   730263.897
  0.119   730263.904
  0.116   730263.911
  0.122   730263.918
  0.114   730263.924
  0.117   730263.931
  0.121   730263.938
  0.098   730263.945
  0.108   730263.952
  0.103   730263.959
  0.113   730263.966
  0.091   730263.973
  0.100   730263.980
  0.102   730263.987
  0.476   730263.994
