  0.266   730263.001
  0.079   730263.001
  0.238   730263.007
  0.235   730263.014
  0.235   730263.021
  0.244   730263.028
  0.230   730263.035
  0.249   730263.042
  0.250   730263.049
  0.260   730263.056
  0.255   730263.063
  0.278   730263.070
  0.848   730263.077
  1.824   730263.084
  0.334   730263.091
  1.882   730263.097
  0.589   730263.104
  0.701   730263.111
  0.682   730263.118
  0.259   730263.125
  2.702   730263.132
  0.248   730263.139
  0.248   730263.146
  0.237   730263.153
  0.234   730263.160
  0.270   730263.167
  0.233   730263.174
  0.257   730263.181
  0.275   730263.188
  0.247   730263.195
  0.243   730263.202
  0.279   730263.209
  0.249   730263.216
  0.270   730263.222
  0.272   730263.229
  0.255   730263.236
  0.252   730263.243
  0.238   730263.250
  0.274   730263.257
  0.255   730263.264
  0.321   730263.271
  0.258   730263.278
  0.248   730263.285
  0.284   730263.292
  0.266   730263.299
  0.258   730263.306
  0.274   730263.313
  0.273   730263.320
  0.283   730263.327
  0.247   730263.334
  0.276   730263.341
  0.284   730263.347
  0.253   730263.355
  0.216   730263.362
  0.267   730263.368
  0.291   730263.375
  0.270   730263.382
  0.237   730263.389
  5.554   730263.396
  0.302   730263.403
  0.283   730263.410
  0.255   730263.417
  0.291   730263.424
  0.268   730263.431
  0.274   730263.438
  0.227   730263.445
  0.268   730263.452
  0.302   730263.459
  0.283   730263.466
  0.233   730263.473
  0.274   730263.480
  0.269   730263.486
  0.247   730263.493
  0.261   730263.500
  0.248   730263.507
  0.264   730263.514
  0.247   730263.521
  0.249   730263.528
  0.245   730263.535
  0.240   730263.542
  0.244   730263.549
  0.223   730263.556
  0.236   730263.563
  0.237   730263.570
  0.244   730263.577
  0.226   730263.584
  0.240   730263.590
  0.253   730263.597
  0.213   730263.604
  1.906   730263.611
  2.105   730263.618
  0.206   730263.625
  0.210   730263.632
  0.214   730263.639
  0.197   730263.646
  0.216   730263.653
  0.197   730263.660
  0.205   730263.667
  0.224   730263.674
  0.212   730263.681
  0.218   730263.688
  0.201   730263.695
  0.220   730263.702
  0.185   730263.709
  0.219   730263.715
  0.206   730263.722
  0.184   730263.729
  0.241   730263.736
  0.245   730263.743
  0.189   730263.750
  0.201   730263.757
  0.201   730263.764
  0.207   730263.771
  0.199   730263.778
  0.214   730263.785
  0.203   730263.792
  0.214   730263.799
  0.224   730263.806
  0.240   730263.813
  0.184   730263.820
  0.213   730263.827
  0.200   730263.834
  0.199   730263.841
  0.224   730263.847
  0.189   730263.854
  0.211   730263.861
  0.234   730263.868
  0.190   730263.875
  0.210   730263.882
  0.206   730263.889
  5.298   730263.896
  0.234   730263.903
  0.199   730263.910
  0.189   730263.917
  0.181   730263.924
  0.191   730263.931
  0.194   730263.938
  0.193   730263.945
  0.189   730263.952
  0.197   730263.959
  0.207   730263.966
  0.214   730263.973
  0.177   730263.979
  0.180   730263.986
  0.162   730263.993
