  0.165   730279.000
  1.047   730279.007
  0.963   730279.014
  0.885   730279.020
  0.996   730279.027
  0.866   730279.034
  0.910   730279.041
  0.966   730279.048
  0.877   730279.055
  0.960   730279.062
  0.844   730279.069
  0.932   730279.076
  0.888   730279.083
  0.886   730279.090
  0.924   730279.097
  0.766   730279.104
  0.932   730279.111
  0.785   730279.118
  1.139   730279.125
  0.864   730279.132
  1.034   730279.138
  0.770   730279.145
  0.842   730279.152
  0.873   730279.159
  0.933   730279.166
  0.844   730279.173
  0.731   730279.180
  0.958   730279.187
  1.022   730279.194
  0.904   730279.201
  0.803   730279.208
  0.838   730279.215
  0.777   730279.222
  0.901   730279.229
  0.817   730279.236
  0.821   730279.243
  0.901   730279.250
  0.892   730279.257
  0.717   730279.263
  0.793   730279.270
  0.794   730279.277
  0.866   730279.284
  0.886   730279.291
  0.763   730279.298
  0.794   730279.305
  0.833   730279.312
  0.841   730279.319
  0.897   730279.326
  0.725   730279.333
  0.851   730279.341
  0.761   730279.347
  0.839   730279.354
  0.836   730279.361
  0.747   730279.368
  0.818   730279.375
  0.856   730279.382
  0.887   730279.388
  0.864   730279.395
  0.733   730279.402
  0.755   730279.409
  0.773   730279.416
  0.791   730279.423
  0.705   730279.430
  0.783   730279.437
  0.797   730279.444
  0.762   730279.451
  0.877   730279.458
  0.697   730279.465
  0.743   730279.472
  0.749   730279.479
  0.725   730279.486
  0.715   730279.493
  0.735   730279.500
  0.688   730279.507
  1.950   730279.513
  0.924   730279.520
  0.739   730279.527
  0.714   730279.534
  0.758   730279.541
  0.820   730279.548
  0.808   730279.555
  0.730   730279.562
  0.802   730279.569
  0.718   730279.576
  0.774   730279.583
  0.769   730279.590
  0.809   730279.597
  0.882   730279.604
  0.895   730279.611
  0.813   730279.618
  0.997   730279.625
  0.935   730279.632
  1.031   730279.638
  1.039   730279.645
  0.982   730279.652
  1.061   730279.659
  0.983   730279.666
  1.198   730279.673
  1.211   730279.680
  1.206   730279.687
  1.251   730279.694
  1.082   730279.701
  1.219   730279.708
  1.204   730279.715
  1.194   730279.722
  1.296   730279.729
  1.170   730279.736
  1.193   730279.743
  1.345   730279.750
  1.189   730279.757
  1.340   730279.763
  1.150   730279.770
  1.234   730279.777
  1.185   730279.784
  1.148   730279.791
  1.085   730279.798
  1.111   730279.805
  0.984   730279.812
  1.202   730279.819
  0.860   730279.826
  1.104   730279.833
  0.931   730279.840
  0.970   730279.847
  1.027   730279.854
  0.892   730279.861
  0.927   730279.868
  0.910   730279.875
  0.908   730279.882
  0.993   730279.888
  0.902   730279.896
  0.787   730279.902
  0.774   730279.909
  0.849   730279.916
  0.858   730279.923
  0.823   730279.930
  0.774   730279.937
  0.872   730279.944
  0.928   730279.951
  0.875   730279.958
  0.831   730279.965
  0.853   730279.972
  0.773   730279.979
  0.903   730279.986
 12.289   730279.993
  0.879   730280.000
