  1.123   730279.001
  0.396   730279.001
  1.183   730279.007
  1.102   730279.014
  1.126   730279.021
  1.205   730279.028
  1.332   730279.035
  1.125   730279.042
  1.146   730279.049
  1.229   730279.056
  1.050   730279.063
 76.452   730279.070
  1.169   730279.077
  1.317   730279.083
  1.235   730279.090
  1.205   730279.097
  1.242   730279.104
  1.156   730279.111
  1.089   730279.118
  1.266   730279.125
  1.082   730279.132
  1.000   730279.139
  1.032   730279.146
  1.228   730279.153
  1.206   730279.160
  1.106   730279.167
  1.254   730279.174
  1.303   730279.181
  1.167   730279.188
  1.175   730279.195
  1.105   730279.202
  1.174   730279.208
  1.115   730279.215
  1.004   730279.222
  1.208   730279.229
  1.162   730279.236
  1.261   730279.243
  1.200   730279.250
  1.064   730279.257
  1.087   730279.264
  8.504   730279.271
  1.283   730279.278
  1.094   730279.285
  1.147   730279.292
  1.189   730279.299
  1.204   730279.306
  1.092   730279.313
  1.160   730279.320
  1.168   730279.326
  1.149   730279.333
  1.085   730279.342
  0.958   730279.347
  1.158   730279.354
  1.177   730279.361
  0.932   730279.368
  1.108   730279.375
  1.242   730279.382
  1.243   730279.389
  1.221   730279.396
  1.154   730279.403
  1.061   730279.410
  1.092   730279.417
  1.076   730279.424
  1.200   730279.431
  1.151   730279.438
  0.974   730279.445
  1.250   730279.451
  1.120   730279.458
  1.235   730279.465
  1.081   730279.472
  1.025   730279.479
  1.191   730279.486
  0.988   730279.493
  1.119   730279.500
  1.041   730279.507
  1.016   730279.514
  1.153   730279.521
  1.352   730279.528
  1.017   730279.535
  1.132   730279.542
  0.818   730279.549
  1.155   730279.556
  1.057   730279.563
 75.619   730279.570
  1.143   730279.576
  0.849   730279.584
  1.032   730279.590
  0.953   730279.598
  1.110   730279.604
  0.980   730279.611
  0.995   730279.618
  1.079   730279.625
  0.990   730279.632
  0.920   730279.639
  1.097   730279.646
  1.036   730279.653
  0.979   730279.660
  1.035   730279.667
  0.920   730279.674
  0.950   730279.681
  0.882   730279.688
  0.990   730279.695
  0.914   730279.701
  0.918   730279.708
  0.924   730279.715
  0.937   730279.722
  1.017   730279.729
  1.034   730279.736
  0.845   730279.743
  0.916   730279.750
  0.947   730279.757
  0.959   730279.764
  0.900   730279.771
  0.913   730279.778
  0.777   730279.785
  0.856   730279.792
  0.875   730279.799
  0.909   730279.806
  0.901   730279.813
  0.868   730279.820
  1.020   730279.827
  2.823   730279.833
  0.828   730279.840
  0.942   730279.847
  0.720   730279.854
  0.859   730279.861
  0.988   730279.868
  1.055   730279.875
  6.442   730279.882
  0.876   730279.889
  0.842   730279.896
  0.854   730279.903
  0.961   730279.910
  0.854   730279.917
  0.934   730279.924
  0.820   730279.931
  0.924   730279.938
  1.029   730279.945
  0.811   730279.952
  0.909   730279.958
  0.862   730279.965
  1.200   730279.972
  0.829   730279.979
  0.686   730279.986
  0.958   730279.993
