  1.170   729844.000
  1.060   729844.000
  1.030   729844.010
  1.060   729844.020
  1.130   729844.020
  1.000   729844.030
  1.020   729844.040
  1.080   729844.050
  1.030   729844.050
  1.050   729844.060
  1.080   729844.070
  1.050   729844.070
  1.140   729844.080
  1.050   729844.090
  1.180   729844.090
  1.090   729844.100
  0.990   729844.110
  1.030   729844.110
  1.040   729844.120
  0.960   729844.130
  0.990   729844.140
  0.910   729844.140
  0.910   729844.150
  1.020   729844.160
  0.890   729844.160
  0.860   729844.170
  0.810   729844.180
  0.830   729844.180
  0.770   729844.190
  0.800   729844.200
  0.780   729844.200
  0.780   729844.210
  0.810   729844.220
  0.710   729844.230
  0.630   729844.230
  0.650   729844.240
  0.680   729844.250
  0.720   729844.250
  0.750   729844.260
  0.680   729844.270
  0.630   729844.270
  0.680   729844.280
  0.680   729844.290
  0.640   729844.300
  0.690   729844.300
  0.720   729844.310
  0.610   729844.320
  0.620   729844.320
  0.650   729844.330
  0.640   729844.340
  0.610   729844.340
  0.620   729844.350
  0.590   729844.360
  0.560   729844.360
  0.620   729844.370
  0.570   729844.380
  0.540   729844.390
  0.580   729844.390
  0.560   729844.400
  0.510   729844.410
  0.580   729844.410
  0.600   729844.420
  0.540   729844.430
  0.540   729844.430
  0.500   729844.440
  0.530   729844.450
  0.500   729844.450
  0.530   729844.460
    NaN   729844.470
    NaN   729844.480
  0.540   729844.480
  0.530   729844.490
  0.550   729844.500
  0.580   729844.500
  0.530   729844.510
  0.490   729844.520
  0.510   729844.520
  0.500   729844.530
  0.500   729844.540
  0.520   729844.550
  0.480   729844.550
  0.480   729844.560
  0.480   729844.570
  0.480   729844.570
  0.430   729844.580
  0.540   729844.590
  0.450   729844.590
  0.480   729844.600
  0.510   729844.610
  0.500   729844.610
  0.530   729844.620
  0.530   729844.630
  0.520   729844.640
  0.540   729844.640
  0.490   729844.650
  0.470   729844.660
  0.510   729844.660
  0.450   729844.670
  0.520   729844.680
  0.500   729844.680
  0.450   729844.690
  0.470   729844.700
  0.490   729844.700
  0.490   729844.710
  0.470   729844.720
  0.530   729844.730
  0.520   729844.730
  0.480   729844.740
  0.520   729844.750
  0.550   729844.750
  0.500   729844.760
  0.450   729844.770
  0.540   729844.770
  0.510   729844.780
  0.560   729844.790
  0.540   729844.800
  0.560   729844.800
  0.560   729844.810
  0.550   729844.890
  0.510   729844.890
  0.590   729844.900
  0.530   729844.910
  0.510   729844.910
  0.580   729844.920
  0.570   729844.930
  0.630   729844.930
  0.550   729844.940
  0.570   729844.950
  0.520   729844.950
  0.550   729844.960
    NaN   729844.970
    NaN   729844.980
  0.580   729844.980
  0.590   729844.990
