  1.510   729286.010
  1.565   729286.021
  1.625   729286.031
  1.594   729286.042
  1.597   729286.052
  1.508   729286.063
  1.594   729286.073
  1.726   729286.083
    NaN   729286.094
  1.644   729286.104
  2.190   729286.115
  2.222   729286.125
  1.995   729286.135
  2.113   729286.146
  2.399   729286.156
  2.103   729286.167
  2.195   729286.177
  2.018   729286.188
  2.139   729286.198
  1.945   729286.208
  2.003   729286.219
  1.752   729286.229
  2.079   729286.240
  1.980   729286.250
  7.625   729286.260
  2.023   729286.271
  1.955   729286.281
  2.078   729286.292
  1.926   729286.302
 17.995   729286.313
 19.680   729286.323
  3.261   729286.333
  2.281   729286.344
  2.030   729286.354
  1.757   729286.365
  3.677   729286.375
  2.326   729286.385
  1.886   729286.396
  5.986   729286.406
 12.374   729286.417
 29.316   729286.427
 12.510   729286.438
  2.026   729286.448
  2.006   729286.458
  1.968   729286.469
  1.730   729286.479
  2.032   729286.490
  1.758   729286.500
  1.995   729286.510
  1.804   729286.521
  2.072   729286.531
  2.198   729286.542
  1.834   729286.552
  2.093   729286.563
  2.039   729286.573
  2.368   729286.583
  2.039   729286.594
  1.906   729286.604
  2.173   729286.615
  2.244   729286.625
  2.077   729286.635
  2.015   729286.646
  2.274   729286.656
  1.901   729286.667
  2.276   729286.677
  2.064   729286.688
  1.676   729286.698
  2.032   729286.708
  1.869   729286.719
  2.035   729286.729
  2.045   729286.740
  1.901   729286.750
  2.151   729286.760
  1.953   729286.771
  2.340   729286.781
    NaN   729286.792
 39.404   729286.802
 17.300   729286.813
    NaN   729286.823
 25.253   729286.833
  3.272   729286.844
  1.846   729286.854
  7.106   729286.865
  2.372   729286.875
 22.377   729286.885
  2.238   729286.896
  1.529   729286.906
  1.771   729286.917
  1.736   729286.927
  2.040   729286.938
  2.119   729286.948
  1.520   729286.958
  1.787   729286.969
  1.728   729286.979
  1.693   729286.990
