  0.420   729924.000
  0.420   729924.000
  0.460   729924.010
  0.440   729924.020
  0.460   729924.030
  0.440   729924.040
  0.430   729924.050
  0.490   729924.050
  0.510   729924.060
  0.460   729924.070
  0.450   729924.070
  0.470   729924.080
  0.440   729924.090
  0.430   729924.090
  0.470   729924.100
  0.400   729924.110
  0.410   729924.120
  0.430   729924.120
  0.500   729924.130
  0.450   729924.140
  0.410   729924.140
  0.410   729924.150
  0.430   729924.160
  0.450   729924.160
  0.410   729924.170
  0.410   729924.180
  0.450   729924.180
  0.490   729924.190
  0.460   729924.200
  0.410   729924.210
  0.440   729924.210
  0.400   729924.220
  0.420   729924.230
  0.400   729924.230
  0.420   729924.240
  0.420   729924.250
  0.460   729924.250
  0.420   729924.260
  0.410   729924.270
  0.340   729924.280
  0.400   729924.280
  0.360   729924.290
  0.380   729924.300
  0.590   729924.300
  0.380   729924.310
  0.420   729924.320
  0.390   729924.320
  0.370   729924.330
  0.370   729924.340
  0.330   729924.340
  0.330   729924.350
  0.360   729924.360
  0.330   729924.370
  0.320   729924.370
  0.310   729924.380
  0.300   729924.390
  0.290   729924.390
  0.310   729924.400
  0.320   729924.410
  0.430   729924.410
  0.550   729924.420
  0.310   729924.430
  0.270   729924.430
  0.280   729924.440
  0.290   729924.450
  0.320   729924.460
  0.350   729924.460
  0.330   729924.470
  0.330   729924.480
  0.340   729924.480
  0.370   729924.490
  0.370   729924.500
  0.360   729924.500
  0.360   729924.510
  0.360   729924.520
  0.360   729924.530
  0.360   729924.530
  0.390   729924.540
  0.370   729924.550
  0.370   729924.550
  0.390   729924.560
  0.380   729924.570
  0.340   729924.570
  0.330   729924.580
  0.320   729924.590
  0.320   729924.590
  0.310   729924.600
  0.310   729924.610
  0.300   729924.620
  0.340   729924.620
  0.330   729924.630
  0.330   729924.640
  0.300   729924.640
  0.350   729924.650
  0.310   729924.660
  0.340   729924.660
  0.320   729924.670
  0.340   729924.680
  0.330   729924.680
  0.330   729924.690
  0.320   729924.700
  0.540   729924.710
  0.360   729924.710
  0.380   729924.720
  0.360   729924.730
  0.380   729924.730
  0.410   729924.740
  0.390   729924.750
  0.440   729924.750
  0.450   729924.760
  0.520   729924.770
  0.530   729924.780
  0.540   729924.780
  0.540   729924.790
  0.520   729924.800
  0.560   729924.800
  0.570   729924.810
  0.580   729924.820
  0.540   729924.820
  0.550   729924.830
  0.500   729924.840
  0.550   729924.840
    NaN   729924.850
  2.470   729924.860
  0.500   729924.870
  0.630   729924.870
  0.530   729924.880
  0.470   729924.890
  0.440   729924.890
  0.460   729924.900
  0.500   729924.910
  0.530   729924.910
  0.410   729924.950
  0.440   729924.960
  0.410   729924.960
  0.430   729924.970
