  0.710   729724.000
  0.650   729724.000
  0.740   729724.010
  0.680   729724.020
  0.670   729724.020
  0.670   729724.030
  0.660   729724.040
  0.730   729724.050
  0.750   729724.050
  0.720   729724.060
  0.700   729724.070
  0.740   729724.070
  0.690   729724.080
  0.600   729724.090
  0.710   729724.090
  0.740   729724.100
  0.690   729724.110
  0.760   729724.110
  0.720   729724.120
  0.720   729724.130
  0.730   729724.140
  0.750   729724.140
  0.740   729724.150
  0.740   729724.160
  0.700   729724.160
  0.770   729724.170
  0.840   729724.180
  0.670   729724.180
  0.820   729724.190
  0.760   729724.200
  0.740   729724.200
  0.760   729724.210
  0.770   729724.220
  0.780   729724.230
  0.780   729724.230
  0.840   729724.240
  0.850   729724.250
  0.830   729724.250
  0.750   729724.260
  0.800   729724.270
  0.740   729724.270
  0.840   729724.280
  0.850   729724.290
  0.840   729724.300
  0.810   729724.300
  0.840   729724.310
  0.780   729724.320
  0.830   729724.320
  0.740   729724.330
  0.710   729724.340
  0.800   729724.340
  0.720   729724.350
  0.800   729724.360
  0.730   729724.360
  0.690   729724.370
  0.740   729724.380
  0.740   729724.390
  0.770   729724.390
  0.770   729724.400
  0.770   729724.410
  0.750   729724.410
  0.700   729724.420
  0.730   729724.430
  0.750   729724.430
  0.770   729724.440
  0.810   729724.450
  0.720   729724.450
  0.660   729724.460
    NaN   729724.470
    NaN   729724.480
  0.760   729724.480
  0.750   729724.490
  0.740   729724.500
  0.700   729724.500
  0.810   729724.510
  0.620   729724.520
  0.720   729724.520
  0.640   729724.530
  0.730   729724.540
  0.660   729724.550
  0.720   729724.550
  0.770   729724.560
  0.670   729724.570
  0.740   729724.570
  0.770   729724.580
  0.640   729724.590
  0.660   729724.590
  0.740   729724.600
  0.680   729724.610
  0.690   729724.610
  0.680   729724.620
  0.660   729724.630
  0.700   729724.640
  0.690   729724.640
  0.670   729724.650
  0.620   729724.660
  0.630   729724.660
  0.730   729724.670
  0.710   729724.680
  0.680   729724.680
  0.670   729724.690
  0.670   729724.700
  0.720   729724.700
  0.700   729724.710
  0.690   729724.720
  0.670   729724.730
  0.660   729724.730
  0.650   729724.740
  0.730   729724.750
  0.660   729724.750
  0.700   729724.760
  0.710   729724.770
  0.760   729724.770
  0.740   729724.780
  0.690   729724.790
  0.670   729724.800
  0.650   729724.800
  0.620   729724.810
  0.640   729724.820
  0.640   729724.820
  0.680   729724.830
  0.670   729724.840
  0.650   729724.840
  0.580   729724.850
  0.670   729724.860
  0.650   729724.860
  0.650   729724.870
  0.630   729724.880
  0.620   729724.890
  0.590   729724.890
  0.600   729724.900
  0.570   729724.910
  0.660   729724.910
  0.560   729724.920
  0.640   729724.930
  0.590   729724.930
  0.610   729724.940
  0.610   729724.950
  0.630   729724.950
  0.670   729724.960
    NaN   729724.970
    NaN   729724.980
  0.710   729724.980
  0.620   729724.990
