  0.300   729937.030
  0.250   729937.040
  0.290   729937.050
  0.260   729937.050
  0.250   729937.060
  0.280   729937.070
  0.260   729937.070
  0.270   729937.080
  0.280   729937.090
  0.330   729937.090
  0.290   729937.100
  0.290   729937.110
  0.320   729937.110
  0.240   729937.120
  0.250   729937.130
  0.230   729937.140
  0.280   729937.140
  0.270   729937.150
  0.280   729937.160
  0.270   729937.160
  0.290   729937.170
  0.270   729937.180
  0.260   729937.180
  0.270   729937.190
  0.260   729937.200
  0.270   729937.200
  0.280   729937.210
  0.230   729937.220
  0.250   729937.230
  0.250   729937.230
  0.240   729937.240
  0.230   729937.250
  0.260   729937.250
  0.270   729937.260
  0.260   729937.270
  0.280   729937.270
  0.260   729937.280
  0.260   729937.290
  0.260   729937.300
  0.260   729937.300
  0.250   729937.310
  0.260   729937.320
  0.250   729937.320
  0.270   729937.330
  0.250   729937.340
  0.260   729937.340
  0.260   729937.350
  0.260   729937.360
  0.270   729937.360
  0.260   729937.370
  0.280   729937.380
  0.260   729937.390
  0.250   729937.390
  0.250   729937.400
  0.230   729937.410
  0.230   729937.410
  0.290   729937.680
  0.290   729937.700
  0.300   729937.700
  0.290   729937.700
  0.300   729937.710
  0.290   729937.720
  0.280   729937.730
  0.280   729937.730
  0.330   729937.740
  0.310   729937.750
  0.310   729937.750
  0.320   729937.760
  0.380   729937.770
  0.380   729937.770
  0.350   729937.780
  0.330   729937.790
  0.290   729937.800
  0.310   729937.800
  0.330   729937.810
  0.330   729937.820
  0.300   729937.820
  0.290   729937.830
  0.300   729937.840
  0.320   729937.840
  0.310   729937.850
  0.340   729937.860
    NaN   729937.860
    NaN   729937.870
  0.290   729937.880
  0.310   729937.890
  0.310   729937.890
  0.350   729937.900
  0.330   729937.910
  0.320   729937.910
  0.340   729937.920
  0.360   729937.930
  0.400   729937.930
  0.400   729937.940
  0.410   729937.950
  0.390   729937.950
  0.380   729937.960
  0.380   729937.970
