  0.093   730354.001
  0.045   730354.001
  0.096   730354.008
  0.095   730354.015
  0.103   730354.021
  0.100   730354.028
  0.103   730354.035
  0.090   730354.042
  0.095   730354.049
  0.093   730354.056
  0.101   730354.063
  0.091   730354.070
  0.108   730354.077
  0.104   730354.084
  0.116   730354.091
  0.121   730354.098
  0.111   730354.105
  0.112   730354.112
  0.125   730354.119
  0.157   730354.126
  0.140   730354.133
  0.129   730354.140
  0.135   730354.146
  0.132   730354.153
  0.137   730354.160
  0.118   730354.167
  0.149   730354.174
  0.131   730354.181
  0.130   730354.188
  0.154   730354.195
  0.136   730354.202
  0.129   730354.209
  0.131   730354.216
  0.139   730354.223
  0.146   730354.230
  0.139   730354.237
  0.127   730354.244
  0.124   730354.251
  0.149   730354.258
  0.132   730354.265
  0.127   730354.271
  0.132   730354.278
  0.121   730354.285
  0.139   730354.292
  0.143   730354.299
  0.140   730354.306
  0.128   730354.313
  0.127   730354.320
  0.132   730354.327
  0.112   730354.334
  0.131   730354.341
  0.139   730354.348
  0.119   730354.355
  0.122   730354.362
  0.115   730354.369
  0.126   730354.376
  0.106   730354.383
  0.108   730354.390
  0.121   730354.397
  0.157   730354.403
  2.128   730354.410
  0.119   730354.417
  0.115   730354.424
  0.105   730354.431
  0.100   730354.438
  0.108   730354.445
  0.107   730354.452
  0.094   730354.459
  0.100   730354.466
  0.101   730354.473
  0.109   730354.480
  0.096   730354.487
  0.100   730354.494
  0.108   730354.501
  0.110   730354.508
  0.107   730354.515
  0.105   730354.522
  0.098   730354.528
  0.086   730354.535
  0.442   730354.542
  0.099   730354.549
  0.121   730354.556
  0.100   730354.563
  0.108   730354.570
  0.109   730354.577
  0.112   730354.584
  0.117   730354.591
  0.106   730354.598
  0.091   730354.605
  0.093   730354.612
  0.104   730354.619
  0.097   730354.626
  0.105   730354.633
  0.098   730354.640
  0.100   730354.647
  0.098   730354.653
  0.101   730354.660
  0.086   730354.667
  0.096   730354.674
  0.091   730354.681
  0.106   730354.688
  0.099   730354.695
  0.096   730354.702
  0.089   730354.709
  0.090   730354.716
  0.103   730354.723
  0.103   730354.730
  0.093   730354.737
  0.104   730354.744
  0.096   730354.751
  0.086   730354.758
  0.093   730354.765
  0.089   730354.772
  0.097   730354.778
  0.087   730354.785
  0.088   730354.792
  0.087   730354.799
  0.099   730354.806
  0.094   730354.813
  0.090   730354.820
  0.088   730354.827
  0.083   730354.834
  0.079   730354.841
  2.947   730354.848
  0.080   730354.855
  0.099   730354.862
  0.094   730354.869
  0.095   730354.876
  0.093   730354.883
  0.111   730354.890
  0.093   730354.897
  0.077   730354.903
  0.093   730354.910
  0.080   730354.917
  0.090   730354.924
  0.097   730354.931
  0.087   730354.938
  0.085   730354.945
  0.091   730354.952
  0.079   730354.959
  0.092   730354.966
  0.093   730354.973
  0.093   730354.980
  0.085   730354.987
  0.074   730354.994
