  0.982   730147.002
  0.924   730147.009
  1.048   730147.015
  1.021   730147.022
  0.945   730147.029
  0.984   730147.036
  0.998   730147.043
  1.013   730147.050
  0.917   730147.057
  0.924   730147.064
  0.964   730147.071
  0.987   730147.078
  1.119   730147.085
  0.890   730147.092
  1.041   730147.099
  1.074   730147.106
  1.130   730147.113
  1.052   730147.119
  1.171   730147.126
  1.079   730147.133
  0.945   730147.140
  0.928   730147.147
  0.915   730147.154
  0.899   730147.161
  1.137   730147.168
  1.036   730147.175
  0.980   730147.182
  0.810   730147.189
  0.915   730147.196
  0.983   730147.203
  1.011   730147.210
  1.014   730147.217
  0.913   730147.224
  1.008   730147.231
  0.936   730147.238
  0.937   730147.244
 11.209   730147.251
  1.019   730147.258
  1.081   730147.265
  0.863   730147.272
  0.957   730147.279
  1.018   730147.286
  0.961   730147.293
  0.919   730147.300
  0.864   730147.307
  0.924   730147.314
  0.848   730147.321
  0.928   730147.328
  0.998   730147.335
  0.970   730147.342
  0.933   730147.349
  1.000   730147.356
  0.953   730147.363
  0.891   730147.369
  0.921   730147.376
  0.931   730147.384
  0.970   730147.391
  0.954   730147.398
  0.777   730147.404
    NaN   730147.412
  0.935   730147.419
  0.899   730147.425
  0.932   730147.432
  0.999   730147.439
  0.916   730147.447
  0.929   730147.453
  0.920   730147.460
  1.017   730147.467
  1.017   730147.474
  0.940   730147.481
  0.923   730147.488
  0.891   730147.495
  0.997   730147.501
  0.959   730147.508
  0.868   730147.515
  0.966   730147.522
  0.981   730147.529
  0.932   730147.536
  0.943   730147.543
  1.009   730147.550
  0.921   730147.558
  0.934   730147.565
  0.890   730147.571
  0.926   730147.578
  0.966   730147.585
  1.035   730147.592
  0.918   730147.599
  0.939   730147.606
  0.872   730147.613
  0.842   730147.619
  0.978   730147.626
  0.943   730147.633
  0.869   730147.640
  0.936   730147.647
  1.018   730147.654
  0.823   730147.662
  0.812   730147.668
  0.897   730147.675
  0.815   730147.682
  0.765   730147.689
  0.840   730147.696
  0.883   730147.703
  0.954   730147.710
  0.912   730147.717
  0.926   730147.856
  0.967   730147.863
  0.871   730147.869
  0.933   730147.876
  0.975   730147.883
  0.827   730147.890
  0.940   730147.897
  0.932   730147.904
    NaN   730147.911
  0.869   730147.918
  0.875   730147.925
  0.854   730147.932
  0.806   730147.939
  0.985   730147.946
  0.843   730147.953
  0.778   730147.960
  0.893   730147.967
  0.962   730147.974
  0.789   730147.981
  0.809   730147.988
  0.885   730147.994
