  1.446   730147.000
  1.164   730147.007
  1.050   730147.014
  1.057   730147.021
  0.878   730147.028
  0.591   730147.035
  0.390   730147.042
  0.251   730147.049
  0.080   730147.056
  0.094   730147.062
  0.049   730147.069
  0.053   730147.076
  0.047   730147.083
  0.041   730147.090
  0.035   730147.097
  0.045   730147.105
  0.043   730147.111
  0.038   730147.118
  0.066   730147.125
  0.039   730147.132
  0.038   730147.139
  0.038   730147.146
  0.040   730147.153
  0.044   730147.160
  0.040   730147.167
  0.042   730147.174
  0.031   730147.181
  0.036   730147.188
  0.039   730147.194
  0.040   730147.201
  0.035   730147.208
  0.036   730147.215
  0.039   730147.222
  0.042   730147.229
  0.050   730147.236
  0.036   730147.243
  0.082   730147.250
  0.032   730147.257
  0.035   730147.264
  0.037   730147.271
  0.034   730147.278
  0.036   730147.285
  0.037   730147.292
  0.036   730147.299
  0.050   730147.306
  0.035   730147.312
  0.037   730147.319
  0.041   730147.326
  0.039   730147.333
  0.035   730147.340
  0.048   730147.347
  0.041   730147.354
  0.045   730147.361
  0.042   730147.368
  0.039   730147.375
  0.039   730147.382
  0.035   730147.389
  0.042   730147.396
  0.039   730147.403
  0.037   730147.410
  0.048   730147.417
  0.042   730147.424
  0.045   730147.431
  0.042   730147.438
  0.040   730147.444
  0.045   730147.452
  0.040   730147.458
  0.051   730147.465
  0.039   730147.472
  0.053   730147.479
  0.046   730147.486
  0.052   730147.493
  0.051   730147.500
  0.052   730147.507
  0.046   730147.514
  0.049   730147.521
  0.052   730147.528
  0.053   730147.535
  0.043   730147.542
  0.055   730147.549
  0.058   730147.556
  0.055   730147.563
  0.053   730147.569
  0.053   730147.576
  0.057   730147.583
  0.050   730147.590
  0.047   730147.597
  0.053   730147.604
  0.053   730147.611
  0.058   730147.618
  0.054   730147.625
  0.057   730147.632
  0.054   730147.639
  0.057   730147.646
  0.053   730147.653
  0.057   730147.660
  0.055   730147.667
  0.058   730147.674
  0.053   730147.681
  0.064   730147.688
  0.058   730147.694
  0.050   730147.701
  0.371   730147.708
  0.055   730147.715
  0.066   730147.854
  0.067   730147.861
  0.063   730147.868
  0.067   730147.875
  0.067   730147.882
  0.061   730147.889
  0.061   730147.896
  0.067   730147.903
  0.066   730147.910
  0.063   730147.917
  0.061   730147.924
  0.056   730147.931
  0.061   730147.938
  0.069   730147.944
  0.061   730147.951
  0.055   730147.958
  0.056   730147.965
  0.052   730147.972
  0.054   730147.979
  0.049   730147.986
  0.059   730147.993
