  0.820   730025.000
  0.830   730025.000
  0.860   730025.010
  0.870   730025.020
  0.770   730025.030
  8.050   730025.030
  7.870   730025.040
  0.710   730025.050
  0.710   730025.050
  0.720   730025.060
  0.700   730025.070
  0.690   730025.070
  0.700   730025.080
  0.700   730025.090
  0.670   730025.100
  0.660   730025.100
  0.670   730025.110
  0.680   730025.120
  0.640   730025.120
  0.640   730025.130
  0.630   730025.140
  0.610   730025.140
  0.670   730025.150
  0.710   730025.160
  0.690   730025.160
  0.650   730025.170
  0.730   730025.180
  0.660   730025.190
  0.640   730025.190
  0.660   730025.200
  0.660   730025.210
  0.660   730025.210
  0.630   730025.220
  0.570   730025.230
  0.610   730025.230
  0.560   730025.240
  0.570   730025.250
  0.570   730025.250
  0.610   730025.260
  0.590   730025.270
  0.610   730025.280
  0.550   730025.280
  0.530   730025.290
  0.510   730025.300
  0.480   730025.300
  0.490   730025.310
  0.460   730025.320
  0.450   730025.320
  0.450   730025.330
  0.450   730025.340
  0.490   730025.350
  0.460   730025.350
  0.490   730025.360
  0.550   730025.370
  0.520   730025.370
  0.470   730025.380
  0.540   730025.390
  0.580   730025.390
  0.520   730025.400
  0.540   730025.410
  0.550   730025.410
  0.550   730025.420
  0.510   730025.430
  0.520   730025.440
  0.510   730025.440
  0.480   730025.450
  0.480   730025.460
  0.510   730025.460
  0.520   730025.470
  0.540   730025.480
  0.560   730025.480
  0.570   730025.490
  0.580   730025.500
  0.570   730025.500
  0.610   730025.510
  0.670   730025.520
  0.680   730025.530
  0.660   730025.530
  0.650   730025.540
  0.650   730025.550
  0.680   730025.550
  0.670   730025.560
  0.650   730025.570
  0.790   730025.570
  0.770   730025.580
  0.750   730025.590
  0.780   730025.600
  0.770   730025.600
  0.730   730025.610
  0.840   730025.620
  0.850   730025.620
  0.880   730025.630
  0.840   730025.640
  0.890   730025.640
  0.960   730025.650
  0.900   730025.660
  0.950   730025.660
  0.850   730025.670
  0.880   730025.680
  0.900   730025.690
  0.790   730025.690
  0.780   730025.700
  0.830   730025.710
  0.870   730025.710
  0.920   730025.720
  0.870   730025.730
  0.820   730025.730
  0.890   730025.740
  0.780   730025.750
  0.730   730025.750
  0.700   730025.760
  0.650   730025.770
  0.750   730025.780
  0.670   730025.780
  0.730   730025.790
  0.670   730025.800
  0.640   730025.800
  0.610   730025.810
  0.590   730025.820
  0.590   730025.820
  0.580   730025.830
  0.570   730025.840
  0.520   730025.850
  0.530   730025.850
  0.520   730025.860
  0.520   730025.870
  0.540   730025.870
  0.510   730025.880
  0.480   730025.890
  0.510   730025.890
  0.480   730025.900
  0.520   730025.910
  0.540   730025.910
  0.580   730025.920
  0.490   730025.930
  0.540   730025.940
  0.480   730025.950
  0.510   730025.950
  0.520   730025.960
  0.570   730025.960
  0.510   730025.970
  0.560   730025.980
  0.600   730025.980
  2.800   730025.990
