  0.260   730025.000
  0.140   730025.000
    NaN   730025.010
    NaN   730025.020
  0.140   730025.030
  3.630   730025.030
  3.290   730025.040
  0.290   730025.050
  0.620   730025.050
  0.150   730025.060
  0.190   730025.070
  0.130   730025.070
  0.170   730025.080
  0.180   730025.090
  0.140   730025.100
  0.150   730025.100
  0.150   730025.110
  0.150   730025.120
  0.160   730025.120
  0.140   730025.130
  0.170   730025.140
  0.140   730025.140
  0.140   730025.150
  0.220   730025.160
  0.150   730025.160
  0.160   730025.170
  0.260   730025.180
  0.160   730025.180
  0.220   730025.190
  0.160   730025.200
  0.160   730025.210
  0.190   730025.210
  0.220   730025.220
  0.210   730025.230
  0.160   730025.230
  0.140   730025.240
  0.270   730025.250
  0.300   730025.250
  0.180   730025.260
  0.160   730025.270
  0.150   730025.280
  0.160   730025.280
  0.180   730025.290
  0.140   730025.300
  0.150   730025.300
  0.140   730025.310
  0.180   730025.320
  0.180   730025.320
  0.170   730025.330
  0.150   730025.340
  0.270   730025.350
  0.170   730025.350
  0.150   730025.360
  0.150   730025.370
  0.120   730025.370
  0.120   730025.380
  0.120   730025.390
  0.130   730025.390
  0.140   730025.400
  0.150   730025.410
  0.170   730025.410
  0.160   730025.420
  0.210   730025.430
  0.140   730025.430
  0.130   730025.440
  0.150   730025.450
  0.190   730025.460
  0.210   730025.460
  0.210   730025.470
  0.210   730025.480
  0.250   730025.480
  0.240   730025.490
  0.290   730025.500
  0.230   730025.500
  0.250   730025.510
  0.190   730025.520
  0.190   730025.530
  0.230   730025.530
  0.180   730025.540
  0.190   730025.550
  0.200   730025.550
  0.270   730025.560
  0.190   730025.570
  0.290   730025.570
  0.140   730025.580
  0.170   730025.590
  0.210   730025.600
  0.220   730025.600
  0.920   730025.610
  0.550   730025.620
  0.220   730025.620
  0.130   730025.630
  0.270   730025.640
  0.220   730025.640
  0.260   730025.650
  5.700   730025.660
  1.080   730025.660
  0.250   730025.670
  0.240   730025.680
  0.200   730025.690
  0.240   730025.690
  0.160   730025.700
  0.170   730025.710
  0.140   730025.710
  0.140   730025.720
  0.190   730025.730
  0.140   730025.730
  0.160   730025.740
  0.170   730025.750
  0.130   730025.750
  0.140   730025.760
  0.140   730025.770
  0.150   730025.780
  0.130   730025.780
  0.130   730025.790
  0.150   730025.800
  0.120   730025.800
  0.150   730025.810
  0.170   730025.820
  0.180   730025.820
  0.190   730025.830
  0.220   730025.840
  0.180   730025.850
  0.140   730025.850
  0.140   730025.860
  0.130   730025.870
  0.130   730025.870
  0.130   730025.880
  0.140   730025.890
  0.130   730025.890
  0.150   730025.900
  0.150   730025.910
  0.210   730025.910
  0.260   730025.920
  0.160   730025.930
  0.160   730025.940
  0.140   730025.940
  0.130   730025.950
  0.130   730025.960
  0.140   730025.960
  0.130   730025.970
  0.120   730025.980
  0.120   730025.980
  0.130   730025.990
