  0.161   730336.001
  0.073   730336.001
  0.245   730336.001
  0.146   730336.007
  0.153   730336.014
  0.170   730336.021
  0.156   730336.028
  0.153   730336.035
  0.153   730336.042
  0.163   730336.049
  0.252   730336.055
  0.175   730336.063
  0.164   730336.070
  0.133   730336.077
  0.125   730336.084
  0.148   730336.091
  0.147   730336.098
  0.166   730336.104
  0.171   730336.111
  0.221   730336.118
  0.199   730336.125
  0.158   730336.132
  0.195   730336.139
  0.224   730336.146
  0.247   730336.153
  0.229   730336.160
  0.209   730336.167
  0.146   730336.174
  0.184   730336.181
  0.216   730336.188
  0.200   730336.195
  0.227   730336.202
  0.149   730336.209
  0.255   730336.216
  0.181   730336.223
  0.169   730336.229
  0.199   730336.236
  0.150   730336.243
  0.171   730336.250
  0.135   730336.257
  0.184   730336.264
  0.167   730336.271
  0.146   730336.278
  0.237   730336.285
  0.130   730336.292
  0.181   730336.299
  0.132   730336.306
  0.128   730336.313
  0.172   730336.320
  0.173   730336.327
  0.208   730336.334
  0.176   730336.341
  0.173   730336.348
  0.164   730336.354
  0.196   730336.361
  0.130   730336.368
  0.127   730336.375
  0.142   730336.382
  0.152   730336.389
  0.201   730336.396
  0.913   730336.403
  0.173   730336.410
  0.157   730336.417
  0.157   730336.424
  0.160   730336.431
  0.162   730336.438
  0.157   730336.445
  0.159   730336.452
  0.131   730336.459
  0.150   730336.466
  0.129   730336.473
  0.148   730336.480
  0.158   730336.486
  0.122   730336.493
  0.120   730336.500
  0.138   730336.507
  0.159   730336.514
  0.177   730336.521
  0.147   730336.528
  0.143   730336.535
  0.123   730336.542
  0.161   730336.549
  0.195   730336.556
  0.172   730336.563
  0.190   730336.570
  0.148   730336.577
  0.155   730336.584
  0.295   730336.591
  0.142   730336.598
  0.171   730336.604
  0.158   730336.611
  0.142   730336.618
  0.137   730336.625
  0.176   730336.632
  0.151   730336.639
  0.157   730336.646
  0.186   730336.653
  0.152   730336.660
  0.146   730336.667
  0.165   730336.674
  0.164   730336.681
  0.156   730336.688
  0.216   730336.695
  0.223   730336.702
  0.206   730336.709
  0.164   730336.716
  0.209   730336.723
  0.182   730336.730
  0.220   730336.736
  0.185   730336.743
  0.195   730336.750
  0.194   730336.757
  0.180   730336.764
  0.172   730336.771
  0.155   730336.778
  0.201   730336.785
  0.196   730336.792
  0.157   730336.799
  0.174   730336.806
  0.140   730336.813
  0.147   730336.820
  0.164   730336.827
  0.165   730336.834
  0.152   730336.841
  4.942   730336.848
  0.171   730336.854
  0.159   730336.861
  0.172   730336.868
  0.179   730336.875
  0.168   730336.882
  0.173   730336.889
  0.160   730336.896
  0.187   730336.903
  0.222   730336.910
  0.208   730336.917
  0.248   730336.924
  0.230   730336.931
  0.203   730336.938
  0.219   730336.945
  0.247   730336.952
  0.231   730336.959
  0.223   730336.966
  0.217   730336.973
  0.253   730336.980
  0.216   730336.986
  0.821   730336.993
