    NaN   730336.000
    NaN   730336.000
    NaN   730336.007
    NaN   730336.014
    NaN   730336.021
    NaN   730336.028
    NaN   730336.035
    NaN   730336.042
    NaN   730336.049
    NaN   730336.055
    NaN   730336.063
    NaN   730336.069
    NaN   730336.077
    NaN   730336.083
    NaN   730336.090
    NaN   730336.097
    NaN   730336.104
    NaN   730336.111
    NaN   730336.118
    NaN   730336.125
    NaN   730336.132
    NaN   730336.139
    NaN   730336.146
    NaN   730336.153
    NaN   730336.160
    NaN   730336.167
    NaN   730336.174
    NaN   730336.181
    NaN   730336.188
    NaN   730336.195
    NaN   730336.202
    NaN   730336.208
    NaN   730336.215
    NaN   730336.222
    NaN   730336.229
    NaN   730336.236
    NaN   730336.243
    NaN   730336.250
    NaN   730336.257
    NaN   730336.264
    NaN   730336.271
    NaN   730336.278
    NaN   730336.285
    NaN   730336.292
    NaN   730336.299
    NaN   730336.306
    NaN   730336.313
    NaN   730336.320
    NaN   730336.326
    NaN   730336.333
    NaN   730336.340
    NaN   730336.347
    NaN   730336.354
    NaN   730336.361
    NaN   730336.368
    NaN   730336.375
    NaN   730336.382
    NaN   730336.389
    NaN   730336.396
    NaN   730336.403
    NaN   730336.410
    NaN   730336.417
    NaN   730336.424
    NaN   730336.431
    NaN   730336.438
    NaN   730336.445
    NaN   730336.451
    NaN   730336.458
    NaN   730336.465
    NaN   730336.472
    NaN   730336.479
    NaN   730336.486
    NaN   730336.493
    NaN   730336.500
    NaN   730336.507
    NaN   730336.514
    NaN   730336.521
    NaN   730336.528
    NaN   730336.535
    NaN   730336.542
    NaN   730336.549
    NaN   730336.556
    NaN   730336.563
    NaN   730336.570
    NaN   730336.576
    NaN   730336.583
    NaN   730336.590
    NaN   730336.597
    NaN   730336.604
    NaN   730336.611
    NaN   730336.618
    NaN   730336.625
    NaN   730336.632
    NaN   730336.639
    NaN   730336.646
    NaN   730336.653
    NaN   730336.660
    NaN   730336.667
    NaN   730336.674
    NaN   730336.681
    NaN   730336.688
    NaN   730336.695
    NaN   730336.702
    NaN   730336.709
    NaN   730336.715
    NaN   730336.722
    NaN   730336.729
    NaN   730336.736
    NaN   730336.743
    NaN   730336.750
    NaN   730336.757
    NaN   730336.764
    NaN   730336.771
    NaN   730336.778
    NaN   730336.785
    NaN   730336.792
    NaN   730336.799
    NaN   730336.806
    NaN   730336.813
    NaN   730336.820
    NaN   730336.827
    NaN   730336.833
    NaN   730336.840
    NaN   730336.847
    NaN   730336.854
    NaN   730336.861
    NaN   730336.868
    NaN   730336.875
    NaN   730336.882
    NaN   730336.889
    NaN   730336.896
    NaN   730336.903
    NaN   730336.910
    NaN   730336.917
    NaN   730336.924
    NaN   730336.931
    NaN   730336.938
    NaN   730336.945
    NaN   730336.951
    NaN   730336.958
    NaN   730336.965
    NaN   730336.972
    NaN   730336.979
    NaN   730336.986
    NaN   730336.993
