  0.065   730336.007
  0.064   730336.014
  0.075   730336.021
  0.065   730336.028
  0.062   730336.035
  0.074   730336.042
  0.065   730336.048
  0.062   730336.055
  0.073   730336.062
  0.075   730336.069
  0.078   730336.076
  0.073   730336.083
  0.072   730336.090
  0.073   730336.097
  0.118   730336.104
  0.074   730336.111
  0.073   730336.118
  0.069   730336.125
  0.064   730336.132
  0.077   730336.139
  0.076   730336.146
  0.078   730336.153
  0.080   730336.160
  0.109   730336.167
  0.102   730336.173
  0.093   730336.180
  0.098   730336.187
  0.148   730336.194
  0.187   730336.201
  0.178   730336.208
  0.156   730336.215
  0.103   730336.222
  0.126   730336.229
  0.131   730336.236
  0.154   730336.243
  0.129   730336.250
  0.111   730336.257
  0.146   730336.264
  0.181   730336.271
  0.179   730336.278
  0.189   730336.285
  0.148   730336.292
  0.153   730336.299
  0.223   730336.305
  0.172   730336.312
  0.182   730336.319
  0.147   730336.326
  0.134   730336.333
  0.126   730336.340
  0.088   730336.347
  0.144   730336.354
  0.117   730336.361
  0.095   730336.368
  0.103   730336.375
  0.096   730336.382
  0.075   730336.389
  0.076   730336.396
  0.062   730336.403
  0.060   730336.410
  0.068   730336.417
  0.064   730336.423
  0.075   730336.430
  0.055   730336.437
  0.055   730336.444
  0.069   730336.451
  0.063   730336.458
  0.066   730336.465
  0.062   730336.472
  0.070   730336.479
  0.057   730336.486
  0.067   730336.493
  0.062   730336.500
  0.056   730336.507
  0.062   730336.514
  0.070   730336.521
  0.058   730336.528
  0.064   730336.535
  0.080   730336.542
  0.066   730336.548
  0.085   730336.555
  0.081   730336.562
  0.071   730336.569
  0.068   730336.576
  0.062   730336.583
  0.068   730336.590
  0.063   730336.597
  0.060   730336.604
  0.078   730336.611
  0.089   730336.618
  0.094   730336.625
  0.106   730336.632
  0.111   730336.639
  0.111   730336.646
  0.175   730336.653
  0.114   730336.660
  0.123   730336.666
  0.127   730336.673
  0.147   730336.680
  0.114   730336.687
  0.155   730336.694
  0.112   730336.701
  0.101   730336.708
  0.102   730336.715
  0.112   730336.722
  0.111   730336.729
  0.129   730336.736
  0.101   730336.743
  0.107   730336.750
  0.114   730336.757
  0.109   730336.764
  0.092   730336.771
  0.114   730336.778
  0.121   730336.785
  0.119   730336.792
  0.110   730336.798
  0.102   730336.805
  0.124   730336.812
  0.088   730336.819
  0.098   730336.826
  0.094   730336.833
  0.094   730336.840
  0.093   730336.847
  0.096   730336.854
  0.077   730336.861
  0.086   730336.868
  0.091   730336.875
  0.088   730336.882
  0.111   730336.889
  0.099   730336.896
  0.090   730336.903
  0.100   730336.910
  0.098   730336.917
  0.089   730336.923
  0.085   730336.930
  0.098   730336.937
  0.093   730336.944
  0.079   730336.951
  0.094   730336.958
  0.099   730336.965
  0.076   730336.972
  0.091   730336.979
  0.092   730336.986
  0.102   730336.993
