  0.009   730336.002
  0.174   730336.002
  0.110   730336.002
  0.016   730336.008
  0.000   730336.015
  0.003   730336.022
  0.000   730336.029
  0.000   730336.036
  0.000   730336.043
  0.000   730336.050
  0.000   730336.056
  0.000   730336.064
  0.000   730336.071
  0.000   730336.078
  0.000   730336.084
  0.000   730336.092
  0.000   730336.098
  0.000   730336.105
  0.000   730336.112
  0.000   730336.119
  0.000   730336.126
  0.000   730336.133
  0.000   730336.140
  0.000   730336.147
  0.000   730336.154
  0.000   730336.161
  0.000   730336.168
  0.000   730336.175
  0.000   730336.182
  0.000   730336.189
  0.000   730336.196
  0.000   730336.203
  0.000   730336.210
  0.000   730336.217
  0.000   730336.223
  0.000   730336.230
  0.000   730336.238
  0.000   730336.244
  0.000   730336.251
  0.000   730336.258
  0.000   730336.265
  0.000   730336.272
  0.000   730336.279
  0.000   730336.286
  0.000   730336.293
  0.000   730336.300
  0.000   730336.307
  0.000   730336.314
  0.000   730336.321
  0.000   730336.328
  0.000   730336.335
  0.000   730336.342
  0.000   730336.348
  0.000   730336.355
  0.000   730336.362
  0.000   730336.369
  0.000   730336.376
  0.000   730336.383
  0.000   730336.390
  0.000   730336.397
  0.075   730336.404
  0.000   730336.411
  0.000   730336.418
  0.000   730336.425
  0.000   730336.432
  0.000   730336.439
  0.000   730336.446
  0.000   730336.453
  0.000   730336.460
  1.082   730336.466
  0.000   730336.473
  0.000   730336.480
  0.000   730336.487
  0.000   730336.494
  0.000   730336.501
  0.000   730336.508
  0.000   730336.515
  0.000   730336.522
  0.000   730336.529
  0.000   730336.536
  0.000   730336.543
  0.000   730336.550
  0.000   730336.557
  0.000   730336.564
  0.000   730336.571
  0.000   730336.578
  0.000   730336.585
  0.000   730336.591
  0.000   730336.598
  0.000   730336.605
  0.000   730336.612
  0.000   730336.619
  0.000   730336.626
  0.000   730336.633
  0.000   730336.640
  0.000   730336.647
  0.000   730336.654
  0.000   730336.661
  0.000   730336.668
  0.000   730336.675
  0.000   730336.682
  0.000   730336.689
  0.000   730336.696
  0.000   730336.703
  0.000   730336.710
  0.000   730336.717
  1.190   730336.723
  0.000   730336.731
  0.003   730336.737
  0.000   730336.744
  0.000   730336.751
  0.000   730336.758
  0.005   730336.765
  0.000   730336.772
  0.000   730336.779
  0.013   730336.786
  0.009   730336.793
  0.011   730336.800
  0.000   730336.807
  0.000   730336.814
  0.000   730336.821
  0.000   730336.828
  0.000   730336.835
  0.006   730336.842
  0.010   730336.848
  0.000   730336.855
  0.014   730336.862
  0.012   730336.869
  0.000   730336.876
  0.823   730336.883
  1.579   730336.890
  1.675   730336.897
  1.607   730336.904
  1.378   730336.911
  1.723   730336.918
  1.538   730336.925
  1.500   730336.932
  1.480   730336.939
  1.531   730336.946
  1.313   730336.953
  1.574   730336.960
  1.480   730336.966
  1.432   730336.974
  1.388   730336.980
  1.419   730336.987
  1.486   730336.994
