  0.447   730145.001
  0.442   730145.008
  0.699   730145.015
  0.487   730145.022
  0.411   730145.028
  0.451   730145.035
  0.449   730145.042
  0.459   730145.049
  0.448   730145.056
  0.439   730145.063
  0.980   730145.070
  0.419   730145.077
  0.406   730145.084
  0.447   730145.091
  0.448   730145.098
  0.458   730145.105
  0.451   730145.112
  0.445   730145.119
  0.481   730145.126
  0.504   730145.140
  0.444   730145.147
  0.447   730145.153
  0.459   730145.167
  0.435   730145.174
  0.445   730145.181
  0.429   730145.188
  0.429   730145.195
  0.485   730145.202
  0.436   730145.209
  0.450   730145.216
  0.457   730145.223
  0.401   730145.230
  0.436   730145.237
  0.449   730145.244
  0.468   730145.251
  0.444   730145.258
  0.436   730145.265
  0.457   730145.272
  0.468   730145.278
  0.421   730145.292
  0.420   730145.299
  0.445   730145.306
  0.425   730145.313
  0.464   730145.320
  0.472   730145.327
  0.452   730145.334
  0.466   730145.341
  0.433   730145.348
  0.447   730145.355
  0.504   730145.362
  0.477   730145.390
  0.440   730145.397
  0.421   730145.403
  0.459   730145.410
  0.473   730145.417
  0.444   730145.424
  0.439   730145.431
  0.454   730145.438
  0.474   730145.445
  0.439   730145.453
  0.433   730145.459
  0.431   730145.466
  0.452   730145.473
  0.444   730145.480
  0.442   730145.487
  0.475   730145.494
  0.407   730145.501
  0.457   730145.508
  0.469   730145.515
  0.445   730145.522
  0.432   730145.528
  0.462   730145.535
  0.423   730145.542
  0.402   730145.549
  0.441   730145.556
  0.638   730145.570
  0.491   730145.577
  0.464   730145.584
  0.441   730145.591
  0.471   730145.598
  0.675   730145.612
  0.460   730145.619
  0.486   730145.626
  0.450   730145.633
  0.453   730145.640
  0.458   730145.647
  0.472   730145.653
  0.451   730145.660
  0.441   730145.667
  0.507   730145.674
  0.461   730145.681
  0.455   730145.688
  0.431   730145.695
  0.471   730145.702
  0.475   730145.709
  0.430   730145.716
  0.460   730145.723
  0.434   730145.730
  0.437   730145.737
  0.460   730145.744
  0.504   730145.751
  0.462   730145.758
  0.478   730145.765
  0.685   730145.772
  0.495   730145.778
  0.465   730145.785
  0.444   730145.792
  0.456   730145.799
  0.467   730145.806
  0.476   730145.813
  0.492   730145.820
  0.458   730145.827
  0.478   730145.834
  0.447   730145.848
  0.495   730145.855
  0.480   730145.862
  0.480   730145.869
  0.467   730145.876
  0.462   730145.883
  0.474   730145.890
  0.454   730145.897
  0.457   730145.903
  0.658   730145.917
  0.448   730145.924
  0.455   730145.931
  0.481   730145.938
  0.510   730145.945
  0.533   730145.952
  0.551   730145.959
  0.543   730145.966
  0.905   730145.973
  0.504   730145.987
  0.550   730145.994
