  0.547   730145.003
  0.856   730145.010
  0.617   730145.016
  0.699   730145.024
  0.624   730145.031
  7.095   730145.037
  0.589   730145.044
  0.635   730145.051
  0.574   730145.058
  0.602   730145.065
  0.768   730145.072
  0.661   730145.079
  0.627   730145.086
  0.705   730145.093
  0.614   730145.100
  0.689   730145.107
  0.619   730145.113
  0.595   730145.121
  0.662   730145.127
  0.714   730145.134
  0.635   730145.142
  0.644   730145.149
  0.741   730145.156
  0.641   730145.162
  0.613   730145.169
  0.650   730145.176
  0.588   730145.183
  0.676   730145.190
  0.540   730145.197
  0.587   730145.204
  0.639   730145.211
  0.548   730145.218
  0.697   730145.225
  0.638   730145.232
  0.795   730145.239
  0.716   730145.246
  0.680   730145.253
  0.619   730145.260
  0.635   730145.267
  0.573   730145.274
  0.583   730145.281
  0.635   730145.287
  0.570   730145.294
  0.465   730145.301
  0.560   730145.308
  0.666   730145.315
  0.604   730145.322
  0.506   730145.329
  0.615   730145.336
  0.630   730145.343
  0.580   730145.350
  0.595   730145.357
  0.451   730145.364
  0.670   730145.392
  0.586   730145.399
  0.483   730145.406
  0.607   730145.412
  0.710   730145.419
  0.541   730145.426
  0.485   730145.433
  0.502   730145.440
  0.562   730145.447
  0.556   730145.454
  0.557   730145.460
  0.565   730145.468
  0.709   730145.475
  0.609   730145.482
  0.767   730145.489
  0.738   730145.496
  0.662   730145.503
  0.632   730145.510
  0.688   730145.517
  0.606   730145.524
  0.618   730145.531
  0.690   730145.537
  0.671   730145.544
  0.688   730145.551
  0.711   730145.558
  0.696   730145.565
  0.578   730145.572
  0.718   730145.579
  0.648   730145.586
  0.677   730145.593
  0.777   730145.600
  0.779   730145.607
  0.602   730145.614
  0.607   730145.621
  0.804   730145.628
  0.611   730145.635
  0.710   730145.642
  0.621   730145.649
  0.607   730145.655
  0.622   730145.662
  0.675   730145.669
  0.965   730145.676
  0.565   730145.683
  0.752   730145.690
  0.632   730145.697
  0.652   730145.704
  0.730   730145.710
  0.673   730145.718
  0.677   730145.725
  0.712   730145.732
  0.665   730145.739
  0.541   730145.746
  0.604   730145.752
  0.790   730145.760
  0.659   730145.766
  0.581   730145.774
    NaN   730145.781
  0.674   730145.787
  0.729   730145.794
  0.624   730145.801
  0.729   730145.808
  0.584   730145.815
  0.595   730145.822
  0.632   730145.829
  0.583   730145.836
  0.606   730145.850
  0.661   730145.857
  0.665   730145.864
  0.857   730145.871
  0.673   730145.878
  0.694   730145.885
  0.673   730145.892
  0.765   730145.899
  0.675   730145.906
  0.675   730145.919
  0.720   730145.926
  0.776   730145.933
  0.694   730145.940
  0.701   730145.947
  0.663   730145.954
  0.692   730145.961
  0.714   730145.968
  0.668   730145.975
  0.644   730145.989
  0.702   730145.996
