  0.090   729928.010
  0.090   729928.020
  0.090   729928.030
  0.080   729928.030
  0.070   729928.040
  0.070   729928.050
  0.080   729928.050
    NaN   729928.060
  0.990   729928.070
  0.080   729928.070
  0.080   729928.080
  0.080   729928.090
  0.080   729928.100
  0.080   729928.100
  0.080   729928.110
  0.090   729928.120
  0.090   729928.120
  0.090   729928.130
  0.090   729928.140
  0.080   729928.140
  0.080   729928.150
  0.070   729928.160
  0.090   729928.160
  0.090   729928.170
  0.090   729928.180
  0.090   729928.190
  0.090   729928.190
  0.080   729928.200
  0.090   729928.210
  0.100   729928.210
  0.090   729928.220
  0.090   729928.230
  0.090   729928.230
  0.090   729928.240
  0.090   729928.250
  0.090   729928.250
  0.090   729928.260
  0.080   729928.270
  0.080   729928.280
  0.090   729928.280
  0.090   729928.290
  0.100   729928.300
  0.100   729928.300
  0.150   729928.310
  0.160   729928.320
  0.120   729928.320
  0.100   729928.330
  0.110   729928.340
  0.100   729928.350
  0.110   729928.350
  0.110   729928.360
  0.110   729928.370
  0.120   729928.370
  0.120   729928.380
  0.130   729928.390
  0.120   729928.390
  0.120   729928.400
  0.120   729928.410
  0.110   729928.410
  0.100   729928.420
  0.110   729928.430
  0.110   729928.440
  0.110   729928.440
  0.100   729928.450
  0.100   729928.460
  0.090   729928.460
  0.100   729928.470
  0.090   729928.480
  0.090   729928.480
  0.130   729928.490
  0.080   729928.500
  0.080   729928.510
  0.080   729928.510
  0.080   729928.520
  0.080   729928.530
  0.080   729928.530
  0.070   729928.540
  0.080   729928.550
  0.070   729928.550
  0.070   729928.560
  0.080   729928.570
  0.070   729928.570
  0.080   729928.580
  0.070   729928.590
  0.070   729928.600
  0.080   729928.600
  0.060   729928.610
  0.060   729928.620
  0.080   729928.620
  0.070   729928.630
  0.080   729928.640
  0.070   729928.640
  0.070   729928.650
  0.080   729928.660
  0.120   729928.670
  0.080   729928.670
  0.080   729928.680
  0.080   729928.690
  0.080   729928.690
  0.130   729928.700
  0.080   729928.710
  0.080   729928.710
  0.080   729928.720
  0.090   729928.730
  0.100   729928.730
  0.090   729928.760
  0.090   729928.770
  0.080   729928.780
  0.080   729928.780
  0.090   729928.790
  0.130   729928.800
  0.070   729928.800
  0.070   729928.810
  0.080   729928.820
  0.080   729928.820
  0.070   729928.830
  0.060   729928.840
  0.070   729928.850
  0.070   729928.850
  0.070   729928.860
  0.080   729928.870
  0.070   729928.870
  0.100   729928.880
  0.060   729928.890
  0.070   729928.890
  0.080   729928.900
  0.070   729928.910
  0.070   729928.910
  0.070   729928.920
  0.070   729928.930
  0.060   729928.940
  0.070   729928.940
  0.060   729928.950
  0.060   729928.960
  0.060   729928.960
  0.060   729928.970
  0.060   729928.980
  0.060   729928.990
