  0.005   730339.000
  0.002   730339.000
  0.005   730339.000
  0.004   730339.008
  0.012   730339.014
  0.005   730339.021
  0.004   730339.028
  0.004   730339.035
  0.004   730339.042
  0.004   730339.049
  0.022   730339.056
  0.004   730339.063
  0.004   730339.070
  0.004   730339.077
  0.004   730339.084
  0.004   730339.091
  0.004   730339.098
  0.004   730339.104
  0.004   730339.111
  0.004   730339.118
  0.004   730339.125
  0.005   730339.132
  0.005   730339.139
  0.005   730339.146
  0.006   730339.153
  0.005   730339.160
  0.004   730339.167
  0.005   730339.174
  0.005   730339.181
  0.005   730339.188
  0.006   730339.195
  0.005   730339.202
  0.006   730339.209
  0.005   730339.216
  0.006   730339.223
  0.007   730339.229
  0.006   730339.236
  0.004   730339.243
  0.006   730339.250
  0.006   730339.257
  0.005   730339.264
  0.005   730339.271
  0.005   730339.278
  0.006   730339.285
  0.006   730339.292
  0.006   730339.299
  0.006   730339.306
  0.007   730339.313
  0.007   730339.320
  0.008   730339.327
  0.007   730339.334
  0.019   730339.341
  0.008   730339.348
  0.010   730339.354
  0.007   730339.361
  0.006   730339.368
  0.005   730339.375
  0.006   730339.382
  0.006   730339.389
  0.006   730339.396
  0.007   730339.403
  0.009   730339.410
  0.009   730339.417
  0.009   730339.424
  0.010   730339.431
  0.008   730339.438
  0.010   730339.445
  0.009   730339.452
  0.009   730339.459
  0.009   730339.466
  0.009   730339.473
  0.009   730339.480
  0.649   730339.486
  0.010   730339.493
  0.010   730339.500
  0.010   730339.507
  0.011   730339.514
  0.010   730339.521
  0.010   730339.528
  0.010   730339.535
  0.010   730339.542
  0.009   730339.549
  0.011   730339.556
  0.011   730339.563
  0.010   730339.570
  0.011   730339.577
  0.011   730339.584
  0.011   730339.591
  0.011   730339.597
  0.012   730339.604
  0.011   730339.611
  0.010   730339.618
  0.010   730339.625
  0.025   730339.632
  0.012   730339.639
  0.011   730339.646
  0.011   730339.653
  0.011   730339.660
  0.012   730339.667
  0.011   730339.674
  0.011   730339.681
  0.011   730339.688
  0.012   730339.695
  0.012   730339.702
  0.011   730339.709
  0.012   730339.716
  0.011   730339.723
  0.012   730339.730
  0.012   730339.736
  0.012   730339.743
  0.012   730339.750
  0.012   730339.757
  0.011   730339.764
  0.012   730339.771
  0.011   730339.778
  0.009   730339.785
  0.011   730339.792
  0.011   730339.799
  0.010   730339.806
  0.011   730339.813
  0.009   730339.820
  0.008   730339.827
  0.011   730339.834
  0.013   730339.841
  0.013   730339.848
  0.014   730339.854
  0.015   730339.861
  0.014   730339.868
  0.014   730339.875
  0.014   730339.882
  0.015   730339.889
  0.016   730339.896
  0.015   730339.903
  0.014   730339.910
  0.014   730339.917
  0.013   730339.924
  0.013   730339.931
  0.014   730339.938
  0.013   730339.945
  0.014   730339.952
  0.013   730339.959
  0.014   730339.966
  0.012   730339.973
  0.013   730339.979
  0.720   730339.986
  0.016   730339.993
