  0.095   730339.002
  0.008   730339.002
  0.035   730339.002
  0.092   730339.008
  0.084   730339.015
  0.096   730339.022
  0.089   730339.029
  0.085   730339.036
  0.085   730339.043
  0.094   730339.050
  0.096   730339.056
  0.084   730339.064
  0.078   730339.070
  0.095   730339.077
  0.081   730339.084
  0.094   730339.091
  0.078   730339.098
  0.084   730339.105
  0.081   730339.112
  0.085   730339.119
  0.071   730339.126
  0.079   730339.133
  0.082   730339.140
  0.075   730339.147
  0.074   730339.154
  0.085   730339.161
  0.080   730339.168
  0.075   730339.175
  0.085   730339.182
  0.071   730339.189
  0.075   730339.195
  0.083   730339.202
  0.079   730339.209
  0.090   730339.216
  0.077   730339.223
  0.084   730339.230
  0.081   730339.237
  0.083   730339.244
  0.078   730339.251
  0.078   730339.258
  0.077   730339.265
  0.067   730339.272
  0.067   730339.279
  0.073   730339.286
  0.078   730339.293
  0.074   730339.300
  0.090   730339.307
  0.076   730339.314
  0.075   730339.321
  0.068   730339.327
  0.069   730339.334
  0.078   730339.341
  0.074   730339.348
  0.070   730339.355
  0.067   730339.362
  0.059   730339.369
  0.061   730339.376
  0.056   730339.383
  0.056   730339.390
  0.054   730339.397
  0.063   730339.404
  0.071   730339.411
  0.062   730339.418
  0.059   730339.425
  4.267   730339.432
  0.061   730339.439
  0.057   730339.445
  0.057   730339.452
  0.062   730339.459
  0.064   730339.466
  0.060   730339.473
  0.055   730339.480
  0.064   730339.487
  0.052   730339.494
  0.058   730339.501
  0.061   730339.508
  0.055   730339.515
  0.057   730339.522
  0.055   730339.529
  0.055   730339.536
  0.053   730339.543
  0.056   730339.550
  0.056   730339.557
  0.051   730339.563
  0.052   730339.571
  0.062   730339.577
  0.055   730339.584
  0.064   730339.591
  0.058   730339.598
  0.051   730339.605
  0.055   730339.612
  0.047   730339.619
  0.052   730339.626
  0.060   730339.633
  0.062   730339.640
  0.055   730339.647
  0.050   730339.654
  0.059   730339.661
  0.058   730339.668
  0.058   730339.675
  0.067   730339.682
  0.058   730339.688
  0.062   730339.695
  0.063   730339.702
  0.063   730339.709
  0.061   730339.716
  0.061   730339.723
  0.054   730339.730
  0.060   730339.737
  0.054   730339.744
  0.061   730339.751
  0.054   730339.758
  0.057   730339.765
  0.060   730339.772
  0.064   730339.779
  0.051   730339.786
  0.058   730339.793
  0.056   730339.800
  0.062   730339.807
  0.051   730339.814
  0.052   730339.820
  0.048   730339.827
  0.048   730339.834
  0.057   730339.841
  0.061   730339.848
  0.056   730339.855
  0.062   730339.862
  0.060   730339.869
  0.060   730339.876
  0.063   730339.883
  0.063   730339.890
  0.061   730339.897
  0.059   730339.904
  0.059   730339.911
  0.051   730339.918
  0.055   730339.925
  6.163   730339.932
  0.053   730339.938
  0.055   730339.945
  0.057   730339.952
  0.055   730339.959
  0.053   730339.966
  0.060   730339.973
  0.052   730339.980
  0.058   730339.987
  0.058   730339.994
