  0.041   730339.007
  0.130   730339.014
  0.047   730339.021
  0.042   730339.028
  0.049   730339.035
  0.043   730339.042
  0.037   730339.049
  0.040   730339.055
  0.044   730339.062
  0.038   730339.069
  0.040   730339.076
  0.039   730339.083
  0.043   730339.090
  0.040   730339.097
  0.040   730339.104
  0.047   730339.111
  0.042   730339.118
  0.046   730339.125
  0.045   730339.132
  0.043   730339.139
  0.044   730339.146
  0.042   730339.153
  0.043   730339.160
  0.041   730339.167
  0.042   730339.173
  0.040   730339.180
  0.044   730339.187
  0.044   730339.194
  0.043   730339.201
  0.042   730339.208
  0.035   730339.215
  0.041   730339.222
  0.040   730339.229
  0.038   730339.236
  0.041   730339.243
  0.039   730339.250
  0.038   730339.257
  0.044   730339.264
  0.040   730339.271
  0.042   730339.278
  0.049   730339.285
  0.038   730339.292
  0.043   730339.299
  0.041   730339.305
  0.038   730339.312
  0.037   730339.319
  0.043   730339.326
  0.044   730339.333
  0.228   730339.340
  0.041   730339.347
  0.047   730339.354
  0.039   730339.361
  0.039   730339.368
  0.034   730339.375
  0.039   730339.382
  0.039   730339.389
  0.038   730339.396
  0.038   730339.403
  0.039   730339.410
  0.041   730339.417
  0.042   730339.423
  0.035   730339.430
  0.038   730339.437
  0.035   730339.444
  0.040   730339.451
  0.044   730339.458
  0.038   730339.465
  0.038   730339.472
  0.042   730339.479
  0.041   730339.486
  0.041   730339.493
  0.039   730339.500
  0.040   730339.507
  0.037   730339.514
  0.037   730339.521
  0.040   730339.528
  0.037   730339.535
  0.043   730339.542
  0.037   730339.548
  0.036   730339.555
  0.042   730339.562
  0.041   730339.569
  0.035   730339.576
  0.044   730339.583
  0.039   730339.590
  0.042   730339.597
  0.040   730339.604
  0.044   730339.611
  0.040   730339.618
  0.041   730339.625
  0.040   730339.632
  0.044   730339.639
  0.037   730339.646
  0.043   730339.653
  0.048   730339.660
  0.049   730339.666
  0.042   730339.673
  0.042   730339.680
  0.040   730339.687
  0.043   730339.694
  0.047   730339.701
  0.046   730339.708
  0.046   730339.715
  0.045   730339.722
  0.042   730339.729
  0.043   730339.736
  0.044   730339.743
  0.047   730339.750
  0.042   730339.757
  0.048   730339.764
  0.044   730339.771
  0.044   730339.778
  0.042   730339.785
  0.042   730339.792
  0.049   730339.798
  0.045   730339.805
  0.045   730339.812
  0.048   730339.819
  0.045   730339.826
  0.061   730339.833
  0.045   730339.840
  0.053   730339.847
  0.047   730339.854
  0.044   730339.861
  0.050   730339.868
  0.051   730339.875
  0.042   730339.882
  1.022   730339.889
  0.051   730339.896
  0.045   730339.903
  0.045   730339.910
  0.046   730339.917
  0.042   730339.924
  0.043   730339.930
  0.042   730339.937
  0.042   730339.944
  0.039   730339.951
  0.042   730339.958
  0.037   730339.965
  0.036   730339.972
  0.037   730339.979
  0.039   730339.986
  0.037   730339.993
