  0.063   730339.000
  0.026   730339.000
  0.083   730339.000
  0.083   730339.008
  0.205   730339.014
  0.074   730339.021
  0.078   730339.028
  0.088   730339.035
  0.069   730339.042
  0.082   730339.049
  0.071   730339.056
  0.076   730339.063
  0.076   730339.070
  0.082   730339.077
  0.064   730339.084
  0.075   730339.091
  0.076   730339.098
  0.079   730339.104
  0.072   730339.111
  0.075   730339.118
  0.072   730339.125
  0.076   730339.132
  0.068   730339.139
  0.077   730339.146
  0.066   730339.153
  0.112   730339.160
  0.076   730339.167
  0.069   730339.174
  0.072   730339.181
  0.067   730339.188
  0.068   730339.195
  0.069   730339.202
  0.072   730339.209
  0.068   730339.216
  0.069   730339.223
  0.067   730339.229
  0.069   730339.236
  0.070   730339.243
  0.073   730339.250
  0.074   730339.257
  0.068   730339.264
  0.084   730339.271
  0.079   730339.278
  0.067   730339.285
  0.079   730339.292
  0.076   730339.299
  0.076   730339.306
  0.069   730339.313
  0.079   730339.320
  0.071   730339.327
  0.080   730339.334
  0.299   730339.341
  0.078   730339.348
  0.085   730339.354
  0.074   730339.361
  0.077   730339.368
  0.066   730339.375
  0.072   730339.382
  0.066   730339.389
  0.065   730339.396
  0.068   730339.403
  0.076   730339.410
  0.070   730339.417
  0.075   730339.424
  0.079   730339.431
  0.070   730339.438
  4.650   730339.445
  0.070   730339.452
  0.071   730339.459
  0.083   730339.466
  0.075   730339.473
  0.077   730339.480
  0.069   730339.486
  0.064   730339.493
  0.067   730339.500
  0.064   730339.507
  0.068   730339.514
  0.069   730339.521
  0.074   730339.528
  0.078   730339.535
  0.085   730339.542
  0.227   730339.549
  0.069   730339.556
  0.071   730339.563
  0.069   730339.570
  0.065   730339.577
  0.074   730339.584
  0.070   730339.591
  0.074   730339.597
  0.088   730339.604
  0.071   730339.611
  0.072   730339.618
  0.075   730339.625
  0.390   730339.632
  0.077   730339.639
  0.081   730339.646
  0.080   730339.653
  0.083   730339.660
  0.078   730339.667
  0.066   730339.674
  0.071   730339.681
  0.071   730339.688
  0.087   730339.695
  0.078   730339.702
  0.074   730339.709
  0.082   730339.716
  0.068   730339.723
  0.075   730339.730
  0.079   730339.736
  0.080   730339.743
  0.074   730339.750
  0.080   730339.757
  0.076   730339.764
  0.082   730339.771
  0.078   730339.778
  0.075   730339.785
  0.084   730339.792
  0.082   730339.799
  0.082   730339.806
  0.079   730339.813
  0.070   730339.820
  0.083   730339.827
  0.076   730339.834
  0.070   730339.841
  0.085   730339.848
  0.087   730339.854
  0.089   730339.861
  0.088   730339.868
  0.092   730339.875
  0.089   730339.882
  0.091   730339.889
  0.083   730339.896
  0.077   730339.903
  0.095   730339.910
  0.084   730339.917
  0.085   730339.924
  0.080   730339.931
  0.076   730339.938
  3.840   730339.945
  0.082   730339.952
  0.676   730339.959
  0.091   730339.966
  0.076   730339.973
  0.079   730339.979
  0.078   730339.986
  0.085   730339.993
