  0.013   730339.006
  0.002   730339.006
  0.024   730339.006
  0.012   730339.013
  0.023   730339.013
  0.011   730339.020
  0.022   730339.020
  0.027   730339.027
  0.026   730339.027
  0.027   730339.034
  0.014   730339.041
  0.027   730339.041
  0.026   730339.048
  0.013   730339.048
  0.029   730339.055
  0.019   730339.062
  0.025   730339.062
  0.024   730339.069
  0.019   730339.069
  0.024   730339.076
  0.020   730339.083
  0.024   730339.083
  0.030   730339.090
  0.008   730339.090
  0.026   730339.097
  0.023   730339.104
  0.029   730339.104
  0.026   730339.110
  0.012   730339.117
  0.025   730339.117
  0.022   730339.124
  0.019   730339.124
  0.028   730339.131
  0.018   730339.138
  0.024   730339.138
  0.027   730339.145
  0.015   730339.145
  0.026   730339.152
  0.028   730339.159
  0.026   730339.159
  0.026   730339.166
  0.024   730339.173
  0.022   730339.173
  0.027   730339.180
  0.018   730339.187
  0.028   730339.187
  0.029   730339.194
  0.011   730339.201
  0.022   730339.201
  0.027   730339.208
  0.020   730339.208
  0.026   730339.215
  0.029   730339.222
  0.028   730339.222
  0.030   730339.229
  0.020   730339.235
  0.030   730339.235
  0.026   730339.242
  0.016   730339.249
  0.029   730339.249
  0.029   730339.256
  0.018   730339.263
  0.026   730339.263
  0.027   730339.270
  0.032   730339.277
  0.035   730339.277
  0.025   730339.284
  0.025   730339.291
  0.004   730339.298
  0.026   730339.298
  0.028   730339.305
  0.027   730339.312
  0.009   730339.319
  0.025   730339.319
  0.023   730339.326
  0.027   730339.333
  0.019   730339.340
  0.025   730339.340
  0.024   730339.347
  0.023   730339.354
  0.019   730339.360
  0.022   730339.360
  0.024   730339.367
  0.026   730339.374
  0.024   730339.381
  0.021   730339.381
  0.024   730339.388
  0.024   730339.395
  0.021   730339.402
  0.014   730339.402
  0.025   730339.409
  0.023   730339.416
  0.022   730339.423
  0.018   730339.430
  0.026   730339.430
  0.022   730339.437
  0.021   730339.444
  0.024   730339.451
  0.027   730339.451
  0.021   730339.458
  0.024   730339.465
  0.025   730339.472
  0.018   730339.472
  0.023   730339.479
  0.023   730339.485
  0.021   730339.492
  0.011   730339.499
  0.023   730339.499
  0.023   730339.506
  0.022   730339.513
  0.023   730339.520
  0.022   730339.520
  0.023   730339.527
  0.021   730339.534
  0.020   730339.541
  0.013   730339.541
  0.024   730339.548
  0.021   730339.555
  0.031   730339.562
  0.012   730339.569
  0.021   730339.569
  0.025   730339.576
  0.023   730339.583
  0.025   730339.590
  0.018   730339.590
  0.023   730339.597
  0.022   730339.604
  0.023   730339.610
  0.012   730339.610
  0.022   730339.617
  0.020   730339.624
  0.021   730339.631
  0.011   730339.638
  0.019   730339.638
  0.025   730339.645
  0.022   730339.652
  0.023   730339.659
  0.018   730339.659
  0.022   730339.666
  0.022   730339.673
  0.018   730339.680
  0.010   730339.680
  0.023   730339.687
  0.023   730339.694
  0.020   730339.701
  0.014   730339.701
  0.021   730339.708
  0.020   730339.715
  0.023   730339.722
  0.022   730339.729
  0.021   730339.729
  0.021   730339.735
  0.018   730339.742
  0.019   730339.749
  0.020   730339.749
  0.023   730339.756
  0.021   730339.763
  0.020   730339.770
  0.022   730339.770
  0.020   730339.777
  0.019   730339.784
  0.019   730339.791
  0.011   730339.791
  0.023   730339.798
  0.017   730339.805
  0.021   730339.812
  0.012   730339.812
  0.022   730339.819
  0.019   730339.826
  0.020   730339.833
  0.007   730339.840
  0.020   730339.840
  0.021   730339.847
  0.024   730339.854
  0.013   730339.860
  0.018   730339.860
  0.019   730339.867
  0.018   730339.874
  0.018   730339.881
  0.021   730339.881
  0.020   730339.888
  0.025   730339.895
  0.014   730339.902
  0.019   730339.902
  0.018   730339.909
  0.025   730339.916
  0.009   730339.923
  0.019   730339.923
  0.019   730339.930
  0.020   730339.937
  0.018   730339.937
  0.019   730339.944
  0.017   730339.951
  0.009   730339.951
  0.018   730339.958
  0.021   730339.965
  0.011   730339.972
  0.021   730339.972
  0.020   730339.979
  0.015   730339.985
  0.017   730339.985
  0.019   730339.992
  0.005   730339.999
  0.019   730339.999
