  0.748   730115.000
  0.847   730115.007
  0.423   730115.014
  0.486   730115.021
  0.861   730115.028
  0.486   730115.035
  0.617   730115.042
  0.412   730115.049
  0.409   730115.056
  0.462   730115.062
  0.586   730115.069
  0.497   730115.076
    NaN   730115.083
  0.672   730115.090
  0.503   730115.097
  0.496   730115.104
  0.427   730115.111
  0.559   730115.118
  0.409   730115.125
  0.679   730115.132
  0.652   730115.139
  0.446   730115.146
  0.578   730115.153
  0.499   730115.160
  0.602   730115.167
  0.390   730115.174
  0.522   730115.181
  0.491   730115.188
  0.463   730115.194
  0.426   730115.201
  0.395   730115.208
  0.460   730115.215
  0.377   730115.222
  0.459   730115.229
  0.425   730115.236
  0.411   730115.243
  0.417   730115.250
  0.799   730115.257
  0.952   730115.264
  0.406   730115.271
  0.360   730115.278
  0.423   730115.285
  0.354   730115.292
  0.458   730115.299
  0.361   730115.306
  0.355   730115.312
  0.385   730115.319
  0.418   730115.326
  0.393   730115.333
  0.391   730115.340
  0.426   730115.347
  0.439   730115.354
  0.407   730115.361
  0.364   730115.368
  0.458   730115.375
  0.338   730115.382
  0.403   730115.389
  0.433   730115.396
  0.452   730115.403
  0.470   730115.410
  0.564   730115.417
  0.358   730115.424
  0.337   730115.431
  0.443   730115.438
  0.341   730115.444
  0.380   730115.451
  0.380   730115.458
  0.358   730115.463
  0.350   730115.473
  0.401   730115.479
  0.708   730115.486
  0.404   730115.493
  0.349   730115.500
  0.360   730115.507
  0.428   730115.514
  0.818   730115.521
  0.375   730115.528
  0.360   730115.535
  0.402   730115.542
  0.449   730115.549
  0.578   730115.556
  0.370   730115.562
  0.352   730115.569
  0.384   730115.576
  0.366   730115.583
  0.412   730115.590
  0.361   730115.597
  0.357   730115.604
  0.310   730115.611
  0.339   730115.618
  0.388   730115.625
  0.323   730115.632
  0.403   730115.639
  0.377   730115.646
  0.345   730115.653
  0.626   730115.660
  0.353   730115.667
  0.434   730115.674
  0.444   730115.681
  0.387   730115.688
  0.367   730115.694
  0.388   730115.701
  0.735   730115.708
  0.406   730115.715
  0.356   730115.722
  0.324   730115.729
  0.377   730115.736
  0.330   730115.743
  0.336   730115.750
  0.332   730115.757
  0.344   730115.764
  0.331   730115.771
  0.388   730115.778
  0.451   730115.780
  0.326   730115.792
  0.347   730115.799
  0.338   730115.806
  0.392   730115.812
  0.394   730115.819
  0.340   730115.826
  0.323   730115.833
  0.385   730115.840
  0.400   730115.847
  0.314   730115.854
  0.366   730115.861
  0.330   730115.868
  0.336   730115.875
  0.359   730115.882
  0.305   730115.889
  0.309   730115.896
  0.364   730115.903
  0.333   730115.910
  0.335   730115.917
  0.353   730115.924
  0.381   730115.931
  0.316   730115.938
  0.321   730115.944
  0.324   730115.951
  0.328   730115.958
  0.304   730115.965
  0.409   730115.972
  0.300   730115.979
  0.299   730115.986
  0.402   730115.993
