  0.896   730115.003
  0.908   730115.010
  0.890   730115.017
  0.868   730115.024
  0.849   730115.031
  0.907   730115.037
  0.893   730115.044
  0.892   730115.051
  0.864   730115.058
  0.894   730115.065
  0.823   730115.072
  0.892   730115.079
  0.836   730115.086
  0.837   730115.093
  0.869   730115.100
  0.893   730115.107
  0.840   730115.114
  0.854   730115.121
  0.842   730115.128
  0.815   730115.135
  0.780   730115.142
  0.768   730115.149
  0.900   730115.156
  1.353   730115.162
  0.811   730115.169
  0.844   730115.176
  0.829   730115.183
  0.888   730115.190
  0.756   730115.197
  0.644   730115.204
  0.753   730115.211
  0.738   730115.218
  0.832   730115.225
  0.768   730115.232
  0.764   730115.239
  0.822   730115.246
  0.799   730115.253
  0.755   730115.260
  0.829   730115.267
  0.673   730115.274
  0.777   730115.281
  0.733   730115.287
  0.763   730115.294
  0.765   730115.301
  0.741   730115.308
  0.692   730115.315
  0.793   730115.322
  0.768   730115.329
  0.709   730115.336
  0.755   730115.343
  0.726   730115.350
  0.706   730115.357
  0.668   730115.364
  0.676   730115.371
  0.743   730115.378
  0.716   730115.385
  0.848   730115.392
  0.719   730115.399
  0.678   730115.406
  0.775   730115.412
  0.668   730115.419
  0.735   730115.426
  0.740   730115.433
  0.735   730115.440
  0.651   730115.447
  0.667   730115.455
  0.715   730115.461
  0.656   730115.467
  0.738   730115.475
  0.694   730115.482
  0.733   730115.489
  0.751   730115.496
  0.684   730115.503
  0.761   730115.510
  0.681   730115.517
  0.661   730115.524
  0.739   730115.530
  0.705   730115.537
  0.639   730115.544
  0.728   730115.551
  0.760   730115.558
  0.644   730115.565
  0.746   730115.572
  0.696   730115.579
  0.650   730115.586
  0.675   730115.593
  0.736   730115.600
  0.662   730115.607
  0.688   730115.614
  0.639   730115.621
  0.705   730115.628
  0.700   730115.634
  0.743   730115.642
  0.711   730115.649
  0.693   730115.656
  0.623   730115.662
  0.689   730115.669
  0.702   730115.676
  0.583   730115.683
  0.695   730115.690
  0.676   730115.697
  0.613   730115.704
  0.715   730115.711
  0.784   730115.717
  0.788   730115.725
  0.667   730115.732
  0.647   730115.739
  0.702   730115.746
  0.745   730115.753
  0.738   730115.760
  0.774   730115.767
  0.666   730115.774
  0.718   730115.781
  0.760   730115.787
  0.778   730115.794
  0.795   730115.801
  0.721   730115.808
  0.708   730115.815
  0.751   730115.822
  0.709   730115.829
  0.754   730115.836
  0.820   730115.843
  0.696   730115.850
  0.808   730115.857
  0.731   730115.864
    NaN   730115.871
  0.769   730115.878
  0.741   730115.885
  0.808   730115.892
  0.696   730115.899
  0.649   730115.906
  0.739   730115.912
  0.767   730115.919
  0.802   730115.926
  0.672   730115.933
  0.779   730115.940
  0.746   730115.947
  0.726   730115.954
  0.599   730115.961
  0.797   730115.968
  0.704   730115.975
  0.787   730115.982
  0.686   730115.989
  0.709   730115.996
