  0.359   730264.001
  0.174   730264.001
  0.386   730264.007
  0.375   730264.014
  0.364   730264.021
  0.322   730264.028
  0.339   730264.035
  0.357   730264.042
  0.354   730264.049
  0.307   730264.056
  0.386   730264.063
  0.354   730264.070
  0.397   730264.077
  0.388   730264.084
  0.387   730264.091
  0.419   730264.097
  0.474   730264.104
  0.463   730264.111
 13.762   730264.118
  5.466   730264.125
  0.512   730264.132
  0.544   730264.139
  0.545   730264.146
  0.557   730264.153
  0.531   730264.160
  0.551   730264.167
  0.615   730264.174
  0.530   730264.181
  0.545   730264.188
  0.578   730264.195
  0.680   730264.202
  0.597   730264.209
  0.572   730264.215
  0.603   730264.222
  0.591   730264.229
  0.672   730264.236
  0.639   730264.243
  0.619   730264.250
  0.602   730264.257
  0.653   730264.264
  0.681   730264.271
  0.676   730264.278
  0.684   730264.285
  0.744   730264.292
  0.715   730264.299
  0.805   730264.306
  0.784   730264.313
  0.859   730264.320
  0.977   730264.327
  0.945   730264.334
  0.952   730264.340
  0.944   730264.347
  1.003   730264.354
  0.968   730264.361
  0.908   730264.368
  0.881   730264.375
  0.897   730264.382
  0.937   730264.389
  0.842   730264.396
  0.751   730264.403
  0.790   730264.410
  0.883   730264.417
  0.752   730264.424
  0.909   730264.431
  5.577   730264.438
  0.721   730264.445
  0.731   730264.452
  0.733   730264.459
  0.811   730264.465
  0.746   730264.473
  0.797   730264.479
  0.701   730264.486
  0.814   730264.493
  0.686   730264.500
  0.698   730264.507
  0.692   730264.514
  0.716   730264.521
  0.648   730264.528
  0.760   730264.535
  0.682   730264.542
  0.723   730264.549
  0.693   730264.556
  0.744   730264.563
  0.675   730264.570
  0.693   730264.577
  0.688   730264.584
  0.855   730264.590
  0.811   730264.597
 11.715   730264.604
  0.770   730264.611
  0.841   730264.618
  0.898   730264.625
  1.040   730264.632
  0.921   730264.639
  0.798   730264.646
  0.786   730264.653
  0.848   730264.660
  0.940   730264.667
  0.874   730264.674
  0.944   730264.681
  0.977   730264.688
  0.845   730264.695
  0.920   730264.702
  0.961   730264.709
  0.944   730264.716
  0.963   730264.722
  0.921   730264.729
  1.058   730264.736
  0.912   730264.743
  0.968   730264.750
  1.023   730264.757
  0.846   730264.764
  0.860   730264.771
  0.824   730264.778
  0.826   730264.785
  0.854   730264.792
  0.783   730264.799
  0.768   730264.806
  0.856   730264.813
  0.964   730264.820
  0.820   730264.827
  0.878   730264.834
  0.739   730264.841
  0.736   730264.848
  0.734   730264.854
  0.835   730264.861
  0.875   730264.868
  0.794   730264.875
  0.687   730264.882
  0.839   730264.889
  0.849   730264.896
  0.791   730264.903
  0.865   730264.910
  0.764   730264.917
  0.835   730264.924
  0.859   730264.931
  9.951   730264.938
  0.758   730264.945
  0.811   730264.952
  0.829   730264.959
  0.945   730264.966
  0.890   730264.972
  0.919   730264.979
  1.061   730264.986
  0.994   730264.993
