  1.960   730020.000
  2.000   730020.000
  1.780   730020.010
  1.690   730020.020
  1.890   730020.020
  1.720   730020.030
  1.760   730020.040
  1.880   730020.050
  1.790   730020.050
  1.650   730020.060
  1.660   730020.070
  1.800   730020.070
  1.600   730020.080
  1.650   730020.090
  1.610   730020.090
  1.770   730020.100
  1.680   730020.110
  1.850   730020.110
  1.800   730020.120
  1.860   730020.130
  1.790   730020.140
  1.830   730020.140
  1.610   730020.150
  1.790   730020.160
  1.860   730020.160
  1.970   730020.170
  1.870   730020.180
  1.950   730020.180
  1.980   730020.190
  1.930   730020.200
  2.050   730020.200
  1.940   730020.210
  2.130   730020.220
  2.020   730020.230
  2.040   730020.230
  2.140   730020.240
  2.220   730020.250
  2.060   730020.250
  2.080   730020.260
  2.350   730020.270
  2.200   730020.270
  2.100   730020.280
  2.380   730020.290
  2.510   730020.300
  2.420   730020.300
  2.410   730020.310
  2.650   730020.320
  2.540   730020.320
  2.620   730020.330
  2.580   730020.340
  2.400   730020.340
  1.960   730020.350
  2.220   730020.360
  2.300   730020.360
  2.400   730020.370
  2.550   730020.380
  2.430   730020.390
  2.220   730020.390
  2.300   730020.400
  2.250   730020.410
  2.070   730020.410
  2.100   730020.420
  2.160   730020.430
  2.270   730020.430
  2.370   730020.440
  2.190   730020.450
  2.220   730020.450
  2.160   730020.460
  2.080   730020.470
  2.130   730020.480
  2.140   730020.480
  2.200   730020.490
  2.000   730020.500
  2.160   730020.500
  2.290   730020.510
  2.060   730020.520
  1.960   730020.520
  1.970   730020.530
  1.910   730020.540
  1.890   730020.550
  1.850   730020.550
  1.890   730020.560
  2.070   730020.570
  1.920   730020.570
  2.030   730020.580
  2.020   730020.590
  1.810   730020.590
  1.930   730020.600
  1.990   730020.610
  1.880   730020.610
  1.900   730020.620
  1.930   730020.630
  1.890   730020.640
  1.890   730020.640
  1.750   730020.650
  1.740   730020.660
  1.800   730020.680
  1.770   730020.680
  1.910   730020.690
  1.550   730020.700
  1.650   730020.700
  1.620   730020.710
  1.820   730020.720
  1.480   730020.730
  1.930   730020.730
  1.770   730020.740
  1.610   730020.750
  1.730   730020.750
  1.810   730020.760
  1.660   730020.770
  1.550   730020.770
  1.710   730020.780
  1.750   730020.790
  1.620   730020.800
  1.710   730020.800
    NaN   730020.810
  1.660   730020.820
  1.610   730020.820
  1.690   730020.830
  1.860   730020.840
  1.870   730020.840
  1.650   730020.850
  1.670   730020.860
  1.590   730020.860
  1.560   730020.870
  1.740   730020.880
  1.770   730020.890
  1.820   730020.890
  1.800   730020.900
  1.890   730020.910
  1.730   730020.910
  1.790   730020.920
  1.870   730020.930
  1.850   730020.930
  2.000   730020.950
  1.830   730020.960
  2.030   730020.970
  1.930   730020.980
  1.950   730020.980
  1.900   730020.990
