    NaN   730020.000
    NaN   730020.000
    NaN   730020.010
    NaN   730020.020
    NaN   730020.030
    NaN   730020.030
    NaN   730020.040
    NaN   730020.050
    NaN   730020.050
    NaN   730020.060
    NaN   730020.070
    NaN   730020.070
    NaN   730020.080
    NaN   730020.090
    NaN   730020.100
    NaN   730020.100
    NaN   730020.110
    NaN   730020.120
    NaN   730020.120
    NaN   730020.130
    NaN   730020.140
    NaN   730020.140
    NaN   730020.150
    NaN   730020.160
    NaN   730020.160
    NaN   730020.170
    NaN   730020.180
    NaN   730020.190
    NaN   730020.190
    NaN   730020.210
    NaN   730020.220
    NaN   730020.230
    NaN   730020.230
    NaN   730020.240
    NaN   730020.250
    NaN   730020.250
    NaN   730020.260
    NaN   730020.270
    NaN   730020.280
    NaN   730020.280
    NaN   730020.290
    NaN   730020.300
    NaN   730020.300
    NaN   730020.310
    NaN   730020.320
    NaN   730020.320
    NaN   730020.330
    NaN   730020.340
    NaN   730020.350
    NaN   730020.350
    NaN   730020.360
    NaN   730020.370
    NaN   730020.370
    NaN   730020.380
    NaN   730020.390
    NaN   730020.390
    NaN   730020.400
    NaN   730020.410
    NaN   730020.410
    NaN   730020.420
    NaN   730020.430
    NaN   730020.440
    NaN   730020.440
    NaN   730020.450
    NaN   730020.460
    NaN   730020.460
    NaN   730020.470
    NaN   730020.480
    NaN   730020.480
    NaN   730020.490
    NaN   730020.500
    NaN   730020.500
    NaN   730020.510
    NaN   730020.520
    NaN   730020.530
    NaN   730020.530
    NaN   730020.540
    NaN   730020.550
    NaN   730020.550
    NaN   730020.560
    NaN   730020.570
    NaN   730020.570
    NaN   730020.580
    NaN   730020.590
    NaN   730020.600
    NaN   730020.600
    NaN   730020.610
    NaN   730020.620
    NaN   730020.620
    NaN   730020.630
    NaN   730020.640
    NaN   730020.640
    NaN   730020.650
    NaN   730020.660
    NaN   730020.680
    NaN   730020.690
    NaN   730020.690
    NaN   730020.700
    NaN   730020.710
    NaN   730020.710
    NaN   730020.720
    NaN   730020.730
    NaN   730020.730
    NaN   730020.740
    NaN   730020.750
    NaN   730020.750
    NaN   730020.760
    NaN   730020.770
    NaN   730020.780
    NaN   730020.780
    NaN   730020.790
    NaN   730020.800
    NaN   730020.800
    NaN   730020.810
    NaN   730020.820
    NaN   730020.820
    NaN   730020.830
    NaN   730020.840
    NaN   730020.850
    NaN   730020.850
    NaN   730020.860
    NaN   730020.870
    NaN   730020.870
    NaN   730020.880
    NaN   730020.890
    NaN   730020.890
    NaN   730020.900
    NaN   730020.910
    NaN   730020.910
    NaN   730020.920
    NaN   730020.930
    NaN   730020.940
    NaN   730020.960
    NaN   730020.960
    NaN   730020.970
    NaN   730020.980
    NaN   730020.980
    NaN   730020.990
