  2.600   730020.000
  2.710   730020.010
  2.730   730020.010
  2.640   730020.020
  3.020   730020.030
  3.040   730020.030
  2.950   730020.040
  3.120   730020.050
  3.170   730020.050
  3.060   730020.060
  3.200   730020.070
  3.100   730020.070
  3.020   730020.080
  2.730   730020.090
  3.060   730020.100
  3.050   730020.100
  2.880   730020.110
  2.980   730020.120
  2.970   730020.120
  3.150   730020.130
  3.320   730020.140
  3.250   730020.140
  3.270   730020.150
  3.350   730020.160
  3.220   730020.170
  3.270   730020.170
  3.110   730020.180
  3.250   730020.190
  3.380   730020.190
  3.330   730020.200
  3.800   730020.210
  3.390   730020.210
  3.370   730020.220
  3.540   730020.230
  3.790   730020.230
  4.110   730020.240
  3.880   730020.250
  3.370   730020.260
  4.010   730020.260
  3.820   730020.270
  3.760   730020.280
  4.110   730020.280
  3.960   730020.290
  3.960   730020.300
  3.970   730020.300
  3.870   730020.310
  3.680   730020.320
  3.880   730020.330
  3.480   730020.330
  4.040   730020.340
  3.970   730020.350
  4.060   730020.350
  4.010   730020.360
  4.130   730020.370
  4.190   730020.370
  3.790   730020.380
  4.150   730020.390
  4.320   730020.390
  4.650   730020.400
  4.180   730020.410
  4.290   730020.420
    NaN   730020.420
    NaN   730020.430
  3.950   730020.440
  3.480   730020.440
  3.810   730020.450
  3.460   730020.460
  4.030   730020.460
  3.740   730020.470
  3.330   730020.480
  3.610   730020.480
  3.510   730020.490
  3.450   730020.500
  3.260   730020.510
  3.550   730020.510
  3.620   730020.520
  3.710   730020.530
  3.600   730020.530
  3.540   730020.540
  3.590   730020.550
  3.450   730020.550
  3.910   730020.560
  3.340   730020.570
  3.490   730020.580
  3.610   730020.580
  3.480   730020.590
  3.150   730020.600
  3.460   730020.600
  3.310   730020.610
  3.360   730020.620
  3.540   730020.620
  3.110   730020.630
  3.170   730020.640
  3.120   730020.640
  2.860   730020.650
  3.220   730020.660
  2.900   730020.680
  2.920   730020.690
  2.750   730020.690
  2.950   730020.700
  2.720   730020.710
  2.530   730020.710
  2.760   730020.720
  2.720   730020.730
  2.580   730020.730
  2.540   730020.740
  2.670   730020.750
  2.820   730020.760
  2.490   730020.760
  2.560   730020.770
  2.790   730020.780
  2.870   730020.780
  2.830   730020.790
  2.870   730020.800
  2.740   730020.800
  2.370   730020.810
  2.650   730020.820
  2.810   730020.820
  2.890   730020.830
  2.960   730020.840
  2.650   730020.850
  2.830   730020.850
  3.040   730020.860
  2.950   730020.870
  2.570   730020.870
  2.770   730020.880
  3.010   730020.890
  2.660   730020.890
  2.870   730020.900
  3.250   730020.910
  3.050   730020.920
    NaN   730020.920
    NaN   730020.930
  2.860   730020.940
  2.940   730020.960
  2.860   730020.960
  2.910   730020.970
  2.920   730020.980
  2.620   730020.980
  2.470   730020.990
