  0.105   730367.005
  0.153   730367.005
  0.171   730367.012
  0.169   730367.018
  0.182   730367.024
  0.170   730367.031
  0.180   730367.038
  0.166   730367.045
  0.173   730367.052
  0.168   730367.057
  0.176   730367.065
  0.194   730367.072
  0.184   730367.080
  0.172   730367.087
  0.206   730367.094
  0.199   730367.100
  0.180   730367.107
  0.182   730367.114
  0.179   730367.121
  0.181   730367.128
  0.202   730367.135
  0.208   730367.142
  0.182   730367.149
  0.180   730367.156
  0.185   730367.163
  0.190   730367.170
  0.202   730367.177
  0.155   730367.184
  0.172   730367.190
  0.191   730367.198
  0.196   730367.205
  0.206   730367.212
  0.507   730367.218
  0.162   730367.225
  0.164   730367.232
  0.167   730367.239
  0.185   730367.246
  0.186   730367.253
  0.183   730367.260
  0.155   730367.267
  0.175   730367.274
  0.175   730367.281
  0.162   730367.288
  0.168   730367.295
  0.159   730367.302
  0.155   730367.309
  0.160   730367.315
  0.158   730367.323
  0.161   730367.330
  0.177   730367.336
  0.163   730367.343
  0.155   730367.350
  0.146   730367.357
  0.172   730367.364
  0.171   730367.371
  0.172   730367.378
  0.165   730367.385
  0.161   730367.392
  0.157   730367.399
  0.165   730367.406
  0.155   730367.413
  0.161   730367.420
  0.170   730367.427
  0.218   730367.433
  0.157   730367.440
  0.162   730367.447
  0.178   730367.454
  0.174   730367.461
  0.175   730367.468
  0.186   730367.475
  0.161   730367.482
  0.185   730367.489
  0.191   730367.496
  0.186   730367.503
  0.175   730367.510
  0.173   730367.517
  0.167   730367.524
  0.166   730367.531
  0.172   730367.538
  0.163   730367.545
  0.186   730367.552
  0.180   730367.559
  0.202   730367.565
  0.174   730367.572
  0.155   730367.580
  0.185   730367.587
  0.185   730367.593
  0.200   730367.600
  0.200   730367.607
  0.168   730367.614
  0.192   730367.621
  0.171   730367.628
  0.187   730367.635
  0.165   730367.642
  0.178   730367.649
  0.181   730367.656
  0.203   730367.663
  0.206   730367.670
  0.192   730367.677
  0.203   730367.684
  0.179   730367.690
  0.198   730367.697
  0.209   730367.704
  0.220   730367.711
  0.231   730367.718
  0.203   730367.725
  0.242   730367.732
  0.198   730367.739
  0.184   730367.746
  0.190   730367.753
  0.184   730367.760
  0.239   730367.767
  0.215   730367.774
  0.214   730367.781
  0.230   730367.788
  0.225   730367.795
  0.203   730367.802
  0.234   730367.809
  0.186   730367.815
  0.217   730367.822
  0.225   730367.830
  0.238   730367.837
  0.238   730367.843
  1.527   730367.850
  0.234   730367.857
  0.235   730367.864
  0.258   730367.871
  0.203   730367.878
  0.240   730367.885
  0.228   730367.892
  0.220   730367.899
  0.240   730367.906
  0.206   730367.913
  0.236   730367.920
  0.220   730367.927
  0.233   730367.934
  0.231   730367.940
  0.185   730367.947
  0.230   730367.955
  0.204   730367.962
  0.216   730367.968
  0.236   730367.975
  0.191   730367.982
  0.207   730367.989
  0.208   730367.996
