  0.048   730367.013
  0.189   730367.013
  0.248   730367.020
  0.268   730367.020
  0.341   730367.027
  0.375   730367.034
  0.343   730367.041
  0.155   730367.048
  0.328   730367.048
  0.157   730367.048
  0.365   730367.055
  0.422   730367.062
  0.385   730367.069
  0.173   730367.076
  0.337   730367.076
  0.294   730367.083
  0.218   730367.083
  0.357   730367.090
  0.372   730367.097
  0.146   730367.104
  0.351   730367.104
  0.384   730367.111
  0.352   730367.118
  0.329   730367.125
  0.130   730367.125
  0.227   730367.131
  0.320   730367.131
  0.404   730367.138
  0.350   730367.145
  0.383   730367.152
  0.149   730367.152
  0.395   730367.159
  0.166   730367.166
  0.337   730367.166
  0.399   730367.173
  0.319   730367.180
  0.204   730367.180
  0.357   730367.187
  0.384   730367.194
  0.334   730367.201
  0.300   730367.201
  0.298   730367.208
  0.256   730367.208
  0.340   730367.215
  0.358   730367.222
  0.367   730367.229
  0.256   730367.236
  0.316   730367.236
  0.224   730367.243
  0.324   730367.243
  0.376   730367.250
  0.341   730367.256
  0.151   730367.263
  0.385   730367.263
  0.414   730367.270
  0.379   730367.277
  0.380   730367.284
  0.169   730367.284
  0.294   730367.291
  0.231   730367.291
  0.420   730367.298
  0.350   730367.305
  0.308   730367.312
  0.245   730367.312
  0.189   730367.319
  0.316   730367.319
  0.330   730367.326
  0.355   730367.333
  0.234   730367.340
  0.253   730367.340
  0.372   730367.347
  0.279   730367.354
  0.300   730367.361
  0.107   730367.368
  0.268   730367.368
  0.174   730367.375
  0.289   730367.375
  0.307   730367.381
  0.217   730367.388
  0.162   730367.388
  0.185   730367.395
  0.162   730367.395
  0.267   730367.402
  0.256   730367.409
  0.228   730367.416
  0.139   730367.416
  0.249   730367.423
  0.255   730367.430
  0.255   730367.437
  0.184   730367.444
  0.257   730367.444
  0.245   730367.451
  0.271   730367.458
  0.137   730367.465
  0.251   730367.465
  0.310   730367.472
  0.255   730367.479
  0.091   730367.479
  0.296   730367.486
  0.297   730367.493
  0.072   730367.500
  0.307   730367.500
  0.089   730367.500
  0.292   730367.506
  0.345   730367.513
  0.249   730367.520
  0.190   730367.520
  0.317   730367.527
  0.291   730367.534
  0.104   730367.534
  0.309   730367.541
  0.222   730367.548
  0.220   730367.548
  0.361   730367.555
  0.358   730367.562
  0.379   730367.569
  0.163   730367.576
  0.184   730367.576
  0.217   730367.576
  0.398   730367.583
  0.307   730367.590
  0.336   730367.597
  0.058   730367.604
  0.347   730367.604
  0.388   730367.611
  0.333   730367.618
  0.230   730367.625
  0.200   730367.625
  0.340   730367.631
  1.025   730367.638
  0.334   730367.645
  0.250   730367.652
  0.255   730367.652
  0.138   730367.659
  0.308   730367.659
  0.321   730367.666
  0.306   730367.673
  0.154   730367.680
  0.262   730367.680
  0.145   730367.687
  0.206   730367.687
  0.320   730367.694
  0.260   730367.701
  0.051   730367.708
  0.305   730367.708
  0.310   730367.715
  0.136   730367.722
  0.261   730367.722
  0.239   730367.729
  0.158   730367.729
  0.278   730367.736
  0.261   730367.743
  0.292   730367.750
  0.187   730367.756
  0.108   730367.756
  0.208   730367.756
  0.305   730367.763
  0.811   730367.770
  0.253   730367.777
  0.120   730367.784
  0.271   730367.784
  0.252   730367.791
  0.184   730367.791
  0.313   730367.798
  0.277   730367.805
  0.099   730367.805
  0.260   730367.812
  0.269   730367.819
  0.264   730367.826
  0.191   730367.833
  0.230   730367.833
  0.120   730367.840
  0.261   730367.840
  0.268   730367.847
  0.259   730367.854
  0.205   730367.861
  0.087   730367.861
  0.191   730367.861
  0.296   730367.868
  0.285   730367.875
  0.269   730367.881
  0.079   730367.888
  0.280   730367.888
  0.248   730367.895
  0.249   730367.902
  0.226   730367.909
  0.145   730367.909
  0.264   730367.916
  0.248   730367.923
  0.042   730367.930
  0.230   730367.930
  0.172   730367.937
  0.183   730367.937
  0.242   730367.944
  0.249   730367.951
  0.231   730367.958
  0.140   730367.965
  0.200   730367.965
  0.180   730367.972
  0.147   730367.972
  0.212   730367.979
  0.219   730367.986
  0.062   730367.993
  0.240   730367.993
  0.228   730368.000
