  0.040   730367.007
  0.061   730367.007
  0.057   730367.013
  0.068   730367.020
  0.058   730367.027
  0.061   730367.034
  0.057   730367.041
  0.062   730367.048
  0.066   730367.055
  0.057   730367.062
  1.571   730367.069
  0.062   730367.076
  0.057   730367.083
  0.062   730367.090
  0.068   730367.097
  0.064   730367.104
  0.064   730367.111
  0.066   730367.118
  0.062   730367.125
  0.060   730367.131
  0.066   730367.138
  0.104   730367.145
  0.060   730367.152
  0.068   730367.159
  0.067   730367.166
  0.069   730367.173
  0.061   730367.180
  0.062   730367.187
  0.060   730367.194
  0.065   730367.201
  0.062   730367.208
  0.064   730367.215
  0.063   730367.222
  0.057   730367.229
  0.105   730367.236
  0.068   730367.243
  0.061   730367.250
  0.067   730367.256
  0.061   730367.263
  0.055   730367.270
  0.065   730367.277
  0.064   730367.284
  0.066   730367.291
  0.058   730367.298
  0.059   730367.305
  0.066   730367.312
  0.065   730367.319
  0.065   730367.326
  0.065   730367.333
  0.063   730367.340
  0.059   730367.347
  0.062   730367.354
  0.059   730367.361
  0.060   730367.368
  0.076   730367.375
  0.064   730367.381
  0.073   730367.388
  0.078   730367.395
  0.092   730367.402
  0.083   730367.409
  0.081   730367.416
  0.088   730367.423
  0.083   730367.430
  0.080   730367.437
  0.090   730367.444
  0.073   730367.451
  0.081   730367.458
  0.075   730367.465
  0.087   730367.472
  0.079   730367.479
  0.074   730367.486
  0.080   730367.493
  0.078   730367.500
  0.076   730367.506
  0.076   730367.513
  0.067   730367.520
  0.068   730367.527
  0.066   730367.534
  0.071   730367.541
  0.080   730367.548
  0.080   730367.555
  0.090   730367.562
  0.072   730367.569
  0.062   730367.576
  0.059   730367.583
  0.051   730367.590
  0.054   730367.597
  0.055   730367.604
  0.057   730367.611
  0.059   730367.618
  0.059   730367.625
  0.055   730367.631
  0.068   730367.638
  0.064   730367.645
  0.057   730367.652
  0.060   730367.659
  0.060   730367.666
  0.060   730367.673
  0.060   730367.680
  0.052   730367.687
  0.055   730367.694
  0.052   730367.701
  0.057   730367.708
  0.050   730367.715
  0.051   730367.722
  0.050   730367.729
  0.048   730367.736
  0.050   730367.743
  0.045   730367.750
  0.047   730367.756
  0.048   730367.763
  0.045   730367.770
  0.049   730367.777
  0.045   730367.784
  0.047   730367.791
  0.038   730367.798
  0.049   730367.805
  0.042   730367.812
  0.041   730367.819
  0.044   730367.826
  0.039   730367.833
  0.050   730367.840
  0.041   730367.847
  0.047   730367.854
  0.048   730367.861
  0.042   730367.868
    NaN   730367.875
  0.129   730367.881
  0.166   730367.888
  0.243   730367.895
  0.252   730367.902
  0.153   730367.909
  0.206   730367.916
  0.169   730367.923
  0.139   730367.930
  0.175   730367.937
  0.169   730367.944
  0.184   730367.951
  0.123   730367.958
  0.219   730367.965
  0.194   730367.972
  0.117   730367.979
  0.154   730367.986
  0.191   730367.993
  0.175   730368.000
