  0.120   730367.006
  0.316   730367.006
  0.330   730367.012
  0.312   730367.018
  0.337   730367.025
  0.326   730367.032
  0.313   730367.039
  0.276   730367.045
  0.312   730367.052
  0.334   730367.058
  0.307   730367.065
  0.285   730367.073
  0.267   730367.080
  0.316   730367.087
  0.271   730367.094
  0.251   730367.101
  0.269   730367.108
  0.301   730367.115
  0.283   730367.122
  0.278   730367.129
  0.314   730367.135
  0.262   730367.142
  0.304   730367.149
  0.254   730367.156
  0.285   730367.163
  0.256   730367.170
  0.305   730367.177
  0.289   730367.184
  0.331   730367.191
  0.299   730367.198
  0.280   730367.205
  0.826   730367.212
  0.291   730367.219
  0.294   730367.226
  0.315   730367.233
  0.314   730367.240
  0.301   730367.247
  0.323   730367.254
  0.307   730367.260
  0.328   730367.267
  0.316   730367.274
  0.326   730367.281
  0.338   730367.288
  0.274   730367.295
  0.322   730367.302
  0.272   730367.309
  0.347   730367.316
  0.286   730367.323
  0.323   730367.330
  0.348   730367.337
  0.349   730367.344
  0.322   730367.351
  0.333   730367.358
  0.355   730367.365
  2.133   730367.372
  0.345   730367.379
  0.322   730367.385
  0.304   730367.392
  0.326   730367.399
  0.370   730367.406
  0.372   730367.413
  0.321   730367.420
  0.368   730367.427
  0.341   730367.434
  0.358   730367.441
  0.348   730367.448
  0.362   730367.455
  0.362   730367.462
  0.371   730367.469
  0.402   730367.476
  0.350   730367.483
  0.334   730367.489
  0.357   730367.497
  0.391   730367.504
  0.367   730367.510
  0.311   730367.517
  0.318   730367.524
  0.370   730367.531
  0.409   730367.538
  0.364   730367.545
  0.313   730367.552
  0.412   730367.559
  0.386   730367.566
  0.358   730367.573
  0.328   730367.580
  0.378   730367.587
  0.392   730367.594
  0.331   730367.601
  0.355   730367.608
  0.361   730367.614
  0.376   730367.622
  0.382   730367.628
  0.375   730367.635
  0.389   730367.642
  0.422   730367.649
  0.407   730367.656
  0.413   730367.663
  0.398   730367.670
  0.383   730367.677
  0.429   730367.684
  0.444   730367.691
  0.461   730367.698
  0.410   730367.705
  0.451   730367.712
  0.476   730367.719
  0.478   730367.726
  0.452   730367.733
  0.440   730367.740
  0.491   730367.747
  0.446   730367.753
  0.537   730367.760
  0.483   730367.767
  0.524   730367.774
  0.536   730367.781
  0.513   730367.788
  0.497   730367.795
  0.496   730367.802
  0.483   730367.809
  0.548   730367.816
  0.464   730367.823
  0.538   730367.830
  0.520   730367.837
  0.527   730367.844
  0.559   730367.851
  0.400   730367.858
  0.620   730367.865
  1.604   730367.872
  0.555   730367.879
  0.466   730367.885
  0.472   730367.892
  0.546   730367.899
  0.461   730367.906
  0.551   730367.913
  0.504   730367.920
  0.547   730367.927
  0.497   730367.934
  0.489   730367.941
  0.525   730367.948
  0.521   730367.955
  0.482   730367.962
  0.466   730367.969
  0.501   730367.976
  0.432   730367.983
  0.458   730367.990
  0.479   730367.997
