  4.864   730360.002
  4.864   730360.002
  2.815   730360.002
  2.815   730360.002
  4.602   730360.009
  4.602   730360.009
  4.672   730360.015
  4.672   730360.015
  5.297   730360.022
  5.297   730360.022
  4.465   730360.029
  4.465   730360.029
  4.467   730360.036
  4.467   730360.036
  4.522   730360.043
  4.522   730360.043
  5.129   730360.050
  5.129   730360.050
  4.587   730360.056
  4.587   730360.056
  5.332   730360.064
  5.332   730360.064
  4.721   730360.071
  4.721   730360.071
  5.404   730360.078
  5.404   730360.078
  5.291   730360.085
  5.291   730360.085
  4.694   730360.092
  4.694   730360.092
  4.300   730360.099
  4.300   730360.099
  4.853   730360.105
  4.853   730360.105
  4.531   730360.112
  4.531   730360.112
  4.324   730360.119
  4.324   730360.119
  4.579   730360.126
  4.579   730360.126
  4.403   730360.133
  4.403   730360.133
  4.540   730360.140
  4.540   730360.140
  5.208   730360.147
  5.208   730360.147
  4.525   730360.154
  4.525   730360.154
  4.964   730360.161
  4.964   730360.161
  4.330   730360.168
  4.330   730360.168
  4.152   730360.175
  4.152   730360.175
  4.351   730360.182
  4.351   730360.182
  4.779   730360.189
  4.779   730360.189
  4.921   730360.196
  4.921   730360.196
  4.662   730360.203
  4.662   730360.203
  4.832   730360.210
  4.832   730360.210
  4.759   730360.217
  4.759   730360.217
  5.183   730360.224
  5.183   730360.224
  5.484   730360.231
  5.484   730360.231
  4.776   730360.237
  4.776   730360.237
  5.133   730360.244
  5.133   730360.244
  4.990   730360.251
  4.990   730360.251
  5.883   730360.258
  5.883   730360.258
  4.704   730360.265
  4.704   730360.265
  4.904   730360.272
  4.904   730360.272
  5.766   730360.279
  5.766   730360.279
  4.892   730360.286
  4.892   730360.286
  5.046   730360.293
  5.046   730360.293
  5.571   730360.300
  5.571   730360.300
  5.110   730360.307
  5.110   730360.307
  4.760   730360.314
  4.760   730360.314
  4.774   730360.321
  4.774   730360.321
  5.448   730360.328
  5.448   730360.328
  5.474   730360.335
  5.474   730360.335
  4.887   730360.342
  4.887   730360.342
  5.768   730360.349
  5.768   730360.349
  4.777   730360.356
  4.777   730360.356
  4.907   730360.362
  4.907   730360.362
  5.020   730360.369
  5.020   730360.369
  4.895   730360.376
  4.895   730360.376
  4.838   730360.383
  4.838   730360.383
  5.060   730360.390
  5.060   730360.390
  5.277   730360.397
  5.277   730360.397
  5.039   730360.404
  5.039   730360.404
  5.121   730360.411
  5.121   730360.411
  4.705   730360.418
  4.705   730360.418
  5.298   730360.425
  5.298   730360.425
  4.250   730360.432
  4.250   730360.432
  5.915   730360.439
  5.915   730360.439
  4.629   730360.446
  4.629   730360.446
  5.516   730360.453
  5.516   730360.453
  4.584   730360.460
  4.584   730360.460
  4.600   730360.467
  4.600   730360.467
  5.165   730360.474
  5.165   730360.474
  4.815   730360.480
  4.815   730360.480
  5.738   730360.487
  5.738   730360.487
  4.823   730360.494
  4.823   730360.494
  5.068   730360.501
  5.068   730360.501
  4.681   730360.508
  4.681   730360.508
  4.791   730360.515
  4.791   730360.515
  5.502   730360.522
  5.502   730360.522
  5.044   730360.529
  5.044   730360.529
  5.122   730360.536
  5.122   730360.536
  4.827   730360.543
  4.827   730360.543
  4.177   730360.550
  4.177   730360.550
  4.887   730360.557
  4.887   730360.557
  5.019   730360.564
  5.019   730360.564
  4.888   730360.571
  4.888   730360.571
  4.362   730360.578
  4.362   730360.578
  5.175   730360.585
  5.175   730360.585
  5.536   730360.592
  5.536   730360.592
  5.095   730360.599
  5.095   730360.599
  5.146   730360.606
  5.146   730360.606
  4.972   730360.612
  4.972   730360.612
  5.238   730360.619
  5.238   730360.619
  5.463   730360.626
  5.463   730360.626
  5.113   730360.633
  5.113   730360.633
  4.245   730360.640
  4.245   730360.640
  4.776   730360.647
  4.776   730360.647
  5.048   730360.654
  5.048   730360.654
  4.840   730360.661
  4.840   730360.661
  4.563   730360.668
  4.563   730360.668
  5.218   730360.675
  5.218   730360.675
  4.407   730360.682
  4.407   730360.682
  5.065   730360.689
  5.065   730360.689
  5.107   730360.696
  5.107   730360.696
  5.043   730360.703
  5.043   730360.703
  4.706   730360.710
  4.706   730360.710
  5.170   730360.717
  5.170   730360.717
  5.117   730360.724
  5.117   730360.724
  4.695   730360.731
  4.695   730360.731
  4.991   730360.737
  4.991   730360.737
  4.808   730360.744
  4.808   730360.744
  5.152   730360.751
  5.152   730360.751
  5.255   730360.758
  5.255   730360.758
  5.071   730360.765
  5.071   730360.765
  4.599   730360.772
  4.599   730360.772
  5.661   730360.779
  5.661   730360.779
  4.980   730360.786
  4.980   730360.786
  5.300   730360.793
  5.300   730360.793
  5.036   730360.800
  5.036   730360.800
  5.796   730360.807
  5.796   730360.807
  4.631   730360.814
  4.631   730360.814
  5.940   730360.821
  5.940   730360.821
  5.107   730360.828
  5.107   730360.828
  4.820   730360.835
  4.820   730360.835
  5.158   730360.842
  5.158   730360.842
  4.685   730360.849
  4.685   730360.849
  5.398   730360.856
  5.398   730360.856
  5.259   730360.862
  5.259   730360.862
  4.203   730360.869
  4.203   730360.869
  4.903   730360.876
  4.903   730360.876
  5.198   730360.883
  5.198   730360.883
  5.116   730360.890
  5.116   730360.890
  4.642   730360.897
  4.642   730360.897
  4.599   730360.904
  4.599   730360.904
  4.821   730360.911
  4.821   730360.911
  4.925   730360.918
  4.925   730360.918
  5.024   730360.925
  5.024   730360.925
  5.203   730360.932
  5.203   730360.932
  4.485   730360.939
  4.485   730360.939
  5.074   730360.946
  5.074   730360.946
  4.995   730360.953
  4.995   730360.953
  5.078   730360.960
  5.078   730360.960
  5.813   730360.967
  5.813   730360.967
  4.810   730360.974
  4.810   730360.974
  5.105   730360.980
  5.105   730360.980
  4.881   730360.987
  4.881   730360.987
  5.297   730360.994
  5.297   730360.994
