  0.295   730258.001
  1.075   730258.007
  1.034   730258.014
  1.095   730258.021
  1.164   730258.028
  1.018   730258.035
  1.264   730258.042
  1.359   730258.048
  1.251   730258.056
  1.400   730258.062
  1.330   730258.069
  1.412   730258.076
  1.377   730258.084
  1.309   730258.090
  1.343   730258.097
  1.630   730258.104
  1.514   730258.111
  1.413   730258.118
  2.087   730258.125
  1.317   730258.132
  1.527   730258.139
  1.489   730258.146
  1.357   730258.153
  1.576   730258.160
  1.391   730258.167
  1.417   730258.173
  1.532   730258.180
  1.441   730258.187
  2.618   730258.194
  1.214   730258.201
  1.242   730258.209
  1.383   730258.215
  1.338   730258.222
  1.014   730258.229
  1.128   730258.236
  0.974   730258.243
  1.137   730258.250
  2.774   730258.257
  1.334   730258.264
  1.720   730258.271
  1.412   730258.278
  1.418   730258.285
  1.528   730258.292
  1.349   730258.298
  1.592   730258.305
  1.893   730258.312
  2.161   730258.319
  2.187   730258.326
  2.286   730258.334
  2.109   730258.340
  2.251   730258.347
  2.327   730258.354
  2.669   730258.361
  2.865   730258.368
  2.404   730258.375
  2.569   730258.382
  2.688   730258.389
  2.468   730258.396
  2.677   730258.403
  2.478   730258.410
  2.501   730258.417
  2.419   730258.423
  2.449   730258.430
  2.305   730258.437
  2.119   730258.444
  2.096   730258.451
  1.927   730258.459
  2.033   730258.465
  1.826   730258.472
  1.786   730258.479
  1.699   730258.486
  1.564   730258.493
  1.699   730258.500
  1.402   730258.507
  1.658   730258.514
  1.461   730258.521
  1.632   730258.528
  1.491   730258.535
  1.470   730258.542
  1.350   730258.548
  1.550   730258.555
  1.418   730258.562
  1.514   730258.569
  1.511   730258.576
  1.574   730258.584
  1.510   730258.590
  1.476   730258.597
  1.346   730258.604
  1.343   730258.611
  1.323   730258.618
  1.297   730258.625
  1.334   730258.632
  1.402   730258.639
  1.194   730258.646
  1.134   730258.652
  1.134   730258.660
  1.101   730258.667
  1.168   730258.673
  1.165   730258.680
  1.040   730258.688
  1.212   730258.696
  1.181   730258.705
  1.117   730258.716
  1.235   730258.726
  1.080   730258.733
  0.979   730258.734
  1.056   730258.743
  1.099   730258.749
  1.044   730258.757
  1.329   730258.767
  1.229   730258.778
  1.211   730258.780
  1.419   730258.783
  1.059   730258.794
