  1.769   730120.001
  1.705   730120.008
  1.837   730120.015
  1.818   730120.022
  1.674   730120.029
  1.931   730120.036
  1.774   730120.043
  1.750   730120.050
  1.770   730120.057
  1.963   730120.064
  1.922   730120.072
  2.091   730120.078
  2.051   730120.085
  1.873   730120.092
  1.902   730120.099
  1.939   730120.106
  1.970   730120.113
  1.819   730120.119
  2.058   730120.126
  1.973   730120.133
  2.127   730120.140
  1.941   730120.147
  1.904   730120.154
  2.043   730120.161
  1.599   730120.168
  1.795   730120.175
  1.733   730120.182
  1.612   730120.189
  1.578   730120.196
  1.704   730120.203
  1.373   730120.210
  1.387   730120.217
  1.464   730120.224
  1.312   730120.231
  1.294   730120.238
  1.513   730120.244
  1.339   730120.251
  1.390   730120.258
  1.440   730120.265
  1.217   730120.272
  1.303   730120.279
  1.301   730120.286
  1.294   730120.293
  1.231   730120.300
  1.092   730120.307
  1.236   730120.314
  1.094   730120.321
  1.075   730120.328
  1.070   730120.335
  1.094   730120.342
  0.994   730120.349
  1.125   730120.356
  0.888   730120.363
  0.856   730120.369
  0.893   730120.376
  0.932   730120.383
  0.921   730120.390
  0.828   730120.397
  0.859   730120.404
  0.763   730120.411
  0.871   730120.418
  0.786   730120.425
    NaN   730120.432
  0.932   730120.439
  0.915   730120.446
  0.964   730120.453
  0.945   730120.460
  0.971   730120.467
  0.971   730120.474
  1.014   730120.481
  1.169   730120.488
  1.262   730120.494
  1.360   730120.501
  1.551   730120.508
  1.549   730120.515
  1.688   730120.522
  1.784   730120.529
  1.683   730120.536
  1.620   730120.543
  1.811   730120.550
  1.552   730120.557
  1.711   730120.564
  1.677   730120.571
  1.719   730120.578
  1.476   730120.585
  1.525   730120.592
  1.508   730120.599
  1.531   730120.606
  1.443   730120.613
  1.275   730120.619
  1.372   730120.626
  1.282   730120.633
  1.341   730120.640
  1.303   730120.647
  1.366   730120.654
  1.399   730120.661
  1.264   730120.668
  1.204   730120.675
  1.263   730120.682
  1.131   730120.689
  1.246   730120.696
  1.339   730120.703
  1.269   730120.710
  1.158   730120.717
  1.394   730120.724
  1.253   730120.731
  1.305   730120.738
  1.530   730120.744
  1.330   730120.751
  1.287   730120.758
  1.508   730120.765
  1.529   730120.772
  1.548   730120.779
  1.490   730120.786
  1.491   730120.793
  1.428   730120.800
  1.364   730120.807
  1.474   730120.814
  1.573   730120.821
  1.627   730120.828
  1.385   730120.835
  1.378   730120.842
  1.515   730120.849
  1.492   730120.856
  1.335   730120.863
  1.277   730120.869
  1.253   730120.876
  1.405   730120.883
  1.397   730120.890
  1.129   730120.897
  1.070   730120.904
  1.328   730120.911
  1.185   730120.918
  1.192   730120.925
    NaN   730120.932
  1.164   730120.939
  1.066   730120.946
  1.005   730120.953
  1.038   730120.960
  0.948   730120.967
  1.055   730120.974
  0.953   730120.981
  1.002   730120.988
