  0.951   730120.001
  1.013   730120.008
  1.023   730120.015
  0.972   730120.022
  0.936   730120.028
  0.983   730120.035
  0.997   730120.042
  0.986   730120.049
  1.000   730120.056
  1.018   730120.063
  0.978   730120.070
  0.983   730120.077
  0.960   730120.084
  1.003   730120.091
  1.153   730120.098
  1.168   730120.105
  0.959   730120.112
  0.980   730120.119
  1.106   730120.126
  1.079   730120.133
  1.079   730120.140
  1.077   730120.147
  1.024   730120.153
  1.063   730120.160
  1.058   730120.167
  1.111   730120.174
  1.189   730120.181
  1.160   730120.188
  1.304   730120.195
  1.159   730120.202
  1.231   730120.209
  1.225   730120.216
  1.280   730120.223
  1.153   730120.230
  1.246   730120.237
  2.847   730120.244
  1.312   730120.251
  1.245   730120.258
  1.363   730120.265
  1.370   730120.272
  1.304   730120.278
  1.477   730120.285
  1.402   730120.292
  1.298   730120.299
  1.325   730120.306
  1.333   730120.313
  1.224   730120.320
  1.275   730120.327
  1.474   730120.334
  1.546   730120.341
  1.523   730120.348
  1.424   730120.355
  1.408   730120.362
  1.271   730120.369
  1.322   730120.376
  1.281   730120.383
  1.426   730120.390
  1.470   730120.397
  1.495   730120.403
  1.606   730120.410
  1.436   730120.417
  1.431   730120.424
  1.338   730120.431
  1.340   730120.438
  1.338   730120.445
  1.608   730120.453
  1.514   730120.459
  1.603   730120.466
  1.510   730120.473
  1.565   730120.480
  1.445   730120.487
  1.512   730120.494
  1.476   730120.501
  1.657   730120.508
  1.493   730120.515
  1.950   730120.522
  1.700   730120.528
  1.626   730120.535
  1.581   730120.542
  1.567   730120.549
  1.497   730120.556
  1.555   730120.563
  1.646   730120.570
  1.531   730120.577
  1.565   730120.584
  1.550   730120.591
  1.488   730120.598
  1.560   730120.605
  1.278   730120.612
  1.449   730120.619
  1.512   730120.626
  1.329   730120.633
  1.386   730120.640
  1.310   730120.647
  1.773   730120.653
  1.766   730120.660
  1.606   730120.667
  1.420   730120.674
  1.420   730120.681
  1.350   730120.688
  1.345   730120.695
  1.288   730120.702
  1.317   730120.709
  1.317   730120.716
  1.242   730120.723
  1.185   730120.730
  1.209   730120.737
  1.109   730120.744
  1.463   730120.751
  1.336   730120.758
  1.312   730120.765
  1.286   730120.772
  1.392   730120.778
  1.308   730120.785
  1.488   730120.792
  1.425   730120.799
  1.200   730120.806
  1.228   730120.813
  1.291   730120.820
  1.191   730120.827
  1.215   730120.834
  1.110   730120.841
  1.095   730120.848
  1.164   730120.855
  1.160   730120.862
  1.091   730120.869
  1.157   730120.876
  1.101   730120.883
  1.129   730120.890
  1.001   730120.897
  1.167   730120.903
  0.973   730120.910
  1.082   730120.917
  1.111   730120.924
  0.922   730120.931
  0.942   730120.938
  0.957   730120.945
  0.852   730120.952
  0.912   730120.959
  0.841   730120.966
  0.809   730120.973
  0.748   730120.980
  0.693   730120.987
