  0.285   730120.000
  0.258   730120.007
  0.277   730120.014
  0.311   730120.021
  0.332   730120.028
  0.289   730120.035
  0.300   730120.042
  0.293   730120.049
  0.320   730120.056
  0.297   730120.062
  0.268   730120.069
  0.305   730120.076
  0.311   730120.083
  0.315   730120.090
  0.263   730120.097
  0.286   730120.104
  0.293   730120.111
  1.059   730120.118
  0.322   730120.125
  0.275   730120.132
  0.316   730120.139
  0.260   730120.146
  0.297   730120.153
  0.300   730120.160
  0.292   730120.167
  0.278   730120.174
  0.343   730120.181
  0.310   730120.188
  0.345   730120.194
  0.287   730120.201
  0.315   730120.208
  0.332   730120.215
  0.294   730120.222
  0.303   730120.229
  0.295   730120.236
  2.795   730120.243
  0.309   730120.250
  0.286   730120.257
  0.301   730120.264
  0.307   730120.271
  0.276   730120.278
  0.278   730120.285
  0.338   730120.292
  0.339   730120.299
  0.330   730120.306
  0.281   730120.312
  0.316   730120.319
  0.340   730120.326
  0.313   730120.333
  0.297   730120.340
  0.268   730120.347
  0.297   730120.354
  0.318   730120.361
  0.291   730120.368
  0.308   730120.375
  0.308   730120.382
  0.276   730120.389
  0.318   730120.396
  0.296   730120.403
  0.320   730120.410
  0.321   730120.417
  0.314   730120.424
  0.270   730120.431
  0.286   730120.438
  0.302   730120.444
  0.337   730120.451
  0.287   730120.458
  0.314   730120.465
  0.259   730120.472
  0.291   730120.479
  0.644   730120.486
  0.327   730120.493
  0.317   730120.500
  0.279   730120.507
  0.285   730120.514
  0.306   730120.521
  0.318   730120.528
  0.301   730120.535
  0.328   730120.542
  0.333   730120.549
  0.336   730120.556
  0.335   730120.562
  0.306   730120.569
  0.318   730120.576
  0.295   730120.583
  0.313   730120.590
    NaN   730120.597
  0.317   730120.604
  0.319   730120.611
  0.320   730120.618
  0.636   730120.625
  0.320   730120.632
  0.332   730120.639
  0.362   730120.646
  0.310   730120.653
  0.296   730120.660
  0.330   730120.667
  0.301   730120.674
  0.300   730120.681
  0.290   730120.688
  0.301   730120.694
  0.298   730120.701
  0.345   730120.708
  0.299   730120.715
  0.299   730120.722
  0.306   730120.729
  0.287   730120.736
  0.282   730120.743
  0.281   730120.750
  0.281   730120.757
  0.266   730120.764
  0.273   730120.771
  0.270   730120.778
  0.313   730120.785
  0.273   730120.792
  0.313   730120.799
  0.292   730120.806
  0.280   730120.812
  0.304   730120.819
  0.258   730120.826
  0.293   730120.833
  0.315   730120.840
  0.327   730120.847
  0.279   730120.854
  0.301   730120.861
  0.310   730120.868
  0.272   730120.875
  0.304   730120.882
  0.271   730120.889
  0.478   730120.896
  0.305   730120.903
  0.337   730120.910
  0.306   730120.917
  0.299   730120.924
  0.282   730120.931
  0.306   730120.938
  0.341   730120.944
  0.289   730120.951
  0.290   730120.958
  0.323   730120.965
  0.304   730120.972
  0.308   730120.979
  0.479   730120.986
  0.300   730120.993
