  4.304   730312.001
  1.881   730312.007
  2.256   730312.014
  2.255   730312.021
  1.998   730312.028
  1.760   730312.035
  2.396   730312.042
  2.374   730312.048
  9.320   730312.055
  2.050   730312.062
  1.954   730312.069
  2.300   730312.076
  1.937   730312.083
  1.853   730312.090
  2.131   730312.097
  2.000   730312.104
  2.479   730312.111
  1.818   730312.118
  2.130   730312.125
  1.939   730312.132
  2.064   730312.139
  2.015   730312.146
  2.036   730312.153
  2.126   730312.160
  1.900   730312.167
  1.920   730312.173
  2.092   730312.180
  1.947   730312.187
  2.007   730312.194
  1.865   730312.201
  1.809   730312.208
  1.706   730312.215
  1.839   730312.222
  1.614   730312.229
  1.761   730312.236
  1.642   730312.243
  1.924   730312.250
  1.776   730312.257
  2.018   730312.264
  1.793   730312.271
  1.883   730312.278
  1.737   730312.285
  1.898   730312.292
  1.982   730312.298
  1.908   730312.305
 43.174   730312.312
  2.012   730312.319
    NaN   730312.326
  1.820   730312.333
  1.876   730312.340
  2.012   730312.347
  1.737   730312.354
  1.609   730312.361
  1.662   730312.368
  1.826   730312.375
  1.840   730312.382
  2.038   730312.389
  1.841   730312.396
  1.942   730312.403
  1.849   730312.410
  2.075   730312.417
  2.273   730312.424
  1.990   730312.430
  1.990   730312.437
  1.990   730312.444
  1.793   730312.451
  1.978   730312.458
  1.982   730312.465
 55.518   730312.472
  2.180   730312.479
  1.838   730312.486
  1.904   730312.493
 58.208   730312.500
  2.135   730312.507
  2.038   730312.514
  2.038   730312.521
  2.002   730312.528
 44.537   730312.535
  1.802   730312.542
  2.046   730312.549
  2.075   730312.555
  2.075   730312.562
  2.017   730312.569
  2.323   730312.576
  2.038   730312.583
  1.974   730312.590
  1.881   730312.597
  4.594   730312.604
  2.410   730312.611
  1.997   730312.618
  2.068   730312.625
  2.205   730312.632
  1.935   730312.639
  2.363   730312.646
  1.972   730312.653
  2.374   730312.660
  1.841   730312.667
  2.113   730312.673
  2.126   730312.680
  2.142   730312.687
  1.905   730312.694
  1.956   730312.701
  1.822   730312.708
  1.861   730312.715
  2.207   730312.722
  1.975   730312.729
  1.872   730312.736
  1.961   730312.743
  1.938   730312.750
  1.865   730312.757
  1.823   730312.764
  1.718   730312.771
  1.607   730312.778
  1.616   730312.785
  1.809   730312.792
  1.594   730312.798
  1.744   730312.805
  1.541   730312.812
  1.422   730312.819
    NaN   730312.826
  1.554   730312.833
  1.704   730312.840
  1.764   730312.847
  1.535   730312.854
  1.693   730312.861
  1.765   730312.868
  1.515   730312.875
  1.628   730312.882
  1.809   730312.889
  1.623   730312.896
  1.906   730312.903
  2.039   730312.910
  2.000   730312.917
  1.847   730312.924
  1.947   730312.930
  1.820   730312.937
  1.672   730312.944
  1.725   730312.951
  2.015   730312.958
  1.766   730312.965
  1.799   730312.972
  1.983   730312.979
 47.952   730312.986
  1.895   730312.993
