  0.577   730312.002
  0.993   730312.007
  1.127   730312.014
  1.092   730312.021
  1.086   730312.028
  1.331   730312.035
  1.100   730312.042
  1.066   730312.049
  0.944   730312.056
  1.018   730312.063
  1.193   730312.070
  1.166   730312.077
  1.025   730312.084
  1.287   730312.091
  1.094   730312.098
  1.154   730312.104
  1.141   730312.112
  1.258   730312.118
  1.244   730312.125
  1.045   730312.132
  1.162   730312.139
  1.143   730312.146
  1.109   730312.153
  1.226   730312.160
  1.116   730312.167
  1.283   730312.174
  1.222   730312.181
  1.151   730312.188
  1.175   730312.195
  1.238   730312.202
  1.144   730312.209
  1.114   730312.216
  1.209   730312.223
  1.014   730312.230
  1.134   730312.236
 13.712   730312.243
  1.147   730312.250
  1.134   730312.257
  1.167   730312.264
  1.149   730312.271
  1.162   730312.278
  1.163   730312.285
  1.166   730312.292
  0.995   730312.299
  1.078   730312.306
  1.009   730312.313
  1.047   730312.320
  0.969   730312.327
  1.242   730312.334
  1.030   730312.341
  1.087   730312.348
  1.006   730312.355
  1.135   730312.361
  1.043   730312.368
  0.877   730312.375
  1.124   730312.382
  1.087   730312.389
  1.010   730312.396
  1.047   730312.403
  1.021   730312.410
  0.864   730312.417
  1.109   730312.424
  0.949   730312.431
  1.041   730312.438
  0.950   730312.445
  0.852   730312.452
  0.956   730312.459
  1.042   730312.466
  0.989   730312.473
  0.925   730312.480
  0.961   730312.486
  1.031   730312.494
  1.004   730312.500
  0.899   730312.507
  0.995   730312.514
  1.014   730312.521
  0.940   730312.528
  0.931   730312.535
  0.933   730312.542
  1.009   730312.549
  1.156   730312.556
  1.105   730312.563
  1.137   730312.570
  1.101   730312.577
  1.119   730312.584
  1.312   730312.591
  1.235   730312.598
  1.527   730312.605
  1.393   730312.612
  1.342   730312.618
  1.371   730312.625
  1.256   730312.632
  1.513   730312.639
  1.553   730312.646
  1.591   730312.653
  1.551   730312.660
  1.464   730312.667
  1.672   730312.674
  1.454   730312.681
  1.430   730312.688
  1.596   730312.695
  1.652   730312.702
  1.803   730312.709
  1.950   730312.716
  1.825   730312.723
  1.864   730312.730
  1.856   730312.737
  9.627   730312.743
  2.344   730312.750
  2.050   730312.757
  2.278   730312.764
  2.096   730312.771
  2.204   730312.778
  2.272   730312.785
  2.502   730312.792
  2.123   730312.799
  2.194   730312.806
  2.253   730312.813
  2.225   730312.820
  2.209   730312.827
  2.277   730312.834
  2.147   730312.841
  2.262   730312.848
  2.553   730312.855
  2.940   730312.862
  2.702   730312.868
  2.590   730312.875
  2.242   730312.882
  2.392   730312.889
  2.749   730312.896
  2.221   730312.903
  2.640   730312.910
  2.614   730312.917
  2.449   730312.924
  2.294   730312.931
  2.572   730312.938
  2.523   730312.945
  2.628   730312.952
  2.167   730312.959
  2.243   730312.966
  2.126   730312.973
  2.445   730312.980
  2.621   730312.987
  2.799   730312.994
