  3.515   730359.007
  0.031   730359.007
 13.194   730359.007
 13.733   730359.014
 13.488   730359.021
 14.993   730359.028
 16.071   730359.034
 13.383   730359.041
 14.866   730359.048
 15.587   730359.055
 14.955   730359.062
 15.902   730359.069
 13.477   730359.076
 15.420   730359.083
 13.554   730359.090
 15.088   730359.097
 13.492   730359.104
 12.016   730359.111
 12.670   730359.118
 13.065   730359.125
 13.518   730359.132
 13.485   730359.139
 13.494   730359.146
 12.339   730359.153
 13.058   730359.159
 12.782   730359.166
 12.900   730359.173
 12.876   730359.180
 13.543   730359.187
 13.108   730359.194
 14.392   730359.201
 12.161   730359.208
 12.779   730359.215
 12.660   730359.222
 12.116   730359.229
 11.772   730359.236
 11.581   730359.243
 12.391   730359.250
 12.611   730359.257
 10.699   730359.264
 10.343   730359.271
 13.465   730359.278
 12.647   730359.285
 10.928   730359.291
 12.197   730359.298
 12.104   730359.305
 12.991   730359.312
 12.970   730359.319
 11.962   730359.327
 11.646   730359.333
 12.794   730359.340
 12.425   730359.347
 11.339   730359.354
 12.394   730359.361
 11.391   730359.368
 12.296   730359.375
 13.190   730359.382
 11.494   730359.389
 11.801   730359.396
 12.332   730359.403
 12.870   730359.410
 12.924   730359.416
 12.196   730359.423
 11.044   730359.430
 11.448   730359.437
 11.595   730359.444
 11.810   730359.451
 10.990   730359.458
  9.977   730359.465
 11.089   730359.472
 10.298   730359.479
 10.574   730359.486
  9.790   730359.493
  9.665   730359.500
  9.884   730359.507
  9.625   730359.514
  8.969   730359.521
  8.577   730359.528
  9.433   730359.534
  9.332   730359.541
  9.142   730359.548
  9.319   730359.555
  8.429   730359.562
 10.086   730359.569
  8.967   730359.576
  9.432   730359.583
  9.850   730359.590
  9.048   730359.597
  8.785   730359.604
  8.350   730359.611
  8.404   730359.618
  8.532   730359.625
  8.906   730359.632
  8.317   730359.639
  8.323   730359.646
  7.020   730359.653
  6.708   730359.659
  6.258   730359.666
  6.703   730359.673
  6.209   730359.680
  6.281   730359.687
  6.395   730359.694
  7.053   730359.701
  7.227   730359.708
  8.303   730359.715
    NaN   730359.722
 10.263   730359.729
 12.355   730359.736
 12.605   730359.743
 14.229   730359.750
 14.631   730359.757
 12.994   730359.764
 17.162   730359.771
    NaN   730359.778
 14.329   730359.785
 14.974   730359.791
 15.146   730359.798
 14.060   730359.805
 14.241   730359.812
 14.606   730359.819
 13.783   730359.826
 14.999   730359.833
 13.500   730359.840
 12.787   730359.847
 12.075   730359.854
 11.974   730359.861
 12.143   730359.868
 12.810   730359.875
 11.998   730359.882
 11.354   730359.889
 33.549   730359.896
 28.728   730359.903
  0.221   730359.910
  7.576   730359.916
 25.719   730359.923
 10.541   730359.930
  9.588   730359.937
 13.369   730359.944
 11.469   730359.951
 12.659   730359.958
 12.426   730359.965
 12.714   730359.972
 12.060   730359.979
 14.063   730359.986
 12.332   730359.993
 13.168   730360.000
