  0.311   730359.001
  0.116   730359.001
  0.275   730359.008
  0.290   730359.015
  0.279   730359.022
  0.222   730359.028
  0.529   730359.035
  0.243   730359.042
  0.263   730359.050
  0.243   730359.056
  0.235   730359.063
  0.239   730359.070
  0.247   730359.077
  0.216   730359.084
  0.215   730359.091
  0.226   730359.098
  0.267   730359.105
  0.246   730359.112
  0.245   730359.119
  0.238   730359.126
  0.257   730359.133
  0.256   730359.140
  0.242   730359.147
  0.236   730359.153
  0.231   730359.160
  0.237   730359.167
  0.236   730359.174
  0.236   730359.181
  0.243   730359.188
  0.249   730359.195
  0.204   730359.202
  0.234   730359.209
  0.214   730359.216
  0.228   730359.223
  0.270   730359.230
  0.221   730359.237
  0.206   730359.244
  0.213   730359.251
  0.212   730359.258
  0.220   730359.265
  0.210   730359.272
  0.212   730359.278
  0.207   730359.285
  0.187   730359.292
  0.238   730359.299
  0.205   730359.306
  0.209   730359.313
  0.187   730359.320
  0.229   730359.328
  0.207   730359.334
  0.188   730359.341
  0.177   730359.348
  0.203   730359.355
  0.216   730359.362
  0.192   730359.369
  0.191   730359.376
  0.198   730359.383
  0.207   730359.390
  0.175   730359.397
  0.184   730359.403
  0.197   730359.410
  0.198   730359.417
  0.181   730359.424
  0.192   730359.431
  0.163   730359.438
  0.192   730359.445
  0.183   730359.452
  0.220   730359.459
  0.190   730359.466
  0.185   730359.473
  0.172   730359.480
  0.166   730359.487
  0.195   730359.494
  0.179   730359.501
  0.191   730359.508
  0.176   730359.515
  0.185   730359.522
  0.187   730359.528
  0.167   730359.535
  0.191   730359.542
  0.172   730359.549
  0.193   730359.556
  0.216   730359.563
  0.186   730359.570
  0.191   730359.577
  0.212   730359.584
  0.176   730359.591
  0.209   730359.598
  0.182   730359.605
  0.180   730359.612
  0.215   730359.619
  0.187   730359.626
  0.197   730359.633
  0.214   730359.640
  0.210   730359.647
  0.203   730359.653
  0.197   730359.660
  0.216   730359.667
  0.207   730359.674
  0.218   730359.681
  0.182   730359.688
  0.212   730359.695
  0.210   730359.702
  0.211   730359.709
  0.182   730359.716
  0.215   730359.723
  0.194   730359.730
  0.195   730359.737
  0.174   730359.744
  0.163   730359.751
  0.198   730359.758
  0.187   730359.765
  0.156   730359.772
  0.188   730359.779
  0.187   730359.785
  0.164   730359.792
  0.181   730359.799
  0.153   730359.806
  0.161   730359.813
  0.182   730359.820
  0.165   730359.827
  0.170   730359.834
  0.173   730359.841
  2.497   730359.848
  0.170   730359.855
  0.193   730359.862
  0.215   730359.869
  0.200   730359.876
  0.176   730359.883
  0.193   730359.890
  0.186   730359.897
  0.173   730359.903
  0.198   730359.910
  0.183   730359.917
  0.200   730359.924
  0.188   730359.931
  0.173   730359.938
  0.190   730359.945
  0.175   730359.952
  0.182   730359.959
  0.187   730359.966
  0.177   730359.973
  0.171   730359.980
  0.163   730359.987
  0.176   730359.994
