  0.643   730359.002
  0.643   730359.002
  0.279   730359.002
  0.279   730359.002
  0.580   730359.009
  0.580   730359.009
  0.626   730359.015
  0.626   730359.015
  0.589   730359.022
  0.589   730359.022
  0.627   730359.029
  0.627   730359.029
  0.987   730359.036
  0.987   730359.036
  0.567   730359.043
  0.567   730359.043
  0.620   730359.050
  0.620   730359.050
  0.631   730359.056
  0.631   730359.056
  0.502   730359.064
  0.502   730359.064
  0.602   730359.071
  0.602   730359.071
  0.588   730359.078
  0.588   730359.078
  0.603   730359.085
  0.603   730359.085
  0.613   730359.092
  0.613   730359.092
  0.566   730359.099
  0.566   730359.099
  0.655   730359.105
  0.655   730359.105
  0.493   730359.112
  0.493   730359.112
  0.597   730359.119
  0.597   730359.119
  0.572   730359.126
  0.572   730359.126
  0.582   730359.133
  0.582   730359.133
  0.537   730359.140
  0.537   730359.140
  0.586   730359.147
  0.586   730359.147
  0.573   730359.154
  0.573   730359.154
  0.578   730359.161
  0.578   730359.161
  0.501   730359.168
  0.501   730359.168
  0.565   730359.175
  0.565   730359.175
  0.591   730359.182
  0.591   730359.182
  0.559   730359.189
  0.559   730359.189
  0.556   730359.196
  0.556   730359.196
  0.565   730359.203
  0.565   730359.203
  0.599   730359.210
  0.599   730359.210
  0.551   730359.217
  0.551   730359.217
  0.578   730359.224
  0.578   730359.224
  0.586   730359.230
  0.586   730359.230
  0.533   730359.237
  0.533   730359.237
  0.535   730359.244
  0.535   730359.244
  0.506   730359.251
  0.506   730359.251
  0.588   730359.258
  0.588   730359.258
  0.515   730359.265
  0.515   730359.265
  0.494   730359.272
  0.494   730359.272
  0.547   730359.279
  0.547   730359.279
  0.509   730359.286
  0.509   730359.286
  0.477   730359.293
  0.477   730359.293
  0.583   730359.300
  0.583   730359.300
  0.559   730359.307
  0.559   730359.307
  0.516   730359.314
  0.516   730359.314
  0.514   730359.321
  0.514   730359.321
  0.543   730359.329
  0.543   730359.329
  0.574   730359.335
  0.574   730359.335
  0.486   730359.342
  0.486   730359.342
  0.575   730359.349
  0.575   730359.349
  0.533   730359.355
  0.533   730359.355
  0.506   730359.362
  0.506   730359.362
  0.509   730359.369
  0.509   730359.369
  0.471   730359.376
  0.471   730359.376
  0.481   730359.383
  0.481   730359.383
  0.434   730359.390
  0.434   730359.390
  0.502   730359.397
  0.502   730359.397
  0.557   730359.404
  0.557   730359.404
  0.537   730359.411
  0.537   730359.411
  0.476   730359.418
  0.476   730359.418
  0.576   730359.425
  0.576   730359.425
  0.532   730359.432
  0.532   730359.432
  0.478   730359.439
  0.478   730359.439
  0.550   730359.446
  0.550   730359.446
  0.471   730359.453
  0.471   730359.453
  0.468   730359.460
  0.468   730359.460
  0.438   730359.467
  0.438   730359.467
  0.556   730359.474
  0.556   730359.474
  0.502   730359.480
  0.502   730359.480
  0.508   730359.487
  0.508   730359.487
  0.515   730359.494
  0.515   730359.494
  0.492   730359.501
  0.492   730359.501
  0.519   730359.508
  0.519   730359.508
  0.492   730359.515
  0.492   730359.515
  0.582   730359.522
  0.582   730359.522
  0.535   730359.529
  0.535   730359.529
  0.493   730359.536
  0.493   730359.536
  0.533   730359.543
  0.533   730359.543
  0.519   730359.550
  0.519   730359.550
  0.501   730359.557
  0.501   730359.557
  0.537   730359.564
  0.537   730359.564
  0.616   730359.571
  0.616   730359.571
  0.534   730359.578
  0.534   730359.578
  0.549   730359.585
  0.549   730359.585
  0.566   730359.592
  0.566   730359.592
  0.609   730359.599
  0.609   730359.599
  0.577   730359.605
  0.577   730359.605
  0.519   730359.612
  0.519   730359.612
  0.550   730359.619
  0.550   730359.619
  0.570   730359.626
  0.570   730359.626
  0.508   730359.633
  0.508   730359.633
  0.612   730359.640
  0.612   730359.640
  0.558   730359.647
  0.558   730359.647
  0.511   730359.654
  0.511   730359.654
  0.582   730359.661
  0.582   730359.661
  0.492   730359.668
  0.492   730359.668
  0.487   730359.675
  0.487   730359.675
  0.484   730359.682
  0.484   730359.682
  0.524   730359.689
  0.524   730359.689
  0.485   730359.696
  0.485   730359.696
  0.526   730359.703
  0.526   730359.703
  0.470   730359.710
  0.470   730359.710
  0.485   730359.717
  0.485   730359.717
  0.489   730359.724
  0.489   730359.724
  0.549   730359.730
  0.549   730359.730
  0.518   730359.737
  0.518   730359.737
  0.525   730359.744
  0.525   730359.744
  0.498   730359.751
  0.498   730359.751
  0.508   730359.758
  0.508   730359.758
  0.461   730359.765
  0.461   730359.765
  0.493   730359.772
  0.493   730359.772
  0.550   730359.779
  0.550   730359.779
  0.657   730359.786
  0.657   730359.786
  0.542   730359.793
  0.542   730359.793
  0.514   730359.800
  0.514   730359.800
  0.634   730359.807
  0.634   730359.807
  0.611   730359.814
  0.611   730359.814
  0.479   730359.821
  0.479   730359.821
  0.523   730359.828
  0.523   730359.828
  0.547   730359.835
  0.547   730359.835
  0.658   730359.842
  0.658   730359.842
  0.541   730359.849
  0.541   730359.849
  0.596   730359.856
  0.596   730359.856
  0.520   730359.862
  0.520   730359.862
  0.557   730359.869
  0.557   730359.869
  0.669   730359.876
  0.669   730359.876
  1.961   730359.883
  1.961   730359.883
  0.596   730359.890
  0.596   730359.890
  0.669   730359.897
  0.669   730359.897
  0.688   730359.904
  0.688   730359.904
  0.579   730359.911
  0.579   730359.911
  0.558   730359.918
  0.558   730359.918
  0.507   730359.925
  0.507   730359.925
  0.615   730359.932
  0.615   730359.932
  0.604   730359.939
  0.604   730359.939
  0.607   730359.946
  0.607   730359.946
  0.489   730359.953
  0.489   730359.953
  0.609   730359.960
  0.609   730359.960
  0.533   730359.967
  0.533   730359.967
  0.485   730359.974
  0.485   730359.974
  0.587   730359.980
  0.587   730359.980
  0.526   730359.987
  0.526   730359.987
  0.534   730359.994
  0.534   730359.994
