  0.128   730359.000
  0.124   730359.007
  0.168   730359.014
  0.143   730359.021
  0.128   730359.028
  0.146   730359.035
  0.157   730359.042
  0.127   730359.049
  0.161   730359.055
  0.115   730359.063
  0.128   730359.070
  0.135   730359.076
  0.136   730359.083
  0.148   730359.090
  0.142   730359.097
  0.143   730359.104
  0.151   730359.111
  0.128   730359.118
  0.146   730359.125
  0.149   730359.132
  0.139   730359.139
  0.168   730359.146
  0.153   730359.153
  0.141   730359.160
  0.159   730359.167
  0.177   730359.174
  0.150   730359.181
  0.151   730359.188
  0.145   730359.194
  0.173   730359.201
  0.153   730359.208
  0.152   730359.215
  0.155   730359.222
  0.162   730359.229
  0.171   730359.236
  0.158   730359.243
  0.178   730359.250
  0.151   730359.257
  0.150   730359.264
  0.156   730359.271
  0.140   730359.278
  0.161   730359.285
  0.180   730359.292
  0.176   730359.299
  0.185   730359.306
  0.181   730359.312
  0.142   730359.319
  5.432   730359.327
  0.209   730359.333
  0.201   730359.340
  0.174   730359.347
  0.150   730359.354
  0.179   730359.361
  0.192   730359.368
  0.179   730359.375
  0.179   730359.382
  0.158   730359.389
  0.170   730359.396
  0.144   730359.403
  0.175   730359.410
  0.178   730359.417
  0.186   730359.424
  0.191   730359.431
  0.187   730359.438
  0.187   730359.445
  0.186   730359.451
  0.197   730359.458
  0.157   730359.465
  0.186   730359.472
  0.183   730359.479
  0.187   730359.486
  0.189   730359.493
  0.183   730359.500
  0.185   730359.507
  0.172   730359.514
  0.179   730359.521
  0.203   730359.528
  0.171   730359.535
  0.157   730359.542
  0.183   730359.549
  0.166   730359.556
  0.163   730359.563
  0.158   730359.569
  0.159   730359.576
  0.160   730359.583
  0.163   730359.590
  0.147   730359.597
  0.173   730359.604
  0.162   730359.611
  0.170   730359.618
  0.185   730359.625
  0.173   730359.632
  0.163   730359.639
  0.177   730359.646
  0.193   730359.653
  0.164   730359.660
  0.158   730359.667
  0.186   730359.674
  0.163   730359.681
  0.158   730359.688
  0.152   730359.694
  0.133   730359.701
  0.159   730359.708
  0.168   730359.715
  2.124   730359.722
  0.139   730359.729
  0.168   730359.736
  0.158   730359.743
  0.167   730359.750
  0.164   730359.757
  0.141   730359.764
  0.158   730359.771
  0.166   730359.778
  0.141   730359.785
  0.155   730359.792
  0.166   730359.799
  0.153   730359.806
  0.150   730359.813
  0.164   730359.819
  5.823   730359.826
  0.189   730359.833
  0.172   730359.840
  0.155   730359.847
  0.171   730359.854
  0.156   730359.861
  0.282   730359.868
  0.173   730359.875
  0.181   730359.882
  0.173   730359.889
  0.686   730359.896
  0.433   730359.903
  0.178   730359.910
  0.199   730359.917
  0.347   730359.924
  0.153   730359.931
  0.125   730359.938
  0.188   730359.945
  0.156   730359.951
  0.145   730359.958
  0.168   730359.965
  0.159   730359.972
  0.156   730359.979
  0.158   730359.986
  0.151   730359.993
