  0.127   730359.000
  0.103   730359.007
  0.113   730359.014
  0.105   730359.021
  0.097   730359.028
 15.605   730359.035
  0.135   730359.042
  0.113   730359.049
  0.105   730359.055
  0.107   730359.063
  0.104   730359.070
  0.095   730359.076
  0.108   730359.083
  0.098   730359.090
  0.104   730359.097
  0.109   730359.104
  0.114   730359.111
  0.094   730359.118
  0.097   730359.125
  0.100   730359.132
  0.099   730359.139
  0.109   730359.146
  0.098   730359.153
  0.101   730359.160
  0.104   730359.167
  0.103   730359.174
  0.102   730359.181
  0.091   730359.188
  0.107   730359.194
  0.129   730359.201
  0.110   730359.208
  0.109   730359.215
  0.093   730359.222
  0.122   730359.229
  0.121   730359.236
  0.114   730359.243
  0.117   730359.250
  0.103   730359.257
  0.107   730359.264
  0.109   730359.271
  0.098   730359.278
  0.121   730359.285
  0.105   730359.292
  0.130   730359.299
  0.119   730359.306
  0.112   730359.312
  0.106   730359.319
  0.119   730359.327
  0.113   730359.333
  0.107   730359.340
  0.118   730359.347
  0.109   730359.354
  0.120   730359.361
  0.120   730359.368
  0.113   730359.375
  0.116   730359.382
  0.105   730359.389
  0.107   730359.396
  0.109   730359.403
  0.102   730359.410
  0.110   730359.417
  0.097   730359.424
  0.103   730359.431
  0.112   730359.438
  0.112   730359.445
  0.115   730359.451
  0.115   730359.458
  0.119   730359.465
  0.108   730359.472
  0.107   730359.479
  0.110   730359.486
  0.115   730359.493
  0.102   730359.500
  0.114   730359.507
  0.111   730359.514
  0.123   730359.521
  0.119   730359.528
 15.962   730359.535
  0.101   730359.542
  0.107   730359.549
  0.099   730359.556
  0.113   730359.563
  0.112   730359.569
  0.101   730359.576
  0.109   730359.583
  0.100   730359.590
  0.113   730359.597
  0.105   730359.604
  0.103   730359.611
  0.111   730359.618
  0.103   730359.625
  0.125   730359.632
  0.103   730359.639
  0.099   730359.646
  0.116   730359.653
  0.105   730359.660
  0.102   730359.667
  0.098   730359.674
  0.102   730359.681
  0.108   730359.688
  0.119   730359.694
  0.100   730359.701
  0.102   730359.708
  0.113   730359.715
  0.635   730359.722
  0.116   730359.729
  0.108   730359.736
  0.094   730359.743
  0.109   730359.750
  0.104   730359.757
  0.108   730359.764
  0.113   730359.771
  0.104   730359.778
  0.122   730359.785
  0.106   730359.792
  0.099   730359.799
  0.115   730359.806
  0.114   730359.813
  0.109   730359.819
  0.100   730359.826
  0.099   730359.833
  0.102   730359.840
  0.116   730359.847
  0.106   730359.854
  0.108   730359.861
  0.113   730359.868
  0.106   730359.875
  0.124   730359.882
  0.127   730359.889
  0.217   730359.896
  0.276   730359.903
  5.398   730359.910
  0.119   730359.917
  0.926   730359.924
  0.133   730359.931
  0.117   730359.938
  0.141   730359.945
  0.103   730359.951
  0.123   730359.958
  0.121   730359.965
  0.484   730359.972
  0.104   730359.979
  5.984   730359.986
  0.109   730359.993
