 20.613   730078.001
 23.113   730078.008
 21.064   730078.015
 22.290   730078.022
 24.731   730078.028
 24.965   730078.035
 22.752   730078.042
 22.461   730078.049
 22.982   730078.056
 20.680   730078.063
 23.861   730078.070
 22.993   730078.077
 23.003   730078.084
 20.343   730078.091
 23.149   730078.097
 24.841   730078.104
 23.270   730078.111
 21.945   730078.118
 21.987   730078.125
 22.262   730078.133
 23.844   730078.140
 23.104   730078.147
 20.593   730078.153
 20.042   730078.160
 22.756   730078.167
 22.373   730078.174
 20.500   730078.181
 20.521   730078.188
 21.734   730078.195
 21.090   730078.202
 19.920   730078.209
 20.182   730078.216
 18.222   730078.223
 19.524   730078.230
 19.414   730078.237
 20.385   730078.244
 18.798   730078.258
 19.676   730078.265
 16.505   730078.272
 20.415   730078.278
 16.279   730078.285
 17.752   730078.292
 20.908   730078.299
 19.073   730078.306
 18.856   730078.313
 17.950   730078.320
 20.235   730078.327
 20.268   730078.334
 20.010   730078.341
 21.207   730078.347
 19.964   730078.354
 21.125   730078.361
 19.619   730078.368
 19.079   730078.375
 17.082   730078.382
 20.806   730078.389
 23.072   730078.396
 20.522   730078.403
 19.830   730078.410
 18.927   730078.417
 19.847   730078.424
 20.921   730078.431
 21.062   730078.438
 18.819   730078.444
 20.092   730078.451
 20.159   730078.458
 20.583   730078.465
 19.667   730078.472
 19.761   730078.479
 20.330   730078.486
 20.482   730078.493
 21.449   730078.500
 19.390   730078.507
 18.410   730078.514
 19.424   730078.521
 18.496   730078.528
 19.058   730078.535
 19.628   730078.542
 20.397   730078.549
 18.252   730078.556
 19.265   730078.562
 18.046   730078.569
 17.184   730078.576
 18.884   730078.583
 19.434   730078.590
 19.848   730078.597
 18.093   730078.604
 18.395   730078.611
 21.085   730078.618
 16.779   730078.625
 19.278   730078.632
 17.744   730078.639
 17.043   730078.646
 17.096   730078.653
 19.647   730078.660
 18.349   730078.667
 17.492   730078.674
 15.025   730078.681
 18.071   730078.688
 16.179   730078.694
 16.622   730078.701
 15.829   730078.715
 16.071   730078.722
 16.614   730078.729
 16.362   730078.736
 16.632   730078.743
 15.215   730078.750
 14.754   730078.757
 13.073   730078.764
 15.750   730078.771
 15.663   730078.778
 13.265   730078.785
 13.990   730078.792
 20.477   730078.799
 32.563   730078.806
    NaN   730078.812
    NaN   730078.819
    NaN   730078.826
 12.569   730078.833
 13.350   730078.840
 14.061   730078.847
 12.445   730078.854
 13.004   730078.861
 13.352   730078.868
 14.503   730078.875
 15.271   730078.882
 15.935   730078.889
 14.007   730078.896
 14.208   730078.903
 15.836   730078.910
 18.951   730078.917
 21.765   730078.924
 18.484   730078.938
 15.211   730078.945
 17.999   730078.952
 16.123   730078.959
 16.039   730078.966
 19.736   730078.973
 24.117   730078.980
    NaN   730078.987
    NaN   730078.994
