  0.399   730078.001
  0.604   730078.008
  0.316   730078.015
  0.381   730078.022
  0.431   730078.029
  0.466   730078.036
  0.478   730078.043
  0.527   730078.050
  0.527   730078.057
  0.427   730078.064
  0.465   730078.071
  0.258   730078.078
  0.279   730078.085
  0.634   730078.092
  0.615   730078.097
  3.333   730078.104
  0.733   730078.111
  0.786   730078.118
  1.042   730078.125
  0.938   730078.133
  0.911   730078.140
  0.797   730078.147
    NaN   730078.154
  0.816   730078.161
  0.896   730078.168
  0.644   730078.175
  0.808   730078.182
  0.774   730078.189
  0.655   730078.196
  0.499   730078.203
  0.581   730078.210
  0.621   730078.217
  1.188   730078.224
  1.208   730078.231
  1.357   730078.238
  1.328   730078.244
  1.300   730078.258
  1.111   730078.265
  0.000   730078.272
  0.000   730078.279
  0.000   730078.286
  0.000   730078.293
  0.000   730078.300
  0.000   730078.307
  0.000   730078.314
  0.000   730078.321
  0.000   730078.328
  0.000   730078.335
  0.000   730078.342
  0.000   730078.347
  0.000   730078.354
  0.000   730078.361
  0.000   730078.368
  0.000   730078.375
  0.000   730078.382
  0.000   730078.389
  0.000   730078.396
  0.000   730078.403
  0.000   730078.410
  0.000   730078.417
  0.000   730078.424
  0.000   730078.431
  0.000   730078.438
  0.000   730078.444
  0.000   730078.452
  0.000   730078.458
  0.000   730078.465
  0.000   730078.472
  0.000   730078.479
  0.000   730078.486
  0.000   730078.493
  0.000   730078.500
  0.000   730078.507
  0.000   730078.514
  0.000   730078.521
  0.000   730078.528
  0.000   730078.535
  0.000   730078.542
  0.000   730078.549
  0.000   730078.556
  0.000   730078.562
  0.000   730078.569
  0.000   730078.576
  0.000   730078.583
  0.000   730078.590
  0.000   730078.597
  0.000   730078.604
  0.000   730078.611
  0.000   730078.618
  0.000   730078.625
  0.000   730078.632
  0.000   730078.639
  0.000   730078.646
  0.000   730078.653
  0.000   730078.660
  0.000   730078.667
  0.000   730078.674
  0.000   730078.681
  0.000   730078.688
  0.000   730078.694
  0.000   730078.701
  0.000   730078.715
  0.000   730078.722
  0.000   730078.729
  0.000   730078.736
  0.000   730078.743
  0.000   730078.750
  0.000   730078.757
  0.000   730078.764
  0.000   730078.771
  0.259   730078.778
  1.569   730078.785
  0.547   730078.792
  0.814   730078.799
  0.800   730078.806
  0.786   730078.812
  0.678   730078.819
  0.664   730078.826
  0.729   730078.833
  2.560   730078.840
  0.000   730078.847
  2.662   730078.854
  0.833   730078.861
  0.538   730078.868
  0.000   730078.875
  0.000   730078.882
  0.000   730078.889
  0.000   730078.896
  0.000   730078.904
  0.000   730078.911
  0.000   730078.918
  0.000   730078.925
  0.000   730078.939
  0.000   730078.946
  0.000   730078.953
  0.254   730078.960
  0.854   730078.967
  0.571   730078.974
  0.925   730078.981
  0.514   730078.988
  0.644   730078.994
