  1.094   730078.002
  1.026   730078.009
  1.175   730078.016
  0.953   730078.023
  1.171   730078.030
  0.984   730078.037
  1.130   730078.044
  1.056   730078.051
  1.123   730078.058
  1.157   730078.065
  1.049   730078.072
  0.944   730078.078
  0.933   730078.085
  0.950   730078.092
  0.986   730078.098
  0.923   730078.105
  0.946   730078.112
  0.872   730078.119
  0.902   730078.126
  0.793   730078.134
  0.810   730078.141
  0.776   730078.148
  0.782   730078.155
  0.798   730078.162
  1.014   730078.169
  0.977   730078.176
  1.152   730078.183
  0.953   730078.190
  0.988   730078.197
  1.013   730078.203
  1.095   730078.210
  0.807   730078.217
  0.848   730078.224
  0.801   730078.231
  0.749   730078.238
  0.829   730078.246
  0.753   730078.259
  0.735   730078.266
  0.767   730078.273
  0.748   730078.280
  0.752   730078.287
  0.638   730078.294
  0.731   730078.301
  0.767   730078.308
  0.628   730078.315
  0.615   730078.322
  0.723   730078.328
  0.715   730078.335
  0.691   730078.342
  0.612   730078.348
  0.624   730078.355
  0.681   730078.362
  0.634   730078.369
  0.579   730078.376
  0.626   730078.383
  0.604   730078.390
  0.674   730078.397
  0.628   730078.403
    NaN   730078.410
  0.643   730078.417
  0.640   730078.424
  0.598   730078.431
  0.638   730078.438
  0.583   730078.445
  0.577   730078.453
  0.586   730078.459
  0.645   730078.466
  0.574   730078.473
  0.590   730078.480
  0.588   730078.487
  0.593   730078.494
  0.640   730078.501
  0.628   730078.508
  0.567   730078.515
  0.620   730078.522
  0.624   730078.528
  0.655   730078.535
  0.571   730078.542
  0.567   730078.549
  0.610   730078.556
  0.545   730078.563
  0.616   730078.570
  0.549   730078.577
  0.530   730078.584
  0.600   730078.591
  0.536   730078.598
  0.567   730078.605
  0.508   730078.612
  0.544   730078.619
  0.546   730078.626
  0.512   730078.633
  0.592   730078.640
  0.623   730078.647
  0.635   730078.653
  0.585   730078.660
  0.580   730078.667
  0.642   730078.674
  0.698   730078.681
  0.610   730078.688
  0.688   730078.695
  0.719   730078.702
  0.704   730078.716
  0.653   730078.723
  0.683   730078.730
  0.800   730078.737
  0.695   730078.744
  0.694   730078.751
  0.681   730078.758
  0.592   730078.765
  0.717   730078.772
  0.691   730078.778
  0.661   730078.785
  0.605   730078.792
  0.714   730078.799
  0.711   730078.806
  0.659   730078.813
  0.673   730078.820
  0.623   730078.827
  0.704   730078.834
  0.642   730078.841
  0.645   730078.848
  0.698   730078.855
  0.713   730078.862
  0.636   730078.869
  0.878   730078.876
  0.655   730078.883
  0.677   730078.890
  0.717   730078.897
  0.772   730078.905
    NaN   730078.912
  0.691   730078.919
  0.711   730078.926
  0.722   730078.940
  0.697   730078.947
  0.756   730078.953
  0.689   730078.960
  0.798   730078.967
  0.814   730078.974
  0.778   730078.981
  0.781   730078.988
  0.787   730078.996
