  0.008   730362.007
  0.006   730362.007
  0.182   730362.007
  0.200   730362.014
  0.182   730362.021
  0.181   730362.028
  0.180   730362.035
  0.201   730362.042
  0.221   730362.048
  0.216   730362.055
  0.202   730362.062
  0.221   730362.069
  0.229   730362.076
  0.230   730362.083
  0.242   730362.090
  0.302   730362.097
  0.336   730362.104
  0.397   730362.111
  0.374   730362.118
  0.435   730362.125
  0.483   730362.132
  0.465   730362.139
  0.549   730362.146
  0.495   730362.153
  0.513   730362.160
  0.531   730362.166
  0.495   730362.173
  0.361   730362.180
  0.343   730362.187
  0.316   730362.194
  0.329   730362.201
  0.275   730362.208
  0.365   730362.215
  0.267   730362.222
  0.236   730362.229
  0.200   730362.236
  0.226   730362.243
  0.200   730362.250
  0.199   730362.257
  0.191   730362.264
  0.182   730362.271
  0.178   730362.278
  0.177   730362.285
  0.169   730362.291
  0.152   730362.298
  0.162   730362.305
  0.173   730362.312
  0.167   730362.319
  0.159   730362.326
  0.192   730362.333
  0.178   730362.340
  0.195   730362.347
  0.211   730362.354
  0.204   730362.361
  0.229   730362.368
  0.215   730362.375
  0.221   730362.382
  0.193   730362.389
  0.209   730362.396
  0.216   730362.403
  0.217   730362.409
  0.192   730362.416
  0.226   730362.423
  0.212   730362.430
  0.213   730362.437
  0.202   730362.444
  0.199   730362.451
  0.227   730362.458
  0.220   730362.465
  0.209   730362.472
  0.223   730362.479
  0.211   730362.486
  0.217   730362.493
  0.229   730362.500
  0.268   730362.507
  0.257   730362.514
  0.263   730362.521
  0.260   730362.528
  0.278   730362.534
  0.284   730362.541
  0.307   730362.548
  0.311   730362.555
  0.332   730362.562
  0.403   730362.569
  0.415   730362.576
  0.495   730362.583
  0.502   730362.590
  0.552   730362.597
  0.610   730362.604
  0.585   730362.611
  0.653   730362.618
  0.574   730362.625
  0.649   730362.632
  0.631   730362.639
  0.652   730362.646
  0.640   730362.653
  0.588   730362.659
  0.646   730362.666
  0.583   730362.673
  0.537   730362.680
  0.492   730362.687
  0.459   730362.694
  0.425   730362.701
  0.441   730362.708
  0.344   730362.715
  0.367   730362.722
  0.323   730362.729
  0.250   730362.778
  0.258   730362.785
  0.221   730362.791
  0.089   730362.798
  0.235   730362.798
  0.233   730362.805
  0.203   730362.812
  0.230   730362.819
  0.226   730362.826
  0.205   730362.833
  0.186   730362.840
  0.204   730362.847
  0.172   730362.854
  0.170   730362.861
  0.158   730362.868
  0.172   730362.875
  0.165   730362.882
  0.147   730362.889
  0.152   730362.896
  0.135   730362.903
  0.113   730362.909
  0.119   730362.923
  0.111   730362.930
  0.099   730362.937
  0.114   730362.944
  0.127   730362.965
  0.086   730362.972
  0.120   730362.979
  0.098   730362.986
  0.095   730362.993
  0.099   730363.000
