  0.004   730362.007
  0.034   730362.007
  0.685   730362.007
  0.483   730362.013
  0.054   730362.020
  0.050   730362.027
  0.099   730362.034
  0.060   730362.041
  0.056   730362.048
  0.048   730362.055
  0.053   730362.062
  0.054   730362.069
  0.053   730362.076
  0.043   730362.083
  0.049   730362.090
  0.052   730362.097
  0.053   730362.104
  0.055   730362.111
  0.048   730362.118
  0.056   730362.125
  0.044   730362.132
  0.044   730362.138
  0.051   730362.145
  0.047   730362.152
  0.051   730362.159
  0.044   730362.166
  0.044   730362.173
  0.045   730362.180
  0.044   730362.187
  0.049   730362.194
  0.045   730362.201
  0.040   730362.208
  0.635   730362.215
  0.037   730362.222
  0.040   730362.229
  0.043   730362.236
  0.041   730362.243
  0.043   730362.250
  0.038   730362.256
  0.039   730362.263
  0.039   730362.270
  0.037   730362.277
  0.039   730362.284
  0.093   730362.291
  0.038   730362.298
  0.041   730362.305
  0.038   730362.312
  0.035   730362.319
  0.041   730362.326
  0.037   730362.333
  0.032   730362.340
  0.084   730362.347
  0.042   730362.354
  0.039   730362.361
  0.038   730362.368
  0.036   730362.375
  0.036   730362.381
  0.037   730362.388
  0.038   730362.395
  0.041   730362.402
  0.037   730362.409
  0.037   730362.416
  0.049   730362.423
  0.037   730362.430
  0.039   730362.437
  0.039   730362.444
  0.043   730362.451
  0.043   730362.458
  0.055   730362.465
  0.047   730362.472
  0.043   730362.479
  0.046   730362.486
  0.047   730362.493
  0.056   730362.500
  0.050   730362.506
  0.059   730362.513
  0.059   730362.520
  0.089   730362.527
  0.061   730362.534
  0.080   730362.541
  0.072   730362.548
  0.067   730362.555
  0.074   730362.562
  0.068   730362.569
  0.071   730362.576
  0.070   730362.583
  0.071   730362.590
  0.075   730362.597
  0.073   730362.604
  0.083   730362.611
  0.087   730362.618
  0.073   730362.625
  0.078   730362.632
  0.071   730362.638
  0.070   730362.645
  0.063   730362.652
  0.069   730362.659
  0.064   730362.666
  0.074   730362.673
  0.068   730362.680
  0.061   730362.687
  0.057   730362.694
  0.055   730362.701
  0.056   730362.708
  0.055   730362.715
  0.052   730362.722
  0.060   730362.729
  0.062   730362.777
  0.079   730362.784
  0.086   730362.791
  0.046   730362.798
  0.071   730362.798
  0.041   730362.805
  0.049   730362.812
  0.046   730362.819
  0.086   730362.826
  0.042   730362.833
  0.048   730362.840
  0.038   730362.847
  0.037   730362.854
  0.063   730362.861
  0.043   730362.868
  0.075   730362.875
  0.066   730362.881
  0.040   730362.888
  0.044   730362.895
  0.037   730362.902
  0.076   730362.909
  0.035   730362.923
  0.048   730362.930
  0.039   730362.937
  0.052   730362.944
  0.043   730362.965
  0.033   730362.972
  0.044   730362.979
  0.036   730362.986
  0.034   730362.993
  0.040   730363.000
