  0.139   730362.001
  0.063   730362.001
  0.139   730362.008
  0.143   730362.014
  0.142   730362.021
  0.161   730362.028
  0.166   730362.035
  0.160   730362.042
  0.170   730362.049
  0.158   730362.056
  0.178   730362.063
  0.163   730362.070
  0.170   730362.077
  0.147   730362.084
  0.181   730362.091
  0.169   730362.098
  0.160   730362.105
  0.169   730362.112
  0.162   730362.119
  0.177   730362.125
  0.162   730362.132
  0.168   730362.139
  0.171   730362.146
  0.172   730362.153
  0.163   730362.160
  0.162   730362.167
  0.179   730362.174
  0.168   730362.181
  0.169   730362.188
  0.157   730362.195
  0.162   730362.202
  0.165   730362.209
  0.183   730362.216
  0.183   730362.223
  0.178   730362.230
  0.168   730362.237
  0.169   730362.244
  0.152   730362.250
  0.166   730362.257
  0.186   730362.264
  0.179   730362.271
  0.165   730362.278
  0.165   730362.285
  0.169   730362.292
  0.182   730362.299
  0.186   730362.306
  0.169   730362.313
  0.181   730362.320
  0.172   730362.327
  0.179   730362.334
  0.198   730362.341
  0.183   730362.348
  0.194   730362.355
  0.160   730362.362
  0.168   730362.369
  0.164   730362.376
  0.153   730362.382
  0.156   730362.389
  0.145   730362.396
  0.165   730362.403
  0.153   730362.410
  0.163   730362.417
  0.157   730362.424
  0.154   730362.431
  0.160   730362.438
  0.156   730362.445
  0.147   730362.452
  0.145   730362.459
  0.140   730362.466
  0.142   730362.473
  0.140   730362.480
  4.361   730362.487
  0.137   730362.494
  0.133   730362.500
  0.137   730362.507
  0.132   730362.514
  0.151   730362.521
  0.149   730362.528
  0.133   730362.535
  0.125   730362.542
  0.128   730362.549
  0.120   730362.556
  0.132   730362.563
  0.129   730362.570
  0.124   730362.577
  0.115   730362.584
  0.125   730362.591
  0.127   730362.598
  0.116   730362.605
  0.112   730362.612
  0.118   730362.619
  0.122   730362.625
  0.135   730362.632
  0.108   730362.639
  0.118   730362.646
  0.108   730362.653
  0.117   730362.660
  0.126   730362.667
  0.107   730362.674
  0.113   730362.681
  0.098   730362.688
  0.098   730362.695
  0.109   730362.702
  0.101   730362.709
  0.100   730362.716
  0.091   730362.723
  0.108   730362.730
  0.126   730362.778
  0.115   730362.785
  0.131   730362.792
  0.165   730362.799
  0.160   730362.806
  0.166   730362.813
  0.163   730362.820
  0.178   730362.827
  0.181   730362.834
  0.182   730362.841
  0.201   730362.848
  0.225   730362.855
  0.237   730362.862
  0.274   730362.869
  0.254   730362.875
  0.247   730362.882
  0.243   730362.889
  0.224   730362.896
  0.213   730362.903
  0.218   730362.910
  0.208   730362.924
  0.233   730362.931
  0.204   730362.938
  0.208   730362.945
  0.165   730362.965
  0.200   730362.973
  0.194   730362.980
  3.122   730362.987
  0.186   730362.994
