  0.313   730362.001
  0.142   730362.001
  0.284   730362.008
  0.338   730362.015
  0.295   730362.022
  0.288   730362.029
  0.310   730362.036
  0.290   730362.043
  0.343   730362.050
  0.266   730362.056
  0.308   730362.064
  0.366   730362.071
  0.356   730362.078
  0.370   730362.084
  0.359   730362.092
  0.308   730362.098
  0.359   730362.105
  0.372   730362.112
  0.326   730362.119
  0.374   730362.126
  0.381   730362.133
  0.363   730362.140
  0.358   730362.147
  0.339   730362.154
  0.359   730362.161
  0.365   730362.168
  0.340   730362.175
  0.351   730362.182
  0.361   730362.189
  0.390   730362.196
  0.343   730362.203
  0.366   730362.209
  0.378   730362.216
  0.361   730362.223
  0.366   730362.230
  0.320   730362.237
  0.348   730362.244
  0.348   730362.251
  0.317   730362.258
  0.360   730362.265
  0.354   730362.272
  3.362   730362.279
  0.344   730362.286
  0.377   730362.293
  0.391   730362.300
  0.363   730362.307
  0.349   730362.314
  0.365   730362.321
  0.341   730362.328
  0.364   730362.334
  0.335   730362.341
  0.375   730362.348
  0.368   730362.355
  0.367   730362.362
  0.356   730362.369
  0.326   730362.376
  0.349   730362.383
  0.339   730362.390
  0.350   730362.397
  0.325   730362.404
  0.315   730362.411
  0.319   730362.418
  0.314   730362.425
  0.353   730362.432
  0.331   730362.439
  0.384   730362.446
  0.346   730362.453
  0.320   730362.459
  0.332   730362.466
  0.317   730362.473
  0.306   730362.480
  0.316   730362.487
  0.334   730362.494
  0.299   730362.501
  0.335   730362.508
  0.324   730362.515
  0.312   730362.522
  0.275   730362.529
  0.334   730362.536
  0.325   730362.543
  0.315   730362.550
  0.322   730362.557
  0.299   730362.564
  0.292   730362.571
  0.256   730362.578
  0.249   730362.584
  0.278   730362.591
  0.297   730362.598
  0.291   730362.605
  0.271   730362.612
  0.294   730362.619
  0.286   730362.626
  0.267   730362.633
  0.299   730362.640
  0.295   730362.647
  0.267   730362.654
  0.247   730362.661
  0.250   730362.668
  0.267   730362.675
  0.279   730362.682
  0.244   730362.689
  0.265   730362.696
  0.261   730362.703
  0.343   730362.709
  0.303   730362.716
  0.365   730362.723
  0.356   730362.730
  2.694   730362.779
  0.484   730362.786
  0.566   730362.793
  0.538   730362.800
  0.602   730362.807
  0.561   730362.814
  0.558   730362.821
  0.605   730362.828
  0.576   730362.835
  0.528   730362.841
  0.547   730362.848
  0.539   730362.855
  0.601   730362.862
  0.489   730362.869
  0.487   730362.876
  0.542   730362.883
  0.474   730362.890
  0.447   730362.897
  0.467   730362.904
  0.445   730362.911
  0.428   730362.925
  0.437   730362.932
  0.432   730362.939
  0.470   730362.945
  0.404   730362.965
  0.399   730362.973
  0.490   730362.980
  0.382   730362.987
  0.391   730362.994
