  0.602   730229.001
  1.339   730229.007
  1.309   730229.014
  1.298   730229.021
  1.295   730229.028
  1.332   730229.035
  1.209   730229.042
  1.299   730229.049
  1.217   730229.056
  1.126   730229.063
  1.146   730229.069
  1.109   730229.076
  1.213   730229.084
  1.116   730229.090
  1.361   730229.097
  1.317   730229.104
  1.242   730229.111
  1.216   730229.118
  1.216   730229.126
  1.242   730229.132
  1.341   730229.139
  1.264   730229.146
  1.198   730229.153
  1.214   730229.160
  1.224   730229.167
  1.291   730229.174
  1.185   730229.181
  1.161   730229.188
  1.085   730229.194
  1.359   730229.201
  1.138   730229.209
  1.229   730229.215
  1.300   730229.222
  1.234   730229.229
  1.295   730229.236
  1.279   730229.243
  1.235   730229.251
  1.299   730229.257
  1.138   730229.264
  1.431   730229.271
  1.293   730229.278
  1.320   730229.285
  1.405   730229.292
  1.491   730229.299
  1.510   730229.306
  1.431   730229.313
  1.681   730229.319
  1.405   730229.326
  1.469   730229.334
  1.683   730229.340
  1.559   730229.347
  1.685   730229.354
  1.730   730229.361
  1.605   730229.368
  1.504   730229.376
  1.535   730229.382
  2.029   730229.389
  1.933   730229.396
  1.538   730229.403
  1.653   730229.410
  1.687   730229.417
  1.711   730229.424
  1.852   730229.431
  2.013   730229.438
  1.679   730229.445
  1.842   730229.451
  1.920   730229.459
  1.827   730229.465
  1.758   730229.472
  1.956   730229.479
  1.884   730229.486
  1.809   730229.493
  2.012   730229.501
  2.102   730229.507
  2.067   730229.514
  1.859   730229.521
  1.926   730229.528
  2.085   730229.535
  1.939   730229.542
  2.237   730229.549
  2.028   730229.556
  2.056   730229.563
  2.104   730229.570
  2.174   730229.576
  2.174   730229.584
  4.358   730229.590
  2.631   730229.597
  2.004   730229.604
  2.118   730229.611
  2.117   730229.618
  2.156   730229.626
  2.179   730229.632
  2.003   730229.639
  2.142   730229.646
  1.998   730229.660
  2.027   730229.667
  2.106   730229.674
  2.138   730229.681
  1.988   730229.688
  2.271   730229.694
  1.866   730229.701
  2.077   730229.709
  2.092   730229.716
  1.956   730229.722
  1.847   730229.736
  2.060   730229.743
  1.762   730229.757
  2.015   730229.764
  1.794   730229.771
  1.894   730229.778
  1.834   730229.785
  2.013   730229.792
  1.843   730229.799
  1.756   730229.806
  2.065   730229.813
  1.921   730229.819
  1.819   730229.826
  4.525   730229.834
  1.549   730229.841
  1.669   730229.847
  1.854   730229.854
  2.054   730229.861
  1.784   730229.868
  1.739   730229.876
  1.888   730229.882
  1.742   730229.889
  1.806   730229.896
  1.923   730229.904
  1.797   730229.910
  1.741   730229.918
  1.715   730229.924
  1.894   730229.931
  1.819   730229.938
  1.789   730229.945
  1.854   730229.951
  1.689   730229.959
  1.794   730229.965
  1.709   730229.972
  1.677   730229.980
  1.632   730229.987
  1.660   730229.993
