  0.336   730229.000
  1.904   730229.007
  1.942   730229.013
  1.733   730229.020
  1.702   730229.027
  1.893   730229.034
  1.632   730229.042
  1.529   730229.048
  1.565   730229.055
  1.879   730229.062
  1.706   730229.069
  1.363   730229.076
  1.606   730229.083
  1.756   730229.090
  1.777   730229.097
  1.763   730229.104
  1.883   730229.111
  1.949   730229.118
  1.930   730229.125
  1.683   730229.132
  1.623   730229.138
  1.590   730229.145
  1.799   730229.152
  1.482   730229.159
  2.631   730229.166
  1.675   730229.173
  1.616   730229.180
  1.418   730229.187
  1.568   730229.194
  1.744   730229.201
  1.526   730229.208
  1.748   730229.215
  1.736   730229.222
  1.785   730229.229
  1.563   730229.236
  1.607   730229.243
  1.849   730229.250
  1.883   730229.257
  1.667   730229.264
  1.544   730229.270
  1.690   730229.277
  1.614   730229.284
  1.690   730229.292
  1.595   730229.298
  1.753   730229.305
  1.764   730229.312
  1.548   730229.319
    NaN   730229.326
  1.681   730229.333
  1.660   730229.340
  1.738   730229.347
  1.751   730229.354
  1.577   730229.361
  1.510   730229.368
  1.408   730229.375
  1.394   730229.382
  1.545   730229.388
  1.831   730229.395
  1.727   730229.402
  1.503   730229.409
  1.694   730229.417
  1.756   730229.423
  1.447   730229.430
  1.615   730229.437
  1.520   730229.444
  1.460   730229.451
  1.573   730229.458
  1.383   730229.465
  1.617   730229.472
  1.517   730229.479
  1.686   730229.486
  1.481   730229.493
  1.414   730229.500
  1.391   730229.507
  1.708   730229.513
  1.472   730229.520
  1.386   730229.527
  1.456   730229.534
  1.636   730229.542
  1.459   730229.548
  1.392   730229.555
  1.620   730229.562
  1.464   730229.569
  1.273   730229.576
  1.556   730229.583
  1.505   730229.590
  1.554   730229.597
  1.486   730229.604
  1.580   730229.611
  1.432   730229.618
  1.389   730229.625
  1.495   730229.632
  1.661   730229.638
  1.571   730229.645
  1.613   730229.653
  1.745   730229.659
  1.529   730229.667
  1.681   730229.673
  1.691   730229.680
  1.491   730229.687
  1.801   730229.694
  1.513   730229.701
  1.381   730229.708
  1.471   730229.715
  1.563   730229.722
  1.571   730229.736
  1.524   730229.743
  1.488   730229.750
  1.624   730229.757
  1.420   730229.763
  1.361   730229.770
  1.528   730229.777
  1.520   730229.784
  1.283   730229.792
  1.462   730229.798
  1.542   730229.805
  1.344   730229.812
  1.583   730229.819
    NaN   730229.826
  1.521   730229.833
  1.251   730229.840
  1.525   730229.847
  1.637   730229.854
  1.533   730229.861
  1.686   730229.868
  1.461   730229.875
  1.622   730229.882
  1.773   730229.888
  1.719   730229.895
  1.899   730229.903
  2.085   730229.909
  1.513   730229.917
  1.561   730229.923
  1.693   730229.930
  1.748   730229.937
  1.622   730229.944
  1.607   730229.951
  1.787   730229.958
  1.845   730229.965
  1.652   730229.972
  1.706   730229.979
  1.859   730229.986
  1.652   730229.993
