  5.441   730229.000
  6.096   730229.006
  5.678   730229.013
  6.311   730229.020
  6.578   730229.027
  6.532   730229.034
  6.353   730229.041
  7.282   730229.048
  6.723   730229.055
  6.467   730229.062
  6.276   730229.069
  6.698   730229.076
  6.913   730229.083
  7.167   730229.090
  7.271   730229.097
  6.292   730229.104
  7.348   730229.110
 18.338   730229.117
 11.435   730229.124
  6.760   730229.131
  6.439   730229.138
  7.075   730229.145
  6.667   730229.152
  5.712   730229.159
  7.192   730229.166
  6.873   730229.173
  6.918   730229.180
  7.301   730229.187
  6.745   730229.194
  6.851   730229.201
  6.369   730229.208
  6.495   730229.215
  7.163   730229.222
  7.626   730229.229
  7.526   730229.235
  6.875   730229.242
  6.470   730229.249
  7.927   730229.256
  8.955   730229.263
  9.363   730229.270
  8.984   730229.277
 44.535   730229.284
  9.541   730229.291
  7.928   730229.298
  7.662   730229.305
  8.889   730229.312
 10.333   730229.319
  8.051   730229.326
  9.965   730229.333
  8.759   730229.340
  8.023   730229.347
  8.251   730229.354
  8.111   730229.360
  8.827   730229.367
  9.396   730229.374
  9.932   730229.381
  8.598   730229.388
  8.628   730229.395
  8.438   730229.402
  9.799   730229.409
  8.050   730229.416
  8.482   730229.423
  8.663   730229.430
  9.951   730229.437
  8.588   730229.444
 10.081   730229.451
  9.298   730229.458
  9.251   730229.465
  9.652   730229.472
 10.237   730229.479
  9.607   730229.485
 11.096   730229.492
 10.212   730229.499
 10.332   730229.506
  8.457   730229.513
  9.996   730229.520
 10.040   730229.527
  9.125   730229.534
  9.954   730229.541
 10.226   730229.548
 11.118   730229.555
 10.665   730229.562
 12.602   730229.569
 11.774   730229.576
 10.807   730229.583
 11.073   730229.590
 11.007   730229.597
  9.791   730229.604
 10.168   730229.610
 10.480   730229.617
 10.795   730229.624
  8.978   730229.631
  9.638   730229.638
  9.312   730229.645
 10.420   730229.652
 10.495   730229.659
 10.115   730229.666
  9.903   730229.673
  9.938   730229.680
 10.460   730229.687
 10.263   730229.694
 10.459   730229.701
 11.279   730229.708
 12.108   730229.715
 10.254   730229.722
 10.869   730229.736
 11.001   730229.742
 12.571   730229.749
 12.387   730229.756
 13.728   730229.763
 13.205   730229.770
 13.979   730229.777
 57.549   730229.784
 17.684   730229.791
 18.420   730229.798
 18.445   730229.805
 22.833   730229.812
 33.212   730229.819
 42.305   730229.826
 26.409   730229.833
 21.309   730229.840
 55.008   730229.847
 80.347   730229.854
 80.579   730229.860
 53.588   730229.867
 66.058   730229.875
 63.830   730229.881
 92.842   730229.888
 82.022   730229.895
 87.595   730229.902
 96.634   730229.909
 87.323   730229.916
 96.900   730229.923
 82.732   730229.930
 92.161   730229.937
 83.137   730229.944
 97.849   730229.951
 97.181   730229.958
 79.621   730229.965
 91.086   730229.972
 93.895   730229.979
 93.182   730229.985
    NaN   730229.992
