  0.221   730186.000
  0.209   730186.007
  0.213   730186.014
  0.223   730186.021
  0.219   730186.028
  0.225   730186.035
  0.218   730186.042
  0.253   730186.049
  0.210   730186.056
  0.224   730186.062
  0.200   730186.069
  0.221   730186.076
  0.221   730186.083
  0.222   730186.090
  0.214   730186.097
  0.225   730186.104
  0.246   730186.111
  0.204   730186.118
  1.977   730186.125
  0.212   730186.132
  0.213   730186.139
  0.238   730186.146
  0.193   730186.153
  0.198   730186.160
  0.199   730186.167
  0.194   730186.174
  0.205   730186.181
  0.212   730186.188
  0.211   730186.194
  0.210   730186.201
  0.219   730186.208
  0.219   730186.215
  0.217   730186.222
  0.212   730186.229
  0.253   730186.236
  0.226   730186.243
  0.240   730186.250
  0.254   730186.257
  0.270   730186.264
  0.251   730186.271
  0.295   730186.278
  0.281   730186.285
  0.293   730186.292
  0.292   730186.299
  0.272   730186.306
  0.282   730186.312
  0.301   730186.319
  0.307   730186.327
  0.278   730186.334
  0.267   730186.340
  0.269   730186.347
  0.245   730186.354
  0.280   730186.361
  0.264   730186.368
  0.293   730186.375
  0.271   730186.382
  0.296   730186.389
  0.256   730186.396
  0.260   730186.403
  0.255   730186.410
  0.290   730186.417
  0.307   730186.424
  0.307   730186.431
  0.305   730186.438
  0.266   730186.444
  0.303   730186.452
  0.318   730186.458
  0.269   730186.465
  0.255   730186.472
  0.286   730186.479
  0.297   730186.486
  0.282   730186.493
  0.300   730186.500
  0.333   730186.507
  0.267   730186.514
  0.279   730186.521
  0.275   730186.528
  0.291   730186.535
  0.313   730186.542
  0.295   730186.549
  0.306   730186.556
  0.268   730186.562
  0.299   730186.569
  0.294   730186.576
  0.285   730186.583
  0.297   730186.590
  0.289   730186.597
  0.320   730186.604
  0.292   730186.611
  0.308   730186.618
  0.332   730186.625
  0.327   730186.632
  0.320   730186.639
  0.311   730186.646
  0.305   730186.653
  0.299   730186.660
  0.324   730186.667
  0.302   730186.674
    NaN   730186.681
  0.296   730186.688
  0.325   730186.694
  0.277   730186.701
  0.325   730186.708
  0.369   730186.715
  0.281   730186.722
  0.328   730186.729
  0.271   730186.736
  0.303   730186.743
  0.317   730186.750
  0.335   730186.757
  0.325   730186.764
  0.332   730186.771
  0.298   730186.778
  0.322   730186.785
  0.336   730186.792
  0.327   730186.799
  0.292   730186.806
  0.313   730186.812
  0.287   730186.819
  0.292   730186.826
  0.298   730186.833
  0.322   730186.840
  0.295   730186.847
  0.300   730186.854
  0.387   730186.861
  0.302   730186.868
  0.305   730186.875
  0.285   730186.882
  0.278   730186.889
  0.251   730186.896
  0.267   730186.903
  0.260   730186.910
  0.242   730186.917
  0.254   730186.924
  0.270   730186.931
  0.255   730186.938
  0.234   730186.944
  0.236   730186.951
  0.254   730186.958
  0.229   730186.965
  0.263   730186.972
  0.240   730186.979
  0.221   730186.986
  0.235   730186.993
