  0.028   730186.000
  0.033   730186.007
  0.034   730186.014
  0.030   730186.021
  0.034   730186.028
  0.036   730186.035
  0.030   730186.042
  0.040   730186.049
  0.034   730186.056
  0.034   730186.062
  0.036   730186.069
  0.031   730186.076
  0.036   730186.083
  0.036   730186.090
  0.034   730186.097
  0.037   730186.104
  0.035   730186.111
  0.035   730186.118
  0.216   730186.125
  0.033   730186.132
  0.033   730186.139
  0.030   730186.146
  0.034   730186.153
  0.035   730186.160
  0.032   730186.167
  0.034   730186.174
  0.032   730186.181
  0.029   730186.188
  0.031   730186.194
  0.036   730186.201
  0.035   730186.208
  0.041   730186.215
  0.037   730186.222
  0.039   730186.229
  0.038   730186.236
  0.038   730186.243
  0.044   730186.250
  0.046   730186.257
  0.043   730186.264
  0.045   730186.271
  0.037   730186.278
  0.040   730186.285
  0.035   730186.292
  0.042   730186.299
  0.044   730186.306
  0.039   730186.312
  0.045   730186.319
  0.044   730186.327
  0.042   730186.334
  0.039   730186.340
  0.045   730186.347
  0.045   730186.354
  0.049   730186.361
  0.033   730186.368
  0.042   730186.375
  0.043   730186.382
  0.045   730186.389
  0.043   730186.396
  0.043   730186.403
  0.046   730186.410
  0.041   730186.417
  0.045   730186.424
  0.050   730186.431
  0.051   730186.438
  0.048   730186.444
  0.049   730186.452
  0.043   730186.458
  0.045   730186.465
  0.039   730186.472
  0.047   730186.479
  0.040   730186.486
  0.044   730186.493
  0.047   730186.500
  0.048   730186.507
  0.044   730186.514
  0.047   730186.521
  0.042   730186.528
  0.041   730186.535
  0.043   730186.542
  0.049   730186.549
  0.047   730186.556
  0.041   730186.562
  0.040   730186.569
  0.045   730186.576
  0.043   730186.583
  0.042   730186.590
  0.047   730186.597
  0.047   730186.604
  0.043   730186.611
  0.040   730186.618
  0.043   730186.625
  0.045   730186.632
  0.040   730186.639
  0.042   730186.646
  0.047   730186.653
  0.046   730186.660
  0.043   730186.667
  0.045   730186.674
  0.046   730186.681
  0.044   730186.688
  0.051   730186.694
  0.043   730186.701
  0.042   730186.708
  0.045   730186.715
  0.044   730186.722
  0.044   730186.729
  0.039   730186.736
  0.043   730186.743
  0.050   730186.750
  0.046   730186.757
  0.047   730186.764
  0.052   730186.771
  0.045   730186.778
  0.046   730186.785
  0.044   730186.792
  0.046   730186.799
  0.042   730186.806
  0.046   730186.812
  0.042   730186.819
  0.044   730186.826
  0.043   730186.833
  0.041   730186.840
  0.049   730186.847
  0.040   730186.854
  0.056   730186.861
  0.038   730186.868
  0.040   730186.875
  0.038   730186.882
  0.040   730186.889
  0.042   730186.896
  0.037   730186.903
  0.040   730186.910
  0.035   730186.917
  0.036   730186.924
  0.039   730186.931
    NaN   730186.938
  0.033   730186.944
  0.604   730186.951
  0.034   730186.958
  0.033   730186.965
  0.034   730186.972
  0.032   730186.979
  0.032   730186.986
  0.033   730186.993
