  0.226   730186.002
  0.220   730186.008
  0.219   730186.015
  0.201   730186.022
  0.195   730186.029
  0.224   730186.037
  0.221   730186.044
  0.203   730186.050
  0.222   730186.057
  0.194   730186.064
  0.201   730186.072
  0.181   730186.079
  0.181   730186.085
  0.209   730186.092
  0.220   730186.099
  0.210   730186.106
    NaN   730186.113
  0.216   730186.121
  0.208   730186.127
  0.231   730186.133
  0.201   730186.141
  0.238   730186.148
  0.214   730186.155
  0.224   730186.162
  0.250   730186.168
  0.235   730186.175
  0.217   730186.182
  0.243   730186.189
  0.198   730186.196
  0.209   730186.204
  0.196   730186.210
  0.212   730186.217
  0.216   730186.224
  0.189   730186.231
  0.168   730186.238
  0.178   730186.246
  0.168   730186.251
  0.160   730186.258
  0.159   730186.265
  0.164   730186.272
  0.168   730186.280
  0.165   730186.287
  0.150   730186.293
  0.154   730186.301
  0.157   730186.308
  0.153   730186.315
  0.143   730186.322
  0.147   730186.331
  0.147   730186.337
  0.130   730186.342
  0.132   730186.349
  0.153   730186.356
  0.140   730186.363
  0.136   730186.371
  0.124   730186.376
  0.142   730186.383
  0.134   730186.390
  0.138   730186.397
  0.135   730186.404
  0.150   730186.412
  0.140   730186.418
  0.138   730186.425
  0.136   730186.432
  0.134   730186.439
  0.137   730186.446
  0.126   730186.455
  0.129   730186.460
  0.144   730186.467
  0.123   730186.474
  0.127   730186.481
  0.138   730186.488
  0.125   730186.496
  0.129   730186.502
  0.128   730186.509
  0.122   730186.516
  0.146   730186.522
  0.113   730186.530
  0.146   730186.537
  0.118   730186.544
  0.142   730186.550
  0.133   730186.558
  0.152   730186.565
  0.147   730186.572
  0.152   730186.578
  0.143   730186.585
  0.145   730186.592
  0.147   730186.599
  0.142   730186.606
  0.157   730186.613
  0.173   730186.620
  0.158   730186.626
  0.148   730186.633
  0.174   730186.640
  0.168   730186.647
  0.179   730186.654
  0.145   730186.662
  0.156   730186.668
  0.150   730186.675
  0.176   730186.683
  0.157   730186.689
  0.176   730186.696
  0.160   730186.703
  0.152   730186.710
  0.167   730186.717
  0.158   730186.724
  0.176   730186.731
  0.187   730186.738
  0.201   730186.745
  0.201   730186.751
  0.196   730186.758
  0.180   730186.766
  0.204   730186.772
  0.183   730186.780
  0.191   730186.787
  0.194   730186.793
  0.206   730186.800
  0.210   730186.807
  0.192   730186.814
  0.222   730186.821
  0.235   730186.828
  0.208   730186.835
  0.234   730186.842
  0.225   730186.849
  0.227   730186.856
  0.251   730186.863
  0.224   730186.870
  0.262   730186.877
  0.220   730186.883
  0.270   730186.890
  0.256   730186.898
  0.253   730186.904
  0.252   730186.912
  0.270   730186.919
  0.272   730186.926
  0.283   730186.933
  0.263   730186.940
  0.258   730186.947
  0.242   730186.953
  0.232   730186.960
  0.257   730186.967
  0.282   730186.974
  0.268   730186.981
  0.262   730186.988
  0.269   730186.995
