    NaN   730186.000
  0.317   730186.007
  0.377   730186.014
  0.339   730186.021
  0.344   730186.028
  0.395   730186.035
  0.360   730186.042
  0.647   730186.049
  0.343   730186.056
  0.338   730186.062
  0.363   730186.069
  0.345   730186.076
  0.353   730186.083
  0.390   730186.090
  0.342   730186.097
  0.358   730186.104
  0.337   730186.111
  0.316   730186.118
  2.530   730186.125
  0.382   730186.132
  0.333   730186.139
  0.380   730186.146
  0.327   730186.153
  0.300   730186.160
  0.359   730186.167
  0.312   730186.174
  0.377   730186.181
  0.336   730186.188
  0.331   730186.194
  0.321   730186.201
  0.345   730186.208
  0.343   730186.215
  0.363   730186.222
  0.380   730186.229
  0.396   730186.236
  0.310   730186.243
  0.353   730186.250
  0.352   730186.257
  0.373   730186.264
  0.379   730186.271
  0.336   730186.278
  0.353   730186.285
  0.366   730186.292
  0.387   730186.299
  0.384   730186.306
  0.620   730186.312
  0.339   730186.319
  0.377   730186.326
  0.367   730186.333
  0.534   730186.340
  0.380   730186.347
  0.347   730186.354
  0.377   730186.361
  0.335   730186.368
  0.354   730186.375
  0.396   730186.382
  0.407   730186.389
  0.371   730186.396
  0.355   730186.403
  0.383   730186.410
  0.400   730186.417
  0.333   730186.424
  0.359   730186.431
  0.346   730186.438
  0.402   730186.444
  0.386   730186.451
  0.416   730186.458
  0.434   730186.465
  0.378   730186.472
  0.324   730186.479
  0.399   730186.486
  0.394   730186.493
  0.383   730186.500
  0.344   730186.507
  0.381   730186.514
  0.362   730186.521
  0.380   730186.528
  0.362   730186.535
  0.355   730186.542
  0.379   730186.548
  0.392   730186.556
  0.403   730186.562
  0.381   730186.569
  0.361   730186.576
  0.362   730186.583
  0.368   730186.590
  0.369   730186.597
  0.360   730186.604
  0.375   730186.611
  0.350   730186.618
  0.383   730186.625
  0.371   730186.632
  0.396   730186.639
  0.376   730186.646
  0.369   730186.653
  0.410   730186.660
  0.353   730186.667
  0.408   730186.674
  0.417   730186.681
  0.410   730186.688
  0.392   730186.694
  0.383   730186.701
  0.427   730186.708
  0.412   730186.715
  0.407   730186.722
  0.611   730186.729
  0.408   730186.736
  0.408   730186.743
  0.429   730186.750
  0.378   730186.757
  0.421   730186.763
  0.421   730186.771
  0.370   730186.778
  0.412   730186.785
  0.356   730186.791
  0.370   730186.799
  0.450   730186.806
  0.396   730186.812
  0.454   730186.819
  0.390   730186.826
  0.411   730186.833
  0.437   730186.840
  0.422   730186.847
  0.370   730186.854
  0.618   730186.861
  0.418   730186.868
  0.394   730186.875
  0.420   730186.882
  0.452   730186.889
  0.482   730186.896
  1.325   730186.903
  1.868   730186.910
  1.492   730186.917
  0.414   730186.924
  0.462   730186.931
  0.370   730186.938
  0.378   730186.944
  0.421   730186.951
  0.414   730186.958
  0.387   730186.965
  0.347   730186.972
  0.421   730186.979
  0.406   730186.986
  0.371   730186.993
