  0.480   730186.001
  0.464   730186.008
  0.465   730186.015
  0.379   730186.022
  0.467   730186.029
  0.537   730186.037
  0.393   730186.043
  0.378   730186.049
  0.380   730186.057
  0.358   730186.064
  0.344   730186.071
  3.167   730186.078
  0.345   730186.084
  0.769   730186.091
  0.346   730186.099
  0.305   730186.106
  0.313   730186.113
  0.463   730186.120
  0.302   730186.126
  0.272   730186.133
  0.270   730186.140
  0.260   730186.147
  0.288   730186.154
  0.272   730186.162
  0.279   730186.168
  0.288   730186.174
  0.299   730186.181
  0.263   730186.189
  0.266   730186.196
  0.264   730186.203
  0.225   730186.210
  0.387   730186.217
  0.236   730186.223
  0.254   730186.230
  0.242   730186.238
  0.239   730186.245
  0.227   730186.251
  0.821   730186.258
  0.660   730186.265
  0.256   730186.272
  0.218   730186.279
  0.215   730186.287
  0.759   730186.292
  0.837   730186.300
  0.239   730186.307
  0.264   730186.314
  0.304   730186.321
  1.249   730186.330
  0.664   730186.336
  0.197   730186.342
  0.207   730186.349
  0.200   730186.355
  0.209   730186.362
  0.624   730186.370
  0.201   730186.376
  0.222   730186.383
  0.227   730186.390
  0.559   730186.397
  0.205   730186.403
  0.238   730186.412
  0.364   730186.418
  0.182   730186.424
  0.248   730186.432
  0.200   730186.439
  0.201   730186.446
  0.745   730186.454
  0.187   730186.460
  0.357   730186.467
  0.297   730186.474
  0.842   730186.481
  0.681   730186.487
  0.298   730186.495
  0.174   730186.501
  0.148   730186.508
  0.174   730186.515
  0.209   730186.522
  0.265   730186.529
  0.161   730186.537
  0.296   730186.543
  0.173   730186.549
  0.195   730186.557
  0.307   730186.564
  0.174   730186.571
    NaN   730186.578
  0.172   730186.584
  0.159   730186.591
  0.287   730186.598
  0.177   730186.605
  0.236   730186.613
  0.388   730186.619
  0.205   730186.626
  0.503   730186.633
  0.394   730186.640
    NaN   730186.647
  0.269   730186.654
  0.316   730186.661
  0.181   730186.668
  0.248   730186.674
  0.217   730186.682
  0.235   730186.689
  0.199   730186.696
  0.159   730186.703
  0.172   730186.710
  0.213   730186.716
  0.308   730186.723
  0.556   730186.731
  1.390   730186.738
  0.195   730186.744
  0.235   730186.751
  0.262   730186.758
  0.317   730186.765
  0.249   730186.772
  0.248   730186.779
  0.417   730186.786
  0.453   730186.793
  0.339   730186.800
  0.304   730186.807
  0.382   730186.814
  0.351   730186.820
  0.291   730186.828
  0.347   730186.835
  0.339   730186.842
  0.307   730186.848
  0.299   730186.855
  0.392   730186.863
  3.131   730186.869
  1.666   730186.876
  0.386   730186.883
  0.435   730186.890
  0.346   730186.897
  0.342   730186.903
  0.730   730186.911
  0.444   730186.918
  0.615   730186.925
  0.363   730186.932
  0.534   730186.939
  1.304   730186.946
  0.431   730186.953
  0.415   730186.960
  0.370   730186.966
  1.482   730186.974
  0.319   730186.981
  0.494   730186.987
  0.462   730186.994
