  0.760   729969.000
  0.730   729969.000
  0.730   729969.010
  0.780   729969.020
  0.740   729969.030
  0.710   729969.030
  0.700   729969.040
  0.690   729969.050
  0.760   729969.050
  0.820   729969.060
  0.820   729969.070
  0.770   729969.070
  0.710   729969.080
  0.710   729969.090
  0.790   729969.090
  0.760   729969.100
  0.740   729969.110
  0.740   729969.120
  0.650   729969.120
  0.700   729969.130
  0.720   729969.140
  0.640   729969.140
  0.710   729969.150
  0.690   729969.160
  0.640   729969.160
  0.600   729969.170
  0.620   729969.180
  0.620   729969.180
  0.740   729969.190
  0.750   729969.200
  0.730   729969.210
  0.710   729969.210
  0.680   729969.220
  0.660   729969.230
  0.560   729969.230
  0.580   729969.240
  0.500   729969.250
  0.420   729969.250
  0.310   729969.260
  0.230   729969.270
  0.240   729969.280
  0.400   729969.280
  0.740   729969.290
  0.650   729969.300
  0.700   729969.300
  0.580   729969.310
  0.480   729969.320
  0.320   729969.320
  0.300   729969.330
  0.250   729969.340
  0.240   729969.340
  0.260   729969.350
  0.230   729969.360
  0.210   729969.370
  0.180   729969.370
  0.180   729969.380
  0.180   729969.390
  0.150   729969.390
  0.140   729969.400
  0.160   729969.410
  0.450   729969.410
  0.150   729969.420
  0.150   729969.430
  0.130   729969.430
  0.120   729969.440
  0.610   729969.450
  0.380   729969.460
  0.410   729969.460
  0.380   729969.470
  0.420   729969.480
  0.360   729969.480
  0.410   729969.490
  0.420   729969.500
  0.430   729969.500
  0.480   729969.510
  0.460   729969.520
  0.420   729969.530
  0.380   729969.530
  0.460   729969.540
  0.470   729969.550
  0.500   729969.550
  0.490   729969.560
  0.520   729969.570
  0.550   729969.570
  0.480   729969.580
  1.010   729969.590
  3.210   729969.590
  0.510   729969.600
  0.500   729969.610
  0.530   729969.620
  0.590   729969.620
  0.620   729969.630
  0.600   729969.640
  0.640   729969.640
  0.620   729969.650
  0.570   729969.660
  0.520   729969.660
  0.540   729969.670
  0.630   729969.680
  0.670   729969.680
  0.670   729969.690
  0.650   729969.700
  0.640   729969.710
  0.650   729969.710
  0.600   729969.720
  0.650   729969.730
  0.690   729969.730
  0.690   729969.740
  0.610   729969.750
  0.660   729969.750
  0.550   729969.760
  0.600   729969.770
  0.660   729969.780
  0.660   729969.780
  0.610   729969.790
  0.710   729969.800
  0.680   729969.800
    NaN   729969.810
  0.710   729969.820
  0.700   729969.820
  0.660   729969.830
  0.550   729969.840
  0.470   729969.840
  0.480   729969.850
  0.390   729969.860
  0.380   729969.870
  0.340   729969.870
  0.360   729969.880
  0.420   729969.890
  0.620   729969.890
  0.640   729969.900
  0.660   729969.910
  0.660   729969.910
  0.700   729969.920
  0.660   729969.930
  0.660   729969.930
  0.680   729969.940
  0.630   729969.950
  0.670   729969.960
  0.640   729969.960
  0.700   729969.970
  0.700   729969.980
  0.680   729969.980
