  4.868   730318.006
  4.868   730318.006
  4.247   730318.013
  4.242   730318.013
  2.861   730318.020
  2.893   730318.020
  2.968   730318.027
  2.767   730318.027
  3.190   730318.034
  3.105   730318.034
  2.509   730318.041
  2.380   730318.041
  2.438   730318.048
  2.453   730318.048
  3.382   730318.055
  3.402   730318.055
  1.636   730318.062
  1.643   730318.062
  1.681   730318.069
  1.726   730318.069
  2.287   730318.076
  2.492   730318.076
  1.680   730318.083
  1.889   730318.083
  1.552   730318.090
  1.530   730318.090
  2.427   730318.097
  2.391   730318.097
  2.477   730318.104
  2.474   730318.104
  2.187   730318.110
  1.999   730318.110
  1.804   730318.117
  1.806   730318.117
  3.114   730318.124
  3.120   730318.124
  2.357   730318.131
  2.346   730318.131
  1.835   730318.138
  1.782   730318.138
  1.489   730318.145
  1.471   730318.145
  1.540   730318.152
  1.484   730318.152
  3.014   730318.159
  2.953   730318.159
  2.761   730318.166
  2.696   730318.166
  2.780   730318.173
  2.768   730318.173
  2.507   730318.180
  2.489   730318.180
  2.309   730318.187
  2.234   730318.187
  2.358   730318.194
  2.348   730318.194
  2.539   730318.201
  2.519   730318.201
  2.610   730318.208
  2.612   730318.208
  3.127   730318.215
  3.284   730318.215
  2.308   730318.222
  2.294   730318.222
  2.812   730318.229
  2.706   730318.229
  1.370   730318.235
  1.425   730318.235
  2.073   730318.242
  2.041   730318.242
  2.457   730318.249
  2.461   730318.249
  0.978   730318.256
  0.969   730318.256
  2.262   730318.263
  2.408   730318.263
  3.281   730318.270
  2.780   730318.270
  2.329   730318.277
  2.384   730318.277
  2.125   730318.284
  2.086   730318.284
  3.077   730318.291
  3.081   730318.291
  2.506   730318.298
  2.567   730318.298
  2.172   730318.305
  2.234   730318.305
  1.727   730318.312
  1.750   730318.312
  1.926   730318.319
  1.868   730318.319
  3.486   730318.326
  3.475   730318.326
  3.257   730318.333
  3.257   730318.333
  1.631   730318.340
  1.693   730318.340
  2.478   730318.347
  2.539   730318.347
  0.750   730318.354
  0.754   730318.354
  1.855   730318.361
  1.807   730318.361
  1.080   730318.367
  1.078   730318.367
  2.752   730318.374
  2.768   730318.374
  2.278   730318.381
  2.460   730318.381
  1.653   730318.388
  1.719   730318.388
  1.915   730318.395
  2.115   730318.395
  1.723   730318.402
  1.746   730318.402
  2.489   730318.409
  2.471   730318.409
  2.355   730318.416
  2.363   730318.416
  1.630   730318.423
  1.555   730318.423
  2.410   730318.430
  2.407   730318.430
  2.333   730318.437
  2.286   730318.437
  2.470   730318.444
  2.506   730318.444
  1.707   730318.451
  1.690   730318.451
  3.076   730318.458
  2.994   730318.458
  3.305   730318.465
  3.311   730318.465
  2.788   730318.472
  2.757   730318.472
  1.394   730318.479
  1.273   730318.479
  3.119   730318.485
  3.249   730318.485
  1.914   730318.492
  2.538   730318.492
  1.274   730318.499
  1.262   730318.499
  2.662   730318.506
  2.666   730318.506
  1.666   730318.513
  1.646   730318.513
  2.517   730318.520
  2.525   730318.520
  1.862   730318.527
  1.815   730318.527
  2.951   730318.534
  2.966   730318.534
  2.105   730318.541
  2.037   730318.541
  2.325   730318.548
  2.134   730318.548
  3.919   730318.555
  3.849   730318.555
  2.570   730318.562
  2.562   730318.562
  3.260   730318.569
  3.265   730318.569
  1.930   730318.576
  2.018   730318.576
  2.304   730318.583
  2.248   730318.583
  2.650   730318.590
  2.542   730318.590
  3.823   730318.597
  3.792   730318.597
  2.848   730318.604
  2.786   730318.604
  2.645   730318.610
  2.683   730318.610
  2.805   730318.617
  2.795   730318.617
  3.071   730318.624
  3.028   730318.624
  1.803   730318.631
  1.769   730318.631
  3.449   730318.638
  3.461   730318.638
  2.766   730318.645
  2.825   730318.645
  3.033   730318.652
  3.088   730318.652
  3.011   730318.659
  2.911   730318.659
  2.571   730318.666
  2.569   730318.666
  3.106   730318.673
  3.184   730318.673
  2.997   730318.680
  3.017   730318.680
  1.600   730318.687
  1.593   730318.687
  2.244   730318.694
  2.163   730318.694
  1.998   730318.701
  2.035   730318.701
  2.144   730318.708
  2.432   730318.708
  1.926   730318.715
  1.924   730318.715
  2.492   730318.722
  2.505   730318.722
  1.788   730318.729
  1.757   730318.729
  3.352   730318.735
  3.200   730318.735
  2.730   730318.742
  2.744   730318.742
  2.494   730318.749
  2.490   730318.749
  2.667   730318.756
  2.697   730318.756
  1.940   730318.763
  1.935   730318.763
  3.351   730318.770
  2.399   730318.770
  1.561   730318.777
  1.532   730318.777
  3.310   730318.784
  3.351   730318.784
  2.888   730318.791
  2.864   730318.791
  1.730   730318.798
  1.794   730318.798
  3.672   730318.805
  3.665   730318.805
  2.756   730318.812
  2.753   730318.812
  3.125   730318.819
  3.167   730318.819
  2.973   730318.826
  2.975   730318.826
  2.774   730318.833
  2.846   730318.833
  2.232   730318.840
  2.232   730318.840
  3.183   730318.847
  3.006   730318.847
  2.550   730318.854
  2.484   730318.854
  2.851   730318.860
  2.866   730318.860
  4.021   730318.867
  3.875   730318.867
  1.461   730318.874
  1.460   730318.874
  2.289   730318.881
  2.282   730318.881
  2.450   730318.888
  2.319   730318.888
  2.717   730318.895
  2.845   730318.895
  1.905   730318.902
  1.905   730318.902
  2.483   730318.909
  2.472   730318.909
  2.394   730318.916
  2.386   730318.916
  2.473   730318.923
  2.613   730318.923
  2.148   730318.930
  2.153   730318.930
  2.709   730318.937
  2.596   730318.937
  1.454   730318.944
  1.434   730318.944
  3.348   730318.951
  3.352   730318.951
  2.412   730318.958
  2.473   730318.958
  2.620   730318.965
  2.661   730318.965
  2.850   730318.972
  2.691   730318.972
  4.505   730318.979
  4.429   730318.979
  2.790   730318.986
  2.765   730318.986
  2.762   730318.992
  2.760   730318.992
  4.480   730318.999
  4.611   730318.999
