  0.101   730318.002
  0.101   730318.002
  0.188   730318.008
  0.188   730318.008
  0.188   730318.014
  0.192   730318.014
  0.172   730318.021
  0.173   730318.021
  0.162   730318.028
  0.160   730318.028
  0.181   730318.035
  0.181   730318.035
  0.184   730318.042
  0.180   730318.042
  0.167   730318.049
  0.165   730318.049
  0.172   730318.056
  0.179   730318.056
  0.191   730318.063
  0.189   730318.063
  0.206   730318.070
  0.206   730318.070
  0.196   730318.077
  0.197   730318.077
  0.197   730318.084
  0.196   730318.084
  0.225   730318.091
  0.225   730318.091
  0.231   730318.098
  0.231   730318.098
  0.258   730318.104
  0.256   730318.104
  0.249   730318.111
  0.249   730318.111
  0.287   730318.118
  0.291   730318.118
  0.280   730318.125
  0.277   730318.125
  0.343   730318.132
  0.327   730318.132
  0.342   730318.139
  0.343   730318.139
  0.336   730318.146
  0.337   730318.146
  0.347   730318.153
  0.347   730318.153
  0.399   730318.160
  0.395   730318.160
  0.366   730318.167
  0.365   730318.167
  0.384   730318.174
  0.384   730318.174
  0.381   730318.181
  0.400   730318.181
  0.391   730318.188
  0.400   730318.188
  0.359   730318.195
  0.367   730318.195
  0.360   730318.202
  0.357   730318.202
  0.355   730318.209
  0.357   730318.209
  0.360   730318.216
  0.363   730318.216
  0.338   730318.223
  0.336   730318.223
  0.378   730318.229
  0.378   730318.229
  0.381   730318.236
  0.382   730318.236
  0.356   730318.243
  0.387   730318.243
  0.377   730318.250
  0.377   730318.250
  0.408   730318.257
  0.408   730318.257
  0.377   730318.264
  0.382   730318.264
  0.380   730318.271
  0.380   730318.271
  0.378   730318.278
  0.379   730318.278
  0.389   730318.285
  0.389   730318.285
  0.419   730318.292
  0.413   730318.292
  0.415   730318.299
  0.417   730318.299
  0.474   730318.306
  0.485   730318.306
  0.439   730318.313
  0.459   730318.313
  0.426   730318.320
  0.426   730318.320
  0.470   730318.327
  0.472   730318.327
  0.466   730318.334
  0.464   730318.334
  0.409   730318.341
  0.410   730318.341
  0.466   730318.348
  0.467   730318.348
  0.414   730318.355
  0.413   730318.355
  0.445   730318.362
  0.439   730318.362
  0.415   730318.369
  0.390   730318.369
  0.404   730318.375
  0.407   730318.375
  0.450   730318.382
  0.390   730318.382
  0.411   730318.389
  0.374   730318.389
  0.384   730318.396
  0.388   730318.396
  0.441   730318.403
  0.439   730318.403
  0.411   730318.410
  0.412   730318.410
  0.381   730318.417
  0.378   730318.417
  0.405   730318.424
  0.407   730318.424
  0.441   730318.431
  0.438   730318.431
  0.410   730318.438
  0.410   730318.438
  0.442   730318.445
  0.445   730318.445
  0.395   730318.452
  0.393   730318.452
  0.417   730318.459
  0.405   730318.459
  0.444   730318.466
  0.444   730318.466
  0.391   730318.473
  0.393   730318.473
  2.789   730318.480
  2.216   730318.480
  0.432   730318.486
  0.437   730318.486
  0.367   730318.493
  0.371   730318.493
  0.374   730318.500
  0.374   730318.500
  0.432   730318.507
  0.430   730318.507
  0.413   730318.514
  0.413   730318.514
  0.393   730318.521
  0.394   730318.521
  0.401   730318.528
  0.400   730318.528
  0.363   730318.535
  0.366   730318.535
  0.395   730318.542
  0.396   730318.542
  0.388   730318.549
  0.390   730318.549
  0.386   730318.556
  0.389   730318.556
  0.433   730318.563
  0.430   730318.563
  0.352   730318.570
  0.352   730318.570
  0.415   730318.577
  0.417   730318.577
  0.423   730318.584
  0.427   730318.584
  0.468   730318.591
  0.458   730318.591
  0.375   730318.598
  0.376   730318.598
  0.426   730318.605
  0.426   730318.605
  0.404   730318.611
  0.417   730318.611
  0.437   730318.618
  0.436   730318.618
  0.451   730318.626
  0.452   730318.626
  0.407   730318.632
  0.402   730318.632
  0.443   730318.639
  0.444   730318.639
  0.436   730318.646
  0.444   730318.646
  0.446   730318.653
  0.454   730318.653
  0.393   730318.660
  0.397   730318.660
  0.444   730318.667
  0.444   730318.667
  0.540   730318.674
  0.540   730318.674
  0.445   730318.681
  0.441   730318.681
  0.426   730318.688
  0.428   730318.688
  0.455   730318.695
  0.452   730318.695
  0.392   730318.702
  0.391   730318.702
  0.467   730318.709
  0.473   730318.709
  0.495   730318.716
  0.489   730318.716
  0.495   730318.723
  0.500   730318.723
  0.465   730318.730
  0.461   730318.730
  0.437   730318.737
  0.427   730318.737
  0.438   730318.744
  0.438   730318.744
  0.441   730318.751
  0.441   730318.751
  0.524   730318.757
  0.525   730318.757
  0.510   730318.764
  0.509   730318.764
  0.501   730318.771
  0.507   730318.771
  0.449   730318.778
  0.445   730318.778
  0.563   730318.785
  0.570   730318.785
  0.572   730318.792
  0.571   730318.792
  0.539   730318.799
  0.540   730318.799
  0.585   730318.806
  0.580   730318.806
  0.571   730318.813
  0.569   730318.813
  0.569   730318.820
  0.569   730318.820
  0.585   730318.827
  0.553   730318.827
  0.573   730318.834
  0.590   730318.834
  0.533   730318.841
  0.522   730318.841
  0.584   730318.848
  0.584   730318.848
  0.535   730318.855
  0.535   730318.855
  0.602   730318.862
  0.602   730318.862
  0.570   730318.868
  0.576   730318.868
  0.556   730318.876
  0.557   730318.876
  0.545   730318.882
  0.543   730318.882
  0.550   730318.889
  0.537   730318.889
  0.536   730318.896
  0.533   730318.896
  1.479   730318.903
  1.461   730318.903
  0.584   730318.910
  0.584   730318.910
  0.537   730318.917
  0.539   730318.917
  0.544   730318.924
  0.543   730318.924
  0.492   730318.931
  0.517   730318.931
  0.573   730318.938
  0.573   730318.938
  0.569   730318.945
  0.571   730318.945
  0.555   730318.952
  0.555   730318.952
  0.530   730318.959
  0.526   730318.959
  0.573   730318.966
  0.568   730318.966
  0.563   730318.973
  0.563   730318.973
  5.559   730318.980
  5.477   730318.980
  0.609   730318.987
  0.605   730318.987
  0.560   730318.994
  0.565   730318.994
