  0.136   730410.000
  0.044   730410.000
  0.135   730410.007
  0.117   730410.014
  0.638   730410.021
  0.589   730410.028
  0.591   730410.035
  0.466   730410.042
  0.139   730410.049
  0.135   730410.056
  0.563   730410.063
  0.574   730410.070
  0.547   730410.077
  0.571   730410.084
  0.524   730410.091
  0.556   730410.097
  0.497   730410.104
  0.123   730410.112
  0.140   730410.118
  0.115   730410.125
  0.124   730410.132
  0.121   730410.139
  0.116   730410.146
  0.110   730410.153
  0.128   730410.160
  0.120   730410.167
  0.111   730410.174
  0.122   730410.181
  0.131   730410.188
  0.135   730410.195
  0.144   730410.202
  0.541   730410.209
  0.580   730410.215
  0.492   730410.222
  0.521   730410.229
  0.516   730410.237
  0.537   730410.243
  0.531   730410.250
  0.513   730410.257
  0.496   730410.264
  0.557   730410.271
  0.524   730410.278
  0.540   730410.285
  0.493   730410.292
  0.481   730410.299
  0.552   730410.306
  0.488   730410.313
  0.474   730410.320
  0.560   730410.327
  0.493   730410.334
  0.519   730410.340
  0.607   730410.347
  0.443   730410.354
  0.534   730410.362
  0.507   730410.368
  0.509   730410.375
  0.548   730410.382
  0.473   730410.389
  4.946   730410.396
  0.516   730410.403
  0.518   730410.410
  0.485   730410.417
  0.440   730410.424
  0.495   730410.431
  0.514   730410.438
  0.498   730410.445
  0.564   730410.452
  0.532   730410.459
  0.545   730410.465
  0.577   730410.473
  0.503   730410.479
  0.478   730410.487
  0.464   730410.493
  0.601   730410.500
  0.495   730410.507
  0.481   730410.514
  0.489   730410.521
  0.411   730410.528
  0.138   730410.535
  0.137   730410.542
  0.137   730410.549
  0.134   730410.556
  0.126   730410.563
  0.142   730410.570
  0.137   730410.577
  0.069   730410.577
  0.132   730410.584
  0.143   730410.591
  0.147   730410.597
  0.145   730410.604
  0.143   730410.612
  0.143   730410.618
  0.161   730410.625
  0.176   730410.632
  0.132   730410.639
  0.175   730410.646
  0.141   730410.653
  0.165   730410.660
  0.149   730410.667
  0.159   730410.674
  0.161   730410.681
  0.176   730410.688
  0.188   730410.695
  0.186   730410.702
  0.168   730410.709
  0.157   730410.716
  0.172   730410.722
  0.186   730410.729
  0.176   730410.737
  0.206   730410.743
  0.180   730410.750
  0.171   730410.757
  0.173   730410.764
  0.183   730410.771
  0.179   730410.778
  0.184   730410.785
  0.170   730410.792
  0.176   730410.799
  0.191   730410.806
  0.172   730410.813
  0.189   730410.820
  0.162   730410.827
  0.191   730410.834
  0.166   730410.841
  0.149   730410.848
  0.161   730410.854
  0.190   730410.862
  0.169   730410.868
  0.181   730410.875
  0.183   730410.882
  0.182   730410.889
  6.106   730410.896
  0.170   730410.903
  0.175   730410.910
  0.170   730410.917
  0.250   730410.924
  0.175   730410.931
  0.166   730410.938
  0.183   730410.945
  0.140   730410.952
  0.152   730410.959
  0.161   730410.966
  0.175   730410.972
  0.154   730410.979
  0.158   730410.987
  0.162   730410.993
