  0.333   730410.001
  0.333   730410.001
  0.142   730410.001
  0.142   730410.001
  0.330   730410.008
  0.330   730410.008
  0.298   730410.015
  0.298   730410.015
  0.325   730410.022
  0.325   730410.022
  0.316   730410.029
  0.316   730410.029
  0.334   730410.036
  0.334   730410.036
  0.367   730410.043
  0.367   730410.043
  0.295   730410.050
  0.295   730410.050
  0.366   730410.056
  0.366   730410.056
  0.328   730410.063
  0.328   730410.063
  0.326   730410.071
  0.326   730410.071
  0.361   730410.077
  0.361   730410.077
  0.337   730410.084
  0.337   730410.084
  0.383   730410.091
  0.383   730410.091
  0.331   730410.098
  0.331   730410.098
  0.358   730410.105
  0.358   730410.105
  0.334   730410.113
  0.334   730410.113
  0.310   730410.119
  0.310   730410.119
  0.367   730410.126
  0.367   730410.126
  0.366   730410.133
  0.366   730410.133
  0.313   730410.140
  0.313   730410.140
  0.346   730410.147
  0.346   730410.147
  0.362   730410.154
  0.362   730410.154
  0.338   730410.161
  0.338   730410.161
  0.346   730410.168
  0.346   730410.168
  0.384   730410.175
  0.384   730410.175
  0.326   730410.181
  0.326   730410.181
  0.330   730410.188
  0.330   730410.188
  0.368   730410.196
  0.368   730410.196
  0.380   730410.202
  0.380   730410.202
  0.374   730410.209
  0.374   730410.209
  0.359   730410.216
  0.359   730410.216
  0.372   730410.223
  0.372   730410.223
  0.386   730410.230
  0.386   730410.230
  0.366   730410.238
  0.366   730410.238
  0.387   730410.244
  0.387   730410.244
  0.381   730410.251
  0.381   730410.251
  0.360   730410.258
  0.360   730410.258
  0.351   730410.265
  0.351   730410.265
  0.355   730410.272
  0.355   730410.272
  0.372   730410.279
  0.372   730410.279
  0.385   730410.286
  0.385   730410.286
  0.347   730410.293
  0.347   730410.293
  0.369   730410.300
  0.369   730410.300
  0.381   730410.307
  0.381   730410.307
  0.405   730410.313
  0.405   730410.313
  0.384   730410.321
  0.384   730410.321
  0.402   730410.327
  0.402   730410.327
  0.376   730410.334
  0.376   730410.334
  0.387   730410.341
  0.387   730410.341
  0.387   730410.348
  0.387   730410.348
  0.461   730410.355
  0.461   730410.355
  0.452   730410.363
  0.452   730410.363
  0.460   730410.369
  0.460   730410.369
  0.424   730410.376
  0.424   730410.376
  0.447   730410.383
  0.447   730410.383
  0.421   730410.390
  0.421   730410.390
  0.401   730410.397
  0.401   730410.397
  0.448   730410.404
  0.448   730410.404
  0.435   730410.411
  0.435   730410.411
  0.409   730410.418
  0.409   730410.418
  0.437   730410.425
  0.437   730410.425
  0.380   730410.432
  0.380   730410.432
  0.506   730410.438
  0.506   730410.438
  0.494   730410.446
  0.494   730410.446
  0.513   730410.452
  0.513   730410.452
  0.474   730410.460
  0.474   730410.460
  0.511   730410.466
  0.511   730410.466
  0.435   730410.473
  0.435   730410.473
  0.505   730410.480
  0.505   730410.480
  0.424   730410.488
  0.424   730410.488
  0.462   730410.494
  0.462   730410.494
  0.437   730410.501
  0.437   730410.501
  0.508   730410.508
  0.508   730410.508
  0.490   730410.515
  0.490   730410.515
  0.421   730410.522
  0.421   730410.522
  0.421   730410.529
  0.421   730410.529
  0.450   730410.536
  0.450   730410.536
  0.461   730410.543
  0.461   730410.543
  0.453   730410.550
  0.453   730410.550
  0.474   730410.557
  0.474   730410.557
  0.453   730410.563
  0.453   730410.563
  0.408   730410.571
  0.408   730410.571
  0.420   730410.578
  0.420   730410.578
  0.241   730410.578
  0.241   730410.578
  0.480   730410.584
  0.480   730410.584
  0.454   730410.591
  0.454   730410.591
  0.427   730410.598
  0.427   730410.598
  0.512   730410.605
  0.512   730410.605
  0.526   730410.613
  0.526   730410.613
  0.472   730410.619
  0.472   730410.619
  0.500   730410.626
  0.500   730410.626
  0.538   730410.633
  0.538   730410.633
  0.459   730410.640
  0.459   730410.640
  0.537   730410.647
  0.537   730410.647
  0.521   730410.654
  0.521   730410.654
  0.478   730410.661
  0.478   730410.661
  0.450   730410.668
  0.450   730410.668
  0.501   730410.675
  0.501   730410.675
  0.497   730410.682
  0.497   730410.682
  0.542   730410.688
  0.542   730410.688
  0.507   730410.696
  0.507   730410.696
  0.537   730410.702
  0.537   730410.702
  0.505   730410.709
  0.505   730410.709
  0.475   730410.716
  0.475   730410.716
  0.483   730410.723
  0.483   730410.723
  0.530   730410.730
  0.530   730410.730
  0.469   730410.738
  0.469   730410.738
  0.524   730410.744
  0.524   730410.744
  0.537   730410.751
  0.537   730410.751
  0.572   730410.758
  0.572   730410.758
  0.499   730410.765
  0.499   730410.765
  0.481   730410.772
  0.481   730410.772
  0.532   730410.779
  0.532   730410.779
  0.437   730410.786
  0.437   730410.786
  0.520   730410.793
  0.520   730410.793
  0.560   730410.800
  0.560   730410.800
  0.557   730410.807
  0.557   730410.807
  0.593   730410.813
  0.593   730410.813
  0.586   730410.821
  0.586   730410.821
  0.534   730410.827
  0.534   730410.827
  0.563   730410.834
  0.563   730410.834
  0.558   730410.841
  0.558   730410.841
  0.573   730410.848
  0.573   730410.848
  0.563   730410.855
  0.563   730410.855
  0.598   730410.863
  0.598   730410.863
  0.567   730410.869
  0.567   730410.869
  0.517   730410.876
  0.517   730410.876
  1.838   730410.883
  1.838   730410.883
  0.534   730410.890
  0.534   730410.890
  0.603   730410.897
  0.603   730410.897
  0.598   730410.904
  0.598   730410.904
  0.538   730410.911
  0.538   730410.911
  0.548   730410.918
  0.548   730410.918
  0.507   730410.925
  0.507   730410.925
  0.520   730410.932
  0.520   730410.932
  0.548   730410.938
  0.548   730410.938
  0.519   730410.946
  0.519   730410.946
  0.545   730410.952
  0.545   730410.952
  0.468   730410.959
  0.468   730410.959
  0.513   730410.966
  0.513   730410.966
  0.526   730410.973
  0.526   730410.973
  0.531   730410.980
  0.531   730410.980
  0.550   730410.988
  0.550   730410.988
  0.473   730410.994
  0.473   730410.994
