  0.037   730410.007
  0.066   730410.007
  0.051   730410.013
  0.086   730410.020
  0.061   730410.027
  0.175   730410.034
  0.060   730410.041
  0.051   730410.048
  0.049   730410.055
  0.055   730410.062
  0.468   730410.069
  0.054   730410.076
  0.055   730410.083
  0.048   730410.090
  0.473   730410.097
  0.679   730410.104
  0.048   730410.111
  0.054   730410.118
  0.658   730410.125
  0.045   730410.131
  0.432   730410.138
  0.039   730410.145
  0.042   730410.152
  0.505   730410.159
  0.044   730410.166
  0.046   730410.173
  0.042   730410.180
  0.040   730410.187
  0.577   730410.194
  0.044   730410.201
  0.666   730410.208
  0.041   730410.215
  0.041   730410.222
  0.658   730410.229
  0.044   730410.236
  0.519   730410.243
  0.041   730410.250
  0.037   730410.256
  0.470   730410.263
  0.037   730410.270
  0.043   730410.277
  0.037   730410.284
  0.039   730410.291
  0.039   730410.298
  0.032   730410.305
  0.586   730410.312
  0.038   730410.319
  0.033   730410.326
  1.099   730410.333
  0.355   730410.340
  0.035   730410.347
  0.036   730410.354
  0.038   730410.361
  0.138   730410.368
  0.455   730410.375
  0.038   730410.381
  0.032   730410.388
  0.032   730410.395
  0.604   730410.402
  0.036   730410.409
  0.036   730410.416
  0.231   730410.423
  0.039   730410.430
  0.039   730410.437
  0.035   730410.444
  1.185   730410.451
  0.682   730410.458
  0.041   730410.465
  0.072   730410.472
  0.036   730410.479
  0.039   730410.486
  1.114   730410.493
  0.056   730410.500
  0.038   730410.506
  0.041   730410.513
  0.040   730410.520
  0.565   730410.527
  0.041   730410.534
  0.043   730410.541
  0.047   730410.548
  0.046   730410.555
  0.054   730410.562
  0.918   730410.569
  0.493   730410.576
  0.007   730410.576
  0.054   730410.583
  0.062   730410.590
  0.055   730410.597
  0.671   730410.604
  0.062   730410.611
  0.633   730410.618
  0.070   730410.625
  0.076   730410.631
  0.266   730410.638
  0.069   730410.645
  0.656   730410.652
  0.079   730410.659
  0.075   730410.666
  0.349   730410.673
  0.079   730410.680
  0.532   730410.687
  0.084   730410.694
  0.077   730410.701
  0.079   730410.708
  0.087   730410.715
  0.080   730410.722
  0.687   730410.729
  0.082   730410.736
  0.067   730410.743
  0.423   730410.750
  0.061   730410.756
  0.382   730410.763
  0.057   730410.770
  0.061   730410.777
  0.309   730410.784
  0.061   730410.791
  0.055   730410.798
  0.059   730410.805
  0.318   730410.812
  0.068   730410.819
  0.697   730410.826
  0.082   730410.833
  0.056   730410.840
  0.083   730410.847
  0.063   730410.854
  0.562   730410.861
  0.051   730410.868
  0.054   730410.875
  0.066   730410.881
  0.059   730410.888
  0.062   730410.895
  0.058   730410.902
  0.067   730410.909
  0.063   730410.916
  0.637   730410.923
  0.065   730410.930
  0.062   730410.937
  0.065   730410.944
  0.062   730410.951
  0.266   730410.958
  0.522   730410.965
  0.064   730410.972
  0.061   730410.979
  0.060   730410.986
  0.073   730410.993
  0.059   730411.000
