  0.198   730410.007
  0.182   730410.014
  0.199   730410.021
  0.176   730410.028
  0.200   730410.035
  0.183   730410.042
  0.166   730410.049
  0.186   730410.055
  0.183   730410.062
  0.196   730410.070
  0.196   730410.076
  0.320   730410.083
  0.192   730410.090
  0.210   730410.097
  0.190   730410.104
  0.206   730410.111
  0.181   730410.118
  0.182   730410.125
  0.217   730410.132
  0.159   730410.139
  0.202   730410.146
  0.183   730410.153
  0.185   730410.160
  0.182   730410.167
  0.189   730410.174
  0.180   730410.181
  0.168   730410.187
  0.198   730410.195
  0.168   730410.201
  0.164   730410.208
  0.171   730410.215
  0.172   730410.222
  0.194   730410.229
  0.231   730410.236
  0.172   730410.243
  0.162   730410.250
  0.181   730410.257
  0.163   730410.264
  0.163   730410.271
  0.169   730410.278
  0.180   730410.285
  0.176   730410.292
  0.160   730410.299
  0.175   730410.306
  0.157   730410.312
  0.166   730410.320
  5.900   730410.326
  0.167   730410.333
  0.160   730410.340
  0.167   730410.347
  0.174   730410.354
  0.174   730410.361
  0.165   730410.368
  0.163   730410.375
  0.173   730410.382
  0.190   730410.389
  0.172   730410.396
  0.160   730410.403
  0.158   730410.410
  0.158   730410.417
  0.158   730410.424
  0.161   730410.431
  0.172   730410.437
  0.187   730410.445
  0.175   730410.451
  0.154   730410.458
  0.151   730410.465
  0.170   730410.472
  0.184   730410.479
  0.149   730410.486
  0.174   730410.493
  0.179   730410.500
  0.203   730410.507
  0.176   730410.514
  0.180   730410.521
  0.186   730410.528
  0.217   730410.535
  0.231   730410.542
  0.199   730410.549
  0.221   730410.556
  0.217   730410.562
  0.207   730410.570
  0.236   730410.576
  0.071   730410.576
  0.224   730410.583
  0.187   730410.590
  0.203   730410.597
  0.207   730410.604
  0.204   730410.611
  0.225   730410.618
  0.199   730410.625
  0.186   730410.632
  0.178   730410.639
  0.189   730410.646
  0.197   730410.653
  0.191   730410.660
  0.182   730410.667
  0.176   730410.674
  0.170   730410.681
  0.182   730410.687
  0.199   730410.695
  0.170   730410.701
  0.192   730410.708
  0.201   730410.715
  0.194   730410.722
  0.205   730410.729
  0.186   730410.736
  0.198   730410.743
  0.167   730410.750
  0.180   730410.757
  0.197   730410.764
  0.185   730410.771
  0.183   730410.778
  0.169   730410.785
  0.189   730410.792
  0.196   730410.799
  0.187   730410.806
  0.193   730410.812
  0.193   730410.820
  6.824   730410.826
  0.182   730410.833
  0.182   730410.840
  0.212   730410.847
  0.185   730410.854
  0.207   730410.861
  0.188   730410.868
  0.181   730410.875
  0.210   730410.882
  0.211   730410.889
  0.182   730410.896
  0.185   730410.903
  0.192   730410.910
  0.212   730410.917
  0.200   730410.924
  0.233   730410.931
  0.209   730410.937
  0.209   730410.945
  0.235   730410.951
  0.194   730410.958
  0.180   730410.965
  0.225   730410.972
  0.207   730410.979
  0.194   730410.986
  0.264   730410.993
  0.227   730411.000
