  2.449   730410.002
  0.756   730410.002
  2.692   730410.008
  1.168   730410.015
  1.432   730410.022
  1.782   730410.030
  1.030   730410.036
  1.658   730410.043
  1.297   730410.050
  2.655   730410.056
  1.007   730410.064
  1.866   730410.071
  1.176   730410.078
  2.791   730410.085
  1.383   730410.092
  1.500   730410.099
  1.499   730410.105
  0.936   730410.113
  1.392   730410.119
  2.308   730410.126
  1.121   730410.133
  0.977   730410.140
  0.932   730410.147
  1.420   730410.155
  1.079   730410.161
  1.697   730410.168
  0.972   730410.175
  1.359   730410.182
  1.001   730410.189
  0.995   730410.196
  1.094   730410.203
  1.134   730410.210
  1.559   730410.216
  1.026   730410.223
  1.060   730410.230
  1.119   730410.238
  1.062   730410.244
  1.164   730410.251
  0.957   730410.258
  1.017   730410.265
  1.088   730410.272
  1.018   730410.280
  1.049   730410.286
  1.573   730410.293
  1.095   730410.300
  1.031   730410.307
  1.000   730410.314
  1.078   730410.321
  0.915   730410.328
  1.104   730410.335
  4.270   730410.341
  0.957   730410.348
  1.121   730410.355
  0.989   730410.363
  1.094   730410.369
  0.970   730410.376
  1.144   730410.383
  0.999   730410.390
  1.066   730410.397
  1.093   730410.405
  1.060   730410.411
  0.959   730410.418
  1.041   730410.425
  1.098   730410.432
  1.065   730410.439
  1.143   730410.446
  0.980   730410.453
  0.976   730410.460
  1.142   730410.466
  0.964   730410.474
  0.979   730410.480
  0.898   730410.488
  1.007   730410.494
  1.213   730410.501
  1.092   730410.508
  0.942   730410.515
  0.915   730410.522
  1.015   730410.530
  0.963   730410.536
  1.051   730410.543
  1.023   730410.550
  1.001   730410.557
  1.010   730410.564
  0.957   730410.571
  1.064   730410.578
  0.734   730410.578
  1.563   730410.585
  0.903   730410.592
  0.908   730410.598
  0.930   730410.605
  0.991   730410.613
  0.858   730410.619
  0.902   730410.626
  0.981   730410.633
  1.063   730410.640
  1.628   730410.647
  0.919   730410.655
  0.912   730410.661
  2.794   730410.668
  1.629   730410.675
  1.229   730410.682
  1.016   730410.689
  0.994   730410.696
  1.055   730410.703
  0.904   730410.710
  1.035   730410.717
  1.943   730410.723
  0.947   730410.730
  1.058   730410.738
  0.946   730410.744
  0.975   730410.751
  1.062   730410.758
  1.416   730410.765
  0.997   730410.772
  0.930   730410.780
  2.136   730410.786
  1.052   730410.793
  0.957   730410.800
  1.062   730410.807
  0.954   730410.814
  0.903   730410.821
  0.934   730410.828
  0.926   730410.835
  3.588   730410.842
  0.980   730410.849
  1.040   730410.855
  1.240   730410.863
  1.039   730410.869
  1.031   730410.876
  1.084   730410.883
  0.963   730410.890
  1.067   730410.897
  1.137   730410.905
  1.082   730410.911
  0.965   730410.918
  0.988   730410.925
  1.099   730410.932
  0.988   730410.939
  0.918   730410.946
  1.091   730410.953
  0.912   730410.960
  0.905   730410.967
  0.995   730410.973
  0.872   730410.980
  0.860   730410.988
  1.021   730410.994
