  1.025   730224.006
  1.021   730224.013
  1.025   730224.020
  1.060   730224.027
  1.006   730224.034
  3.076   730224.041
  1.196   730224.048
  1.045   730224.055
  0.965   730224.062
  1.094   730224.069
  0.970   730224.076
  0.949   730224.083
  0.961   730224.090
  0.876   730224.097
  0.941   730224.104
  0.933   730224.110
  1.028   730224.117
  1.165   730224.124
  1.331   730224.131
  1.250   730224.138
  1.096   730224.145
  1.396   730224.152
  1.384   730224.159
  1.715   730224.166
  1.766   730224.173
  1.713   730224.180
  1.503   730224.187
  1.358   730224.194
  1.610   730224.201
  0.965   730224.208
  1.052   730224.215
  0.955   730224.222
  1.269   730224.229
  1.099   730224.235
  1.376   730224.249
  1.227   730224.256
  1.306   730224.263
  1.542   730224.270
  1.331   730224.277
  1.344   730224.284
  1.099   730224.291
  1.144   730224.298
  0.975   730224.305
  0.867   730224.312
  0.879   730224.319
  0.913   730224.326
  0.981   730224.333
  0.976   730224.340
  1.046   730224.347
  1.082   730224.354
  0.909   730224.360
  0.986   730224.367
  0.930   730224.374
  0.896   730224.381
  0.935   730224.388
  0.844   730224.395
  0.770   730224.402
  1.038   730224.409
  1.549   730224.416
  2.112   730224.422
  1.980   730224.423
  1.850   730224.430
  2.265   730224.437
  2.096   730224.444
  1.683   730224.451
  2.277   730224.458
  2.403   730224.465
  4.506   730224.472
  1.535   730224.479
  1.576   730224.485
  1.893   730224.492
  1.746   730224.499
  1.439   730224.506
  1.388   730224.513
  1.996   730224.520
  2.167   730224.527
  1.961   730224.534
  3.217   730224.541
  2.371   730224.548
  2.051   730224.555
  2.142   730224.562
  1.748   730224.569
  1.522   730224.576
  1.123   730224.583
  0.783   730224.590
  0.842   730224.597
  0.788   730224.604
  0.863   730224.610
  0.869   730224.617
  0.845   730224.624
  0.978   730224.631
  0.942   730224.638
  0.965   730224.645
  1.215   730224.652
  1.756   730224.659
  1.552   730224.666
  1.217   730224.673
  1.247   730224.680
  1.008   730224.687
  0.976   730224.694
  0.992   730224.701
  0.883   730224.708
  0.936   730224.715
  0.721   730224.722
  0.846   730224.729
  1.044   730224.735
  1.258   730224.742
  1.325   730224.750
  1.222   730224.756
  1.150   730224.763
  1.243   730224.763
  1.142   730224.765
  1.201   730224.770
  1.536   730224.777
  1.250   730224.784
  1.140   730224.791
  1.375   730224.798
  1.737   730224.805
  2.225   730224.812
  2.848   730224.819
  2.835   730224.826
  2.280   730224.833
  1.761   730224.847
  1.830   730224.854
  1.653   730224.860
  2.281   730224.867
  2.081   730224.875
  2.573   730224.882
  2.883   730224.888
  1.891   730224.895
  1.880   730224.902
  1.751   730224.909
  2.066   730224.916
  1.981   730224.923
  1.935   730224.930
  1.748   730224.937
  3.054   730224.944
  3.259   730224.951
  3.407   730224.958
  2.874   730224.965
  2.702   730224.972
  3.751   730224.979
  3.721   730224.986
  3.581   730224.992
