  2.806   730224.002
  2.158   730224.007
  2.104   730224.015
  2.377   730224.022
  2.310   730224.029
  2.105   730224.036
  1.969   730224.044
  1.989   730224.050
  2.021   730224.057
  2.063   730224.064
  2.188   730224.071
  1.643   730224.077
  1.986   730224.086
  2.099   730224.092
  1.946   730224.098
  1.748   730224.105
  1.836   730224.112
  2.001   730224.119
  1.746   730224.128
  2.195   730224.133
  1.807   730224.140
  2.023   730224.147
  2.075   730224.154
  1.686   730224.161
  2.050   730224.169
  1.479   730224.175
  1.825   730224.182
  1.705   730224.189
  1.769   730224.196
  1.683   730224.203
  1.855   730224.211
  1.582   730224.216
  1.539   730224.223
  1.985   730224.230
  1.579   730224.238
  1.655   730224.253
  1.836   730224.259
  1.772   730224.265
  1.680   730224.272
  1.273   730224.279
  1.486   730224.286
  1.550   730224.295
  1.640   730224.300
  1.534   730224.307
  1.727   730224.314
  1.523   730224.321
    NaN   730224.328
  1.525   730224.336
  1.516   730224.341
  1.549   730224.348
  1.656   730224.355
  1.589   730224.362
  1.554   730224.369
  1.665   730224.378
  1.619   730224.383
  1.471   730224.390
  1.661   730224.397
  1.798   730224.404
  1.506   730224.411
  1.570   730224.419
  1.534   730224.425
  1.634   730224.432
  1.873   730224.439
  1.772   730224.446
  1.607   730224.453
  1.538   730224.461
  5.829   730224.466
  2.464   730224.473
  1.713   730224.480
  1.906   730224.487
  1.583   730224.494
  1.993   730224.503
  2.044   730224.508
  1.828   730224.515
  1.630   730224.522
  1.657   730224.529
  1.651   730224.536
  1.774   730224.544
  1.811   730224.550
  1.750   730224.557
  1.750   730224.564
  1.946   730224.571
  2.253   730224.578
  1.612   730224.586
  1.861   730224.591
  1.606   730224.598
  1.815   730224.605
  2.093   730224.612
  1.979   730224.619
  1.917   730224.628
  1.732   730224.633
  2.036   730224.640
  1.952   730224.647
  2.075   730224.654
  1.972   730224.661
  1.888   730224.670
  1.856   730224.675
  1.804   730224.682
  1.761   730224.689
  2.133   730224.696
  2.225   730224.703
  2.290   730224.712
  2.082   730224.717
  2.191   730224.723
  2.355   730224.730
  2.064   730224.737
  2.385   730224.744
  2.214   730224.754
  2.197   730224.757
  2.078   730224.763
  1.952   730224.764
  1.959   730224.765
  1.985   730224.770
  2.171   730224.777
  2.231   730224.784
  2.065   730224.793
  1.986   730224.800
  1.820   730224.806
  1.858   730224.813
  2.070   730224.820
    NaN   730224.827
  2.176   730224.835
  1.959   730224.847
  1.924   730224.854
  2.430   730224.861
  1.887   730224.868
  2.390   730224.875
  2.114   730224.882
  2.088   730224.889
  1.814   730224.895
  1.914   730224.902
  2.001   730224.909
  2.231   730224.917
  2.259   730224.923
  2.213   730224.930
  2.273   730224.937
  2.228   730224.944
  2.142   730224.951
  2.404   730224.959
  1.956   730224.965
  2.222   730224.972
  2.040   730224.979
  1.795   730224.986
  2.013   730224.993
