  0.939   730224.002
  2.961   730224.007
  3.442   730224.015
  4.037   730224.022
  3.560   730224.029
  3.896   730224.036
  3.514   730224.044
  4.349   730224.050
  3.931   730224.056
  4.828   730224.063
  4.861   730224.070
  5.438   730224.077
  6.296   730224.086
  6.430   730224.091
  8.056   730224.098
  8.002   730224.105
  7.449   730224.112
  7.054   730224.119
  8.102   730224.127
  7.457   730224.133
  7.495   730224.140
  8.403   730224.147
  7.090   730224.154
  7.238   730224.161
  6.906   730224.169
  7.876   730224.175
  7.607   730224.181
  7.038   730224.188
  7.332   730224.195
  6.944   730224.202
  7.695   730224.211
  7.707   730224.216
  7.166   730224.223
  8.274   730224.230
  7.316   730224.237
  7.999   730224.252
  7.173   730224.259
  8.332   730224.265
  8.013   730224.272
  9.121   730224.279
  8.036   730224.286
  7.636   730224.294
  7.697   730224.300
  7.738   730224.306
  8.206   730224.313
  7.892   730224.320
  8.810   730224.327
  8.089   730224.336
  7.790   730224.341
  7.503   730224.348
  9.239   730224.355
  8.329   730224.362
  7.532   730224.369
  7.606   730224.377
  6.798   730224.383
  7.793   730224.390
  7.587   730224.397
  8.031   730224.404
  7.862   730224.411
  7.681   730224.419
  8.184   730224.425
  8.521   730224.432
  8.815   730224.438
  7.800   730224.445
  7.496   730224.452
  7.369   730224.461
  9.026   730224.466
  7.455   730224.473
  7.924   730224.480
  6.371   730224.487
  5.231   730224.494
  4.648   730224.502
  5.192   730224.508
  6.356   730224.515
  6.973   730224.522
  6.639   730224.529
  7.073   730224.536
  7.652   730224.544
  7.866   730224.550
  8.070   730224.557
  8.738   730224.563
  8.163   730224.570
  8.219   730224.577
  8.354   730224.586
  7.047   730224.591
  8.538   730224.598
  8.615   730224.605
  8.538   730224.612
  6.884   730224.619
  8.475   730224.627
  8.238   730224.633
  8.776   730224.640
  8.875   730224.647
  8.186   730224.654
  7.796   730224.661
  8.046   730224.669
  7.402   730224.675
  8.033   730224.682
  8.380   730224.688
  8.740   730224.695
  8.891   730224.702
  9.168   730224.711
  7.623   730224.717
  7.944   730224.723
  7.125   730224.730
  7.705   730224.737
  7.215   730224.744
  7.941   730224.753
  7.411   730224.758
  8.085   730224.764
  6.835   730224.766
  7.381   730224.766
  7.374   730224.771
  7.216   730224.778
  6.607   730224.785
  6.608   730224.796
  6.770   730224.803
  6.859   730224.809
  6.849   730224.815
  7.265   730224.823
  6.218   730224.831
  5.318   730224.848
  5.108   730224.854
  4.374   730224.861
  4.406   730224.868
  4.382   730224.877
  4.092   730224.883
  4.024   730224.889
  3.523   730224.896
  3.465   730224.903
  2.630   730224.910
  2.733   730224.918
  3.271   730224.924
  2.777   730224.931
  2.855   730224.938
  4.005   730224.945
  3.117   730224.952
  3.629   730224.960
  3.355   730224.966
  4.009   730224.973
  3.981   730224.980
  4.345   730224.987
  3.785   730224.993
