  0.402   730218.003
  0.655   730218.008
  0.594   730218.015
  0.741   730218.024
  0.689   730218.029
  0.718   730218.036
  0.795   730218.042
  0.677   730218.046
  0.729   730218.050
  0.762   730218.057
  0.705   730218.063
  0.768   730218.071
  0.796   730218.079
  0.674   730218.087
  0.729   730218.091
  0.824   730218.098
  0.746   730218.105
  0.843   730218.112
  0.938   730218.119
  0.829   730218.128
  0.633   730218.133
  0.948   730218.140
  0.948   730218.147
  0.861   730218.154
  0.887   730218.161
  1.056   730218.169
  0.980   730218.175
  0.917   730218.182
  0.964   730218.189
  0.994   730218.196
  0.973   730218.203
  0.929   730218.211
  0.954   730218.216
  0.886   730218.223
  1.075   730218.230
  0.883   730218.237
  0.970   730218.246
  0.898   730218.253
  0.864   730218.258
  0.801   730218.265
  0.952   730218.272
  0.905   730218.279
  0.808   730218.286
  0.897   730218.294
  0.938   730218.300
  0.760   730218.307
  0.868   730218.313
  0.920   730218.321
  0.832   730218.328
  0.810   730218.336
  0.831   730218.341
  0.810   730218.348
  0.830   730218.355
  0.613   730218.362
  0.885   730218.369
  0.780   730218.377
  0.786   730218.383
  0.777   730218.390
  0.742   730218.397
  0.654   730218.404
  0.710   730218.413
  0.614   730218.419
  0.696   730218.426
  0.712   730218.436
  0.766   730218.443
  0.654   730218.450
  0.697   730218.458
  0.578   730218.462
  0.615   730218.466
  0.691   730218.473
  0.641   730218.480
  0.644   730218.487
  0.636   730218.494
  0.720   730218.502
  0.688   730218.508
  0.741   730218.515
  0.662   730218.522
  0.729   730218.529
  0.718   730218.536
  0.801   730218.544
  0.679   730218.550
  2.080   730218.557
  1.372   730218.564
  0.774   730218.571
  0.819   730218.580
  0.705   730218.586
  0.746   730218.591
  0.590   730218.598
  0.869   730218.605
  0.816   730218.612
  0.733   730218.619
  0.829   730218.627
  0.870   730218.633
  0.763   730218.640
  0.798   730218.647
  0.785   730218.654
  0.859   730218.661
  0.894   730218.669
  0.809   730218.675
  0.908   730218.682
  0.931   730218.689
  0.996   730218.696
  0.912   730218.703
  0.942   730218.711
  0.900   730218.716
  0.881   730218.723
  0.835   730218.730
  0.853   730218.737
  0.899   730218.746
  0.913   730218.753
  0.963   730218.758
  0.877   730218.765
  0.849   730218.772
  0.933   730218.779
  0.895   730218.786
  0.987   730218.794
  0.813   730218.800
  0.940   730218.807
  0.894   730218.814
  0.887   730218.821
  0.649   730218.827
  0.856   730218.835
  0.988   730218.842
  0.936   730218.848
  0.881   730218.855
  0.949   730218.862
  1.002   730218.869
  0.997   730218.878
  0.871   730218.883
  0.849   730218.890
  0.943   730218.897
  0.997   730218.904
  1.080   730218.914
  1.065   730218.921
  0.901   730218.925
  0.956   730218.932
  0.996   730218.939
  1.051   730218.946
  1.111   730218.953
  1.069   730218.961
  0.976   730218.967
  0.974   730218.974
  1.031   730218.980
  1.099   730218.987
  0.885   730218.994
