 60.665   730218.001
    NaN   730218.007
 98.603   730218.014
 94.790   730218.022
 88.031   730218.029
    NaN   730218.035
 73.849   730218.040
 55.705   730218.044
 58.319   730218.049
 48.980   730218.056
 13.261   730218.062
  1.246   730218.070
  1.117   730218.078
  0.977   730218.086
  1.092   730218.091
  0.927   730218.098
  0.965   730218.105
  0.969   730218.111
  1.020   730218.118
  1.066   730218.126
  1.027   730218.132
  1.095   730218.139
  1.028   730218.146
  1.090   730218.154
  1.065   730218.160
  1.041   730218.168
  0.899   730218.174
  0.997   730218.181
  1.000   730218.188
  1.100   730218.195
  1.197   730218.202
  1.174   730218.210
  1.066   730218.216
  1.165   730218.223
  1.156   730218.230
  1.110   730218.236
  1.154   730218.244
  1.136   730218.251
  1.067   730218.257
  1.068   730218.264
  1.017   730218.271
  1.074   730218.278
  1.093   730218.285
  1.015   730218.293
  1.068   730218.299
  0.960   730218.306
  0.924   730218.312
  1.037   730218.320
  1.021   730218.327
  1.139   730218.335
  0.935   730218.341
  0.828   730218.348
  0.963   730218.355
  0.876   730218.362
  1.031   730218.368
  1.834   730218.376
  0.999   730218.382
  0.884   730218.389
  0.951   730218.396
  1.091   730218.403
  1.045   730218.411
  1.006   730218.418
  1.007   730218.424
  0.996   730218.433
  0.945   730218.440
  0.963   730218.447
  1.098   730218.454
  1.135   730218.460
  0.989   730218.466
  1.786   730218.473
  1.156   730218.480
  1.209   730218.486
  1.115   730218.493
  1.034   730218.501
  0.999   730218.507
  0.998   730218.514
  1.298   730218.521
  1.233   730218.528
  1.006   730218.535
  1.086   730218.543
  1.053   730218.549
  4.106   730218.556
  3.543   730218.563
  1.137   730218.570
  1.225   730218.578
  1.314   730218.585
  1.164   730218.591
  1.294   730218.598
  1.036   730218.605
  1.062   730218.611
  1.467   730218.618
  1.398   730218.626
  1.154   730218.632
  1.057   730218.639
  1.198   730218.646
  1.214   730218.653
  1.259   730218.660
  1.644   730218.668
  1.311   730218.674
  1.101   730218.681
  1.286   730218.688
  1.133   730218.695
  1.377   730218.702
  1.244   730218.710
  1.392   730218.716
  1.427   730218.723
  1.552   730218.730
  1.274   730218.737
  1.177   730218.744
  1.175   730218.752
  1.324   730218.757
  1.333   730218.764
  1.344   730218.771
  1.263   730218.778
 18.887   730218.785
  1.335   730218.793
  1.352   730218.799
  1.534   730218.806
  1.375   730218.813
  1.208   730218.820
  1.457   730218.827
  1.334   730218.834
  1.172   730218.841
  1.310   730218.848
  1.360   730218.855
  1.228   730218.862
  1.366   730218.868
  1.330   730218.877
  1.176   730218.882
  1.562   730218.889
  1.323   730218.896
  1.352   730218.903
  1.490   730218.911
  1.248   730218.920
  1.237   730218.924
  1.572   730218.931
  1.334   730218.938
  1.357   730218.945
  1.378   730218.952
  1.265   730218.960
  1.367   730218.966
  1.343   730218.973
  1.209   730218.980
  1.444   730218.987
  1.302   730218.993
