  0.452   730218.002
  0.512   730218.008
  0.572   730218.015
  0.545   730218.023
  0.652   730218.029
  0.567   730218.036
  0.720   730218.041
  0.704   730218.045
  0.860   730218.050
  0.731   730218.057
  1.053   730218.063
  0.938   730218.070
  0.786   730218.079
 10.734   730218.087
  0.813   730218.091
  0.657   730218.098
  1.117   730218.105
  0.877   730218.112
  1.202   730218.119
  0.857   730218.127
  1.142   730218.133
  0.855   730218.140
  1.087   730218.147
  1.073   730218.154
  0.990   730218.161
  1.310   730218.169
  1.256   730218.175
  1.271   730218.182
  1.021   730218.188
  1.362   730218.195
  1.765   730218.202
  1.695   730218.211
  1.512   730218.216
  1.483   730218.223
  1.201   730218.230
  1.428   730218.237
  1.614   730218.246
  1.920   730218.252
  1.636   730218.258
  1.544   730218.265
  3.849   730218.272
  1.639   730218.279
  1.677   730218.286
  1.840   730218.294
  2.128   730218.300
  2.395   730218.306
  1.301   730218.312
  3.574   730218.320
  7.946   730218.327
  1.805   730218.336
  2.144   730218.341
  2.348   730218.348
  2.347   730218.355
  2.165   730218.362
  1.989   730218.369
  1.940   730218.377
  1.968   730218.383
  1.363   730218.390
  1.349   730218.397
  1.170   730218.404
  1.111   730218.413
  1.011   730218.419
  0.971   730218.426
  1.052   730218.435
  1.065   730218.443
  0.879   730218.449
  1.038   730218.457
  1.018   730218.462
  1.023   730218.466
  1.051   730218.473
  0.913   730218.480
  0.895   730218.487
  0.911   730218.494
  0.916   730218.502
  0.857   730218.508
  1.026   730218.515
  1.010   730218.522
  0.932   730218.529
  0.864   730218.536
  0.958   730218.544
  1.031   730218.550
  3.427   730218.557
  2.276   730218.564
  0.957   730218.570
  0.983   730218.579
 12.934   730218.585
  1.088   730218.591
  0.929   730218.598
  0.944   730218.605
  0.846   730218.612
  0.844   730218.619
  0.714   730218.627
  0.654   730218.633
  0.825   730218.640
  0.779   730218.647
  0.824   730218.654
  0.755   730218.661
  0.795   730218.669
  0.797   730218.675
  0.739   730218.682
  0.675   730218.688
  0.740   730218.695
  0.705   730218.702
  0.755   730218.711
  0.768   730218.716
  0.677   730218.723
  0.655   730218.730
  0.755   730218.737
  0.783   730218.746
  0.725   730218.753
  0.781   730218.758
  0.710   730218.765
  0.687   730218.772
  0.717   730218.779
  0.728   730218.786
  0.712   730218.794
  0.664   730218.800
  0.579   730218.807
  0.648   730218.814
  0.715   730218.820
  0.688   730218.827
  0.698   730218.835
  0.717   730218.841
  0.715   730218.848
  0.701   730218.855
  0.776   730218.862
  0.732   730218.869
  0.641   730218.878
  0.684   730218.883
  0.764   730218.890
  0.645   730218.897
  0.787   730218.904
  0.697   730218.913
  0.752   730218.921
  0.774   730218.925
  0.707   730218.932
  0.763   730218.939
  0.752   730218.945
  0.817   730218.952
  0.749   730218.961
  0.785   730218.966
  0.714   730218.973
  0.886   730218.980
  0.841   730218.987
  0.995   730218.994
