  0.453   730103.792
  0.654   730103.799
  0.626   730103.806
  0.721   730103.813
  0.670   730103.820
  0.719   730103.827
  0.628   730103.833
  0.637   730103.841
  0.619   730103.847
  0.642   730103.854
  0.654   730103.861
  0.625   730103.868
  0.793   730103.875
  0.738   730103.882
  0.817   730103.889
  0.798   730103.896
  0.717   730103.903
  0.791   730103.910
  0.728   730103.917
  0.880   730103.924
  0.751   730103.931
  0.897   730103.938
  0.796   730103.944
  0.840   730103.951
  0.767   730103.958
  0.815   730103.966
  0.643   730103.972
  0.733   730103.979
  0.791   730103.987
  0.664   730103.993
