  0.560   729809.000
  0.530   729809.000
  0.450   729809.010
  0.510   729809.020
  0.500   729809.020
  0.430   729809.030
  0.470   729809.040
  0.480   729809.050
  0.470   729809.050
  0.500   729809.060
  0.510   729809.070
  0.530   729809.070
  0.490   729809.080
  3.650   729809.090
  4.630   729809.090
  0.000   729809.100
  0.000   729809.110
  0.000   729809.110
  0.000   729809.120
  2.010   729809.130
  2.080   729809.140
  7.950   729809.140
  8.070   729809.150
  0.000   729809.160
  0.000   729809.160
  1.630   729809.170
  2.530   729809.180
  0.760   729809.180
  7.130   729809.190
  0.000   729809.200
  0.000   729809.200
  0.000   729809.210
  0.000   729809.220
  0.000   729809.230
  0.000   729809.230
  0.000   729809.240
  0.000   729809.250
  0.000   729809.250
  5.730   729809.260
  0.940   729809.270
  0.950   729809.270
  0.980   729809.280
  0.920   729809.290
  1.000   729809.300
  1.030   729809.300
  1.020   729809.310
  1.020   729809.320
  1.130   729809.320
  1.090   729809.330
  1.110   729809.340
  1.210   729809.340
  1.210   729809.350
  1.300   729809.360
  1.270   729809.360
  1.250   729809.370
  1.080   729809.380
  1.260   729809.390
  1.310   729809.390
  1.090   729809.400
  1.160   729809.410
  1.070   729809.410
  1.030   729809.420
  1.050   729809.430
  1.110   729809.430
  1.040   729809.440
  0.990   729809.450
  1.030   729809.450
  1.040   729809.460
  0.950   729809.470
    NaN   729809.480
  5.210   729809.480
  0.890   729809.490
  0.880   729809.500
  0.920   729809.500
  0.860   729809.510
  0.900   729809.520
  0.940   729809.520
  0.900   729809.530
  0.860   729809.540
  0.810   729809.550
  0.950   729809.550
  0.830   729809.560
  0.830   729809.570
  0.810   729809.570
  0.790   729809.580
  0.740   729809.590
  0.770   729809.590
  0.820   729809.600
  0.720   729809.610
  0.780   729809.610
  0.790   729809.620
  0.820   729809.630
  0.770   729809.640
  0.770   729809.640
  0.750   729809.650
  0.710   729809.660
  0.770   729809.660
  0.740   729809.670
  0.750   729809.680
  0.730   729809.680
  0.720   729809.690
  0.750   729809.700
  0.700   729809.700
  0.780   729809.710
  0.780   729809.720
  0.690   729809.730
  0.760   729809.730
  0.740   729809.740
  0.810   729809.750
  0.690   729809.750
  0.790   729809.760
  0.730   729809.770
  0.750   729809.770
  0.710   729809.780
  0.680   729809.790
  0.680   729809.800
  0.730   729809.800
  0.830   729809.820
  0.720   729809.820
  0.820   729809.830
  0.710   729809.840
  0.710   729809.840
  0.700   729809.850
  0.710   729809.860
  0.750   729809.860
  0.700   729809.870
  0.750   729809.880
  4.270   729809.890
  4.840   729809.890
  0.800   729809.900
  0.780   729809.910
  0.770   729809.920
  0.770   729809.930
  0.750   729809.930
  0.860   729809.940
  0.800   729809.950
  0.750   729809.950
  0.770   729809.960
  0.840   729809.970
    NaN   729809.980
  0.860   729809.980
  0.730   729809.990
