  1.330   730009.000
  1.390   730009.000
  1.340   730009.010
  1.340   730009.020
  1.530   730009.020
  1.550   730009.030
  1.790   730009.040
  1.740   730009.050
  1.690   730009.050
  1.620   730009.060
  1.530   730009.070
  1.390   730009.070
  1.560   730009.080
  1.370   730009.090
  1.220   730009.090
  1.250   730009.100
  1.280   730009.110
  1.180   730009.110
  1.020   730009.120
  1.070   730009.130
  1.060   730009.140
  1.260   730009.140
  1.240   730009.150
  1.200   730009.160
  1.160   730009.160
  1.100   730009.170
  1.150   730009.180
  1.240   730009.180
  1.180   730009.190
  1.130   730009.200
  1.230   730009.200
  1.070   730009.210
  1.010   730009.220
  1.030   730009.230
  0.930   730009.230
  1.080   730009.240
  1.040   730009.250
  0.980   730009.250
  0.980   730009.260
  0.970   730009.270
  0.960   730009.270
  0.880   730009.280
  0.910   730009.290
  0.940   730009.300
  0.930   730009.300
  0.920   730009.310
  1.000   730009.320
  0.940   730009.320
  0.860   730009.330
  0.830   730009.340
  0.850   730009.340
  0.840   730009.350
  0.890   730009.360
  0.920   730009.360
  0.900   730009.370
  0.900   730009.380
  0.830   730009.390
  0.760   730009.390
  0.810   730009.400
  0.960   730009.410
  0.950   730009.410
  0.790   730009.420
  0.930   730009.430
  0.930   730009.430
  0.980   730009.440
  0.930   730009.450
  0.930   730009.450
  0.910   730009.460
  0.890   730009.470
  0.840   730009.480
  0.920   730009.480
  0.950   730009.490
  0.890   730009.500
  0.880   730009.500
  0.850   730009.510
  0.950   730009.520
  0.890   730009.520
  0.850   730009.530
  0.870   730009.540
  0.990   730009.550
  1.040   730009.550
  0.980   730009.560
  0.950   730009.570
  0.980   730009.570
  1.110   730009.580
  1.010   730009.590
  1.040   730009.590
  0.880   730009.600
  1.020   730009.610
  1.040   730009.610
  0.980   730009.620
  0.990   730009.630
  1.030   730009.640
  1.060   730009.640
  0.970   730009.650
  1.000   730009.660
  0.920   730009.660
  0.970   730009.670
  1.030   730009.680
  0.930   730009.680
  1.060   730009.690
  0.960   730009.700
  0.940   730009.700
  0.970   730009.710
  0.920   730009.720
  0.880   730009.730
  0.970   730009.730
  0.890   730009.740
  0.850   730009.750
  0.850   730009.750
  0.880   730009.760
  0.880   730009.770
  0.850   730009.770
  0.850   730009.780
  0.840   730009.790
  0.780   730009.800
  0.900   730009.800
  0.880   730009.810
  0.850   730009.820
  0.880   730009.820
  0.760   730009.830
  0.750   730009.840
  0.750   730009.840
  0.680   730009.850
  0.790   730009.860
    NaN   730009.860
    NaN   730009.870
  0.860   730009.880
  0.850   730009.890
  0.870   730009.890
  0.780   730009.900
  0.800   730009.910
  0.760   730009.910
  0.740   730009.920
  0.710   730009.930
  0.790   730009.930
  0.830   730009.940
  0.720   730009.950
  0.730   730009.950
  0.720   730009.960
  0.760   730009.970
  0.790   730009.980
  0.770   730009.980
  0.760   730009.990
