  0.557   730397.003
  1.249   730397.003
  0.537   730397.010
  0.527   730397.017
  0.678   730397.024
  0.581   730397.031
  0.587   730397.038
  0.564   730397.045
  0.665   730397.051
  0.492   730397.057
  0.607   730397.065
  0.638   730397.073
  0.613   730397.079
  0.633   730397.086
  0.581   730397.093
  0.630   730397.100
  0.670   730397.107
  0.602   730397.115
  0.639   730397.121
  0.616   730397.128
  0.643   730397.135
  0.524   730397.142
  0.611   730397.149
  0.516   730397.156
  0.567   730397.163
  0.625   730397.169
  0.572   730397.176
  0.566   730397.183
  0.560   730397.190
  0.635   730397.198
  0.564   730397.204
  0.550   730397.211
  0.519   730397.218
  0.595   730397.225
  0.548   730397.232
  0.526   730397.240
  0.530   730397.246
  0.600   730397.253
  0.596   730397.260
  0.492   730397.267
  0.511   730397.274
  0.533   730397.281
  0.523   730397.288
  0.463   730397.295
  0.538   730397.301
  0.485   730397.308
  0.556   730397.315
  0.542   730397.323
  0.586   730397.329
  0.527   730397.336
  0.476   730397.343
  0.476   730397.350
  0.528   730397.357
  0.488   730397.365
  0.558   730397.371
  0.521   730397.378
  0.582   730397.385
  0.576   730397.392
  0.573   730397.399
  0.535   730397.406
  0.592   730397.413
  0.604   730397.419
  0.529   730397.426
  0.506   730397.433
  0.598   730397.440
  0.534   730397.448
  0.510   730397.454
  0.561   730397.462
  0.559   730397.468
  0.512   730397.475
  0.555   730397.482
  0.508   730397.490
  0.496   730397.496
  0.510   730397.503
  0.523   730397.510
  0.508   730397.517
  0.504   730397.524
  0.549   730397.531
  0.471   730397.538
  0.533   730397.545
  0.498   730397.551
  0.487   730397.558
  0.507   730397.565
  1.229   730397.573
  0.474   730397.580
  0.491   730397.586
  0.474   730397.593
  0.526   730397.600
  0.467   730397.607
  0.469   730397.615
  0.499   730397.621
  0.889   730397.628
  0.430   730397.628
  0.498   730397.635
  0.501   730397.642
  0.449   730397.649
  0.476   730397.656
  0.454   730397.663
  0.476   730397.670
  0.505   730397.677
  0.426   730397.683
  0.433   730397.690
  0.493   730397.698
  0.404   730397.705
  0.478   730397.711
  0.416   730397.718
  0.429   730397.725
  0.415   730397.732
  0.440   730397.741
  0.453   730397.747
  0.399   730397.753
  0.419   730397.760
  0.397   730397.767
  0.411   730397.773
  1.521   730397.781
  0.424   730397.787
  0.427   730397.793
  0.378   730397.800
  1.665   730397.807
  0.406   730397.814
  0.404   730397.822
  0.421   730397.828
  0.368   730397.835
  0.412   730397.842
  0.369   730397.849
  1.406   730397.855
  0.311   730397.863
  3.403   730397.869
  0.376   730397.876
  0.350   730397.883
  0.406   730397.904
  0.387   730397.904
  0.384   730397.908
  0.397   730397.911
  0.307   730397.918
  0.366   730397.925
  0.357   730397.932
  0.331   730397.939
  0.346   730397.947
  0.364   730397.953
  0.330   730397.960
  0.356   730397.967
  0.331   730397.974
  0.304   730397.981
  0.320   730397.988
  0.324   730397.994
