  0.828   730397.003
  0.219   730397.003
  0.262   730397.010
  0.280   730397.017
  0.261   730397.024
  0.284   730397.031
  0.236   730397.038
  0.203   730397.045
  0.255   730397.051
  0.187   730397.057
  0.240   730397.065
  0.882   730397.073
  0.296   730397.079
  1.464   730397.086
  0.255   730397.093
  0.275   730397.100
  1.209   730397.107
  2.022   730397.115
  2.106   730397.121
  2.021   730397.128
  1.602   730397.135
  0.297   730397.142
  0.267   730397.149
  0.259   730397.156
  0.431   730397.163
  0.282   730397.169
  0.795   730397.176
  0.281   730397.183
  0.228   730397.190
  0.217   730397.198
  0.231   730397.204
  0.251   730397.211
  0.289   730397.218
  0.768   730397.225
  0.771   730397.232
  0.929   730397.240
  1.102   730397.246
  1.740   730397.253
  1.723   730397.260
  1.545   730397.267
  1.797   730397.274
  1.645   730397.281
  1.728   730397.288
  1.698   730397.295
  1.732   730397.301
  1.543   730397.308
  1.842   730397.315
  1.519   730397.323
  1.886   730397.329
  1.659   730397.336
  2.927   730397.343
  1.678   730397.350
  1.555   730397.357
  1.665   730397.365
  1.590   730397.371
  1.471   730397.378
  1.524   730397.385
  1.617   730397.392
  1.419   730397.399
  1.835   730397.406
  1.504   730397.413
  1.520   730397.419
  1.673   730397.426
  1.553   730397.433
  1.622   730397.440
  1.446   730397.448
  1.470   730397.454
  1.656   730397.462
  1.625   730397.468
  1.548   730397.475
  1.437   730397.482
  1.719   730397.490
  1.563   730397.496
  1.531   730397.503
  1.425   730397.510
  1.103   730397.517
  0.947   730397.524
  0.642   730397.531
  0.319   730397.538
  0.311   730397.545
  0.360   730397.551
  0.301   730397.558
  0.289   730397.565
  0.304   730397.573
  0.357   730397.580
  0.284   730397.586
  0.334   730397.593
  0.277   730397.600
  0.306   730397.607
  0.268   730397.615
  0.269   730397.621
  0.263   730397.628
  0.208   730397.628
  0.292   730397.635
  0.275   730397.642
  0.265   730397.649
  0.266   730397.656
  0.281   730397.663
  0.242   730397.670
  0.781   730397.677
  0.290   730397.683
  0.269   730397.690
  0.265   730397.698
  0.290   730397.705
  0.278   730397.711
  0.282   730397.718
  0.255   730397.725
  0.260   730397.732
  0.237   730397.741
  0.262   730397.747
  0.282   730397.753
  0.278   730397.760
  0.260   730397.767
  0.291   730397.773
  0.275   730397.781
  0.861   730397.787
  0.256   730397.793
  0.297   730397.800
  0.444   730397.807
  0.338   730397.814
  0.285   730397.822
  0.892   730397.828
  0.305   730397.835
  4.151   730397.842
  0.268   730397.849
  0.311   730397.855
  0.289   730397.863
  0.289   730397.869
  0.852   730397.876
  0.462   730397.883
  0.363   730397.904
  0.374   730397.904
  0.414   730397.908
  0.463   730397.911
  0.328   730397.918
  0.335   730397.925
  0.378   730397.932
  0.313   730397.939
  0.381   730397.947
  0.354   730397.953
  0.355   730397.960
  0.321   730397.967
  0.337   730397.974
  0.327   730397.981
  0.345   730397.988
  0.345   730397.994
