  0.197   730397.006
  0.948   730397.006
  0.806   730397.013
  0.081   730397.020
  0.691   730397.020
  0.650   730397.027
  0.653   730397.034
  0.507   730397.034
  0.303   730397.034
  0.817   730397.041
  0.574   730397.048
  0.625   730397.055
  0.160   730397.062
  0.615   730397.062
  0.649   730397.069
  0.674   730397.076
  0.463   730397.083
  0.413   730397.083
  0.928   730397.090
  0.693   730397.097
  0.369   730397.097
  0.722   730397.104
  0.324   730397.111
  0.612   730397.111
  0.534   730397.118
  2.904   730397.124
  1.240   730397.131
  2.553   730397.131
  2.526   730397.138
  0.896   730397.145
  1.195   730397.145
  1.926   730397.152
  0.316   730397.159
  0.346   730397.159
  0.439   730397.166
  0.474   730397.173
  0.324   730397.180
  0.224   730397.180
  0.478   730397.187
  0.433   730397.194
  0.283   730397.201
  0.295   730397.201
  0.104   730397.208
  0.390   730397.208
  0.362   730397.215
  0.311   730397.222
  0.337   730397.229
  0.192   730397.236
  0.283   730397.236
  0.313   730397.243
  0.250   730397.249
  0.186   730397.249
  0.119   730397.249
  0.261   730397.256
  0.225   730397.263
  0.218   730397.263
  0.363   730397.270
  0.192   730397.277
  0.336   730397.277
  0.353   730397.284
  0.347   730397.291
  0.012   730397.291
  0.345   730397.298
  0.308   730397.305
  0.162   730397.305
  0.396   730397.312
  0.405   730397.319
  0.309   730397.326
  0.376   730397.326
  0.423   730397.333
  0.419   730397.340
  0.316   730397.347
  0.302   730397.347
  0.543   730397.354
  0.151   730397.354
  0.412   730397.361
  0.301   730397.368
  0.284   730397.368
  0.497   730397.374
  0.457   730397.381
  0.205   730397.388
  0.423   730397.388
  0.385   730397.395
  0.237   730397.395
  0.447   730397.402
  0.408   730397.409
  0.589   730397.416
  0.232   730397.423
  0.415   730397.423
  0.403   730397.430
  0.269   730397.437
  0.238   730397.437
  0.424   730397.444
  0.163   730397.444
  0.362   730397.451
  0.334   730397.458
  0.423   730397.465
  0.131   730397.472
  0.367   730397.472
  0.374   730397.479
  0.417   730397.486
  0.251   730397.492
  0.338   730397.492
  0.165   730397.492
  0.441   730397.499
  0.424   730397.506
  0.443   730397.513
  0.193   730397.513
  0.483   730397.520
  0.459   730397.527
  0.326   730397.534
  0.349   730397.534
  0.372   730397.541
  0.313   730397.541
  0.464   730397.548
  0.514   730397.555
  0.157   730397.562
  0.682   730397.562
  0.715   730397.569
  0.405   730397.576
  0.413   730397.576
  0.570   730397.583
  0.553   730397.590
  0.211   730397.590
  0.587   730397.597
  0.278   730397.604
  0.459   730397.604
  0.316   730397.611
  0.510   730397.611
  0.499   730397.618
  0.314   730397.624
  0.393   730397.624
  0.522   730397.631
  0.229   730397.638
  0.578   730397.638
  0.521   730397.645
  0.210   730397.645
  0.528   730397.652
  0.483   730397.659
  0.492   730397.666
  0.192   730397.666
  0.552   730397.673
  0.280   730397.680
  0.465   730397.680
  0.489   730397.687
  0.501   730397.694
  0.084   730397.694
  0.446   730397.701
  0.504   730397.708
  0.480   730397.715
  0.431   730397.722
  0.049   730397.722
  0.424   730397.729
  0.484   730397.736
  0.430   730397.743
  0.296   730397.743
  0.331   730397.749
  0.411   730397.749
  0.525   730397.756
  0.427   730397.763
  0.240   730397.770
  0.769   730397.770
  1.010   730397.777
  0.325   730397.784
  0.615   730397.784
  0.519   730397.791
  0.180   730397.791
  1.019   730397.798
  1.099   730397.805
  1.155   730397.812
  0.499   730397.819
  0.647   730397.819
  0.674   730397.826
  0.474   730397.833
  0.784   730397.833
  0.773   730397.840
  0.283   730397.840
  0.755   730397.847
  1.267   730397.854
  0.679   730397.860
  0.376   730397.867
  0.638   730397.867
  0.156   730397.874
  0.729   730397.874
  0.759   730397.881
  0.680   730397.900
  0.689   730397.900
  0.626   730397.902
  0.188   730397.909
  0.837   730397.909
  0.675   730397.916
  1.020   730397.916
  0.904   730397.923
  0.709   730397.930
  0.697   730397.937
  0.039   730397.944
  0.627   730397.944
  0.271   730397.951
  0.678   730397.951
  0.822   730397.958
  0.488   730397.965
  0.326   730397.965
  0.622   730397.972
  0.611   730397.979
  0.608   730397.985
  0.375   730397.992
  0.442   730397.992
  0.527   730397.999
