  1.830   730156.006
  1.815   730156.011
  1.675   730156.017
  1.753   730156.024
  1.780   730156.031
  1.622   730156.037
  1.642   730156.044
  1.617   730156.051
  1.500   730156.058
  1.542   730156.065
  1.552   730156.081
  1.749   730156.086
  1.550   730156.114
  1.551   730156.121
  1.369   730156.128
  1.375   730156.135
  1.439   730156.142
  1.489   730156.149
  1.343   730156.156
  1.473   730156.162
  1.477   730156.169
  1.336   730156.176
  1.475   730156.183
  1.463   730156.190
  1.295   730156.197
  1.322   730156.204
  1.361   730156.211
  1.278   730156.218
  1.266   730156.225
  1.357   730156.232
  1.260   730156.239
  1.349   730156.246
  1.249   730156.253
  1.331   730156.260
  1.210   730156.267
  1.188   730156.274
  1.209   730156.281
  1.372   730156.287
  1.243   730156.294
  1.275   730156.301
  1.213   730156.308
  1.366   730156.315
  1.187   730156.322
  1.356   730156.343
  1.299   730156.350
  1.269   730156.357
  1.133   730156.364
  1.499   730156.371
  1.227   730156.378
  1.296   730156.385
  1.228   730156.392
  1.264   730156.399
  1.217   730156.406
  1.190   730156.412
  1.221   730156.419
  1.188   730156.426
  1.346   730156.433
  1.289   730156.440
  1.212   730156.447
  1.231   730156.455
  1.098   730156.461
  1.158   730156.468
  1.208   730156.475
  1.088   730156.482
  1.222   730156.489
  1.092   730156.496
  1.292   730156.503
  1.103   730156.510
  1.137   730156.517
  1.127   730156.524
  1.278   730156.531
  0.995   730156.537
  1.232   730156.544
  1.229   730156.551
  1.249   730156.558
  1.157   730156.565
  1.122   730156.572
  1.197   730156.579
  1.114   730156.586
  1.226   730156.593
  1.232   730156.600
  1.156   730156.607
  1.262   730156.614
  1.195   730156.621
  1.292   730156.628
  1.265   730156.635
  1.184   730156.642
  1.149   730156.649
  1.190   730156.656
  1.162   730156.662
  1.236   730156.669
  1.488   730156.676
  1.324   730156.683
  1.147   730156.690
  1.315   730156.697
  1.213   730156.704
  1.169   730156.711
  1.260   730156.718
  1.236   730156.732
  1.219   730156.739
  1.095   730156.746
  1.119   730156.753
  1.344   730156.760
  1.232   730156.767
  1.139   730156.774
  1.196   730156.781
  1.378   730156.787
  1.129   730156.794
  1.261   730156.801
  1.196   730156.808
    NaN   730156.815
  1.173   730156.822
  1.056   730156.829
  1.210   730156.836
  1.200   730156.843
  1.190   730156.850
  1.194   730156.857
  1.193   730156.878
  1.240   730156.885
  1.075   730156.892
  1.121   730156.899
  1.204   730156.906
  1.238   730156.912
  1.117   730156.919
  1.158   730156.926
  1.355   730156.933
  1.236   730156.940
  1.238   730156.947
  1.193   730156.954
  1.160   730156.961
  1.106   730156.968
  1.210   730156.975
  1.236   730156.982
  1.177   730156.989
  1.100   730156.996
