  0.327   730156.003
  0.351   730156.009
  0.381   730156.015
  0.464   730156.022
  0.327   730156.029
  0.280   730156.036
  0.303   730156.043
  0.284   730156.050
  0.390   730156.057
  0.315   730156.064
  0.292   730156.075
  0.253   730156.078
  0.266   730156.085
  0.258   730156.113
  0.232   730156.119
  0.231   730156.126
  0.235   730156.133
  0.218   730156.140
  0.193   730156.147
  0.203   730156.154
  0.198   730156.161
  0.197   730156.168
  0.215   730156.175
  0.216   730156.182
  0.204   730156.189
  0.189   730156.196
  0.193   730156.203
  0.196   730156.210
  0.203   730156.217
  0.188   730156.224
  0.177   730156.231
  0.194   730156.238
  0.209   730156.244
  0.186   730156.251
  0.178   730156.258
  0.200   730156.265
  0.184   730156.272
  0.183   730156.279
  0.175   730156.286
  0.214   730156.293
  0.172   730156.300
  0.188   730156.307
  0.188   730156.314
  0.170   730156.321
  0.166   730156.342
  0.192   730156.349
  0.173   730156.356
  0.195   730156.363
  0.153   730156.369
  0.179   730156.376
  0.178   730156.383
  0.178   730156.390
  0.397   730156.397
  0.169   730156.404
  0.196   730156.411
  0.189   730156.418
  0.182   730156.425
    NaN   730156.432
  0.185   730156.439
  0.187   730156.446
  0.183   730156.453
  0.169   730156.460
  0.185   730156.467
  0.168   730156.474
  0.183   730156.481
  0.372   730156.488
  0.223   730156.494
  0.194   730156.501
  0.208   730156.508
  1.017   730156.515
  0.810   730156.522
  1.336   730156.529
  0.385   730156.536
  0.210   730156.543
  0.191   730156.550
  0.189   730156.557
  0.207   730156.565
  0.190   730156.571
  1.048   730156.578
  0.327   730156.585
  0.195   730156.592
  0.209   730156.599
  0.184   730156.606
  0.455   730156.613
  0.201   730156.619
  0.199   730156.626
  0.200   730156.633
  0.202   730156.640
  0.199   730156.647
  0.194   730156.654
  0.216   730156.661
  0.198   730156.668
  0.199   730156.675
  0.196   730156.682
  0.194   730156.689
  0.191   730156.696
  0.177   730156.703
  0.184   730156.710
  0.206   730156.717
  0.197   730156.731
  0.197   730156.738
  0.213   730156.744
  0.196   730156.751
  0.195   730156.758
  0.218   730156.765
  0.178   730156.772
  0.219   730156.779
  0.195   730156.786
  0.210   730156.793
  0.200   730156.800
  0.206   730156.807
  0.231   730156.814
  0.197   730156.821
  0.195   730156.828
  0.217   730156.835
  0.201   730156.842
  0.195   730156.849
  0.191   730156.856
  0.210   730156.876
  0.208   730156.883
  0.204   730156.890
  0.222   730156.897
  0.215   730156.904
  0.196   730156.911
  0.205   730156.918
  0.221   730156.925
    NaN   730156.932
  0.233   730156.939
  0.193   730156.946
  0.223   730156.953
  0.211   730156.960
  0.234   730156.967
  0.251   730156.974
  0.253   730156.981
  0.243   730156.988
  0.231   730156.994
