  0.332   730156.000
  0.319   730156.007
  0.357   730156.014
  0.347   730156.021
  0.318   730156.028
  0.303   730156.035
  0.353   730156.042
  0.302   730156.049
  0.326   730156.056
  0.344   730156.062
  1.133   730156.069
  0.368   730156.076
  0.340   730156.083
  0.277   730156.111
  0.371   730156.118
  0.387   730156.125
  0.379   730156.132
  0.355   730156.139
  0.335   730156.146
  0.338   730156.153
  0.336   730156.160
  0.381   730156.167
  0.435   730156.174
  0.356   730156.181
  0.352   730156.188
  0.329   730156.194
  0.361   730156.201
  0.335   730156.208
  0.314   730156.215
  0.340   730156.222
  0.345   730156.229
  0.361   730156.236
  0.342   730156.243
  0.348   730156.250
  0.349   730156.257
  0.308   730156.264
  0.333   730156.271
  0.376   730156.278
  0.346   730156.285
  0.370   730156.292
  0.343   730156.299
  0.337   730156.306
  0.368   730156.312
  0.365   730156.319
  0.359   730156.326
  0.367   730156.340
  0.329   730156.347
  0.377   730156.354
  0.376   730156.361
  0.399   730156.368
  0.368   730156.375
  0.366   730156.382
  0.356   730156.389
  0.350   730156.396
  0.354   730156.403
  0.370   730156.410
  0.313   730156.417
  0.387   730156.424
  0.352   730156.431
  0.378   730156.438
  0.360   730156.444
  0.364   730156.451
  0.385   730156.458
  0.341   730156.465
  0.340   730156.472
  0.349   730156.479
  0.338   730156.486
  1.753   730156.493
  0.345   730156.500
  0.340   730156.507
  0.376   730156.514
  0.395   730156.521
  0.343   730156.528
  0.345   730156.535
  0.371   730156.542
  0.348   730156.549
  0.407   730156.556
  0.383   730156.562
  0.400   730156.569
  0.376   730156.576
  0.390   730156.583
  0.379   730156.590
  0.363   730156.597
  0.374   730156.604
  1.888   730156.611
  0.514   730156.618
  0.369   730156.625
  0.399   730156.632
  0.370   730156.639
  0.402   730156.646
  0.444   730156.653
  0.377   730156.660
  0.384   730156.667
  0.415   730156.674
  0.386   730156.681
  0.371   730156.688
  0.421   730156.694
  0.363   730156.701
  0.397   730156.708
  0.372   730156.715
  0.363   730156.729
  0.418   730156.736
  0.365   730156.743
  0.382   730156.750
  0.400   730156.757
  0.371   730156.764
  0.452   730156.771
  0.381   730156.778
  0.388   730156.785
  0.474   730156.792
  0.369   730156.799
  0.347   730156.806
  0.336   730156.812
  0.418   730156.819
  0.378   730156.826
  0.376   730156.833
  0.381   730156.840
  0.359   730156.847
  0.390   730156.854
  0.382   730156.875
  0.386   730156.882
  0.380   730156.889
  0.345   730156.896
  0.387   730156.903
  0.417   730156.910
  0.436   730156.917
  0.393   730156.924
  0.417   730156.931
  0.333   730156.938
  0.450   730156.944
  0.348   730156.951
  0.420   730156.958
  0.401   730156.965
  0.313   730156.972
  0.383   730156.979
  0.367   730156.986
  0.369   730156.993
