  0.647   730156.006
  0.559   730156.011
  0.568   730156.017
  0.508   730156.024
  0.614   730156.031
  0.451   730156.038
  0.436   730156.044
  0.584   730156.051
  1.776   730156.058
  0.574   730156.065
  0.549   730156.081
  0.488   730156.086
  0.472   730156.115
  0.520   730156.122
  0.507   730156.128
  0.503   730156.135
  0.472   730156.142
  0.443   730156.149
  0.509   730156.156
  0.478   730156.162
  0.504   730156.169
  0.418   730156.176
  0.484   730156.183
  0.418   730156.190
  0.469   730156.198
  0.498   730156.204
  0.487   730156.211
  0.507   730156.218
  0.452   730156.225
  0.452   730156.232
  0.486   730156.239
  0.432   730156.246
  0.390   730156.253
  0.444   730156.260
  0.471   730156.267
  0.478   730156.274
  0.468   730156.281
  0.447   730156.287
  0.496   730156.294
  0.430   730156.301
  0.491   730156.308
  0.449   730156.315
  0.474   730156.322
  0.422   730156.343
  0.451   730156.350
  0.449   730156.357
  0.413   730156.364
  0.426   730156.371
  0.445   730156.378
  0.469   730156.385
  0.444   730156.392
  0.385   730156.399
  0.427   730156.406
  0.481   730156.412
  0.429   730156.419
  0.375   730156.427
  0.407   730156.434
  0.403   730156.441
  0.389   730156.447
  0.397   730156.455
  0.454   730156.462
  0.452   730156.468
  0.421   730156.475
  0.470   730156.482
  0.471   730156.489
  0.417   730156.496
  0.396   730156.503
  0.433   730156.510
  0.420   730156.517
  0.476   730156.524
  0.423   730156.531
  0.353   730156.537
  0.396   730156.544
  0.431   730156.552
  0.434   730156.559
  0.402   730156.566
  0.405   730156.572
  0.353   730156.580
    NaN   730156.586
    NaN   730156.593
    NaN   730156.600
    NaN   730156.607
    NaN   730156.614
    NaN   730156.621
    NaN   730156.628
    NaN   730156.635
    NaN   730156.642
  0.384   730156.649
  0.379   730156.656
  0.363   730156.662
  0.396   730156.669
  0.405   730156.676
  0.372   730156.683
  0.384   730156.690
  0.400   730156.697
  0.371   730156.704
  0.412   730156.711
  0.381   730156.718
  0.364   730156.732
  0.343   730156.739
  0.353   730156.746
  0.352   730156.753
  0.407   730156.760
  0.369   730156.767
  0.385   730156.774
    NaN   730156.781
  0.356   730156.787
  0.386   730156.794
  0.458   730156.801
  0.384   730156.808
  0.430   730156.815
  0.397   730156.822
  0.393   730156.830
  0.399   730156.836
  0.380   730156.844
  0.420   730156.851
  0.363   730156.857
  0.327   730156.878
  0.361   730156.885
  0.363   730156.892
  0.348   730156.899
  0.340   730156.906
  0.359   730156.912
  0.361   730156.920
  0.341   730156.926
  0.396   730156.933
  0.309   730156.940
  0.319   730156.947
  0.348   730156.954
  0.303   730156.961
  0.365   730156.969
  0.343   730156.975
  0.313   730156.982
  0.381   730156.989
  0.352   730156.997
