  0.120   729976.000
  0.120   729976.000
  0.120   729976.010
  0.110   729976.020
  0.120   729976.030
  0.120   729976.030
  0.120   729976.040
  0.140   729976.050
  0.170   729976.050
  0.390   729976.060
  0.120   729976.070
  0.120   729976.070
  0.120   729976.080
  0.120   729976.090
  0.110   729976.100
  0.120   729976.100
  0.120   729976.110
  0.110   729976.120
  0.120   729976.120
  0.150   729976.130
  0.110   729976.140
  0.120   729976.140
  0.120   729976.150
  0.110   729976.160
  0.100   729976.170
  0.110   729976.170
  0.120   729976.180
  0.120   729976.190
  0.110   729976.190
  0.110   729976.200
  0.110   729976.210
  0.110   729976.210
  0.260   729976.220
  0.180   729976.230
  0.110   729976.230
  0.120   729976.240
  0.110   729976.250
  0.110   729976.260
  0.100   729976.260
  0.110   729976.270
  0.110   729976.280
  0.110   729976.280
  0.200   729976.290
  0.110   729976.300
  0.110   729976.300
  0.100   729976.310
  0.100   729976.320
  0.110   729976.320
  0.100   729976.330
  0.110   729976.340
  0.100   729976.350
  0.100   729976.350
  0.110   729976.360
  0.120   729976.370
  0.110   729976.370
  0.110   729976.380
  0.110   729976.390
  0.110   729976.390
  0.110   729976.400
  0.110   729976.410
  0.100   729976.420
  0.120   729976.420
  0.120   729976.430
  0.120   729976.440
  0.100   729976.440
  0.110   729976.450
  0.110   729976.460
  0.100   729976.460
  0.100   729976.470
  0.100   729976.480
  0.110   729976.480
  0.100   729976.490
  0.100   729976.500
  0.100   729976.510
  0.110   729976.510
  0.120   729976.520
  0.110   729976.530
  0.100   729976.530
  0.100   729976.540
  0.110   729976.550
  0.100   729976.550
  0.100   729976.560
  0.120   729976.570
  0.100   729976.570
  0.180   729976.580
  0.110   729976.590
  0.100   729976.600
  0.100   729976.600
  0.100   729976.610
  0.100   729976.620
  0.100   729976.620
  0.110   729976.630
  0.100   729976.640
  0.090   729976.640
  0.100   729976.650
  0.120   729976.660
  0.110   729976.670
  0.100   729976.670
  0.100   729976.680
  0.100   729976.690
  0.100   729976.690
  0.100   729976.700
  0.100   729976.710
  0.110   729976.710
  0.110   729976.720
  0.110   729976.730
  0.140   729976.730
  0.100   729976.740
  0.100   729976.750
  0.460   729976.760
  0.650   729976.760
  0.110   729976.770
  0.100   729976.780
  0.100   729976.780
  0.100   729976.790
  0.120   729976.800
  0.120   729976.800
  0.090   729976.810
  0.100   729976.820
  0.100   729976.820
  0.120   729976.830
  0.160   729976.840
  0.160   729976.850
  0.120   729976.850
  0.120   729976.860
  0.120   729976.870
  0.130   729976.880
  0.090   729976.890
  0.110   729976.900
  0.100   729976.910
  0.100   729976.910
  0.100   729976.920
  0.090   729976.930
  0.110   729976.940
  0.100   729976.940
  0.100   729976.950
  0.160   729976.960
  0.120   729976.960
  0.110   729976.970
  0.100   729976.980
  0.100   729976.980
  0.100   729976.990
