  0.103   730117.001
  0.091   730117.008
  0.091   730117.015
  0.094   730117.022
  0.102   730117.028
  0.111   730117.035
  0.110   730117.042
  0.092   730117.049
  0.086   730117.056
  0.106   730117.063
  0.096   730117.070
  0.120   730117.077
  0.105   730117.084
  0.124   730117.091
  0.107   730117.098
  0.115   730117.105
  0.108   730117.112
  0.117   730117.119
  0.107   730117.126
  0.102   730117.133
  0.116   730117.140
  0.096   730117.147
  0.122   730117.153
  0.121   730117.160
  0.102   730117.168
  0.107   730117.174
  0.131   730117.181
  0.107   730117.188
  0.121   730117.195
  0.112   730117.202
  0.131   730117.209
  0.126   730117.216
  0.107   730117.223
  0.127   730117.230
  0.109   730117.237
  0.111   730117.244
  0.117   730117.251
  0.140   730117.258
  0.132   730117.265
  0.139   730117.272
  0.129   730117.278
  0.131   730117.285
  0.158   730117.292
  0.171   730117.299
  0.166   730117.306
  0.213   730117.313
  0.168   730117.320
  0.173   730117.327
  0.162   730117.334
  0.161   730117.341
  0.169   730117.348
  0.172   730117.355
  0.174   730117.362
  0.163   730117.369
  0.173   730117.376
  0.179   730117.383
  0.201   730117.390
  0.179   730117.397
  0.195   730117.403
  0.184   730117.410
  0.188   730117.417
  0.168   730117.424
  0.161   730117.431
  0.182   730117.438
  0.181   730117.445
  0.180   730117.453
  0.180   730117.459
  0.179   730117.466
  0.177   730117.473
  0.179   730117.480
  0.169   730117.487
  0.180   730117.494
  0.176   730117.501
  0.158   730117.508
  0.151   730117.515
  0.149   730117.522
  0.176   730117.528
  0.174   730117.535
  0.158   730117.542
  0.195   730117.549
  0.157   730117.556
  0.173   730117.563
  0.129   730117.570
  0.176   730117.577
  0.170   730117.584
  0.161   730117.591
  0.160   730117.598
  0.163   730117.605
  0.155   730117.612
  0.158   730117.619
  0.161   730117.626
  0.141   730117.633
  0.180   730117.640
  0.151   730117.647
  0.146   730117.653
  0.533   730117.660
  0.158   730117.667
  0.147   730117.674
  0.142   730117.681
  0.152   730117.688
  0.154   730117.695
  0.158   730117.702
  0.166   730117.709
  0.143   730117.716
  0.148   730117.723
  0.175   730117.730
  0.167   730117.737
  0.146   730117.744
  0.145   730117.751
  0.154   730117.758
  0.142   730117.765
  0.154   730117.772
  0.154   730117.778
  0.173   730117.785
  0.152   730117.792
  0.161   730117.799
  0.141   730117.806
  0.166   730117.813
  0.151   730117.820
  0.149   730117.827
  0.139   730117.834
  0.175   730117.841
  0.168   730117.848
  0.158   730117.855
  0.160   730117.862
  0.152   730117.869
  0.165   730117.876
  0.160   730117.883
  0.157   730117.890
  0.150   730117.897
  0.151   730117.903
  0.159   730117.910
  0.180   730117.917
  0.170   730117.924
  0.158   730117.931
  0.164   730117.938
  0.160   730117.945
  0.166   730117.952
  0.150   730117.959
  0.146   730117.966
  0.164   730117.973
  0.161   730117.980
  0.150   730117.987
  0.158   730117.994
