  0.264   730117.003
  0.241   730117.010
  0.243   730117.017
  0.293   730117.024
  0.270   730117.031
  0.257   730117.037
  0.250   730117.044
  0.291   730117.051
  0.288   730117.058
  0.227   730117.065
  0.280   730117.072
  0.235   730117.079
  0.260   730117.086
  0.296   730117.093
  0.235   730117.100
  0.256   730117.107
    NaN   730117.114
  0.237   730117.121
  0.275   730117.128
  0.261   730117.135
  0.284   730117.142
  0.250   730117.149
  0.260   730117.156
  0.244   730117.162
  0.285   730117.169
  0.268   730117.176
  0.270   730117.183
  0.655   730117.190
  0.261   730117.197
  0.266   730117.204
  0.253   730117.211
  0.268   730117.218
  0.255   730117.225
  0.229   730117.232
  0.250   730117.239
  0.273   730117.246
  0.277   730117.253
  0.268   730117.260
  0.275   730117.267
  0.271   730117.274
  0.250   730117.280
  0.256   730117.287
  0.268   730117.294
  0.291   730117.301
  0.314   730117.308
  0.275   730117.315
  0.253   730117.322
  0.271   730117.329
  0.304   730117.336
  0.315   730117.342
  0.313   730117.350
  0.276   730117.357
  0.283   730117.364
  0.302   730117.371
  0.295   730117.378
  0.302   730117.385
  0.312   730117.392
  0.271   730117.399
  0.299   730117.406
  0.310   730117.412
  0.313   730117.419
  0.317   730117.426
  0.276   730117.433
  0.306   730117.440
  0.302   730117.447
  0.260   730117.455
  0.290   730117.461
  0.269   730117.468
  0.252   730117.475
  0.269   730117.482
  0.275   730117.489
  0.272   730117.496
  0.303   730117.503
  0.263   730117.510
  0.262   730117.517
  0.280   730117.524
  0.283   730117.531
  0.269   730117.537
  0.259   730117.544
  0.260   730117.551
  0.274   730117.558
  0.256   730117.565
  0.298   730117.572
  0.278   730117.579
  0.255   730117.586
  0.263   730117.593
  0.287   730117.600
  0.261   730117.607
  0.251   730117.614
  0.258   730117.621
  0.244   730117.628
  0.260   730117.635
  0.265   730117.642
  0.285   730117.649
  0.825   730117.656
  0.269   730117.662
  0.282   730117.669
  0.280   730117.676
  0.266   730117.683
  0.260   730117.690
  0.258   730117.697
  0.254   730117.704
  0.290   730117.711
  0.292   730117.718
  0.293   730117.725
  0.290   730117.732
  0.284   730117.739
  0.306   730117.746
  0.272   730117.753
  0.277   730117.760
  0.281   730117.767
  0.318   730117.774
  0.301   730117.781
  0.301   730117.787
  0.357   730117.794
  0.342   730117.801
  0.334   730117.808
  0.323   730117.815
  0.313   730117.822
  0.306   730117.829
  0.358   730117.836
  0.388   730117.843
  0.364   730117.850
  0.391   730117.857
  0.393   730117.864
  0.426   730117.871
  0.385   730117.878
  0.434   730117.884
  0.382   730117.892
  0.417   730117.899
  0.367   730117.906
  0.370   730117.912
  0.325   730117.919
  0.384   730117.926
  0.327   730117.933
  0.352   730117.940
  0.416   730117.947
  0.408   730117.954
  0.341   730117.961
  0.437   730117.968
  0.366   730117.975
  0.397   730117.982
  0.352   730117.989
  0.347   730117.996
