  1.319   730117.003
  1.373   730117.010
  1.286   730117.017
  1.328   730117.024
  0.734   730117.031
  1.395   730117.037
  1.414   730117.044
  1.419   730117.051
  1.402   730117.058
  1.395   730117.065
  1.490   730117.072
  1.428   730117.079
  1.373   730117.086
  0.829   730117.093
  1.403   730117.100
  1.423   730117.107
    NaN   730117.114
  1.313   730117.121
  0.758   730117.128
  1.426   730117.135
  1.372   730117.142
  1.465   730117.149
  1.448   730117.156
  1.446   730117.162
  1.433   730117.169
  1.445   730117.176
  1.305   730117.183
  2.937   730117.190
  1.499   730117.197
  1.347   730117.204
  1.434   730117.211
  1.450   730117.218
  0.792   730117.225
  1.376   730117.232
  1.467   730117.239
  0.782   730117.246
  1.357   730117.253
  1.246   730117.260
  0.625   730117.267
  1.311   730117.274
  1.162   730117.281
  0.523   730117.287
  1.305   730117.294
  1.445   730117.301
  0.744   730117.308
  1.375   730117.315
  1.243   730117.322
  1.389   730117.329
  1.332   730117.336
  1.344   730117.343
  1.327   730117.350
  1.316   730117.357
  1.362   730117.364
  1.354   730117.371
  0.774   730117.378
  1.480   730117.385
  1.403   730117.392
  1.268   730117.399
  1.503   730117.406
  1.308   730117.412
  0.745   730117.419
  1.315   730117.426
  1.409   730117.433
  0.797   730117.440
  1.343   730117.447
  1.338   730117.455
  0.911   730117.461
  1.453   730117.468
  1.273   730117.475
  1.466   730117.482
  1.349   730117.489
  1.233   730117.496
  1.322   730117.503
  0.811   730117.510
  0.688   730117.517
  1.309   730117.524
  1.353   730117.531
  1.406   730117.537
  1.331   730117.544
  1.268   730117.551
  1.482   730117.558
  1.359   730117.565
  1.288   730117.572
  1.362   730117.579
  0.745   730117.586
  0.724   730117.593
  1.288   730117.600
  1.241   730117.607
  1.272   730117.614
  1.356   730117.621
  0.779   730117.628
  1.354   730117.635
  1.305   730117.642
  1.257   730117.649
  1.258   730117.656
  1.795   730117.662
  0.801   730117.669
  1.351   730117.676
  1.366   730117.683
  0.712   730117.690
  1.389   730117.697
  0.806   730117.704
  1.450   730117.711
  1.382   730117.718
  0.775   730117.725
  1.354   730117.732
  1.371   730117.739
  1.198   730117.746
  1.361   730117.753
  1.356   730117.760
  1.317   730117.767
  1.421   730117.774
  1.203   730117.781
  1.500   730117.787
  1.481   730117.794
  1.402   730117.801
  1.385   730117.808
  0.869   730117.815
  0.878   730117.822
  1.559   730117.829
  1.421   730117.836
  1.567   730117.843
  0.869   730117.850
  1.486   730117.857
  1.380   730117.864
  1.329   730117.871
  0.875   730117.878
  1.249   730117.885
  1.391   730117.892
  1.291   730117.899
  1.309   730117.906
  1.445   730117.912
  1.408   730117.919
  1.512   730117.926
  1.425   730117.933
  1.375   730117.940
  1.360   730117.947
  1.456   730117.954
  1.401   730117.961
  1.427   730117.968
  1.271   730117.975
  1.368   730117.982
  1.307   730117.989
  1.352   730117.996
