  1.961   730114.000
  1.750   730114.007
  1.725   730114.013
  1.765   730114.021
  1.728   730114.028
  1.655   730114.035
  1.746   730114.042
  1.892   730114.049
  1.657   730114.056
  1.694   730114.062
  1.860   730114.069
  1.895   730114.076
  1.925   730114.083
  1.818   730114.090
  1.856   730114.097
  1.549   730114.104
  1.818   730114.111
  1.661   730114.118
  2.092   730114.125
  1.616   730114.132
  1.736   730114.139
  1.793   730114.146
  1.714   730114.153
  1.735   730114.160
  1.901   730114.167
  1.707   730114.174
  1.635   730114.181
  1.917   730114.188
  2.040   730114.194
  1.823   730114.201
  1.760   730114.208
  1.692   730114.215
  1.645   730114.222
  1.582   730114.229
  1.803   730114.236
  1.836   730114.243
  1.715   730114.250
  1.806   730114.257
  1.722   730114.264
  1.684   730114.271
  1.803   730114.278
  1.748   730114.285
  1.597   730114.292
  1.484   730114.299
  1.600   730114.306
  1.755   730114.312
  1.584   730114.319
  1.783   730114.326
  1.493   730114.333
  1.862   730114.340
  1.881   730114.347
  1.669   730114.354
  1.825   730114.361
  1.699   730114.368
  1.577   730114.374
  1.660   730114.382
  1.556   730114.389
  1.790   730114.396
  1.581   730114.403
  1.575   730114.406
  1.431   730114.417
  1.645   730114.424
  1.769   730114.431
  1.700   730114.438
  1.636   730114.444
  1.732   730114.451
  1.610   730114.458
  1.520   730114.465
  1.891   730114.472
  1.783   730114.479
  1.961   730114.486
  1.598   730114.493
  1.691   730114.499
  1.636   730114.507
  1.649   730114.514
  1.512   730114.521
  1.429   730114.528
  1.782   730114.535
  1.788   730114.542
  1.914   730114.549
  1.717   730114.556
  1.570   730114.562
  1.682   730114.568
  1.656   730114.576
  1.640   730114.580
  1.673   730114.590
  1.828   730114.597
  3.022   730114.604
  1.666   730114.611
  1.848   730114.618
  1.697   730114.625
  1.721   730114.632
  1.843   730114.639
  1.615   730114.646
  1.783   730114.653
  1.664   730114.660
  1.757   730114.667
  1.791   730114.674
  1.666   730114.681
  1.763   730114.688
  1.700   730114.694
  1.718   730114.701
  1.517   730114.708
  1.494   730114.715
  1.857   730114.722
  1.679   730114.729
  1.782   730114.736
  1.698   730114.743
  1.731   730114.750
  1.376   730114.757
  1.682   730114.764
  1.702   730114.771
  1.463   730114.778
  1.414   730114.785
  1.756   730114.792
  1.545   730114.799
  1.656   730114.806
  1.718   730114.812
  1.674   730114.819
  1.457   730114.826
  1.628   730114.833
  1.373   730114.840
  1.703   730114.847
  1.625   730114.854
  1.600   730114.861
  1.542   730114.868
  1.596   730114.875
  1.526   730114.882
  3.435   730114.889
  1.563   730114.896
  1.544   730114.903
    NaN   730114.910
  1.691   730114.917
  1.383   730114.924
  2.741   730114.930
  1.544   730114.938
  1.637   730114.944
  1.443   730114.951
  1.569   730114.958
  1.412   730114.965
  1.527   730114.972
  1.647   730114.979
  1.585   730114.986
  1.546   730114.993
