  0.240   730114.001
  0.229   730114.008
  0.228   730114.015
  0.214   730114.022
  0.194   730114.029
  0.200   730114.036
  0.209   730114.043
  0.206   730114.050
  0.205   730114.057
  0.210   730114.064
  0.192   730114.071
    NaN   730114.078
  6.623   730114.085
  0.197   730114.092
  0.201   730114.099
  0.198   730114.106
  0.211   730114.113
  0.196   730114.119
  0.185   730114.126
  0.206   730114.133
  0.217   730114.140
  0.190   730114.147
  0.205   730114.154
  0.215   730114.161
  0.186   730114.168
  0.199   730114.175
  0.207   730114.182
  0.206   730114.189
  0.233   730114.196
  0.216   730114.203
  0.211   730114.210
  0.191   730114.217
  0.206   730114.224
  0.207   730114.231
  0.194   730114.238
  0.222   730114.244
  0.209   730114.251
  0.203   730114.258
  0.222   730114.265
  0.205   730114.272
  0.204   730114.279
  0.253   730114.286
  0.235   730114.293
  0.221   730114.300
  0.195   730114.307
  0.201   730114.314
  0.193   730114.321
  0.208   730114.328
  0.220   730114.335
  0.223   730114.342
  0.206   730114.349
  0.240   730114.356
  0.260   730114.363
  0.249   730114.369
  0.248   730114.376
  0.214   730114.383
  0.253   730114.390
  0.250   730114.397
  0.244   730114.404
  0.237   730114.411
  0.228   730114.418
  0.233   730114.425
  0.216   730114.432
  0.218   730114.439
  0.236   730114.446
  0.228   730114.453
  0.190   730114.460
  0.231   730114.467
  0.254   730114.474
  0.224   730114.481
  0.222   730114.488
  0.213   730114.494
  0.189   730114.501
  0.210   730114.508
  0.226   730114.515
  0.218   730114.522
  0.227   730114.529
  0.208   730114.536
  0.231   730114.543
  0.215   730114.550
  0.224   730114.557
  0.233   730114.564
  0.233   730114.571
    NaN   730114.578
  4.408   730114.585
  0.232   730114.592
  0.242   730114.599
  0.230   730114.606
  0.212   730114.613
  0.232   730114.619
  0.227   730114.626
  0.235   730114.633
  0.255   730114.640
  0.263   730114.647
  0.244   730114.654
  0.246   730114.661
  0.225   730114.668
  0.221   730114.675
  0.234   730114.682
  0.255   730114.689
  0.223   730114.696
  0.230   730114.703
  0.198   730114.710
  0.239   730114.717
  0.228   730114.724
  0.212   730114.731
  0.216   730114.738
  0.244   730114.744
  0.230   730114.751
  0.221   730114.758
  0.215   730114.765
  0.220   730114.772
  0.215   730114.779
  0.223   730114.786
  0.229   730114.793
  0.190   730114.800
  0.208   730114.807
  0.233   730114.814
  0.218   730114.821
  0.188   730114.828
  0.219   730114.835
  0.230   730114.842
  0.212   730114.849
  0.242   730114.856
  0.248   730114.863
  0.210   730114.869
  0.216   730114.876
  0.199   730114.883
  0.202   730114.890
  0.212   730114.897
  0.190   730114.904
  0.196   730114.911
  0.220   730114.918
  0.222   730114.925
  0.200   730114.932
  0.219   730114.939
  0.221   730114.946
  0.223   730114.953
  0.188   730114.960
  0.212   730114.967
  0.230   730114.974
  0.218   730114.981
  0.191   730114.988
  0.224   730114.994
