  1.151   730114.002
  0.867   730114.009
  1.085   730114.016
  1.004   730114.023
  0.884   730114.030
  0.800   730114.037
  1.052   730114.044
  0.773   730114.051
  1.220   730114.058
  1.108   730114.065
  1.015   730114.072
  1.001   730114.078
  1.060   730114.085
  0.886   730114.092
  1.130   730114.099
  0.818   730114.106
    NaN   730114.113
  0.882   730114.120
  1.034   730114.127
  1.196   730114.134
  0.797   730114.141
  1.052   730114.148
  1.121   730114.155
  0.984   730114.162
  1.037   730114.169
  0.992   730114.176
  1.050   730114.183
  1.149   730114.190
  1.185   730114.197
  1.326   730114.203
  1.034   730114.210
  1.300   730114.217
  1.153   730114.224
  0.919   730114.231
  1.357   730114.238
  1.219   730114.245
  0.984   730114.252
  0.954   730114.259
  0.924   730114.266
  0.922   730114.273
  0.748   730114.280
  1.158   730114.287
  1.007   730114.294
  1.236   730114.301
  1.122   730114.308
  0.841   730114.315
  0.984   730114.322
  0.706   730114.328
  1.412   730114.335
  0.902   730114.342
  1.261   730114.349
  1.022   730114.356
  1.288   730114.363
  1.517   730114.370
  1.423   730114.377
  1.239   730114.384
  0.822   730114.391
  0.958   730114.398
  1.300   730114.405
  0.841   730114.412
  1.382   730114.419
  0.852   730114.426
  0.916   730114.433
  1.271   730114.440
  1.359   730114.447
  1.201   730114.454
  1.252   730114.460
  1.319   730114.467
  1.129   730114.474
  0.814   730114.481
  1.068   730114.488
  1.031   730114.495
  1.148   730114.502
  0.987   730114.509
  0.971   730114.516
  1.177   730114.523
  1.248   730114.530
  0.903   730114.537
  1.193   730114.544
  1.086   730114.551
  1.228   730114.558
  1.336   730114.565
  1.345   730114.572
  1.291   730114.578
  1.254   730114.585
  1.190   730114.592
  1.055   730114.599
  1.141   730114.606
    NaN   730114.613
  1.042   730114.620
  1.439   730114.627
  1.403   730114.634
  1.187   730114.641
  1.519   730114.648
  0.966   730114.655
  1.302   730114.662
  1.062   730114.669
  1.305   730114.676
  1.185   730114.683
  1.186   730114.690
  0.924   730114.697
  1.223   730114.703
  0.989   730114.710
  1.202   730114.717
  1.150   730114.724
  0.943   730114.731
  0.989   730114.738
  1.132   730114.745
  1.108   730114.752
  1.102   730114.759
  0.948   730114.766
  1.322   730114.773
  1.184   730114.780
  1.100   730114.787
  1.205   730114.794
  0.924   730114.801
  1.177   730114.808
  1.078   730114.815
  1.328   730114.822
  1.272   730114.828
  1.206   730114.835
  1.058   730114.842
  0.887   730114.849
  1.076   730114.856
  1.198   730114.863
  1.002   730114.870
  1.301   730114.877
  1.159   730114.884
  1.027   730114.891
  1.213   730114.898
  0.920   730114.905
  1.308   730114.912
  1.127   730114.919
  0.929   730114.926
  1.097   730114.933
  1.032   730114.940
  0.806   730114.947
  1.141   730114.953
  0.789   730114.960
  1.159   730114.967
  1.192   730114.974
  1.158   730114.981
  1.138   730114.988
  1.032   730114.995
