 11.380   729975.000
 27.110   729975.010
 25.970   729975.010
 20.270   729975.020
 24.420   729975.030
 23.530   729975.030
 12.220   729975.040
 12.770   729975.050
 11.480   729975.050
 10.660   729975.060
 11.100   729975.070
 10.240   729975.070
 11.250   729975.080
 11.530   729975.090
 10.650   729975.100
  9.540   729975.100
 10.540   729975.110
 10.450   729975.120
 10.160   729975.120
 10.390   729975.130
  9.690   729975.140
 10.650   729975.140
  9.760   729975.150
 10.470   729975.160
 10.120   729975.170
  9.980   729975.170
 10.090   729975.180
  9.670   729975.190
  9.600   729975.190
  9.140   729975.200
 10.110   729975.210
  9.340   729975.210
  9.910   729975.220
  9.570   729975.230
  8.180   729975.240
  8.220   729975.240
  9.050   729975.250
  8.190   729975.260
  7.980   729975.260
  8.080   729975.270
  7.700   729975.280
  8.260   729975.280
  8.130   729975.290
  7.880   729975.300
  8.640   729975.300
  8.790   729975.310
  8.780   729975.320
  8.710   729975.330
  7.740   729975.330
  8.110   729975.350
  8.640   729975.360
  8.000   729975.370
  7.860   729975.370
  8.180   729975.380
  8.010   729975.390
  8.930   729975.400
  8.570   729975.400
  8.340   729975.410
  8.100   729975.420
  8.830   729975.420
  8.460   729975.430
  9.270   729975.440
  7.980   729975.440
  9.510   729975.450
  8.860   729975.460
  9.030   729975.460
  9.620   729975.470
  9.400   729975.480
  9.440   729975.490
  9.960   729975.490
 10.110   729975.500
 10.610   729975.510
 10.190   729975.510
 10.120   729975.520
 10.750   729975.530
 10.840   729975.530
 11.870   729975.540
 10.750   729975.550
 10.970   729975.550
 12.430   729975.560
 11.490   729975.570
 11.170   729975.580
 10.830   729975.580
 11.380   729975.590
 11.740   729975.600
 10.450   729975.600
 12.370   729975.610
 12.270   729975.620
 10.140   729975.620
 11.270   729975.630
 11.310   729975.640
 11.210   729975.650
 11.600   729975.650
 11.710   729975.660
 12.060   729975.670
 13.350   729975.670
 13.020   729975.680
 12.470   729975.690
 12.530   729975.690
 13.090   729975.700
 16.050   729975.710
 12.960   729975.710
 13.390   729975.720
 12.570   729975.730
 14.200   729975.740
 13.890   729975.740
 13.630   729975.750
 13.200   729975.760
 11.910   729975.760
 13.840   729975.770
 13.570   729975.780
 14.690   729975.780
 15.150   729975.790
 14.620   729975.800
 15.740   729975.800
 14.980   729975.810
 14.830   729975.820
 16.430   729975.830
 20.950   729975.830
 22.040   729975.840
 17.050   729975.850
 15.560   729975.850
 16.670   729975.860
 16.840   729975.870
 16.490   729975.870
 15.480   729975.880
 15.450   729975.890
 13.690   729975.900
 13.490   729975.900
 14.920   729975.910
 14.220   729975.920
 13.350   729975.920
 11.280   729975.930
 12.000   729975.940
 13.780   729975.940
 18.330   729975.950
  9.050   729975.960
  8.460   729975.960
 11.540   729975.970
 14.790   729975.980
  7.380   729975.990
  7.320   729975.990
