  0.240   730049.030
  0.250   730049.030
  0.240   730049.040
  0.220   730049.050
  0.250   730049.050
  0.220   730049.060
  0.230   730049.070
  0.230   730049.070
  0.260   730049.080
  0.210   730049.090
  0.240   730049.090
  0.220   730049.100
  0.210   730049.110
  0.170   730049.120
  0.250   730049.120
  0.240   730049.130
  0.190   730049.140
  0.300   730049.140
  0.310   730049.150
  0.280   730049.160
  0.310   730049.160
  0.260   730049.170
  0.220   730049.180
  0.200   730049.180
  0.240   730049.190
  0.250   730049.200
  0.260   730049.210
  0.180   730049.210
  0.230   730049.220
  0.190   730049.230
  0.200   730049.230
  0.230   730049.240
  0.240   730049.250
  0.270   730049.250
  0.380   730049.260
  0.290   730049.270
  0.260   730049.280
  0.230   730049.280
  0.180   730049.290
  0.230   730049.300
  0.200   730049.300
  0.250   730049.310
  0.290   730049.320
  0.210   730049.320
  0.220   730049.330
  0.210   730049.340
  0.210   730049.340
  0.240   730049.350
  0.250   730049.360
  0.310   730049.370
  0.250   730049.370
  0.190   730049.380
  0.200   730049.390
  0.220   730049.390
  0.240   730049.400
  0.170   730049.410
  0.200   730049.410
  0.200   730049.420
  0.230   730049.430
  0.210   730049.430
  0.320   730049.440
  0.230   730049.450
  0.220   730049.460
  0.210   730049.460
  0.260   730049.470
  0.210   730049.480
  0.340   730049.480
  0.390   730049.490
  0.300   730049.500
  0.320   730049.500
  0.230   730049.510
  0.210   730049.520
  0.180   730049.530
  0.190   730049.530
  0.270   730049.540
  0.280   730049.550
  0.210   730049.550
  0.210   730049.560
  0.220   730049.570
  0.200   730049.570
  2.530   730049.580
  0.200   730049.590
  0.230   730049.590
  0.410   730049.600
  0.910   730049.610
  1.410   730049.620
  1.960   730049.620
  1.460   730049.630
  1.170   730049.640
  0.860   730049.640
  0.510   730049.650
  0.600   730049.660
  0.690   730049.660
  0.620   730049.670
  0.500   730049.680
  2.040   730049.680
  0.420   730049.690
  0.700   730049.700
    NaN   730049.710
  0.190   730049.710
  0.210   730049.720
  6.420   730049.730
  0.260   730049.730
  8.860   730049.740
  0.470   730049.750
  0.480   730049.750
  0.390   730049.760
  0.410   730049.770
  9.360   730049.780
  5.350   730049.780
  0.190   730049.790
  0.180   730049.800
  0.220   730049.800
  0.200   730049.810
  7.650   730049.820
  5.190   730049.820
  1.350   730049.830
  1.010   730049.840
  0.390   730049.850
  0.610   730049.850
  0.830   730049.860
 12.580   730049.870
  0.350   730049.870
  0.460   730049.880
    NaN   730049.890
  0.370   730049.890
  0.370   730049.900
  0.260   730049.910
  5.180   730049.910
  8.430   730049.920
 15.350   730049.930
 27.390   730049.940
 22.510   730049.940
 22.570   730049.950
 15.570   730049.960
 23.110   730049.960
 21.660   730049.970
 26.890   730049.980
 23.660   730049.980
  2.870   730049.990
