  0.460   730049.030
  0.510   730049.030
  0.510   730049.040
  0.480   730049.050
  0.450   730049.050
  0.490   730049.060
  0.470   730049.070
  0.520   730049.070
    NaN   730049.080
  0.480   730049.090
  0.490   730049.100
  0.500   730049.100
  0.450   730049.110
  0.490   730049.120
  0.480   730049.120
  0.470   730049.130
  0.430   730049.140
  0.460   730049.140
  0.440   730049.150
  0.450   730049.160
  0.410   730049.160
  0.420   730049.170
  0.410   730049.180
  0.410   730049.190
  0.410   730049.190
  0.380   730049.200
  0.430   730049.210
  0.460   730049.210
  0.410   730049.220
  0.400   730049.230
  0.370   730049.230
  0.410   730049.240
  0.420   730049.250
  0.470   730049.250
  0.430   730049.260
  0.400   730049.270
  0.430   730049.280
  0.470   730049.280
  0.410   730049.290
  0.410   730049.300
  0.430   730049.300
  0.420   730049.310
  0.460   730049.320
  0.470   730049.320
  0.440   730049.330
  0.420   730049.340
  0.370   730049.350
  0.420   730049.350
  0.340   730049.360
  0.400   730049.370
  0.370   730049.370
  0.380   730049.380
  0.390   730049.390
  0.390   730049.390
  0.360   730049.400
  0.350   730049.410
  0.380   730049.410
  0.350   730049.420
  0.370   730049.430
  0.340   730049.440
  0.350   730049.440
  0.330   730049.450
  0.300   730049.460
  0.360   730049.460
  0.320   730049.470
  0.350   730049.480
  0.340   730049.480
  0.310   730049.490
  0.340   730049.500
  0.300   730049.500
  0.340   730049.510
  0.310   730049.520
  0.320   730049.530
  0.290   730049.530
  0.300   730049.540
  0.300   730049.550
  0.280   730049.550
  0.280   730049.560
  0.270   730049.570
  0.260   730049.570
    NaN   730049.580
  0.290   730049.590
  0.280   730049.600
  0.280   730049.600
  0.280   730049.620
  0.250   730049.630
  0.250   730049.640
  0.250   730049.640
  0.240   730049.650
  0.260   730049.660
  0.270   730049.660
  0.240   730049.670
  0.250   730049.680
  0.240   730049.690
  0.200   730049.690
  0.260   730049.700
  0.270   730049.710
  0.230   730049.710
  0.240   730049.720
  0.210   730049.730
  0.240   730049.730
  0.230   730049.740
  0.230   730049.750
  0.270   730049.750
  0.220   730049.760
  0.250   730049.770
  0.240   730049.780
  0.230   730049.780
  0.240   730049.790
  0.240   730049.800
  0.230   730049.800
  0.210   730049.810
  0.250   730049.820
  0.210   730049.820
  0.220   730049.830
  0.200   730049.840
  0.210   730049.850
  0.230   730049.850
  0.230   730049.860
  0.200   730049.870
  0.190   730049.870
  0.220   730049.880
  0.200   730049.890
  0.240   730049.890
  0.210   730049.900
  0.200   730049.910
  0.190   730049.920
  0.230   730049.920
  0.200   730049.930
  0.220   730049.940
  0.200   730049.940
  0.230   730049.950
  0.220   730049.960
  0.200   730049.960
  0.250   730049.970
  0.180   730049.980
  0.190   730049.980
  0.220   730049.990
