  0.180   730396.000
  0.187   730396.000
  0.177   730396.007
  0.168   730396.014
  0.188   730396.021
  0.160   730396.028
  0.207   730396.035
  0.179   730396.042
  0.204   730396.049
  0.352   730396.056
  0.190   730396.063
  0.196   730396.070
  0.180   730396.077
  0.182   730396.084
  0.185   730396.091
  0.200   730396.097
  0.205   730396.104
  0.173   730396.112
  0.168   730396.118
  0.188   730396.125
  0.215   730396.133
  0.215   730396.142
  0.184   730396.149
  0.173   730396.154
  0.182   730396.161
  0.182   730396.168
  0.179   730396.175
  0.159   730396.182
  0.168   730396.188
  0.168   730396.196
  0.168   730396.202
  0.167   730396.209
  0.160   730396.216
  0.174   730396.223
  0.162   730396.230
  0.152   730396.237
  0.163   730396.244
  0.175   730396.251
  0.173   730396.258
  0.169   730396.265
  0.177   730396.272
  0.174   730396.279
  0.162   730396.286
  0.178   730396.293
  0.191   730396.300
  0.174   730396.307
  0.194   730396.314
  0.195   730396.321
  0.205   730396.328
  0.224   730396.334
  0.195   730396.341
  0.223   730396.348
  0.210   730396.355
  0.204   730396.362
  0.188   730396.370
  0.187   730396.376
  0.180   730396.383
  0.168   730396.390
  6.972   730396.397
  0.255   730396.404
  0.180   730396.411
  0.156   730396.418
  0.226   730396.425
  0.173   730396.432
  0.157   730396.439
  0.165   730396.446
  0.162   730396.453
  0.178   730396.460
  0.153   730396.466
  0.177   730396.473
  0.158   730396.480
  0.153   730396.487
  0.151   730396.494
  0.163   730396.501
  0.141   730396.508
  0.143   730396.515
  0.140   730396.522
  0.179   730396.529
  0.150   730396.536
  0.158   730396.543
  0.156   730396.550
  0.158   730396.557
  0.152   730396.564
  0.162   730396.571
  0.164   730396.578
  0.157   730396.584
  0.178   730396.591
  0.158   730396.598
  0.181   730396.605
  0.184   730396.613
  0.156   730396.619
  0.156   730396.626
  0.177   730396.633
  0.154   730396.640
  0.158   730396.647
  0.175   730396.654
  0.173   730396.661
  0.167   730396.668
  0.164   730396.675
  0.162   730396.682
  0.186   730396.689
  0.157   730396.696
  0.177   730396.703
  0.183   730396.709
  0.181   730396.716
  0.191   730396.723
  0.199   730396.730
  0.187   730396.737
  0.188   730396.745
  0.180   730396.751
  0.193   730396.758
  0.197   730396.765
  0.212   730396.772
  0.196   730396.779
  0.176   730396.786
  0.210   730396.793
  0.181   730396.800
  0.229   730396.807
  0.212   730396.814
  0.218   730396.821
  0.239   730396.828
  0.248   730396.834
  0.236   730396.841
  0.218   730396.848
  0.219   730396.855
  0.214   730396.863
  0.183   730396.869
  0.200   730396.876
  0.225   730396.883
  0.255   730396.890
  5.962   730396.897
  0.257   730396.904
  0.324   730396.911
  0.264   730396.918
  0.302   730396.925
  0.250   730396.932
  0.259   730396.939
  0.244   730396.946
  0.247   730396.953
  0.255   730396.959
  0.238   730396.966
  0.232   730396.973
  0.220   730396.980
  0.242   730396.988
  0.254   730396.994
