  0.200   730396.001
  0.087   730396.001
  0.201   730396.008
  0.202   730396.015
  0.221   730396.022
  0.210   730396.029
  0.188   730396.036
  0.199   730396.043
  0.192   730396.050
  0.200   730396.056
  0.206   730396.063
  0.196   730396.071
  0.180   730396.077
  0.214   730396.084
  0.213   730396.091
  0.195   730396.098
  0.207   730396.105
  0.216   730396.113
  0.241   730396.119
  0.222   730396.126
  0.216   730396.136
  0.228   730396.144
  0.214   730396.150
  0.216   730396.156
  0.194   730396.162
  0.237   730396.169
  0.201   730396.176
  0.263   730396.183
  0.237   730396.190
  0.230   730396.197
  2.350   730396.204
  2.717   730396.211
  0.250   730396.218
  0.235   730396.225
  0.254   730396.232
  0.243   730396.239
  0.253   730396.246
  0.258   730396.252
  0.267   730396.259
  0.292   730396.266
  0.267   730396.273
  0.277   730396.281
  0.267   730396.287
  0.272   730396.294
  0.319   730396.301
  0.308   730396.308
  0.337   730396.315
  0.277   730396.322
  0.313   730396.329
  0.325   730396.336
  0.265   730396.343
  0.304   730396.350
  0.304   730396.357
  0.292   730396.364
  0.317   730396.371
  0.346   730396.378
  0.348   730396.385
  0.327   730396.391
  0.315   730396.398
  0.254   730396.406
  0.365   730396.413
  0.382   730396.419
  0.358   730396.426
  0.376   730396.433
  0.383   730396.440
  0.381   730396.447
  0.480   730396.454
  0.422   730396.461
  0.407   730396.468
  0.436   730396.475
  0.426   730396.482
  0.397   730396.489
  0.445   730396.496
  0.426   730396.502
  0.438   730396.509
  0.439   730396.516
  0.402   730396.523
  0.413   730396.531
  0.450   730396.537
  0.447   730396.544
  0.481   730396.551
  0.524   730396.558
  0.502   730396.565
  0.480   730396.572
  0.557   730396.579
  0.568   730396.586
  0.488   730396.593
  0.443   730396.600
  0.459   730396.607
  0.487   730396.614
  0.475   730396.621
  0.509   730396.627
  0.582   730396.634
  0.516   730396.641
  0.580   730396.648
  0.526   730396.656
  0.471   730396.663
  0.535   730396.669
  0.534   730396.676
  0.650   730396.683
  0.568   730396.690
  0.519   730396.697
  3.636   730396.704
  1.580   730396.711
  0.543   730396.718
  0.582   730396.725
  0.536   730396.732
  0.583   730396.739
  0.538   730396.746
  0.579   730396.752
  0.532   730396.759
  0.573   730396.766
  0.582   730396.773
  0.645   730396.781
  0.598   730396.788
  0.605   730396.794
  0.603   730396.801
  0.660   730396.808
  0.593   730396.815
  0.668   730396.822
  0.723   730396.829
  0.623   730396.836
  0.696   730396.843
  0.663   730396.850
  0.682   730396.857
  0.682   730396.864
  0.563   730396.871
  0.676   730396.877
  0.647   730396.884
  0.671   730396.891
  0.641   730396.898
  0.664   730396.906
  0.649   730396.913
  0.549   730396.919
  0.627   730396.926
  0.643   730396.933
  0.606   730396.940
  0.551   730396.947
  0.611   730396.954
  0.636   730396.961
  0.648   730396.968
  0.605   730396.975
  0.615   730396.982
  0.564   730396.989
  0.530   730396.995
