 17.860   729996.000
 17.430   729996.000
 17.690   729996.010
 17.460   729996.020
 15.900   729996.030
 11.420   729996.060
 17.120   729996.070
 17.840   729996.070
 20.030   729996.080
 20.020   729996.090
 19.050   729996.100
 18.810   729996.100
 17.730   729996.110
 17.260   729996.120
 16.170   729996.120
 17.040   729996.130
 16.270   729996.140
 15.330   729996.140
 13.490   729996.150
 12.300   729996.160
 12.590   729996.160
 12.640   729996.170
  9.840   729996.180
 11.020   729996.190
 10.130   729996.190
  9.840   729996.200
  9.660   729996.210
 10.070   729996.210
  9.950   729996.220
  9.770   729996.230
  9.540   729996.230
  9.430   729996.240
  9.360   729996.250
  8.950   729996.250
  9.650   729996.260
  8.520   729996.270
  9.310   729996.280
  9.200   729996.280
  8.640   729996.290
  8.900   729996.300
  8.660   729996.300
 25.460   729996.310
 17.620   729996.320
  8.930   729996.320
  8.580   729996.330
  8.690   729996.340
  8.450   729996.350
  8.370   729996.350
  8.920   729996.360
  8.390   729996.370
  7.540   729996.370
  7.620   729996.380
  7.900   729996.390
  7.910   729996.390
  7.680   729996.400
  7.780   729996.410
  7.770   729996.410
  7.780   729996.420
  7.760   729996.430
  7.220   729996.440
  7.050   729996.440
  7.180   729996.450
  6.980   729996.460
  7.630   729996.460
  7.290   729996.470
  7.760   729996.480
  7.620   729996.480
  7.300   729996.490
  7.030   729996.500
  7.770   729996.500
  7.420   729996.510
  7.800   729996.520
  7.640   729996.530
  7.360   729996.530
  7.770   729996.540
  8.370   729996.550
  8.110   729996.550
  7.480   729996.560
  7.530   729996.570
  7.730   729996.570
  7.750   729996.580
  8.500   729996.590
  8.320   729996.600
  8.110   729996.600
  8.920   729996.610
  9.340   729996.620
  8.640   729996.620
  8.970   729996.630
  8.920   729996.640
  9.300   729996.640
  8.560   729996.650
  8.200   729996.660
  9.500   729996.660
  8.760   729996.670
  8.950   729996.680
  8.650   729996.690
 19.070   729996.690
 10.770   729996.700
 12.790   729996.710
 11.280   729996.710
  7.120   729996.720
  6.250   729996.730
  6.060   729996.730
  6.340   729996.740
  5.880   729996.750
  5.640   729996.750
  5.740   729996.760
  5.630   729996.770
  5.300   729996.780
  5.430   729996.780
  5.220   729996.790
  5.650   729996.800
  6.050   729996.800
 13.570   729996.810
 11.900   729996.820
  7.360   729996.820
  6.490   729996.830
  7.400   729996.840
  6.750   729996.850
  7.510   729996.850
  7.190   729996.860
  6.990   729996.870
  7.270   729996.870
  6.830   729996.880
  6.780   729996.890
  7.390   729996.890
  6.030   729996.900
  6.730   729996.910
  6.550   729996.910
  6.140   729996.920
  9.600   729996.930
 12.560   729996.940
  6.560   729996.940
  6.860   729996.950
  6.820   729996.960
  7.120   729996.960
  7.730   729996.970
  7.790   729996.980
  7.030   729996.980
  6.920   729996.990
