  0.623   730270.002
  0.781   730270.009
  0.735   730270.016
  0.740   730270.023
  0.819   730270.030
  0.814   730270.036
  0.914   730270.044
  0.878   730270.050
  0.893   730270.057
  0.960   730270.064
  0.911   730270.071
  0.808   730270.078
  0.881   730270.085
  0.844   730270.093
  0.943   730270.100
  0.949   730270.110
  0.858   730270.116
    NaN   730270.120
  5.821   730270.127
  0.802   730270.134
  0.864   730270.141
  0.852   730270.148
  0.833   730270.155
  0.827   730270.161
  0.749   730270.168
  0.792   730270.175
  0.803   730270.182
  0.793   730270.189
  0.699   730270.196
  0.702   730270.203
  0.825   730270.210
  0.810   730270.217
  0.687   730270.224
  0.701   730270.231
  0.814   730270.238
  0.689   730270.245
  0.764   730270.252
  0.662   730270.259
  0.705   730270.266
  0.638   730270.273
  0.705   730270.280
  0.650   730270.287
  0.643   730270.293
  0.605   730270.300
  0.531   730270.307
  0.598   730270.314
  0.529   730270.321
  0.593   730270.328
  0.563   730270.335
  0.521   730270.342
  0.572   730270.349
  0.540   730270.356
  0.524   730270.363
  0.557   730270.370
  0.541   730270.377
  0.522   730270.384
  0.583   730270.391
  0.478   730270.398
  0.540   730270.405
  0.565   730270.412
  0.501   730270.419
  0.501   730270.425
  0.500   730270.432
  0.528   730270.439
  0.484   730270.446
  0.442   730270.453
  0.522   730270.460
  0.533   730270.467
  0.518   730270.474
  0.460   730270.481
  0.464   730270.488
  0.481   730270.495
  0.489   730270.502
  0.498   730270.509
  0.575   730270.515
  0.560   730270.523
  0.461   730270.530
  0.522   730270.537
  0.495   730270.543
  0.460   730270.550
  0.484   730270.557
  0.559   730270.564
  0.525   730270.571
  0.477   730270.578
  0.547   730270.585
  0.497   730270.592
  0.535   730270.599
  0.467   730270.606
  0.545   730270.613
  0.436   730270.620
  0.445   730270.627
  0.428   730270.634
  0.418   730270.641
  0.436   730270.648
  0.522   730270.655
  0.467   730270.662
  0.465   730270.668
  0.405   730270.675
  0.431   730270.682
  0.455   730270.689
  0.383   730270.696
  0.395   730270.703
  0.432   730270.710
  0.424   730270.717
  0.377   730270.724
  0.406   730270.731
  0.361   730270.738
  0.408   730270.745
  0.422   730270.752
  0.422   730270.759
  0.385   730270.766
  0.396   730270.773
  0.406   730270.780
  0.432   730270.787
  0.391   730270.794
  0.399   730270.800
  0.423   730270.807
  0.379   730270.814
  0.371   730270.821
  0.423   730270.828
  0.390   730270.835
  0.413   730270.842
  0.324   730270.849
  0.356   730270.856
  0.380   730270.863
  0.377   730270.870
  0.378   730270.877
  0.408   730270.884
  0.382   730270.891
  0.351   730270.898
  0.385   730270.905
  0.381   730270.912
  0.358   730270.919
  0.334   730270.926
  0.352   730270.933
  0.304   730270.939
  0.373   730270.946
  0.373   730270.953
  0.328   730270.960
  0.360   730270.967
  0.340   730270.975
  0.378   730270.981
  0.380   730270.988
  0.391   730270.995
