  0.423   730275.002
  0.251   730275.002
  0.396   730275.009
  0.437   730275.016
  0.406   730275.023
  0.417   730275.030
  0.421   730275.036
  0.453   730275.043
  0.431   730275.050
  0.449   730275.057
  0.494   730275.064
  0.520   730275.071
  0.515   730275.078
  0.484   730275.085
  0.504   730275.092
  0.511   730275.099
  0.563   730275.106
  0.629   730275.113
  0.550   730275.120
  0.563   730275.127
  0.522   730275.134
  0.869   730275.141
  0.539   730275.148
  0.555   730275.154
  0.517   730275.161
  0.584   730275.168
  0.515   730275.175
  0.591   730275.182
 10.391   730275.189
  0.691   730275.196
  0.609   730275.203
  0.630   730275.210
  0.637   730275.217
  0.592   730275.224
  0.651   730275.231
  0.603   730275.238
  0.616   730275.245
  2.606   730275.252
  0.613   730275.259
  0.541   730275.266
  0.638   730275.273
  0.586   730275.280
  0.650   730275.286
  0.650   730275.293
  0.581   730275.300
  0.580   730275.307
  0.568   730275.314
  0.555   730275.321
  0.579   730275.328
  0.560   730275.335
  0.580   730275.342
  0.615   730275.349
  0.564   730275.356
  0.596   730275.363
  0.541   730275.370
  0.611   730275.377
  0.527   730275.384
  0.592   730275.391
  4.962   730275.398
  0.524   730275.405
  0.571   730275.411
  0.519   730275.419
  0.563   730275.425
  0.548   730275.432
  0.565   730275.439
  0.557   730275.446
  0.506   730275.453
  0.548   730275.460
  0.491   730275.467
  0.549   730275.474
  0.546   730275.481
  0.506   730275.488
  0.517   730275.495
  0.474   730275.502
  0.526   730275.509
  0.608   730275.515
  0.497   730275.523
  0.507   730275.530
  0.479   730275.537
  0.541   730275.543
  0.552   730275.550
  0.542   730275.557
  0.534   730275.564
  0.523   730275.571
  0.527   730275.578
  0.527   730275.585
  0.531   730275.592
  0.575   730275.599
  0.492   730275.606
  0.513   730275.613
  0.560   730275.620
  0.626   730275.627
  0.563   730275.634
  0.600   730275.641
  0.623   730275.648
  0.594   730275.655
  0.575   730275.662
  0.563   730275.669
  0.529   730275.675
  0.566   730275.682
  0.585   730275.689
  0.681   730275.696
  0.620   730275.703
  0.646   730275.710
  0.580   730275.717
  0.558   730275.724
  0.627   730275.731
  2.528   730275.738
  0.528   730275.745
  0.560   730275.752
  0.605   730275.759
  0.578   730275.766
  0.533   730275.773
  0.518   730275.780
  0.551   730275.787
  0.504   730275.794
  0.598   730275.801
  0.584   730275.807
  0.472   730275.814
  0.507   730275.821
  0.477   730275.828
  0.545   730275.835
  0.515   730275.842
  0.506   730275.849
  0.523   730275.856
  0.512   730275.863
  0.512   730275.870
  0.511   730275.877
  0.475   730275.884
  0.466   730275.891
  4.778   730275.898
  0.493   730275.905
  0.442   730275.912
  0.476   730275.919
  0.476   730275.933
  0.430   730275.940
  0.428   730275.947
  0.467   730275.953
  0.432   730275.961
  0.463   730275.967
  0.447   730275.975
  0.467   730275.981
  0.396   730275.988
  0.438   730275.996
