  0.935   730275.003
  1.087   730275.009
  1.088   730275.017
  1.051   730275.023
  1.143   730275.031
  0.970   730275.037
  1.015   730275.044
  1.068   730275.051
  1.173   730275.058
  0.984   730275.065
  1.009   730275.072
  0.991   730275.079
  1.063   730275.086
  0.995   730275.093
  1.075   730275.100
  1.077   730275.107
  1.018   730275.114
  1.044   730275.121
  0.861   730275.128
  0.957   730275.134
  2.401   730275.141
  0.999   730275.148
  1.328   730275.155
  1.138   730275.162
  1.087   730275.169
  1.173   730275.176
  1.109   730275.183
 45.766   730275.190
  1.057   730275.197
  1.115   730275.204
  1.209   730275.211
  1.117   730275.218
  1.147   730275.225
  1.062   730275.232
  1.316   730275.239
  1.181   730275.246
  2.983   730275.253
  1.058   730275.260
  1.229   730275.266
  1.211   730275.273
  1.256   730275.280
  1.138   730275.287
  1.102   730275.294
  1.090   730275.301
  1.200   730275.308
  1.196   730275.315
  1.387   730275.322
  1.218   730275.329
  1.059   730275.336
  1.028   730275.343
  1.184   730275.350
  1.256   730275.357
  1.168   730275.364
  1.107   730275.371
  1.235   730275.378
  1.141   730275.385
  1.037   730275.392
  1.219   730275.399
  1.087   730275.405
  1.077   730275.412
  1.064   730275.419
  1.024   730275.426
  1.143   730275.433
  1.096   730275.440
  1.133   730275.447
  1.168   730275.454
  1.243   730275.461
  1.055   730275.468
  1.160   730275.475
  7.294   730275.482
  1.081   730275.489
  1.112   730275.496
  1.126   730275.503
  1.101   730275.510
  1.292   730275.515
  1.217   730275.524
  1.116   730275.530
  1.204   730275.537
  1.096   730275.544
  1.043   730275.551
  1.138   730275.558
  1.116   730275.565
  1.025   730275.572
  1.110   730275.579
  1.151   730275.586
  1.227   730275.593
  1.204   730275.600
  1.200   730275.607
  1.030   730275.614
  1.190   730275.621
  1.117   730275.628
  1.085   730275.635
  1.232   730275.642
  1.248   730275.649
  1.173   730275.656
  1.014   730275.662
  1.041   730275.669
  1.045   730275.676
  1.082   730275.683
  1.119   730275.690
  1.059   730275.697
  1.088   730275.704
  0.989   730275.711
  1.042   730275.718
  0.992   730275.725
  0.965   730275.732
  1.066   730275.739
  0.889   730275.746
  1.077   730275.753
  0.941   730275.760
  0.955   730275.767
  0.910   730275.774
  0.932   730275.781
  0.918   730275.788
  0.793   730275.795
  0.851   730275.801
  1.736   730275.808
  3.210   730275.815
  0.876   730275.822
  0.923   730275.829
  0.757   730275.836
  0.932   730275.843
  0.761   730275.850
  0.843   730275.857
  3.679   730275.864
  0.774   730275.871
  0.769   730275.878
  0.850   730275.885
  0.829   730275.892
  0.803   730275.899
  0.810   730275.906
  0.785   730275.913
  0.775   730275.920
  0.751   730275.934
  0.722   730275.941
  0.698   730275.948
  0.768   730275.955
  0.672   730275.962
  0.716   730275.968
  1.875   730275.976
 13.087   730275.982
  0.693   730275.989
  0.842   730275.997
