    NaN   730002.000
    NaN   730002.000
    NaN   730002.010
    NaN   730002.020
    NaN   730002.030
    NaN   730002.030
    NaN   730002.040
    NaN   730002.050
    NaN   730002.050
    NaN   730002.060
    NaN   730002.070
    NaN   730002.070
    NaN   730002.080
    NaN   730002.090
    NaN   730002.100
    NaN   730002.100
    NaN   730002.110
    NaN   730002.120
    NaN   730002.120
    NaN   730002.130
    NaN   730002.140
    NaN   730002.140
    NaN   730002.150
    NaN   730002.160
    NaN   730002.160
    NaN   730002.170
    NaN   730002.180
    NaN   730002.190
    NaN   730002.190
    NaN   730002.200
    NaN   730002.210
    NaN   730002.210
    NaN   730002.220
    NaN   730002.230
    NaN   730002.230
    NaN   730002.240
    NaN   730002.250
    NaN   730002.250
    NaN   730002.260
    NaN   730002.270
    NaN   730002.280
    NaN   730002.280
    NaN   730002.290
    NaN   730002.300
    NaN   730002.300
    NaN   730002.310
    NaN   730002.320
    NaN   730002.320
    NaN   730002.330
    NaN   730002.340
    NaN   730002.350
    NaN   730002.350
    NaN   730002.360
    NaN   730002.370
    NaN   730002.370
    NaN   730002.380
    NaN   730002.390
    NaN   730002.390
    NaN   730002.400
    NaN   730002.410
    NaN   730002.410
    NaN   730002.420
    NaN   730002.430
    NaN   730002.440
    NaN   730002.440
    NaN   730002.450
    NaN   730002.460
    NaN   730002.460
    NaN   730002.470
    NaN   730002.480
    NaN   730002.480
    NaN   730002.490
    NaN   730002.500
    NaN   730002.500
    NaN   730002.510
    NaN   730002.520
    NaN   730002.530
    NaN   730002.530
    NaN   730002.540
    NaN   730002.550
    NaN   730002.550
    NaN   730002.560
    NaN   730002.570
    NaN   730002.570
    NaN   730002.580
    NaN   730002.590
    NaN   730002.600
    NaN   730002.600
    NaN   730002.610
    NaN   730002.620
    NaN   730002.620
    NaN   730002.630
    NaN   730002.640
    NaN   730002.640
    NaN   730002.650
    NaN   730002.660
    NaN   730002.670
    NaN   730002.670
    NaN   730002.680
    NaN   730002.690
    NaN   730002.690
    NaN   730002.700
    NaN   730002.710
    NaN   730002.710
    NaN   730002.720
    NaN   730002.730
    NaN   730002.730
    NaN   730002.740
    NaN   730002.750
    NaN   730002.750
    NaN   730002.760
    NaN   730002.770
    NaN   730002.780
    NaN   730002.780
    NaN   730002.790
    NaN   730002.800
    NaN   730002.800
    NaN   730002.810
    NaN   730002.820
    NaN   730002.820
    NaN   730002.830
    NaN   730002.840
    NaN   730002.850
    NaN   730002.850
    NaN   730002.870
    NaN   730002.880
    NaN   730002.890
    NaN   730002.890
    NaN   730002.900
    NaN   730002.910
    NaN   730002.920
    NaN   730002.920
    NaN   730002.930
    NaN   730002.940
    NaN   730002.940
    NaN   730002.950
    NaN   730002.960
    NaN   730002.960
    NaN   730002.970
    NaN   730002.980
    NaN   730002.980
    NaN   730002.990
