  0.680   730002.000
  0.630   730002.000
  0.630   730002.010
  0.660   730002.020
  0.590   730002.020
  0.600   730002.030
  0.640   730002.040
  0.630   730002.050
  0.610   730002.050
  0.590   730002.060
  0.530   730002.070
  0.540   730002.070
  0.550   730002.080
  0.530   730002.090
  0.520   730002.090
  0.510   730002.100
  0.500   730002.110
  0.490   730002.110
  0.500   730002.120
  0.470   730002.130
  0.520   730002.140
  0.510   730002.140
  0.500   730002.150
  0.410   730002.160
  0.480   730002.160
  0.510   730002.170
  0.470   730002.180
  0.450   730002.180
  0.430   730002.190
  0.480   730002.200
  0.480   730002.200
  0.450   730002.210
  0.460   730002.220
  0.450   730002.230
  0.440   730002.230
  0.410   730002.240
  0.430   730002.250
  0.460   730002.250
  0.410   730002.260
  0.410   730002.270
  0.430   730002.270
  0.400   730002.280
  0.400   730002.290
  0.370   730002.300
  0.380   730002.300
  0.380   730002.310
  0.380   730002.320
  0.410   730002.320
  0.390   730002.330
  0.380   730002.340
  0.360   730002.340
  0.380   730002.350
  0.360   730002.360
  0.400   730002.360
  0.410   730002.370
  0.380   730002.380
  0.410   730002.390
  0.420   730002.390
  0.450   730002.400
  0.470   730002.410
  0.410   730002.410
  0.430   730002.420
  0.460   730002.430
  0.490   730002.430
  0.430   730002.440
  0.420   730002.450
  0.440   730002.450
  0.430   730002.460
  0.450   730002.470
  0.430   730002.480
  0.420   730002.480
  0.400   730002.490
  0.360   730002.500
  0.360   730002.500
  0.370   730002.510
  0.360   730002.520
  0.350   730002.520
  0.310   730002.530
  0.350   730002.540
  0.370   730002.550
  0.350   730002.550
  0.360   730002.560
  0.320   730002.570
  0.320   730002.570
  0.330   730002.580
  0.320   730002.590
  0.370   730002.590
  0.340   730002.600
  0.330   730002.610
  0.320   730002.610
  0.300   730002.620
  0.320   730002.630
  0.300   730002.640
  0.330   730002.640
  0.290   730002.650
  0.290   730002.660
  0.300   730002.660
  0.310   730002.670
  0.300   730002.680
  0.260   730002.680
  0.290   730002.690
  0.290   730002.700
  0.280   730002.700
  0.270   730002.710
  0.280   730002.720
  0.280   730002.730
  0.260   730002.730
  0.260   730002.740
  0.220   730002.750
  0.360   730002.750
  0.260   730002.760
  0.270   730002.770
  0.250   730002.770
  0.260   730002.780
  0.230   730002.790
  0.220   730002.800
  0.230   730002.800
  0.240   730002.810
  0.240   730002.820
  0.220   730002.820
  0.240   730002.830
  0.220   730002.840
  0.220   730002.840
    NaN   730002.850
  0.230   730002.870
  0.250   730002.880
  0.260   730002.890
  0.280   730002.890
  0.290   730002.900
  0.310   730002.910
  0.320   730002.910
  0.290   730002.920
  0.370   730002.930
  0.370   730002.930
  0.420   730002.940
  0.430   730002.950
  0.480   730002.950
  0.490   730002.960
  0.490   730002.970
  0.510   730002.980
  0.510   730002.980
  0.540   730002.990
