  0.088   730333.003
  0.009   730333.003
  0.088   730333.003
  0.087   730333.008
  0.085   730333.015
  0.075   730333.022
  0.079   730333.029
  0.110   730333.036
  0.081   730333.043
  0.075   730333.050
  0.071   730333.056
  0.070   730333.064
  0.074   730333.070
  0.073   730333.077
  0.069   730333.084
  0.067   730333.091
  0.074   730333.098
  0.071   730333.105
  0.061   730333.112
  0.065   730333.119
  0.070   730333.126
  0.068   730333.133
  0.077   730333.140
  0.068   730333.147
  0.068   730333.154
  0.067   730333.161
  0.073   730333.168
  0.071   730333.175
  0.070   730333.182
  0.065   730333.189
  0.061   730333.196
  0.108   730333.203
  0.070   730333.210
  0.068   730333.216
  0.070   730333.223
  0.076   730333.230
  0.071   730333.237
  0.070   730333.244
  0.081   730333.251
  0.075   730333.258
  0.078   730333.265
  0.085   730333.272
  0.078   730333.279
  0.072   730333.286
  0.066   730333.293
  0.076   730333.300
  0.073   730333.307
  0.066   730333.314
  0.074   730333.321
  0.074   730333.328
  0.077   730333.334
  0.082   730333.341
  0.079   730333.348
  0.080   730333.355
  0.078   730333.362
  0.093   730333.369
  0.259   730333.376
  0.081   730333.383
  0.067   730333.390
  0.088   730333.397
  0.071   730333.404
  0.074   730333.411
  0.077   730333.418
  0.080   730333.425
  4.225   730333.432
  0.075   730333.439
  0.072   730333.446
  0.079   730333.453
  0.078   730333.460
  0.083   730333.466
  0.072   730333.473
  0.075   730333.480
  0.082   730333.487
  0.081   730333.494
  0.072   730333.501
  0.074   730333.508
  0.079   730333.515
  0.075   730333.522
  0.068   730333.529
  0.275   730333.536
  0.431   730333.543
  0.066   730333.550
  0.069   730333.557
  0.069   730333.564
  0.067   730333.571
  0.063   730333.578
  0.061   730333.584
  0.059   730333.591
  0.069   730333.598
  0.068   730333.605
  0.059   730333.612
  0.056   730333.619
  0.057   730333.626
  0.062   730333.633
  0.064   730333.640
  0.060   730333.647
  0.060   730333.654
  0.054   730333.661
  0.057   730333.668
  0.063   730333.675
  0.118   730333.682
  0.065   730333.689
  0.058   730333.695
  0.047   730333.703
  0.054   730333.709
  0.049   730333.716
  0.049   730333.723
  0.051   730333.730
  0.055   730333.737
  0.060   730333.744
  0.047   730333.751
  0.072   730333.758
  0.045   730333.765
  0.043   730333.772
  0.048   730333.779
  0.045   730333.786
  0.047   730333.793
  0.040   730333.800
  0.045   730333.807
  0.045   730333.814
  0.048   730333.821
  0.052   730333.828
  0.047   730333.834
  0.050   730333.841
  0.467   730333.848
  0.049   730333.855
  0.046   730333.862
  0.046   730333.869
  0.054   730333.876
  0.044   730333.883
  0.048   730333.890
  0.043   730333.897
  0.046   730333.904
  0.046   730333.911
  0.038   730333.918
  0.042   730333.925
  4.175   730333.932
  0.039   730333.939
  0.043   730333.946
  0.036   730333.953
  0.036   730333.960
  0.036   730333.967
  0.036   730333.973
  0.040   730333.980
  0.041   730333.987
  0.038   730333.994
