  0.034   730333.002
  0.011   730333.002
  0.087   730333.002
  0.033   730333.007
  0.028   730333.014
  0.028   730333.021
  0.024   730333.028
  0.031   730333.035
  0.026   730333.042
  0.026   730333.049
  0.092   730333.056
  0.025   730333.063
  0.028   730333.070
  0.028   730333.077
  0.025   730333.084
  0.026   730333.091
  0.024   730333.098
  0.028   730333.105
  0.029   730333.111
  0.028   730333.118
  0.024   730333.125
  4.110   730333.132
  0.025   730333.139
  0.026   730333.146
  0.026   730333.153
  0.026   730333.160
  0.024   730333.167
  0.024   730333.174
  0.032   730333.181
  0.028   730333.188
  0.030   730333.195
  0.098   730333.202
  0.026   730333.209
  0.023   730333.216
  0.028   730333.223
  0.021   730333.230
  0.026   730333.236
  0.025   730333.243
  0.022   730333.250
  0.045   730333.257
  0.022   730333.264
  0.022   730333.271
  0.026   730333.278
  0.026   730333.285
  0.026   730333.292
  0.028   730333.299
  0.029   730333.306
  0.025   730333.313
  0.026   730333.320
  0.027   730333.327
  0.030   730333.334
  0.029   730333.341
  0.025   730333.348
  0.026   730333.355
  0.026   730333.362
  0.024   730333.369
  0.107   730333.375
  0.026   730333.382
  0.026   730333.389
  0.022   730333.396
  0.025   730333.403
  0.026   730333.410
  0.028   730333.417
  0.029   730333.424
  0.029   730333.431
  0.023   730333.438
  0.023   730333.445
  0.027   730333.452
  0.029   730333.459
  0.027   730333.466
  0.082   730333.473
  0.026   730333.480
  0.026   730333.487
  0.024   730333.493
  0.026   730333.500
  0.028   730333.507
  0.026   730333.514
  0.025   730333.521
  0.029   730333.528
  0.030   730333.535
  0.312   730333.542
  0.040   730333.549
  0.027   730333.556
  0.029   730333.563
  0.028   730333.570
  0.030   730333.577
  0.033   730333.584
  0.029   730333.591
  0.034   730333.598
  0.036   730333.605
  0.036   730333.612
  0.034   730333.619
  0.035   730333.625
  2.542   730333.632
  0.037   730333.639
  0.035   730333.646
  0.032   730333.653
  0.037   730333.660
  0.034   730333.667
  0.037   730333.674
  0.071   730333.681
  0.034   730333.688
  0.038   730333.695
  0.038   730333.702
  0.033   730333.709
  0.037   730333.716
  0.033   730333.723
  0.032   730333.730
  0.036   730333.737
  0.037   730333.743
  0.040   730333.750
  0.034   730333.757
  0.036   730333.764
  0.034   730333.771
  0.031   730333.778
  0.032   730333.785
  0.034   730333.792
  0.032   730333.799
  0.036   730333.806
  0.044   730333.813
  0.033   730333.820
  0.032   730333.827
  0.044   730333.834
  0.037   730333.841
  0.168   730333.848
  0.038   730333.855
  0.794   730333.862
  0.035   730333.868
  0.088   730333.875
  0.029   730333.882
  0.032   730333.889
  0.029   730333.896
  0.030   730333.903
  0.028   730333.910
  0.032   730333.917
  0.032   730333.924
  0.028   730333.931
  0.032   730333.938
  0.029   730333.945
  0.030   730333.952
  0.029   730333.959
  0.032   730333.966
  0.029   730333.973
  1.196   730333.980
  0.031   730333.987
  0.029   730333.993
