  0.108   730333.002
  0.006   730333.002
  0.076   730333.002
  0.100   730333.007
  0.106   730333.014
  0.098   730333.021
  0.099   730333.028
  0.097   730333.035
  0.119   730333.042
  0.104   730333.049
  0.095   730333.056
  0.107   730333.063
  0.099   730333.070
  0.107   730333.077
  0.108   730333.084
  0.085   730333.091
  0.078   730333.098
  0.090   730333.105
  0.085   730333.111
  0.085   730333.118
  0.093   730333.125
  0.086   730333.132
  0.102   730333.139
  0.088   730333.146
  0.081   730333.153
  0.099   730333.160
  0.093   730333.167
  0.083   730333.174
  0.085   730333.181
  0.093   730333.188
  0.096   730333.195
  0.098   730333.202
  0.099   730333.209
  0.096   730333.216
  0.089   730333.223
  0.087   730333.230
  0.089   730333.236
  0.083   730333.243
  0.087   730333.250
  0.073   730333.257
  0.086   730333.264
  0.082   730333.271
  0.090   730333.278
  0.096   730333.285
  0.090   730333.292
  0.113   730333.299
  0.101   730333.306
  0.110   730333.313
  0.107   730333.320
  0.117   730333.327
  0.104   730333.334
  0.138   730333.341
  0.137   730333.348
  0.135   730333.355
  0.132   730333.362
  0.129   730333.369
  0.245   730333.375
  0.140   730333.382
  0.147   730333.389
  0.144   730333.396
  0.127   730333.403
  0.130   730333.410
  0.126   730333.417
  0.142   730333.424
  0.114   730333.431
  0.130   730333.438
  0.111   730333.445
  0.121   730333.452
  0.122   730333.459
  0.119   730333.466
  0.138   730333.473
  0.119   730333.480
  0.119   730333.487
  0.110   730333.493
  0.104   730333.500
  0.105   730333.507
  0.133   730333.514
  0.113   730333.521
  0.119   730333.528
  0.115   730333.535
  0.670   730333.542
  0.171   730333.549
  0.113   730333.556
  0.111   730333.563
  0.137   730333.570
  0.104   730333.577
  0.118   730333.584
  0.113   730333.591
  0.111   730333.598
  0.119   730333.605
  0.122   730333.612
  0.144   730333.619
  0.122   730333.625
  0.128   730333.632
  0.116   730333.639
  0.107   730333.646
  0.115   730333.653
  0.104   730333.660
  0.110   730333.667
  0.110   730333.674
  0.204   730333.681
  0.100   730333.688
  0.110   730333.695
  0.114   730333.702
  0.098   730333.709
  0.108   730333.716
  0.114   730333.723
  0.111   730333.730
  0.123   730333.737
  0.108   730333.743
  0.105   730333.750
  0.106   730333.757
  0.100   730333.764
  0.117   730333.771
  0.118   730333.778
  0.120   730333.785
  0.109   730333.792
  0.108   730333.799
  0.113   730333.806
  0.140   730333.813
  0.114   730333.820
  0.114   730333.827
  0.117   730333.834
  0.098   730333.841
  0.432   730333.848
  0.128   730333.855
  0.856   730333.862
  0.109   730333.868
  0.106   730333.875
  0.113   730333.882
  0.105   730333.889
  0.099   730333.896
  0.099   730333.903
  0.110   730333.910
  0.123   730333.917
  0.099   730333.924
  0.104   730333.931
  0.101   730333.938
  0.095   730333.945
  0.101   730333.952
  0.102   730333.959
  0.109   730333.966
  0.111   730333.973
  2.160   730333.980
  0.109   730333.987
  1.883   730333.993
