  0.029   730333.002
  0.009   730333.002
  0.069   730333.002
  0.032   730333.007
  0.031   730333.014
  0.030   730333.021
  0.028   730333.028
  0.030   730333.035
  0.030   730333.042
  0.030   730333.049
  0.076   730333.056
  0.030   730333.063
  0.026   730333.070
  0.027   730333.077
  0.026   730333.084
  0.026   730333.091
  0.024   730333.098
  0.029   730333.105
  0.027   730333.111
  0.027   730333.118
  0.027   730333.125
  0.024   730333.132
  0.024   730333.139
  0.025   730333.146
  0.026   730333.153
  0.025   730333.160
  0.024   730333.167
  0.024   730333.174
  0.027   730333.181
  0.024   730333.188
  0.023   730333.195
  0.069   730333.202
  0.025   730333.209
  0.026   730333.216
  0.021   730333.223
  0.027   730333.230
  0.025   730333.236
  0.024   730333.243
  0.025   730333.250
  0.026   730333.257
  0.024   730333.264
  0.024   730333.271
  0.022   730333.278
  0.026   730333.285
  0.026   730333.292
  0.027   730333.299
  0.027   730333.306
  0.029   730333.313
  0.027   730333.320
  0.030   730333.327
  0.029   730333.334
  0.033   730333.341
  0.037   730333.348
  0.033   730333.355
  0.038   730333.362
  0.040   730333.369
  0.082   730333.375
  0.036   730333.382
  0.038   730333.389
  0.037   730333.396
  0.037   730333.403
  0.035   730333.410
  0.033   730333.417
  0.035   730333.424
  0.037   730333.431
  0.038   730333.438
  0.035   730333.445
  0.035   730333.452
  0.036   730333.459
  0.036   730333.466
  0.068   730333.473
  0.034   730333.480
  0.038   730333.487
  0.036   730333.493
  0.039   730333.500
  0.038   730333.507
  0.036   730333.514
  0.035   730333.521
  0.036   730333.528
  0.034   730333.535
  0.248   730333.542
  0.053   730333.549
  0.036   730333.556
  0.031   730333.563
  0.035   730333.570
  0.037   730333.577
  0.036   730333.584
  0.042   730333.591
  0.036   730333.598
  0.036   730333.605
  0.038   730333.612
  0.042   730333.619
  0.036   730333.625
  0.042   730333.632
  0.039   730333.639
  0.039   730333.646
  0.038   730333.653
  0.039   730333.660
  0.041   730333.667
  0.038   730333.674
  0.081   730333.681
  0.038   730333.688
  0.039   730333.695
  0.042   730333.702
  0.038   730333.709
  0.037   730333.716
  0.038   730333.723
  0.037   730333.730
  0.043   730333.737
  0.041   730333.743
  0.037   730333.750
  0.039   730333.757
  0.038   730333.764
  0.038   730333.771
  0.039   730333.778
  0.038   730333.785
  0.038   730333.792
  0.038   730333.799
  0.038   730333.806
  0.201   730333.813
  0.042   730333.820
  0.038   730333.827
  0.040   730333.834
  0.034   730333.841
  0.125   730333.848
  0.040   730333.855
  0.449   730333.862
  0.038   730333.868
  0.042   730333.875
  0.041   730333.882
  0.033   730333.889
  0.036   730333.896
  0.034   730333.903
  0.034   730333.910
  0.034   730333.917
  1.066   730333.924
  0.034   730333.931
  0.033   730333.938
  0.034   730333.945
  0.028   730333.952
  0.035   730333.959
  0.031   730333.966
  0.032   730333.973
  0.969   730333.980
  0.032   730333.987
  0.036   730333.993
