  3.395   729414.000
  4.514   729414.042
  3.223   729414.052
  2.608   729414.063
  2.403   729414.073
  1.872   729414.083
    NaN   729414.094
  2.205   729414.104
  2.670   729414.115
  2.929   729414.125
  2.667   729414.135
  2.477   729414.146
  2.114   729414.156
  1.770   729414.167
  1.620   729414.177
  1.277   729414.188
  1.587   729414.198
  1.501   729414.208
  1.415   729414.219
  1.588   729414.229
  1.389   729414.240
  1.478   729414.250
  1.307   729414.260
  1.496   729414.271
  1.247   729414.281
  1.452   729414.292
  1.517   729414.302
  1.640   729414.313
  1.755   729414.323
  1.997   729414.333
  1.518   729414.344
  1.886   729414.354
  2.364   729414.365
  1.989   729414.375
  1.725   729414.385
  1.863   729414.396
  2.517   729414.406
  2.187   729414.417
  2.596   729414.427
  1.953   729414.438
  1.853   729414.448
  2.251   729414.458
  1.985   729414.469
  2.060   729414.479
  1.833   729414.490
  1.754   729414.500
  1.975   729414.510
  1.737   729414.521
  1.507   729414.531
  1.308   729414.542
  1.546   729414.552
  1.779   729414.563
  2.448   729414.573
  1.404   729414.583
  1.772   729414.594
  2.069   729414.604
  2.476   729414.615
  2.729   729414.625
  2.198   729414.635
  2.516   729414.646
  1.563   729414.656
  1.582   729414.667
  2.128   729414.677
  2.170   729414.688
  2.175   729414.698
  2.883   729414.708
  2.139   729414.719
  2.150   729414.729
  2.269   729414.740
  2.613   729414.750
  1.881   729414.760
  2.125   729414.771
  1.975   729414.781
  1.635   729414.796
  3.707   729414.813
  2.492   729414.823
  2.194   729414.854
  1.878   729414.865
  2.055   729414.875
  2.206   729414.885
  2.206   729414.896
  1.887   729414.906
  1.629   729414.917
  1.400   729414.927
  1.696   729414.938
  1.383   729414.948
  1.658   729414.958
  1.977   729414.969
  2.422   729414.979
  2.406   729414.990
