  0.821   730104.003
  0.742   730104.010
  0.724   730104.017
  0.727   730104.024
  0.835   730104.031
  0.773   730104.037
  0.790   730104.044
  0.696   730104.051
  0.870   730104.058
  0.638   730104.065
  0.719   730104.072
  0.714   730104.079
  0.712   730104.086
  0.714   730104.093
  0.711   730104.100
  0.699   730104.107
  0.690   730104.114
  0.610   730104.121
  0.675   730104.128
  0.598   730104.135
  0.563   730104.142
  0.668   730104.149
  0.625   730104.156
  0.659   730104.162
  0.637   730104.169
  0.618   730104.176
  0.620   730104.183
  0.595   730104.190
  0.629   730104.197
  0.654   730104.204
  0.600   730104.211
  0.615   730104.218
  0.576   730104.225
  0.629   730104.233
  0.592   730104.239
  0.569   730104.246
  0.612   730104.253
  0.577   730104.260
  0.585   730104.267
  0.547   730104.274
  0.522   730104.281
  0.595   730104.287
  0.549   730104.294
  0.579   730104.301
  0.546   730104.308
  0.604   730104.315
  0.593   730104.322
  0.530   730104.329
  0.555   730104.336
  0.579   730104.343
  0.577   730104.350
  0.625   730104.357
  0.598   730104.364
  0.510   730104.371
  0.574   730104.378
  0.600   730104.385
  0.573   730104.392
  0.609   730104.399
  0.687   730104.406
  0.641   730104.412
  0.624   730104.420
  0.714   730104.429
  0.645   730104.435
  0.675   730104.440
  0.689   730104.447
  0.666   730104.455
  0.732   730104.461
  0.710   730104.468
  0.751   730104.475
  0.718   730104.482
  0.796   730104.489
  0.734   730104.496
  0.778   730104.503
  0.823   730104.510
  0.822   730104.517
  0.859   730104.524
  0.827   730104.531
  0.876   730104.537
  0.875   730104.544
  0.843   730104.551
  0.782   730104.558
  0.840   730104.565
  0.760   730104.572
  0.856   730104.579
  0.792   730104.586
  0.787   730104.593
  0.706   730104.600
  0.742   730104.607
  0.742   730104.614
  0.852   730104.621
  0.788   730104.628
  0.820   730104.635
  0.754   730104.642
  0.721   730104.649
  0.711   730104.656
  0.691   730104.662
  0.739   730104.669
  0.779   730104.676
  0.739   730104.683
  0.746   730104.690
  0.748   730104.697
  0.724   730104.704
  0.755   730104.711
  0.819   730104.718
  0.761   730104.725
  0.732   730104.732
  0.745   730104.739
  0.765   730104.746
  0.800   730104.753
  0.685   730104.760
  0.769   730104.767
  0.769   730104.774
  0.784   730104.781
  0.879   730104.787
  0.904   730104.794
  0.869   730104.801
  0.722   730104.808
  0.839   730104.815
  0.923   730104.822
  0.932   730104.829
  0.980   730104.836
  0.876   730104.843
  0.849   730104.850
  0.906   730104.857
  0.870   730104.864
    NaN   730104.871
  0.893   730104.878
  0.870   730104.885
  0.884   730104.892
  0.792   730104.899
  1.000   730104.906
  0.850   730104.912
  0.925   730104.919
  0.838   730104.926
  0.850   730104.933
  0.819   730104.940
  0.810   730104.947
  0.814   730104.954
  0.772   730104.961
  0.838   730104.968
  0.854   730104.975
  0.780   730104.982
  0.769   730104.989
  0.791   730104.996
