  0.180   730043.000
  0.190   730043.000
  0.190   730043.010
  0.180   730043.020
  0.210   730043.020
  0.190   730043.030
  0.210   730043.040
  0.220   730043.050
  0.210   730043.050
  0.200   730043.060
  0.200   730043.070
  0.190   730043.070
  0.190   730043.080
  0.210   730043.090
  0.210   730043.090
  0.210   730043.100
  0.250   730043.110
  0.180   730043.110
  0.190   730043.120
  0.190   730043.130
  0.170   730043.140
  0.180   730043.140
  0.210   730043.150
  0.190   730043.160
  0.190   730043.160
  0.220   730043.170
  0.210   730043.180
  0.220   730043.180
  0.210   730043.190
  0.210   730043.200
  0.250   730043.200
  0.230   730043.210
  0.230   730043.220
  0.250   730043.230
  0.270   730043.230
  0.290   730043.240
  0.290   730043.250
  0.310   730043.250
  0.330   730043.260
  0.350   730043.270
  0.360   730043.270
  0.350   730043.280
  0.360   730043.290
  0.440   730043.300
  0.390   730043.300
  0.430   730043.310
  0.420   730043.320
  0.450   730043.320
  0.460   730043.330
  0.440   730043.340
  0.490   730043.340
  0.480   730043.350
  0.470   730043.360
  0.450   730043.360
  0.430   730043.370
  0.450   730043.380
  0.390   730043.390
  0.410   730043.390
  0.400   730043.400
  0.440   730043.410
  0.450   730043.410
  0.450   730043.420
  0.430   730043.430
  0.460   730043.430
  0.450   730043.440
  0.430   730043.450
  0.490   730043.450
  0.530   730043.460
  0.510   730043.470
  0.520   730043.480
  0.460   730043.480
  0.500   730043.490
  0.490   730043.500
  0.480   730043.500
  0.500   730043.510
  0.480   730043.520
  0.440   730043.520
  0.450   730043.530
  0.450   730043.540
  0.500   730043.550
  0.450   730043.550
  0.450   730043.560
  0.420   730043.570
  0.410   730043.570
  0.420   730043.580
  0.420   730043.590
  0.390   730043.590
  0.440   730043.600
  0.410   730043.610
  0.410   730043.610
  0.410   730043.620
  0.380   730043.630
  0.380   730043.640
  0.350   730043.640
  0.390   730043.650
  0.360   730043.660
  0.360   730043.660
  0.360   730043.670
  0.360   730043.680
  0.360   730043.680
  0.340   730043.690
  0.350   730043.700
  0.350   730043.700
  0.320   730043.710
  0.350   730043.720
  0.350   730043.730
  0.360   730043.730
  0.340   730043.750
  0.670   730043.750
  0.950   730043.760
  0.390   730043.770
  0.380   730043.770
  0.370   730043.780
  0.370   730043.790
  0.410   730043.800
  0.400   730043.810
  0.420   730043.820
  0.480   730043.830
  0.450   730043.840
  0.420   730043.840
  0.530   730043.850
  0.590   730043.860
  0.450   730043.860
  0.590   730043.870
  0.520   730043.880
  0.720   730043.890
  0.780   730043.890
  0.580   730043.900
  0.670   730043.910
  0.750   730043.910
  0.850   730043.920
  0.530   730043.950
  0.470   730043.960
  0.430   730043.970
  0.450   730043.980
  0.440   730043.980
  0.430   730043.990
