  0.429   730345.001
  0.200   730345.001
  0.383   730345.008
  0.388   730345.014
  0.433   730345.021
  0.438   730345.028
  0.442   730345.035
  0.413   730345.042
  0.459   730345.049
  0.422   730345.056
  0.426   730345.063
  0.507   730345.070
  0.460   730345.077
  0.478   730345.084
  0.454   730345.091
  0.394   730345.098
  0.447   730345.105
  0.484   730345.112
  0.551   730345.119
  0.454   730345.126
  0.639   730345.132
  0.515   730345.139
  0.527   730345.146
  0.546   730345.153
  0.452   730345.160
  0.501   730345.167
  0.496   730345.174
  0.520   730345.181
  0.585   730345.188
  0.585   730345.195
  0.573   730345.202
  0.553   730345.209
  0.531   730345.216
  0.561   730345.223
  0.580   730345.230
  0.593   730345.237
  0.581   730345.244
  0.581   730345.251
  0.583   730345.258
  0.643   730345.265
  0.634   730345.271
  0.623   730345.278
  0.667   730345.285
  0.682   730345.292
  0.745   730345.299
  8.027   730345.306
  0.688   730345.313
  0.695   730345.320
  0.763   730345.327
  0.830   730345.334
  0.695   730345.341
  0.723   730345.348
  0.727   730345.355
  0.783   730345.362
  0.844   730345.369
  0.880   730345.376
  0.922   730345.383
  0.863   730345.390
  0.909   730345.396
  0.959   730345.403
  0.818   730345.410
  0.992   730345.417
  0.886   730345.424
  0.826   730345.431
  0.998   730345.438
  0.835   730345.445
  0.986   730345.452
  0.916   730345.459
  0.983   730345.466
  0.879   730345.473
  0.908   730345.480
  0.887   730345.487
  0.801   730345.494
  0.893   730345.501
  0.843   730345.508
  0.842   730345.514
  0.852   730345.522
  0.752   730345.528
  0.770   730345.535
  0.715   730345.542
  0.783   730345.549
  0.798   730345.556
  1.262   730345.563
  0.737   730345.570
  0.943   730345.577
  0.956   730345.584
  0.892   730345.591
  0.785   730345.598
  0.739   730345.605
  0.977   730345.612
  0.830   730345.619
  1.007   730345.626
  0.835   730345.633
  0.688   730345.640
  0.740   730345.646
  0.791   730345.653
  0.865   730345.660
  0.871   730345.667
  0.797   730345.674
  2.157   730345.681
  0.742   730345.688
  0.773   730345.695
  0.629   730345.702
  0.661   730345.709
  0.853   730345.716
  0.801   730345.723
  0.824   730345.730
  0.708   730345.736
  0.821   730345.743
  0.707   730345.750
  0.816   730345.757
  0.765   730345.764
  0.718   730345.771
  0.732   730345.778
  0.742   730345.785
  0.723   730345.792
  0.692   730345.799
  6.159   730345.806
  0.758   730345.813
  0.609   730345.820
  0.710   730345.827
  0.631   730345.834
  0.577   730345.841
  0.637   730345.848
  0.632   730345.855
  0.661   730345.862
  0.587   730345.869
  0.613   730345.876
  0.575   730345.883
  0.658   730345.890
  0.610   730345.896
  0.599   730345.903
  0.640   730345.910
  0.594   730345.917
  0.599   730345.924
  0.616   730345.931
  0.629   730345.938
  0.677   730345.945
  0.573   730345.952
  0.622   730345.959
  0.598   730345.966
  0.597   730345.973
  0.647   730345.980
  0.553   730345.987
  0.515   730345.994
