  0.312   730345.001
  0.166   730345.001
  0.312   730345.008
  0.286   730345.015
  0.288   730345.022
  0.737   730345.029
  0.302   730345.036
  0.298   730345.043
  0.287   730345.050
  0.291   730345.056
  0.313   730345.063
  0.298   730345.070
  0.309   730345.077
  0.286   730345.084
  0.261   730345.091
  0.308   730345.098
  0.271   730345.105
  0.303   730345.112
  0.311   730345.119
  0.277   730345.126
  1.732   730345.133
  0.234   730345.140
  0.292   730345.147
  0.259   730345.154
  0.284   730345.161
  0.272   730345.168
  0.287   730345.175
  0.257   730345.182
  0.265   730345.188
  0.253   730345.195
  0.258   730345.202
  0.235   730345.209
  0.298   730345.216
  0.259   730345.223
  0.275   730345.230
  0.279   730345.237
  0.246   730345.244
  0.253   730345.251
  0.264   730345.258
  0.246   730345.265
  0.279   730345.272
  0.240   730345.279
  0.222   730345.286
  0.248   730345.293
  0.220   730345.300
  0.232   730345.307
  0.252   730345.313
  0.225   730345.321
  0.250   730345.327
  1.001   730345.334
  0.254   730345.341
  0.262   730345.348
  0.245   730345.355
  0.228   730345.362
  0.233   730345.369
  0.275   730345.376
  0.210   730345.383
  0.209   730345.390
  0.213   730345.397
  0.227   730345.404
  0.207   730345.411
  0.233   730345.418
  0.216   730345.425
  0.218   730345.432
  0.271   730345.439
  0.234   730345.445
  0.219   730345.452
  0.216   730345.459
  0.188   730345.466
  0.200   730345.473
  0.199   730345.480
  0.225   730345.487
  0.178   730345.494
  0.191   730345.501
  0.213   730345.508
  0.209   730345.515
  0.231   730345.522
  0.219   730345.529
  0.231   730345.536
  0.207   730345.543
  0.202   730345.550
  0.229   730345.557
  0.217   730345.564
  0.193   730345.571
  0.199   730345.577
  0.207   730345.584
  0.202   730345.591
  0.217   730345.598
  0.217   730345.605
  0.180   730345.612
  0.206   730345.619
  0.224   730345.626
  0.205   730345.633
  0.217   730345.640
  0.207   730345.647
  0.210   730345.654
  0.186   730345.661
  0.193   730345.668
  0.193   730345.675
  0.187   730345.681
  0.211   730345.688
  0.218   730345.695
  0.195   730345.702
  0.197   730345.709
  0.216   730345.716
  0.211   730345.723
  0.200   730345.730
  0.211   730345.737
  0.209   730345.744
  0.197   730345.751
  0.217   730345.758
  0.216   730345.765
  0.202   730345.772
  0.221   730345.779
  0.180   730345.786
  0.197   730345.792
  0.189   730345.799
  0.159   730345.806
  0.179   730345.813
  0.192   730345.820
  0.172   730345.827
  0.201   730345.834
  0.186   730345.841
  1.505   730345.848
  0.190   730345.855
  0.182   730345.862
  0.179   730345.869
  0.183   730345.876
  0.206   730345.883
  0.170   730345.890
  0.207   730345.897
  0.204   730345.904
  0.201   730345.911
  0.195   730345.918
  0.175   730345.925
  0.171   730345.932
  0.180   730345.938
  0.187   730345.945
  0.178   730345.952
  0.191   730345.959
  0.168   730345.966
  0.170   730345.973
  0.171   730345.980
  0.163   730345.987
  0.160   730345.994
