  0.112   730345.000
  0.024   730345.000
  0.111   730345.007
  0.105   730345.014
  0.107   730345.021
  0.190   730345.028
  0.127   730345.035
  0.109   730345.042
  0.102   730345.049
  0.093   730345.056
  0.113   730345.063
  0.184   730345.070
  0.186   730345.077
  0.121   730345.084
  0.160   730345.091
  0.174   730345.097
  0.137   730345.104
  0.110   730345.111
  0.077   730345.118
  0.091   730345.125
  0.289   730345.132
  0.097   730345.139
  0.090   730345.146
  0.094   730345.153
  0.078   730345.160
  0.080   730345.167
  0.085   730345.174
  0.094   730345.181
  0.092   730345.188
  0.098   730345.195
  0.088   730345.202
  0.094   730345.209
  0.089   730345.216
  0.086   730345.223
  0.101   730345.229
  0.092   730345.237
  0.093   730345.243
  0.083   730345.250
  0.084   730345.257
  0.094   730345.264
  0.078   730345.271
  0.081   730345.278
  0.080   730345.285
  0.089   730345.292
  0.100   730345.299
  0.089   730345.306
  0.086   730345.313
  0.080   730345.320
  0.076   730345.327
  0.190   730345.334
  0.160   730345.341
  0.092   730345.348
  0.096   730345.354
  0.086   730345.361
  0.096   730345.368
  0.089   730345.375
  0.088   730345.382
  0.096   730345.389
  0.094   730345.396
  0.099   730345.403
  0.118   730345.410
  0.125   730345.417
  0.111   730345.424
  0.106   730345.431
  0.134   730345.438
  0.090   730345.445
  0.102   730345.452
  0.099   730345.459
  0.105   730345.466
  0.097   730345.473
  0.098   730345.480
  0.110   730345.486
  0.094   730345.493
  0.099   730345.500
  0.109   730345.507
  0.096   730345.514
  0.090   730345.521
  0.099   730345.528
  0.087   730345.535
  0.111   730345.542
  0.107   730345.549
  0.128   730345.556
  0.089   730345.563
  0.093   730345.570
  0.111   730345.577
  0.096   730345.584
  0.099   730345.591
  0.096   730345.598
  0.094   730345.604
  0.102   730345.611
  0.090   730345.618
  0.102   730345.625
  0.103   730345.632
  0.090   730345.639
  0.090   730345.646
  0.090   730345.653
  0.088   730345.660
  0.116   730345.667
  0.098   730345.674
  0.248   730345.681
  0.116   730345.688
  0.135   730345.695
  0.115   730345.701
  0.110   730345.708
  0.130   730345.716
  0.118   730345.722
  0.112   730345.729
  0.111   730345.736
  0.102   730345.743
  0.084   730345.750
  0.084   730345.757
  0.082   730345.764
  0.090   730345.771
  0.095   730345.778
  0.080   730345.785
  0.085   730345.792
  0.075   730345.799
  0.081   730345.806
  0.082   730345.813
  0.089   730345.820
  0.087   730345.827
  0.079   730345.834
  0.080   730345.841
  0.084   730345.848
  0.098   730345.855
  0.072   730345.861
  0.085   730345.868
  0.091   730345.875
  0.080   730345.882
  0.071   730345.889
  0.088   730345.896
  0.077   730345.903
  0.087   730345.910
  0.080   730345.917
  0.073   730345.924
  0.087   730345.931
  0.088   730345.938
  0.078   730345.945
  0.077   730345.952
  0.090   730345.959
  0.094   730345.966
  0.099   730345.973
  0.081   730345.979
  0.091   730345.986
  0.096   730345.993
