  0.518   730345.002
  5.126   730345.002
  0.516   730345.002
  5.249   730345.002
  0.504   730345.008
  0.494   730345.009
  0.472   730345.015
  0.546   730345.015
  0.870   730345.022
  0.905   730345.022
  3.237   730345.029
  3.170   730345.029
  0.427   730345.036
  0.459   730345.036
  0.521   730345.043
  0.524   730345.044
  0.507   730345.050
  0.493   730345.051
  0.577   730345.056
  0.540   730345.056
  0.482   730345.064
  0.461   730345.064
  0.450   730345.071
  0.419   730345.071
  0.544   730345.078
  0.515   730345.078
  0.518   730345.085
  0.511   730345.085
  0.463   730345.092
  0.480   730345.092
  0.485   730345.099
  0.572   730345.099
  0.449   730345.106
  0.501   730345.106
  0.504   730345.113
  0.518   730345.113
  0.509   730345.119
  0.522   730345.120
  1.393   730345.126
  1.413   730345.127
  3.442   730345.133
  3.331   730345.134
  0.522   730345.140
  0.516   730345.140
  0.523   730345.147
  0.515   730345.147
  0.510   730345.154
  0.565   730345.154
  0.537   730345.161
  0.550   730345.161
  0.562   730345.168
  0.597   730345.168
  0.597   730345.175
  0.606   730345.175
  0.546   730345.182
  0.590   730345.182
  0.568   730345.189
  0.564   730345.189
  0.592   730345.196
  0.622   730345.196
  0.466   730345.203
  0.474   730345.203
  0.664   730345.210
  0.660   730345.210
  0.652   730345.217
  0.642   730345.217
  0.570   730345.224
  0.578   730345.224
  0.701   730345.231
  0.698   730345.231
  0.590   730345.238
  0.587   730345.238
  0.606   730345.244
  0.590   730345.245
  0.614   730345.251
  0.604   730345.252
  0.656   730345.258
  0.659   730345.259
  0.631   730345.265
  0.634   730345.266
  0.652   730345.272
  0.676   730345.272
  0.681   730345.279
  0.656   730345.279
  0.677   730345.286
  0.730   730345.286
  0.693   730345.293
  0.733   730345.293
  0.679   730345.300
  0.683   730345.300
  0.680   730345.307
  0.632   730345.307
  0.673   730345.314
  0.702   730345.314
  0.676   730345.321
  0.695   730345.321
  0.716   730345.328
  0.642   730345.328
  3.159   730345.335
  3.302   730345.335
  0.638   730345.342
  0.702   730345.342
  0.650   730345.349
  0.651   730345.349
  0.672   730345.356
  0.674   730345.356
  0.557   730345.363
  0.581   730345.363
  0.680   730345.370
  0.676   730345.370
  0.596   730345.376
  0.585   730345.377
  0.715   730345.383
  0.687   730345.384
  0.617   730345.390
  0.590   730345.391
  0.565   730345.397
  0.582   730345.397
  0.520   730345.404
  0.530   730345.404
  0.494   730345.411
  0.528   730345.411
  0.504   730345.418
  0.543   730345.418
  0.551   730345.425
  0.573   730345.425
  0.471   730345.432
  0.479   730345.432
  0.557   730345.439
  0.510   730345.439
  0.473   730345.446
  0.493   730345.446
  0.507   730345.453
  0.473   730345.453
  0.529   730345.460
  0.491   730345.460
  0.485   730345.467
  0.476   730345.467
  0.448   730345.474
  0.440   730345.474
  0.500   730345.481
  0.439   730345.481
  0.457   730345.488
  0.440   730345.488
  0.452   730345.494
  0.459   730345.495
  2.156   730345.501
  2.240   730345.502
  0.414   730345.508
  0.463   730345.509
  0.415   730345.515
  0.416   730345.515
  0.419   730345.522
  0.388   730345.523
  0.440   730345.529
  0.416   730345.529
  0.389   730345.536
  0.409   730345.536
  0.408   730345.543
  0.359   730345.543
  0.414   730345.550
  0.413   730345.550
  0.384   730345.557
  0.370   730345.557
  0.408   730345.564
  0.421   730345.564
  0.418   730345.571
  0.440   730345.571
  0.406   730345.578
  0.410   730345.578
  0.415   730345.585
  0.417   730345.585
  0.416   730345.592
  0.420   730345.592
  0.410   730345.599
  0.430   730345.599
  0.365   730345.606
  0.371   730345.606
  0.400   730345.613
  0.429   730345.613
  0.375   730345.619
  0.401   730345.620
  0.383   730345.626
  0.354   730345.627
  0.437   730345.633
  0.408   730345.634
  0.408   730345.640
  0.411   730345.641
  0.409   730345.647
  0.428   730345.647
  0.394   730345.654
  0.397   730345.654
  0.411   730345.661
  0.420   730345.661
  0.392   730345.668
  0.378   730345.668
  0.464   730345.675
  0.424   730345.675
  0.381   730345.682
  0.426   730345.682
  0.458   730345.689
  0.434   730345.689
  0.419   730345.696
  0.434   730345.696
  0.437   730345.703
  0.479   730345.703
  0.429   730345.710
  0.460   730345.710
  0.440   730345.717
  0.487   730345.717
  0.470   730345.723
  0.488   730345.724
  0.418   730345.730
  0.454   730345.731
  0.511   730345.737
  0.482   730345.738
  0.456   730345.744
  0.459   730345.744
  0.458   730345.751
  0.452   730345.751
  0.461   730345.758
  0.490   730345.758
  0.440   730345.765
  0.408   730345.765
  0.480   730345.772
  0.499   730345.772
  0.440   730345.779
  0.422   730345.779
  0.471   730345.786
  0.466   730345.786
  0.384   730345.793
  0.372   730345.793
  0.411   730345.800
  0.413   730345.800
  0.434   730345.807
  0.445   730345.807
  0.422   730345.814
  0.423   730345.814
  0.394   730345.821
  0.374   730345.821
  0.397   730345.828
  0.391   730345.828
  0.395   730345.835
  0.388   730345.835
  0.372   730345.842
  0.362   730345.842
  0.359   730345.849
  0.377   730345.849
  0.473   730345.856
  0.529   730345.856
  0.309   730345.862
  0.309   730345.863
  0.354   730345.869
  0.331   730345.870
  0.283   730345.876
  0.315   730345.877
  0.299   730345.883
  0.306   730345.884
  0.272   730345.890
  0.279   730345.891
  0.264   730345.897
  0.270   730345.897
  0.293   730345.904
  0.306   730345.905
  0.267   730345.911
  0.263   730345.911
  0.294   730345.918
  0.299   730345.918
  0.271   730345.925
  0.280   730345.925
  0.267   730345.932
  0.308   730345.932
  0.241   730345.939
  0.266   730345.939
  0.247   730345.946
  0.241   730345.946
  0.226   730345.953
  0.224   730345.953
  0.254   730345.960
  0.232   730345.960
  0.239   730345.967
  0.234   730345.967
  0.235   730345.974
  0.235   730345.974
  0.209   730345.981
  0.227   730345.981
  0.217   730345.987
  0.217   730345.988
  0.222   730345.994
  0.216   730345.995
