  8.908   730289.006
  2.809   730289.013
 35.353   730289.020
 37.315   730289.027
  0.000   730289.034
  0.000   730289.041
 20.850   730289.048
  0.000   730289.055
  8.685   730289.062
  0.248   730289.069
  2.111   730289.076
  0.292   730289.083
  6.482   730289.090
  0.279   730289.097
  0.298   730289.104
  0.289   730289.111
  0.287   730289.118
  0.276   730289.125
  0.303   730289.132
  0.291   730289.138
  0.267   730289.145
  1.034   730289.152
  0.000   730289.159
  0.000   730289.166
  0.000   730289.173
  0.000   730289.180
  0.000   730289.187
 17.794   730289.194
 20.678   730289.201
  0.442   730289.208
  3.810   730289.215
 21.387   730289.222
 26.988   730289.229
 25.983   730289.236
 20.810   730289.243
  0.384   730289.250
  0.317   730289.257
  0.326   730289.263
  0.409   730289.270
  0.298   730289.277
  0.309   730289.284
  0.281   730289.291
  0.281   730289.298
  0.298   730289.305
  0.292   730289.312
  0.308   730289.319
  0.307   730289.326
  0.317   730289.333
  0.340   730289.340
  0.339   730289.347
  0.306   730289.354
  0.281   730289.361
  0.316   730289.368
  0.297   730289.375
  0.343   730289.381
  0.335   730289.388
  0.296   730289.395
  0.293   730289.402
  0.282   730289.409
  0.299   730289.416
  0.301   730289.423
  0.299   730289.430
  0.296   730289.437
  0.273   730289.444
  0.291   730289.451
  0.256   730289.458
  0.447   730289.465
  0.334   730289.472
  0.342   730289.479
  0.325   730289.486
  0.281   730289.493
  0.312   730289.500
  0.299   730289.507
  0.303   730289.513
  0.282   730289.520
  0.278   730289.527
  0.310   730289.534
  0.322   730289.541
  0.302   730289.548
  0.278   730289.555
  0.280   730289.562
  0.941   730289.569
  0.281   730289.576
  0.519   730289.583
  0.246   730289.590
  0.301   730289.597
  0.287   730289.604
  0.325   730289.611
  0.303   730289.618
  0.297   730289.625
  0.298   730289.631
  1.260   730289.638
  0.295   730289.645
  0.271   730289.652
  0.298   730289.659
  0.253   730289.666
  0.268   730289.673
  0.275   730289.680
  5.856   730289.687
  0.298   730289.694
  0.330   730289.701
  0.292   730289.708
  0.269   730289.715
  0.289   730289.722
  0.341   730289.729
  0.333   730289.736
  0.301   730289.743
  0.330   730289.750
  0.282   730289.757
  0.283   730289.764
  0.326   730289.770
  0.299   730289.777
  0.301   730289.784
  0.262   730289.791
  0.345   730289.798
  0.260   730289.805
  0.298   730289.812
  0.321   730289.819
  0.303   730289.826
  0.327   730289.833
  0.325   730289.840
  0.312   730289.847
  0.263   730289.854
  0.269   730289.861
  0.255   730289.868
  0.273   730289.875
  6.051   730289.881
  0.275   730289.888
  0.271   730289.895
  0.249   730289.902
  0.259   730289.909
  0.266   730289.916
  0.288   730289.923
  0.371   730289.930
  0.265   730289.937
  0.229   730289.944
  0.294   730289.951
  0.264   730289.958
  0.253   730289.965
  0.269   730289.972
  0.270   730289.979
  0.257   730289.986
  0.246   730289.993
  0.255   730290.000
