  1.070   730289.006
  0.367   730289.013
  0.385   730289.020
  0.382   730289.027
  0.401   730289.034
  0.414   730289.041
  0.589   730289.048
  0.423   730289.055
  0.432   730289.062
  0.423   730289.069
  0.677   730289.076
  0.470   730289.083
  1.432   730289.090
  0.394   730289.097
  0.424   730289.104
  0.430   730289.110
  0.451   730289.117
  0.440   730289.124
  0.470   730289.131
  0.513   730289.138
  0.464   730289.145
  0.446   730289.152
  0.459   730289.159
  0.442   730289.166
  0.467   730289.173
  0.504   730289.180
  0.480   730289.187
  0.504   730289.194
  0.440   730289.201
  0.446   730289.208
  0.424   730289.215
  0.401   730289.222
  0.444   730289.229
  0.429   730289.235
  0.405   730289.242
  0.383   730289.249
  0.408   730289.256
  0.350   730289.263
  0.353   730289.270
  0.340   730289.277
  0.362   730289.284
  0.398   730289.291
  0.383   730289.298
  0.412   730289.305
  0.349   730289.312
  0.378   730289.319
  0.405   730289.326
  0.356   730289.333
  0.373   730289.340
  0.346   730289.347
  0.355   730289.354
  0.347   730289.361
  0.349   730289.367
  0.478   730289.374
  0.367   730289.381
  0.453   730289.388
  0.354   730289.395
  0.352   730289.402
  0.337   730289.409
  0.387   730289.416
  0.420   730289.423
  0.372   730289.430
  0.370   730289.437
  0.333   730289.444
  0.369   730289.451
  0.390   730289.458
  3.474   730289.465
  2.004   730289.472
  0.535   730289.479
  0.464   730289.485
  0.377   730289.492
  0.339   730289.499
  0.408   730289.506
  0.372   730289.513
  0.356   730289.520
  0.375   730289.527
  0.361   730289.534
  0.375   730289.541
  0.363   730289.548
  0.335   730289.555
  0.354   730289.562
  0.744   730289.569
  0.388   730289.576
  0.386   730289.583
  0.385   730289.590
  0.366   730289.597
  0.388   730289.604
  0.418   730289.610
  0.461   730289.617
  0.384   730289.624
  0.445   730289.631
  0.455   730289.638
  0.434   730289.645
  0.459   730289.652
  0.450   730289.659
  0.372   730289.666
  0.348   730289.673
  0.395   730289.680
  1.070   730289.687
  0.422   730289.694
  0.394   730289.701
  0.379   730289.708
  0.352   730289.715
  0.374   730289.722
  0.342   730289.729
  0.346   730289.735
  0.368   730289.742
  0.350   730289.749
  0.304   730289.756
  0.392   730289.763
  0.326   730289.770
  0.331   730289.777
  0.312   730289.784
  0.381   730289.791
  0.365   730289.798
  0.294   730289.805
  0.268   730289.812
  0.356   730289.819
  0.347   730289.826
  0.728   730289.833
  0.352   730289.840
  0.328   730289.847
  0.318   730289.854
  0.303   730289.860
  0.359   730289.867
  0.333   730289.874
  0.396   730289.881
  0.324   730289.888
  0.298   730289.895
  0.367   730289.902
  0.283   730289.909
  0.311   730289.916
  0.328   730289.923
  1.500   730289.930
  0.609   730289.937
    NaN   730289.944
  0.321   730289.951
  0.335   730289.958
  0.308   730289.965
  0.313   730289.972
  0.277   730289.979
  0.295   730289.985
  0.401   730289.992
  0.280   730289.999
