  0.707   730289.000
  0.110   730289.000
  0.886   730289.007
  0.817   730289.014
  0.851   730289.021
  2.035   730289.028
  0.772   730289.035
  1.038   730289.042
  1.179   730289.049
  1.157   730289.056
  0.832   730289.063
 93.378   730289.069
  1.285   730289.076
  0.987   730289.083
  0.956   730289.090
  1.054   730289.097
  1.018   730289.104
  1.014   730289.111
  1.231   730289.118
  1.092   730289.125
  1.126   730289.132
  1.434   730289.139
  1.271   730289.146
  1.319   730289.153
  1.350   730289.160
  1.612   730289.167
  1.290   730289.174
  2.178   730289.181
  1.883   730289.188
  1.631   730289.195
  1.616   730289.201
  1.510   730289.208
  1.820   730289.215
  1.759   730289.222
  5.958   730289.229
  6.307   730289.236
  1.370   730289.243
  1.416   730289.250
  1.623   730289.257
  1.531   730289.264
  1.438   730289.271
  1.466   730289.278
  1.396   730289.285
  1.300   730289.292
  1.498   730289.299
  1.407   730289.306
  1.457   730289.313
  1.484   730289.319
  1.385   730289.326
  1.373   730289.333
  1.440   730289.340
  1.320   730289.347
  1.249   730289.354
  1.158   730289.361
  1.361   730289.368
  1.289   730289.375
  1.140   730289.382
  1.274   730289.389
  1.124   730289.396
  1.066   730289.403
  1.201   730289.410
  1.254   730289.417
  1.230   730289.424
  1.012   730289.431
  1.270   730289.438
  1.291   730289.444
  1.083   730289.451
  1.216   730289.458
  1.510   730289.465
  1.299   730289.472
  1.065   730289.479
  1.030   730289.486
  1.280   730289.493
  1.256   730289.500
  1.328   730289.507
  1.247   730289.514
  1.187   730289.521
  1.237   730289.528
  1.226   730289.535
  1.398   730289.542
  1.072   730289.549
  1.097   730289.556
  1.112   730289.563
 63.856   730289.569
  1.149   730289.576
  1.260   730289.583
  1.156   730289.590
  1.181   730289.597
  1.308   730289.604
  1.223   730289.611
  1.294   730289.618
  1.086   730289.625
  1.233   730289.632
  1.269   730289.639
  1.202   730289.646
  1.216   730289.653
  1.421   730289.660
  1.441   730289.667
  1.284   730289.674
  1.207   730289.681
  1.432   730289.688
  1.167   730289.695
  1.307   730289.701
  1.301   730289.708
  1.316   730289.715
  1.448   730289.722
  1.196   730289.729
  1.113   730289.736
  1.142   730289.743
  1.105   730289.750
  1.361   730289.757
  1.227   730289.764
  1.305   730289.771
  1.052   730289.778
  1.203   730289.785
  1.345   730289.792
  1.145   730289.799
  1.139   730289.806
  1.095   730289.813
  1.205   730289.820
  1.206   730289.826
  1.069   730289.833
  1.153   730289.840
  1.179   730289.847
  1.208   730289.854
  1.134   730289.861
  1.221   730289.868
  1.093   730289.875
  1.311   730289.882
  1.224   730289.889
  1.169   730289.896
  1.223   730289.903
  1.219   730289.910
  1.017   730289.917
  1.189   730289.924
  1.236   730289.931
  1.182   730289.938
  1.359   730289.945
  1.257   730289.951
  1.185   730289.958
  1.419   730289.965
  1.472   730289.972
  1.190   730289.979
  1.334   730289.986
  1.040   730289.993
