  0.485   730175.001
  0.417   730175.008
  0.470   730175.015
  0.565   730175.022
  0.496   730175.029
  0.487   730175.037
  0.501   730175.043
  0.537   730175.050
  0.518   730175.057
  0.491   730175.064
  0.569   730175.071
  0.487   730175.079
  0.481   730175.085
  0.491   730175.092
  0.553   730175.099
  0.481   730175.106
  0.676   730175.113
  0.510   730175.121
  0.565   730175.126
  0.502   730175.133
  0.462   730175.140
  0.467   730175.147
  0.521   730175.154
  0.485   730175.162
  0.504   730175.168
  0.524   730175.175
  0.449   730175.182
  0.541   730175.189
  0.484   730175.196
  0.467   730175.203
  0.483   730175.210
  0.475   730175.217
  0.519   730175.224
  0.486   730175.231
  0.463   730175.238
  0.462   730175.245
  0.475   730175.251
  0.510   730175.258
  0.481   730175.265
  0.466   730175.272
  0.512   730175.279
  0.581   730175.287
  0.495   730175.293
  0.489   730175.300
  0.528   730175.307
  0.526   730175.314
  0.541   730175.321
  0.487   730175.330
  0.519   730175.336
  0.526   730175.342
  0.495   730175.349
  0.459   730175.356
  0.379   730175.372
  0.468   730175.379
  0.378   730175.395
  0.441   730175.401
  0.411   730175.411
  0.424   730175.421
  0.388   730175.425
  0.473   730175.432
  0.378   730175.439
  1.667   730175.446
  0.426   730175.455
  0.423   730175.460
  0.437   730175.467
  0.427   730175.474
  0.439   730175.481
  0.414   730175.488
  0.359   730175.495
  0.402   730175.501
  0.454   730175.508
  0.437   730175.515
  0.428   730175.522
  0.424   730175.529
  0.452   730175.537
  0.431   730175.543
  0.411   730175.550
  0.421   730175.557
  0.367   730175.564
  0.402   730175.571
  0.422   730175.578
  0.406   730175.585
  0.431   730175.592
  0.390   730175.599
  0.401   730175.606
  0.421   730175.613
  0.432   730175.619
  0.384   730175.626
  1.774   730175.633
  0.485   730175.640
  0.403   730175.647
  0.440   730175.654
  0.423   730175.661
  0.663   730175.668
  0.431   730175.675
  0.362   730175.682
  0.450   730175.689
  0.428   730175.696
  0.437   730175.703
  0.443   730175.710
  0.421   730175.717
  0.372   730175.724
  0.420   730175.731
  0.396   730175.738
  0.404   730175.745
  0.521   730175.751
  0.434   730175.758
    NaN   730175.765
  0.463   730175.772
  0.541   730175.779
  3.004   730175.786
  1.026   730175.793
  0.498   730175.800
  0.475   730175.807
  0.439   730175.814
  0.477   730175.821
  0.471   730175.828
  0.459   730175.835
  0.419   730175.842
  0.446   730175.849
  0.421   730175.856
  0.627   730175.863
  0.402   730175.871
  0.430   730175.876
  0.428   730175.883
  0.354   730175.890
  0.398   730175.897
  0.431   730175.904
  0.355   730175.912
  0.425   730175.918
  0.541   730175.925
  0.403   730175.932
  0.396   730175.939
  0.432   730175.946
  0.595   730175.953
  0.387   730175.960
  0.369   730175.967
  0.534   730175.974
