  1.575   730175.001
  1.285   730175.008
  1.449   730175.015
  1.359   730175.022
  1.521   730175.028
  1.494   730175.035
  1.531   730175.042
  1.422   730175.049
  2.496   730175.056
  2.727   730175.063
  8.168   730175.069
  1.508   730175.078
  1.492   730175.084
  1.508   730175.091
  1.712   730175.098
  1.520   730175.104
  1.642   730175.112
  1.685   730175.119
  1.652   730175.125
  1.638   730175.133
  1.710   730175.140
  1.574   730175.147
  1.571   730175.153
  1.781   730175.161
  1.726   730175.167
  2.086   730175.174
  1.630   730175.181
  2.050   730175.188
  1.596   730175.194
  1.835   730175.202
  1.756   730175.209
  1.869   730175.216
  1.864   730175.223
  1.822   730175.230
  1.603   730175.236
  2.009   730175.244
  1.930   730175.251
  1.979   730175.258
  1.734   730175.265
  1.829   730175.271
  2.430   730175.278
  1.935   730175.286
  2.090   730175.292
  1.846   730175.299
  2.022   730175.306
  2.008   730175.313
    NaN   730175.319
  2.051   730175.328
  1.826   730175.335
  1.789   730175.341
  2.114   730175.348
  1.959   730175.355
  1.772   730175.370
  1.743   730175.376
  1.849   730175.387
  1.941   730175.400
  1.593   730175.408
  1.645   730175.417
  1.873   730175.420
  1.892   730175.424
  1.847   730175.431
  2.034   730175.438
  3.690   730175.445
  1.782   730175.453
  1.802   730175.459
  1.821   730175.466
  1.608   730175.473
  1.643   730175.480
  1.692   730175.487
  1.500   730175.494
  1.856   730175.501
  1.780   730175.508
  2.028   730175.514
  1.751   730175.522
  1.751   730175.528
  1.574   730175.536
  1.580   730175.542
  1.859   730175.549
  1.972   730175.556
  1.468   730175.562
  1.791   730175.569
  1.722   730175.577
  1.702   730175.584
  1.721   730175.591
  1.901   730175.598
  1.581   730175.605
  1.518   730175.611
  1.823   730175.619
  1.802   730175.626
  1.823   730175.633
  1.643   730175.640
  1.996   730175.647
  1.721   730175.653
  1.582   730175.660
  1.716   730175.667
  1.770   730175.674
  1.936   730175.681
  1.899   730175.688
  1.809   730175.695
  2.075   730175.702
  2.233   730175.709
  1.935   730175.716
  1.781   730175.723
  1.948   730175.730
  1.857   730175.737
  1.885   730175.744
  1.894   730175.751
  1.737   730175.757
  1.878   730175.765
  1.673   730175.772
  1.964   730175.778
  1.871   730175.785
 15.113   730175.792
  2.048   730175.799
  1.861   730175.806
  1.938   730175.813
    NaN   730175.820
  2.033   730175.828
  1.966   730175.833
  1.951   730175.841
 20.812   730175.848
  2.080   730175.855
 15.125   730175.862
  2.350   730175.869
  2.374   730175.876
  2.089   730175.883
  2.238   730175.889
  2.624   730175.897
  1.861   730175.903
  1.999   730175.911
  2.237   730175.917
  2.064   730175.924
  2.078   730175.931
  2.024   730175.938
  1.933   730175.945
  1.915   730175.952
  2.192   730175.959
  1.996   730175.966
  1.734   730175.973
