  0.744   730175.001
  0.615   730175.008
  0.766   730175.015
  0.734   730175.022
  0.688   730175.028
  0.789   730175.036
  0.914   730175.042
  0.801   730175.049
  0.852   730175.056
  0.665   730175.063
  0.979   730175.070
  0.693   730175.078
  0.680   730175.084
  0.826   730175.091
  0.907   730175.098
  0.792   730175.105
  0.762   730175.112
  0.895   730175.120
  0.922   730175.126
  0.855   730175.133
  0.761   730175.140
  0.789   730175.147
  0.930   730175.153
  0.798   730175.161
  0.868   730175.167
  0.800   730175.174
  0.843   730175.181
  0.890   730175.188
  0.772   730175.195
  0.821   730175.203
  0.908   730175.209
  0.987   730175.216
  0.863   730175.223
  0.938   730175.230
  0.920   730175.237
  0.833   730175.244
  0.928   730175.251
  0.802   730175.258
  0.850   730175.265
  0.858   730175.272
  0.859   730175.278
  0.929   730175.287
  0.880   730175.292
  0.812   730175.299
  0.965   730175.306
  0.890   730175.313
  0.878   730175.320
  0.939   730175.328
  0.936   730175.335
  0.996   730175.341
  0.988   730175.348
  0.891   730175.355
  2.401   730175.365
  0.979   730175.371
  0.963   730175.376
    NaN   730175.392
  0.942   730175.400
  0.999   730175.420
  0.898   730175.424
  0.862   730175.431
  0.920   730175.438
  1.801   730175.445
  0.893   730175.454
  0.753   730175.459
  0.907   730175.466
  0.763   730175.473
  0.857   730175.480
  0.857   730175.487
  0.885   730175.494
  0.829   730175.501
  0.864   730175.508
  0.845   730175.515
  0.844   730175.522
  0.804   730175.528
  1.027   730175.537
  0.913   730175.542
  0.810   730175.549
  0.833   730175.556
  0.883   730175.563
  0.715   730175.570
  0.712   730175.578
  0.802   730175.584
  0.811   730175.591
  0.809   730175.598
  0.874   730175.605
  0.788   730175.612
  0.837   730175.619
  0.697   730175.626
  0.945   730175.633
  0.808   730175.640
  0.785   730175.647
  0.680   730175.653
  0.747   730175.660
  0.791   730175.667
  0.768   730175.674
  0.722   730175.681
  0.714   730175.688
  0.735   730175.695
  0.794   730175.703
  0.750   730175.709
  0.794   730175.716
  0.727   730175.723
  0.774   730175.730
  0.764   730175.737
  0.783   730175.744
  0.813   730175.751
  0.783   730175.758
  0.910   730175.765
  0.917   730175.772
  0.877   730175.778
  0.913   730175.786
  1.055   730175.792
  0.758   730175.799
  0.827   730175.806
  0.936   730175.813
  0.828   730175.820
  0.765   730175.828
  0.870   730175.834
  0.815   730175.841
  2.179   730175.848
  0.889   730175.855
  0.877   730175.862
  0.756   730175.870
  1.000   730175.876
  0.942   730175.883
    NaN   730175.890
  0.834   730175.897
  0.940   730175.903
  0.827   730175.912
  0.857   730175.917
  1.022   730175.924
  0.929   730175.931
  0.906   730175.938
  0.980   730175.945
  0.942   730175.953
  0.878   730175.959
  0.903   730175.966
  1.033   730175.973
