  2.075   730175.001
  2.368   730175.008
  2.374   730175.015
  2.151   730175.022
  2.267   730175.029
  2.168   730175.037
  2.240   730175.043
  2.233   730175.050
  2.204   730175.057
  2.374   730175.064
  2.649   730175.070
  2.262   730175.078
  2.145   730175.085
  2.214   730175.092
  2.117   730175.099
  2.466   730175.105
  2.142   730175.113
  2.269   730175.120
  2.333   730175.126
  2.779   730175.133
  2.363   730175.140
  2.419   730175.147
  2.177   730175.154
  2.257   730175.162
  2.198   730175.168
  2.335   730175.174
  2.489   730175.182
  2.264   730175.189
  2.248   730175.195
  2.538   730175.203
  2.257   730175.210
  2.121   730175.217
  2.463   730175.224
  2.404   730175.231
  2.300   730175.237
  2.235   730175.245
  2.310   730175.251
  2.301   730175.258
  2.193   730175.265
  2.107   730175.272
  2.050   730175.279
  2.330   730175.287
  2.009   730175.292
  1.987   730175.300
  2.147   730175.306
  2.195   730175.314
  2.288   730175.320
  2.165   730175.329
  2.327   730175.335
  2.060   730175.342
  2.077   730175.349
  2.265   730175.356
  1.859   730175.365
  1.893   730175.372
  1.959   730175.401
  2.044   730175.411
  1.777   730175.421
  1.819   730175.424
  1.983   730175.431
  2.051   730175.439
  3.659   730175.446
  1.972   730175.454
  2.210   730175.460
  1.990   730175.467
  2.139   730175.474
  1.885   730175.481
  1.999   730175.488
    NaN   730175.495
  2.019   730175.501
  1.987   730175.508
  2.057   730175.515
  1.954   730175.522
  2.248   730175.528
  2.017   730175.537
  1.916   730175.543
  1.658   730175.550
  2.122   730175.557
  1.927   730175.563
  1.886   730175.570
  1.631   730175.578
  2.009   730175.585
  1.591   730175.592
  1.902   730175.599
  1.947   730175.606
  2.030   730175.612
  1.750   730175.619
  1.950   730175.626
  3.425   730175.633
  2.039   730175.640
  1.894   730175.647
  2.226   730175.654
  2.101   730175.661
  2.038   730175.668
  2.148   730175.675
  1.954   730175.682
  2.108   730175.689
  1.716   730175.696
  1.964   730175.703
  1.969   730175.710
  1.905   730175.717
  1.937   730175.724
  1.793   730175.731
  1.980   730175.738
  1.682   730175.744
  2.122   730175.751
  2.013   730175.758
  1.862   730175.765
  1.895   730175.772
  2.052   730175.779
  1.880   730175.786
  1.776   730175.793
  2.167   730175.799
  2.080   730175.807
  1.964   730175.814
  2.026   730175.821
  1.911   730175.828
  2.008   730175.834
  2.248   730175.842
  2.136   730175.849
  2.337   730175.856
  2.241   730175.863
  2.146   730175.870
  2.060   730175.876
  2.034   730175.883
  2.609   730175.890
  2.450   730175.897
  2.099   730175.904
  2.165   730175.912
  2.078   730175.918
  2.032   730175.924
  2.193   730175.932
  2.147   730175.938
  1.865   730175.946
  2.269   730175.953
  2.048   730175.960
  2.040   730175.967
  1.981   730175.974
