  0.202   730406.004
  0.186   730406.004
  0.186   730406.010
  0.181   730406.017
  0.190   730406.024
  0.201   730406.031
  0.169   730406.038
  0.195   730406.046
  0.180   730406.052
  0.201   730406.059
  2.142   730406.066
 11.432   730406.073
  0.229   730406.080
  3.971   730406.087
  0.170   730406.094
  0.189   730406.100
  0.183   730406.107
  0.188   730406.115
  1.041   730406.122
  0.198   730406.129
  0.172   730406.135
  0.201   730406.142
  0.198   730406.149
  0.197   730406.156
  0.199   730406.163
  0.177   730406.170
  0.167   730406.177
  0.180   730406.184
  0.193   730406.191
  0.193   730406.198
  0.176   730406.205
  0.172   730406.212
  0.158   730406.219
  0.182   730406.225
  0.192   730406.232
  0.175   730406.240
  0.159   730406.247
  0.165   730406.253
  0.166   730406.260
  0.163   730406.267
  0.159   730406.274
  0.160   730406.281
  0.172   730406.288
  0.155   730406.295
  0.157   730406.302
  0.158   730406.309
  0.144   730406.316
  0.147   730406.323
  0.147   730406.330
  0.160   730406.337
  0.151   730406.344
  0.144   730406.350
  0.131   730406.357
  0.145   730406.365
  0.131   730406.371
  0.142   730406.378
  0.141   730406.385
  0.134   730406.392
  0.142   730406.399
  0.144   730406.406
  2.036   730406.413
  0.142   730406.420
  0.137   730406.427
  0.137   730406.434
  0.156   730406.441
  0.143   730406.448
  0.136   730406.455
  0.141   730406.462
  0.146   730406.469
  0.140   730406.475
  0.172   730406.482
  0.145   730406.490
  0.150   730406.497
  0.147   730406.503
  0.141   730406.510
  0.141   730406.517
  0.140   730406.524
  0.163   730406.531
  0.136   730406.538
  0.143   730406.545
  0.141   730406.552
  0.162   730406.559
  0.131   730406.566
  2.062   730406.573
  0.143   730406.580
  0.155   730406.587
  0.146   730406.594
  0.151   730406.601
  0.153   730406.608
  0.151   730406.615
  0.159   730406.622
  0.143   730406.629
  0.163   730406.636
  0.160   730406.642
  0.202   730406.649
  0.143   730406.656
  0.140   730406.663
  0.159   730406.670
  0.154   730406.677
  0.158   730406.684
  0.162   730406.691
  0.200   730406.698
  0.147   730406.705
  0.137   730406.712
  0.124   730406.719
  0.153   730406.725
  0.132   730406.732
  0.138   730406.740
  0.135   730406.747
  0.122   730406.753
  0.128   730406.760
  0.131   730406.767
  0.132   730406.774
  0.132   730406.781
  0.134   730406.788
  0.132   730406.795
  0.130   730406.802
  0.125   730406.809
  0.831   730406.816
  0.124   730406.824
  0.107   730406.830
  0.121   730406.838
  0.137   730406.844
  0.124   730406.851
  0.120   730406.857
  0.108   730406.865
  0.109   730406.872
  1.055   730406.879
  0.107   730406.885
  0.116   730406.892
  0.122   730406.899
  0.131   730406.906
  1.887   730406.913
  0.116   730406.920
  0.110   730406.927
  0.123   730406.934
  0.117   730406.941
  0.114   730406.948
  0.106   730406.955
  0.121   730406.962
  0.116   730406.969
  0.070   730406.969
  0.108   730406.976
  0.106   730406.983
  0.114   730406.990
  0.116   730406.997
