  0.188   730406.007
  0.165   730406.013
  0.183   730406.020
  0.196   730406.027
  0.178   730406.034
  0.187   730406.041
  0.193   730406.049
  0.157   730406.055
  0.162   730406.062
  9.289   730406.069
  0.805   730406.076
  0.172   730406.083
  0.168   730406.091
  0.158   730406.097
  0.156   730406.103
  0.149   730406.110
  0.148   730406.118
  0.159   730406.125
  0.161   730406.132
  0.147   730406.138
  0.153   730406.145
  0.157   730406.152
  0.166   730406.159
  0.160   730406.166
  0.140   730406.173
  0.173   730406.180
  0.170   730406.187
  0.168   730406.194
  0.144   730406.201
  0.192   730406.208
  0.167   730406.215
  0.183   730406.222
  0.167   730406.228
  0.174   730406.235
  0.137   730406.243
  0.161   730406.250
  0.169   730406.256
  0.156   730406.263
  0.162   730406.270
  0.163   730406.277
  0.171   730406.284
  0.160   730406.291
  0.151   730406.298
  0.155   730406.305
  0.146   730406.312
  0.167   730406.319
  0.168   730406.326
  0.150   730406.333
  0.167   730406.340
  0.165   730406.347
  0.148   730406.353
  0.163   730406.360
  0.178   730406.368
  0.159   730406.374
  0.151   730406.381
  0.171   730406.388
  0.171   730406.395
  0.159   730406.402
  0.145   730406.409
  0.149   730406.416
  0.149   730406.423
  0.156   730406.430
  0.156   730406.437
  0.144   730406.444
  0.142   730406.451
  0.141   730406.458
  0.131   730406.465
  0.138   730406.472
  0.153   730406.478
  0.144   730406.485
  0.173   730406.493
  0.180   730406.500
  0.151   730406.507
  0.134   730406.514
  0.155   730406.520
  0.144   730406.527
  0.153   730406.534
  0.151   730406.541
  0.168   730406.548
  0.155   730406.555
  0.163   730406.562
  0.183   730406.569
  0.172   730406.576
  0.166   730406.583
  0.158   730406.590
  0.168   730406.597
  0.161   730406.604
  0.156   730406.610
  0.160   730406.618
  0.180   730406.625
  0.162   730406.632
  0.170   730406.639
  0.162   730406.645
  0.147   730406.652
  0.167   730406.659
  0.148   730406.666
  0.162   730406.673
  0.160   730406.680
  0.220   730406.687
  0.202   730406.694
  0.141   730406.701
  0.130   730406.708
  0.128   730406.715
  0.147   730406.722
  0.138   730406.728
  0.140   730406.735
  0.142   730406.743
  0.133   730406.750
  0.128   730406.757
  0.162   730406.763
  0.138   730406.770
  0.139   730406.777
  4.798   730406.784
  0.143   730406.791
  0.132   730406.798
  0.114   730406.805
  0.139   730406.812
  0.123   730406.819
  0.119   730406.828
  0.125   730406.834
  0.116   730406.841
  0.131   730406.847
  0.123   730406.854
  0.128   730406.860
  0.120   730406.868
 14.131   730406.875
  9.937   730406.882
  5.733   730406.889
  0.104   730406.895
  0.113   730406.902
  0.101   730406.909
  0.100   730406.916
  0.100   730406.923
  0.098   730406.931
  0.091   730406.937
  0.107   730406.944
  0.103   730406.951
  0.106   730406.958
  0.103   730406.965
  0.125   730406.973
  0.094   730406.973
  0.106   730406.980
  0.109   730406.986
  0.102   730406.994
