  0.829   730406.000
  0.291   730406.000
  0.842   730406.008
  0.704   730406.014
  0.780   730406.021
  0.933   730406.028
  0.827   730406.035
  0.762   730406.042
  0.814   730406.050
  0.823   730406.056
  0.887   730406.063
 21.201   730406.069
  1.204   730406.077
  0.777   730406.084
  0.745   730406.091
  0.826   730406.098
  0.741   730406.104
  0.684   730406.111
  0.784   730406.118
  0.710   730406.125
  0.786   730406.132
  0.749   730406.139
  0.627   730406.146
  0.673   730406.153
  0.705   730406.160
  0.639   730406.167
  0.716   730406.174
  0.725   730406.180
  0.754   730406.187
  0.649   730406.195
  0.793   730406.202
  0.739   730406.209
  0.630   730406.216
  0.655   730406.222
  0.690   730406.229
  0.678   730406.236
  0.693   730406.244
  0.739   730406.250
  0.683   730406.257
  0.659   730406.264
  0.680   730406.271
  0.637   730406.278
  0.675   730406.285
  0.566   730406.292
  0.616   730406.299
  0.653   730406.306
  0.643   730406.312
  0.644   730406.319
  0.569   730406.327
  0.644   730406.334
  0.617   730406.341
  0.609   730406.347
  0.649   730406.354
  0.659   730406.361
  0.642   730406.368
  0.529   730406.375
  4.334   730406.382
  0.610   730406.389
  0.601   730406.396
  0.610   730406.403
  0.584   730406.410
  0.583   730406.417
  0.622   730406.424
  0.593   730406.431
  0.570   730406.437
  0.569   730406.444
  0.683   730406.452
  0.613   730406.459
  0.638   730406.466
  0.561   730406.473
  0.620   730406.479
  0.647   730406.486
  0.572   730406.493
  0.634   730406.500
  0.597   730406.507
  0.580   730406.514
  0.609   730406.521
  0.680   730406.528
  0.576   730406.535
  0.610   730406.542
  0.616   730406.549
  0.643   730406.556
  0.583   730406.563
  0.624   730406.569
  0.525   730406.577
  0.604   730406.584
  0.644   730406.591
  0.608   730406.598
  0.584   730406.604
  0.599   730406.611
  0.557   730406.619
  0.631   730406.625
  0.587   730406.632
  0.545   730406.639
  0.680   730406.646
  0.557   730406.653
  0.570   730406.660
  0.531   730406.667
  0.570   730406.674
  0.504   730406.681
  0.631   730406.687
  0.579   730406.694
  0.577   730406.702
  0.607   730406.709
  0.655   730406.716
  0.674   730406.722
  0.633   730406.729
  0.658   730406.736
  0.567   730406.743
  0.544   730406.750
  0.622   730406.757
  0.579   730406.764
  0.543   730406.771
  0.652   730406.778
  0.572   730406.785
  0.576   730406.792
  0.602   730406.799
  0.618   730406.806
  0.602   730406.813
  0.544   730406.820
  0.508   730406.829
  0.500   730406.835
  0.523   730406.842
  0.571   730406.848
  0.546   730406.854
  0.565   730406.861
  0.553   730406.868
  2.764   730406.875
  4.258   730406.882
  0.436   730406.889
  0.464   730406.896
  0.437   730406.903
  0.519   730406.910
  0.471   730406.917
  0.447   730406.924
  0.468   730406.932
  0.430   730406.938
  0.474   730406.945
  0.498   730406.952
  0.523   730406.959
  0.480   730406.966
  0.261   730406.974
  0.475   730406.974
  0.437   730406.981
  0.485   730406.987
  0.411   730406.995
