  0.176   730349.002
  0.176   730349.002
  0.078   730349.002
  0.078   730349.002
  0.190   730349.008
  0.190   730349.008
  0.414   730349.015
  0.414   730349.015
  0.179   730349.022
  0.179   730349.022
  0.190   730349.029
  0.190   730349.029
  0.186   730349.036
  0.186   730349.036
  0.149   730349.043
  0.149   730349.043
  0.203   730349.050
  0.203   730349.050
  0.224   730349.057
  0.224   730349.057
  0.208   730349.064
  0.208   730349.064
  0.196   730349.071
  0.196   730349.071
  0.192   730349.078
  0.192   730349.078
  0.183   730349.085
  0.183   730349.085
  0.207   730349.092
  0.207   730349.092
  0.199   730349.099
  0.199   730349.099
  0.211   730349.105
  0.211   730349.105
  0.189   730349.112
  0.189   730349.112
  0.210   730349.119
  0.210   730349.119
  0.228   730349.126
  0.228   730349.126
  0.218   730349.133
  0.218   730349.133
  0.188   730349.140
  0.188   730349.140
  0.218   730349.147
  0.218   730349.147
  0.218   730349.154
  0.218   730349.154
  0.237   730349.161
  0.237   730349.161
  0.241   730349.168
  0.241   730349.168
  0.234   730349.175
  0.234   730349.175
  0.224   730349.182
  0.224   730349.182
  0.229   730349.189
  0.229   730349.189
  0.189   730349.196
  0.189   730349.196
  0.232   730349.203
  0.232   730349.203
  0.187   730349.210
  0.187   730349.210
  0.206   730349.217
  0.206   730349.217
  0.226   730349.223
  0.226   730349.223
  0.206   730349.230
  0.206   730349.230
  0.203   730349.237
  0.203   730349.237
  0.192   730349.244
  0.192   730349.244
  0.173   730349.251
  0.173   730349.251
  0.182   730349.258
  0.182   730349.258
  0.222   730349.265
  0.222   730349.265
  0.199   730349.272
  0.199   730349.272
  0.171   730349.279
  0.171   730349.279
  0.194   730349.286
  0.194   730349.286
  0.197   730349.293
  0.197   730349.293
  0.189   730349.300
  0.189   730349.300
  0.175   730349.307
  0.175   730349.307
  0.192   730349.314
  0.192   730349.314
  0.192   730349.321
  0.192   730349.321
  0.183   730349.328
  0.183   730349.328
  0.198   730349.335
  0.198   730349.335
  0.164   730349.342
  0.164   730349.342
  0.172   730349.349
  0.172   730349.349
  0.186   730349.355
  0.186   730349.355
  0.170   730349.362
  0.170   730349.362
  0.151   730349.369
  0.151   730349.369
  0.170   730349.376
  0.170   730349.376
  0.139   730349.383
  0.139   730349.383
  0.164   730349.390
  0.164   730349.390
  0.174   730349.397
  0.174   730349.397
  0.147   730349.404
  0.147   730349.404
  0.183   730349.411
  0.183   730349.411
  0.140   730349.418
  0.140   730349.418
  0.187   730349.425
  0.187   730349.425
  0.171   730349.432
  0.171   730349.432
  0.152   730349.439
  0.152   730349.439
  0.157   730349.446
  0.157   730349.446
  0.163   730349.453
  0.163   730349.453
  0.177   730349.460
  0.177   730349.460
  0.182   730349.467
  0.182   730349.467
  0.189   730349.474
  0.189   730349.474
  0.147   730349.480
  0.147   730349.480
  0.175   730349.487
  0.175   730349.487
  0.163   730349.494
  0.163   730349.494
  0.165   730349.501
  0.165   730349.501
  0.175   730349.508
  0.175   730349.508
  0.150   730349.515
  0.150   730349.515
  0.184   730349.522
  0.184   730349.522
  0.171   730349.529
  0.171   730349.529
  0.162   730349.536
  0.162   730349.536
  0.190   730349.543
  0.190   730349.543
  0.176   730349.550
  0.176   730349.550
  0.175   730349.557
  0.175   730349.557
  0.184   730349.564
  0.184   730349.564
  0.186   730349.571
  0.186   730349.571
  0.220   730349.578
  0.220   730349.578
  0.227   730349.585
  0.227   730349.585
  0.196   730349.592
  0.196   730349.592
  0.184   730349.599
  0.184   730349.599
  0.210   730349.605
  0.210   730349.605
  0.224   730349.612
  0.224   730349.612
  0.251   730349.619
  0.251   730349.619
  0.206   730349.626
  0.206   730349.626
  0.171   730349.633
  0.171   730349.633
  0.168   730349.640
  0.168   730349.640
  0.190   730349.647
  0.190   730349.647
  0.189   730349.654
  0.189   730349.654
  0.212   730349.661
  0.212   730349.661
  0.199   730349.668
  0.199   730349.668
  0.208   730349.675
  0.208   730349.675
  0.188   730349.682
  0.188   730349.682
  0.454   730349.689
  0.454   730349.689
  0.196   730349.696
  0.196   730349.696
  0.194   730349.703
  0.194   730349.703
  0.181   730349.710
  0.181   730349.710
  0.195   730349.717
  0.195   730349.717
  0.166   730349.723
  0.166   730349.723
  0.168   730349.730
  0.168   730349.730
  0.190   730349.737
  0.190   730349.737
  0.157   730349.744
  0.157   730349.744
  0.197   730349.751
  0.197   730349.751
  0.188   730349.758
  0.188   730349.758
  0.187   730349.765
  0.187   730349.765
  0.191   730349.772
  0.191   730349.772
  0.193   730349.779
  0.193   730349.779
  0.191   730349.786
  0.191   730349.786
  0.174   730349.793
  0.174   730349.793
  0.182   730349.800
  0.182   730349.800
  0.203   730349.807
  0.203   730349.807
  0.170   730349.814
  0.170   730349.814
  5.751   730349.821
  5.751   730349.821
  0.189   730349.828
  0.189   730349.828
  0.175   730349.835
  0.175   730349.835
  0.187   730349.842
  0.187   730349.842
  0.175   730349.849
  0.175   730349.849
  0.180   730349.856
  0.180   730349.856
  0.183   730349.862
  0.183   730349.862
  0.185   730349.869
  0.185   730349.869
  0.192   730349.876
  0.192   730349.876
  0.194   730349.883
  0.194   730349.883
  0.185   730349.890
  0.185   730349.890
  0.181   730349.897
  0.181   730349.897
  0.177   730349.904
  0.177   730349.904
  0.166   730349.911
  0.166   730349.911
  0.175   730349.918
  0.175   730349.918
  0.182   730349.925
  0.182   730349.925
  0.179   730349.932
  0.179   730349.932
  0.163   730349.939
  0.163   730349.939
  0.193   730349.946
  0.193   730349.946
  0.165   730349.953
  0.165   730349.953
  0.156   730349.960
  0.156   730349.960
  0.169   730349.967
  0.169   730349.967
  0.161   730349.974
  0.161   730349.974
  0.140   730349.980
  0.140   730349.980
  0.174   730349.987
  0.174   730349.987
  0.170   730349.994
  0.170   730349.994
