  0.083   730349.001
  0.041   730349.001
  0.084   730349.008
  0.294   730349.014
  0.078   730349.021
  0.077   730349.028
  0.075   730349.035
  0.083   730349.042
  0.081   730349.049
  0.086   730349.056
  0.081   730349.063
  0.095   730349.070
  0.074   730349.077
  0.067   730349.084
  0.066   730349.091
  0.071   730349.098
  0.066   730349.105
  0.169   730349.112
  0.097   730349.118
  0.066   730349.125
  0.066   730349.132
  0.061   730349.139
  0.069   730349.146
  0.072   730349.153
  0.071   730349.160
  0.095   730349.167
  0.072   730349.174
  0.075   730349.181
  0.069   730349.188
  0.061   730349.195
  0.078   730349.202
  0.067   730349.209
  0.067   730349.216
  0.071   730349.223
  0.060   730349.230
  0.064   730349.237
  0.062   730349.243
  0.072   730349.250
  0.065   730349.257
  0.065   730349.264
  0.068   730349.271
  0.065   730349.278
  0.064   730349.285
  0.067   730349.292
  0.068   730349.299
  0.065   730349.306
  0.068   730349.313
  0.065   730349.320
  0.066   730349.327
  0.061   730349.334
  1.545   730349.341
  0.056   730349.348
  0.067   730349.355
  0.056   730349.362
  0.057   730349.368
  0.077   730349.375
  0.055   730349.382
  0.058   730349.389
  0.060   730349.396
  0.059   730349.403
  0.057   730349.410
  0.064   730349.417
  0.059   730349.424
  0.057   730349.431
  0.058   730349.438
  0.058   730349.445
  0.054   730349.452
  0.055   730349.459
  0.050   730349.466
  0.056   730349.473
  0.053   730349.480
  0.051   730349.487
  0.051   730349.493
  0.048   730349.500
  0.055   730349.507
  0.050   730349.514
  0.050   730349.521
  0.050   730349.528
  0.051   730349.535
  0.167   730349.542
  0.049   730349.549
  0.052   730349.556
  0.049   730349.563
  0.047   730349.570
  0.049   730349.577
  0.048   730349.584
  0.052   730349.591
  0.050   730349.598
  0.045   730349.605
  0.049   730349.612
  0.042   730349.618
  0.039   730349.625
  0.044   730349.632
  0.051   730349.639
  0.044   730349.646
  0.047   730349.653
  0.046   730349.660
  0.043   730349.667
  0.043   730349.674
  0.040   730349.681
  0.587   730349.688
  0.045   730349.695
  0.048   730349.702
  0.041   730349.709
  0.044   730349.716
  0.042   730349.723
  0.047   730349.730
  0.046   730349.737
  0.041   730349.743
  0.050   730349.750
  0.775   730349.757
  0.039   730349.764
  0.092   730349.771
  0.000   730349.778
  0.000   730349.785
  0.001   730349.792
  0.000   730349.799
  0.000   730349.806
  0.000   730349.813
  0.000   730349.820
  0.000   730349.827
  0.196   730349.834
  2.023   730349.841
  0.049   730349.848
  0.046   730349.855
  0.049   730349.862
  0.045   730349.868
  0.041   730349.875
  0.050   730349.882
  0.573   730349.889
  0.014   730349.896
  0.013   730349.903
  0.414   730349.910
  1.049   730349.917
  1.512   730349.924
  0.299   730349.931
  0.572   730349.938
  0.060   730349.945
  0.095   730349.952
  0.856   730349.959
  0.229   730349.966
  0.089   730349.973
  0.658   730349.980
  0.000   730349.987
  0.000   730349.994
