  0.008   730349.007
  0.028   730349.007
  0.167   730349.013
  0.033   730349.020
  0.025   730349.027
  0.025   730349.034
  0.021   730349.041
  0.025   730349.048
  0.025   730349.055
  0.024   730349.062
  0.027   730349.069
  0.026   730349.076
  0.025   730349.083
  0.027   730349.090
  0.027   730349.097
  0.028   730349.104
  0.026   730349.111
  0.026   730349.118
  0.027   730349.125
  0.025   730349.131
  0.037   730349.138
  0.034   730349.145
  0.031   730349.152
  0.026   730349.159
  0.030   730349.166
  0.026   730349.173
  0.028   730349.180
  0.036   730349.187
  0.034   730349.194
  0.032   730349.201
  0.031   730349.208
  0.024   730349.215
  0.024   730349.222
  0.024   730349.229
  0.021   730349.236
  0.022   730349.243
  0.020   730349.250
  0.021   730349.256
  0.018   730349.263
  0.019   730349.270
  0.020   730349.277
  0.021   730349.284
  0.022   730349.291
  0.021   730349.298
  0.025   730349.305
  0.025   730349.312
  0.022   730349.319
  0.026   730349.326
  0.027   730349.333
  0.021   730349.340
  0.024   730349.347
  0.022   730349.354
  0.022   730349.361
  0.020   730349.368
  0.022   730349.375
  0.022   730349.381
  0.018   730349.388
  0.022   730349.395
  0.021   730349.402
  0.026   730349.409
  0.020   730349.416
  0.020   730349.423
  0.020   730349.430
  0.020   730349.437
  0.022   730349.444
  0.020   730349.451
  0.024   730349.458
  0.023   730349.465
  0.022   730349.472
  0.021   730349.479
  0.020   730349.486
  0.020   730349.493
  0.020   730349.500
  0.021   730349.506
  0.018   730349.513
  0.020   730349.520
  0.021   730349.527
  0.023   730349.534
  0.021   730349.541
  0.022   730349.548
  0.018   730349.555
  0.020   730349.562
  0.019   730349.569
  0.018   730349.576
  0.018   730349.583
  0.019   730349.590
  0.021   730349.597
  0.020   730349.604
  0.022   730349.611
  0.021   730349.618
  0.018   730349.625
  0.022   730349.631
  0.021   730349.638
  0.020   730349.645
  0.023   730349.652
  0.024   730349.659
  0.022   730349.666
  0.025   730349.673
  0.028   730349.680
  0.029   730349.687
  0.024   730349.694
  0.023   730349.701
  0.025   730349.708
  0.032   730349.715
  0.029   730349.722
  0.026   730349.729
  0.024   730349.736
  0.026   730349.743
  0.025   730349.750
  0.029   730349.756
  0.028   730349.763
  0.023   730349.770
  0.026   730349.777
  0.027   730349.784
  0.025   730349.791
  0.024   730349.798
  0.026   730349.805
  0.026   730349.812
  0.024   730349.819
  0.021   730349.826
  0.026   730349.833
  0.026   730349.840
  0.026   730349.847
  0.023   730349.854
  0.026   730349.861
  0.024   730349.868
  0.026   730349.875
  0.027   730349.882
  0.026   730349.888
  0.025   730349.895
  0.027   730349.902
  0.024   730349.909
  0.023   730349.916
  0.021   730349.923
  0.023   730349.930
  0.023   730349.937
  0.023   730349.944
  1.807   730349.951
  0.019   730349.958
  0.498   730349.965
  0.024   730349.972
  0.025   730349.979
  0.061   730349.986
  0.021   730349.993
  0.025   730350.000
