  0.187   730349.002
  0.127   730349.002
  0.168   730349.009
  0.403   730349.015
  0.180   730349.022
  0.193   730349.029
  0.177   730349.036
  0.185   730349.044
  0.197   730349.050
  0.180   730349.057
  0.180   730349.064
  0.169   730349.071
  0.213   730349.078
  0.213   730349.085
  0.224   730349.092
  0.221   730349.099
  0.225   730349.106
  0.187   730349.113
  0.206   730349.120
  0.207   730349.127
  0.210   730349.134
  0.231   730349.140
  0.203   730349.147
  0.228   730349.154
  0.207   730349.161
  0.206   730349.168
  0.235   730349.175
  0.217   730349.182
  0.196   730349.189
  0.224   730349.196
  0.196   730349.203
  0.201   730349.210
  0.215   730349.217
  0.218   730349.224
  0.202   730349.231
  0.222   730349.238
  0.207   730349.245
  0.210   730349.252
  0.224   730349.259
  0.253   730349.265
  0.202   730349.272
  0.210   730349.279
  0.229   730349.286
  0.223   730349.293
  0.229   730349.300
  0.223   730349.307
  0.259   730349.314
  0.271   730349.321
  9.273   730349.328
  0.222   730349.335
  0.205   730349.342
  0.230   730349.349
  0.228   730349.356
  0.221   730349.363
  0.241   730349.370
  0.212   730349.377
  0.228   730349.384
  0.224   730349.391
  0.216   730349.397
  0.191   730349.404
  0.193   730349.411
  0.238   730349.418
  0.195   730349.425
  0.219   730349.432
  0.208   730349.439
  0.209   730349.446
  0.207   730349.453
  0.231   730349.460
  0.231   730349.467
  0.224   730349.474
  0.214   730349.481
  0.209   730349.488
  0.213   730349.495
  0.180   730349.502
  0.202   730349.508
  0.208   730349.515
  0.186   730349.522
  0.232   730349.529
  0.226   730349.536
  0.223   730349.543
  0.205   730349.550
  0.215   730349.557
  0.184   730349.564
  0.232   730349.571
  0.211   730349.578
  0.222   730349.585
  0.205   730349.592
  0.233   730349.599
  0.202   730349.606
  0.221   730349.613
  0.194   730349.620
  0.214   730349.627
  0.189   730349.634
  0.187   730349.640
  0.197   730349.647
  0.194   730349.654
  0.224   730349.661
  0.175   730349.668
  0.201   730349.675
  0.234   730349.682
  0.438   730349.689
  0.179   730349.696
  0.194   730349.703
  0.225   730349.710
  0.189   730349.717
  0.192   730349.724
  0.227   730349.731
  0.168   730349.738
  0.181   730349.745
  0.172   730349.752
  0.203   730349.759
  0.177   730349.766
  0.159   730349.773
  0.143   730349.780
  0.148   730349.786
  0.170   730349.793
  0.167   730349.800
  0.165   730349.807
  0.160   730349.814
  0.147   730349.821
  8.027   730349.828
  0.146   730349.835
  0.174   730349.842
  0.167   730349.849
  0.149   730349.856
  0.160   730349.863
  0.154   730349.870
  0.138   730349.877
  0.134   730349.884
  0.133   730349.891
  0.156   730349.897
  0.138   730349.904
  0.113   730349.911
  0.135   730349.918
  0.133   730349.925
  0.135   730349.932
  0.136   730349.939
  0.131   730349.946
  0.112   730349.953
  0.132   730349.960
  0.108   730349.967
  0.118   730349.974
  0.123   730349.981
  0.131   730349.988
  0.142   730349.995
