  1.620   729864.000
  1.740   729864.000
  1.820   729864.010
  1.820   729864.020
  2.080   729864.020
  1.900   729864.030
  2.050   729864.040
  2.180   729864.050
  1.920   729864.050
  2.260   729864.060
  2.040   729864.070
  2.000   729864.070
  2.120   729864.080
  2.040   729864.090
  2.430   729864.090
  2.360   729864.100
  2.400   729864.110
  2.290   729864.110
  2.470   729864.120
  2.410   729864.130
  2.580   729864.140
  2.710   729864.140
  2.670   729864.150
  3.330   729864.160
  2.500   729864.160
  2.590   729864.170
  2.350   729864.180
  2.460   729864.180
  2.670   729864.190
  2.680   729864.200
  3.150   729864.200
  3.240   729864.210
  3.140   729864.220
  2.660   729864.230
  2.640   729864.230
  2.390   729864.240
  2.260   729864.250
  1.940   729864.250
  1.980   729864.260
  2.120   729864.270
  2.260   729864.270
  2.180   729864.280
  2.110   729864.290
  2.000   729864.300
  2.230   729864.300
  2.020   729864.310
  1.970   729864.320
  2.010   729864.320
  1.980   729864.330
  1.990   729864.340
  1.760   729864.340
  1.890   729864.350
  1.690   729864.360
  1.720   729864.360
  1.630   729864.370
  1.620   729864.380
  1.710   729864.390
  1.780   729864.390
  1.600   729864.400
  1.430   729864.410
    NaN   729864.410
  2.310   729864.420
  1.740   729864.430
  1.530   729864.430
  1.510   729864.440
  1.550   729864.450
  1.800   729864.450
  1.730   729864.460
  1.510   729864.470
  1.650   729864.480
  1.530   729864.480
  1.460   729864.490
  1.430   729864.500
  1.730   729864.500
  1.590   729864.510
  1.570   729864.520
  1.530   729864.520
  1.730   729864.530
  1.640   729864.540
  1.530   729864.550
  1.540   729864.550
  1.630   729864.560
  1.550   729864.570
  1.540   729864.570
  1.400   729864.580
  1.540   729864.590
  1.620   729864.590
  1.700   729864.600
  1.560   729864.610
  1.790   729864.610
  1.600   729864.620
  2.230   729864.630
  1.750   729864.640
  1.820   729864.640
  1.630   729864.650
  1.660   729864.660
  1.770   729864.660
  2.000   729864.670
  1.450   729864.680
  1.500   729864.680
  1.540   729864.690
  1.650   729864.700
  1.720   729864.700
  1.620   729864.710
  1.810   729864.720
  2.290   729864.730
  2.050   729864.730
  1.630   729864.740
  1.590   729864.750
  1.610   729864.750
  1.520   729864.760
  1.540   729864.770
  1.750   729864.770
  1.530   729864.780
  1.410   729864.790
  1.540   729864.800
  1.580   729864.800
  1.640   729864.810
  1.570   729864.820
  1.820   729864.820
  1.710   729864.830
  1.490   729864.840
  1.460   729864.840
  1.490   729864.850
  1.600   729864.860
  1.600   729864.860
  1.510   729864.870
  1.490   729864.880
  1.600   729864.890
  1.580   729864.890
  1.580   729864.900
  1.610   729864.910
    NaN   729864.910
  1.490   729864.920
  1.460   729864.930
  1.620   729864.930
  1.760   729864.940
  1.660   729864.950
  1.850   729864.950
  1.750   729864.960
  1.580   729864.970
  1.590   729864.980
  1.550   729864.980
  1.500   729864.990
