 41.592   730228.002
 51.949   730228.007
 55.662   730228.014
 49.534   730228.021
 47.397   730228.028
 56.849   730228.035
 51.668   730228.043
 47.556   730228.049
 52.861   730228.056
 52.072   730228.063
 50.140   730228.070
 48.266   730228.077
 47.629   730228.085
 52.270   730228.091
 39.682   730228.098
 42.368   730228.105
 40.689   730228.112
 37.662   730228.119
 35.278   730228.127
 41.240   730228.133
 36.505   730228.140
 36.337   730228.146
 34.800   730228.153
 37.487   730228.160
 36.646   730228.169
 44.290   730228.174
 42.495   730228.181
 36.186   730228.188
 31.814   730228.195
 38.571   730228.202
 41.491   730228.210
 44.789   730228.216
 31.615   730228.223
 38.221   730228.230
 29.884   730228.237
 44.521   730228.244
 34.613   730228.252
 31.396   730228.258
 35.177   730228.265
 46.574   730228.272
 35.491   730228.278
 28.912   730228.285
 30.245   730228.294
 30.725   730228.299
 32.092   730228.306
 38.673   730228.313
 38.255   730228.320
 47.849   730228.327
 36.347   730228.335
 38.098   730228.341
 33.204   730228.348
 28.629   730228.355
 30.019   730228.362
 31.973   730228.369
 32.293   730228.377
 33.669   730228.383
 33.718   730228.390
 28.335   730228.397
 34.313   730228.403
 30.480   730228.410
 27.026   730228.419
 30.663   730228.424
 34.916   730228.431
 36.836   730228.438
 27.805   730228.445
 38.149   730228.452
 37.331   730228.461
 33.546   730228.466
  6.697   730228.473
 33.682   730228.480
 27.595   730228.487
 36.395   730228.494
 37.605   730228.502
 30.399   730228.508
 31.105   730228.515
 31.107   730228.522
 33.227   730228.528
 30.770   730228.535
 36.945   730228.544
 31.073   730228.549
 45.248   730228.556
 33.984   730228.563
 33.996   730228.570
 40.485   730228.577
 35.745   730228.585
 30.668   730228.591
 31.670   730228.598
 29.749   730228.605
 34.121   730228.612
 33.815   730228.619
 41.280   730228.627
    NaN   730228.633
 48.099   730228.640
 36.130   730228.647
 36.779   730228.654
 38.168   730228.660
 43.015   730228.669
 34.582   730228.674
 40.007   730228.681
 42.189   730228.688
 36.679   730228.695
 40.709   730228.702
 41.962   730228.710
 43.074   730228.716
 44.279   730228.723
 51.545   730228.731
 39.308   730228.737
 41.942   730228.746
 44.564   730228.756
 43.590   730228.758
 43.057   730228.765
 44.296   730228.773
 45.229   730228.778
 47.454   730228.785
 43.201   730228.794
 43.911   730228.799
 49.159   730228.806
 48.229   730228.813
 51.339   730228.822
 51.853   730228.828
 59.675   730228.836
 55.165   730228.841
 53.854   730228.848
    NaN   730228.855
 50.078   730228.862
 53.771   730228.869
 52.487   730228.877
 50.530   730228.883
 48.111   730228.890
 46.612   730228.897
 47.281   730228.904
 43.054   730228.910
 44.718   730228.919
 40.613   730228.924
 44.410   730228.931
 46.536   730228.938
 41.567   730228.945
 38.532   730228.952
 40.962   730228.960
 40.597   730228.966
 34.080   730228.973
 32.231   730228.981
 33.762   730228.989
 41.739   730228.994
