  0.825   730228.002
  2.082   730228.007
  2.099   730228.014
  1.473   730228.021
  3.179   730228.028
  2.382   730228.035
  3.409   730228.043
  4.364   730228.049
  2.728   730228.056
  3.346   730228.063
  2.926   730228.070
  2.513   730228.077
  2.282   730228.085
  1.833   730228.091
  2.790   730228.098
  2.268   730228.105
  2.460   730228.112
  2.282   730228.119
  2.264   730228.127
  2.209   730228.133
  0.891   730228.140
  2.534   730228.146
  1.034   730228.153
  1.527   730228.160
  2.690   730228.169
  1.333   730228.174
  1.823   730228.181
  2.972   730228.188
  1.972   730228.195
  2.381   730228.202
  3.189   730228.210
  3.453   730228.216
  3.375   730228.223
  4.008   730228.230
  4.381   730228.237
  4.521   730228.244
  4.205   730228.252
  3.363   730228.258
  4.128   730228.265
  4.340   730228.272
  4.606   730228.278
  4.070   730228.285
  3.487   730228.294
  4.119   730228.299
  4.487   730228.306
  3.950   730228.313
  3.943   730228.320
  4.152   730228.327
  3.537   730228.335
  3.731   730228.341
  4.324   730228.348
  3.524   730228.355
  3.517   730228.362
  3.552   730228.369
  3.820   730228.377
  3.221   730228.383
  3.608   730228.390
  4.372   730228.397
  3.699   730228.403
  4.245   730228.410
  2.990   730228.419
  3.178   730228.424
  3.954   730228.431
  3.780   730228.438
  3.955   730228.445
  3.834   730228.452
  3.281   730228.461
  3.369   730228.466
  0.639   730228.473
  3.364   730228.480
  3.993   730228.487
  3.855   730228.494
  3.732   730228.502
  4.606   730228.508
  4.273   730228.515
  3.763   730228.522
  4.038   730228.528
  3.364   730228.535
  3.761   730228.544
  3.472   730228.549
  3.220   730228.556
  3.734   730228.563
  2.991   730228.570
  3.578   730228.577
  3.172   730228.585
  3.862   730228.591
  3.298   730228.598
  2.533   730228.605
  2.859   730228.612
  3.179   730228.619
  1.990   730228.627
  5.490   730228.633
  1.645   730228.640
  1.201   730228.647
  1.459   730228.654
  1.814   730228.660
  1.512   730228.669
  1.417   730228.674
  1.184   730228.681
  1.138   730228.688
  1.187   730228.695
  1.214   730228.702
  1.593   730228.710
  1.247   730228.716
  1.295   730228.723
  0.819   730228.731
  0.963   730228.737
  1.596   730228.746
  1.375   730228.756
  1.242   730228.758
  1.702   730228.765
  1.573   730228.773
  1.284   730228.778
  1.253   730228.785
  1.349   730228.794
  1.147   730228.799
  1.043   730228.806
  1.059   730228.813
  1.333   730228.822
  2.103   730228.828
  1.345   730228.836
  1.133   730228.841
  1.157   730228.848
  1.152   730228.855
  1.725   730228.862
  1.422   730228.869
  1.368   730228.877
  1.237   730228.883
  1.622   730228.890
  1.630   730228.897
  1.741   730228.904
  1.882   730228.910
  2.149   730228.919
  1.984   730228.924
  2.498   730228.931
  1.891   730228.938
  2.249   730228.945
  2.312   730228.952
  2.660   730228.960
  2.668   730228.966
  1.778   730228.973
  2.478   730228.981
  2.791   730228.989
  2.916   730228.994
