  1.543   730228.002
  0.000   730228.007
  0.000   730228.014
  0.000   730228.021
  0.000   730228.028
  0.000   730228.035
  0.000   730228.043
  0.000   730228.049
  0.000   730228.056
  0.000   730228.063
  0.000   730228.070
  0.000   730228.077
  0.000   730228.085
  0.000   730228.091
  0.000   730228.098
  0.000   730228.105
  0.000   730228.112
  0.000   730228.118
  0.000   730228.126
  0.000   730228.132
  0.000   730228.139
  0.000   730228.146
  0.000   730228.153
  0.000   730228.160
  0.000   730228.168
  0.000   730228.174
  0.000   730228.181
  0.000   730228.188
  0.000   730228.195
  0.000   730228.202
  0.000   730228.210
  0.000   730228.216
  0.000   730228.223
  0.000   730228.230
  0.000   730228.237
  0.000   730228.243
  0.000   730228.252
  0.000   730228.257
  0.000   730228.264
  0.000   730228.271
  0.000   730228.278
  0.000   730228.285
  0.000   730228.293
  0.000   730228.299
  0.000   730228.306
  0.000   730228.313
  0.000   730228.320
  0.000   730228.327
  0.000   730228.335
  0.000   730228.341
  0.000   730228.348
  0.000   730228.355
  0.000   730228.362
  0.000   730228.368
  0.000   730228.376
  0.000   730228.382
  0.000   730228.389
  0.000   730228.396
  0.000   730228.403
  0.000   730228.410
  0.000   730228.418
  0.000   730228.424
  0.000   730228.431
  0.000   730228.438
  0.000   730228.445
  0.000   730228.452
  0.000   730228.460
  0.000   730228.466
  0.000   730228.473
  0.000   730228.480
  0.000   730228.487
  0.000   730228.494
  0.000   730228.502
  0.000   730228.507
  0.000   730228.514
  0.000   730228.521
  0.000   730228.528
  0.000   730228.535
  0.000   730228.543
  0.000   730228.549
  0.000   730228.556
  0.000   730228.563
  0.000   730228.570
  0.000   730228.577
  0.000   730228.585
  0.000   730228.591
  0.000   730228.598
    NaN   730228.605
  0.000   730228.612
  0.000   730228.619
  0.000   730228.627
  0.000   730228.632
  0.000   730228.639
  0.000   730228.646
  0.000   730228.653
  0.000   730228.660
  0.000   730228.668
  0.000   730228.674
  0.000   730228.681
    NaN   730228.688
  0.000   730228.695
  0.000   730228.702
  0.000   730228.710
  0.000   730228.716
  0.000   730228.723
  0.000   730228.731
  0.000   730228.737
  0.000   730228.745
  0.000   730228.755
  0.000   730228.758
  0.000   730228.764
  0.000   730228.773
  0.000   730228.778
  0.000   730228.785
  0.000   730228.793
  0.000   730228.799
  0.000   730228.806
  0.000   730228.813
  0.000   730228.821
  0.000   730228.827
  0.000   730228.836
  0.000   730228.841
  0.000   730228.848
  0.000   730228.855
  0.000   730228.862
  0.000   730228.869
  0.000   730228.877
  0.000   730228.882
  0.000   730228.889
  0.000   730228.896
  0.000   730228.903
  0.000   730228.910
  0.000   730228.918
  0.000   730228.924
  0.000   730228.931
    NaN   730228.938
  0.000   730228.945
  0.000   730228.952
  0.000   730228.960
  0.000   730228.966
  0.000   730228.973
  0.000   730228.981
  0.000   730228.988
  0.000   730228.994
