  2.205   729377.000
  2.158   729377.010
  2.459   729377.021
  2.262   729377.031
  2.376   729377.042
  2.391   729377.052
  2.340   729377.063
  2.200   729377.073
  2.152   729377.083
    NaN   729377.094
  2.255   729377.104
  2.373   729377.115
  2.286   729377.125
  1.909   729377.135
  2.142   729377.146
  2.549   729377.156
  2.353   729377.167
  2.215   729377.177
  2.458   729377.188
  2.260   729377.198
  2.138   729377.208
  1.974   729377.219
  2.251   729377.229
  1.917   729377.240
  1.886   729377.250
  2.073   729377.260
  2.073   729377.271
  2.187   729377.281
  2.052   729377.292
  2.095   729377.302
  2.019   729377.313
  2.129   729377.323
  2.083   729377.333
  1.775   729377.344
  2.051   729377.354
  2.063   729377.365
  2.050   729377.375
  2.175   729377.385
  2.065   729377.396
  2.032   729377.406
  2.058   729377.417
  2.011   729377.427
  2.317   729377.438
  2.371   729377.448
  2.036   729377.458
  2.264   729377.469
  2.321   729377.479
  2.287   729377.490
  1.995   729377.500
  2.014   729377.510
  2.148   729377.521
  2.213   729377.531
  2.719   729377.542
  2.546   729377.552
  2.243   729377.563
  2.444   729377.573
  2.487   729377.583
  2.345   729377.594
  2.642   729377.604
  2.451   729377.615
  2.333   729377.625
  2.099   729377.635
  3.025   729377.646
  2.750   729377.656
  2.409   729377.667
  2.235   729377.677
  2.166   729377.688
  2.318   729377.698
  2.341   729377.708
  2.872   729377.719
  2.198   729377.729
  2.345   729377.740
  2.096   729377.750
  2.090   729377.760
  1.826   729377.771
  2.350   729377.781
  1.941   729377.792
  2.059   729377.802
  1.931   729377.813
  2.015   729377.823
  1.991   729377.833
  2.221   729377.844
  1.992   729377.854
  2.120   729377.865
  2.042   729377.875
  2.274   729377.885
  2.017   729377.896
  2.069   729377.906
  2.128   729377.917
  2.027   729377.927
  2.162   729377.938
  2.384   729377.948
  2.228   729377.958
  2.328   729377.969
  2.030   729377.979
  2.163   729377.990
