  0.510   729760.000
  0.500   729760.000
  0.520   729760.010
  0.510   729760.020
  0.470   729760.020
  0.480   729760.030
  0.500   729760.040
  0.530   729760.050
  0.570   729760.050
  0.490   729760.060
  0.500   729760.070
  0.540   729760.070
  0.550   729760.080
  0.520   729760.090
  0.620   729760.090
  0.580   729760.100
  0.520   729760.110
  0.550   729760.110
  0.570   729760.120
  0.580   729760.130
  0.570   729760.140
  0.590   729760.140
  0.890   729760.150
  0.580   729760.160
  2.270   729760.160
  0.640   729760.170
  0.550   729760.180
  0.580   729760.180
  0.560   729760.190
  0.610   729760.200
  0.570   729760.200
  0.550   729760.210
  0.580   729760.220
  0.580   729760.230
  0.610   729760.230
  0.580   729760.240
  0.590   729760.250
  0.590   729760.250
  0.560   729760.260
  0.570   729760.270
  0.610   729760.270
  0.590   729760.280
  0.620   729760.290
  0.610   729760.290
  0.620   729760.980
  0.640   729760.990
