  0.039   730399.007
  0.094   730399.007
  0.086   730399.013
  0.089   730399.020
  0.097   730399.027
  0.094   730399.034
  0.090   730399.041
  0.101   730399.048
  0.104   730399.055
  0.089   730399.062
  0.090   730399.069
  0.085   730399.076
  0.088   730399.083
  0.089   730399.090
  0.091   730399.097
  0.080   730399.104
  0.079   730399.111
  0.077   730399.118
  0.081   730399.125
  0.101   730399.131
  0.088   730399.138
  0.087   730399.145
  0.092   730399.152
  0.091   730399.159
  0.023   730399.166
  0.036   730399.166
  0.038   730399.166
  0.011   730399.173
  0.022   730399.173
  0.015   730399.173
  0.021   730399.173
  0.028   730399.180
  0.021   730399.180
  0.032   730399.187
  0.030   730399.187
  0.049   730399.187
  0.028   730399.194
  0.025   730399.194
  0.039   730399.194
  0.028   730399.201
  0.028   730399.201
  0.026   730399.208
  0.011   730399.208
  0.021   730399.208
  0.057   730399.215
  0.029   730399.215
  0.040   730399.215
  0.025   730399.222
  0.035   730399.222
  0.021   730399.222
  0.031   730399.222
  0.038   730399.222
  0.032   730399.229
  0.017   730399.229
  0.022   730399.229
  0.024   730399.229
  0.036   730399.236
  0.049   730399.236
  0.035   730399.236
  0.025   730399.243
  0.031   730399.243
  0.026   730399.243
  0.019   730399.243
  0.035   730399.250
  0.022   730399.250
  0.017   730399.250
  0.049   730399.250
  0.044   730399.257
  0.059   730399.257
  0.002   730399.257
  0.011   730399.257
  0.025   730399.263
  0.048   730399.263
  0.052   730399.263
  0.034   730399.270
  0.071   730399.270
  0.011   730399.270
  0.113   730399.277
  0.040   730399.284
  0.042   730399.284
  0.030   730399.284
  0.051   730399.291
  0.022   730399.291
  0.044   730399.298
  0.067   730399.298
  0.061   730399.305
  0.017   730399.305
  0.050   730399.305
  0.051   730399.312
  0.031   730399.312
  0.074   730399.312
  0.094   730399.319
  0.044   730399.326
  0.093   730399.326
  0.044   730399.333
  0.029   730399.333
  0.077   730399.333
  0.048   730399.340
  0.084   730399.340
  0.091   730399.347
  0.032   730399.354
  0.056   730399.354
  0.066   730399.354
  0.063   730399.361
  0.088   730399.361
  0.064   730399.368
  0.048   730399.368
  0.052   730399.368
  0.053   730399.368
  0.097   730399.375
  0.104   730399.382
  0.036   730399.388
  0.083   730399.388
  0.106   730399.395
  0.059   730399.402
  0.080   730399.402
  0.073   730399.409
  0.065   730399.409
  0.082   730399.416
  0.030   730399.416
  0.091   730399.423
  0.078   730399.430
  0.042   730399.430
  0.089   730399.437
  0.069   730399.444
  0.088   730399.444
  0.053   730399.451
  0.060   730399.451
  0.067   730399.458
  0.056   730399.458
  0.034   730399.465
  0.072   730399.465
  0.023   730399.465
  0.037   730399.472
  0.079   730399.472
  0.025   730399.472
  0.088   730399.479
  0.087   730399.486
  0.058   730399.493
  0.042   730399.493
  0.018   730399.500
  0.045   730399.500
  0.044   730399.500
  0.049   730399.507
  0.048   730399.507
  0.086   730399.513
  0.023   730399.520
  0.069   730399.520
  0.008   730399.528
  0.045   730399.528
  0.033   730399.528
  0.079   730399.534
  0.029   730399.534
  0.092   730399.541
  0.030   730399.548
  0.056   730399.548
  0.027   730399.548
  0.010   730399.548
  0.071   730399.555
  0.042   730399.562
  0.072   730399.562
  0.045   730399.569
  0.054   730399.569
  0.094   730399.576
  0.085   730399.583
  0.046   730399.590
  0.052   730399.590
  0.083   730399.597
  0.040   730399.597
  0.112   730399.604
  0.059   730399.611
  0.040   730399.611
  0.047   730399.611
  0.072   730399.618
  0.045   730399.618
  0.117   730399.625
  0.067   730399.632
  0.052   730399.632
  0.065   730399.632
  0.046   730399.639
  0.018   730399.639
  0.071   730399.639
  0.111   730399.645
  0.085   730399.652
  0.089   730399.652
  0.103   730399.659
  0.092   730399.666
  0.100   730399.673
  0.050   730399.680
  0.059   730399.680
  0.057   730399.680
  0.069   730399.687
  0.016   730399.687
  0.049   730399.694
  0.079   730399.694
  0.035   730399.701
  0.002   730399.701
  0.057   730399.701
  0.023   730399.701
  0.022   730399.708
  0.043   730399.708
  0.053   730399.708
  0.019   730399.715
  0.023   730399.715
  0.030   730399.715
  0.034   730399.715
  0.039   730399.722
  0.075   730399.722
  0.059   730399.729
  0.039   730399.729
  0.020   730399.729
  0.051   730399.729
  0.044   730399.736
  0.026   730399.736
  0.037   730399.736
  0.051   730399.736
  0.089   730399.743
  0.071   730399.750
  0.057   730399.750
  0.093   730399.757
  0.086   730399.764
  0.089   730399.770
  0.082   730399.778
  0.094   730399.784
  0.087   730399.791
  0.091   730399.798
  0.080   730399.805
  0.083   730399.812
  0.081   730399.819
  0.094   730399.826
  0.086   730399.833
  0.094   730399.840
  0.100   730399.847
  0.091   730399.854
  0.091   730399.861
  0.097   730399.868
  0.101   730399.875
  0.088   730399.882
  1.893   730399.888
  0.102   730399.895
  0.093   730399.902
  0.095   730399.909
  0.093   730399.916
  0.654   730399.923
  0.111   730399.930
  0.096   730399.937
  0.086   730399.944
  0.085   730399.951
  0.086   730399.958
  0.081   730399.965
  0.083   730399.972
  0.070   730399.979
  0.072   730399.986
  0.073   730399.993
  0.080   730400.000
