  0.379   730399.001
  0.341   730399.001
  0.454   730399.008
  0.422   730399.015
  0.480   730399.022
  0.525   730399.030
  0.466   730399.036
  0.519   730399.043
  0.521   730399.050
  0.617   730399.056
  0.540   730399.064
  0.552   730399.071
  0.506   730399.077
  0.522   730399.084
  0.539   730399.092
  0.536   730399.098
  0.591   730399.105
  0.552   730399.113
  0.533   730399.119
  0.575   730399.126
  0.563   730399.133
  0.566   730399.140
  0.479   730399.147
  0.517   730399.154
  1.949   730399.161
  0.385   730399.167
  1.551   730399.167
  0.772   730399.167
  0.149   730399.167
  1.117   730399.174
  0.527   730399.174
  1.269   730399.174
  0.900   730399.181
  1.046   730399.181
  0.130   730399.188
  1.470   730399.188
  1.286   730399.188
  0.466   730399.188
  0.992   730399.196
  1.037   730399.196
  0.784   730399.196
  1.258   730399.202
  1.211   730399.202
  0.276   730399.209
  0.452   730399.209
  1.255   730399.209
  0.936   730399.216
  0.775   730399.216
  1.850   730399.216
  1.028   730399.223
  0.476   730399.223
  1.474   730399.223
  1.275   730399.223
  1.126   730399.223
  0.873   730399.230
  0.210   730399.230
  2.051   730399.230
  1.958   730399.237
  1.153   730399.237
  1.201   730399.244
  1.242   730399.244
  1.607   730399.244
  0.909   730399.251
  0.676   730399.251
  1.912   730399.251
  2.088   730399.258
  0.107   730399.258
  0.244   730399.258
  0.763   730399.258
  2.313   730399.265
  1.320   730399.265
  2.895   730399.272
  1.177   730399.272
  2.602   730399.279
  1.236   730399.279
  1.596   730399.286
  1.955   730399.286
  0.704   730399.286
  0.557   730399.292
  0.478   730399.292
  0.708   730399.292
  0.214   730399.292
  2.036   730399.299
  2.350   730399.299
  1.536   730399.307
  0.346   730399.307
  2.465   730399.307
  1.037   730399.314
  2.921   730399.314
  1.149   730399.314
  2.878   730399.321
  0.267   730399.321
  3.652   730399.328
  0.989   730399.334
  2.516   730399.334
  1.170   730399.334
  0.973   730399.341
  3.061   730399.341
  2.212   730399.348
  1.144   730399.348
  0.692   730399.348
  0.827   730399.355
  2.398   730399.355
  1.684   730399.363
  2.476   730399.363
  0.511   730399.363
  1.224   730399.369
  1.178   730399.369
  2.254   730399.369
  3.081   730399.376
  2.791   730399.383
  3.277   730399.390
  3.424   730399.397
  3.124   730399.405
  1.968   730399.411
  2.780   730399.411
  1.602   730399.418
  0.637   730399.418
  0.715   730399.418
  2.984   730399.425
  1.961   730399.432
  1.548   730399.432
  3.200   730399.439
  1.157   730399.446
  3.021   730399.446
  1.832   730399.453
  0.488   730399.453
  0.347   730399.453
  1.569   730399.460
  2.311   730399.460
  2.622   730399.466
  0.993   730399.466
  2.557   730399.474
  1.448   730399.474
  2.756   730399.480
  1.381   730399.480
  2.593   730399.488
  0.205   730399.494
  1.738   730399.494
  1.318   730399.494
  1.179   730399.501
  1.382   730399.501
  2.136   730399.501
  2.377   730399.508
  1.598   730399.508
  2.713   730399.515
  1.233   730399.515
  3.273   730399.522
  0.694   730399.522
  2.176   730399.529
  2.054   730399.529
  2.145   730399.536
  1.438   730399.536
  1.915   730399.536
  2.838   730399.543
  1.015   730399.543
  0.383   730399.543
  1.378   730399.550
  0.883   730399.550
  0.603   730399.550
  2.096   730399.557
  1.768   730399.557
  0.933   730399.564
  3.331   730399.564
  1.171   730399.571
  2.914   730399.571
  2.250   730399.578
  2.491   730399.585
  0.454   730399.585
  1.835   730399.591
  1.859   730399.591
  2.249   730399.599
  2.293   730399.599
  3.418   730399.606
  1.680   730399.613
  0.742   730399.613
  1.012   730399.613
  1.976   730399.619
  2.397   730399.619
  3.818   730399.626
  1.822   730399.633
  1.574   730399.633
  1.298   730399.633
  2.615   730399.641
  3.033   730399.647
  1.330   730399.655
  3.230   730399.655
  3.042   730399.661
  2.445   730399.668
  1.526   730399.668
  3.378   730399.675
  0.632   730399.682
  1.543   730399.682
  2.650   730399.682
  1.856   730399.689
  1.795   730399.689
  2.774   730399.697
  0.111   730399.703
  1.926   730399.703
  1.459   730399.703
  0.405   730399.703
  2.641   730399.710
  1.817   730399.710
  0.293   730399.710
  0.954   730399.717
  1.409   730399.717
  1.834   730399.717
  3.279   730399.724
  0.293   730399.724
  1.010   730399.731
  0.613   730399.731
  2.547   730399.731
  0.366   730399.740
  2.689   730399.740
  2.858   730399.745
  1.083   730399.751
  1.337   730399.751
  1.812   730399.759
  1.593   730399.766
  1.773   730399.773
  1.919   730399.780
  1.240   730399.786
  0.000   730399.793
  0.542   730399.800
  0.000   730399.807
  0.000   730399.814
  0.000   730399.822
  0.000   730399.828
  0.000   730399.835
  0.012   730399.842
  0.020   730399.849
  0.004   730399.856
  0.000   730399.863
  1.562   730399.870
  0.011   730399.876
  0.039   730399.884
  0.071   730399.890
  0.135   730399.897
  0.129   730399.905
  0.297   730399.911
  0.322   730399.918
  0.236   730399.925
  0.362   730399.932
  0.352   730399.939
  0.291   730399.947
  0.263   730399.953
  0.069   730399.960
  0.030   730399.967
  0.009   730399.974
  0.000   730399.981
  2.285   730399.988
  1.698   730399.995
