  1.412   730272.006
  1.304   730272.013
  1.617   730272.020
  1.538   730272.022
  1.327   730272.027
  1.574   730272.034
  1.525   730272.041
  1.391   730272.048
  1.578   730272.055
  1.503   730272.062
  1.574   730272.069
  1.441   730272.076
  1.584   730272.083
  1.365   730272.090
  1.470   730272.097
  1.519   730272.104
  1.359   730272.111
  1.296   730272.118
  1.463   730272.125
  1.349   730272.131
  1.471   730272.138
  1.386   730272.145
  1.344   730272.152
  1.158   730272.159
  2.026   730272.166
  1.295   730272.173
  1.441   730272.180
  1.174   730272.187
  1.229   730272.194
  1.165   730272.201
  1.156   730272.208
  1.200   730272.215
  1.431   730272.222
  1.175   730272.229
  1.153   730272.236
  1.184   730272.243
  1.273   730272.250
  1.327   730272.256
  1.434   730272.263
  1.280   730272.270
  1.491   730272.277
  1.438   730272.284
  1.595   730272.291
  1.510   730272.298
  1.704   730272.305
  1.885   730272.312
  1.926   730272.319
  1.730   730272.326
  1.885   730272.333
  1.819   730272.340
  2.030   730272.347
  1.966   730272.354
  2.081   730272.361
  1.932   730272.368
  1.860   730272.375
  2.044   730272.381
  1.988   730272.388
  1.850   730272.395
  1.817   730272.402
  1.658   730272.409
  1.653   730272.416
  1.653   730272.423
  1.585   730272.430
  1.599   730272.437
  1.439   730272.444
  1.459   730272.451
  1.396   730272.458
  1.242   730272.465
  1.392   730272.472
  1.778   730272.479
  1.430   730272.486
  1.299   730272.493
  1.231   730272.500
  1.258   730272.506
  1.268   730272.513
  1.324   730272.520
  1.375   730272.527
  1.498   730272.534
  1.323   730272.541
  1.513   730272.548
  1.493   730272.555
  4.619   730272.562
  1.213   730272.569
  1.376   730272.576
  1.374   730272.583
  1.461   730272.590
  1.357   730272.597
  1.248   730272.604
  1.247   730272.611
  1.319   730272.618
  1.262   730272.625
  1.262   730272.631
  1.203   730272.638
  1.850   730272.645
  1.200   730272.652
  1.187   730272.659
  1.149   730272.666
  1.074   730272.673
  1.125   730272.680
  1.042   730272.687
  1.209   730272.694
  0.896   730272.701
  1.037   730272.708
  0.987   730272.715
  1.095   730272.722
  1.003   730272.729
  1.062   730272.736
  1.037   730272.743
  1.021   730272.750
  1.042   730272.756
  1.234   730272.763
  1.192   730272.770
  1.064   730272.777
  1.101   730272.784
  1.189   730272.791
  1.285   730272.798
    NaN   730272.805
  3.535   730272.812
  1.348   730272.819
  1.216   730272.826
  1.364   730272.833
  1.219   730272.840
  1.259   730272.847
  1.315   730272.854
  1.435   730272.861
  1.344   730272.868
  1.404   730272.875
  1.387   730272.881
  1.493   730272.888
  1.347   730272.895
  1.309   730272.902
  1.320   730272.909
  1.144   730272.916
  1.167   730272.923
  1.225   730272.930
  1.183   730272.937
  1.174   730272.944
  1.168   730272.951
  1.122   730272.958
  1.138   730272.965
  1.136   730272.972
  1.003   730272.979
  0.975   730272.986
  1.055   730272.993
  0.925   730273.000
