  0.891   730272.001
  1.522   730272.008
  1.592   730272.015
  1.545   730272.022
  1.658   730272.025
  1.454   730272.029
  1.327   730272.036
  1.595   730272.043
  1.627   730272.050
  1.595   730272.057
  1.577   730272.064
  1.541   730272.071
  1.529   730272.078
  1.406   730272.085
  1.495   730272.091
  1.685   730272.098
  1.327   730272.108
  1.460   730272.116
  1.406   730272.123
  1.364   730272.130
  1.226   730272.137
  1.373   730272.144
  1.325   730272.150
  1.465   730272.157
  1.605   730272.164
  1.293   730272.171
  1.253   730272.178
  1.308   730272.185
  1.337   730272.192
  1.341   730272.199
  1.387   730272.206
  1.348   730272.213
  1.310   730272.219
  1.303   730272.227
  1.454   730272.234
  1.249   730272.241
  1.215   730272.248
  1.255   730272.255
  1.207   730272.261
  1.270   730272.268
  1.443   730272.275
  1.406   730272.282
  1.339   730272.289
  1.254   730272.296
  1.278   730272.303
  1.299   730272.310
  1.245   730272.317
  1.274   730272.324
  1.075   730272.331
  1.191   730272.338
  1.392   730272.345
  1.150   730272.359
  1.141   730272.366
  1.360   730272.380
  1.170   730272.387
  1.223   730272.393
  1.276   730272.400
  1.335   730272.408
  1.278   730272.414
  1.202   730272.421
  1.219   730272.428
  1.287   730272.435
  1.204   730272.442
  1.205   730272.456
  1.270   730272.463
  1.211   730272.470
  1.330   730272.477
  1.108   730272.484
  1.077   730272.491
  1.233   730272.497
 11.529   730272.505
  1.010   730272.512
  1.132   730272.517
  1.330   730272.525
  1.096   730272.532
  1.215   730272.539
  1.146   730272.546
  1.226   730272.553
  1.199   730272.560
  1.281   730272.567
  1.271   730272.574
  1.304   730272.581
  1.356   730272.588
  1.215   730272.595
  1.317   730272.601
  1.213   730272.609
  1.190   730272.616
  1.291   730272.623
  1.401   730272.629
  1.483   730272.637
  1.364   730272.643
  1.474   730272.650
  1.245   730272.657
  1.315   730272.664
  1.258   730272.671
  1.239   730272.678
  1.209   730272.685
  1.308   730272.692
  1.326   730272.699
  1.371   730272.706
  1.398   730272.713
  1.140   730272.720
  1.397   730272.726
  1.288   730272.733
  1.458   730272.741
  1.523   730272.746
  1.467   730272.753
  1.517   730272.760
  1.394   730272.767
  1.344   730272.774
  1.464   730272.781
  1.596   730272.788
  1.485   730272.795
  1.623   730272.802
  1.577   730272.809
  1.652   730272.816
  1.820   730272.823
  1.780   730272.829
  1.614   730272.836
  1.779   730272.843
  1.963   730272.850
  1.939   730272.857
  1.870   730272.864
  2.079   730272.871
  1.811   730272.878
  1.965   730272.885
  1.801   730272.892
  2.170   730272.899
  2.152   730272.906
  1.967   730272.913
  1.984   730272.920
  2.077   730272.927
  1.984   730272.934
  1.971   730272.941
  1.818   730272.948
  1.956   730272.955
  1.919   730272.962
  1.677   730272.969
  1.770   730272.976
  2.101   730272.982
  1.820   730272.989
  1.912   730272.996
