  1.137   730409.002
  1.137   730409.002
  0.537   730409.002
  0.537   730409.002
  1.155   730409.008
  1.155   730409.008
  1.118   730409.015
  1.118   730409.015
  1.060   730409.022
  1.060   730409.022
  1.092   730409.030
  1.092   730409.030
    NaN   730409.036
    NaN   730409.036
  1.034   730409.043
  1.034   730409.043
  1.306   730409.050
  1.306   730409.050
  1.113   730409.056
  1.113   730409.056
  0.952   730409.063
  0.952   730409.063
  1.155   730409.071
  1.155   730409.071
  0.959   730409.078
  0.959   730409.078
  1.124   730409.084
  1.124   730409.084
  1.225   730409.091
  1.225   730409.091
    NaN   730409.098
    NaN   730409.098
  1.141   730409.105
  1.141   730409.105
  1.075   730409.113
  1.075   730409.113
  1.131   730409.119
  1.131   730409.119
  1.114   730409.126
  1.114   730409.126
  1.072   730409.133
  1.072   730409.133
  1.089   730409.140
  1.089   730409.140
  1.119   730409.147
  1.119   730409.147
  1.095   730409.154
  1.095   730409.154
  1.009   730409.161
  1.009   730409.161
  1.037   730409.168
  1.037   730409.168
  1.196   730409.175
  1.196   730409.175
  1.119   730409.182
  1.119   730409.182
  1.108   730409.189
  1.108   730409.189
  1.169   730409.196
  1.169   730409.196
  1.216   730409.202
  1.216   730409.202
  1.147   730409.209
  1.147   730409.209
  1.189   730409.216
  1.189   730409.216
  1.012   730409.223
  1.012   730409.223
  1.171   730409.230
  1.171   730409.230
  1.166   730409.238
  1.166   730409.238
  1.005   730409.244
  1.005   730409.244
  1.057   730409.251
  1.057   730409.251
  1.067   730409.258
  1.067   730409.258
  1.123   730409.265
  1.123   730409.265
  1.091   730409.272
  1.091   730409.272
  1.028   730409.279
  1.028   730409.279
  0.968   730409.286
  0.968   730409.286
  0.999   730409.293
  0.999   730409.293
  0.810   730409.300
  0.810   730409.300
  1.062   730409.307
  1.062   730409.307
  1.051   730409.313
  1.051   730409.313
  1.048   730409.321
  1.048   730409.321
  1.147   730409.327
  1.147   730409.327
  0.922   730409.334
  0.922   730409.334
  1.146   730409.341
  1.146   730409.341
  1.124   730409.348
  1.124   730409.348
  1.221   730409.355
  1.221   730409.355
  0.965   730409.363
  0.965   730409.363
  1.178   730409.369
  1.178   730409.369
  1.230   730409.376
  1.230   730409.376
  1.023   730409.383
  1.023   730409.383
  1.089   730409.390
  1.089   730409.390
  1.061   730409.397
  1.061   730409.397
  1.052   730409.404
  1.052   730409.404
  1.045   730409.411
  1.045   730409.411
  1.579   730409.419
  1.579   730409.419
  0.959   730409.426
  0.959   730409.426
  1.033   730409.433
  1.033   730409.433
  1.156   730409.439
  1.156   730409.439
  1.051   730409.446
  1.051   730409.446
  1.140   730409.453
  1.140   730409.453
  1.132   730409.460
  1.132   730409.460
  1.001   730409.466
  1.001   730409.466
  0.902   730409.473
  0.902   730409.473
  1.075   730409.480
  1.075   730409.480
  1.143   730409.488
  1.143   730409.488
  1.056   730409.494
  1.056   730409.494
  1.179   730409.501
  1.179   730409.501
  1.116   730409.508
  1.116   730409.508
  1.034   730409.515
  1.034   730409.515
  1.216   730409.522
  1.216   730409.522
  0.952   730409.529
  0.952   730409.529
  0.905   730409.536
  0.905   730409.536
  0.929   730409.543
  0.929   730409.543
  1.030   730409.550
  1.030   730409.550
  1.204   730409.556
  1.204   730409.556
  1.131   730409.563
  1.131   730409.563
  1.126   730409.571
  1.126   730409.571
  0.958   730409.577
  0.958   730409.577
  0.898   730409.584
  0.898   730409.584
  0.907   730409.591
  0.907   730409.591
  1.040   730409.598
  1.040   730409.598
  0.921   730409.605
  0.921   730409.605
  0.836   730409.613
  0.836   730409.613
  0.898   730409.619
  0.898   730409.619
  0.817   730409.626
  0.817   730409.626
  1.093   730409.633
  1.093   730409.633
  0.877   730409.640
  0.877   730409.640
  0.991   730409.647
  0.991   730409.647
  0.858   730409.654
  0.858   730409.654
  1.075   730409.661
  1.075   730409.661
  0.953   730409.668
  0.953   730409.668
  1.081   730409.675
  1.081   730409.675
  0.850   730409.682
  0.850   730409.682
  0.821   730409.688
  0.821   730409.688
  1.124   730409.696
  1.124   730409.696
  0.992   730409.702
  0.992   730409.702
  0.899   730409.710
  0.899   730409.710
  1.079   730409.717
  1.079   730409.717
  0.972   730409.724
  0.972   730409.724
  0.943   730409.732
  0.943   730409.732
  0.916   730409.738
  0.916   730409.738
  1.064   730409.744
  1.064   730409.744
  1.149   730409.751
  1.149   730409.751
  0.958   730409.758
  0.958   730409.758
  1.092   730409.765
  1.092   730409.765
  0.849   730409.772
  0.849   730409.772
  1.692   730409.779
  1.692   730409.779
  1.066   730409.786
  1.066   730409.786
  1.063   730409.793
  1.063   730409.793
 66.288   730409.800
 66.288   730409.800
  1.060   730409.807
  1.060   730409.807
  0.998   730409.813
  0.998   730409.813
  1.056   730409.821
  1.056   730409.821
  1.081   730409.827
  1.081   730409.827
  0.990   730409.834
  0.990   730409.834
  1.081   730409.841
  1.081   730409.841
  1.214   730409.848
  1.214   730409.848
  0.982   730409.855
  0.982   730409.855
  0.841   730409.863
  0.841   730409.863
  0.970   730409.869
  0.970   730409.869
  1.098   730409.876
  1.098   730409.876
  0.990   730409.883
  0.990   730409.883
  1.094   730409.890
  1.094   730409.890
  1.014   730409.897
  1.014   730409.897
  0.919   730409.904
  0.919   730409.904
  0.940   730409.911
  0.940   730409.911
  0.982   730409.918
  0.982   730409.918
  0.960   730409.925
  0.960   730409.925
  1.078   730409.932
  1.078   730409.932
  1.108   730409.938
  1.108   730409.938
  0.995   730409.946
  0.995   730409.946
  1.045   730409.952
  1.045   730409.952
  0.858   730409.959
  0.858   730409.959
  0.957   730409.966
  0.957   730409.966
  0.862   730409.973
  0.862   730409.973
  0.987   730409.980
  0.987   730409.980
  0.931   730409.988
  0.931   730409.988
  0.826   730409.994
  0.826   730409.994
