  0.027   730409.000
  0.058   730409.000
  0.027   730409.007
  0.030   730409.014
  0.045   730409.021
  0.038   730409.028
  0.023   730409.035
  0.017   730409.042
  0.020   730409.049
  0.020   730409.055
  0.017   730409.062
  0.017   730409.070
  0.101   730409.076
  0.019   730409.083
  0.048   730409.090
  0.027   730409.097
  0.020   730409.104
  0.023   730409.111
  0.025   730409.118
  0.026   730409.125
  0.022   730409.132
  0.019   730409.139
  0.019   730409.146
  0.022   730409.153
  0.022   730409.160
  0.024   730409.167
  0.021   730409.174
  0.022   730409.180
  0.021   730409.187
  0.022   730409.195
  0.022   730409.201
  0.039   730409.208
  0.022   730409.215
  0.020   730409.222
  0.024   730409.229
  0.052   730409.236
  0.023   730409.243
  0.022   730409.250
  0.023   730409.257
  0.046   730409.264
  0.021   730409.271
  0.023   730409.278
  0.022   730409.285
  0.022   730409.292
  0.034   730409.299
  0.042   730409.306
  0.022   730409.312
  0.024   730409.320
  0.023   730409.326
  0.021   730409.333
  0.021   730409.340
  0.021   730409.347
  0.025   730409.354
  0.021   730409.361
  0.019   730409.368
  5.288   730409.375
  0.022   730409.382
  0.023   730409.389
  0.023   730409.396
  0.021   730409.403
  0.019   730409.410
  0.042   730409.417
  0.018   730409.424
  0.020   730409.431
  0.020   730409.438
  0.018   730409.445
  0.021   730409.452
  0.019   730409.459
  0.050   730409.465
  0.121   730409.472
  0.058   730409.479
  0.039   730409.486
  0.021   730409.493
  0.019   730409.500
  0.020   730409.507
  0.022   730409.514
  0.021   730409.521
  0.022   730409.528
  0.020   730409.535
  0.021   730409.542
  0.019   730409.549
  0.023   730409.555
  0.021   730409.562
  0.019   730409.570
  0.020   730409.576
  0.019   730409.583
  0.026   730409.590
  0.021   730409.597
  0.022   730409.604
  0.021   730409.611
  0.033   730409.618
  0.030   730409.625
  0.030   730409.632
  0.029   730409.639
  0.030   730409.646
  0.026   730409.653
  0.024   730409.660
  0.037   730409.667
  0.017   730409.674
  0.016   730409.680
  0.017   730409.687
  0.017   730409.695
  0.021   730409.701
  0.031   730409.708
  0.027   730409.716
  0.021   730409.722
  0.020   730409.731
  0.019   730409.736
  0.020   730409.743
  0.021   730409.750
  0.021   730409.757
  0.021   730409.764
  0.020   730409.771
  0.022   730409.778
  0.023   730409.785
  0.130   730409.792
  0.020   730409.799
  0.022   730409.805
  0.020   730409.812
  0.020   730409.820
  0.022   730409.826
  0.021   730409.833
  0.020   730409.840
  0.022   730409.847
  0.019   730409.854
  0.018   730409.861
  0.020   730409.868
  4.074   730409.875
  0.023   730409.882
  0.018   730409.889
  0.020   730409.896
  0.089   730409.903
  0.020   730409.910
  0.018   730409.917
  0.018   730409.924
  0.018   730409.931
  0.020   730409.937
  0.020   730409.945
  0.020   730409.951
  0.017   730409.958
  0.020   730409.965
  0.020   730409.972
  0.017   730409.979
  0.030   730409.986
  0.065   730409.993
  0.032   730410.000
