  0.078   730409.000
  0.009   730409.000
  0.084   730409.007
  0.091   730409.014
  0.089   730409.021
  0.078   730409.028
  0.092   730409.035
  0.079   730409.042
  0.079   730409.049
  0.087   730409.055
  0.098   730409.062
  0.085   730409.070
  0.089   730409.076
  0.094   730409.083
  0.090   730409.090
  0.096   730409.097
  0.093   730409.104
  0.097   730409.111
  0.090   730409.118
  0.089   730409.125
  0.098   730409.132
  0.095   730409.139
  0.092   730409.146
  0.085   730409.153
  0.094   730409.160
  0.083   730409.167
  0.090   730409.174
  0.092   730409.180
  0.083   730409.187
  0.083   730409.195
  0.090   730409.201
  0.084   730409.208
  0.083   730409.215
  0.085   730409.222
  0.085   730409.229
  0.087   730409.236
  0.096   730409.243
  0.096   730409.250
  0.083   730409.257
  0.087   730409.264
  0.082   730409.271
  0.088   730409.278
  0.074   730409.285
  0.075   730409.292
  0.082   730409.299
  0.082   730409.306
  0.080   730409.312
  0.074   730409.320
  0.079   730409.326
  0.078   730409.333
  0.078   730409.340
  0.074   730409.347
  0.079   730409.354
  0.072   730409.361
  0.076   730409.368
  0.078   730409.375
  0.069   730409.382
  0.075   730409.389
  0.078   730409.396
  0.066   730409.403
  0.069   730409.410
  0.386   730409.417
  0.079   730409.424
  0.068   730409.431
  0.072   730409.438
  0.078   730409.445
  2.082   730409.452
  0.071   730409.459
  0.071   730409.465
  0.069   730409.472
  0.073   730409.479
  0.072   730409.486
  0.066   730409.493
  0.078   730409.500
  0.070   730409.507
  0.073   730409.514
  0.069   730409.521
  0.067   730409.528
  0.067   730409.535
  0.070   730409.542
  0.070   730409.549
  0.067   730409.555
  0.059   730409.562
  0.066   730409.570
  0.064   730409.576
  0.060   730409.583
  0.075   730409.590
  0.067   730409.597
  0.076   730409.604
  0.056   730409.611
  0.068   730409.618
  0.057   730409.625
  0.060   730409.632
  0.056   730409.639
  0.064   730409.646
  0.073   730409.653
  0.062   730409.660
  0.062   730409.667
  0.071   730409.674
  0.067   730409.680
  0.066   730409.687
  0.063   730409.695
  0.067   730409.701
  0.060   730409.708
  0.062   730409.716
  0.063   730409.722
  0.060   730409.731
  0.060   730409.736
  0.057   730409.743
  0.062   730409.750
  0.056   730409.757
  0.048   730409.764
  0.056   730409.771
  0.053   730409.778
  0.056   730409.785
  0.052   730409.792
  0.056   730409.799
  0.051   730409.805
  0.047   730409.812
  0.045   730409.820
  0.053   730409.826
  0.043   730409.833
  0.051   730409.840
  0.051   730409.847
  0.055   730409.854
  0.050   730409.861
  0.041   730409.868
  0.048   730409.875
  0.042   730409.882
  0.044   730409.889
  0.046   730409.896
  0.043   730409.903
  0.048   730409.910
  0.048   730409.917
  0.041   730409.924
  0.041   730409.931
  0.043   730409.937
  0.049   730409.945
  1.644   730409.951
  0.045   730409.958
  0.045   730409.965
  0.042   730409.972
  0.046   730409.979
  0.047   730409.986
  0.043   730409.993
  0.041   730410.000
