  0.418   730409.002
  0.310   730409.002
  0.475   730409.009
  0.456   730409.015
  0.492   730409.022
  0.432   730409.030
  0.455   730409.036
  0.493   730409.044
  0.434   730409.050
  0.428   730409.056
  0.502   730409.064
  0.471   730409.072
  0.477   730409.078
  0.499   730409.085
  0.454   730409.092
  0.441   730409.098
  0.456   730409.105
  0.462   730409.113
  0.491   730409.119
  0.473   730409.126
  0.665   730409.133
  0.459   730409.140
  0.493   730409.147
  0.483   730409.155
  0.516   730409.161
  0.532   730409.168
  0.478   730409.175
  0.499   730409.182
  0.915   730409.189
  0.520   730409.196
  0.475   730409.203
  0.508   730409.210
  0.503   730409.217
  0.494   730409.224
  0.528   730409.230
  0.535   730409.238
  0.571   730409.244
  0.504   730409.251
  0.494   730409.258
  0.515   730409.265
  0.546   730409.272
  0.556   730409.280
  0.518   730409.286
  0.552   730409.293
  0.548   730409.300
  0.536   730409.307
  0.490   730409.314
  0.537   730409.321
  0.553   730409.328
  0.528   730409.335
  0.487   730409.342
  0.478   730409.348
  0.512   730409.355
  0.507   730409.363
  0.447   730409.369
  0.513   730409.376
  0.540   730409.383
  0.498   730409.390
  0.501   730409.397
  0.486   730409.405
  0.502   730409.411
  1.052   730409.419
  0.467   730409.426
  0.482   730409.433
  0.475   730409.439
  0.443   730409.447
  0.483   730409.453
  0.482   730409.460
  0.453   730409.467
  0.438   730409.474
  0.505   730409.481
  0.468   730409.488
  0.467   730409.494
  0.426   730409.501
  0.425   730409.508
  0.485   730409.515
  0.455   730409.522
  0.454   730409.530
  0.420   730409.536
  0.479   730409.543
  0.439   730409.550
  0.458   730409.557
  0.430   730409.564
  0.491   730409.571
  0.466   730409.578
  0.411   730409.585
  0.401   730409.592
  0.386   730409.598
  0.445   730409.605
  0.403   730409.613
  0.362   730409.619
  0.390   730409.626
  0.403   730409.633
  0.350   730409.640
  0.403   730409.647
  0.389   730409.655
  0.436   730409.661
  0.372   730409.668
  0.371   730409.675
  0.390   730409.682
  0.442   730409.689
  0.418   730409.696
  0.448   730409.703
  0.417   730409.711
  0.391   730409.717
  1.446   730409.724
  0.430   730409.732
  0.417   730409.738
  0.449   730409.744
  0.438   730409.751
  0.397   730409.758
  0.373   730409.765
  0.415   730409.772
  0.390   730409.780
  0.423   730409.786
  0.402   730409.793
  0.469   730409.800
  0.435   730409.807
  0.454   730409.814
  0.431   730409.821
  0.352   730409.828
  0.401   730409.835
  0.397   730409.842
  0.402   730409.848
  0.404   730409.855
  0.391   730409.863
  3.709   730409.869
  0.381   730409.876
  0.393   730409.883
  0.353   730409.890
  0.401   730409.897
  0.487   730409.905
  0.394   730409.911
  0.320   730409.918
  0.424   730409.925
  0.398   730409.932
  0.379   730409.939
  0.401   730409.946
  0.386   730409.953
  0.410   730409.960
  0.405   730409.967
  0.386   730409.973
  0.383   730409.980
  0.409   730409.988
  0.420   730409.994
