  0.701   730368.005
  0.869   730368.005
  0.950   730368.014
  0.978   730368.020
  0.947   730368.026
  0.822   730368.032
  0.959   730368.039
  0.971   730368.046
  0.995   730368.053
  0.971   730368.059
  0.935   730368.066
  0.925   730368.073
  1.046   730368.081
  0.914   730368.088
  0.920   730368.095
  0.965   730368.101
  0.941   730368.108
  1.114   730368.115
  0.873   730368.122
  0.991   730368.129
  0.864   730368.136
  0.940   730368.143
  0.921   730368.150
  0.898   730368.157
  0.907   730368.164
  1.001   730368.171
  0.992   730368.177
  0.894   730368.184
  1.051   730368.191
  0.928   730368.198
  0.894   730368.206
  0.936   730368.212
  0.897   730368.219
  0.950   730368.226
  0.899   730368.233
  0.963   730368.240
  0.976   730368.247
  0.956   730368.254
  0.819   730368.261
  0.820   730368.268
  0.936   730368.275
  0.933   730368.282
  0.865   730368.289
  0.828   730368.296
  0.751   730368.303
  0.886   730368.310
  0.792   730368.316
  0.842   730368.323
  0.766   730368.330
  0.744   730368.337
  0.691   730368.344
  0.799   730368.351
  0.739   730368.358
  0.722   730368.365
  0.737   730368.372
  0.560   730368.379
  0.693   730368.386
  0.623   730368.393
  0.656   730368.400
  0.629   730368.407
  0.703   730368.414
  0.703   730368.421
  0.699   730368.428
  0.624   730368.435
  0.633   730368.441
  2.807   730368.449
  0.614   730368.456
  0.608   730368.463
  0.603   730368.470
  0.601   730368.477
  0.566   730368.483
  0.596   730368.490
  0.563   730368.497
  0.630   730368.504
  0.541   730368.511
  0.575   730368.518
  0.550   730368.525
  0.545   730368.532
  0.560   730368.539
  0.556   730368.546
  0.513   730368.552
  0.554   730368.559
  0.556   730368.566
  0.479   730368.573
  0.467   730368.580
  0.526   730368.587
  0.533   730368.594
  0.522   730368.601
  0.472   730368.608
  0.523   730368.615
  0.500   730368.622
  0.464   730368.629
  0.468   730368.636
  0.465   730368.643
  0.493   730368.650
  0.510   730368.657
  0.478   730368.664
  0.447   730368.671
  0.501   730368.677
  0.497   730368.684
  0.415   730368.691
  0.468   730368.698
  0.391   730368.705
  0.424   730368.712
  0.465   730368.719
  0.403   730368.726
  0.449   730368.733
  0.409   730368.740
  0.414   730368.747
  0.433   730368.754
  0.452   730368.761
  0.390   730368.768
  0.379   730368.775
  0.371   730368.782
  0.395   730368.789
  0.407   730368.796
  0.423   730368.803
  0.390   730368.809
  0.380   730368.816
  0.300   730368.823
  0.342   730368.830
  0.347   730368.837
  0.373   730368.844
  0.312   730368.851
  0.332   730368.858
  0.332   730368.865
  0.307   730368.872
  0.307   730368.879
  0.267   730368.886
  0.334   730368.893
  0.300   730368.900
  0.299   730368.907
  0.300   730368.914
  0.289   730368.921
  0.317   730368.928
  0.328   730368.934
  0.313   730368.941
  4.039   730368.948
  0.320   730368.956
  0.287   730368.962
  0.317   730368.969
  0.292   730368.976
  0.339   730368.983
  0.343   730368.990
  0.387   730368.997
