  2.110   730193.001
  1.865   730193.008
  2.027   730193.015
  1.912   730193.022
  2.025   730193.029
  1.799   730193.037
  1.800   730193.043
  1.824   730193.050
  1.975   730193.057
  1.835   730193.064
  1.869   730193.071
  2.170   730193.079
  2.054   730193.085
  1.999   730193.092
  1.976   730193.099
  2.117   730193.106
  2.177   730193.113
  1.988   730193.121
  2.075   730193.126
  2.113   730193.133
  2.226   730193.140
  2.135   730193.147
  2.155   730193.154
  1.985   730193.162
  2.337   730193.168
  2.093   730193.175
  2.170   730193.182
    NaN   730193.189
  2.265   730193.196
  2.165   730193.204
  2.059   730193.210
  2.244   730193.217
  2.118   730193.224
  2.305   730193.231
  2.287   730193.238
  2.077   730193.246
  2.131   730193.251
  2.414   730193.258
  2.191   730193.265
  2.262   730193.272
  2.308   730193.279
  2.283   730193.287
  2.396   730193.293
  2.511   730193.300
  2.325   730193.307
  2.371   730193.314
  2.552   730193.321
  2.441   730193.331
  2.488   730193.337
  2.303   730193.342
  2.753   730193.349
  2.633   730193.356
  2.754   730193.363
  2.353   730193.371
  2.725   730193.376
  2.396   730193.383
  2.383   730193.390
  2.760   730193.397
  2.358   730193.404
  2.496   730193.412
  2.492   730193.418
  2.348   730193.425
  2.371   730193.432
  2.393   730193.439
  2.212   730193.446
  2.455   730193.455
  2.295   730193.460
  2.121   730193.467
  2.365   730193.474
  2.259   730193.481
  2.364   730193.488
  2.320   730193.496
  2.553   730193.501
  2.513   730193.508
  2.093   730193.515
  2.442   730193.522
  2.026   730193.529
  2.452   730193.537
  2.220   730193.543
  2.699   730193.550
  2.225   730193.559
  2.150   730193.564
  2.622   730193.571
  2.194   730193.578
  2.399   730193.585
  2.510   730193.592
  2.253   730193.599
  2.231   730193.606
  2.362   730193.613
  2.346   730193.620
  1.982   730193.626
  2.245   730193.633
  2.113   730193.640
  2.396   730193.647
  2.467   730193.654
  1.997   730193.662
  2.298   730193.668
  2.270   730193.675
  2.163   730193.682
    NaN   730193.689
  2.181   730193.696
  2.654   730193.704
  2.264   730193.710
  2.400   730193.717
  2.607   730193.724
  2.595   730193.731
  2.664   730193.738
  2.475   730193.746
  2.744   730193.751
  2.643   730193.758
  2.734   730193.765
  2.701   730193.772
  2.834   730193.779
  2.604   730193.787
  2.949   730193.793
  2.903   730193.800
  2.773   730193.807
  3.044   730193.814
  2.674   730193.821
  2.574   730193.829
  2.504   730193.835
  2.740   730193.842
  2.953   730193.849
  3.055   730193.856
  2.729   730193.863
  3.128   730193.871
  2.813   730193.876
  2.673   730193.883
  2.851   730193.890
  2.880   730193.897
  2.619   730193.904
  2.599   730193.912
  2.759   730193.918
  2.614   730193.925
  2.825   730193.932
  2.791   730193.939
  2.444   730193.946
  2.857   730193.954
  2.812   730193.960
  2.819   730193.967
  2.497   730193.974
  2.744   730193.981
  3.088   730193.988
  2.720   730193.996
