 11.637   730321.043
 11.494   730321.049
 11.850   730321.056
  9.259   730321.063
  9.165   730321.070
  9.220   730321.077
  8.464   730321.084
  7.161   730321.091
  9.052   730321.098
  8.275   730321.105
  7.518   730321.112
  6.769   730321.119
  7.834   730321.125
  7.366   730321.132
  8.468   730321.139
  5.700   730321.146
  5.655   730321.153
  5.053   730321.160
  5.888   730321.167
  5.935   730321.174
  5.558   730321.181
  6.840   730321.188
  7.778   730321.195
  6.162   730321.202
  7.087   730321.209
  6.325   730321.216
  8.448   730321.223
  9.071   730321.230
  7.667   730321.237
  7.793   730321.244
  7.836   730321.250
  8.773   730321.257
  9.006   730321.264
  8.904   730321.271
  7.543   730321.278
  7.995   730321.285
  8.284   730321.292
  7.786   730321.299
  9.896   730321.306
  8.711   730321.313
  7.607   730321.320
  9.964   730321.327
  8.516   730321.334
  7.911   730321.341
 11.209   730321.348
  8.604   730321.355
  9.576   730321.362
 10.757   730321.369
 11.340   730321.375
 10.184   730321.382
 11.001   730321.389
 11.693   730321.396
 10.875   730321.403
 11.515   730321.410
 11.609   730321.417
 10.940   730321.424
  9.937   730321.431
 11.644   730321.438
 11.705   730321.445
 10.782   730321.452
 12.595   730321.459
 10.803   730321.466
  9.300   730321.473
  7.625   730321.480
  7.513   730321.487
  6.611   730321.494
  6.307   730321.501
  5.365   730321.507
  5.637   730321.514
  5.278   730321.521
  5.956   730321.528
  6.677   730321.535
 10.565   730321.542
 10.228   730321.549
  9.367   730321.556
  6.907   730321.563
  7.386   730321.570
  8.904   730321.577
  7.796   730321.584
  9.747   730321.591
 10.116   730321.598
  9.174   730321.605
  8.031   730321.612
  9.402   730321.619
  8.128   730321.626
  8.578   730321.632
  9.885   730321.639
  8.073   730321.646
  8.585   730321.653
  8.334   730321.660
  8.891   730321.667
  7.305   730321.674
  8.839   730321.681
  8.959   730321.688
  9.301   730321.695
  9.197   730321.702
  9.294   730321.709
  9.411   730321.716
  8.604   730321.723
  8.656   730321.730
  7.461   730321.737
  7.409   730321.744
  7.373   730321.751
  7.461   730321.758
  8.346   730321.764
  6.895   730321.771
  6.959   730321.778
  6.422   730321.785
  6.942   730321.790
  7.766   730321.793
  7.372   730321.799
  8.288   730321.806
  7.726   730321.813
  7.965   730321.820
  8.250   730321.822
  9.312   730321.827
  7.962   730321.832
  7.761   730321.833
  7.413   730321.835
  8.864   730321.840
  8.926   730321.860
  8.692   730321.863
  8.742   730321.868
  8.374   730321.875
  8.464   730321.882
  8.144   730321.889
  8.100   730321.896
  8.935   730321.903
  8.796   730321.910
  9.362   730321.917
  7.783   730321.924
  7.347   730321.931
  8.878   730321.938
  8.977   730321.945
  8.013   730321.952
  8.694   730321.959
  7.285   730321.966
  7.391   730321.972
  8.100   730321.979
  8.720   730321.986
  7.127   730321.993
