  0.658   730321.045
  0.000   730321.045
  0.000   730321.051
  0.000   730321.056
  0.000   730321.064
  0.597   730321.064
  0.000   730321.071
  0.925   730321.078
  0.000   730321.078
  0.000   730321.085
  0.002   730321.092
  0.000   730321.092
  0.000   730321.099
  0.348   730321.099
  0.000   730321.106
  0.894   730321.113
  0.000   730321.113
  0.000   730321.120
  0.644   730321.120
  0.000   730321.127
  0.000   730321.134
  0.717   730321.134
  0.000   730321.141
  0.810   730321.148
  0.000   730321.148
  0.000   730321.155
  0.605   730321.155
  0.000   730321.162
  0.278   730321.169
  0.000   730321.169
    NaN   730321.175
  0.610   730321.182
  0.000   730321.182
  0.000   730321.189
  0.097   730321.189
  0.000   730321.196
  0.014   730321.203
  0.000   730321.203
  0.000   730321.210
  0.086   730321.210
  0.000   730321.217
  0.000   730321.224
  0.750   730321.224
  0.000   730321.231
  0.708   730321.238
  0.000   730321.238
  0.000   730321.245
  0.000   730321.245
  0.000   730321.252
  1.038   730321.259
  0.000   730321.259
  0.000   730321.266
  0.646   730321.273
  0.000   730321.273
  0.000   730321.280
  0.940   730321.280
  0.000   730321.287
  0.428   730321.294
  0.000   730321.294
  0.000   730321.301
  0.777   730321.301
  0.000   730321.307
  0.000   730321.314
  1.039   730321.314
  0.000   730321.321
  0.308   730321.328
  0.000   730321.328
  0.000   730321.335
  0.004   730321.335
  0.000   730321.342
  0.717   730321.349
  0.000   730321.349
  0.000   730321.356
  0.790   730321.363
  0.000   730321.363
  0.000   730321.370
  0.342   730321.370
  0.000   730321.377
  0.764   730321.384
  0.000   730321.384
  0.000   730321.391
  0.750   730321.398
  0.000   730321.398
  0.000   730321.405
  0.691   730321.405
  0.000   730321.412
  0.159   730321.419
  0.000   730321.419
  0.000   730321.426
  0.080   730321.432
  0.000   730321.432
  0.000   730321.439
  0.074   730321.439
  0.000   730321.446
  0.392   730321.453
  0.000   730321.453
  0.000   730321.460
  0.837   730321.467
  0.000   730321.467
  0.000   730321.474
  0.005   730321.474
  0.000   730321.481
  0.000   730321.488
  0.744   730321.488
  0.000   730321.495
  0.887   730321.502
  0.000   730321.502
  0.000   730321.509
  0.441   730321.516
  0.000   730321.516
  0.000   730321.523
  0.647   730321.523
  0.000   730321.530
  0.000   730321.537
  0.476   730321.537
  0.000   730321.544
  0.298   730321.551
  0.000   730321.551
  0.000   730321.557
  0.367   730321.564
  0.000   730321.564
  0.000   730321.571
  0.887   730321.578
  0.000   730321.578
  0.000   730321.585
  0.132   730321.592
  0.000   730321.592
  0.000   730321.599
  0.005   730321.606
  0.000   730321.606
  0.000   730321.613
  0.459   730321.620
  0.000   730321.620
  0.000   730321.627
  0.752   730321.627
  0.759   730321.634
  0.000   730321.634
  0.000   730321.641
  0.330   730321.641
  0.000   730321.648
  0.000   730321.655
  0.461   730321.655
  0.000   730321.662
  0.000   730321.669
  0.284   730321.669
  0.000   730321.676
  0.236   730321.683
  0.000   730321.683
  0.000   730321.690
  0.524   730321.697
  0.025   730321.697
  0.000   730321.703
  0.027   730321.703
  0.000   730321.710
  0.000   730321.717
  0.082   730321.717
  0.000   730321.724
  0.037   730321.731
  0.000   730321.731
  0.000   730321.738
  0.866   730321.745
  0.000   730321.745
  0.000   730321.752
  0.806   730321.759
  0.000   730321.759
  0.000   730321.766
  0.249   730321.773
  0.000   730321.773
  0.000   730321.780
  0.854   730321.780
  0.000   730321.787
  0.000   730321.788
  0.112   730321.795
  0.000   730321.795
  0.000   730321.801
  0.013   730321.808
  0.000   730321.808
  0.000   730321.814
  0.834   730321.814
  0.000   730321.821
  0.000   730321.823
  0.000   730321.826
  0.805   730321.826
  0.376   730321.831
  0.000   730321.831
  0.000   730321.832
  0.000   730321.833
  0.000   730321.840
  0.938   730321.840
  0.000   730321.847
  0.000   730321.850
  0.107   730321.850
  0.577   730321.852
  0.000   730321.852
  0.254   730321.854
  0.000   730321.854
  0.153   730321.854
  0.000   730321.854
  0.000   730321.855
  0.000   730321.857
  0.000   730321.858
  0.000   730321.859
  0.507   730321.859
  0.000   730321.860
  0.834   730321.860
  0.000   730321.867
  0.000   730321.874
  0.906   730321.874
  0.000   730321.881
  0.672   730321.888
  0.000   730321.888
  0.000   730321.895
  0.375   730321.895
  0.000   730321.902
  0.000   730321.909
  0.395   730321.909
  0.000   730321.916
  0.685   730321.923
  0.000   730321.923
  0.000   730321.930
  0.483   730321.930
  0.000   730321.937
  0.878   730321.944
  0.000   730321.944
    NaN   730321.951
  0.083   730321.958
  0.000   730321.958
  0.000   730321.965
  0.861   730321.965
  0.000   730321.972
  0.909   730321.979
  0.000   730321.979
  0.000   730321.985
  0.198   730321.985
  0.000   730321.992
  0.000   730321.999
  0.158   730321.999
