  0.199   730321.043
  0.232   730321.050
  0.235   730321.056
  0.198   730321.063
  0.224   730321.070
  0.214   730321.077
  0.225   730321.084
  0.216   730321.091
  0.229   730321.098
  0.224   730321.105
  0.232   730321.112
  0.210   730321.119
  0.223   730321.126
  0.256   730321.133
  0.221   730321.140
  0.228   730321.147
  0.211   730321.154
  0.222   730321.160
  0.214   730321.167
  0.206   730321.174
  0.237   730321.181
  0.223   730321.188
  0.188   730321.195
  0.204   730321.202
  0.212   730321.209
  0.200   730321.216
  0.189   730321.223
  0.198   730321.230
  0.173   730321.237
  0.194   730321.244
  0.187   730321.251
  0.191   730321.258
  0.176   730321.265
  0.181   730321.272
  0.176   730321.279
  0.188   730321.285
  0.190   730321.292
  0.173   730321.299
  0.172   730321.306
  0.150   730321.313
  0.162   730321.320
  0.175   730321.327
  0.149   730321.334
  0.177   730321.341
  0.161   730321.348
  0.168   730321.355
  0.162   730321.362
  0.173   730321.369
  0.153   730321.376
  0.155   730321.383
  0.169   730321.390
  0.150   730321.397
  0.194   730321.403
  0.147   730321.410
  0.172   730321.417
  0.167   730321.424
  4.627   730321.431
  0.165   730321.438
  0.162   730321.445
  0.164   730321.452
  0.184   730321.459
  0.191   730321.466
  0.184   730321.473
  0.199   730321.480
  0.178   730321.487
  0.164   730321.494
  0.176   730321.501
  0.158   730321.508
  0.170   730321.515
  0.175   730321.522
  0.145   730321.529
  0.175   730321.535
  0.166   730321.542
  0.151   730321.549
  0.152   730321.556
  0.149   730321.563
  0.155   730321.570
  0.150   730321.577
  0.152   730321.584
  0.138   730321.591
  0.153   730321.598
  0.149   730321.605
  0.135   730321.612
  0.151   730321.619
  0.129   730321.626
  0.140   730321.633
  0.145   730321.640
  0.114   730321.647
  0.127   730321.654
  0.151   730321.660
  0.144   730321.667
  0.120   730321.674
  0.121   730321.681
  0.126   730321.688
  0.128   730321.695
  0.122   730321.702
  0.120   730321.709
  0.114   730321.716
  0.106   730321.723
  0.121   730321.730
  0.120   730321.737
  0.116   730321.744
  0.110   730321.751
  0.119   730321.758
  0.112   730321.765
  0.111   730321.772
  0.107   730321.779
  0.116   730321.786
  0.097   730321.792
  0.108   730321.793
  0.109   730321.799
  0.104   730321.806
  0.099   730321.813
  0.104   730321.820
  0.107   730321.823
  0.090   730321.828
  0.094   730321.835
  0.100   730321.836
  0.095   730321.841
  0.090   730321.862
  0.091   730321.864
  0.095   730321.869
  0.089   730321.876
  0.088   730321.883
  0.076   730321.890
  0.088   730321.897
  0.085   730321.904
  0.082   730321.911
  0.090   730321.918
  0.079   730321.925
  5.147   730321.932
  0.074   730321.939
  0.081   730321.946
  0.073   730321.953
  0.069   730321.960
  0.089   730321.967
  0.071   730321.973
  0.082   730321.981
  0.069   730321.988
  0.079   730321.994
