  0.073   730321.044
  0.070   730321.050
  0.090   730321.056
  0.094   730321.064
  0.082   730321.071
  0.084   730321.078
  0.086   730321.085
  0.088   730321.092
  0.070   730321.099
  0.072   730321.106
  0.063   730321.112
  1.858   730321.120
  0.108   730321.126
  0.061   730321.133
  0.060   730321.140
  0.067   730321.147
  0.062   730321.154
  0.071   730321.161
  0.067   730321.168
  0.068   730321.175
  0.069   730321.182
  0.061   730321.189
  0.064   730321.196
  0.057   730321.203
  0.060   730321.210
  0.076   730321.217
  0.087   730321.224
  0.086   730321.231
  0.104   730321.238
  0.110   730321.244
  0.098   730321.251
  0.121   730321.258
  0.086   730321.265
  0.080   730321.272
  0.075   730321.279
  0.067   730321.286
  0.058   730321.293
  0.066   730321.300
  0.062   730321.307
  0.068   730321.314
  0.065   730321.321
  0.055   730321.328
  0.059   730321.335
  0.057   730321.342
  0.050   730321.349
  0.062   730321.356
  0.056   730321.363
  0.059   730321.370
  0.057   730321.376
  0.054   730321.383
  0.058   730321.390
  0.057   730321.397
  0.063   730321.404
  0.052   730321.411
  9.517   730321.418
  0.064   730321.425
  0.063   730321.432
  0.061   730321.439
  0.063   730321.446
  0.067   730321.453
  0.058   730321.460
  0.059   730321.467
  0.065   730321.474
  0.062   730321.481
  0.061   730321.488
  0.062   730321.494
  0.062   730321.501
  0.066   730321.508
  0.071   730321.515
  0.060   730321.522
  0.060   730321.529
  0.054   730321.536
  0.091   730321.543
  0.084   730321.550
  0.061   730321.557
  0.063   730321.564
  0.059   730321.571
  0.064   730321.578
  0.050   730321.585
  0.068   730321.592
  0.072   730321.599
  0.072   730321.606
  0.068   730321.613
  0.057   730321.620
  0.062   730321.627
  0.056   730321.633
  0.052   730321.640
  0.047   730321.647
  0.062   730321.654
  0.062   730321.661
  0.061   730321.668
  0.066   730321.675
  0.057   730321.682
  0.063   730321.689
  0.056   730321.696
  0.057   730321.703
  0.050   730321.710
  0.053   730321.717
  0.050   730321.724
  0.093   730321.731
  0.074   730321.738
  0.068   730321.745
  0.069   730321.752
  0.058   730321.759
  0.079   730321.765
  0.053   730321.772
  0.054   730321.779
  0.052   730321.786
  0.110   730321.794
  0.127   730321.800
  0.100   730321.807
  0.084   730321.814
  0.081   730321.822
  0.072   730321.825
  0.058   730321.877
  0.060   730321.884
  0.067   730321.891
  6.693   730321.898
  9.191   730321.905
 11.058   730321.912
 13.130   730321.919
  8.954   730321.926
 14.900   730321.933
 16.232   730321.939
  2.179   730321.946
  7.448   730321.953
 14.264   730321.960
 11.039   730321.967
  0.765   730321.974
  3.896   730321.981
  4.904   730321.988
  0.204   730321.995
