  0.665   730321.044
  0.667   730321.050
  0.532   730321.056
  0.593   730321.064
  0.651   730321.071
  0.649   730321.078
  0.613   730321.085
  0.603   730321.092
  0.493   730321.099
  0.478   730321.106
  0.572   730321.112
  0.571   730321.120
  0.490   730321.126
  0.503   730321.133
  0.508   730321.140
  0.414   730321.147
  0.500   730321.154
  0.428   730321.161
  0.502   730321.168
  0.527   730321.175
  0.503   730321.182
  0.453   730321.189
  0.458   730321.196
  0.497   730321.203
  0.465   730321.210
  0.426   730321.217
  0.377   730321.224
  0.430   730321.231
  0.396   730321.238
  0.433   730321.244
  0.452   730321.251
  0.463   730321.258
  0.437   730321.265
  0.403   730321.272
  0.410   730321.279
  0.419   730321.286
  0.471   730321.293
  0.398   730321.300
  0.452   730321.307
  0.384   730321.314
  0.411   730321.321
  7.355   730321.328
  0.433   730321.335
  0.423   730321.342
  0.425   730321.349
  0.391   730321.356
  0.448   730321.363
  0.402   730321.370
  0.407   730321.376
  0.367   730321.383
  0.436   730321.390
  0.407   730321.397
  0.422   730321.404
  0.352   730321.411
  0.430   730321.418
  0.384   730321.425
  0.373   730321.432
  0.431   730321.439
  0.388   730321.446
  0.339   730321.453
  0.385   730321.460
  0.334   730321.467
  0.289   730321.474
  0.368   730321.481
  0.351   730321.488
  0.338   730321.494
  0.326   730321.501
  0.356   730321.508
  0.347   730321.515
  0.311   730321.522
  0.355   730321.529
  0.339   730321.536
  0.334   730321.543
  0.369   730321.550
  0.321   730321.557
  0.276   730321.564
  0.346   730321.571
  0.321   730321.578
  0.336   730321.585
  0.337   730321.592
  0.311   730321.599
  0.313   730321.606
  0.303   730321.613
  0.308   730321.620
  0.297   730321.627
  0.282   730321.633
  0.286   730321.640
  0.315   730321.647
  0.270   730321.654
  0.289   730321.661
  0.261   730321.668
  0.284   730321.675
  0.263   730321.682
  0.280   730321.689
  0.277   730321.696
  0.252   730321.703
  0.293   730321.710
  0.278   730321.717
  0.313   730321.724
  0.281   730321.731
  0.255   730321.738
  0.237   730321.745
  0.314   730321.752
  0.263   730321.759
  0.231   730321.765
  0.285   730321.772
  0.241   730321.779
  0.253   730321.786
  0.257   730321.794
  0.263   730321.800
  0.257   730321.807
  0.261   730321.814
  0.255   730321.822
  0.255   730321.825
  0.227   730321.877
  0.216   730321.884
  0.228   730321.891
  0.211   730321.898
  0.201   730321.905
  0.206   730321.912
  0.205   730321.919
  0.178   730321.926
  0.236   730321.933
  0.231   730321.939
  0.192   730321.946
  0.215   730321.953
  0.213   730321.960
  0.179   730321.967
  0.223   730321.974
  0.214   730321.981
  0.236   730321.988
  0.209   730321.995
