  0.000   730321.006
  0.000   730321.013
  0.000   730321.020
  0.000   730321.027
  0.000   730321.034
  0.000   730321.041
  0.000   730321.048
  1.493   730321.055
  0.000   730321.062
  0.000   730321.069
  0.000   730321.076
  0.000   730321.083
  0.000   730321.090
  0.000   730321.097
  0.000   730321.104
  0.000   730321.110
  0.000   730321.117
  0.000   730321.124
  0.000   730321.131
  0.000   730321.138
  0.000   730321.145
  0.000   730321.152
  0.000   730321.159
  0.000   730321.166
  0.000   730321.173
  0.000   730321.180
  0.000   730321.187
  0.000   730321.194
  0.000   730321.201
  0.000   730321.208
  0.000   730321.215
  0.000   730321.222
  0.000   730321.229
  0.000   730321.235
  0.000   730321.242
  0.000   730321.249
  0.000   730321.256
  0.000   730321.263
  0.000   730321.270
  0.000   730321.277
  0.000   730321.284
  0.000   730321.291
  0.000   730321.298
  0.000   730321.305
  0.000   730321.312
  0.000   730321.319
  0.000   730321.326
  0.000   730321.333
  0.000   730321.340
  0.000   730321.347
  0.000   730321.354
  0.000   730321.360
  0.000   730321.367
  0.000   730321.374
  0.000   730321.381
  0.000   730321.388
  0.000   730321.395
  0.000   730321.402
  0.000   730321.409
  0.000   730321.416
  0.000   730321.423
  0.000   730321.430
  0.000   730321.437
  0.000   730321.444
  0.000   730321.451
  2.157   730321.458
  0.000   730321.465
  0.000   730321.472
  0.000   730321.479
  0.000   730321.485
  0.000   730321.492
  0.000   730321.499
  0.000   730321.506
  0.000   730321.513
  0.000   730321.520
  0.000   730321.527
  0.000   730321.534
  1.234   730321.541
  0.812   730321.548
  0.000   730321.555
  0.000   730321.562
  0.000   730321.569
  0.000   730321.576
  0.000   730321.583
  0.000   730321.590
  0.000   730321.597
  0.000   730321.604
  1.546   730321.610
  0.000   730321.617
  0.000   730321.624
  0.000   730321.631
  0.000   730321.638
  0.000   730321.645
  0.000   730321.652
  0.000   730321.659
  0.000   730321.666
  0.000   730321.673
  0.000   730321.680
  0.474   730321.687
  0.000   730321.694
  0.000   730321.701
  0.000   730321.708
  0.000   730321.715
  0.000   730321.722
  0.000   730321.729
  0.000   730321.735
  0.000   730321.742
  0.000   730321.749
  0.000   730321.756
  0.000   730321.763
  0.000   730321.770
  0.000   730321.777
  0.000   730321.784
  0.000   730321.789
  0.000   730321.791
  0.000   730321.798
  0.000   730321.805
  0.000   730321.812
  0.000   730321.819
  0.000   730321.821
  0.000   730321.827
  0.000   730321.832
  0.000   730321.833
  0.000   730321.834
  0.000   730321.840
  0.000   730321.848
  0.000   730321.857
  0.000   730321.858
  0.000   730321.860
  0.000   730321.862
  0.000   730321.868
  0.000   730321.875
  0.000   730321.882
  0.000   730321.889
  0.000   730321.896
  0.000   730321.902
  0.000   730321.909
  0.000   730321.916
  0.000   730321.923
  0.000   730321.930
  0.000   730321.937
  0.000   730321.944
  0.000   730321.951
  0.000   730321.958
  0.000   730321.965
  0.000   730321.972
  0.000   730321.979
  0.000   730321.986
  0.000   730321.993
