  0.260   730019.000
  0.210   730019.000
  1.210   730019.010
  0.900   730019.020
  0.200   730019.030
  0.140   730019.030
  0.130   730019.040
  0.140   730019.050
  0.150   730019.050
  0.170   730019.060
  0.220   730019.070
  0.180   730019.070
  0.130   730019.080
  0.160   730019.090
  0.140   730019.100
  0.120   730019.100
  0.140   730019.110
  0.130   730019.120
  0.130   730019.120
  0.130   730019.130
  0.110   730019.140
  0.120   730019.140
  0.130   730019.150
  0.220   730019.160
  0.210   730019.160
  0.500   730019.170
  0.240   730019.180
  0.120   730019.180
  0.250   730019.190
  0.330   730019.200
  0.170   730019.210
  0.180   730019.210
  0.210   730019.220
  0.260   730019.230
  0.210   730019.230
  0.200   730019.240
  0.190   730019.250
  0.200   730019.250
  0.220   730019.260
  0.210   730019.270
  0.210   730019.280
  0.200   730019.280
  0.270   730019.290
  0.200   730019.300
  0.200   730019.300
  0.210   730019.310
  0.420   730019.320
  0.260   730019.320
  0.240   730019.330
  0.250   730019.340
  0.250   730019.350
  0.200   730019.350
  0.230   730019.360
  0.190   730019.370
  0.170   730019.370
  0.190   730019.380
  0.240   730019.390
  0.200   730019.390
  0.180   730019.400
  0.190   730019.410
  0.170   730019.410
  0.180   730019.420
  0.190   730019.430
  0.190   730019.430
  0.170   730019.440
  0.170   730019.450
  0.210   730019.460
  0.230   730019.460
  0.240   730019.470
  0.230   730019.480
  0.210   730019.480
  0.170   730019.490
  0.170   730019.500
  0.250   730019.500
  0.400   730019.510
  0.190   730019.520
  0.160   730019.530
  0.180   730019.530
  0.170   730019.540
  0.160   730019.550
  0.170   730019.550
  0.180   730019.560
  0.190   730019.570
  0.160   730019.570
  0.160   730019.580
  0.160   730019.590
  0.140   730019.600
  0.180   730019.600
  0.170   730019.610
  0.170   730019.620
  0.190   730019.620
  0.150   730019.630
  0.170   730019.640
  0.200   730019.640
  0.180   730019.650
  0.190   730019.660
  0.180   730019.660
  0.180   730019.670
  0.170   730019.680
  0.180   730019.690
  0.180   730019.690
  0.180   730019.700
  0.220   730019.710
  0.300   730019.710
  0.200   730019.720
  0.200   730019.730
  0.200   730019.730
  0.250   730019.740
  0.240   730019.750
  0.200   730019.750
  0.160   730019.760
  0.160   730019.770
  0.160   730019.780
  0.180   730019.780
  0.210   730019.790
  0.170   730019.800
  0.100   730019.800
  0.140   730019.810
  0.130   730019.820
  0.140   730019.820
  0.160   730019.830
  0.170   730019.840
  0.180   730019.850
  0.270   730019.850
  0.250   730019.860
  0.200   730019.870
  0.160   730019.870
  0.150   730019.880
  0.170   730019.890
  0.190   730019.890
  0.140   730019.900
  0.220   730019.910
  0.260   730019.910
  0.190   730019.920
  0.200   730019.930
  0.190   730019.940
  0.230   730019.940
  0.230   730019.950
  0.200   730019.960
  0.210   730019.960
  0.250   730019.970
  0.220   730019.980
  0.260   730019.980
  0.240   730019.990
