 19.264   730070.008
 15.663   730070.021
 15.227   730070.028
 15.693   730070.035
 15.714   730070.042
 18.526   730070.049
 14.944   730070.056
 17.065   730070.070
 18.803   730070.076
 17.243   730070.083
 16.050   730070.090
 16.560   730070.097
 14.632   730070.104
 16.893   730070.111
 16.704   730070.118
 15.218   730070.125
 16.278   730070.133
 17.303   730070.146
 18.899   730070.153
 19.320   730070.160
 21.003   730070.167
 21.389   730070.174
 24.984   730070.181
 24.237   730070.188
 22.506   730070.194
 23.740   730070.201
 24.894   730070.208
 21.193   730070.215
 25.356   730070.222
 23.590   730070.229
 24.583   730070.236
 19.398   730070.243
 22.389   730070.250
 19.735   730070.257
 21.082   730070.264
 22.682   730070.271
 20.011   730070.278
 20.599   730070.285
 18.656   730070.292
 18.644   730070.299
 21.992   730070.306
 20.494   730070.312
 20.764   730070.319
 19.701   730070.326
 17.147   730070.333
 19.635   730070.340
 17.921   730070.347
 16.628   730070.354
 17.407   730070.361
 17.229   730070.368
 17.732   730070.375
 18.520   730070.382
 15.686   730070.389
 16.350   730070.396
 16.485   730070.403
 17.005   730070.410
 17.733   730070.417
 17.180   730070.424
 17.483   730070.431
 17.843   730070.438
 18.763   730070.444
 17.989   730070.451
 20.646   730070.458
 18.438   730070.465
 19.333   730070.472
 17.402   730070.479
 20.132   730070.486
 19.850   730070.493
 19.772   730070.500
 17.739   730070.507
 19.927   730070.514
 19.131   730070.521
 21.776   730070.528
 20.227   730070.535
 22.427   730070.542
 22.571   730070.549
 21.338   730070.556
 22.266   730070.562
 24.789   730070.569
 22.086   730070.576
 22.024   730070.583
 22.488   730070.590
 23.928   730070.597
 22.565   730070.604
 24.770   730070.611
 24.347   730070.618
 24.210   730070.625
 24.486   730070.632
 24.227   730070.639
 23.595   730070.646
 22.126   730070.653
 25.409   730070.660
 23.424   730070.667
 25.589   730070.674
 21.806   730070.681
 25.068   730070.688
 22.347   730070.694
 25.945   730070.701
 23.431   730070.708
 22.401   730070.715
 21.582   730070.722
 22.035   730070.729
 22.091   730070.736
 23.797   730070.743
 23.336   730070.750
 20.594   730070.757
 20.829   730070.764
 22.853   730070.771
 22.195   730070.778
 20.401   730070.785
 23.157   730070.792
 24.441   730070.799
 23.359   730070.806
 22.928   730070.813
 20.973   730070.820
 22.171   730070.826
 23.318   730070.833
 20.774   730070.840
 18.967   730070.848
 21.192   730070.854
 21.605   730070.861
 20.933   730070.869
 20.405   730070.876
 20.675   730070.890
 20.322   730070.896
 17.952   730070.903
 22.323   730070.910
 20.954   730070.917
 21.801   730070.924
 24.417   730070.931
 22.503   730070.945
 18.535   730070.951
 20.212   730070.958
 20.203   730070.966
 21.706   730070.980
 19.127   730070.993
