  0.083   730070.007
  0.137   730070.021
  0.106   730070.027
  0.074   730070.035
  0.102   730070.042
  0.080   730070.049
  0.098   730070.055
  0.100   730070.069
  0.071   730070.076
  0.077   730070.083
  0.079   730070.090
  0.073   730070.097
  0.086   730070.104
  0.069   730070.111
  0.081   730070.118
  0.083   730070.125
  0.066   730070.132
  0.068   730070.146
  0.081   730070.153
  0.082   730070.160
  0.083   730070.167
  0.083   730070.174
  0.072   730070.181
  0.075   730070.188
  0.076   730070.194
  0.072   730070.201
  0.082   730070.208
  0.079   730070.215
  0.085   730070.222
  0.084   730070.229
  0.072   730070.236
  0.083   730070.243
  0.065   730070.250
  0.078   730070.257
  0.070   730070.264
  0.071   730070.271
  0.073   730070.278
  0.066   730070.285
  0.067   730070.292
  0.073   730070.299
  0.072   730070.306
  0.053   730070.312
  0.064   730070.319
  0.056   730070.326
  0.073   730070.333
  0.057   730070.340
  0.059   730070.347
  0.057   730070.354
  0.062   730070.361
  0.064   730070.368
  0.062   730070.375
  0.071   730070.382
  0.068   730070.389
  0.080   730070.396
  0.067   730070.403
  0.077   730070.410
  0.060   730070.417
  0.072   730070.424
  0.064   730070.431
  0.075   730070.438
  0.071   730070.444
  0.075   730070.451
  0.075   730070.458
  0.071   730070.465
  0.075   730070.472
  0.077   730070.479
  0.067   730070.486
  0.066   730070.493
  0.068   730070.500
  0.072   730070.507
  0.073   730070.514
  0.081   730070.521
  0.083   730070.528
  0.070   730070.535
  0.069   730070.542
  0.067   730070.549
  0.080   730070.556
  0.066   730070.562
  0.071   730070.569
  0.062   730070.576
  0.063   730070.583
  0.086   730070.590
  0.064   730070.597
  0.064   730070.604
  0.071   730070.611
  0.074   730070.618
  0.067   730070.625
  0.068   730070.632
  0.064   730070.639
  0.080   730070.646
  0.067   730070.653
  0.077   730070.660
  0.077   730070.667
  0.074   730070.673
  0.070   730070.680
  0.073   730070.688
  0.074   730070.694
  0.061   730070.701
  0.078   730070.708
  0.067   730070.715
  0.091   730070.722
  0.068   730070.729
  0.065   730070.736
  0.083   730070.743
  0.072   730070.750
  0.080   730070.757
  0.063   730070.764
  0.074   730070.771
  0.069   730070.778
  0.079   730070.785
  0.077   730070.792
  0.080   730070.799
  0.069   730070.806
  0.063   730070.812
  0.074   730070.819
  0.077   730070.826
  0.096   730070.833
  0.071   730070.840
  0.074   730070.847
  0.078   730070.853
  0.067   730070.861
  0.063   730070.868
  0.072   730070.875
  0.071   730070.889
  0.078   730070.896
  0.068   730070.903
  0.070   730070.910
  0.064   730070.917
  0.080   730070.924
  0.066   730070.931
  0.070   730070.944
  0.078   730070.951
  0.064   730070.958
  0.079   730070.965
  0.083   730070.979
  0.069   730070.993
