  0.238   730070.010
  0.431   730070.022
  0.336   730070.029
    NaN   730070.035
  0.257   730070.042
  0.265   730070.050
  0.289   730070.059
  0.233   730070.073
  0.301   730070.078
  0.267   730070.085
  0.272   730070.092
  0.277   730070.098
  0.253   730070.105
  0.301   730070.112
  0.251   730070.119
  0.270   730070.126
  0.274   730070.135
  0.258   730070.147
  0.284   730070.153
  0.283   730070.160
  0.331   730070.167
  0.306   730070.174
  0.347   730070.181
  0.283   730070.188
  0.319   730070.195
  0.300   730070.202
  0.293   730070.209
  0.264   730070.216
  0.261   730070.223
  0.293   730070.230
  0.269   730070.237
  0.309   730070.244
  0.289   730070.251
  0.259   730070.258
  0.313   730070.265
  0.311   730070.272
  0.314   730070.278
  0.299   730070.285
  0.375   730070.292
  0.350   730070.299
  0.331   730070.306
  0.364   730070.313
  0.341   730070.320
  0.354   730070.327
  0.300   730070.334
  0.411   730070.341
  0.399   730070.348
  0.368   730070.355
  0.417   730070.362
  0.435   730070.369
  0.418   730070.376
  0.395   730070.383
  0.402   730070.390
  0.478   730070.397
  0.421   730070.403
  0.464   730070.410
  0.434   730070.417
  0.441   730070.424
  0.429   730070.431
  0.482   730070.438
  0.429   730070.445
  0.478   730070.453
  0.458   730070.459
  0.497   730070.466
  0.479   730070.473
  0.462   730070.480
  0.453   730070.487
  0.492   730070.494
  0.486   730070.501
  0.499   730070.508
  0.519   730070.515
  0.539   730070.522
  0.545   730070.528
    NaN   730070.535
  0.498   730070.542
  0.518   730070.549
  0.512   730070.556
  0.519   730070.563
  0.492   730070.570
  0.483   730070.577
  0.519   730070.584
  0.611   730070.591
  0.508   730070.598
  0.513   730070.605
  0.536   730070.612
  0.512   730070.619
  0.536   730070.626
  0.582   730070.633
  0.535   730070.640
  0.512   730070.647
  0.570   730070.653
  0.580   730070.660
  0.595   730070.667
  0.615   730070.674
  0.543   730070.681
  0.629   730070.688
  0.542   730070.695
  0.602   730070.702
  0.581   730070.709
  0.582   730070.716
  0.629   730070.723
  0.583   730070.730
  0.712   730070.737
  0.627   730070.744
  0.681   730070.751
  0.606   730070.758
  0.659   730070.765
  0.750   730070.772
  0.585   730070.778
  0.671   730070.785
  0.731   730070.792
  0.664   730070.799
  0.652   730070.806
  0.671   730070.815
  0.695   730070.822
  0.694   730070.827
  0.716   730070.835
  0.689   730070.841
  0.726   730070.850
  0.675   730070.856
  0.718   730070.862
  0.756   730070.871
  0.821   730070.878
  0.787   730070.892
  0.848   730070.897
  0.809   730070.903
  0.814   730070.910
  0.725   730070.917
  0.755   730070.924
  0.846   730070.934
  0.819   730070.947
  0.808   730070.952
  0.786   730070.959
  0.806   730070.969
  5.612   730070.983
  0.797   730070.994
