  3.002   730070.010
 12.885   730070.022
  2.393   730070.028
  2.294   730070.035
  2.401   730070.042
  2.711   730070.049
  2.238   730070.058
  2.239   730070.072
  2.225   730070.078
  2.558   730070.084
  2.461   730070.091
  2.197   730070.098
  2.227   730070.105
  1.989   730070.112
  2.299   730070.119
  2.080   730070.126
  2.285   730070.135
  2.298   730070.147
  2.582   730070.153
  2.119   730070.160
  2.231   730070.167
  2.116   730070.174
  2.301   730070.181
  1.762   730070.188
  2.292   730070.195
  3.394   730070.202
  2.196   730070.209
  2.334   730070.216
  2.171   730070.223
  2.118   730070.230
  2.491   730070.237
  2.161   730070.244
  2.419   730070.251
  2.569   730070.258
  2.189   730070.265
  2.221   730070.272
  2.102   730070.278
  3.077   730070.285
  2.086   730070.292
  2.320   730070.299
  2.083   730070.306
  2.109   730070.313
    NaN   730070.320
  2.381   730070.327
  2.278   730070.334
  2.841   730070.341
  2.249   730070.348
  2.447   730070.355
  2.129   730070.362
  2.133   730070.369
  2.320   730070.376
  2.261   730070.383
  2.641   730070.390
  2.226   730070.397
  2.357   730070.403
  2.430   730070.410
  2.627   730070.417
  2.450   730070.424
  2.477   730070.431
  2.305   730070.438
  2.348   730070.445
  2.220   730070.453
  2.542   730070.459
  2.398   730070.466
  2.598   730070.473
  3.132   730070.480
  2.613   730070.487
  2.887   730070.494
  2.461   730070.501
  2.456   730070.508
  2.242   730070.515
  2.366   730070.522
  2.467   730070.528
  2.638   730070.535
  2.476   730070.542
  2.321   730070.549
  2.399   730070.556
  2.349   730070.563
  2.238   730070.570
  2.096   730070.577
  2.267   730070.584
  2.365   730070.591
  2.075   730070.598
  2.336   730070.605
  2.718   730070.612
  2.384   730070.619
  2.559   730070.626
  2.285   730070.633
  2.156   730070.640
  2.393   730070.647
  2.799   730070.653
  2.328   730070.660
  2.359   730070.667
  2.347   730070.674
  2.793   730070.681
  2.287   730070.688
  2.404   730070.695
  2.647   730070.702
  2.683   730070.709
  2.677   730070.716
  2.505   730070.723
  2.616   730070.730
  2.657   730070.737
  2.551   730070.744
  2.400   730070.751
  2.639   730070.758
  2.602   730070.765
  2.527   730070.772
  2.418   730070.778
  2.850   730070.785
  2.683   730070.792
  2.592   730070.799
  2.635   730070.806
  2.911   730070.815
    NaN   730070.822
  2.847   730070.827
  2.779   730070.834
  2.853   730070.841
  2.821   730070.849
  2.773   730070.855
  2.676   730070.862
  2.740   730070.870
  2.710   730070.878
  2.991   730070.891
  3.000   730070.897
  2.581   730070.903
  2.909   730070.910
  2.867   730070.917
  2.848   730070.924
  2.523   730070.933
  2.375   730070.947
  2.296   730070.952
  3.603   730070.959
  2.467   730070.968
 10.837   730070.981
  2.675   730070.994
