  1.177   730070.011
  1.841   730070.022
  1.141   730070.029
  1.360   730070.036
  1.390   730070.043
  1.433   730070.050
  1.529   730070.060
  1.589   730070.074
  1.547   730070.078
  1.474   730070.085
  1.541   730070.092
  1.371   730070.099
  1.684   730070.106
  1.500   730070.113
  1.607   730070.119
  1.489   730070.126
  1.370   730070.136
  1.250   730070.147
  1.495   730070.153
  1.212   730070.161
  1.191   730070.168
  1.456   730070.174
    NaN   730070.182
    NaN   730070.189
  1.178   730070.196
  1.309   730070.203
  1.065   730070.210
  1.300   730070.217
  1.158   730070.224
  1.269   730070.231
  1.215   730070.238
  1.145   730070.244
  1.127   730070.251
  1.232   730070.258
  1.189   730070.265
  1.170   730070.272
  1.246   730070.279
  1.348   730070.286
  1.356   730070.293
  1.147   730070.300
  1.294   730070.307
  1.260   730070.314
  1.465   730070.321
  1.810   730070.328
  1.258   730070.335
  1.187   730070.342
  1.573   730070.349
  1.230   730070.356
  1.206   730070.362
  1.137   730070.369
  1.179   730070.376
  1.132   730070.383
  1.208   730070.390
  1.192   730070.397
  1.109   730070.403
  1.217   730070.411
  1.228   730070.418
  1.139   730070.424
  1.217   730070.432
  1.345   730070.439
  1.247   730070.446
  1.238   730070.453
  1.061   730070.460
  1.222   730070.467
  1.331   730070.474
  1.269   730070.481
  1.217   730070.488
  1.281   730070.494
  1.507   730070.501
  1.367   730070.508
  1.347   730070.515
  1.463   730070.522
  1.580   730070.529
  1.446   730070.536
  1.707   730070.543
  1.576   730070.550
  1.491   730070.557
  1.666   730070.564
  1.390   730070.571
  1.503   730070.578
  1.496   730070.585
  1.456   730070.592
  1.460   730070.599
  1.725   730070.606
  1.534   730070.613
  1.516   730070.619
  1.575   730070.626
  1.537   730070.633
  1.402   730070.640
  1.330   730070.647
  1.314   730070.654
  1.329   730070.661
  1.519   730070.668
  1.440   730070.675
    NaN   730070.682
 31.559   730070.689
  1.538   730070.696
  1.441   730070.703
  1.513   730070.710
  1.604   730070.717
  1.477   730070.724
  1.394   730070.731
  1.381   730070.738
  1.441   730070.744
  1.748   730070.751
  1.444   730070.758
  1.556   730070.765
  1.533   730070.772
  1.444   730070.779
  1.681   730070.786
  1.616   730070.793
  1.452   730070.800
  1.465   730070.807
  1.560   730070.815
  2.708   730070.823
  1.607   730070.828
  1.631   730070.835
  1.525   730070.842
  1.491   730070.850
  1.570   730070.856
  1.472   730070.863
  1.732   730070.872
  1.412   730070.879
  1.509   730070.893
  1.719   730070.897
  1.552   730070.904
  1.473   730070.911
  1.682   730070.918
  1.493   730070.925
  1.613   730070.935
  1.452   730070.947
  1.471   730070.952
  1.260   730070.960
  1.445   730070.969
 28.313   730070.983
  1.251   730070.994
