  0.387   730284.006
  0.443   730284.013
  0.424   730284.020
  0.347   730284.027
  0.480   730284.034
  0.359   730284.041
 43.555   730284.048
  0.433   730284.055
  0.410   730284.062
  0.328   730284.069
  0.431   730284.076
  0.387   730284.083
  0.439   730284.090
  0.471   730284.097
  0.487   730284.104
  0.393   730284.111
  0.515   730284.118
  0.445   730284.125
  0.466   730284.131
  0.421   730284.138
  0.374   730284.145
  0.424   730284.152
  3.692   730284.159
  0.610   730284.166
  0.610   730284.173
  0.512   730284.180
  0.430   730284.187
  0.366   730284.194
  0.485   730284.201
  0.362   730284.208
  1.111   730284.215
  0.609   730284.222
  0.624   730284.229
  1.650   730284.236
  0.595   730284.243
  0.561   730284.250
  0.438   730284.256
  0.527   730284.263
  0.446   730284.270
  0.553   730284.277
  0.566   730284.284
  1.209   730284.291
  0.849   730284.298
  0.469   730284.305
  0.598   730284.312
  0.563   730284.319
  0.639   730284.326
  0.868   730284.333
  0.810   730284.340
  0.524   730284.347
  0.591   730284.354
  0.612   730284.361
  5.543   730284.368
  0.688   730284.375
  0.665   730284.381
  0.616   730284.388
  0.648   730284.395
  0.807   730284.402
  0.816   730284.409
  1.093   730284.416
  1.501   730284.423
  1.113   730284.430
  0.863   730284.437
  1.120   730284.444
  1.099   730284.451
  1.099   730284.458
  0.594   730284.465
  0.828   730284.472
  0.780   730284.479
  0.884   730284.486
  1.029   730284.493
  0.938   730284.500
  0.907   730284.507
  1.403   730284.513
  1.224   730284.520
  1.591   730284.527
  1.140   730284.534
  1.327   730284.541
  1.075   730284.548
  0.939   730284.555
  0.971   730284.562
  1.342   730284.569
  1.616   730284.576
  1.817   730284.583
  1.700   730284.590
  1.702   730284.597
  1.241   730284.604
  1.268   730284.611
  1.192   730284.618
  0.989   730284.625
  0.871   730284.631
  0.922   730284.638
  1.050   730284.645
  1.051   730284.652
  0.892   730284.659
  0.804   730284.666
  1.093   730284.673
  1.228   730284.680
  1.079   730284.687
  1.390   730284.694
  1.124   730284.701
  1.269   730284.708
  1.382   730284.715
  1.014   730284.722
  0.978   730284.729
  1.072   730284.736
  1.526   730284.743
  0.973   730284.750
  0.663   730284.757
  1.082   730284.763
  0.902   730284.770
  1.367   730284.777
  1.599   730284.784
  1.217   730284.791
  1.259   730284.798
  0.830   730284.805
  0.947   730284.812
  1.040   730284.819
  1.114   730284.826
  0.978   730284.833
  0.714   730284.840
  0.859   730284.847
  1.512   730284.854
  1.044   730284.861
  1.530   730284.868
  2.619   730284.875
  2.018   730284.882
  1.810   730284.888
  1.735   730284.895
  1.522   730284.902
  2.119   730284.909
  2.808   730284.916
  2.906   730284.923
  2.118   730284.930
  1.620   730284.937
  1.371   730284.944
  1.577   730284.951
  1.504   730284.958
  1.233   730284.965
  1.887   730284.972
  1.151   730284.979
  1.156   730284.986
  1.258   730284.993
  2.355   730285.000
