  0.438   730284.001
  1.092   730284.007
  1.159   730284.014
  1.121   730284.021
  1.166   730284.028
  1.173   730284.035
  1.286   730284.042
  1.188   730284.049
  1.139   730284.056
  1.045   730284.063
  1.092   730284.070
  1.315   730284.077
  1.287   730284.084
  1.218   730284.091
  1.278   730284.098
  1.194   730284.105
  1.179   730284.112
  1.297   730284.119
  1.228   730284.125
  1.026   730284.132
  1.128   730284.139
  1.164   730284.146
  1.210   730284.153
  1.290   730284.160
  1.284   730284.167
  1.318   730284.174
  1.167   730284.181
  1.200   730284.188
  1.225   730284.195
  1.232   730284.202
  1.197   730284.209
  1.118   730284.216
  1.327   730284.223
  1.156   730284.230
  1.255   730284.237
  1.079   730284.244
  1.206   730284.251
  1.278   730284.257
  1.295   730284.264
  1.527   730284.271
  1.293   730284.278
  1.458   730284.285
  1.536   730284.292
  1.257   730284.299
  1.323   730284.306
  1.369   730284.313
  1.251   730284.320
  1.265   730284.327
  1.371   730284.334
  1.311   730284.341
  1.295   730284.348
  1.190   730284.355
  1.382   730284.362
  1.345   730284.369
  1.359   730284.376
  1.286   730284.382
  1.199   730284.389
  1.271   730284.396
  1.396   730284.403
  1.394   730284.410
  1.469   730284.417
  1.254   730284.424
  1.403   730284.431
  1.305   730284.438
  1.367   730284.445
  1.308   730284.452
  1.190   730284.459
  1.173   730284.466
  1.331   730284.473
  1.313   730284.480
  1.295   730284.487
  1.134   730284.494
  1.438   730284.501
  1.386   730284.507
  1.315   730284.514
  1.888   730284.521
  1.163   730284.528
  1.358   730284.535
  1.047   730284.542
  1.226   730284.549
  1.249   730284.556
  1.181   730284.563
  1.261   730284.570
  1.001   730284.577
  1.269   730284.584
  1.157   730284.591
  1.302   730284.598
  1.211   730284.605
  1.151   730284.612
  1.034   730284.619
  1.114   730284.626
  1.151   730284.632
  1.224   730284.639
  1.085   730284.646
  1.142   730284.653
  0.990   730284.660
  1.102   730284.667
  1.188   730284.674
  1.153   730284.681
  0.915   730284.688
  0.940   730284.695
  1.070   730284.702
  2.182   730284.709
  1.917   730284.716
  1.503   730284.723
  2.019   730284.730
  2.497   730284.737
  2.156   730284.744
  1.550   730284.751
  1.917   730284.758
  2.294   730284.764
  2.079   730284.772
  2.255   730284.778
  1.323   730284.785
  1.341   730284.792
  1.619   730284.799
  1.783   730284.806
  1.861   730284.813
  1.360   730284.820
  1.517   730284.827
  1.327   730284.834
  1.748   730284.841
  2.053   730284.848
  1.466   730284.855
  1.435   730284.862
  1.471   730284.869
  1.030   730284.876
  6.271   730284.883
  1.920   730284.889
  1.283   730284.896
  0.978   730284.903
  1.044   730284.910
  1.038   730284.917
  1.233   730284.924
  0.965   730284.931
  1.030   730284.938
  1.071   730284.945
  1.048   730284.952
  0.891   730284.959
  1.034   730284.966
  1.018   730284.973
  1.092   730284.980
  1.113   730284.987
  1.154   730284.994
