 24.254   730058.003
 25.538   730058.011
 24.478   730058.018
 25.334   730058.031
 24.162   730058.045
 24.943   730058.053
  0.000   730058.059
 25.317   730058.073
 24.937   730058.080
 26.426   730058.087
 27.370   730058.094
 24.830   730058.101
 26.314   730058.108
 26.385   730058.115
 26.090   730058.122
 27.142   730058.128
 25.586   730058.135
 25.456   730058.142
 26.252   730058.149
 26.176   730058.156
 28.511   730058.163
 25.498   730058.170
 23.756   730058.177
 25.245   730058.184
 27.681   730058.191
 27.205   730058.198
 31.851   730058.205
 27.285   730058.212
 28.278   730058.219
 28.268   730058.226
 30.020   730058.233
 26.339   730058.240
 29.961   730058.247
 27.604   730058.253
 27.800   730058.260
 27.924   730058.267
 27.178   730058.274
 28.555   730058.281
 24.432   730058.288
 27.300   730058.295
 27.265   730058.302
 25.324   730058.309
 28.860   730058.316
 26.993   730058.323
 24.209   730058.330
 23.657   730058.337
 25.568   730058.344
 25.145   730058.351
 23.427   730058.358
 24.301   730058.365
 25.947   730058.372
 25.903   730058.378
 25.970   730058.385
 24.078   730058.392
 24.204   730058.399
 22.433   730058.406
 24.699   730058.413
 24.044   730058.420
 22.023   730058.427
 22.831   730058.434
 22.697   730058.441
 22.505   730058.449
 21.161   730058.455
 22.945   730058.462
 21.575   730058.469
 22.194   730058.476
 22.637   730058.483
 21.676   730058.490
 23.864   730058.497
 23.478   730058.503
 24.273   730058.510
 23.618   730058.517
 24.304   730058.524
 23.217   730058.531
 23.709   730058.538
 24.072   730058.545
 24.854   730058.552
 27.108   730058.559
 27.144   730058.566
 28.686   730058.573
 29.971   730058.580
 29.742   730058.587
 34.854   730058.594
 34.120   730058.601
 34.527   730058.608
 34.733   730058.615
 34.283   730058.622
 35.449   730058.628
 35.388   730058.635
 31.846   730058.642
 34.165   730058.649
 34.797   730058.656
 30.882   730058.663
 31.361   730058.670
 30.218   730058.677
 29.861   730058.684
 27.863   730058.705
 28.497   730058.712
 26.219   730058.719
 28.993   730058.733
 25.932   730058.740
 28.249   730058.753
 27.385   730058.760
 25.192   730058.767
 31.037   730058.775
 29.956   730058.781
 27.683   730058.788
 29.716   730058.795
 31.111   730058.802
 30.658   730058.809
 32.095   730058.816
 34.225   730058.824
 30.509   730058.830
 30.714   730058.837
 30.659   730058.844
 28.585   730058.851
 24.289   730058.858
 24.256   730058.872
 22.714   730058.879
 23.527   730058.899
 24.842   730058.906
 23.090   730058.913
 21.601   730058.920
 22.637   730058.927
 20.769   730058.935
 19.788   730058.976
 20.660   730058.983
 22.242   730058.990
 20.931   730058.997
