  0.670   729808.000
  0.740   729808.000
  0.770   729808.010
  0.840   729808.020
  0.800   729808.020
  0.680   729808.030
  0.730   729808.040
  0.740   729808.050
  0.690   729808.050
  0.700   729808.060
  0.650   729808.070
  0.740   729808.070
  0.730   729808.080
  0.770   729808.090
  0.810   729808.090
  0.770   729808.100
  0.800   729808.110
  0.810   729808.110
  0.790   729808.120
  0.790   729808.130
  0.820   729808.140
  0.690   729808.140
  0.790   729808.150
  0.820   729808.160
  0.800   729808.160
  0.740   729808.170
  0.710   729808.180
  0.790   729808.180
  0.790   729808.190
  0.810   729808.200
  0.900   729808.200
  0.970   729808.210
  0.850   729808.220
  0.830   729808.230
  1.070   729808.230
  1.110   729808.240
  1.050   729808.250
  1.220   729808.250
  1.140   729808.260
  1.070   729808.270
  1.030   729808.270
  1.090   729808.280
  1.120   729808.290
  1.110   729808.300
  1.310   729808.300
  1.220   729808.310
  1.190   729808.320
  1.070   729808.320
  1.130   729808.330
  1.050   729808.340
  1.100   729808.350
  1.130   729808.360
  1.080   729808.360
  1.170   729808.370
  1.070   729808.380
  1.080   729808.390
  1.060   729808.390
  1.140   729808.400
  1.120   729808.410
  1.140   729808.410
  1.160   729808.420
  1.180   729808.430
  1.130   729808.430
  0.990   729808.440
  3.330   729808.450
  1.020   729808.450
  0.970   729808.460
  1.040   729808.470
    NaN   729808.480
 13.560   729808.480
  1.090   729808.490
  1.050   729808.500
  0.960   729808.510
  1.030   729808.510
  0.970   729808.520
  1.010   729808.520
  0.960   729808.530
  0.870   729808.540
  0.870   729808.550
  0.890   729808.550
  0.890   729808.560
  0.860   729808.570
  0.830   729808.570
  0.810   729808.580
  0.680   729808.590
  0.740   729808.590
  0.690   729808.600
  0.660   729808.610
  0.690   729808.610
  0.670   729808.620
  0.670   729808.630
  0.660   729808.640
  0.710   729808.640
  0.650   729808.650
  0.620   729808.660
  0.610   729808.660
  0.660   729808.670
  0.610   729808.680
  0.550   729808.680
  0.620   729808.690
  0.550   729808.700
  0.500   729808.700
  0.530   729808.710
  0.500   729808.720
  0.520   729808.730
  0.540   729808.730
  0.550   729808.740
  0.500   729808.750
  0.520   729808.750
  0.490   729808.760
  0.510   729808.770
  0.500   729808.770
  0.450   729808.780
  0.460   729808.790
  0.480   729808.800
  0.460   729808.800
  0.440   729808.810
  0.450   729808.820
  0.450   729808.820
  0.420   729808.830
  0.450   729808.840
  0.460   729808.840
  0.460   729808.850
  0.450   729808.860
  0.430   729808.860
  0.470   729808.870
  0.460   729808.880
  0.420   729808.890
  0.470   729808.890
  0.440   729808.900
  0.420   729808.910
  0.440   729808.910
  0.510   729808.920
  0.500   729808.930
  0.540   729808.930
  0.490   729808.940
  0.480   729808.950
  0.450   729808.950
  0.480   729808.960
  0.470   729808.970
    NaN   729808.980
  6.730   729808.980
  0.540   729808.990
