  0.660   729808.000
  0.550   729808.000
  0.590   729808.010
  0.700   729808.020
  0.670   729808.020
  0.660   729808.030
  0.680   729808.040
  0.750   729808.050
  0.650   729808.050
  0.650   729808.060
  0.680   729808.070
  0.670   729808.070
  0.650   729808.080
  0.670   729808.090
  0.730   729808.090
  0.650   729808.100
  0.690   729808.110
  0.720   729808.110
  0.730   729808.120
  0.760   729808.130
  0.720   729808.140
  0.870   729808.140
  0.730   729808.150
  0.760   729808.160
  0.750   729808.160
  0.730   729808.170
  0.700   729808.180
  0.710   729808.180
  0.710   729808.190
  0.770   729808.200
  0.900   729808.200
  0.860   729808.210
  0.920   729808.220
  0.940   729808.230
  1.030   729808.230
  0.930   729808.240
  0.980   729808.250
  1.060   729808.250
  1.130   729808.260
  1.190   729808.270
  1.060   729808.270
  1.070   729808.280
  1.060   729808.290
  1.020   729808.300
  1.100   729808.300
  1.000   729808.310
  1.070   729808.320
  1.050   729808.320
  1.010   729808.330
  1.030   729808.340
  1.070   729808.350
  0.990   729808.360
  1.000   729808.360
  1.000   729808.370
  1.120   729808.380
  1.090   729808.390
  1.220   729808.390
  1.090   729808.400
  1.220   729808.410
  1.110   729808.410
  1.100   729808.420
  1.000   729808.430
  1.120   729808.430
  1.020   729808.440
  2.330   729808.450
  0.960   729808.450
  0.910   729808.460
    NaN   729808.470
    NaN   729808.480
  0.920   729808.480
  0.940   729808.490
  0.930   729808.500
  0.980   729808.510
  0.860   729808.510
  0.980   729808.520
  0.950   729808.520
  0.860   729808.530
  0.900   729808.540
  0.780   729808.550
  0.830   729808.550
  0.780   729808.560
  0.860   729808.570
  0.740   729808.570
  0.690   729808.580
  0.690   729808.590
  0.600   729808.590
  0.690   729808.600
  0.700   729808.610
  0.670   729808.610
  0.610   729808.620
  0.570   729808.630
  0.600   729808.640
  0.610   729808.640
  0.570   729808.650
  0.560   729808.660
  0.540   729808.660
  0.600   729808.670
  0.540   729808.680
  0.530   729808.680
  0.530   729808.690
  0.500   729808.700
  0.520   729808.700
  0.440   729808.710
  0.430   729808.720
  0.470   729808.730
  0.500   729808.730
  0.450   729808.740
  0.450   729808.750
  0.450   729808.750
  0.450   729808.760
  0.420   729808.770
  0.430   729808.770
  0.450   729808.780
  0.420   729808.790
  0.440   729808.800
  0.420   729808.800
  0.430   729808.810
  0.400   729808.820
  0.360   729808.820
  0.370   729808.830
  0.390   729808.840
  0.410   729808.840
  0.400   729808.850
  0.360   729808.860
  0.370   729808.860
  0.420   729808.870
  0.440   729808.880
  0.390   729808.890
  0.410   729808.890
  0.410   729808.900
  0.400   729808.910
  0.400   729808.910
  0.470   729808.920
  0.440   729808.930
  0.480   729808.930
  0.450   729808.940
  0.450   729808.950
  0.480   729808.950
  0.490   729808.960
    NaN   729808.970
    NaN   729808.980
  0.480   729808.980
  0.490   729808.990
