  1.099   730261.007
  1.250   730261.014
  1.206   730261.021
  0.319   730261.028
  1.510   730261.035
  1.165   730261.042
  1.138   730261.048
  1.219   730261.055
  1.211   730261.062
  1.366   730261.069
  1.269   730261.076
  1.257   730261.083
  1.331   730261.090
  1.392   730261.097
  1.285   730261.104
  1.282   730261.111
  1.358   730261.118
  1.288   730261.125
  1.255   730261.132
  1.341   730261.139
  1.254   730261.146
  1.250   730261.153
  1.173   730261.160
  1.141   730261.167
  1.063   730261.173
  0.884   730261.180
  1.066   730261.187
  1.111   730261.194
  1.137   730261.201
  1.112   730261.208
  1.283   730261.215
  1.265   730261.222
  1.168   730261.229
  1.135   730261.236
  1.374   730261.243
  1.196   730261.250
  1.296   730261.257
  1.075   730261.264
  1.196   730261.271
  1.226   730261.278
  1.025   730261.285
  1.155   730261.292
  1.169   730261.298
  1.144   730261.305
  1.020   730261.312
  0.962   730261.319
    NaN   730261.326
  1.166   730261.333
  1.072   730261.340
  1.062   730261.347
  1.088   730261.354
  1.253   730261.361
  1.139   730261.368
  1.124   730261.376
  1.151   730261.383
  1.114   730261.389
  1.088   730261.399
  1.242   730261.403
  1.147   730261.414
  1.067   730261.424
  1.097   730261.428
  1.205   730261.437
  1.148   730261.441
  1.162   730261.449
  1.165   730261.457
  1.132   730261.463
  1.079   730261.473
  1.100   730261.474
  0.914   730261.482
  0.911   730261.486
  1.036   730261.496
  1.119   730261.505
  1.174   730261.509
  0.991   730261.519
  0.916   730261.524
  1.091   730261.528
  1.125   730261.539
  1.029   730261.543
  1.082   730261.552
  1.116   730261.557
  1.002   730261.562
  1.028   730261.569
  1.009   730261.576
  1.073   730261.583
  1.061   730261.590
  0.978   730261.597
  0.985   730261.604
  0.992   730261.611
  0.971   730261.618
  1.143   730261.625
  1.050   730261.632
  1.136   730261.639
  1.047   730261.646
  1.012   730261.653
  1.072   730261.660
  1.154   730261.667
  0.997   730261.673
  1.022   730261.680
  1.065   730261.687
  0.977   730261.694
  0.966   730261.701
  1.055   730261.708
  0.901   730261.715
  0.989   730261.722
  1.033   730261.729
  0.971   730261.736
  1.076   730261.743
  1.086   730261.750
  0.947   730261.757
  1.150   730261.764
  1.195   730261.771
  1.065   730261.778
  1.189   730261.785
  1.078   730261.792
 72.240   730261.799
  1.152   730261.805
  0.944   730261.813
  1.017   730261.819
    NaN   730261.826
  0.904   730261.833
  0.914   730261.840
  0.905   730261.847
  1.005   730261.854
  0.903   730261.861
  0.877   730261.868
  0.846   730261.875
  0.869   730261.882
  0.887   730261.889
  0.983   730261.896
  0.891   730261.903
  0.754   730261.910
  0.835   730261.917
 29.504   730261.924
  0.872   730261.930
  0.764   730261.937
  0.829   730261.944
  0.910   730261.951
  0.899   730261.958
  0.959   730261.965
  0.826   730261.972
  0.823   730261.979
  0.548   730261.986
  0.929   730261.993
