  1.029   730261.001
  3.346   730261.007
  3.385   730261.014
  3.409   730261.021
  1.941   730261.028
  3.534   730261.035
  3.177   730261.042
  3.055   730261.049
  3.186   730261.056
  3.146   730261.063
  3.013   730261.070
  3.398   730261.077
  3.295   730261.084
  3.464   730261.091
  3.222   730261.098
  2.806   730261.105
  3.147   730261.112
  3.139   730261.118
  3.285   730261.125
  2.773   730261.132
  2.937   730261.139
  2.926   730261.146
  3.071   730261.153
  2.874   730261.160
  3.082   730261.167
  2.874   730261.174
  2.944   730261.181
  2.930   730261.188
  2.956   730261.195
 71.799   730261.202
  3.465   730261.209
  3.287   730261.216
  2.875   730261.223
  2.871   730261.229
  2.476   730261.237
  2.828   730261.243
  2.729   730261.250
  2.954   730261.257
  3.127   730261.264
  2.683   730261.271
  2.660   730261.278
  2.957   730261.285
  2.845   730261.292
  2.358   730261.299
  2.842   730261.306
  2.492   730261.313
  2.321   730261.320
  2.195   730261.327
  2.510   730261.334
  1.962   730261.341
  2.309   730261.348
  2.276   730261.355
  2.383   730261.362
  2.395   730261.372
  2.194   730261.379
  2.420   730261.384
  2.341   730261.393
  2.544   730261.402
  2.236   730261.407
  2.355   730261.415
  2.221   730261.428
  2.338   730261.431
  1.922   730261.441
  2.000   730261.445
  2.057   730261.450
  2.187   730261.460
  1.935   730261.473
  2.026   730261.475
  2.044   730261.476
  2.015   730261.483
  1.949   730261.489
  1.665   730261.499
  2.060   730261.505
  1.996   730261.510
  2.081   730261.520
  1.700   730261.527
  2.001   730261.530
  1.774   730261.542
  1.769   730261.546
  1.952   730261.553
  1.825   730261.560
  1.999   730261.563
  1.876   730261.570
  1.873   730261.577
  1.592   730261.584
  1.466   730261.591
  1.766   730261.598
  1.638   730261.605
  1.597   730261.612
  1.553   730261.619
  1.592   730261.625
  1.617   730261.632
  1.779   730261.639
  1.708   730261.646
  1.576   730261.653
  1.487   730261.660
  1.314   730261.667
  1.629   730261.674
  1.656   730261.681
  1.467   730261.688
  1.600   730261.695
 96.652   730261.702
  1.373   730261.709
  1.406   730261.716
  1.551   730261.723
  1.778   730261.730
  1.894   730261.737
  1.722   730261.744
  2.002   730261.751
  1.760   730261.757
  2.040   730261.764
  1.776   730261.771
  1.940   730261.778
  2.021   730261.785
  1.813   730261.792
  2.995   730261.799
  1.773   730261.806
  1.765   730261.813
  1.712   730261.820
  1.676   730261.827
  1.402   730261.834
  1.808   730261.841
  1.929   730261.848
  1.661   730261.855
  1.607   730261.862
  2.051   730261.869
  1.692   730261.876
  1.687   730261.882
  1.760   730261.889
  1.786   730261.896
  2.012   730261.903
  1.720   730261.910
  1.892   730261.917
  1.856   730261.924
  1.758   730261.931
  1.853   730261.938
  1.490   730261.945
  1.722   730261.952
  1.742   730261.959
  1.507   730261.966
  1.518   730261.973
  1.637   730261.980
  1.234   730261.987
  1.844   730261.994
