  2.869   730404.007
 14.544   730404.007
 14.716   730404.014
 16.488   730404.021
 16.806   730404.028
 15.266   730404.034
 14.962   730404.041
 17.203   730404.048
 16.230   730404.055
 13.603   730404.062
 16.576   730404.069
 15.023   730404.076
 15.306   730404.083
 15.400   730404.090
 16.177   730404.097
 15.419   730404.104
 14.512   730404.111
 16.097   730404.118
 15.978   730404.125
 14.004   730404.132
 15.450   730404.139
 14.960   730404.146
 14.281   730404.153
 14.613   730404.159
 14.221   730404.166
 14.483   730404.173
 15.697   730404.180
 16.366   730404.187
 15.858   730404.194
 16.792   730404.201
 17.280   730404.208
 17.764   730404.215
 19.894   730404.222
 19.328   730404.229
 19.520   730404.236
 21.858   730404.243
 19.559   730404.250
 21.145   730404.257
 20.429   730404.264
 20.256   730404.271
 20.988   730404.278
 21.249   730404.284
 17.504   730404.291
 19.755   730404.298
 19.061   730404.305
 17.546   730404.312
 16.008   730404.319
 15.305   730404.326
 15.655   730404.333
 17.700   730404.340
 14.709   730404.347
 16.567   730404.354
 15.142   730404.361
 15.064   730404.368
 14.586   730404.375
 16.692   730404.382
 14.876   730404.389
 16.088   730404.396
 14.942   730404.403
 13.936   730404.409
 15.671   730404.416
 15.513   730404.423
 17.194   730404.430
 14.940   730404.437
 14.052   730404.444
 16.542   730404.451
 16.116   730404.458
 16.018   730404.465
 16.885   730404.472
 17.204   730404.479
 17.002   730404.486
 21.580   730404.493
 19.419   730404.500
 17.815   730404.507
 16.729   730404.514
 17.672   730404.521
 17.864   730404.528
 17.934   730404.534
 16.980   730404.541
 16.421   730404.548
 16.263   730404.555
 21.561   730404.562
 20.219   730404.569
 19.936   730404.576
 18.725   730404.583
 19.764   730404.590
 23.665   730404.597
 19.846   730404.604
 21.412   730404.611
 20.717   730404.618
 20.388   730404.625
 20.344   730404.632
 20.840   730404.639
 18.842   730404.646
 19.748   730404.653
 24.725   730404.659
 18.935   730404.666
 18.845   730404.673
 19.892   730404.680
 19.866   730404.687
 19.133   730404.694
 19.128   730404.701
 17.157   730404.708
 19.976   730404.715
 18.628   730404.722
 17.611   730404.729
 17.222   730404.736
 18.382   730404.743
 17.577   730404.750
 16.762   730404.757
 18.254   730404.764
 17.009   730404.771
 16.101   730404.778
 16.204   730404.784
 16.225   730404.791
 17.616   730404.798
 16.422   730404.805
 16.289   730404.812
 16.713   730404.819
 17.882   730404.826
 16.709   730404.833
 15.125   730404.840
 15.393   730404.847
 14.209   730404.854
 16.726   730404.861
 16.667   730404.868
 17.543   730404.875
 16.077   730404.882
 15.861   730404.889
 16.162   730404.896
 17.834   730404.903
 16.126   730404.909
 17.028   730404.917
 17.442   730404.923
 17.785   730404.930
 15.666   730404.937
 19.744   730404.937
 17.807   730404.944
 18.195   730404.951
 16.978   730404.958
 17.324   730404.965
 17.696   730404.972
 17.331   730404.979
 18.869   730404.986
 19.118   730404.993
 17.961   730405.000
