  0.110   730404.000
  0.114   730404.007
  0.104   730404.014
  0.096   730404.021
  0.098   730404.028
  0.114   730404.035
  0.105   730404.042
  0.110   730404.049
  0.105   730404.055
  0.098   730404.062
  0.095   730404.070
  0.096   730404.076
  0.104   730404.083
  0.113   730404.090
  0.089   730404.097
  0.087   730404.104
  0.092   730404.111
  0.102   730404.118
  0.084   730404.125
  0.090   730404.132
  0.094   730404.139
  0.099   730404.146
  0.093   730404.153
  0.084   730404.160
  0.578   730404.167
  0.105   730404.174
  0.095   730404.181
  0.092   730404.187
  0.102   730404.195
  0.101   730404.201
  0.094   730404.208
  0.100   730404.215
  0.096   730404.222
  0.089   730404.229
  0.111   730404.236
  0.109   730404.243
  0.103   730404.250
  0.096   730404.257
  0.106   730404.264
  0.102   730404.271
  0.103   730404.278
  0.095   730404.285
  0.100   730404.292
  0.098   730404.299
  0.112   730404.306
  0.118   730404.312
  0.107   730404.320
  0.104   730404.326
  0.105   730404.333
  0.095   730404.340
  0.848   730404.347
  0.114   730404.354
  0.102   730404.361
  0.099   730404.368
  0.112   730404.375
  0.112   730404.382
  0.115   730404.389
  0.118   730404.396
  0.111   730404.403
  0.110   730404.410
  0.113   730404.417
  0.095   730404.424
  0.114   730404.431
  0.111   730404.437
  0.116   730404.445
  0.114   730404.451
  0.132   730404.458
  0.110   730404.465
  0.110   730404.472
  0.126   730404.479
  0.118   730404.486
  0.122   730404.493
  0.116   730404.500
  0.127   730404.507
  0.121   730404.514
  0.143   730404.521
  0.120   730404.528
  0.120   730404.535
  0.138   730404.542
  0.116   730404.549
  0.121   730404.556
  0.122   730404.562
  0.116   730404.570
  0.133   730404.576
  0.145   730404.583
  0.174   730404.590
  0.152   730404.597
  0.126   730404.604
  0.134   730404.611
  0.125   730404.618
  0.120   730404.625
  0.130   730404.632
  0.122   730404.639
  0.119   730404.646
  0.126   730404.653
  0.128   730404.660
  0.110   730404.667
  0.119   730404.674
  0.320   730404.681
  0.177   730404.687
  0.147   730404.695
  0.127   730404.701
  0.133   730404.708
  0.143   730404.715
  0.140   730404.722
  0.166   730404.729
  0.131   730404.736
  0.128   730404.743
  0.128   730404.750
  0.123   730404.757
  0.145   730404.764
  0.203   730404.771
  0.131   730404.778
  0.143   730404.785
  0.142   730404.792
  0.135   730404.799
  0.129   730404.806
  0.140   730404.813
  0.131   730404.820
  0.131   730404.826
  0.136   730404.833
  0.136   730404.840
  0.871   730404.847
  0.134   730404.854
  0.120   730404.861
  0.155   730404.868
  0.155   730404.875
  0.146   730404.882
  0.175   730404.889
  0.150   730404.896
  0.142   730404.903
  0.150   730404.910
  0.143   730404.917
  0.151   730404.924
  0.146   730404.931
  0.121   730404.937
  0.164   730404.937
  0.132   730404.945
  0.156   730404.951
  0.155   730404.958
  0.169   730404.965
  0.142   730404.972
  0.182   730404.979
  0.152   730404.986
  0.173   730404.993
  0.139   730405.000
