  0.162   730404.000
  0.142   730404.007
  0.152   730404.014
  0.125   730404.021
  0.146   730404.028
  0.144   730404.035
  0.132   730404.042
  0.155   730404.049
  0.145   730404.055
  0.136   730404.062
  0.170   730404.070
  0.144   730404.076
  0.157   730404.083
  0.146   730404.090
  0.149   730404.097
  0.143   730404.104
  0.113   730404.111
  0.140   730404.118
  0.146   730404.125
  0.154   730404.132
  0.145   730404.139
  0.101   730404.146
  0.089   730404.153
  0.099   730404.160
  0.102   730404.167
  0.114   730404.174
  0.170   730404.181
  0.150   730404.187
  0.151   730404.195
  0.157   730404.201
  0.160   730404.208
  0.194   730404.215
  0.136   730404.222
  0.174   730404.229
  0.162   730404.236
  0.152   730404.243
  0.154   730404.250
  0.171   730404.257
  0.150   730404.264
  0.146   730404.271
  0.160   730404.278
  0.143   730404.285
  0.158   730404.292
  0.130   730404.299
  0.107   730404.306
  0.101   730404.312
  0.117   730404.320
  0.114   730404.326
  0.131   730404.333
  0.145   730404.340
  0.142   730404.347
  0.153   730404.354
  0.166   730404.361
  0.143   730404.368
  0.135   730404.375
  0.127   730404.382
  0.105   730404.389
  0.139   730404.396
  0.106   730404.403
  0.109   730404.410
  0.128   730404.417
  0.106   730404.424
  0.114   730404.431
  0.107   730404.437
  0.097   730404.445
  0.094   730404.451
  0.119   730404.458
  0.122   730404.465
  0.106   730404.472
  0.114   730404.479
  0.159   730404.486
  0.127   730404.493
  0.130   730404.500
  0.111   730404.507
  0.118   730404.514
  0.105   730404.521
  0.123   730404.528
  0.123   730404.535
  0.128   730404.542
  0.125   730404.549
  0.132   730404.556
  0.116   730404.562
  0.104   730404.570
  0.097   730404.576
  0.096   730404.583
  0.112   730404.590
  0.100   730404.597
  0.098   730404.604
  0.117   730404.611
  0.101   730404.618
  0.120   730404.625
  0.129   730404.632
  0.111   730404.639
  0.123   730404.646
  0.137   730404.653
  0.125   730404.660
  0.140   730404.667
  0.143   730404.674
  0.115   730404.681
  0.107   730404.687
  0.116   730404.695
  0.129   730404.701
  0.117   730404.708
  0.113   730404.715
  0.122   730404.722
  0.126   730404.729
  0.127   730404.736
  0.119   730404.743
  0.124   730404.750
  0.140   730404.757
  0.099   730404.764
  0.105   730404.771
  0.113   730404.778
  0.113   730404.785
  0.107   730404.792
  0.116   730404.799
  0.110   730404.806
  0.088   730404.813
  0.098   730404.820
  0.099   730404.826
  0.115   730404.833
  0.136   730404.840
  0.124   730404.847
  0.108   730404.854
  0.127   730404.861
  0.121   730404.868
  0.136   730404.875
  0.127   730404.882
  0.114   730404.889
  0.129   730404.896
  0.149   730404.903
  0.131   730404.910
  0.121   730404.917
  0.115   730404.924
  0.124   730404.931
  0.097   730404.937
  0.086   730404.937
  0.135   730404.945
  8.752   730404.951
  0.115   730404.958
  0.128   730404.965
  0.138   730404.972
  0.121   730404.979
  0.104   730404.986
  0.112   730404.993
  0.129   730405.000
