  0.580   730404.002
  0.293   730404.002
  0.504   730404.008
  0.521   730404.015
  0.513   730404.022
  0.461   730404.030
  0.533   730404.036
  0.454   730404.043
  0.519   730404.050
  0.514   730404.056
  0.494   730404.064
  0.574   730404.071
  0.484   730404.078
  0.538   730404.085
  0.513   730404.092
  0.512   730404.098
  0.490   730404.105
  0.550   730404.113
  0.474   730404.119
  0.599   730404.126
  0.556   730404.133
  0.548   730404.140
  0.542   730404.147
  0.508   730404.155
  0.520   730404.161
  0.502   730404.168
  0.528   730404.175
  0.524   730404.182
  0.530   730404.189
  0.478   730404.196
  0.511   730404.203
  0.465   730404.210
  0.482   730404.217
  0.541   730404.223
  0.502   730404.230
  0.520   730404.238
  0.562   730404.244
  0.596   730404.251
  0.488   730404.258
  0.590   730404.265
  0.510   730404.272
  0.533   730404.280
  0.550   730404.286
  0.580   730404.293
  0.600   730404.300
  0.586   730404.307
  0.450   730404.314
  0.546   730404.321
  0.596   730404.328
  0.542   730404.335
  0.524   730404.342
  0.535   730404.349
  0.541   730404.356
  0.672   730404.363
  0.611   730404.369
  0.574   730404.376
  0.630   730404.383
  0.639   730404.390
  0.585   730404.397
  0.581   730404.405
  0.651   730404.411
  0.679   730404.418
  0.669   730404.425
  0.667   730404.432
  0.617   730404.439
  0.651   730404.446
  0.643   730404.453
  0.668   730404.460
  0.658   730404.467
  0.698   730404.473
  0.658   730404.480
  0.649   730404.488
  0.718   730404.494
  0.691   730404.501
  0.628   730404.508
  0.696   730404.515
  0.584   730404.522
  0.622   730404.530
  0.691   730404.536
  0.747   730404.543
  0.753   730404.550
  0.744   730404.557
  0.829   730404.564
  0.784   730404.571
  0.698   730404.578
  0.707   730404.585
  0.695   730404.592
  0.705   730404.598
  0.766   730404.605
  0.781   730404.613
  0.749   730404.619
  0.830   730404.626
  0.786   730404.633
  0.747   730404.640
  0.918   730404.647
  0.831   730404.655
  0.852   730404.661
  0.896   730404.668
  0.791   730404.675
  0.871   730404.682
  0.783   730404.689
  0.742   730404.697
  0.852   730404.703
  0.703   730404.710
  1.469   730404.717
  0.908   730404.723
  0.893   730404.731
  0.813   730404.738
  0.916   730404.744
  0.844   730404.751
  0.842   730404.758
  0.912   730404.767
  0.869   730404.772
  0.834   730404.780
  0.867   730404.786
  0.819   730404.793
  0.814   730404.800
  0.796   730404.807
  0.855   730404.814
  0.859   730404.821
  0.754   730404.828
  0.801   730404.835
  0.864   730404.842
  0.836   730404.848
  0.893   730404.855
  0.787   730404.863
  4.900   730404.869
  1.812   730404.876
  0.805   730404.883
  0.837   730404.890
  0.854   730404.897
  0.957   730404.905
  0.934   730404.911
  0.871   730404.918
  0.845   730404.925
  0.910   730404.934
  0.386   730404.938
  0.858   730404.938
  0.867   730404.946
  0.827   730404.953
  0.872   730404.960
  0.848   730404.967
  0.844   730404.974
  0.994   730404.981
  0.922   730404.988
  0.860   730404.994
