  0.125   730404.001
  0.044   730404.001
  0.120   730404.008
  0.122   730404.014
  0.131   730404.021
  0.133   730404.029
  0.149   730404.035
  0.159   730404.042
  0.146   730404.049
  0.142   730404.056
  0.140   730404.063
  0.140   730404.070
  0.141   730404.077
  0.135   730404.084
  0.149   730404.091
  0.157   730404.098
  0.141   730404.105
  0.152   730404.112
  0.150   730404.118
  0.167   730404.125
  0.143   730404.132
  0.144   730404.139
  0.156   730404.146
  0.151   730404.154
  0.173   730404.160
  0.148   730404.167
  0.161   730404.174
  0.164   730404.181
  0.162   730404.188
  0.160   730404.195
  0.149   730404.202
  0.164   730404.209
  0.179   730404.216
  0.162   730404.223
  0.148   730404.230
  0.144   730404.237
  0.149   730404.243
  0.153   730404.250
  0.180   730404.257
  0.170   730404.264
  0.174   730404.271
  0.181   730404.279
  0.168   730404.285
  0.165   730404.292
  0.162   730404.299
  0.198   730404.306
  0.185   730404.313
  0.162   730404.320
  0.171   730404.327
  0.172   730404.334
  0.182   730404.341
  0.175   730404.348
  0.176   730404.355
  0.164   730404.362
  0.157   730404.368
  0.191   730404.375
  0.180   730404.382
  0.161   730404.389
  0.178   730404.396
  0.178   730404.404
  0.199   730404.410
  0.159   730404.417
  0.186   730404.424
  0.197   730404.431
  0.188   730404.438
  0.194   730404.445
  0.195   730404.452
  0.199   730404.459
  0.184   730404.466
  0.198   730404.473
  0.198   730404.480
  2.310   730404.487
  0.189   730404.493
  0.209   730404.500
  0.201   730404.507
  0.208   730404.514
  0.217   730404.521
  0.186   730404.529
  0.213   730404.535
  0.203   730404.542
  0.197   730404.549
  0.203   730404.556
  0.222   730404.563
  0.210   730404.570
  0.196   730404.577
  0.214   730404.584
  0.208   730404.591
  0.213   730404.598
  0.197   730404.605
  0.201   730404.612
  0.234   730404.618
  0.201   730404.625
  0.215   730404.632
  0.190   730404.639
  0.208   730404.646
  0.216   730404.654
  0.195   730404.660
  0.186   730404.667
  0.202   730404.674
  0.183   730404.681
  0.194   730404.688
  0.217   730404.695
  0.217   730404.702
  0.205   730404.709
  0.239   730404.716
  0.199   730404.723
  0.228   730404.730
  0.217   730404.737
  0.220   730404.743
  0.206   730404.750
  0.218   730404.757
  0.206   730404.765
  0.225   730404.771
  0.213   730404.779
  0.214   730404.785
  0.220   730404.792
  0.235   730404.799
  0.241   730404.806
  0.221   730404.813
  0.206   730404.820
  0.247   730404.827
  0.219   730404.834
  0.240   730404.841
  0.241   730404.848
  0.223   730404.855
  0.256   730404.862
  0.264   730404.868
  0.261   730404.875
  0.245   730404.882
  0.261   730404.889
  0.275   730404.896
  0.255   730404.904
  0.256   730404.910
  0.240   730404.917
  0.237   730404.924
  0.276   730404.931
  0.151   730404.938
  0.275   730404.938
  0.264   730404.945
  0.259   730404.952
  0.239   730404.959
  0.231   730404.966
  0.215   730404.973
  0.264   730404.980
  2.719   730404.987
  0.241   730404.993
