 28.404   730334.001
 12.529   730334.001
 24.928   730334.007
 25.044   730334.014
 25.721   730334.021
 27.143   730334.028
 25.620   730334.035
 22.860   730334.042
 24.213   730334.049
 23.827   730334.055
 25.041   730334.063
 22.797   730334.070
 23.429   730334.076
 23.605   730334.083
 24.689   730334.091
 23.434   730334.097
 23.725   730334.104
 25.545   730334.111
 21.418   730334.118
 22.375   730334.125
 21.944   730334.132
 21.196   730334.139
 22.411   730334.146
 23.074   730334.153
 23.003   730334.160
 24.770   730334.167
 24.923   730334.174
 27.041   730334.181
 21.710   730334.188
 22.247   730334.195
 23.863   730334.202
 21.967   730334.208
 20.780   730334.216
 22.020   730334.222
 21.098   730334.229
 21.537   730334.236
 21.520   730334.243
 22.248   730334.250
 19.420   730334.257
 23.507   730334.264
 23.422   730334.271
 23.157   730334.278
 21.572   730334.285
 23.196   730334.292
 22.728   730334.299
 21.352   730334.306
 23.601   730334.313
 22.820   730334.320
 25.031   730334.327
 26.938   730334.333
 23.765   730334.340
 26.418   730334.347
 26.447   730334.354
 27.798   730334.361
 26.633   730334.368
 27.361   730334.375
 28.237   730334.382
 23.699   730334.389
 26.377   730334.396
 27.636   730334.403
 26.796   730334.410
 29.368   730334.417
 31.662   730334.424
 24.187   730334.431
 26.705   730334.438
 26.071   730334.445
 24.314   730334.452
 20.853   730334.459
 19.879   730334.465
 22.209   730334.472
 21.991   730334.479
 20.072   730334.486
 21.987   730334.493
 21.069   730334.500
 19.794   730334.507
 20.647   730334.514
 19.939   730334.521
 20.136   730334.528
 19.144   730334.535
 19.619   730334.542
 19.192   730334.549
 21.413   730334.556
 19.020   730334.563
 22.487   730334.570
 19.655   730334.577
 19.264   730334.584
 20.742   730334.590
 18.597   730334.597
 18.925   730334.604
 17.949   730334.611
 19.851   730334.618
 17.024   730334.625
 18.099   730334.632
 17.320   730334.639
 15.902   730334.646
 17.151   730334.653
 16.334   730334.660
 16.105   730334.667
 16.320   730334.674
 15.601   730334.681
 14.990   730334.688
 17.183   730334.695
 16.436   730334.702
 15.756   730334.709
 17.512   730334.715
 16.568   730334.722
 15.391   730334.729
 14.648   730334.736
 16.742   730334.743
 15.272   730334.750
 14.732   730334.757
 15.924   730334.764
 14.422   730334.771
 15.072   730334.778
 16.696   730334.785
    NaN   730334.792
 16.702   730334.799
 14.693   730334.806
 12.582   730334.813
 12.668   730334.820
 12.846   730334.834
 11.768   730334.840
  9.872   730334.847
  9.420   730334.854
  9.088   730334.861
  9.299   730334.868
  8.053   730334.876
  7.987   730334.882
  7.440   730334.889
  8.670   730334.896
  8.332   730334.903
  9.164   730334.910
 10.038   730334.917
 13.546   730334.924
 15.742   730334.931
 19.970   730334.938
 18.176   730334.945
 18.220   730334.952
 19.252   730334.959
 19.489   730334.965
 19.737   730334.972
 19.596   730334.979
 19.531   730334.986
 18.337   730334.993
