  0.000   730334.003
  0.200   730334.003
  0.180   730334.003
  0.000   730334.008
  0.000   730334.015
  0.000   730334.022
  0.000   730334.029
  0.000   730334.036
  0.000   730334.043
  0.000   730334.050
  1.731   730334.056
  0.000   730334.064
  0.000   730334.071
  0.000   730334.078
  0.000   730334.085
  0.000   730334.092
  0.000   730334.098
  0.000   730334.105
  0.000   730334.112
  0.000   730334.119
  0.000   730334.126
  0.000   730334.133
  0.000   730334.140
  0.000   730334.147
  0.000   730334.154
  0.000   730334.161
  0.000   730334.168
  0.000   730334.175
  0.000   730334.182
  0.000   730334.189
  0.000   730334.196
  0.000   730334.203
  0.000   730334.210
  0.000   730334.217
  0.000   730334.224
  0.000   730334.230
  0.000   730334.237
  0.000   730334.244
  0.000   730334.251
  0.000   730334.258
  0.000   730334.265
  0.000   730334.272
  0.000   730334.279
  0.000   730334.286
  0.000   730334.293
  0.000   730334.300
  0.000   730334.307
  0.000   730334.314
  0.000   730334.321
  0.000   730334.328
  0.000   730334.335
  0.000   730334.342
  0.000   730334.349
  0.000   730334.356
  0.000   730334.363
  0.000   730334.369
  0.000   730334.376
  0.000   730334.383
  0.000   730334.390
  0.000   730334.397
  0.000   730334.404
  0.000   730334.411
  0.000   730334.418
  0.000   730334.425
  0.000   730334.432
  0.000   730334.439
  0.000   730334.446
  0.000   730334.453
  0.000   730334.460
  0.000   730334.467
  0.000   730334.474
  0.000   730334.480
  0.000   730334.488
  0.000   730334.494
  0.000   730334.501
  0.000   730334.508
  0.000   730334.515
  0.000   730334.522
  0.000   730334.529
  0.000   730334.536
  0.000   730334.543
  0.000   730334.550
  0.000   730334.557
  0.000   730334.564
  0.000   730334.571
  0.000   730334.578
  0.000   730334.585
  0.000   730334.592
  0.000   730334.599
  0.000   730334.606
  0.000   730334.612
  0.000   730334.619
  0.000   730334.626
  0.000   730334.633
  0.000   730334.640
  0.000   730334.647
  0.000   730334.654
  0.000   730334.661
  0.000   730334.668
  0.000   730334.675
  0.000   730334.682
  0.000   730334.689
  0.000   730334.696
  0.000   730334.703
  0.000   730334.710
  0.000   730334.717
  1.845   730334.724
  0.000   730334.731
  0.000   730334.737
  0.000   730334.745
  0.000   730334.752
  0.000   730334.759
  0.000   730334.766
  0.000   730334.773
  0.000   730334.779
  0.000   730334.786
  0.000   730334.793
  0.000   730334.800
  0.000   730334.807
  0.000   730334.814
  0.668   730334.822
  0.000   730334.835
  0.000   730334.842
  0.000   730334.849
  0.000   730334.856
  0.000   730334.862
  0.000   730334.869
  0.000   730334.877
  0.000   730334.883
  0.000   730334.890
  0.000   730334.897
  0.000   730334.904
  0.000   730334.911
  0.000   730334.918
  0.000   730334.925
  0.000   730334.932
  0.000   730334.939
  0.000   730334.946
  0.000   730334.953
  0.000   730334.960
  0.000   730334.967
  0.000   730334.974
  0.000   730334.980
  0.000   730334.988
  0.000   730334.994
