  0.148   730334.002
  0.007   730334.002
  0.077   730334.002
  0.108   730334.008
  0.129   730334.014
  0.134   730334.021
  0.143   730334.028
  0.150   730334.035
  0.143   730334.042
  0.184   730334.049
  0.137   730334.056
  0.157   730334.063
  0.135   730334.070
  0.144   730334.077
  0.156   730334.084
  0.149   730334.091
  0.136   730334.098
  0.150   730334.105
  0.147   730334.111
  0.156   730334.118
  0.174   730334.125
  0.156   730334.132
  0.164   730334.139
  0.165   730334.146
  0.168   730334.153
  0.141   730334.160
  0.168   730334.167
  0.148   730334.174
  0.150   730334.181
  0.166   730334.188
  0.175   730334.195
  0.162   730334.202
  0.159   730334.209
  0.163   730334.216
  0.139   730334.223
  0.144   730334.229
  0.139   730334.236
  0.131   730334.244
  0.142   730334.250
  0.146   730334.257
  0.115   730334.264
  0.138   730334.271
  0.129   730334.278
  0.124   730334.285
  0.138   730334.292
  0.138   730334.299
  0.115   730334.306
  0.162   730334.313
  0.136   730334.320
  5.843   730334.327
  0.123   730334.334
  0.131   730334.341
  0.115   730334.348
  0.124   730334.355
  0.118   730334.362
  0.121   730334.369
  0.140   730334.375
  0.133   730334.382
  0.131   730334.389
  0.131   730334.396
  0.138   730334.403
  0.156   730334.410
  0.191   730334.417
  0.131   730334.424
  0.127   730334.431
  0.121   730334.438
  0.107   730334.445
  0.123   730334.452
  0.126   730334.459
  0.142   730334.466
  0.129   730334.473
  0.153   730334.480
  0.121   730334.487
  0.133   730334.493
  0.114   730334.500
  0.129   730334.507
  0.127   730334.514
  0.131   730334.521
  0.111   730334.528
  0.113   730334.535
  0.134   730334.542
  0.105   730334.549
  0.152   730334.556
  0.101   730334.563
  0.129   730334.570
  0.118   730334.577
  0.110   730334.584
  0.128   730334.591
  0.110   730334.598
  0.116   730334.605
  0.104   730334.612
  0.211   730334.618
  0.114   730334.625
  0.119   730334.632
  0.109   730334.639
  0.104   730334.646
  0.122   730334.653
  0.109   730334.660
  0.102   730334.667
  0.122   730334.674
  0.101   730334.681
  0.106   730334.688
  0.123   730334.695
  0.084   730334.702
  0.103   730334.709
  0.093   730334.716
  0.089   730334.723
  0.102   730334.730
  0.104   730334.736
  0.087   730334.744
  0.102   730334.751
  0.111   730334.758
  0.222   730334.765
  0.107   730334.772
  0.090   730334.778
  0.103   730334.785
  0.079   730334.792
  0.069   730334.799
  0.061   730334.806
  0.073   730334.813
  0.155   730334.820
  0.078   730334.834
  0.072   730334.841
  0.077   730334.848
  0.085   730334.855
  0.086   730334.861
  0.085   730334.868
  0.084   730334.876
  0.089   730334.882
  0.067   730334.889
  0.082   730334.896
  0.079   730334.903
  0.089   730334.910
  0.087   730334.917
  0.088   730334.924
  0.091   730334.931
  0.093   730334.938
  0.093   730334.945
  0.095   730334.952
  0.091   730334.959
  0.098   730334.966
  0.096   730334.973
  0.091   730334.980
  0.098   730334.987
  0.090   730334.994
