  0.300   730011.000
  0.310   730011.000
  0.290   730011.010
  0.300   730011.020
  0.290   730011.020
  0.310   730011.030
  0.300   730011.040
  0.310   730011.050
  0.300   730011.050
  0.290   730011.060
  0.300   730011.070
  0.270   730011.070
  0.280   730011.080
  0.280   730011.090
  0.300   730011.090
  0.290   730011.100
  0.310   730011.110
  0.280   730011.110
  0.300   730011.120
  0.300   730011.130
  0.320   730011.140
  0.300   730011.140
  0.340   730011.150
  0.350   730011.160
  0.330   730011.160
  0.330   730011.170
  0.360   730011.180
  0.360   730011.180
  0.350   730011.190
  0.360   730011.200
  0.380   730011.200
  0.390   730011.210
  0.400   730011.220
  0.410   730011.230
  0.430   730011.230
  0.480   730011.240
  0.430   730011.250
  0.410   730011.250
  0.420   730011.260
  0.390   730011.270
  0.370   730011.270
  0.370   730011.280
  0.400   730011.290
  0.380   730011.300
  0.360   730011.300
  0.380   730011.310
  0.390   730011.320
  0.380   730011.320
  0.350   730011.330
  0.370   730011.340
  0.350   730011.340
  0.350   730011.350
  0.320   730011.360
  0.310   730011.360
  0.320   730011.370
  0.300   730011.380
  0.320   730011.390
  0.360   730011.390
  0.350   730011.400
  0.300   730011.410
  0.310   730011.410
  0.310   730011.420
  0.290   730011.430
  0.320   730011.430
  0.280   730011.440
  0.310   730011.450
  0.300   730011.450
  0.320   730011.460
  0.370   730011.470
  0.300   730011.480
  0.300   730011.480
  0.260   730011.490
  0.280   730011.500
  0.260   730011.500
  0.260   730011.510
  0.300   730011.520
  0.250   730011.520
  0.250   730011.530
  0.260   730011.540
  0.250   730011.550
  0.260   730011.550
  0.270   730011.560
  0.250   730011.570
  0.260   730011.570
  0.250   730011.580
  0.220   730011.590
  0.240   730011.590
  0.260   730011.600
  0.230   730011.610
  0.280   730011.610
  0.270   730011.620
  0.240   730011.630
  0.260   730011.640
  0.270   730011.640
  0.290   730011.650
  0.270   730011.660
  0.290   730011.660
  0.280   730011.670
  0.260   730011.680
  0.310   730011.680
  0.290   730011.690
  0.320   730011.700
  0.300   730011.700
  0.310   730011.710
  0.290   730011.720
  0.310   730011.730
  0.340   730011.730
  0.350   730011.740
  0.340   730011.750
  0.350   730011.750
  0.340   730011.760
    NaN   730011.770
  0.380   730011.770
  0.360   730011.780
  0.340   730011.790
  0.360   730011.800
  0.330   730011.800
  0.350   730011.810
  0.300   730011.820
  0.300   730011.820
  0.300   730011.830
  0.290   730011.840
  0.380   730011.840
  0.260   730011.850
  0.260   730011.860
  0.240   730011.860
  0.230   730011.870
  0.210   730011.880
  0.210   730011.890
  0.230   730011.890
  0.230   730011.900
  0.240   730011.910
  0.200   730011.910
  0.210   730011.920
  0.230   730011.930
  0.210   730011.930
  0.210   730011.940
  0.200   730011.950
  0.210   730011.950
  0.190   730011.960
  0.200   730011.970
  0.210   730011.980
  0.210   730011.980
  0.200   730011.990
