  2.730   730011.000
  2.840   730011.010
  3.110   730011.010
  2.790   730011.020
  2.820   730011.030
  2.700   730011.030
  2.950   730011.040
  2.920   730011.050
  2.800   730011.050
  2.900   730011.060
  2.840   730011.070
  2.610   730011.080
  2.830   730011.080
  2.740   730011.090
  2.720   730011.100
  2.630   730011.100
  2.720   730011.110
  2.560   730011.120
  2.460   730011.120
  2.730   730011.130
  2.510   730011.140
  2.450   730011.140
  2.470   730011.150
  2.470   730011.160
  2.370   730011.170
  2.280   730011.170
  2.550   730011.180
  2.650   730011.190
  2.520   730011.190
  2.430   730011.200
  2.450   730011.210
  2.210   730011.210
  2.530   730011.220
  2.350   730011.230
  2.410   730011.230
  2.330   730011.240
  2.320   730011.250
  2.410   730011.260
  2.480   730011.260
  2.340   730011.270
  2.470   730011.280
  2.280   730011.280
  2.350   730011.290
  2.260   730011.300
  2.330   730011.300
  2.450   730011.310
  2.350   730011.320
  2.180   730011.330
  2.310   730011.330
  2.160   730011.340
  2.300   730011.350
  2.630   730011.350
  2.100   730011.360
  2.140   730011.370
  2.300   730011.370
  2.200   730011.380
  2.180   730011.390
  2.190   730011.390
  2.270   730011.400
  2.080   730011.410
  2.530   730011.420
    NaN   730011.420
    NaN   730011.430
  2.120   730011.440
  2.480   730011.440
  2.200   730011.450
  2.410   730011.460
  2.410   730011.460
  2.460   730011.470
  2.240   730011.480
  2.270   730011.480
  2.340   730011.490
  2.420   730011.500
  2.440   730011.510
  2.360   730011.510
  2.350   730011.520
  2.540   730011.530
  2.440   730011.530
  2.270   730011.540
  2.290   730011.550
  2.450   730011.550
  2.660   730011.560
  2.510   730011.570
  2.430   730011.580
  2.360   730011.580
  2.280   730011.590
  2.520   730011.600
  2.510   730011.600
  2.520   730011.610
  2.310   730011.620
  2.150   730011.620
  2.480   730011.630
  2.170   730011.640
  2.410   730011.640
  2.100   730011.650
  2.140   730011.660
  2.230   730011.670
  2.250   730011.670
  2.050   730011.680
  2.120   730011.690
  2.110   730011.690
  2.000   730011.700
  1.980   730011.710
  1.780   730011.710
    NaN   730011.720
  1.860   730011.730
    NaN   730011.730
    NaN   730011.740
  1.790   730011.750
  1.810   730011.760
  1.600   730011.760
  1.870   730011.770
  1.820   730011.780
  1.810   730011.780
  1.560   730011.790
  1.700   730011.800
  1.830   730011.800
  1.770   730011.810
  1.670   730011.820
  1.600   730011.830
  1.680   730011.830
  1.760   730011.840
  1.770   730011.850
  1.460   730011.850
  1.540   730011.860
  1.710   730011.870
  1.630   730011.870
  1.580   730011.880
  1.590   730011.890
  1.610   730011.900
  1.670   730011.900
  1.550   730011.910
  1.400   730011.920
    NaN   730011.920
    NaN   730011.930
  1.500   730011.940
  1.270   730011.940
  1.370   730011.950
  1.470   730011.960
  1.400   730011.960
  1.340   730011.970
  1.310   730011.980
  1.250   730011.980
  1.140   730011.990
