  0.400   730011.000
  0.390   730011.000
  0.410   730011.010
  0.410   730011.020
  0.410   730011.020
  0.380   730011.030
  0.400   730011.040
  0.410   730011.050
  0.410   730011.050
  0.390   730011.060
  0.440   730011.070
  0.410   730011.070
  0.410   730011.080
  0.390   730011.090
  0.370   730011.090
  0.380   730011.100
  0.400   730011.110
  0.400   730011.110
  0.370   730011.120
  0.410   730011.130
  0.390   730011.140
  0.410   730011.140
  0.510   730011.150
  0.480   730011.160
  0.480   730011.160
  0.540   730011.170
  0.510   730011.180
  0.580   730011.180
  0.640   730011.190
  0.640   730011.200
  0.570   730011.200
  0.600   730011.210
  0.620   730011.220
  0.610   730011.230
  0.560   730011.230
  0.590   730011.240
  0.670   730011.250
  0.640   730011.250
  0.590   730011.260
  0.560   730011.270
  0.540   730011.270
  0.590   730011.280
  0.560   730011.290
  0.560   730011.300
  0.550   730011.300
  0.520   730011.310
  0.530   730011.320
  0.540   730011.320
  0.490   730011.330
  0.470   730011.340
  0.510   730011.340
  0.460   730011.350
  0.490   730011.360
  0.470   730011.360
  0.440   730011.370
  0.410   730011.380
  0.460   730011.390
  0.440   730011.390
  0.400   730011.400
  0.430   730011.410
  0.400   730011.410
  0.400   730011.420
  0.410   730011.430
  0.360   730011.430
  0.380   730011.440
  0.360   730011.450
  0.400   730011.450
  0.400   730011.460
  0.390   730011.470
  0.390   730011.480
  0.350   730011.480
  0.350   730011.490
  0.350   730011.500
  0.370   730011.500
  0.400   730011.510
  0.310   730011.520
  0.330   730011.520
  0.310   730011.530
  0.350   730011.540
  0.320   730011.550
  0.340   730011.550
  0.300   730011.560
  0.310   730011.570
  0.330   730011.570
  0.330   730011.580
  0.330   730011.590
  0.330   730011.590
  0.300   730011.600
  0.310   730011.610
  0.310   730011.610
  0.310   730011.620
  0.310   730011.630
  0.300   730011.640
  0.290   730011.640
  0.320   730011.650
  0.320   730011.660
  0.340   730011.660
  0.330   730011.670
  0.350   730011.680
  0.360   730011.680
  0.370   730011.690
  0.420   730011.700
  0.380   730011.700
  0.410   730011.710
  0.440   730011.720
  0.430   730011.730
  0.430   730011.730
  0.480   730011.740
  0.490   730011.750
  0.490   730011.750
  0.540   730011.760
  0.480   730011.770
  0.540   730011.770
  0.520   730011.780
  0.500   730011.790
  0.430   730011.800
  0.440   730011.800
  0.410   730011.810
  0.440   730011.820
  0.440   730011.820
  0.370   730011.830
  0.360   730011.840
  0.350   730011.840
    NaN   730011.850
    NaN   730011.860
  0.330   730011.860
  0.270   730011.870
  0.300   730011.880
  0.240   730011.890
  0.250   730011.890
  0.270   730011.900
  0.260   730011.910
  0.250   730011.910
  0.230   730011.920
  0.230   730011.930
  0.250   730011.930
  0.260   730011.940
  0.270   730011.950
  0.250   730011.950
  0.260   730011.960
  0.230   730011.970
  0.230   730011.980
  0.240   730011.980
  0.230   730011.990
