  0.161   730411.000
  0.035   730411.000
  0.179   730411.007
  0.175   730411.014
  0.170   730411.021
  0.169   730411.028
  0.163   730411.035
  0.187   730411.042
  0.184   730411.049
  0.167   730411.055
  0.165   730411.063
  0.160   730411.070
  0.186   730411.077
  6.143   730411.084
  0.191   730411.090
  0.182   730411.097
  0.187   730411.104
  0.180   730411.112
  0.185   730411.118
  0.193   730411.125
  0.277   730411.132
  0.178   730411.139
  0.174   730411.146
  0.185   730411.153
  0.194   730411.160
  0.167   730411.167
  0.189   730411.174
  0.416   730411.182
  0.171   730411.187
  0.197   730411.195
  0.191   730411.202
  0.182   730411.209
  0.208   730411.215
  0.189   730411.222
  0.193   730411.229
  0.189   730411.237
  0.189   730411.243
  0.162   730411.250
  0.163   730411.257
  0.182   730411.264
  0.162   730411.271
  0.171   730411.278
  0.169   730411.285
  0.181   730411.292
  0.165   730411.299
  0.180   730411.306
  0.186   730411.313
  0.176   730411.320
  0.177   730411.327
  0.186   730411.334
  0.186   730411.341
  0.208   730411.347
  0.200   730411.354
  0.200   730411.362
  0.892   730411.368
  0.194   730411.375
  0.183   730411.382
  0.181   730411.389
  0.211   730411.396
  0.178   730411.403
  0.180   730411.410
  0.187   730411.417
  0.216   730411.424
  0.197   730411.431
  0.218   730411.438
  0.195   730411.445
  0.186   730411.452
  0.190   730411.459
  0.178   730411.466
  0.198   730411.472
  0.210   730411.479
  0.208   730411.487
  0.182   730411.493
  0.180   730411.500
  0.208   730411.507
  0.190   730411.514
  0.204   730411.521
  0.178   730411.528
  0.178   730411.535
  0.186   730411.542
  0.192   730411.549
  0.159   730411.556
  0.188   730411.563
  0.180   730411.570
  0.187   730411.577
  5.863   730411.584
  0.178   730411.591
  0.158   730411.597
  0.153   730411.604
  0.179   730411.612
  0.167   730411.618
  0.152   730411.625
  0.162   730411.632
  0.160   730411.639
  0.163   730411.646
  0.156   730411.653
  0.154   730411.660
  0.149   730411.667
  0.142   730411.674
  0.145   730411.681
  0.148   730411.688
  0.139   730411.695
  0.136   730411.702
  0.137   730411.709
  0.130   730411.716
  0.130   730411.722
  0.131   730411.729
  0.128   730411.737
  0.139   730411.743
  0.136   730411.750
  0.155   730411.757
  0.151   730411.764
  0.128   730411.771
  0.129   730411.778
  0.125   730411.785
  0.128   730411.792
  0.140   730411.799
  0.125   730411.806
  0.120   730411.813
  0.122   730411.820
  0.119   730411.827
  0.123   730411.830
  0.133   730411.834
  0.135   730411.841
  0.115   730411.847
  0.121   730411.854
  0.129   730411.862
  0.122   730411.868
  0.137   730411.875
  0.144   730411.882
  0.135   730411.889
  0.258   730411.896
  0.143   730411.903
  0.149   730411.910
  0.157   730411.917
  0.151   730411.924
  0.164   730411.931
  0.177   730411.938
  0.154   730411.945
  0.171   730411.952
  0.215   730411.959
  0.183   730411.966
  0.180   730411.972
  0.202   730411.979
  0.200   730411.987
  0.219   730411.993
