  0.178   730411.007
  0.182   730411.014
  0.198   730411.021
  0.150   730411.028
  0.206   730411.035
  0.183   730411.042
  0.174   730411.049
  0.190   730411.055
  0.199   730411.063
  0.195   730411.070
  0.181   730411.076
  0.179   730411.083
  0.284   730411.090
  0.196   730411.097
  0.175   730411.104
  0.203   730411.111
  0.186   730411.118
  0.210   730411.125
  1.934   730411.132
  0.222   730411.139
  0.192   730411.146
  0.200   730411.153
  0.190   730411.160
  0.202   730411.167
  0.177   730411.174
  0.925   730411.181
  0.186   730411.187
  0.192   730411.195
  0.179   730411.201
  0.189   730411.208
  0.177   730411.215
  0.179   730411.222
  0.160   730411.229
  0.180   730411.236
  0.196   730411.243
  0.179   730411.250
  0.184   730411.257
  0.178   730411.264
  0.185   730411.271
  0.206   730411.278
  0.192   730411.285
  0.197   730411.292
  0.187   730411.299
  0.177   730411.306
  0.201   730411.312
  0.191   730411.320
  0.179   730411.326
  0.185   730411.333
  0.214   730411.340
  0.187   730411.347
  0.213   730411.354
  0.181   730411.361
  0.195   730411.368
  0.222   730411.375
  0.228   730411.382
  0.230   730411.389
  0.224   730411.396
  0.267   730411.403
  0.286   730411.410
  0.261   730411.417
  0.285   730411.424
  0.311   730411.431
  0.309   730411.437
  3.423   730411.445
  0.345   730411.451
  0.324   730411.458
  0.344   730411.465
  0.309   730411.472
  0.343   730411.479
  0.350   730411.486
  0.317   730411.493
  0.342   730411.500
  0.305   730411.507
  0.278   730411.514
  0.326   730411.521
  0.276   730411.528
  0.264   730411.535
  0.258   730411.542
  0.279   730411.549
  0.252   730411.555
  0.254   730411.562
  0.268   730411.570
  0.233   730411.576
  0.262   730411.583
  0.231   730411.590
  0.239   730411.597
  0.192   730411.604
  0.238   730411.611
  0.229   730411.618
  0.210   730411.625
  0.223   730411.632
  0.240   730411.639
  0.206   730411.646
  0.220   730411.653
  0.207   730411.660
  0.199   730411.667
  0.199   730411.674
  0.217   730411.680
  0.202   730411.687
  0.201   730411.695
  0.227   730411.701
  0.193   730411.708
  0.189   730411.715
  0.197   730411.722
  0.215   730411.729
  0.197   730411.736
  0.198   730411.743
  0.194   730411.750
  0.212   730411.757
  0.192   730411.764
  0.163   730411.771
  0.197   730411.778
  0.183   730411.785
  0.201   730411.792
  0.185   730411.799
  0.156   730411.806
  0.148   730411.812
  0.162   730411.820
  0.171   730411.826
  0.174   730411.830
  0.172   730411.833
  0.176   730411.840
  0.163   730411.847
  0.154   730411.854
  0.147   730411.861
  0.150   730411.868
  0.174   730411.875
  0.170   730411.882
  0.160   730411.889
  0.161   730411.896
  0.175   730411.903
  1.411   730411.910
  0.138   730411.917
  0.138   730411.924
  0.128   730411.931
  0.136   730411.937
  3.282   730411.945
  0.131   730411.951
  0.135   730411.958
  0.117   730411.965
  0.132   730411.972
  0.137   730411.979
  0.121   730411.986
  0.119   730411.993
  0.127   730412.000
