  0.185   730411.002
  0.106   730411.002
  0.181   730411.008
  0.191   730411.015
  0.171   730411.022
  0.199   730411.030
  0.194   730411.036
  0.187   730411.043
  0.173   730411.050
  0.162   730411.056
  0.195   730411.064
  0.201   730411.072
  0.166   730411.078
  0.182   730411.085
  0.172   730411.091
  0.200   730411.098
  0.173   730411.105
  0.166   730411.113
  0.175   730411.119
  0.184   730411.126
  0.242   730411.133
  0.173   730411.140
  0.176   730411.147
  0.170   730411.155
  0.189   730411.161
  0.188   730411.168
  0.147   730411.175
  0.179   730411.183
  0.156   730411.188
  0.180   730411.196
  0.190   730411.203
  0.178   730411.210
  0.162   730411.216
  0.181   730411.223
  0.168   730411.230
  0.181   730411.238
  0.186   730411.244
  0.181   730411.251
  0.183   730411.258
  0.182   730411.265
  0.185   730411.272
  0.161   730411.280
  0.194   730411.286
  0.178   730411.293
  0.192   730411.300
  0.161   730411.307
  0.170   730411.314
  0.184   730411.321
  0.161   730411.328
  0.156   730411.335
  0.176   730411.342
  0.179   730411.348
  0.153   730411.355
  0.161   730411.363
  0.161   730411.369
  0.170   730411.376
  0.195   730411.383
  0.156   730411.390
  0.188   730411.397
  0.185   730411.405
  0.197   730411.411
  0.199   730411.418
  0.200   730411.425
  0.171   730411.432
  0.175   730411.439
  0.197   730411.446
  0.154   730411.453
  0.166   730411.460
  0.901   730411.467
  0.171   730411.473
  0.172   730411.480
  0.173   730411.488
  0.173   730411.494
  0.162   730411.501
  0.170   730411.508
  0.196   730411.515
  0.200   730411.522
  0.184   730411.530
  0.194   730411.536
  0.181   730411.543
  0.185   730411.550
  0.172   730411.557
  0.178   730411.564
  0.182   730411.571
  0.184   730411.578
  0.182   730411.585
  0.170   730411.592
  0.146   730411.598
  0.177   730411.605
  0.167   730411.613
  0.157   730411.619
  0.176   730411.626
  0.181   730411.633
  0.189   730411.640
  0.227   730411.647
  0.189   730411.655
  0.170   730411.661
  0.169   730411.668
  0.196   730411.675
  0.209   730411.682
  0.203   730411.689
  0.211   730411.696
  0.156   730411.703
  0.176   730411.710
  0.186   730411.716
  0.156   730411.723
  0.195   730411.730
  0.188   730411.738
  0.170   730411.744
  0.155   730411.751
  0.174   730411.758
  0.193   730411.765
  0.197   730411.772
  0.176   730411.780
  5.042   730411.786
  0.181   730411.793
  0.180   730411.800
  0.189   730411.807
  0.209   730411.814
  0.179   730411.822
  0.197   730411.828
  0.213   730411.831
  0.189   730411.835
  0.206   730411.841
  0.192   730411.849
  0.213   730411.855
  0.207   730411.863
  0.183   730411.869
  0.174   730411.876
  0.185   730411.883
  0.209   730411.890
  0.204   730411.897
  0.177   730411.905
  0.219   730411.911
  0.198   730411.918
  0.180   730411.925
  0.173   730411.932
  0.172   730411.939
  0.188   730411.946
  0.170   730411.953
  0.188   730411.960
  0.196   730411.967
  0.177   730411.974
  0.198   730411.980
  0.188   730411.988
  0.194   730411.994
