  0.210   730411.006
  0.547   730411.006
  0.526   730411.013
  0.557   730411.020
  1.362   730411.027
  0.725   730411.034
  0.389   730411.041
  0.166   730411.048
  0.238   730411.055
  0.207   730411.062
  0.144   730411.069
  1.038   730411.076
  0.105   730411.083
  0.095   730411.090
  0.103   730411.097
  0.097   730411.104
  0.077   730411.110
  0.087   730411.117
  0.099   730411.124
  0.877   730411.131
  0.098   730411.138
  0.784   730411.145
  0.096   730411.152
  0.087   730411.159
  0.092   730411.166
  0.480   730411.173
  0.708   730411.180
  0.103   730411.187
  0.084   730411.194
  0.090   730411.201
  0.879   730411.208
  0.226   730411.215
  0.094   730411.222
  0.116   730411.229
  0.088   730411.236
  0.091   730411.242
  0.705   730411.249
  0.098   730411.256
  0.080   730411.263
  0.087   730411.270
  0.097   730411.277
  0.087   730411.284
  0.104   730411.291
  0.089   730411.298
  0.097   730411.305
  0.098   730411.312
  0.095   730411.319
  0.108   730411.326
  0.101   730411.333
  0.093   730411.340
  0.367   730411.347
  0.815   730411.354
  0.101   730411.360
  0.102   730411.367
  0.097   730411.374
  0.192   730411.381
  0.115   730411.388
  0.096   730411.395
  0.100   730411.402
  0.109   730411.409
  0.894   730411.416
  0.103   730411.423
  0.106   730411.430
  0.102   730411.437
  0.101   730411.444
  0.172   730411.451
  0.108   730411.458
  0.105   730411.465
  0.096   730411.472
  0.100   730411.479
  1.039   730411.486
  0.108   730411.492
  0.818   730411.499
  0.127   730411.506
  0.318   730411.513
  0.234   730411.520
  0.192   730411.527
  0.152   730411.534
  0.173   730411.541
  0.104   730411.548
  0.127   730411.555
  0.103   730411.562
  0.118   730411.569
  0.115   730411.576
  0.107   730411.583
  0.116   730411.590
  0.103   730411.597
  0.956   730411.604
  0.112   730411.610
  0.096   730411.617
  0.108   730411.624
  0.109   730411.631
  0.739   730411.638
  0.294   730411.645
  0.174   730411.652
  0.137   730411.659
  0.620   730411.666
  0.113   730411.673
  0.104   730411.680
  0.127   730411.687
  0.107   730411.694
  0.119   730411.701
  0.095   730411.708
  0.104   730411.715
  0.634   730411.722
  0.106   730411.729
  0.100   730411.735
  0.099   730411.742
  0.111   730411.749
  0.103   730411.756
  0.103   730411.763
  0.102   730411.770
  0.105   730411.777
  0.094   730411.784
  0.112   730411.791
  0.112   730411.798
  0.095   730411.805
  0.102   730411.812
  0.116   730411.819
  0.097   730411.826
  0.109   730411.829
  0.110   730411.833
  0.117   730411.840
  0.992   730411.847
  0.113   730411.854
  0.102   730411.860
  0.110   730411.867
  0.108   730411.874
  0.105   730411.881
  0.107   730411.888
  0.104   730411.895
  0.105   730411.902
  0.099   730411.909
  0.091   730411.916
  0.092   730411.923
  0.097   730411.930
  0.102   730411.937
  0.109   730411.944
  0.101   730411.951
  0.111   730411.958
  0.114   730411.965
  0.105   730411.972
  0.109   730411.979
  0.104   730411.985
  0.104   730411.992
  0.098   730411.999
