  0.330   729908.000
  0.320   729908.010
  0.330   729908.010
  0.340   729908.020
  0.320   729908.030
  0.300   729908.040
  0.320   729908.040
  0.370   729908.050
  0.310   729908.060
  0.320   729908.060
  0.340   729908.070
  0.330   729908.080
  0.340   729908.080
  0.340   729908.090
  0.330   729908.100
  0.350   729908.100
  0.330   729908.110
  0.340   729908.120
  0.340   729908.130
  0.310   729908.130
  0.320   729908.140
  0.350   729908.150
  0.370   729908.150
  0.290   729908.160
  0.320   729908.170
  0.320   729908.170
  0.330   729908.180
  0.310   729908.190
  0.340   729908.190
  0.320   729908.200
  0.280   729908.210
  0.330   729908.220
  0.300   729908.220
  0.320   729908.230
  0.310   729908.240
  0.280   729908.240
  0.290   729908.250
  0.290   729908.260
  0.270   729908.260
  0.290   729908.270
  0.310   729908.280
  0.280   729908.280
  0.290   729908.290
  0.280   729908.300
  0.280   729908.310
  0.320   729908.310
  0.250   729908.320
  0.260   729908.330
  0.290   729908.330
  0.270   729908.340
  0.260   729908.350
  0.240   729908.350
  0.240   729908.360
  0.260   729908.370
  0.250   729908.380
  0.240   729908.380
  0.270   729908.390
  0.270   729908.400
  0.280   729908.400
  0.280   729908.410
  0.280   729908.420
  0.280   729908.420
  0.290   729908.430
  0.280   729908.440
  0.300   729908.440
  0.270   729908.450
  0.280   729908.460
  0.300   729908.470
  0.290   729908.470
  0.330   729908.480
  0.300   729908.490
  0.310   729908.490
  0.350   729908.500
  0.360   729908.510
  0.300   729908.510
  0.330   729908.520
  0.340   729908.530
  0.370   729908.530
  0.350   729908.540
  0.390   729908.550
  0.360   729908.560
  0.350   729908.560
  0.320   729908.570
  0.350   729908.580
  0.340   729908.580
  0.350   729908.590
  0.310   729908.600
  0.340   729908.600
  0.330   729908.610
  0.340   729908.620
  0.310   729908.620
  0.330   729908.630
  0.320   729908.640
  0.340   729908.650
  0.380   729908.650
  0.340   729908.660
  0.330   729908.670
  0.300   729908.670
  0.330   729908.680
  0.320   729908.690
  0.320   729908.690
  0.320   729908.700
  0.330   729908.710
  0.340   729908.720
  0.350   729908.720
  0.330   729908.730
  0.290   729908.740
  0.330   729908.740
  0.340   729908.750
  0.330   729908.760
  0.370   729908.760
  0.390   729908.770
  0.320   729908.780
  0.340   729908.790
  0.320   729908.790
  0.330   729908.800
  0.320   729908.810
  0.320   729908.810
  0.320   729908.820
  0.350   729908.830
  0.330   729908.830
  0.340   729908.840
  0.360   729908.850
    NaN   729908.850
  0.370   729908.860
  0.330   729908.870
  0.300   729908.880
  0.350   729908.880
  0.340   729908.890
  0.330   729908.900
  0.340   729908.900
  0.340   729908.910
  0.330   729908.920
  0.350   729908.920
  0.340   729908.930
  0.330   729908.940
  0.340   729908.950
  0.380   729908.960
  0.370   729908.970
  0.390   729908.980
  0.360   729908.990
  0.360   729908.990
  0.360   729908.990
  0.360   729908.990
