 15.090   729946.070
 13.870   729946.070
 13.470   729946.080
 14.190   729946.090
 13.970   729946.100
 13.090   729946.100
 12.430   729946.110
 11.890   729946.110
 11.890   729946.110
 11.890   729946.110
 11.890   729946.110
 11.890   729946.110
 11.890   729946.110
 11.890   729946.110
 11.890   729946.110
 11.890   729946.110
 11.890   729946.110
 11.890   729946.110
 11.890   729946.110
 11.890   729946.110
 11.890   729946.110
 11.890   729946.110
 11.890   729946.110
 11.890   729946.110
 11.890   729946.110
 11.890   729946.110
 11.890   729946.110
 11.890   729946.110
 11.890   729946.110
 11.890   729946.110
 11.890   729946.110
 11.890   729946.110
 11.890   729946.110
 11.890   729946.110
 11.890   729946.110
 11.890   729946.110
 11.890   729946.110
 11.890   729946.110
 11.890   729946.110
 11.890   729946.110
 11.890   729946.110
 11.890   729946.110
 11.890   729946.110
 11.890   729946.110
 11.890   729946.110
 11.890   729946.110
 11.890   729946.110
 11.890   729946.110
 11.890   729946.110
 11.890   729946.110
 11.890   729946.110
 11.890   729946.110
 11.890   729946.110
 11.890   729946.110
 11.890   729946.110
 11.890   729946.110
 11.890   729946.110
 11.890   729946.110
 11.890   729946.110
 11.890   729946.110
 11.890   729946.110
 11.890   729946.110
 11.890   729946.110
 11.890   729946.110
 11.890   729946.110
 11.890   729946.110
 11.890   729946.110
 11.890   729946.110
 11.890   729946.110
 11.890   729946.110
 11.890   729946.110
 11.890   729946.110
 11.890   729946.110
 11.890   729946.110
 11.890   729946.110
 11.890   729946.110
 11.890   729946.110
 11.890   729946.110
 11.890   729946.110
 11.890   729946.110
 11.890   729946.110
 11.890   729946.110
 11.890   729946.110
 11.890   729946.110
 11.890   729946.110
 11.890   729946.110
 11.890   729946.110
  2.690   729946.690
  2.560   729946.690
  2.570   729946.700
  2.290   729946.710
  2.010   729946.710
  2.130   729946.720
  2.000   729946.730
  1.920   729946.730
  1.930   729946.740
  1.670   729946.750
  1.790   729946.750
  1.780   729946.760
  1.780   729946.770
  1.870   729946.780
  1.880   729946.780
  1.980   729946.790
  2.120   729946.800
  2.210   729946.800
  2.300   729946.810
  2.370   729946.820
  2.580   729946.820
  2.260   729946.830
  2.640   729946.840
  2.530   729946.850
  2.270   729946.870
  2.360   729946.870
    NaN   729946.880
    NaN   729946.890
  2.290   729946.890
  2.480   729946.900
  2.790   729946.910
  2.800   729946.910
  2.420   729946.920
  2.520   729946.930
  2.720   729946.940
  2.740   729946.940
  2.840   729946.950
  2.840   729946.960
  2.740   729946.960
  2.820   729946.970
  2.900   729946.980
  2.720   729946.980
  2.710   729946.990
