  2.971   730068.000
  3.572   730068.008
  3.651   730068.014
  4.693   730068.021
  3.115   730068.028
  3.301   730068.035
  3.493   730068.042
  3.406   730068.049
  3.281   730068.056
  4.242   730068.062
  3.437   730068.070
  3.632   730068.076
  3.473   730068.083
  3.374   730068.090
  2.662   730068.097
  3.342   730068.104
  3.690   730068.111
  3.154   730068.118
  3.901   730068.125
  4.190   730068.132
  3.654   730068.139
  3.292   730068.146
    NaN   730068.153
  3.208   730068.160
  4.185   730068.167
  2.878   730068.174
  3.456   730068.181
  2.578   730068.188
  3.258   730068.194
  4.402   730068.201
  3.839   730068.208
  3.527   730068.215
  2.953   730068.222
  3.297   730068.229
  3.155   730068.236
  4.289   730068.243
  2.568   730068.250
  2.449   730068.257
  2.558   730068.264
  1.808   730068.271
  2.433   730068.278
  2.778   730068.285
  2.468   730068.292
  2.034   730068.299
  2.429   730068.306
  2.389   730068.312
  2.453   730068.319
  2.055   730068.326
  2.346   730068.333
  1.935   730068.340
  2.032   730068.347
  2.499   730068.354
  2.157   730068.361
  1.956   730068.368
  1.979   730068.375
  1.278   730068.382
  2.440   730068.389
  2.788   730068.396
  1.836   730068.403
  1.703   730068.410
  2.249   730068.417
  2.283   730068.424
  2.388   730068.431
  1.602   730068.438
  2.122   730068.444
  2.535   730068.452
  1.302   730068.458
  1.924   730068.465
  1.591   730068.472
  1.690   730068.479
  1.553   730068.486
  1.146   730068.493
  1.351   730068.500
  1.322   730068.507
  0.819   730068.514
  0.557   730068.521
  0.383   730068.528
  0.844   730068.535
  0.687   730068.542
  0.534   730068.549
  0.907   730068.556
  0.658   730068.562
  0.529   730068.569
  0.728   730068.576
  0.496   730068.583
  1.042   730068.590
  0.945   730068.597
  0.624   730068.604
  0.818   730068.611
  1.172   730068.618
  1.340   730068.625
  1.774   730068.632
  1.434   730068.639
  1.148   730068.646
  1.070   730068.653
  1.196   730068.660
  1.239   730068.667
  1.441   730068.674
  1.383   730068.681
  1.432   730068.688
  0.835   730068.694
  0.661   730068.701
  1.348   730068.708
  1.544   730068.715
  2.023   730068.722
  1.123   730068.729
  0.775   730068.736
  0.960   730068.743
  0.417   730068.750
  0.335   730068.758
  0.424   730068.764
  0.463   730068.771
  1.029   730068.778
  0.384   730068.785
  0.365   730068.792
  0.506   730068.799
  0.499   730068.806
  0.291   730068.812
  0.255   730068.819
  3.025   730068.826
  0.210   730068.833
  0.261   730068.840
  0.259   730068.847
  0.261   730068.854
  0.276   730068.861
  0.242   730068.868
  0.230   730068.875
  0.200   730068.882
  0.187   730068.889
  0.290   730068.896
  0.174   730068.903
  0.185   730068.910
  0.192   730068.917
  0.287   730068.924
  0.201   730068.931
  0.427   730068.938
  0.170   730068.944
  0.170   730068.951
  3.854   730068.958
  0.175   730068.966
  0.170   730068.972
  0.158   730068.979
  0.168   730068.986
  0.152   730068.993
