  0.243   730068.001
  0.263   730068.009
  0.249   730068.015
  0.230   730068.022
  0.237   730068.030
  0.211   730068.036
  0.210   730068.043
  0.224   730068.051
  0.235   730068.057
  0.262   730068.064
  0.221   730068.071
  0.203   730068.078
  0.225   730068.085
  0.264   730068.092
  0.249   730068.099
  0.275   730068.106
    NaN   730068.113
  0.260   730068.119
  0.229   730068.126
  0.250   730068.133
  0.222   730068.140
  0.239   730068.147
  0.197   730068.154
  0.215   730068.161
  0.233   730068.168
  0.213   730068.175
  0.214   730068.182
  0.231   730068.189
  0.215   730068.196
  0.241   730068.203
  0.212   730068.210
  0.217   730068.217
  0.235   730068.224
  0.200   730068.231
  0.543   730068.238
  0.219   730068.244
  0.196   730068.251
  0.231   730068.258
  0.208   730068.265
  0.226   730068.272
  0.207   730068.279
  0.209   730068.286
  0.214   730068.293
  0.205   730068.300
  0.227   730068.307
  0.197   730068.314
  0.210   730068.321
  0.209   730068.328
  0.187   730068.335
  0.220   730068.342
  0.222   730068.349
  0.227   730068.356
  0.228   730068.363
  0.218   730068.369
  0.225   730068.376
  0.215   730068.383
  0.207   730068.390
  0.627   730068.397
  0.216   730068.404
  0.197   730068.411
  0.202   730068.418
  0.234   730068.425
  0.228   730068.432
  0.217   730068.439
  0.209   730068.446
  0.236   730068.453
  0.228   730068.460
  0.209   730068.467
  0.227   730068.474
  0.229   730068.481
  0.235   730068.488
  0.228   730068.494
  0.215   730068.501
  0.222   730068.508
  0.248   730068.515
  0.200   730068.522
  0.197   730068.529
  0.228   730068.536
  0.210   730068.543
  0.214   730068.550
  0.222   730068.557
  0.203   730068.564
  0.207   730068.571
  0.207   730068.578
  0.185   730068.585
  0.225   730068.592
  0.199   730068.599
  0.191   730068.606
  0.192   730068.613
  0.220   730068.619
  0.189   730068.626
  0.202   730068.633
  0.221   730068.640
  0.206   730068.647
  0.217   730068.654
  0.193   730068.661
  0.187   730068.668
  0.191   730068.675
  0.217   730068.682
  0.224   730068.689
  0.194   730068.696
  0.184   730068.703
  0.200   730068.710
  0.204   730068.717
  0.187   730068.724
  0.187   730068.731
  0.196   730068.738
  0.366   730068.744
  0.186   730068.751
  0.173   730068.759
  0.175   730068.765
  0.152   730068.772
  0.166   730068.779
  0.159   730068.786
  0.167   730068.793
  0.165   730068.800
  0.148   730068.807
  0.168   730068.814
  0.151   730068.821
  0.185   730068.828
  0.147   730068.835
  0.152   730068.842
  0.135   730068.849
  0.157   730068.856
  0.146   730068.863
  0.141   730068.869
  0.150   730068.876
  0.145   730068.883
  0.143   730068.890
  0.149   730068.897
  0.146   730068.904
  0.137   730068.911
  0.142   730068.918
  0.133   730068.925
  0.154   730068.932
  0.147   730068.939
  0.160   730068.946
  0.155   730068.953
  1.853   730068.960
  0.175   730068.967
  0.175   730068.974
  0.180   730068.981
  0.166   730068.988
  0.179   730068.994
