  0.384   730068.001
  0.371   730068.008
  0.373   730068.015
  0.375   730068.022
  0.341   730068.028
  0.373   730068.035
  0.349   730068.042
  0.371   730068.049
  0.393   730068.056
  0.404   730068.063
  0.387   730068.070
  0.353   730068.077
  0.378   730068.084
  0.351   730068.091
  0.320   730068.098
  0.351   730068.105
  0.340   730068.112
  0.353   730068.119
  0.371   730068.126
  0.346   730068.133
  0.304   730068.140
  0.375   730068.147
  0.314   730068.153
  0.334   730068.160
  0.329   730068.167
  0.355   730068.174
  0.339   730068.181
  0.334   730068.188
  0.334   730068.195
  0.353   730068.202
  0.321   730068.209
  0.316   730068.216
  0.343   730068.223
  0.328   730068.230
  0.693   730068.237
  1.513   730068.244
  0.379   730068.251
  0.342   730068.258
  0.350   730068.265
  0.307   730068.272
  0.327   730068.278
  0.355   730068.285
  0.318   730068.292
  0.306   730068.299
  0.311   730068.306
  0.315   730068.313
  0.300   730068.320
  0.344   730068.327
  0.313   730068.334
  0.314   730068.341
  0.282   730068.348
  0.328   730068.355
  0.310   730068.362
  0.286   730068.369
  0.270   730068.376
  0.338   730068.383
  0.295   730068.390
  0.319   730068.397
  0.313   730068.403
  0.292   730068.410
  0.308   730068.417
  0.328   730068.424
  0.309   730068.431
  0.307   730068.438
  0.299   730068.445
  0.285   730068.453
  0.363   730068.459
  0.334   730068.466
    NaN   730068.473
  0.294   730068.480
  0.314   730068.487
  0.311   730068.494
  0.307   730068.501
  0.297   730068.508
  0.314   730068.515
  0.274   730068.522
  0.291   730068.528
  0.290   730068.535
  0.304   730068.542
  0.301   730068.549
  0.261   730068.556
  0.288   730068.563
  0.270   730068.570
  0.257   730068.577
  0.265   730068.584
  0.259   730068.591
  0.266   730068.598
  0.257   730068.605
  0.253   730068.612
  0.254   730068.619
  0.241   730068.626
  0.292   730068.633
  0.310   730068.640
  0.275   730068.647
  0.254   730068.653
  0.267   730068.660
  0.272   730068.667
  0.213   730068.674
  0.247   730068.681
  0.209   730068.688
  0.234   730068.695
  0.245   730068.702
  0.246   730068.709
  0.239   730068.716
  0.217   730068.723
  0.221   730068.730
  0.222   730068.737
  0.359   730068.744
  0.217   730068.751
  0.247   730068.758
  0.243   730068.765
  0.248   730068.772
  0.220   730068.778
  0.202   730068.785
  0.227   730068.792
  0.249   730068.799
  0.211   730068.806
  0.226   730068.813
  0.222   730068.820
  0.893   730068.827
  0.206   730068.834
  0.198   730068.841
  0.202   730068.848
  0.209   730068.855
  0.207   730068.862
  0.202   730068.869
  0.220   730068.876
  0.193   730068.883
  0.213   730068.890
  0.210   730068.897
  0.206   730068.903
  0.187   730068.910
  0.187   730068.917
  0.213   730068.924
  0.215   730068.931
  0.182   730068.938
  0.186   730068.945
  0.187   730068.952
  2.296   730068.959
  0.202   730068.966
    NaN   730068.973
  0.192   730068.980
  0.186   730068.987
  0.197   730068.994
