  0.582   730068.001
  0.532   730068.008
  0.557   730068.015
  0.513   730068.022
  0.471   730068.029
  0.502   730068.035
  0.551   730068.042
  0.489   730068.050
  0.504   730068.056
  0.465   730068.063
  0.406   730068.071
  0.432   730068.077
  0.433   730068.085
  0.448   730068.091
  0.468   730068.098
  0.428   730068.105
  0.441   730068.112
  0.456   730068.119
  0.471   730068.126
  0.476   730068.133
  0.484   730068.140
  0.464   730068.147
  0.424   730068.153
  0.483   730068.160
  0.457   730068.167
  0.482   730068.174
  0.451   730068.181
  0.445   730068.188
  0.475   730068.195
  0.450   730068.202
  0.464   730068.209
  0.461   730068.216
  0.472   730068.223
  0.460   730068.230
  0.775   730068.237
  0.551   730068.244
  0.454   730068.251
  0.477   730068.258
  0.470   730068.265
  0.457   730068.272
  0.481   730068.278
  0.448   730068.285
  0.405   730068.292
  0.464   730068.299
  0.439   730068.306
  0.472   730068.313
  0.438   730068.320
  0.426   730068.327
  0.510   730068.334
  0.421   730068.341
  0.412   730068.348
  0.495   730068.355
  0.478   730068.362
  0.449   730068.369
  0.418   730068.376
  0.467   730068.383
    NaN   730068.390
  0.479   730068.397
  0.381   730068.403
  0.428   730068.410
  0.389   730068.417
  0.451   730068.424
  0.375   730068.431
  0.406   730068.438
  0.389   730068.445
  0.403   730068.453
  0.327   730068.459
  1.071   730068.466
  0.362   730068.473
  0.354   730068.480
  0.349   730068.487
  0.340   730068.494
  0.314   730068.501
  0.334   730068.508
  0.376   730068.515
  0.404   730068.522
  0.362   730068.528
  0.319   730068.535
  0.364   730068.542
  0.357   730068.549
  0.305   730068.556
  0.372   730068.563
  0.370   730068.570
  0.350   730068.577
  0.338   730068.584
  0.359   730068.591
  0.333   730068.598
  0.355   730068.605
  0.338   730068.612
  0.334   730068.619
  0.329   730068.626
  0.341   730068.633
  0.339   730068.640
  0.336   730068.647
  0.282   730068.653
  0.296   730068.660
  0.302   730068.667
  0.298   730068.674
  0.280   730068.681
  0.331   730068.688
  0.317   730068.695
  0.293   730068.702
  0.289   730068.709
  0.246   730068.716
  0.305   730068.723
  0.242   730068.730
  0.275   730068.737
  0.258   730068.744
  0.262   730068.751
  0.224   730068.758
  0.254   730068.765
  0.242   730068.772
  0.230   730068.778
  0.259   730068.785
  0.250   730068.792
  0.223   730068.799
  0.215   730068.806
  0.186   730068.813
  0.244   730068.820
  0.404   730068.827
  0.215   730068.834
  0.179   730068.841
  0.197   730068.848
  0.203   730068.855
  0.226   730068.862
  0.209   730068.869
  0.220   730068.876
  0.202   730068.883
    NaN   730068.890
  0.185   730068.897
  0.173   730068.903
  0.197   730068.910
  0.183   730068.917
  0.171   730068.924
  0.195   730068.931
  0.184   730068.938
  0.148   730068.945
  2.083   730068.952
  0.515   730068.959
  0.163   730068.966
  0.170   730068.973
  0.185   730068.980
  0.160   730068.987
  0.163   730068.994
