  0.000   730046.010
  0.000   730046.020
  0.000   730046.030
  0.000   730046.030
  0.320   730046.040
  1.530   730046.050
  0.300   730046.050
  0.220   730046.060
  0.250   730046.070
  0.250   730046.070
  0.240   730046.080
  0.200   730046.090
  0.180   730046.090
  0.240   730046.100
  0.270   730046.110
  0.350   730046.120
  0.380   730046.120
  0.260   730046.130
  0.270   730046.140
  0.220   730046.140
    NaN   730046.150
    NaN   730046.160
  0.240   730046.160
  0.230   730046.170
  0.240   730046.180
  1.380   730046.180
  1.640   730046.190
  0.190   730046.200
  0.210   730046.210
  0.210   730046.210
  0.190   730046.220
  0.220   730046.230
  0.200   730046.230
  0.210   730046.240
  0.180   730046.250
  0.860   730046.250
  0.200   730046.280
  0.180   730046.280
  0.180   730046.290
  0.210   730046.300
  0.180   730046.310
  0.190   730046.320
  0.190   730046.320
  0.180   730046.330
  0.190   730046.340
  0.190   730046.350
  0.180   730046.350
  0.220   730046.360
  0.190   730046.370
  0.190   730046.370
  0.180   730046.380
  0.170   730046.390
  0.160   730046.390
  0.160   730046.400
  0.220   730046.410
  0.210   730046.410
  0.190   730046.420
  0.190   730046.430
  0.180   730046.440
  0.200   730046.440
  0.190   730046.450
  0.170   730046.460
  0.180   730046.460
  0.180   730046.470
  0.170   730046.480
  0.190   730046.480
  0.210   730046.490
  0.880   730046.500
  0.210   730046.500
  0.200   730046.510
  0.180   730046.520
  0.180   730046.530
  0.210   730046.530
  0.220   730046.540
  0.210   730046.550
  0.190   730046.550
  0.190   730046.560
  0.170   730046.570
  0.140   730046.570
  0.150   730046.580
  0.160   730046.590
  0.150   730046.600
  0.170   730046.600
  0.150   730046.610
  0.160   730046.620
  0.160   730046.620
  0.180   730046.630
  0.190   730046.640
  0.170   730046.640
  0.170   730046.650
  0.160   730046.660
  0.160   730046.660
  0.140   730046.670
  0.160   730046.680
  0.160   730046.690
  0.150   730046.690
  0.160   730046.700
  0.140   730046.710
  0.150   730046.710
  0.170   730046.720
  0.150   730046.730
  0.150   730046.730
  0.150   730046.740
  0.140   730046.750
  0.150   730046.750
  0.160   730046.760
  2.230   730046.770
  1.360   730046.780
  0.210   730046.780
  0.190   730046.790
  0.380   730046.800
  0.200   730046.800
  0.190   730046.810
  0.200   730046.820
  0.210   730046.820
  1.440   730046.830
  0.190   730046.840
  0.380   730046.850
  0.300   730046.850
  0.160   730046.860
  0.180   730046.870
  0.180   730046.870
  0.170   730046.880
  0.190   730046.890
  0.180   730046.890
  0.170   730046.900
  0.160   730046.910
  0.160   730046.920
  0.160   730046.920
  0.180   730046.930
  0.150   730046.940
  0.150   730046.940
  0.180   730046.950
  0.210   730046.960
  0.290   730046.960
  0.300   730046.970
  0.370   730046.980
  0.530   730046.980
  0.630   730046.990
