  0.520   730046.010
  0.510   730046.020
  0.480   730046.030
  0.490   730046.030
  0.510   730046.040
  0.500   730046.050
  0.460   730046.050
  0.470   730046.060
  0.480   730046.070
  0.420   730046.070
  0.430   730046.080
  0.450   730046.090
  0.430   730046.100
  0.430   730046.100
  0.470   730046.110
  0.460   730046.120
  0.450   730046.120
  0.420   730046.130
  0.470   730046.140
  0.470   730046.140
  1.310   730046.150
  1.310   730046.160
  0.440   730046.170
  0.480   730046.170
  0.430   730046.180
  0.410   730046.190
  0.410   730046.190
  0.430   730046.200
  0.460   730046.210
  0.470   730046.210
  0.500   730046.220
  0.500   730046.230
  0.510   730046.240
  0.520   730046.240
  0.540   730046.250
  0.470   730046.260
  0.430   730046.260
  0.530   730046.270
  0.480   730046.280
  0.520   730046.280
  0.490   730046.290
  0.530   730046.300
  0.540   730046.310
  0.550   730046.320
  0.590   730046.330
  0.630   730046.330
  0.590   730046.340
  0.570   730046.350
  0.600   730046.350
  0.630   730046.360
  0.670   730046.370
  0.670   730046.370
  0.660   730046.380
    NaN   730046.390
    NaN   730046.400
  0.680   730046.400
  0.650   730046.410
  0.620   730046.420
  0.620   730046.420
  0.690   730046.430
  0.600   730046.440
  0.610   730046.440
  0.540   730046.450
  0.640   730046.460
  0.600   730046.470
  0.640   730046.470
  0.650   730046.480
  0.660   730046.490
  0.560   730046.490
  0.630   730046.500
  0.630   730046.510
  0.650   730046.510
  0.690   730046.520
  0.700   730046.530
  0.730   730046.530
  0.640   730046.540
  0.750   730046.550
  0.740   730046.550
  0.820   730046.560
  0.770   730046.570
  0.810   730046.580
  0.790   730046.580
  0.850   730046.590
  0.800   730046.600
  0.850   730046.600
  0.740   730046.610
  0.670   730046.620
  0.710   730046.620
  0.740   730046.630
  1.450   730046.640
  1.810   730046.650
  0.700   730046.650
  0.770   730046.660
  0.700   730046.670
  0.710   730046.670
  0.700   730046.680
  0.620   730046.690
  0.710   730046.690
  0.650   730046.700
  0.630   730046.710
  0.570   730046.710
  0.630   730046.720
  0.550   730046.730
  0.560   730046.740
  0.570   730046.740
  0.560   730046.750
  0.570   730046.760
  0.500   730046.760
  0.520   730046.770
  0.520   730046.780
  0.470   730046.780
  0.510   730046.790
  0.470   730046.800
  0.480   730046.800
  0.410   730046.810
  0.480   730046.820
  0.430   730046.830
  0.450   730046.830
  0.450   730046.840
  0.410   730046.850
  0.400   730046.850
  0.400   730046.860
  0.370   730046.870
  0.390   730046.880
  0.410   730046.880
    NaN   730046.890
    NaN   730046.900
  0.410   730046.900
  0.410   730046.910
  0.370   730046.920
  0.350   730046.920
  0.410   730046.930
  0.380   730046.940
  0.370   730046.940
  0.370   730046.950
  0.340   730046.960
  0.340   730046.970
  0.360   730046.970
  0.380   730046.980
  0.410   730046.990
  0.350   730046.990
