  0.315   730252.006
  1.312   730252.006
  1.558   730252.013
  1.433   730252.020
  7.287   730252.027
  6.923   730252.034
  4.780   730252.041
  1.398   730252.048
  1.432   730252.055
  1.413   730252.062
  1.321   730252.069
  1.497   730252.076
  1.528   730252.083
  1.494   730252.090
  1.347   730252.097
  1.595   730252.104
  1.250   730252.110
  1.647   730252.117
  1.359   730252.124
  1.295   730252.131
  1.517   730252.138
  1.408   730252.145
  1.350   730252.152
  1.414   730252.159
  1.382   730252.166
  1.332   730252.173
  1.356   730252.180
  1.493   730252.187
  1.455   730252.194
  1.538   730252.201
  1.431   730252.208
  1.491   730252.215
  1.366   730252.222
  1.386   730252.229
  1.312   730252.235
  1.713   730252.242
  1.247   730252.249
  1.560   730252.256
  1.480   730252.263
  1.460   730252.270
  1.390   730252.277
  1.400   730252.284
  1.706   730252.291
  1.379   730252.298
  1.428   730252.305
  1.412   730252.312
  1.673   730252.319
  1.308   730252.326
  1.327   730252.333
  1.303   730252.340
  1.688   730252.347
  1.767   730252.354
  1.460   730252.360
  1.744   730252.367
  1.436   730252.374
  1.712   730252.381
  1.399   730252.388
  1.429   730252.395
  1.433   730252.402
  1.266   730252.409
  1.345   730252.416
  1.369   730252.423
  1.336   730252.430
  1.258   730252.437
  1.157   730252.444
  1.252   730252.451
  1.206   730252.458
  1.287   730252.465
  1.140   730252.472
  1.139   730252.479
  1.090   730252.485
  1.227   730252.492
  1.159   730252.499
  1.318   730252.506
  1.273   730252.513
  1.309   730252.520
  1.162   730252.527
  1.171   730252.534
  4.546   730252.541
  1.314   730252.548
  1.266   730252.555
  1.313   730252.562
  1.034   730252.569
  1.222   730252.576
  1.049   730252.583
  0.961   730252.590
  1.070   730252.597
  1.123   730252.604
  1.151   730252.610
  1.046   730252.617
  1.039   730252.624
  1.132   730252.631
  1.018   730252.638
  0.926   730252.645
  1.051   730252.652
  1.019   730252.659
  1.072   730252.666
  0.984   730252.673
  0.990   730252.680
  1.159   730252.687
  1.132   730252.694
  1.057   730252.701
  1.000   730252.708
  1.046   730252.715
  1.122   730252.722
  0.975   730252.729
  1.075   730252.737
  1.057   730252.742
  1.092   730252.749
  1.582   730252.756
  1.051   730252.763
  0.940   730252.770
  0.914   730252.777
  1.020   730252.784
  0.876   730252.791
  0.815   730252.798
  0.928   730252.805
  0.838   730252.812
  0.743   730252.819
  0.784   730252.826
  0.701   730252.833
  0.869   730252.840
  0.744   730252.847
  0.741   730252.854
  0.738   730252.860
  0.851   730252.867
  0.745   730252.874
  0.721   730252.881
  0.735   730252.888
  0.788   730252.895
  0.741   730252.902
  0.816   730252.909
  0.787   730252.916
  0.767   730252.923
  0.690   730252.930
  0.683   730252.937
  0.666   730252.944
  0.656   730252.951
  0.731   730252.958
  0.703   730252.965
  0.649   730252.972
  0.620   730252.979
  0.642   730252.986
  0.671   730252.992
  0.650   730253.000
