  0.375   730252.003
  0.440   730252.008
  0.475   730252.014
  0.469   730252.021
  0.481   730252.028
  0.543   730252.035
  0.464   730252.043
  0.457   730252.049
  4.303   730252.056
  0.472   730252.063
  0.509   730252.070
  0.544   730252.077
  0.483   730252.085
  0.497   730252.091
  0.511   730252.098
  0.456   730252.104
  0.536   730252.111
  0.590   730252.118
  6.045   730252.126
  0.559   730252.132
  0.533   730252.139
  0.490   730252.146
  0.602   730252.153
  0.537   730252.160
  0.579   730252.168
  0.572   730252.174
  0.614   730252.181
  0.561   730252.188
  0.628   730252.195
  0.596   730252.202
  0.557   730252.210
  0.631   730252.216
  0.520   730252.223
  0.604   730252.230
  0.583   730252.236
  0.563   730252.243
  0.621   730252.251
  0.597   730252.257
  0.650   730252.264
  0.608   730252.271
  0.611   730252.278
  0.549   730252.285
  0.612   730252.293
  0.579   730252.299
  0.655   730252.306
  0.542   730252.313
  0.638   730252.320
  0.517   730252.327
  0.633   730252.335
  0.557   730252.341
  0.535   730252.348
  0.596   730252.354
  0.628   730252.361
  0.638   730252.368
  0.546   730252.376
  0.586   730252.382
  0.607   730252.389
  0.631   730252.396
  0.593   730252.403
  0.582   730252.410
  0.554   730252.418
  0.603   730252.424
  0.620   730252.431
  0.649   730252.438
  0.543   730252.445
  0.582   730252.452
  0.596   730252.460
  0.619   730252.466
  0.633   730252.473
  0.540   730252.479
  0.526   730252.486
  0.620   730252.493
  0.602   730252.501
  0.565   730252.507
  0.522   730252.514
  0.564   730252.521
  0.457   730252.528
  0.525   730252.535
  0.538   730252.543
  0.481   730252.549
  0.527   730252.556
  0.517   730252.563
  0.511   730252.570
  0.524   730252.577
  0.502   730252.585
  0.545   730252.591
  0.468   730252.598
  0.503   730252.605
  0.451   730252.611
  0.510   730252.618
  0.410   730252.626
  0.410   730252.632
  0.442   730252.639
  0.434   730252.646
  0.472   730252.653
  0.483   730252.660
  0.429   730252.668
  0.421   730252.674
  0.418   730252.681
  0.375   730252.688
  0.359   730252.695
  0.389   730252.702
  0.343   730252.710
  0.388   730252.716
  0.366   730252.723
  0.393   730252.729
  0.382   730252.738
  0.393   730252.743
  0.370   730252.751
  0.475   730252.757
  0.335   730252.764
  0.382   730252.771
  0.386   730252.778
  0.371   730252.785
  0.397   730252.793
  0.422   730252.799
  0.398   730252.806
  0.348   730252.813
  3.139   730252.820
  0.054   730252.828
  0.725   730252.835
  0.399   730252.841
  0.400   730252.848
  0.374   730252.855
  0.416   730252.862
  0.448   730252.868
  0.418   730252.876
  0.409   730252.882
  0.488   730252.889
  0.465   730252.896
  0.430   730252.903
  0.483   730252.911
  0.491   730252.919
  0.495   730252.924
  0.546   730252.931
  0.558   730252.938
  0.538   730252.945
  0.574   730252.952
  2.243   730252.960
  2.830   730252.966
  0.524   730252.973
  0.412   730252.980
  0.504   730252.987
  0.483   730252.993
