  0.173   730370.003
  0.100   730370.003
  0.145   730370.009
  0.161   730370.016
  0.153   730370.023
  0.164   730370.030
  0.149   730370.037
  0.160   730370.044
  0.146   730370.051
  0.138   730370.058
  0.136   730370.065
  0.153   730370.072
  0.114   730370.079
  0.145   730370.086
  0.146   730370.093
  0.136   730370.100
  0.142   730370.106
  0.147   730370.113
  0.141   730370.120
  0.147   730370.127
  0.125   730370.134
  0.146   730370.141
  0.149   730370.148
  0.138   730370.155
  0.151   730370.162
  0.144   730370.169
  0.130   730370.176
  0.134   730370.183
  0.145   730370.190
  0.133   730370.197
  0.158   730370.204
  0.141   730370.211
  0.173   730370.218
  0.146   730370.224
  0.151   730370.231
  0.147   730370.238
  0.144   730370.245
  0.140   730370.252
  0.142   730370.259
  0.135   730370.266
  0.145   730370.273
  0.137   730370.280
  0.148   730370.287
  0.156   730370.294
  0.153   730370.301
  0.143   730370.308
  0.141   730370.315
  0.134   730370.322
  0.146   730370.329
  0.135   730370.336
  0.150   730370.342
  0.139   730370.349
  0.160   730370.356
  0.144   730370.363
  0.145   730370.370
  0.155   730370.377
  0.146   730370.384
  0.144   730370.391
  0.137   730370.398
  0.149   730370.405
  0.144   730370.412
  7.769   730370.419
  0.124   730370.426
  0.131   730370.433
  0.110   730370.440
  0.123   730370.447
  0.119   730370.454
  0.114   730370.461
  0.119   730370.468
  0.125   730370.474
  0.125   730370.481
  0.138   730370.488
  0.130   730370.495
  0.119   730370.502
  0.126   730370.509
  0.122   730370.516
  0.118   730370.523
  0.134   730370.530
  0.128   730370.537
  0.126   730370.544
  0.132   730370.551
  0.109   730370.558
  0.119   730370.565
  0.125   730370.572
  0.115   730370.579
  0.127   730370.586
  0.117   730370.592
  0.122   730370.599
  0.122   730370.606
  0.120   730370.613
  0.129   730370.620
  0.099   730370.627
  0.095   730370.634
  0.103   730370.641
  0.108   730370.648
  0.121   730370.655
  0.098   730370.662
  0.112   730370.669
  0.099   730370.676
  0.109   730370.683
  0.111   730370.690
  0.111   730370.697
  0.105   730370.704
  0.108   730370.711
  0.112   730370.717
  0.098   730370.724
  0.102   730370.731
  0.103   730370.738
  0.107   730370.745
  0.091   730370.752
  0.107   730370.759
  0.119   730370.766
  0.108   730370.773
  0.094   730370.780
  0.120   730370.787
  0.104   730370.794
  0.130   730370.801
  0.099   730370.808
  0.113   730370.815
  0.105   730370.822
  0.111   730370.829
  0.093   730370.836
  0.111   730370.843
  0.094   730370.849
  0.108   730370.856
  0.092   730370.865
  0.103   730370.871
  0.099   730370.877
  0.106   730370.884
  0.098   730370.891
  0.103   730370.898
  0.101   730370.905
  0.099   730370.912
  7.237   730370.919
  0.095   730370.926
  0.109   730370.933
  0.098   730370.940
  0.110   730370.947
  0.105   730370.954
  0.112   730370.964
  0.091   730370.971
  0.109   730370.976
  0.106   730370.982
  0.108   730370.989
  0.128   730370.996
