  0.342   730370.004
  0.421   730370.004
  0.393   730370.011
  0.382   730370.018
  0.400   730370.025
  0.347   730370.032
  0.407   730370.039
  0.379   730370.046
  0.347   730370.053
  0.387   730370.059
  0.353   730370.067
  0.419   730370.074
  0.385   730370.081
  0.383   730370.088
  0.405   730370.095
  0.375   730370.101
  0.348   730370.108
  0.423   730370.115
  0.388   730370.122
  0.386   730370.129
  0.393   730370.136
  0.390   730370.143
  0.454   730370.150
  0.736   730370.157
  0.434   730370.164
  0.404   730370.171
  0.404   730370.178
  0.434   730370.184
  0.438   730370.191
  0.420   730370.198
  0.472   730370.206
  0.449   730370.212
  0.444   730370.219
  0.461   730370.226
  0.411   730370.233
  0.454   730370.240
  0.465   730370.247
  0.415   730370.254
  0.405   730370.261
  0.518   730370.268
  0.408   730370.275
  0.426   730370.282
  0.405   730370.289
  0.443   730370.296
  0.469   730370.303
  0.436   730370.309
  0.411   730370.316
  0.408   730370.323
  0.420   730370.331
  0.418   730370.337
  0.407   730370.344
  0.412   730370.351
  0.412   730370.358
  0.410   730370.365
  0.398   730370.372
  4.781   730370.379
  0.418   730370.386
  0.364   730370.393
  0.396   730370.400
  0.384   730370.407
  0.387   730370.414
  0.357   730370.421
  0.389   730370.427
  0.343   730370.434
  0.361   730370.441
  0.352   730370.448
  0.358   730370.455
  0.406   730370.462
  0.366   730370.469
  0.302   730370.476
  0.355   730370.483
  0.313   730370.490
  0.327   730370.497
  0.330   730370.504
  0.362   730370.511
  0.345   730370.518
  0.321   730370.525
  0.301   730370.532
  0.319   730370.539
  0.310   730370.546
  0.322   730370.552
  0.285   730370.559
  0.307   730370.566
  0.273   730370.573
  0.281   730370.580
  0.295   730370.587
  0.258   730370.594
  0.269   730370.601
  0.262   730370.608
  0.320   730370.615
  0.303   730370.622
  0.318   730370.629
  0.290   730370.636
  0.283   730370.643
  0.296   730370.650
  0.294   730370.657
  0.260   730370.664
  0.283   730370.671
  0.254   730370.678
  0.266   730370.684
  0.279   730370.691
  0.251   730370.698
  0.262   730370.705
  0.260   730370.712
  0.218   730370.719
  0.258   730370.726
  0.248   730370.733
  0.245   730370.740
  0.244   730370.747
  0.226   730370.754
  0.230   730370.761
  0.235   730370.768
  0.222   730370.775
  0.214   730370.783
  0.242   730370.789
  0.216   730370.796
  0.230   730370.803
  0.217   730370.810
  0.235   730370.817
  0.217   730370.824
  0.231   730370.831
  0.230   730370.838
  0.245   730370.844
  0.208   730370.851
  0.203   730370.858
  0.228   730370.866
  0.230   730370.873
  3.891   730370.879
  0.202   730370.886
  0.274   730370.893
  0.248   730370.900
  0.250   730370.907
  0.278   730370.914
  0.282   730370.921
  0.304   730370.928
  0.321   730370.935
  0.296   730370.942
  0.344   730370.949
  0.309   730370.956
  0.384   730370.968
  0.352   730370.974
  0.352   730370.979
  0.344   730370.985
  0.387   730370.991
  0.369   730370.998
