  0.232   730370.004
  0.288   730370.004
  0.271   730370.011
  0.293   730370.018
  0.309   730370.025
  0.314   730370.032
  0.322   730370.039
  0.290   730370.046
  0.335   730370.053
  0.282   730370.059
  0.272   730370.067
  0.296   730370.074
  0.295   730370.081
  0.297   730370.088
  0.299   730370.095
  0.286   730370.101
  0.283   730370.108
  0.298   730370.115
  0.280   730370.122
  0.297   730370.129
  0.303   730370.136
  0.275   730370.143
  0.288   730370.150
  0.593   730370.157
  0.232   730370.164
  0.282   730370.171
  0.253   730370.178
  0.307   730370.184
  0.294   730370.191
  0.280   730370.198
  0.286   730370.206
  0.293   730370.212
  0.289   730370.219
  0.310   730370.226
  0.284   730370.233
  0.294   730370.240
  0.315   730370.247
  0.320   730370.254
  0.274   730370.261
  0.339   730370.268
  2.710   730370.275
  0.273   730370.282
  0.279   730370.289
  0.282   730370.296
  0.290   730370.303
  0.258   730370.309
  0.326   730370.316
  0.303   730370.323
  0.308   730370.331
  0.277   730370.337
  0.298   730370.344
  0.283   730370.351
  0.278   730370.358
  0.267   730370.365
  0.253   730370.372
  0.266   730370.379
  0.289   730370.386
  0.279   730370.393
  0.281   730370.400
  0.257   730370.407
  0.244   730370.414
  0.272   730370.421
  0.265   730370.427
  0.261   730370.434
  0.255   730370.441
  0.256   730370.448
  0.246   730370.455
  0.285   730370.462
  0.216   730370.469
  0.268   730370.476
  0.250   730370.483
  0.247   730370.490
  0.269   730370.497
  0.239   730370.504
  0.258   730370.511
  0.259   730370.518
  0.260   730370.525
  0.265   730370.532
  0.277   730370.539
  0.225   730370.546
  0.221   730370.552
  0.226   730370.559
  0.250   730370.566
  0.234   730370.573
  0.243   730370.580
  0.212   730370.587
  0.208   730370.594
  0.220   730370.601
  0.219   730370.608
  0.230   730370.615
  0.235   730370.622
  0.228   730370.629
  0.260   730370.636
  0.219   730370.643
  0.210   730370.650
  0.228   730370.657
  0.226   730370.664
  0.213   730370.671
  0.194   730370.678
  0.207   730370.684
  0.220   730370.691
  0.203   730370.698
  0.214   730370.705
  0.185   730370.712
  0.206   730370.719
  0.234   730370.726
  0.215   730370.733
  0.222   730370.740
  0.184   730370.747
  0.178   730370.754
  0.190   730370.761
  0.206   730370.768
  2.499   730370.775
  0.172   730370.783
  0.183   730370.789
  0.186   730370.796
  0.167   730370.803
  0.166   730370.810
  0.154   730370.817
  0.182   730370.824
  0.182   730370.831
  0.171   730370.838
  0.195   730370.844
  0.178   730370.851
  0.150   730370.858
  0.176   730370.866
  0.173   730370.873
  0.167   730370.879
  0.180   730370.886
  0.185   730370.893
  0.168   730370.900
  0.186   730370.907
  0.151   730370.914
  0.199   730370.921
  0.189   730370.928
  0.183   730370.935
  0.198   730370.942
  0.198   730370.949
  0.208   730370.956
  0.214   730370.968
  0.214   730370.974
  0.245   730370.979
  0.291   730370.985
  0.263   730370.991
  0.233   730370.998
