  0.977   730076.001
  1.061   730076.008
  1.010   730076.015
  0.963   730076.022
  1.011   730076.029
  1.044   730076.036
  1.008   730076.042
  1.100   730076.049
  1.004   730076.056
  1.154   730076.063
  1.040   730076.070
  0.848   730076.077
  1.071   730076.084
  0.955   730076.091
  0.852   730076.098
  0.989   730076.105
  1.028   730076.112
  0.917   730076.119
  1.088   730076.126
  1.057   730076.133
  0.957   730076.140
  1.038   730076.147
  0.949   730076.153
  0.896   730076.161
  0.974   730076.167
  0.822   730076.174
  0.973   730076.181
  0.952   730076.188
  1.036   730076.195
  0.975   730076.202
  0.995   730076.209
  0.913   730076.216
  0.946   730076.223
  0.971   730076.230
  0.846   730076.237
  0.981   730076.244
  1.004   730076.251
  0.861   730076.258
  0.975   730076.272
  0.878   730076.278
  1.028   730076.285
  1.015   730076.292
  1.096   730076.299
  1.206   730076.306
  1.082   730076.313
  1.139   730076.320
  1.283   730076.327
  1.427   730076.334
  1.220   730076.341
  1.265   730076.348
  1.268   730076.355
  1.492   730076.362
  1.234   730076.369
  1.386   730076.376
  1.320   730076.383
  1.511   730076.390
  1.500   730076.397
  1.548   730076.403
  1.579   730076.410
  1.562   730076.417
  1.614   730076.424
    NaN   730076.431
  1.631   730076.438
  1.607   730076.445
  1.868   730076.453
  1.672   730076.459
  1.505   730076.466
  1.922   730076.480
  1.753   730076.487
  1.627   730076.494
  1.832   730076.501
  1.677   730076.508
  1.749   730076.515
  1.674   730076.522
  1.804   730076.528
  1.532   730076.535
  1.566   730076.542
  1.667   730076.549
  1.862   730076.556
  1.617   730076.563
  1.634   730076.570
  1.580   730076.577
  1.780   730076.584
  1.746   730076.591
  1.816   730076.598
  1.791   730076.605
  1.520   730076.612
  1.630   730076.619
  1.491   730076.626
  1.620   730076.633
  1.542   730076.640
  1.562   730076.647
  1.529   730076.653
  1.290   730076.660
  1.365   730076.667
  1.512   730076.681
  1.531   730076.688
  1.372   730076.695
  1.390   730076.702
    NaN   730076.709
  1.384   730076.723
  1.237   730076.730
  1.421   730076.737
  1.334   730076.744
  1.323   730076.751
  1.232   730076.765
  1.514   730076.772
  1.455   730076.778
  1.441   730076.785
  1.577   730076.792
  1.432   730076.799
  1.147   730076.806
  1.374   730076.823
  1.221   730076.831
  1.223   730076.837
  1.287   730076.844
  1.359   730076.851
  1.258   730076.858
  1.077   730076.865
  1.173   730076.872
  1.230   730076.878
  1.245   730076.885
  1.177   730076.893
  1.306   730076.899
  1.337   730076.906
  1.277   730076.913
  1.311   730076.920
    NaN   730076.927
  5.501   730076.934
  1.251   730076.941
  1.199   730076.948
  1.238   730076.955
  1.312   730076.962
  1.098   730076.967
  1.332   730076.980
  1.218   730076.987
  1.209   730076.994
