  0.340   729947.000
  0.340   729947.000
  0.630   729947.010
  0.700   729947.020
  0.960   729947.030
  0.860   729947.030
  0.980   729947.040
  0.770   729947.050
  0.370   729947.050
  0.480   729947.060
  0.520   729947.070
  1.080   729947.070
  1.080   729947.070
  1.080   729947.070
  1.080   729947.070
  1.080   729947.070
  1.080   729947.070
  1.080   729947.070
  1.080   729947.070
  1.080   729947.070
  1.080   729947.070
  1.080   729947.070
  1.080   729947.070
  1.080   729947.070
  1.080   729947.070
  1.080   729947.070
  1.080   729947.070
  1.080   729947.070
  1.080   729947.070
  1.080   729947.070
  1.080   729947.070
  1.080   729947.070
  1.080   729947.070
  1.080   729947.070
  1.080   729947.070
  1.080   729947.070
  1.080   729947.070
  1.080   729947.070
  1.080   729947.070
  1.080   729947.070
  1.080   729947.070
  1.080   729947.070
  1.080   729947.070
  1.080   729947.070
  1.080   729947.070
  1.080   729947.070
  1.080   729947.070
  1.080   729947.070
  1.080   729947.070
  1.080   729947.070
  1.080   729947.070
  1.080   729947.070
  1.080   729947.070
  1.080   729947.070
  1.080   729947.070
  1.080   729947.070
  1.080   729947.070
  1.080   729947.070
  1.080   729947.070
  1.080   729947.070
  1.080   729947.070
  1.080   729947.070
  1.080   729947.070
  1.080   729947.070
  1.080   729947.070
  1.080   729947.070
  1.080   729947.070
  1.080   729947.070
  1.080   729947.070
  1.080   729947.070
  1.080   729947.070
  1.080   729947.070
  1.080   729947.070
  1.080   729947.070
  1.080   729947.070
  1.080   729947.070
  1.080   729947.070
  1.080   729947.070
  1.080   729947.070
  1.080   729947.070
  1.080   729947.070
  1.080   729947.070
  1.080   729947.070
  1.080   729947.070
  1.080   729947.070
  1.080   729947.070
  1.080   729947.070
  1.080   729947.070
  1.080   729947.070
  1.080   729947.070
  1.080   729947.070
  1.080   729947.070
  1.080   729947.070
  1.080   729947.070
  1.080   729947.070
  1.080   729947.070
  1.080   729947.070
  1.080   729947.070
  1.080   729947.070
  1.080   729947.070
  1.080   729947.070
  1.080   729947.070
  1.080   729947.070
  1.080   729947.070
  1.080   729947.070
  1.080   729947.070
  1.080   729947.070
  1.080   729947.070
  1.080   729947.070
  1.080   729947.070
  1.080   729947.070
  1.080   729947.070
  1.080   729947.070
  1.080   729947.070
  1.080   729947.070
  1.080   729947.070
  1.080   729947.070
  1.080   729947.070
  1.080   729947.070
  1.080   729947.070
  1.080   729947.070
  1.080   729947.070
  1.080   729947.070
  1.080   729947.070
  1.080   729947.070
  1.080   729947.070
  1.080   729947.070
  1.080   729947.070
  1.080   729947.070
  1.080   729947.070
  1.080   729947.070
  1.080   729947.070
  1.080   729947.070
  1.080   729947.070
  1.080   729947.070
  1.080   729947.070
  1.080   729947.070
  1.080   729947.070
  1.080   729947.070
  1.080   729947.070
  1.080   729947.070
