  0.849   730413.001
  0.270   730413.001
  0.811   730413.008
  0.799   730413.015
  5.745   730413.015
  0.832   730413.022
  0.692   730413.029
  0.773   730413.035
  0.713   730413.043
  0.771   730413.049
  0.801   730413.056
  0.801   730413.063
  0.798   730413.071
  0.681   730413.077
  0.783   730413.084
  0.715   730413.091
  0.715   730413.098
  0.682   730413.105
  0.819   730413.112
  0.696   730413.119
  0.808   730413.126
  0.778   730413.133
  0.728   730413.140
  1.775   730413.147
  0.705   730413.154
  0.741   730413.160
  0.716   730413.167
  0.689   730413.174
  0.696   730413.181
  0.465   730413.181
  0.736   730413.188
  0.641   730413.196
  0.663   730413.202
  0.576   730413.209
  0.604   730413.216
  0.668   730413.223
  0.689   730413.230
  0.671   730413.237
  0.614   730413.244
  0.639   730413.251
  0.605   730413.258
  0.652   730413.265
  0.626   730413.272
  0.574   730413.279
  0.555   730413.285
  0.645   730413.292
  0.558   730413.299
  0.599   730413.306
  0.646   730413.313
  0.653   730413.321
  0.573   730413.327
  0.617   730413.334
  0.495   730413.341
  0.610   730413.348
  0.579   730413.355
  0.327   730413.355
  0.569   730413.362
  0.564   730413.369
  0.538   730413.376
  0.587   730413.383
  0.604   730413.390
  0.561   730413.396
  0.585   730413.404
  0.574   730413.410
  0.690   730413.417
  0.581   730413.424
  0.687   730413.431
  0.717   730413.438
  0.766   730413.446
  0.700   730413.452
  0.724   730413.459
  0.779   730413.466
  0.797   730413.473
  0.727   730413.480
  0.819   730413.487
  0.806   730413.494
  5.254   730413.501
  0.805   730413.508
  0.730   730413.515
  0.715   730413.521
  0.625   730413.529
  0.760   730413.529
  0.749   730413.535
  0.745   730413.542
  0.650   730413.549
  0.710   730413.556
  0.626   730413.563
  0.681   730413.571
  0.652   730413.577
  0.623   730413.584
  0.653   730413.591
  0.603   730413.598
  0.654   730413.605
  0.621   730413.612
  0.473   730413.619
  0.583   730413.626
  0.620   730413.633
  0.571   730413.640
  1.699   730413.646
  0.522   730413.654
  0.527   730413.660
  0.532   730413.667
  0.589   730413.674
  0.473   730413.681
  0.535   730413.688
  0.466   730413.696
  0.291   730413.702
  0.508   730413.702
  0.523   730413.709
  0.559   730413.716
  0.492   730413.723
  0.456   730413.730
  0.481   730413.737
  0.497   730413.744
  0.473   730413.751
  0.546   730413.758
  0.442   730413.765
  0.492   730413.772
  0.482   730413.779
  0.512   730413.785
  0.455   730413.792
  0.402   730413.799
  0.438   730413.806
  0.458   730413.813
  0.509   730413.821
  0.430   730413.827
  0.427   730413.834
  0.441   730413.841
  0.489   730413.848
  0.393   730413.855
  0.473   730413.862
  0.392   730413.869
  0.178   730413.876
  0.451   730413.876
  0.419   730413.883
  0.411   730413.890
  0.418   730413.896
  0.428   730413.904
  0.438   730413.910
  0.424   730413.917
  0.357   730413.924
  0.383   730413.931
  0.392   730413.938
  0.471   730413.946
  0.413   730413.952
  0.436   730413.959
  0.374   730413.966
  0.391   730413.973
  0.464   730413.980
  5.384   730413.987
  0.423   730413.994
