  0.098   730413.007
  0.954   730413.007
  0.247   730413.013
  0.031   730413.020
  0.230   730413.020
  0.245   730413.027
  0.909   730413.034
  0.701   730413.041
  0.203   730413.048
  0.227   730413.055
  0.239   730413.062
  0.560   730413.069
  0.251   730413.076
  0.245   730413.083
  0.214   730413.090
  0.930   730413.097
  0.248   730413.104
  0.241   730413.111
  0.211   730413.118
  0.222   730413.125
  0.239   730413.131
  0.242   730413.138
  0.332   730413.145
  0.254   730413.152
  0.211   730413.159
  0.975   730413.166
  0.230   730413.173
  0.352   730413.180
  0.058   730413.180
  0.194   730413.187
  0.188   730413.194
  0.363   730413.201
  0.210   730413.208
  0.183   730413.215
  0.181   730413.222
  0.171   730413.229
  0.219   730413.236
  0.191   730413.243
  0.197   730413.250
  0.174   730413.256
  0.196   730413.263
  0.650   730413.270
  0.158   730413.277
  0.196   730413.284
  0.156   730413.291
  0.176   730413.298
  0.885   730413.305
  0.165   730413.312
  0.137   730413.319
  0.163   730413.326
  0.155   730413.333
  0.478   730413.340
  0.170   730413.347
  0.141   730413.354
  0.060   730413.354
  0.766   730413.361
  0.149   730413.368
  0.123   730413.375
  0.803   730413.381
  0.144   730413.388
  0.131   730413.395
  0.143   730413.402
  0.124   730413.409
  0.126   730413.416
  0.136   730413.423
  0.832   730413.430
  0.140   730413.437
  0.123   730413.444
  0.131   730413.451
  0.876   730413.458
  0.116   730413.465
  0.121   730413.472
  0.116   730413.479
  0.803   730413.486
  0.105   730413.493
  0.902   730413.500
  0.110   730413.506
  0.119   730413.513
  0.942   730413.520
  0.074   730413.527
  0.070   730413.527
  0.094   730413.534
  0.116   730413.541
    NaN   730413.548
  0.659   730413.555
  0.012   730413.562
  0.709   730413.569
  0.072   730413.576
  0.244   730413.583
  0.140   730413.590
  0.946   730413.597
  0.120   730413.604
  0.821   730413.611
  0.117   730413.618
  0.101   730413.625
  0.920   730413.631
  0.118   730413.638
  0.121   730413.645
  0.103   730413.652
  0.128   730413.659
  0.115   730413.666
  0.109   730413.673
  0.115   730413.680
  0.104   730413.687
  0.105   730413.694
  0.875   730413.701
  0.099   730413.701
  0.099   730413.708
  0.114   730413.715
  0.113   730413.717
  0.108   730413.722
  0.118   730413.729
  0.701   730413.736
  0.115   730413.743
  0.123   730413.750
  0.126   730413.756
  0.106   730413.763
  0.144   730413.771
  0.130   730413.777
  0.139   730413.784
  0.139   730413.791
  0.151   730413.798
  0.424   730413.805
  0.155   730413.812
  0.831   730413.819
  0.165   730413.826
  0.178   730413.833
  0.678   730413.840
  0.173   730413.847
  0.156   730413.854
  0.197   730413.861
  0.222   730413.868
  0.123   730413.875
  0.641   730413.875
  0.206   730413.881
  0.224   730413.888
  0.224   730413.895
  0.226   730413.902
  0.273   730413.909
  0.259   730413.916
  0.304   730413.923
  0.266   730413.930
  0.274   730413.937
  0.260   730413.944
  0.391   730413.951
  0.259   730413.958
  0.296   730413.965
  0.251   730413.972
  0.741   730413.979
  0.865   730413.986
  0.239   730413.993
  1.297   730414.000
