  0.203   730413.007
  0.218   730413.014
  0.062   730413.014
  0.190   730413.021
  0.222   730413.028
  0.240   730413.035
  0.203   730413.042
  0.205   730413.049
  0.217   730413.056
  0.184   730413.062
  0.190   730413.070
  0.178   730413.076
  0.211   730413.083
  0.170   730413.090
  0.190   730413.097
  0.191   730413.104
  0.199   730413.111
  0.190   730413.118
  0.205   730413.125
  0.199   730413.132
  0.178   730413.139
  0.189   730413.146
  0.175   730413.153
  0.187   730413.160
  0.188   730413.167
  0.163   730413.174
  0.179   730413.181
  0.077   730413.181
  0.178   730413.188
  0.165   730413.195
  0.175   730413.202
  0.189   730413.208
  0.175   730413.215
  0.182   730413.222
  0.181   730413.229
  0.163   730413.237
  0.171   730413.243
  0.179   730413.250
  0.173   730413.257
  0.159   730413.264
  0.169   730413.271
  0.175   730413.278
  0.178   730413.285
  0.188   730413.292
  0.183   730413.299
  0.194   730413.306
  0.175   730413.312
  0.193   730413.320
  3.908   730413.326
  0.166   730413.333
  0.186   730413.340
  0.152   730413.347
  0.166   730413.354
  0.074   730413.354
  0.167   730413.361
  0.235   730413.368
  0.160   730413.375
  0.158   730413.382
  0.160   730413.389
  0.153   730413.396
  0.165   730413.403
  0.177   730413.410
  0.150   730413.417
  0.160   730413.424
  0.150   730413.431
  0.155   730413.437
  0.168   730413.445
  0.145   730413.451
  0.154   730413.458
  0.141   730413.465
  0.150   730413.472
  0.136   730413.479
  0.136   730413.486
  0.145   730413.493
  0.166   730413.500
  0.138   730413.507
  0.156   730413.514
  0.134   730413.521
  0.129   730413.528
  0.106   730413.528
  0.132   730413.535
  0.131   730413.542
  0.148   730413.549
  0.159   730413.556
  0.133   730413.562
  0.145   730413.570
  0.161   730413.576
  0.160   730413.583
  0.131   730413.590
  0.149   730413.597
  0.148   730413.604
  0.134   730413.611
  0.122   730413.618
  0.138   730413.625
  0.130   730413.632
  0.128   730413.639
  0.141   730413.646
  0.130   730413.653
  0.134   730413.660
  0.140   730413.667
  0.142   730413.674
  0.160   730413.681
  0.138   730413.687
  0.143   730413.695
  0.097   730413.701
  0.134   730413.701
  0.133   730413.708
  0.127   730413.715
  0.133   730413.722
  0.134   730413.729
  0.129   730413.736
  0.135   730413.743
  0.127   730413.750
  0.114   730413.757
  0.144   730413.764
  0.149   730413.771
  0.129   730413.778
  0.117   730413.785
  0.132   730413.792
  0.152   730413.799
  0.127   730413.806
  0.124   730413.812
  0.099   730413.820
  6.073   730413.826
  0.114   730413.833
  0.106   730413.840
  0.114   730413.847
  0.105   730413.854
  0.105   730413.861
  0.119   730413.868
  0.079   730413.875
  0.111   730413.875
  0.120   730413.882
  0.099   730413.889
  0.104   730413.896
  0.125   730413.903
  0.120   730413.910
  0.118   730413.917
  0.107   730413.924
  0.109   730413.931
  0.114   730413.937
  0.117   730413.945
  0.120   730413.951
  0.115   730413.959
  0.123   730413.965
  0.119   730413.972
  0.122   730413.979
  0.136   730413.986
  0.172   730413.993
