  0.041   730413.007
  0.033   730413.014
  0.013   730413.014
  0.037   730413.021
  0.035   730413.028
  0.042   730413.035
  0.039   730413.042
  0.038   730413.049
  0.035   730413.056
  0.039   730413.062
  0.033   730413.070
  0.037   730413.076
  0.037   730413.083
  0.037   730413.090
  0.032   730413.097
  0.033   730413.104
  0.037   730413.111
  1.259   730413.118
  0.034   730413.125
  0.038   730413.132
  0.042   730413.139
  0.032   730413.146
  0.033   730413.153
  0.033   730413.160
  0.039   730413.167
  0.037   730413.174
  0.038   730413.181
  0.014   730413.181
  0.036   730413.188
  0.033   730413.195
  0.034   730413.202
  0.043   730413.208
  0.037   730413.215
  0.034   730413.222
  0.034   730413.229
  0.033   730413.237
  0.034   730413.243
  0.036   730413.250
  0.037   730413.257
  0.032   730413.264
  0.032   730413.271
  0.033   730413.278
  0.035   730413.285
  0.033   730413.292
  0.030   730413.299
  0.035   730413.306
  0.031   730413.312
  0.032   730413.320
  0.034   730413.326
  0.032   730413.333
  0.035   730413.340
  0.032   730413.347
  0.032   730413.354
  0.017   730413.354
  0.031   730413.361
  0.038   730413.368
  0.033   730413.375
  0.029   730413.382
  0.034   730413.389
  0.032   730413.396
  0.032   730413.403
  0.027   730413.410
  0.027   730413.417
  0.030   730413.424
  0.029   730413.431
  0.029   730413.437
  0.032   730413.445
  0.028   730413.451
  0.032   730413.458
  0.029   730413.465
  0.026   730413.472
  0.026   730413.479
  0.032   730413.486
  0.026   730413.493
  0.025   730413.500
  0.028   730413.507
  0.027   730413.514
  0.029   730413.521
  0.025   730413.528
  0.023   730413.528
  0.028   730413.535
  0.028   730413.542
  0.030   730413.549
  0.027   730413.556
  0.032   730413.562
  0.027   730413.570
  0.029   730413.576
  0.044   730413.583
  0.031   730413.590
  0.022   730413.597
  0.026   730413.604
  0.027   730413.611
  1.385   730413.618
  0.026   730413.625
  0.026   730413.632
  0.026   730413.639
  0.027   730413.646
  0.027   730413.653
  0.028   730413.660
  0.026   730413.667
  0.025   730413.674
  0.026   730413.681
  0.025   730413.687
  0.029   730413.695
  0.017   730413.701
  0.025   730413.701
  0.027   730413.708
  0.027   730413.715
  0.026   730413.722
  0.026   730413.729
  0.027   730413.736
  0.026   730413.743
  0.028   730413.750
  0.027   730413.757
  0.028   730413.764
  0.031   730413.771
  0.024   730413.778
  0.027   730413.785
  0.029   730413.792
  0.027   730413.799
  0.029   730413.806
  0.030   730413.812
  0.029   730413.820
  0.030   730413.826
  0.031   730413.833
  0.035   730413.840
  0.034   730413.847
  0.031   730413.854
  0.033   730413.861
  0.031   730413.868
  0.022   730413.875
  0.033   730413.875
  0.030   730413.882
  0.031   730413.889
  0.030   730413.896
  0.032   730413.903
  0.029   730413.910
  0.030   730413.917
  0.026   730413.924
  0.026   730413.931
  0.031   730413.937
  0.031   730413.945
  0.032   730413.951
  0.033   730413.959
  0.028   730413.965
  0.027   730413.972
  0.033   730413.979
  0.031   730413.986
  0.036   730413.993
