  3.010   730157.000
  2.166   730157.007
  1.962   730157.014
  2.263   730157.021
  2.167   730157.028
  3.052   730157.035
  2.214   730157.042
  2.300   730157.049
  2.093   730157.056
  2.303   730157.069
  2.540   730157.076
  2.327   730157.083
  2.540   730157.090
  2.139   730157.097
  2.289   730157.104
  2.023   730157.111
  2.165   730157.118
  2.289   730157.125
  2.007   730157.132
  4.307   730157.139
  2.265   730157.146
  2.637   730157.153
  2.379   730157.160
  2.591   730157.167
  2.357   730157.174
  2.313   730157.181
  2.439   730157.188
  2.305   730157.194
  2.714   730157.201
  3.017   730157.208
  2.626   730157.215
  2.572   730157.222
  2.481   730157.229
  2.710   730157.236
  2.250   730157.243
  2.550   730157.250
  2.266   730157.257
  2.389   730157.264
  2.156   730157.271
  2.410   730157.278
  2.044   730157.285
  2.336   730157.292
  2.216   730157.299
  2.023   730157.306
  2.247   730157.312
  2.554   730157.319
  2.233   730157.326
  2.398   730157.333
  2.185   730157.340
  2.434   730157.347
  2.570   730157.354
  3.095   730157.361
  2.342   730157.368
  2.191   730157.375
  2.401   730157.382
  2.575   730157.389
  2.609   730157.396
  2.436   730157.403
  2.167   730157.410
  2.346   730157.417
  2.408   730157.424
  2.267   730157.431
  2.270   730157.438
  2.266   730157.444
  2.364   730157.451
  2.286   730157.458
  2.087   730157.465
  2.513   730157.472
  2.368   730157.479
  2.312   730157.486
  2.158   730157.493
  2.357   730157.500
  2.347   730157.507
  2.348   730157.514
  2.340   730157.521
  3.111   730157.528
  2.480   730157.535
  2.351   730157.542
  2.321   730157.549
  2.428   730157.556
  2.289   730157.562
  3.339   730157.569
  2.311   730157.576
  2.320   730157.583
  2.539   730157.590
  2.405   730157.597
  2.611   730157.604
  2.337   730157.611
  2.207   730157.618
  2.500   730157.625
  2.349   730157.632
  2.409   730157.639
  2.586   730157.646
  2.570   730157.653
  2.583   730157.660
  2.165   730157.667
  3.254   730157.674
  2.789   730157.681
  2.635   730157.688
  2.358   730157.694
  2.474   730157.701
  2.508   730157.708
  2.717   730157.715
  2.568   730157.722
  3.633   730157.729
  2.628   730157.736
  3.794   730157.743
  2.522   730157.750
  2.356   730157.757
  2.476   730157.764
  2.737   730157.771
  2.942   730157.778
  2.608   730157.785
  2.402   730157.792
  8.371   730157.799
  2.811   730157.806
  2.529   730157.812
  2.675   730157.819
  2.508   730157.826
  2.210   730157.833
  2.332   730157.840
  2.359   730157.847
  2.888   730157.854
  2.511   730157.861
  2.375   730157.868
  2.503   730157.875
    NaN   730157.882
 11.712   730157.889
  3.016   730157.896
  4.053   730157.903
  3.104   730157.910
 17.382   730157.917
