  0.956   730157.002
  0.867   730157.009
  0.755   730157.016
  0.855   730157.023
  0.887   730157.030
    NaN   730157.037
  0.830   730157.044
  0.890   730157.051
  0.956   730157.072
  0.800   730157.081
  0.998   730157.086
  0.829   730157.092
  0.797   730157.099
  0.855   730157.122
  0.834   730157.128
  0.870   730157.135
  1.077   730157.141
  0.824   730157.148
  0.899   730157.155
  0.926   730157.162
  1.105   730157.169
  0.875   730157.176
  0.827   730157.183
  0.895   730157.190
  0.832   730157.197
  0.835   730157.204
  0.766   730157.211
  0.894   730157.218
  0.795   730157.225
  0.803   730157.232
  0.928   730157.239
  0.833   730157.246
  1.053   730157.253
  1.156   730157.260
  1.118   730157.267
  1.149   730157.274
  0.925   730157.281
  0.769   730157.287
  0.793   730157.294
  0.902   730157.301
  0.837   730157.308
  0.866   730157.315
  0.839   730157.322
  0.833   730157.328
  0.901   730157.336
  0.819   730157.342
  0.761   730157.349
  0.805   730157.357
  1.078   730157.364
  1.203   730157.371
  1.283   730157.378
  1.639   730157.385
  1.752   730157.391
  1.445   730157.399
  1.354   730157.406
  1.336   730157.412
  1.195   730157.419
  1.100   730157.426
  1.097   730157.433
  1.182   730157.440
  1.070   730157.447
  0.899   730157.455
  0.816   730157.462
  0.844   730157.468
  0.820   730157.475
  0.734   730157.482
  0.989   730157.489
  0.757   730157.496
  0.807   730157.503
  0.829   730157.509
  0.876   730157.517
  0.837   730157.524
  0.950   730157.530
    NaN   730157.537
  0.885   730157.544
  1.044   730157.551
  1.061   730157.558
  1.107   730157.565
  1.069   730157.572
  1.048   730157.579
  1.124   730157.586
  1.178   730157.593
  1.083   730157.600
  1.025   730157.606
  1.109   730157.614
  1.076   730157.620
  1.279   730157.628
  1.066   730157.635
  1.024   730157.642
  1.115   730157.649
  1.107   730157.655
  1.123   730157.662
  1.106   730157.669
  1.143   730157.676
  1.147   730157.683
  1.219   730157.690
  1.131   730157.697
  1.180   730157.703
  1.304   730157.710
  1.150   730157.717
  1.141   730157.725
  1.192   730157.732
  1.250   730157.738
  1.120   730157.745
  1.233   730157.752
  1.294   730157.759
  1.226   730157.766
  1.249   730157.774
  1.161   730157.781
  1.139   730157.787
  1.027   730157.794
  1.236   730157.801
  1.040   730157.808
  1.043   730157.815
  1.127   730157.822
  1.182   730157.829
  1.098   730157.836
  1.179   730157.843
  0.976   730157.850
  1.211   730157.857
  1.100   730157.864
  1.123   730157.871
  1.197   730157.877
  1.034   730157.885
  1.031   730157.892
  1.207   730157.899
  1.099   730157.906
  1.992   730157.912
  1.052   730157.919
