  1.623   730226.000
  1.612   730226.006
  1.440   730226.013
  1.682   730226.020
  1.542   730226.027
  1.621   730226.034
  1.624   730226.041
  1.737   730226.048
  1.455   730226.055
  1.502   730226.062
  1.568   730226.069
  1.904   730226.076
  1.574   730226.083
  1.543   730226.090
  1.693   730226.097
  1.459   730226.104
  1.646   730226.110
  1.652   730226.117
  2.991   730226.124
  1.601   730226.131
  1.610   730226.138
  1.731   730226.145
  1.676   730226.152
  1.570   730226.159
  1.483   730226.166
  1.507   730226.173
  1.637   730226.180
  1.645   730226.187
  1.752   730226.194
  1.541   730226.201
  1.814   730226.208
  1.939   730226.215
  2.100   730226.222
  2.632   730226.229
  2.706   730226.235
  2.215   730226.242
  3.033   730226.249
  3.774   730226.256
  3.587   730226.263
  4.833   730226.270
  4.994   730226.277
  4.997   730226.284
  5.020   730226.284
  3.959   730226.291
  4.813   730226.298
  5.653   730226.305
  4.876   730226.312
  4.917   730226.319
  5.232   730226.326
  4.175   730226.333
  5.591   730226.340
  5.487   730226.347
  4.635   730226.354
  4.944   730226.360
  3.986   730226.367
  3.668   730226.374
  3.834   730226.381
  4.616   730226.388
  5.070   730226.395
  5.044   730226.402
  5.388   730226.409
  5.368   730226.416
  4.628   730226.423
  5.043   730226.430
  4.695   730226.437
  4.408   730226.444
  3.420   730226.451
  2.246   730226.458
  3.122   730226.465
  3.293   730226.472
  3.372   730226.479
  4.321   730226.485
  4.895   730226.492
  5.102   730226.499
  4.936   730226.506
  4.107   730226.513
  3.955   730226.520
  4.576   730226.527
  4.673   730226.534
  5.914   730226.541
  5.240   730226.548
  4.224   730226.555
  4.336   730226.562
  4.971   730226.569
  3.469   730226.576
  3.587   730226.583
  4.594   730226.590
  4.520   730226.597
  4.759   730226.604
  4.247   730226.610
  4.472   730226.617
  4.948   730226.624
  4.461   730226.631
  4.953   730226.638
  5.280   730226.645
  4.592   730226.652
  4.627   730226.659
  4.746   730226.666
  5.101   730226.673
  4.374   730226.680
  2.439   730226.687
  2.591   730226.694
  3.450   730226.701
  3.250   730226.708
  3.476   730226.715
  3.081   730226.722
  3.245   730226.729
  1.981   730226.735
  1.867   730226.742
  1.934   730226.749
  1.803   730226.756
  1.711   730226.763
  1.620   730226.770
  1.711   730226.777
  1.654   730226.784
  3.074   730226.791
  3.127   730226.798
  1.580   730226.805
  1.276   730226.812
  0.931   730226.819
  1.016   730226.826
  1.000   730226.833
  0.993   730226.840
  0.859   730226.847
  0.925   730226.854
  1.051   730226.860
  0.996   730226.867
  0.846   730226.874
  1.012   730226.881
  0.896   730226.888
  2.289   730226.895
  2.140   730226.902
  0.925   730226.909
  0.977   730226.916
  0.890   730226.923
  0.791   730226.930
  0.828   730226.937
  0.875   730226.944
  0.775   730226.951
  0.835   730226.958
  0.825   730226.965
  0.793   730226.972
  0.774   730226.979
  0.771   730226.986
  0.702   730226.992
