  2.419   730226.009
  2.358   730226.014
  2.474   730226.021
  2.690   730226.028
  2.716   730226.035
  3.279   730226.043
  2.475   730226.049
  1.948   730226.056
  2.621   730226.063
  2.775   730226.070
  2.664   730226.077
  2.728   730226.084
  2.607   730226.091
  2.471   730226.097
  2.844   730226.104
  2.454   730226.111
  2.878   730226.118
  2.633   730226.126
  2.878   730226.132
  3.010   730226.139
  2.893   730226.146
  2.643   730226.153
  2.966   730226.160
  2.346   730226.168
  2.197   730226.174
  2.479   730226.181
  2.646   730226.188
  2.344   730226.195
  2.000   730226.202
  2.316   730226.209
  2.093   730226.216
  2.106   730226.222
  2.146   730226.229
  1.734   730226.236
 10.738   730226.243
  1.637   730226.251
  1.893   730226.257
  1.846   730226.264
  1.676   730226.271
  1.681   730226.278
  1.788   730226.285
  1.687   730226.286
  0.952   730226.293
  1.604   730226.299
  1.760   730226.306
  1.645   730226.313
  1.553   730226.320
  1.576   730226.327
  1.658   730226.334
  1.481   730226.340
  1.494   730226.347
  1.804   730226.354
  1.493   730226.361
  1.538   730226.368
  1.507   730226.376
  1.489   730226.382
  1.854   730226.389
  1.839   730226.396
  1.622   730226.403
  1.576   730226.410
  1.670   730226.418
  1.528   730226.424
  1.635   730226.431
  1.362   730226.438
  1.576   730226.445
  1.431   730226.452
  1.646   730226.460
  1.615   730226.466
  1.526   730226.472
  1.566   730226.479
  1.510   730226.486
  1.576   730226.493
  1.728   730226.501
  1.551   730226.507
  1.732   730226.515
  1.867   730226.521
  1.846   730226.529
  1.716   730226.536
  1.726   730226.543
  2.113   730226.549
  1.923   730226.556
  1.867   730226.563
  1.921   730226.570
  1.699   730226.577
  1.909   730226.584
  1.974   730226.591
  2.068   730226.598
  1.858   730226.604
  1.936   730226.611
  1.747   730226.618
  2.102   730226.626
  2.036   730226.632
  2.062   730226.639
  2.198   730226.646
  1.733   730226.653
  1.846   730226.660
  2.036   730226.668
  1.623   730226.674
  1.740   730226.681
  1.872   730226.688
  1.787   730226.695
  1.656   730226.702
  1.648   730226.710
  1.500   730226.716
  1.645   730226.723
  1.667   730226.729
  1.468   730226.736
  9.066   730226.743
  1.578   730226.751
  1.412   730226.757
  1.615   730226.764
  1.429   730226.771
  1.492   730226.778
  1.603   730226.785
  1.651   730226.793
  1.666   730226.799
  1.473   730226.806
  1.565   730226.813
  1.508   730226.820
  1.427   730226.827
  1.396   730226.835
  1.588   730226.841
  1.608   730226.848
  1.270   730226.855
  1.477   730226.861
  1.449   730226.868
  1.330   730226.876
  1.294   730226.882
  1.295   730226.889
  1.357   730226.896
  1.078   730226.903
  1.294   730226.910
  1.362   730226.918
  1.226   730226.924
  1.185   730226.931
  1.226   730226.938
  1.282   730226.945
  1.159   730226.952
  1.094   730226.960
  1.275   730226.966
  1.140   730226.973
  1.216   730226.980
  1.018   730226.988
  1.121   730226.993
