  0.260   729934.000
  0.270   729934.000
  0.580   729934.010
  0.320   729934.020
  0.580   729934.030
  0.480   729934.030
  0.530   729934.040
  0.520   729934.050
  0.550   729934.050
  0.670   729934.060
  0.700   729934.070
  0.310   729934.070
  0.340   729934.080
  0.700   729934.090
  0.400   729934.090
  0.510   729934.100
  0.730   729934.110
  0.870   729934.120
  0.620   729934.120
  0.580   729934.130
  0.470   729934.140
  0.790   729934.140
  0.540   729934.150
  0.580   729934.160
  0.670   729934.160
  0.690   729934.170
  0.490   729934.180
  0.510   729934.180
  0.500   729934.190
  0.340   729934.200
  0.220   729934.210
  0.470   729934.210
  0.450   729934.220
  0.530   729934.230
  0.770   729934.230
  0.690   729934.240
  0.960   729934.250
  0.630   729934.250
  0.790   729934.260
  0.990   729934.270
  1.380   729934.280
  1.060   729934.280
  0.860   729934.290
  0.610   729934.300
  0.260   729934.300
  0.270   729934.310
  0.530   729934.320
  0.840   729934.320
  0.400   729934.330
  0.510   729934.340
  0.590   729934.340
  0.240   729934.350
  0.440   729934.360
  0.380   729934.370
  0.530   729934.370
  0.490   729934.380
  0.440   729934.390
  0.430   729934.390
  0.500   729934.400
  0.510   729934.410
  0.630   729934.410
  0.500   729934.420
  0.510   729934.430
  0.560   729934.430
  0.510   729934.440
  0.260   729934.450
  0.470   729934.460
  0.590   729934.460
  0.500   729934.470
  0.260   729934.480
  0.400   729934.480
  0.420   729934.490
  0.350   729934.500
  0.600   729934.500
  0.400   729934.510
  0.500   729934.520
  0.250   729934.530
  0.280   729934.530
  0.450   729934.540
  0.460   729934.550
  0.320   729934.550
  0.530   729934.560
  0.770   729934.570
  0.320   729934.570
  0.260   729934.580
