  0.340   729934.000
  0.370   729934.000
  0.360   729934.010
  0.360   729934.020
  0.350   729934.020
  0.370   729934.030
  0.360   729934.040
  0.360   729934.050
  0.320   729934.050
  0.350   729934.060
  0.340   729934.070
  0.320   729934.070
  0.310   729934.080
  0.320   729934.090
  0.340   729934.090
  0.330   729934.100
  0.360   729934.110
  0.340   729934.110
  0.300   729934.120
  0.280   729934.130
  0.320   729934.140
  0.320   729934.140
  0.300   729934.150
  0.310   729934.160
  0.330   729934.160
  0.350   729934.170
  0.330   729934.180
  0.260   729934.180
  0.280   729934.190
  0.310   729934.200
  0.330   729934.200
  0.330   729934.210
  0.300   729934.220
  0.300   729934.230
  0.290   729934.230
  0.300   729934.240
  0.280   729934.250
  0.300   729934.250
  0.290   729934.260
  0.270   729934.270
  0.280   729934.270
  0.270   729934.280
  0.270   729934.290
  0.310   729934.300
  0.270   729934.300
  0.270   729934.310
  0.300   729934.320
  0.310   729934.320
  0.320   729934.330
  0.280   729934.340
  0.250   729934.340
  0.270   729934.350
  0.270   729934.360
  0.270   729934.360
  0.280   729934.370
  0.270   729934.380
  0.250   729934.390
  0.250   729934.390
  0.280   729934.400
  0.260   729934.410
  0.270   729934.410
  0.260   729934.420
  0.270   729934.430
  0.260   729934.430
  0.230   729934.440
  0.280   729934.450
  0.270   729934.450
  0.260   729934.460
  0.240   729934.470
  0.250   729934.480
  0.270   729934.480
  0.270   729934.490
  0.260   729934.500
  0.240   729934.500
  0.260   729934.510
  0.270   729934.520
  0.270   729934.520
  0.290   729934.530
  0.250   729934.540
  0.270   729934.550
  0.300   729934.550
  0.300   729934.560
  0.280   729934.570
  0.300   729934.570
  0.270   729934.580
