  0.086   730326.006
  0.048   730326.006
  0.044   730326.006
  0.047   730326.013
  0.036   730326.020
  0.052   730326.020
  0.039   730326.027
  0.041   730326.034
  0.033   730326.034
  0.044   730326.041
  0.045   730326.048
  0.040   730326.048
  0.048   730326.055
  0.034   730326.062
  0.038   730326.062
  0.044   730326.069
  0.049   730326.076
  0.044   730326.076
  0.044   730326.083
  0.057   730326.090
  0.040   730326.090
  0.040   730326.097
  0.056   730326.097
  0.037   730326.104
  0.039   730326.110
  0.055   730326.110
  0.038   730326.117
  0.099   730326.124
  0.040   730326.124
  0.039   730326.131
  0.054   730326.138
  0.040   730326.138
  0.040   730326.145
  0.063   730326.152
  0.040   730326.152
  0.044   730326.159
  0.040   730326.159
  0.042   730326.166
  0.037   730326.173
  0.056   730326.173
  0.040   730326.180
  0.057   730326.187
  0.044   730326.187
  0.051   730326.194
  0.030   730326.194
  0.048   730326.201
  0.044   730326.208
  0.053   730326.208
  0.044   730326.215
  0.072   730326.222
  0.046   730326.222
  0.045   730326.229
  0.013   730326.229
  0.048   730326.235
  0.043   730326.242
  0.093   730326.242
  0.038   730326.249
  0.027   730326.256
  0.042   730326.256
  0.040   730326.263
  0.028   730326.263
  0.047   730326.270
  0.038   730326.277
  0.084   730326.277
  0.042   730326.284
  0.024   730326.291
  0.051   730326.291
  0.051   730326.298
  0.051   730326.298
  0.052   730326.305
  0.093   730326.312
  0.045   730326.312
  0.055   730326.319
  0.056   730326.326
  0.045   730326.326
  0.049   730326.333
  0.068   730326.333
  0.048   730326.340
  0.053   730326.347
  0.053   730326.347
  0.043   730326.354
  0.060   730326.360
  0.048   730326.360
  0.048   730326.367
  0.044   730326.367
  0.050   730326.374
  0.106   730326.381
  0.048   730326.381
  0.050   730326.388
  0.060   730326.395
  0.191   730326.395
  0.047   730326.402
  0.065   730326.402
  0.093   730326.409
  0.048   730326.416
  0.095   730326.416
  0.048   730326.423
  0.089   730326.430
  0.055   730326.430
  0.055   730326.437
  0.046   730326.444
  0.053   730326.444
  0.045   730326.451
  0.059   730326.458
  0.050   730326.458
  0.047   730326.465
  0.065   730326.472
  0.094   730326.472
  0.043   730326.479
  0.071   730326.479
  0.050   730326.485
  0.061   730326.492
  0.059   730326.499
  0.045   730326.499
  0.041   730326.506
  0.023   730326.506
  0.043   730326.513
  0.046   730326.520
  0.012   730326.520
  0.049   730326.527
  0.052   730326.534
  0.042   730326.534
  0.045   730326.541
  0.045   730326.548
  0.082   730326.548
  0.051   730326.555
  0.067   730326.562
  0.035   730326.562
  0.048   730326.569
  0.045   730326.576
  0.039   730326.576
  0.048   730326.583
  0.044   730326.590
  0.047   730326.590
  0.041   730326.597
  0.049   730326.604
  0.053   730326.604
  0.041   730326.610
  0.043   730326.617
  0.062   730326.617
  0.050   730326.624
  0.047   730326.631
  0.012   730326.631
  0.044   730326.638
  0.045   730326.645
  0.012   730326.645
  0.045   730326.652
  0.049   730326.659
  0.052   730326.659
  0.060   730326.666
  0.051   730326.673
  0.054   730326.680
  0.046   730326.680
  0.051   730326.687
  0.053   730326.694
  0.033   730326.701
  0.050   730326.701
  0.072   730326.708
  0.046   730326.715
  0.072   730326.715
  0.048   730326.722
  0.047   730326.729
  0.056   730326.735
  0.049   730326.735
  0.053   730326.742
  0.056   730326.749
  0.066   730326.749
  0.047   730326.756
  0.054   730326.763
  0.040   730326.770
  0.048   730326.770
  0.039   730326.777
  0.041   730326.784
  0.075   730326.784
  0.041   730326.791
  0.049   730326.798
  0.046   730326.805
  0.039   730326.812
  0.010   730326.819
  0.082   730326.819
  0.044   730326.819
  0.042   730326.826
  0.062   730326.833
  0.045   730326.833
  0.047   730326.840
  0.031   730326.840
  0.041   730326.847
  0.049   730326.854
  0.015   730326.854
  0.046   730326.860
  0.043   730326.867
  0.030   730326.867
  0.046   730326.874
  0.063   730326.881
  0.048   730326.881
  0.053   730326.888
  0.036   730326.895
  3.482   730326.895
  0.042   730326.902
  0.067   730326.902
  0.039   730326.909
  0.068   730326.916
  0.049   730326.916
  0.039   730326.923
  0.063   730326.923
  0.045   730326.930
  0.077   730326.937
  0.048   730326.937
  0.044   730326.944
  0.048   730326.951
  0.048   730326.958
  0.065   730326.958
  0.179   730326.958
  0.059   730326.965
  0.028   730326.972
  0.050   730326.972
  0.043   730326.979
  0.072   730326.979
  0.051   730326.985
  0.051   730326.992
  0.040   730326.992
  0.045   730326.999
