  0.492   730326.003
  0.492   730326.003
  0.014   730326.003
  0.014   730326.003
  0.415   730326.003
  0.415   730326.003
  0.485   730326.009
  0.485   730326.009
  0.431   730326.015
  0.431   730326.015
  0.433   730326.023
  0.433   730326.023
  0.527   730326.029
  0.527   730326.029
  0.475   730326.036
  0.475   730326.036
  0.465   730326.044
  0.465   730326.044
  0.424   730326.050
  0.424   730326.050
  0.448   730326.056
  0.448   730326.056
  0.413   730326.064
  0.413   730326.064
  0.483   730326.071
  0.483   730326.071
  0.530   730326.078
  0.530   730326.078
  0.440   730326.085
  0.440   730326.085
  0.509   730326.092
  0.509   730326.092
  0.546   730326.099
  0.546   730326.099
  0.558   730326.106
  0.558   730326.106
  0.508   730326.113
  0.508   730326.113
  0.505   730326.120
  0.505   730326.120
  0.467   730326.126
  0.467   730326.126
  0.540   730326.133
  0.540   730326.133
  0.531   730326.140
  0.531   730326.140
  0.472   730326.147
  0.472   730326.147
  0.513   730326.154
  0.513   730326.154
  0.562   730326.161
  0.562   730326.161
  0.631   730326.168
  0.631   730326.168
  0.586   730326.175
  0.586   730326.175
  0.511   730326.182
  0.511   730326.182
  0.516   730326.189
  0.516   730326.189
  0.577   730326.196
  0.577   730326.196
  0.585   730326.203
  0.585   730326.203
  0.529   730326.210
  0.529   730326.210
  0.543   730326.217
  0.543   730326.217
  0.545   730326.224
  0.545   730326.224
  0.592   730326.231
  0.592   730326.231
  0.586   730326.238
  0.586   730326.238
  0.593   730326.245
  0.593   730326.245
  0.565   730326.252
  0.565   730326.252
  0.573   730326.258
  0.573   730326.258
  0.517   730326.266
  0.517   730326.266
  0.508   730326.272
  0.508   730326.272
  0.602   730326.279
  0.602   730326.279
  0.589   730326.286
  0.589   730326.286
  0.512   730326.293
  0.512   730326.293
  0.557   730326.300
  0.557   730326.300
  0.506   730326.307
  0.506   730326.307
  0.590   730326.314
  0.590   730326.314
  0.576   730326.321
  0.576   730326.321
  0.622   730326.328
  0.622   730326.328
  0.532   730326.335
  0.532   730326.335
  0.577   730326.342
  0.577   730326.342
  0.621   730326.349
  0.621   730326.349
  0.553   730326.356
  0.553   730326.356
  0.592   730326.363
  0.592   730326.363
  0.536   730326.370
  0.536   730326.370
  0.558   730326.377
  0.558   730326.377
  0.584   730326.384
  0.584   730326.384
  0.632   730326.390
  0.632   730326.390
  0.601   730326.398
  0.601   730326.398
  0.615   730326.404
  0.615   730326.404
  0.509   730326.411
  0.509   730326.411
  0.504   730326.418
  0.504   730326.418
  0.530   730326.425
  0.530   730326.425
  0.532   730326.432
  0.532   730326.432
  0.511   730326.439
  0.511   730326.439
  0.557   730326.446
  0.557   730326.446
  0.533   730326.453
  0.533   730326.453
  0.457   730326.460
  0.457   730326.460
  0.464   730326.467
  0.464   730326.467
  0.543   730326.474
  0.543   730326.474
  0.545   730326.481
  0.545   730326.481
  0.454   730326.488
  0.454   730326.488
  0.550   730326.495
  0.550   730326.495
  0.485   730326.502
  0.485   730326.502
  0.527   730326.509
  0.527   730326.509
  0.531   730326.516
  0.531   730326.516
  0.407   730326.523
  0.407   730326.523
  0.539   730326.529
  0.539   730326.529
  0.433   730326.536
  0.433   730326.536
  0.458   730326.543
  0.458   730326.543
  0.466   730326.550
  0.466   730326.550
  0.426   730326.557
  0.426   730326.557
  0.417   730326.564
  0.417   730326.564
  0.434   730326.571
  0.434   730326.571
  0.400   730326.578
  0.400   730326.578
  0.417   730326.585
  0.417   730326.585
  0.462   730326.592
  0.462   730326.592
  0.430   730326.599
  0.430   730326.599
  0.468   730326.606
  0.468   730326.606
  0.426   730326.613
  0.426   730326.613
  0.389   730326.620
  0.389   730326.620
  0.446   730326.627
  0.446   730326.627
  0.446   730326.634
  0.446   730326.634
  0.417   730326.640
  0.417   730326.640
  0.431   730326.647
  0.431   730326.647
  0.429   730326.654
  0.429   730326.654
  0.457   730326.661
  0.457   730326.661
  0.453   730326.668
  0.453   730326.668
  0.384   730326.675
  0.384   730326.675
  0.475   730326.682
  0.475   730326.682
  0.424   730326.689
  0.424   730326.689
  0.430   730326.696
  0.430   730326.696
  0.421   730326.703
  0.421   730326.703
  0.372   730326.710
  0.372   730326.710
  0.387   730326.717
  0.387   730326.717
  0.409   730326.724
  0.409   730326.724
  0.386   730326.731
  0.386   730326.731
  0.431   730326.738
  0.431   730326.738
  0.440   730326.745
  0.440   730326.745
  0.393   730326.752
  0.393   730326.752
  0.397   730326.759
  0.397   730326.759
  0.390   730326.765
  0.390   730326.765
  0.410   730326.772
  0.410   730326.772
  0.392   730326.779
  0.392   730326.779
  0.471   730326.786
  0.471   730326.786
  0.422   730326.793
  0.422   730326.793
  0.375   730326.800
  0.375   730326.800
  0.349   730326.807
  0.349   730326.807
  0.439   730326.814
  0.439   730326.814
  0.359   730326.821
  0.359   730326.821
  0.367   730326.828
  0.367   730326.828
  0.410   730326.835
  0.410   730326.835
  0.359   730326.842
  0.359   730326.842
  0.337   730326.849
  0.337   730326.849
  0.352   730326.856
  0.352   730326.856
  0.381   730326.863
  0.381   730326.863
  0.305   730326.870
  0.305   730326.870
  0.374   730326.877
  0.374   730326.877
  2.062   730326.884
  2.062   730326.884
  0.315   730326.891
  0.315   730326.891
  0.330   730326.898
  0.330   730326.898
  0.345   730326.904
  0.345   730326.904
  0.334   730326.911
  0.334   730326.911
  0.388   730326.918
  0.388   730326.918
  0.338   730326.925
  0.338   730326.925
  0.323   730326.932
  0.323   730326.932
  0.355   730326.939
  0.355   730326.939
  0.364   730326.946
  0.364   730326.946
  0.320   730326.953
  0.320   730326.953
  0.317   730326.960
  0.317   730326.960
  0.327   730326.967
  0.327   730326.967
  0.298   730326.974
  0.298   730326.974
  0.282   730326.981
  0.282   730326.981
  0.276   730326.988
  0.276   730326.988
  0.293   730326.995
  0.293   730326.995
