  0.003   730083.778
  0.003   730083.785
  0.003   730083.792
  0.003   730083.799
  0.003   730083.806
  0.003   730083.812
  0.003   730083.819
  0.003   730083.826
  0.002   730083.833
  0.003   730083.840
  0.003   730083.847
  0.303   730083.854
  0.263   730083.861
  0.626   730083.868
  0.264   730083.875
  0.270   730083.882
  0.323   730083.889
  1.095   730083.896
  0.306   730083.903
  0.301   730083.910
  0.286   730083.917
  0.349   730083.924
  0.251   730083.931
  0.246   730083.938
  0.292   730083.944
  0.282   730083.951
  0.278   730083.958
  0.278   730083.965
  0.289   730083.972
  0.293   730083.979
  0.283   730083.986
  0.280   730083.993
