  2.669   729334.000
  4.715   729334.010
  5.389   729334.021
  3.843   729334.031
  3.640   729334.042
  4.001   729334.052
  3.096   729334.063
  4.125   729334.073
  2.939   729334.083
  2.943   729334.094
  3.388   729334.104
  3.071   729334.115
  2.526   729334.125
  3.277   729334.146
  3.653   729334.156
  2.862   729334.167
  2.841   729334.177
  2.899   729334.188
  2.254   729334.198
  2.551   729334.208
  2.862   729334.219
  4.445   729334.229
  2.527   729334.240
  2.276   729334.250
  2.082   729334.260
  2.122   729334.271
  1.906   729334.281
  1.824   729334.292
  1.879   729334.302
  2.147   729334.313
  2.149   729334.323
  3.302   729334.333
  3.058   729334.344
  2.543   729334.354
  2.166   729334.365
  2.324   729334.375
  1.956   729334.385
  2.396   729334.396
  3.531   729334.406
  2.326   729334.417
  1.893   729334.427
  2.763   729334.438
  2.373   729334.448
  2.528   729334.458
  2.084   729334.469
  1.883   729334.479
  1.829   729334.490
  1.899   729334.500
  2.424   729334.510
  1.915   729334.521
  2.583   729334.531
  2.829   729334.542
  3.297   729334.552
  3.067   729334.563
  3.352   729334.573
  2.875   729334.583
  3.029   729334.594
  3.413   729334.604
  3.751   729334.615
  3.362   729334.625
  4.003   729334.635
  3.811   729334.646
  2.937   729334.656
  2.633   729334.667
  3.113   729334.677
  3.274   729334.688
  2.841   729334.698
  2.219   729334.708
  2.227   729334.719
  2.592   729334.729
  2.458   729334.740
  3.057   729334.750
  2.978   729334.760
  3.362   729334.771
  2.496   729334.781
  2.199   729334.792
  1.949   729334.802
  2.375   729334.813
  2.266   729334.823
  2.342   729334.833
  2.350   729334.844
  2.162   729334.854
  3.332   729334.865
  2.870   729334.875
    NaN   729334.885
  2.712   729334.896
  2.883   729334.906
  3.311   729334.917
  3.107   729334.927
  3.286   729334.938
  3.944   729334.948
  3.370   729334.958
  3.010   729334.969
  2.923   729334.979
  3.030   729334.990
