  0.584   730238.000
  4.689   730238.007
  4.805   730238.014
  4.836   730238.021
  4.355   730238.027
  4.914   730238.034
  3.708   730238.042
  4.088   730238.048
  3.791   730238.055
  3.161   730238.062
  3.196   730238.069
  2.578   730238.076
  2.383   730238.083
  2.201   730238.090
  2.112   730238.097
  2.318   730238.104
  2.354   730238.111
  2.223   730238.118
  2.230   730238.125
  2.191   730238.132
  2.330   730238.139
  2.474   730238.146
  2.093   730238.152
  2.065   730238.159
  2.595   730238.167
  2.245   730238.173
  2.159   730238.180
  1.840   730238.187
  1.780   730238.194
  1.889   730238.201
  1.896   730238.208
  1.873   730238.215
  1.847   730238.222
  1.802   730238.229
  2.030   730238.236
  1.907   730238.243
  0.815   730238.251
  2.027   730238.257
  2.049   730238.264
  2.358   730238.271
  1.783   730238.277
  1.797   730238.284
  1.807   730238.292
  1.740   730238.298
  1.656   730238.305
  1.777   730238.312
  2.278   730238.319
  2.433   730238.326
  1.981   730238.333
  2.991   730238.340
  3.209   730238.347
  2.852   730238.354
  2.577   730238.361
  2.483   730238.368
  2.623   730238.375
  2.438   730238.382
  2.217   730238.389
  2.288   730238.396
  2.529   730238.402
  2.401   730238.409
  2.648   730238.417
  2.598   730238.423
  2.068   730238.430
  2.321   730238.437
  2.124   730238.444
  1.801   730238.451
  1.708   730238.458
  1.950   730238.465
  1.900   730238.472
  8.457   730238.479
  1.605   730238.486
  1.893   730238.493
  1.701   730238.500
  1.742   730238.507
  1.695   730238.514
  1.633   730238.520
  1.608   730238.527
  1.503   730238.534
  1.512   730238.542
  1.467   730238.548
  1.694   730238.555
  1.447   730238.562
  1.183   730238.569
  1.365   730238.576
  1.301   730238.583
  1.351   730238.590
  1.200   730238.597
  1.162   730238.604
  1.062   730238.611
  1.250   730238.618
  1.087   730238.625
  1.081   730238.632
  0.924   730238.639
  0.928   730238.645
  0.979   730238.652
  1.002   730238.659
  0.917   730238.667
  0.890   730238.673
  0.924   730238.680
  0.848   730238.687
  0.887   730238.694
  0.993   730238.701
  0.762   730238.708
  0.764   730238.715
  0.952   730238.722
  0.848   730238.729
  0.707   730238.736
  0.682   730238.743
  0.801   730238.750
  0.654   730238.756
  0.738   730238.764
  0.797   730238.771
  0.754   730238.777
  0.850   730238.784
  0.738   730238.792
  0.798   730238.798
  0.880   730238.805
  0.891   730238.812
  0.737   730238.819
  0.929   730238.826
  0.949   730238.833
  0.905   730238.840
  0.947   730238.847
  0.980   730238.854
  0.993   730238.861
  1.016   730238.868
  1.016   730238.875
  1.086   730238.882
  1.019   730238.889
  0.943   730238.896
  1.089   730238.902
  1.146   730238.909
  1.002   730238.917
  0.959   730238.923
 16.805   730238.930
  1.174   730238.937
  1.177   730238.944
  1.169   730238.951
  1.114   730238.958
  1.040   730238.965
  0.958   730238.972
 12.991   730238.979
  1.052   730238.986
  1.022   730238.993
