  1.090   730029.000
  1.060   730029.000
  0.980   730029.010
  0.960   730029.020
  0.990   730029.020
  0.950   730029.030
  0.960   730029.040
  1.040   730029.050
  1.010   730029.050
  1.000   730029.060
  0.990   730029.070
  0.810   730029.070
  0.820   730029.080
  0.850   730029.090
  0.860   730029.090
  0.910   730029.100
  0.870   730029.110
  0.890   730029.110
  0.930   730029.120
  0.900   730029.130
  0.910   730029.140
  0.870   730029.140
  0.860   730029.150
  0.890   730029.160
  0.880   730029.160
  0.790   730029.170
  0.910   730029.180
  0.970   730029.180
  0.860   730029.190
  0.850   730029.200
  0.840   730029.200
  0.900   730029.210
  0.850   730029.220
  0.840   730029.230
  0.830   730029.230
  0.800   730029.240
  0.850   730029.250
  0.830   730029.250
  0.870   730029.260
  0.850   730029.270
  0.830   730029.270
  0.780   730029.280
  0.770   730029.290
  0.720   730029.300
  0.820   730029.300
  0.800   730029.310
  0.730   730029.330
  0.730   730029.340
  0.860   730029.340
  0.800   730029.350
  0.720   730029.360
  0.790   730029.360
  0.770   730029.370
  0.830   730029.380
  0.790   730029.390
  0.840   730029.390
  0.840   730029.400
  0.740   730029.410
  0.750   730029.410
  0.660   730029.420
  0.700   730029.430
  0.700   730029.430
  0.690   730029.440
  0.660   730029.450
  0.680   730029.450
  0.720   730029.460
  0.680   730029.480
  0.650   730029.480
  1.360   730029.490
  1.250   730029.500
  0.650   730029.500
  0.660   730029.510
  0.690   730029.520
  0.590   730029.520
  0.680   730029.530
  0.670   730029.540
  0.680   730029.550
  0.620   730029.550
  0.700   730029.560
  0.740   730029.570
  0.600   730029.570
  0.690   730029.580
  0.710   730029.590
  0.590   730029.590
  0.640   730029.600
  0.660   730029.610
  0.670   730029.610
  0.710   730029.620
  0.690   730029.630
  0.720   730029.640
  0.700   730029.640
  0.760   730029.650
  0.690   730029.660
  0.660   730029.660
  0.670   730029.670
  0.700   730029.680
  0.670   730029.680
  0.660   730029.690
  0.720   730029.700
  0.640   730029.700
  0.610   730029.710
  0.670   730029.720
  0.620   730029.730
  0.630   730029.730
  0.660   730029.740
  0.730   730029.750
  0.650   730029.750
  0.650   730029.760
  0.680   730029.770
  0.740   730029.770
  0.630   730029.780
  0.720   730029.790
  0.640   730029.800
  0.650   730029.800
  0.660   730029.820
  0.740   730029.820
  0.660   730029.830
  0.670   730029.840
  0.700   730029.840
  0.630   730029.850
  0.670   730029.860
  0.800   730029.860
  0.710   730029.870
  0.690   730029.880
  0.740   730029.890
  0.720   730029.890
  0.750   730029.900
  0.760   730029.910
  0.740   730029.910
  0.770   730029.920
  0.720   730029.930
  0.770   730029.930
  0.690   730029.940
  0.680   730029.950
  0.650   730029.950
  0.710   730029.960
  0.710   730029.970
  0.670   730029.980
  0.690   730029.980
  0.670   730029.990
