  0.741   730167.008
  0.760   730167.015
  0.756   730167.022
  0.706   730167.028
  0.739   730167.035
  0.834   730167.042
  0.827   730167.049
  0.811   730167.056
  0.954   730167.063
  0.792   730167.070
    NaN   730167.077
  0.865   730167.084
  0.819   730167.091
  0.859   730167.098
  0.775   730167.105
  0.758   730167.112
  0.764   730167.119
  0.755   730167.126
  0.639   730167.133
  0.783   730167.140
  0.756   730167.147
  0.715   730167.153
  0.778   730167.160
  0.692   730167.167
  0.700   730167.174
  0.758   730167.181
  0.742   730167.188
  0.705   730167.195
  0.719   730167.202
  0.750   730167.209
  0.694   730167.216
  0.668   730167.223
  0.647   730167.230
  0.568   730167.237
  0.746   730167.244
  0.610   730167.251
  0.599   730167.258
  0.631   730167.265
  0.586   730167.272
  0.667   730167.278
  0.604   730167.285
  0.662   730167.292
  0.673   730167.299
  0.637   730167.306
  0.603   730167.313
  0.590   730167.320
  0.530   730167.327
  0.615   730167.334
  0.571   730167.341
  0.570   730167.348
  0.693   730167.355
  0.556   730167.362
  0.681   730167.369
  0.629   730167.376
  0.672   730167.383
  0.716   730167.390
  0.613   730167.397
  0.676   730167.403
  0.637   730167.410
  0.619   730167.417
  0.649   730167.424
  0.786   730167.431
  0.643   730167.438
  0.591   730167.445
  0.698   730167.453
  0.671   730167.459
  0.634   730167.466
  0.707   730167.473
  0.712   730167.480
  0.700   730167.487
  0.800   730167.494
  0.686   730167.501
  0.740   730167.508
  0.697   730167.515
  0.782   730167.522
  0.743   730167.528
  0.641   730167.535
  0.714   730167.542
  0.683   730167.549
  0.799   730167.556
  0.662   730167.563
  0.769   730167.570
    NaN   730167.577
  0.742   730167.584
  0.730   730167.591
  0.768   730167.598
  0.812   730167.605
  0.781   730167.612
  0.717   730167.619
  0.899   730167.626
  0.906   730167.633
  0.762   730167.640
  0.862   730167.647
  0.735   730167.653
  0.727   730167.660
  0.716   730167.667
  0.804   730167.674
  0.817   730167.681
  0.773   730167.688
  0.719   730167.695
  0.728   730167.702
  0.745   730167.709
  0.719   730167.716
  0.648   730167.723
  0.645   730167.730
  0.747   730167.737
  0.766   730167.744
  0.713   730167.751
  0.734   730167.758
  0.674   730167.765
  0.603   730167.772
  0.643   730167.778
  0.632   730167.785
  1.843   730167.792
  0.676   730167.799
  0.549   730167.806
  0.669   730167.813
  0.662   730167.820
  0.687   730167.827
  0.671   730167.834
  0.603   730167.841
  0.660   730167.848
  0.578   730167.855
  0.564   730167.862
  0.679   730167.869
  0.640   730167.876
  0.609   730167.883
  0.635   730167.890
  0.649   730167.897
  0.600   730167.903
  0.629   730167.910
  0.729   730167.917
  0.562   730167.924
  0.634   730167.931
  0.593   730167.938
  0.639   730167.945
  0.570   730167.952
  0.680   730167.959
  0.572   730167.966
  0.582   730167.973
  0.620   730167.980
  0.646   730167.987
  0.599   730167.994
