  0.870   729881.000
  0.920   729881.000
  0.820   729881.010
  0.780   729881.020
  0.950   729881.020
  0.880   729881.030
  0.890   729881.040
  0.810   729881.050
  0.890   729881.050
  0.940   729881.060
  0.850   729881.070
  0.850   729881.070
  0.940   729881.080
  1.030   729881.090
  0.930   729881.090
  0.960   729881.100
  1.000   729881.110
  1.000   729881.110
  0.870   729881.120
  1.010   729881.130
  1.030   729881.140
  0.880   729881.140
  0.900   729881.150
  0.860   729881.160
  0.940   729881.160
  1.020   729881.170
  0.960   729881.180
  0.930   729881.180
  1.010   729881.190
  0.830   729881.200
  0.890   729881.200
  0.830   729881.210
  0.960   729881.220
  0.970   729881.230
  0.920   729881.230
  0.960   729881.240
  0.920   729881.250
  0.940   729881.250
  0.970   729881.260
  0.940   729881.270
  0.900   729881.270
  0.950   729881.280
  0.940   729881.290
  0.900   729881.300
  0.940   729881.300
  0.900   729881.310
  0.860   729881.320
  0.900   729881.320
  0.900   729881.330
  0.880   729881.340
  1.140   729881.340
  0.940   729881.350
  0.870   729881.360
  0.850   729881.360
  0.920   729881.370
  0.910   729881.380
  0.910   729881.390
  1.000   729881.390
  0.870   729881.400
  0.840   729881.410
    NaN   729881.410
  0.940   729881.420
  0.940   729881.430
  0.930   729881.430
  0.880   729881.440
  0.900   729881.450
  0.810   729881.450
  0.910   729881.460
  0.980   729881.470
  1.020   729881.480
  1.900   729881.480
  1.070   729881.490
  0.930   729881.500
  0.950   729881.500
  0.940   729881.510
  1.010   729881.520
  1.060   729881.520
  0.950   729881.530
  0.970   729881.540
  1.070   729881.550
  1.040   729881.550
  0.910   729881.560
  0.900   729881.570
  1.100   729881.570
  1.010   729881.580
  1.030   729881.590
  1.040   729881.590
  1.800   729881.600
  1.110   729881.610
  1.050   729881.610
  1.010   729881.620
  1.130   729881.630
  1.140   729881.640
  1.160   729881.640
  1.300   729881.650
  1.230   729881.660
  1.180   729881.660
  1.070   729881.670
  1.050   729881.680
  1.170   729881.680
  1.270   729881.690
  1.160   729881.700
  1.280   729881.700
  1.160   729881.710
  1.190   729881.720
  1.090   729881.720
  1.300   729881.730
  1.320   729881.740
  1.310   729881.750
  1.290   729881.750
  1.460   729881.760
  1.430   729881.770
  1.350   729881.770
  1.490   729881.780
  1.540   729881.790
  1.550   729881.800
  1.820   729881.800
  1.760   729881.810
  1.780   729881.820
  2.410   729881.820
  1.900   729881.830
  1.590   729881.840
  1.530   729881.840
  1.650   729881.850
  1.470   729881.860
  1.590   729881.860
  1.640   729881.870
  1.580   729881.880
  2.220   729881.890
  1.490   729881.890
  1.600   729881.900
  1.490   729881.910
    NaN   729881.910
  1.480   729881.920
  1.620   729881.930
  1.590   729881.930
  1.440   729881.940
  1.540   729881.950
  1.420   729881.950
  1.220   729881.960
  1.380   729881.970
  1.270   729881.980
  1.220   729881.980
  1.510   729881.990
