  0.840   729881.000
  0.880   729881.010
  0.820   729881.010
  0.810   729881.020
  0.910   729881.030
  0.810   729881.040
  0.810   729881.040
  0.790   729881.050
  0.820   729881.060
  0.860   729881.060
  0.910   729881.070
  0.840   729881.080
  0.830   729881.080
  0.850   729881.090
  0.930   729881.100
  0.840   729881.100
  0.270   729881.100
  0.940   729881.120
  0.870   729881.130
  0.830   729881.130
  0.820   729881.140
  0.940   729881.150
  0.910   729881.150
  0.820   729881.160
  0.920   729881.170
  0.860   729881.170
  0.890   729881.180
  0.840   729881.190
  0.800   729881.200
  0.840   729881.200
  0.880   729881.210
  0.880   729881.220
  0.830   729881.220
  0.790   729881.230
  0.890   729881.240
  0.900   729881.240
  0.840   729881.250
  0.740   729881.260
  0.790   729881.260
  0.810   729881.270
  0.820   729881.280
  0.820   729881.290
  0.870   729881.290
  0.790   729881.300
  0.750   729881.310
  0.900   729881.310
  0.830   729881.320
  0.940   729881.330
  0.850   729881.330
  1.010   729881.340
  0.940   729881.350
  0.950   729881.350
  0.940   729881.360
  0.990   729881.370
  0.950   729881.380
  1.050   729881.380
  0.930   729881.390
  0.930   729881.400
  0.990   729881.400
  1.020   729881.410
  1.020   729881.420
  0.960   729881.420
  0.970   729881.430
  0.990   729881.440
  0.840   729881.440
  0.930   729881.450
  0.960   729881.460
  0.850   729881.470
  0.830   729881.470
  0.880   729881.480
  0.940   729881.490
  0.930   729881.490
  0.940   729881.500
  0.860   729881.510
  0.950   729881.510
  0.930   729881.520
  0.840   729881.530
  0.880   729881.540
  0.910   729881.540
  0.850   729881.550
  0.850   729881.560
  0.930   729881.560
  0.920   729881.570
  0.860   729881.580
  0.870   729881.580
  0.910   729881.590
  0.900   729881.600
  0.850   729881.600
  0.890   729881.610
  0.870   729881.620
  0.930   729881.620
  0.910   729881.630
  0.870   729881.640
  0.900   729881.650
  0.860   729881.650
  0.890   729881.660
  0.850   729881.670
  0.960   729881.670
  0.920   729881.680
  0.910   729881.690
  0.940   729881.690
  0.890   729881.700
  0.890   729881.710
  0.900   729881.720
  0.890   729881.720
  0.910   729881.730
  0.830   729881.740
  0.890   729881.740
  0.830   729881.750
  0.910   729881.760
  0.920   729881.760
  0.890   729881.770
  0.870   729881.780
  0.800   729881.780
  0.830   729881.790
  0.880   729881.800
  0.820   729881.810
  0.850   729881.810
  0.850   729881.820
  0.890   729881.830
  0.860   729881.830
  0.760   729881.840
    NaN   729881.850
    NaN   729881.850
  0.890   729881.860
  0.880   729881.870
  0.880   729881.880
  0.940   729881.880
  0.900   729881.890
  0.820   729881.900
  0.890   729881.900
  0.900   729881.910
  0.860   729881.920
  0.900   729881.920
  0.910   729881.930
  0.890   729881.940
  1.000   729881.940
  0.900   729881.950
  0.920   729881.960
  0.900   729881.970
  0.800   729881.970
  0.810   729881.980
  0.660   729881.990
  0.690   729881.990
