  0.258   730059.003
  0.266   730059.010
  0.260   730059.017
  0.273   730059.024
  0.284   730059.031
  0.257   730059.039
  0.279   730059.045
  0.280   730059.052
  0.281   730059.059
  0.279   730059.066
  0.268   730059.073
  0.259   730059.087
  0.243   730059.094
  0.237   730059.101
  0.231   730059.108
  0.239   730059.115
  0.229   730059.122
  0.222   730059.128
  0.223   730059.135
  0.211   730059.142
  0.213   730059.149
  0.188   730059.156
  0.183   730059.163
  0.203   730059.170
  0.179   730059.177
  0.179   730059.184
  0.175   730059.191
  0.174   730059.198
  0.212   730059.205
  0.162   730059.212
  0.155   730059.219
  0.143   730059.226
  0.157   730059.233
  0.143   730059.240
  0.135   730059.247
  0.144   730059.253
  0.142   730059.260
  0.132   730059.267
  0.135   730059.274
  0.143   730059.281
  0.135   730059.288
  0.142   730059.295
  0.131   730059.302
  0.128   730059.309
  0.120   730059.316
  0.131   730059.323
  0.131   730059.330
  0.128   730059.337
  0.131   730059.344
  0.129   730059.351
  0.130   730059.358
  0.123   730059.365
  0.117   730059.372
  0.128   730059.378
  0.117   730059.385
  0.120   730059.392
  0.114   730059.399
  0.117   730059.406
  0.127   730059.413
  0.116   730059.420
  0.115   730059.427
  0.123   730059.434
  0.117   730059.441
  0.134   730059.449
  0.686   730059.455
  0.875   730059.462
  0.519   730059.469
  0.108   730059.476
  0.106   730059.483
  0.094   730059.490
  0.101   730059.497
  0.103   730059.503
  0.110   730059.510
  0.106   730059.517
  0.108   730059.524
  0.102   730059.531
  0.100   730059.538
  0.106   730059.545
  0.109   730059.552
  0.103   730059.559
  0.094   730059.566
  0.100   730059.573
  0.106   730059.580
  0.111   730059.587
  0.107   730059.594
  0.112   730059.601
  0.156   730059.608
  0.128   730059.615
  0.132   730059.622
  0.155   730059.628
  0.142   730059.649
  0.135   730059.656
  0.134   730059.663
  0.148   730059.670
  0.155   730059.677
  0.142   730059.684
  0.139   730059.691
  0.150   730059.698
  0.148   730059.705
  0.137   730059.712
  0.165   730059.719
  0.177   730059.726
  0.165   730059.733
  0.156   730059.740
  0.153   730059.747
  0.152   730059.753
  0.164   730059.760
  0.162   730059.767
  0.139   730059.774
  0.149   730059.781
  0.154   730059.788
  0.159   730059.795
  0.153   730059.802
  0.148   730059.809
  0.149   730059.816
  0.153   730059.823
  0.151   730059.830
  0.170   730059.837
  0.168   730059.844
  0.164   730059.851
  0.147   730059.858
  0.157   730059.865
  0.156   730059.872
  0.149   730059.878
  0.148   730059.885
  0.153   730059.892
  0.164   730059.899
  0.160   730059.906
  0.159   730059.913
  0.156   730059.920
  0.158   730059.927
  0.169   730059.934
  0.171   730059.941
  0.171   730059.948
  0.153   730059.955
  0.195   730059.962
  0.173   730059.969
  0.179   730059.976
  0.183   730059.983
  0.182   730059.990
  0.207   730059.997
