  0.037   730059.003
  0.037   730059.010
  0.034   730059.017
  0.037   730059.024
  0.039   730059.031
  0.035   730059.038
  0.035   730059.045
  0.037   730059.052
  0.036   730059.059
  0.036   730059.065
  0.035   730059.073
  0.039   730059.087
  0.037   730059.094
  0.034   730059.101
  0.037   730059.108
  0.039   730059.115
  0.033   730059.122
  0.036   730059.128
  0.037   730059.135
  0.037   730059.142
  0.035   730059.149
  0.031   730059.156
  0.034   730059.163
  0.037   730059.170
  0.035   730059.177
  0.037   730059.184
  0.032   730059.191
  0.031   730059.197
  0.034   730059.205
  0.029   730059.212
  0.032   730059.219
  0.030   730059.226
  0.030   730059.233
  0.030   730059.240
  0.026   730059.247
  0.028   730059.253
  0.027   730059.260
  0.026   730059.267
  0.027   730059.274
  0.024   730059.281
  0.024   730059.288
  0.027   730059.295
  0.024   730059.302
  0.027   730059.309
  0.025   730059.316
  0.024   730059.323
  0.024   730059.330
  0.022   730059.337
  0.022   730059.344
  0.023   730059.351
  0.023   730059.358
  0.024   730059.365
  0.022   730059.371
  0.021   730059.378
  0.020   730059.385
  0.049   730059.392
  0.024   730059.399
  0.023   730059.406
  0.021   730059.413
  0.020   730059.420
  0.023   730059.427
  0.021   730059.434
  0.021   730059.441
  0.027   730059.448
  0.262   730059.455
  0.418   730059.462
  0.482   730059.469
  0.022   730059.476
  0.023   730059.483
  0.021   730059.490
  0.023   730059.497
  0.021   730059.503
  0.022   730059.510
  0.019   730059.517
  0.021   730059.524
  0.031   730059.531
  0.023   730059.538
  0.022   730059.545
  0.022   730059.552
  0.021   730059.559
  0.020   730059.566
  0.020   730059.572
  0.041   730059.580
  0.061   730059.587
  0.023   730059.593
  0.022   730059.601
  0.023   730059.607
  0.021   730059.615
  0.022   730059.622
  0.022   730059.628
  0.034   730059.635
  0.042   730059.642
  0.021   730059.649
  0.022   730059.656
  0.021   730059.663
  0.022   730059.670
  0.062   730059.677
  0.023   730059.684
  0.024   730059.691
  0.025   730059.698
  0.025   730059.705
  0.025   730059.712
  0.028   730059.719
  0.028   730059.726
  0.027   730059.733
  0.025   730059.740
  0.030   730059.747
  0.032   730059.753
  0.037   730059.760
  0.055   730059.767
  1.905   730059.774
  1.151   730059.781
  1.786   730059.788
  0.035   730059.795
  0.037   730059.802
  0.037   730059.809
  0.036   730059.816
  0.036   730059.823
  1.263   730059.830
  1.353   730059.837
  0.934   730059.844
  0.049   730059.851
  0.359   730059.858
  2.417   730059.865
  2.372   730059.872
  1.373   730059.878
  0.035   730059.885
  0.433   730059.892
  0.032   730059.899
  0.037   730059.906
  0.039   730059.913
  0.032   730059.920
  0.034   730059.927
  0.034   730059.934
  0.033   730059.941
  0.031   730059.948
  0.030   730059.954
  0.029   730059.962
  0.465   730059.968
  0.502   730059.975
  0.028   730059.983
  0.027   730059.990
  0.030   730059.997
