  1.536   730059.004
  0.000   730059.011
  0.000   730059.018
  0.000   730059.025
  0.000   730059.032
  0.000   730059.040
  0.000   730059.046
  0.000   730059.053
  0.000   730059.060
  0.000   730059.067
  0.000   730059.074
  0.000   730059.088
  0.000   730059.094
  0.000   730059.101
  0.000   730059.108
  0.000   730059.115
  0.000   730059.122
  0.000   730059.129
  0.000   730059.136
  0.000   730059.143
  0.000   730059.150
  0.000   730059.157
  0.000   730059.164
  0.000   730059.171
  0.000   730059.178
  0.000   730059.185
  0.000   730059.192
  0.000   730059.199
  0.000   730059.206
  0.000   730059.213
  0.000   730059.219
  0.000   730059.226
  0.000   730059.233
  0.000   730059.240
  0.000   730059.247
  0.000   730059.254
  0.000   730059.261
  0.000   730059.268
  0.000   730059.275
  0.000   730059.282
  0.000   730059.289
  0.000   730059.296
  0.000   730059.303
  0.000   730059.310
  0.000   730059.317
  0.000   730059.324
  0.000   730059.331
  0.000   730059.338
  0.000   730059.344
  0.000   730059.351
  0.000   730059.358
  0.000   730059.365
  0.000   730059.372
  0.000   730059.379
  0.000   730059.386
  0.000   730059.393
  0.000   730059.400
  0.000   730059.407
  0.000   730059.414
  0.000   730059.421
  0.000   730059.428
  0.000   730059.435
  0.000   730059.442
  0.000   730059.449
  0.000   730059.456
  0.000   730059.463
  0.000   730059.469
  0.000   730059.476
  0.000   730059.483
  0.000   730059.490
  0.000   730059.497
  0.000   730059.504
  0.000   730059.511
  0.000   730059.518
  0.000   730059.525
  0.000   730059.532
  0.000   730059.539
  0.000   730059.546
  0.000   730059.553
  0.000   730059.560
  0.000   730059.567
  0.000   730059.574
  0.000   730059.581
  0.000   730059.588
  0.000   730059.594
  0.000   730059.601
  0.000   730059.608
  0.000   730059.615
  0.000   730059.622
  0.000   730059.629
  0.000   730059.635
  0.000   730059.642
  0.000   730059.650
  0.000   730059.657
  0.000   730059.664
  0.000   730059.671
  0.000   730059.678
  0.000   730059.685
  0.000   730059.692
  0.000   730059.699
  0.000   730059.706
  0.000   730059.713
  0.000   730059.719
  0.000   730059.726
  0.000   730059.733
  0.000   730059.740
  0.000   730059.747
  0.000   730059.754
  0.000   730059.761
  0.000   730059.768
  0.000   730059.775
  0.000   730059.782
  0.000   730059.789
  0.000   730059.796
  0.000   730059.803
  0.000   730059.810
  0.000   730059.817
  0.000   730059.824
  0.000   730059.831
  0.000   730059.838
  0.000   730059.844
  0.000   730059.851
  0.000   730059.858
  0.000   730059.865
  0.000   730059.872
  0.000   730059.879
  0.000   730059.886
  0.000   730059.893
  0.000   730059.900
  1.135   730059.907
  0.365   730059.914
  0.330   730059.921
  0.335   730059.928
  1.341   730059.935
  0.000   730059.942
  0.000   730059.949
  0.000   730059.956
  0.000   730059.963
  0.000   730059.969
  0.000   730059.976
  1.133   730059.983
  0.522   730059.990
  0.396   730059.997
